[2021-06-30 14:01:07,378] {taskinstance.py:876} INFO - Dependencies all met for <TaskInstance: example_bash_operator.this_will_skip 2021-06-28T00:00:00+00:00 [queued]>
[2021-06-30 14:01:07,432] {taskinstance.py:876} INFO - Dependencies all met for <TaskInstance: example_bash_operator.this_will_skip 2021-06-28T00:00:00+00:00 [queued]>
[2021-06-30 14:01:07,432] {taskinstance.py:1067} INFO - 
--------------------------------------------------------------------------------
[2021-06-30 14:01:07,432] {taskinstance.py:1068} INFO - Starting attempt 1 of 1
[2021-06-30 14:01:07,437] {taskinstance.py:1069} INFO - 
--------------------------------------------------------------------------------
[2021-06-30 14:01:07,487] {taskinstance.py:1087} INFO - Executing <Task(BashOperator): this_will_skip> on 2021-06-28T00:00:00+00:00
[2021-06-30 14:01:07,517] {standard_task_runner.py:52} INFO - Started process 1364 to run task
[2021-06-30 14:01:07,529] {standard_task_runner.py:76} INFO - Running: ['***', 'tasks', 'run', 'example_bash_operator', 'this_will_skip', '2021-06-28T00:00:00+00:00', '--job-id', '11', '--pool', 'default_pool', '--raw', '--subdir', '/home/***/.local/lib/python3.6/site-packages/***/example_dags/example_bash_operator.py', '--cfg-path', '/tmp/tmpx9sjdn32', '--error-file', '/tmp/tmpzbinsps5']
[2021-06-30 14:01:07,568] {standard_task_runner.py:77} INFO - Job 11: Subtask this_will_skip
[2021-06-30 14:01:07,709] {logging_mixin.py:104} INFO - Running <TaskInstance: example_bash_operator.this_will_skip 2021-06-28T00:00:00+00:00 [running]> on host fe3a94e29d4f
[2021-06-30 14:01:07,936] {taskinstance.py:1282} INFO - Exporting the following env vars:
AIRFLOW_CTX_DAG_OWNER=***
AIRFLOW_CTX_DAG_ID=example_bash_operator
AIRFLOW_CTX_TASK_ID=this_will_skip
AIRFLOW_CTX_EXECUTION_DATE=2021-06-28T00:00:00+00:00
AIRFLOW_CTX_DAG_RUN_ID=scheduled__2021-06-28T00:00:00+00:00
[2021-06-30 14:01:07,937] {subprocess.py:52} INFO - Tmp dir root location: 
 /tmp
[2021-06-30 14:01:07,938] {subprocess.py:63} INFO - Running command: ['bash', '-c', 'echo "hello world"; exit 99;']
[2021-06-30 14:01:07,953] {subprocess.py:75} INFO - Output:
[2021-06-30 14:01:07,956] {subprocess.py:79} INFO - hello world
[2021-06-30 14:01:07,957] {subprocess.py:83} INFO - Command exited with return code 99
[2021-06-30 14:01:07,958] {taskinstance.py:1147} INFO - Bash command returned exit code 99. Skipping.
[2021-06-30 14:01:07,980] {taskinstance.py:1157} INFO - Marking task as SKIPPED. dag_id=example_bash_operator, task_id=this_will_skip, execution_date=20210628T000000, start_date=20210630T140107, end_date=
[2021-06-30 14:01:07,981] {taskinstance.py:1191} INFO - Marking task as SUCCESS. dag_id=example_bash_operator, task_id=this_will_skip, execution_date=20210628T000000, start_date=20210630T140107, end_date=20210630T140107
[2021-06-30 14:01:08,088] {taskinstance.py:1245} INFO - 0 downstream tasks scheduled from follow-on schedule check
[2021-06-30 14:01:08,149] {local_task_job.py:151} INFO - Task exited with return code 0
