[2021-06-30 14:01:07,090] {taskinstance.py:876} INFO - Dependencies all met for <TaskInstance: example_bash_operator.also_run_this 2021-06-28T00:00:00+00:00 [queued]>
[2021-06-30 14:01:07,115] {taskinstance.py:876} INFO - Dependencies all met for <TaskInstance: example_bash_operator.also_run_this 2021-06-28T00:00:00+00:00 [queued]>
[2021-06-30 14:01:07,115] {taskinstance.py:1067} INFO - 
--------------------------------------------------------------------------------
[2021-06-30 14:01:07,116] {taskinstance.py:1068} INFO - Starting attempt 1 of 1
[2021-06-30 14:01:07,122] {taskinstance.py:1069} INFO - 
--------------------------------------------------------------------------------
[2021-06-30 14:01:07,157] {taskinstance.py:1087} INFO - Executing <Task(BashOperator): also_run_this> on 2021-06-28T00:00:00+00:00
[2021-06-30 14:01:07,201] {standard_task_runner.py:52} INFO - Started process 1354 to run task
[2021-06-30 14:01:07,206] {standard_task_runner.py:76} INFO - Running: ['***', 'tasks', 'run', 'example_bash_operator', 'also_run_this', '2021-06-28T00:00:00+00:00', '--job-id', '7', '--pool', 'default_pool', '--raw', '--subdir', '/home/***/.local/lib/python3.6/site-packages/***/example_dags/example_bash_operator.py', '--cfg-path', '/tmp/tmp4w0co6dh', '--error-file', '/tmp/tmpq6rqs503']
[2021-06-30 14:01:07,207] {standard_task_runner.py:77} INFO - Job 7: Subtask also_run_this
[2021-06-30 14:01:07,337] {logging_mixin.py:104} INFO - Running <TaskInstance: example_bash_operator.also_run_this 2021-06-28T00:00:00+00:00 [running]> on host fe3a94e29d4f
[2021-06-30 14:01:07,523] {taskinstance.py:1282} INFO - Exporting the following env vars:
AIRFLOW_CTX_DAG_OWNER=***
AIRFLOW_CTX_DAG_ID=example_bash_operator
AIRFLOW_CTX_TASK_ID=also_run_this
AIRFLOW_CTX_EXECUTION_DATE=2021-06-28T00:00:00+00:00
AIRFLOW_CTX_DAG_RUN_ID=scheduled__2021-06-28T00:00:00+00:00
[2021-06-30 14:01:07,525] {subprocess.py:52} INFO - Tmp dir root location: 
 /tmp
[2021-06-30 14:01:07,526] {subprocess.py:63} INFO - Running command: ['bash', '-c', 'echo "run_id=scheduled__2021-06-28T00:00:00+00:00 | dag_run=<DagRun example_bash_operator @ 2021-06-28 00:00:00+00:00: scheduled__2021-06-28T00:00:00+00:00, externally triggered: False>"']
[2021-06-30 14:01:07,540] {subprocess.py:75} INFO - Output:
[2021-06-30 14:01:07,552] {subprocess.py:79} INFO - run_id=scheduled__2021-06-28T00:00:00+00:00 | dag_run=<DagRun example_bash_operator @ 2021-06-28 00:00:00+00:00: scheduled__2021-06-28T00:00:00+00:00, externally triggered: False>
[2021-06-30 14:01:07,553] {subprocess.py:83} INFO - Command exited with return code 0
[2021-06-30 14:01:07,634] {taskinstance.py:1191} INFO - Marking task as SUCCESS. dag_id=example_bash_operator, task_id=also_run_this, execution_date=20210628T000000, start_date=20210630T140107, end_date=20210630T140107
[2021-06-30 14:01:07,700] {taskinstance.py:1245} INFO - 0 downstream tasks scheduled from follow-on schedule check
[2021-06-30 14:01:07,713] {local_task_job.py:151} INFO - Task exited with return code 0
