[2023-08-23 21:11:12,538] {scheduler_job.py:181} INFO - Started process (PID=74) to work on /home/airflow/.local/lib/python3.6/site-packages/airflow/example_dags/example_short_circuit_operator.py
[2023-08-23 21:11:12,539] {scheduler_job.py:632} INFO - Processing file /home/airflow/.local/lib/python3.6/site-packages/airflow/example_dags/example_short_circuit_operator.py for tasks to queue
[2023-08-23 21:11:12,539] {logging_mixin.py:104} INFO - [2023-08-23 21:11:12,539] {dagbag.py:496} INFO - Filling up the DagBag from /home/airflow/.local/lib/python3.6/site-packages/airflow/example_dags/example_short_circuit_operator.py
[2023-08-23 21:11:12,565] {scheduler_job.py:642} INFO - DAG(s) dict_keys(['example_short_circuit_operator']) retrieved from /home/airflow/.local/lib/python3.6/site-packages/airflow/example_dags/example_short_circuit_operator.py
[2023-08-23 21:11:12,895] {logging_mixin.py:104} INFO - [2023-08-23 21:11:12,895] {dag.py:1833} INFO - Sync 1 DAGs
[2023-08-23 21:11:12,909] {logging_mixin.py:104} INFO - [2023-08-23 21:11:12,909] {dag.py:2306} INFO - Setting next_dagrun for example_short_circuit_operator to 2023-08-21 00:00:00+00:00
[2023-08-23 21:11:12,921] {scheduler_job.py:189} INFO - Processing /home/airflow/.local/lib/python3.6/site-packages/airflow/example_dags/example_short_circuit_operator.py took 0.399 seconds
[2023-08-23 21:11:43,024] {scheduler_job.py:181} INFO - Started process (PID=127) to work on /home/airflow/.local/lib/python3.6/site-packages/airflow/example_dags/example_short_circuit_operator.py
[2023-08-23 21:11:43,025] {scheduler_job.py:632} INFO - Processing file /home/airflow/.local/lib/python3.6/site-packages/airflow/example_dags/example_short_circuit_operator.py for tasks to queue
[2023-08-23 21:11:43,026] {logging_mixin.py:104} INFO - [2023-08-23 21:11:43,026] {dagbag.py:496} INFO - Filling up the DagBag from /home/airflow/.local/lib/python3.6/site-packages/airflow/example_dags/example_short_circuit_operator.py
[2023-08-23 21:11:43,051] {scheduler_job.py:642} INFO - DAG(s) dict_keys(['example_short_circuit_operator']) retrieved from /home/airflow/.local/lib/python3.6/site-packages/airflow/example_dags/example_short_circuit_operator.py
[2023-08-23 21:11:43,073] {logging_mixin.py:104} INFO - [2023-08-23 21:11:43,073] {dag.py:1833} INFO - Sync 1 DAGs
[2023-08-23 21:11:43,110] {logging_mixin.py:104} INFO - [2023-08-23 21:11:43,109] {dag.py:2306} INFO - Setting next_dagrun for example_short_circuit_operator to 2023-08-21 00:00:00+00:00
[2023-08-23 21:11:43,125] {scheduler_job.py:189} INFO - Processing /home/airflow/.local/lib/python3.6/site-packages/airflow/example_dags/example_short_circuit_operator.py took 0.104 seconds
[2023-08-23 21:12:13,147] {scheduler_job.py:181} INFO - Started process (PID=179) to work on /home/airflow/.local/lib/python3.6/site-packages/airflow/example_dags/example_short_circuit_operator.py
[2023-08-23 21:12:13,148] {scheduler_job.py:632} INFO - Processing file /home/airflow/.local/lib/python3.6/site-packages/airflow/example_dags/example_short_circuit_operator.py for tasks to queue
[2023-08-23 21:12:13,148] {logging_mixin.py:104} INFO - [2023-08-23 21:12:13,148] {dagbag.py:496} INFO - Filling up the DagBag from /home/airflow/.local/lib/python3.6/site-packages/airflow/example_dags/example_short_circuit_operator.py
[2023-08-23 21:12:13,156] {scheduler_job.py:642} INFO - DAG(s) dict_keys(['example_short_circuit_operator']) retrieved from /home/airflow/.local/lib/python3.6/site-packages/airflow/example_dags/example_short_circuit_operator.py
[2023-08-23 21:12:13,170] {logging_mixin.py:104} INFO - [2023-08-23 21:12:13,169] {dag.py:1833} INFO - Sync 1 DAGs
[2023-08-23 21:12:13,181] {logging_mixin.py:104} INFO - [2023-08-23 21:12:13,181] {dag.py:2306} INFO - Setting next_dagrun for example_short_circuit_operator to 2023-08-21 00:00:00+00:00
[2023-08-23 21:12:13,188] {scheduler_job.py:189} INFO - Processing /home/airflow/.local/lib/python3.6/site-packages/airflow/example_dags/example_short_circuit_operator.py took 0.042 seconds
[2023-08-23 21:12:43,356] {scheduler_job.py:181} INFO - Started process (PID=232) to work on /home/airflow/.local/lib/python3.6/site-packages/airflow/example_dags/example_short_circuit_operator.py
[2023-08-23 21:12:43,356] {scheduler_job.py:632} INFO - Processing file /home/airflow/.local/lib/python3.6/site-packages/airflow/example_dags/example_short_circuit_operator.py for tasks to queue
[2023-08-23 21:12:43,357] {logging_mixin.py:104} INFO - [2023-08-23 21:12:43,356] {dagbag.py:496} INFO - Filling up the DagBag from /home/airflow/.local/lib/python3.6/site-packages/airflow/example_dags/example_short_circuit_operator.py
[2023-08-23 21:12:43,363] {scheduler_job.py:642} INFO - DAG(s) dict_keys(['example_short_circuit_operator']) retrieved from /home/airflow/.local/lib/python3.6/site-packages/airflow/example_dags/example_short_circuit_operator.py
[2023-08-23 21:12:43,376] {logging_mixin.py:104} INFO - [2023-08-23 21:12:43,376] {dag.py:1833} INFO - Sync 1 DAGs
[2023-08-23 21:12:43,385] {logging_mixin.py:104} INFO - [2023-08-23 21:12:43,385] {dag.py:2306} INFO - Setting next_dagrun for example_short_circuit_operator to 2023-08-21 00:00:00+00:00
[2023-08-23 21:12:43,390] {scheduler_job.py:189} INFO - Processing /home/airflow/.local/lib/python3.6/site-packages/airflow/example_dags/example_short_circuit_operator.py took 0.036 seconds
