[2023-08-23 21:11:12,577] {scheduler_job.py:181} INFO - Started process (PID=75) to work on /home/airflow/.local/lib/python3.6/site-packages/airflow/example_dags/example_trigger_controller_dag.py
[2023-08-23 21:11:12,578] {scheduler_job.py:632} INFO - Processing file /home/airflow/.local/lib/python3.6/site-packages/airflow/example_dags/example_trigger_controller_dag.py for tasks to queue
[2023-08-23 21:11:12,578] {logging_mixin.py:104} INFO - [2023-08-23 21:11:12,578] {dagbag.py:496} INFO - Filling up the DagBag from /home/airflow/.local/lib/python3.6/site-packages/airflow/example_dags/example_trigger_controller_dag.py
[2023-08-23 21:11:12,609] {scheduler_job.py:642} INFO - DAG(s) dict_keys(['example_trigger_controller_dag']) retrieved from /home/airflow/.local/lib/python3.6/site-packages/airflow/example_dags/example_trigger_controller_dag.py
[2023-08-23 21:11:12,989] {logging_mixin.py:104} INFO - [2023-08-23 21:11:12,989] {dag.py:1833} INFO - Sync 1 DAGs
[2023-08-23 21:11:13,006] {logging_mixin.py:104} INFO - [2023-08-23 21:11:13,005] {dag.py:2306} INFO - Setting next_dagrun for example_trigger_controller_dag to 2023-08-21 00:00:00+00:00
[2023-08-23 21:11:13,031] {scheduler_job.py:189} INFO - Processing /home/airflow/.local/lib/python3.6/site-packages/airflow/example_dags/example_trigger_controller_dag.py took 0.457 seconds
[2023-08-23 21:11:43,068] {scheduler_job.py:181} INFO - Started process (PID=128) to work on /home/airflow/.local/lib/python3.6/site-packages/airflow/example_dags/example_trigger_controller_dag.py
[2023-08-23 21:11:43,069] {scheduler_job.py:632} INFO - Processing file /home/airflow/.local/lib/python3.6/site-packages/airflow/example_dags/example_trigger_controller_dag.py for tasks to queue
[2023-08-23 21:11:43,070] {logging_mixin.py:104} INFO - [2023-08-23 21:11:43,070] {dagbag.py:496} INFO - Filling up the DagBag from /home/airflow/.local/lib/python3.6/site-packages/airflow/example_dags/example_trigger_controller_dag.py
[2023-08-23 21:11:43,080] {scheduler_job.py:642} INFO - DAG(s) dict_keys(['example_trigger_controller_dag']) retrieved from /home/airflow/.local/lib/python3.6/site-packages/airflow/example_dags/example_trigger_controller_dag.py
[2023-08-23 21:11:43,109] {logging_mixin.py:104} INFO - [2023-08-23 21:11:43,109] {dag.py:1833} INFO - Sync 1 DAGs
[2023-08-23 21:11:43,125] {logging_mixin.py:104} INFO - [2023-08-23 21:11:43,125] {dag.py:2306} INFO - Setting next_dagrun for example_trigger_controller_dag to 2023-08-21 00:00:00+00:00
[2023-08-23 21:11:43,145] {scheduler_job.py:189} INFO - Processing /home/airflow/.local/lib/python3.6/site-packages/airflow/example_dags/example_trigger_controller_dag.py took 0.079 seconds
[2023-08-23 21:12:13,198] {scheduler_job.py:181} INFO - Started process (PID=180) to work on /home/airflow/.local/lib/python3.6/site-packages/airflow/example_dags/example_trigger_controller_dag.py
[2023-08-23 21:12:13,198] {scheduler_job.py:632} INFO - Processing file /home/airflow/.local/lib/python3.6/site-packages/airflow/example_dags/example_trigger_controller_dag.py for tasks to queue
[2023-08-23 21:12:13,199] {logging_mixin.py:104} INFO - [2023-08-23 21:12:13,199] {dagbag.py:496} INFO - Filling up the DagBag from /home/airflow/.local/lib/python3.6/site-packages/airflow/example_dags/example_trigger_controller_dag.py
[2023-08-23 21:12:13,205] {scheduler_job.py:642} INFO - DAG(s) dict_keys(['example_trigger_controller_dag']) retrieved from /home/airflow/.local/lib/python3.6/site-packages/airflow/example_dags/example_trigger_controller_dag.py
[2023-08-23 21:12:13,217] {logging_mixin.py:104} INFO - [2023-08-23 21:12:13,217] {dag.py:1833} INFO - Sync 1 DAGs
[2023-08-23 21:12:13,226] {logging_mixin.py:104} INFO - [2023-08-23 21:12:13,225] {dag.py:2306} INFO - Setting next_dagrun for example_trigger_controller_dag to 2023-08-21 00:00:00+00:00
[2023-08-23 21:12:13,231] {scheduler_job.py:189} INFO - Processing /home/airflow/.local/lib/python3.6/site-packages/airflow/example_dags/example_trigger_controller_dag.py took 0.035 seconds
[2023-08-23 21:12:43,416] {scheduler_job.py:181} INFO - Started process (PID=233) to work on /home/airflow/.local/lib/python3.6/site-packages/airflow/example_dags/example_trigger_controller_dag.py
[2023-08-23 21:12:43,417] {scheduler_job.py:632} INFO - Processing file /home/airflow/.local/lib/python3.6/site-packages/airflow/example_dags/example_trigger_controller_dag.py for tasks to queue
[2023-08-23 21:12:43,417] {logging_mixin.py:104} INFO - [2023-08-23 21:12:43,417] {dagbag.py:496} INFO - Filling up the DagBag from /home/airflow/.local/lib/python3.6/site-packages/airflow/example_dags/example_trigger_controller_dag.py
[2023-08-23 21:12:43,422] {scheduler_job.py:642} INFO - DAG(s) dict_keys(['example_trigger_controller_dag']) retrieved from /home/airflow/.local/lib/python3.6/site-packages/airflow/example_dags/example_trigger_controller_dag.py
[2023-08-23 21:12:43,432] {logging_mixin.py:104} INFO - [2023-08-23 21:12:43,432] {dag.py:1833} INFO - Sync 1 DAGs
[2023-08-23 21:12:43,439] {logging_mixin.py:104} INFO - [2023-08-23 21:12:43,439] {dag.py:2306} INFO - Setting next_dagrun for example_trigger_controller_dag to 2023-08-21 00:00:00+00:00
[2023-08-23 21:12:43,443] {scheduler_job.py:189} INFO - Processing /home/airflow/.local/lib/python3.6/site-packages/airflow/example_dags/example_trigger_controller_dag.py took 0.029 seconds
