[2023-08-23 21:11:09,645] {scheduler_job.py:181} INFO - Started process (PID=56) to work on /home/airflow/.local/lib/python3.6/site-packages/airflow/example_dags/example_branch_datetime_operator.py
[2023-08-23 21:11:09,646] {scheduler_job.py:632} INFO - Processing file /home/airflow/.local/lib/python3.6/site-packages/airflow/example_dags/example_branch_datetime_operator.py for tasks to queue
[2023-08-23 21:11:09,646] {logging_mixin.py:104} INFO - [2023-08-23 21:11:09,646] {dagbag.py:496} INFO - Filling up the DagBag from /home/airflow/.local/lib/python3.6/site-packages/airflow/example_dags/example_branch_datetime_operator.py
[2023-08-23 21:11:09,674] {scheduler_job.py:642} INFO - DAG(s) dict_keys(['example_branch_datetime_operator_2']) retrieved from /home/airflow/.local/lib/python3.6/site-packages/airflow/example_dags/example_branch_datetime_operator.py
[2023-08-23 21:11:10,159] {logging_mixin.py:104} INFO - [2023-08-23 21:11:10,159] {dag.py:1833} INFO - Sync 1 DAGs
[2023-08-23 21:11:10,184] {logging_mixin.py:104} INFO - [2023-08-23 21:11:10,184] {dag.py:2306} INFO - Setting next_dagrun for example_branch_datetime_operator_2 to 2023-08-21 00:00:00+00:00
[2023-08-23 21:11:10,210] {scheduler_job.py:189} INFO - Processing /home/airflow/.local/lib/python3.6/site-packages/airflow/example_dags/example_branch_datetime_operator.py took 0.568 seconds
[2023-08-23 21:11:41,149] {scheduler_job.py:181} INFO - Started process (PID=109) to work on /home/airflow/.local/lib/python3.6/site-packages/airflow/example_dags/example_branch_datetime_operator.py
[2023-08-23 21:11:41,150] {scheduler_job.py:632} INFO - Processing file /home/airflow/.local/lib/python3.6/site-packages/airflow/example_dags/example_branch_datetime_operator.py for tasks to queue
[2023-08-23 21:11:41,150] {logging_mixin.py:104} INFO - [2023-08-23 21:11:41,150] {dagbag.py:496} INFO - Filling up the DagBag from /home/airflow/.local/lib/python3.6/site-packages/airflow/example_dags/example_branch_datetime_operator.py
[2023-08-23 21:11:41,163] {scheduler_job.py:642} INFO - DAG(s) dict_keys(['example_branch_datetime_operator_2']) retrieved from /home/airflow/.local/lib/python3.6/site-packages/airflow/example_dags/example_branch_datetime_operator.py
[2023-08-23 21:11:41,193] {logging_mixin.py:104} INFO - [2023-08-23 21:11:41,193] {dag.py:1833} INFO - Sync 1 DAGs
[2023-08-23 21:11:41,225] {logging_mixin.py:104} INFO - [2023-08-23 21:11:41,225] {dag.py:2306} INFO - Setting next_dagrun for example_branch_datetime_operator_2 to 2023-08-21 00:00:00+00:00
[2023-08-23 21:11:41,251] {scheduler_job.py:189} INFO - Processing /home/airflow/.local/lib/python3.6/site-packages/airflow/example_dags/example_branch_datetime_operator.py took 0.104 seconds
[2023-08-23 21:12:11,339] {scheduler_job.py:181} INFO - Started process (PID=161) to work on /home/airflow/.local/lib/python3.6/site-packages/airflow/example_dags/example_branch_datetime_operator.py
[2023-08-23 21:12:11,339] {scheduler_job.py:632} INFO - Processing file /home/airflow/.local/lib/python3.6/site-packages/airflow/example_dags/example_branch_datetime_operator.py for tasks to queue
[2023-08-23 21:12:11,340] {logging_mixin.py:104} INFO - [2023-08-23 21:12:11,340] {dagbag.py:496} INFO - Filling up the DagBag from /home/airflow/.local/lib/python3.6/site-packages/airflow/example_dags/example_branch_datetime_operator.py
[2023-08-23 21:12:11,346] {scheduler_job.py:642} INFO - DAG(s) dict_keys(['example_branch_datetime_operator_2']) retrieved from /home/airflow/.local/lib/python3.6/site-packages/airflow/example_dags/example_branch_datetime_operator.py
[2023-08-23 21:12:11,360] {logging_mixin.py:104} INFO - [2023-08-23 21:12:11,360] {dag.py:1833} INFO - Sync 1 DAGs
[2023-08-23 21:12:11,373] {logging_mixin.py:104} INFO - [2023-08-23 21:12:11,373] {dag.py:2306} INFO - Setting next_dagrun for example_branch_datetime_operator_2 to 2023-08-21 00:00:00+00:00
[2023-08-23 21:12:11,381] {scheduler_job.py:189} INFO - Processing /home/airflow/.local/lib/python3.6/site-packages/airflow/example_dags/example_branch_datetime_operator.py took 0.044 seconds
[2023-08-23 21:12:41,880] {scheduler_job.py:181} INFO - Started process (PID=214) to work on /home/airflow/.local/lib/python3.6/site-packages/airflow/example_dags/example_branch_datetime_operator.py
[2023-08-23 21:12:41,881] {scheduler_job.py:632} INFO - Processing file /home/airflow/.local/lib/python3.6/site-packages/airflow/example_dags/example_branch_datetime_operator.py for tasks to queue
[2023-08-23 21:12:41,881] {logging_mixin.py:104} INFO - [2023-08-23 21:12:41,881] {dagbag.py:496} INFO - Filling up the DagBag from /home/airflow/.local/lib/python3.6/site-packages/airflow/example_dags/example_branch_datetime_operator.py
[2023-08-23 21:12:41,887] {scheduler_job.py:642} INFO - DAG(s) dict_keys(['example_branch_datetime_operator_2']) retrieved from /home/airflow/.local/lib/python3.6/site-packages/airflow/example_dags/example_branch_datetime_operator.py
[2023-08-23 21:12:41,898] {logging_mixin.py:104} INFO - [2023-08-23 21:12:41,898] {dag.py:1833} INFO - Sync 1 DAGs
[2023-08-23 21:12:41,907] {logging_mixin.py:104} INFO - [2023-08-23 21:12:41,907] {dag.py:2306} INFO - Setting next_dagrun for example_branch_datetime_operator_2 to 2023-08-21 00:00:00+00:00
[2023-08-23 21:12:41,913] {scheduler_job.py:189} INFO - Processing /home/airflow/.local/lib/python3.6/site-packages/airflow/example_dags/example_branch_datetime_operator.py took 0.037 seconds
