[2023-08-23 21:11:08,905] {scheduler_job.py:181} INFO - Started process (PID=52) to work on /home/airflow/.local/lib/python3.6/site-packages/airflow/example_dags/example_skip_dag.py
[2023-08-23 21:11:08,906] {scheduler_job.py:632} INFO - Processing file /home/airflow/.local/lib/python3.6/site-packages/airflow/example_dags/example_skip_dag.py for tasks to queue
[2023-08-23 21:11:08,906] {logging_mixin.py:104} INFO - [2023-08-23 21:11:08,906] {dagbag.py:496} INFO - Filling up the DagBag from /home/airflow/.local/lib/python3.6/site-packages/airflow/example_dags/example_skip_dag.py
[2023-08-23 21:11:08,918] {scheduler_job.py:642} INFO - DAG(s) dict_keys(['example_skip_dag']) retrieved from /home/airflow/.local/lib/python3.6/site-packages/airflow/example_dags/example_skip_dag.py
[2023-08-23 21:11:09,185] {logging_mixin.py:104} INFO - [2023-08-23 21:11:09,185] {dag.py:1833} INFO - Sync 1 DAGs
[2023-08-23 21:11:09,199] {logging_mixin.py:104} INFO - [2023-08-23 21:11:09,199] {dag.py:2306} INFO - Setting next_dagrun for example_skip_dag to 2023-08-21 00:00:00+00:00
[2023-08-23 21:11:09,218] {scheduler_job.py:189} INFO - Processing /home/airflow/.local/lib/python3.6/site-packages/airflow/example_dags/example_skip_dag.py took 0.317 seconds
[2023-08-23 21:11:39,689] {scheduler_job.py:181} INFO - Started process (PID=105) to work on /home/airflow/.local/lib/python3.6/site-packages/airflow/example_dags/example_skip_dag.py
[2023-08-23 21:11:39,690] {scheduler_job.py:632} INFO - Processing file /home/airflow/.local/lib/python3.6/site-packages/airflow/example_dags/example_skip_dag.py for tasks to queue
[2023-08-23 21:11:39,691] {logging_mixin.py:104} INFO - [2023-08-23 21:11:39,691] {dagbag.py:496} INFO - Filling up the DagBag from /home/airflow/.local/lib/python3.6/site-packages/airflow/example_dags/example_skip_dag.py
[2023-08-23 21:11:39,700] {scheduler_job.py:642} INFO - DAG(s) dict_keys(['example_skip_dag']) retrieved from /home/airflow/.local/lib/python3.6/site-packages/airflow/example_dags/example_skip_dag.py
[2023-08-23 21:11:39,748] {logging_mixin.py:104} INFO - [2023-08-23 21:11:39,748] {dag.py:1833} INFO - Sync 1 DAGs
[2023-08-23 21:11:39,775] {logging_mixin.py:104} INFO - [2023-08-23 21:11:39,775] {dag.py:2306} INFO - Setting next_dagrun for example_skip_dag to 2023-08-21 00:00:00+00:00
[2023-08-23 21:11:39,790] {scheduler_job.py:189} INFO - Processing /home/airflow/.local/lib/python3.6/site-packages/airflow/example_dags/example_skip_dag.py took 0.103 seconds
[2023-08-23 21:12:10,067] {scheduler_job.py:181} INFO - Started process (PID=157) to work on /home/airflow/.local/lib/python3.6/site-packages/airflow/example_dags/example_skip_dag.py
[2023-08-23 21:12:10,068] {scheduler_job.py:632} INFO - Processing file /home/airflow/.local/lib/python3.6/site-packages/airflow/example_dags/example_skip_dag.py for tasks to queue
[2023-08-23 21:12:10,068] {logging_mixin.py:104} INFO - [2023-08-23 21:12:10,068] {dagbag.py:496} INFO - Filling up the DagBag from /home/airflow/.local/lib/python3.6/site-packages/airflow/example_dags/example_skip_dag.py
[2023-08-23 21:12:10,074] {scheduler_job.py:642} INFO - DAG(s) dict_keys(['example_skip_dag']) retrieved from /home/airflow/.local/lib/python3.6/site-packages/airflow/example_dags/example_skip_dag.py
[2023-08-23 21:12:10,107] {logging_mixin.py:104} INFO - [2023-08-23 21:12:10,107] {dag.py:1833} INFO - Sync 1 DAGs
[2023-08-23 21:12:10,117] {logging_mixin.py:104} INFO - [2023-08-23 21:12:10,117] {dag.py:2306} INFO - Setting next_dagrun for example_skip_dag to 2023-08-21 00:00:00+00:00
[2023-08-23 21:12:10,123] {scheduler_job.py:189} INFO - Processing /home/airflow/.local/lib/python3.6/site-packages/airflow/example_dags/example_skip_dag.py took 0.057 seconds
[2023-08-23 21:12:40,655] {scheduler_job.py:181} INFO - Started process (PID=210) to work on /home/airflow/.local/lib/python3.6/site-packages/airflow/example_dags/example_skip_dag.py
[2023-08-23 21:12:40,655] {scheduler_job.py:632} INFO - Processing file /home/airflow/.local/lib/python3.6/site-packages/airflow/example_dags/example_skip_dag.py for tasks to queue
[2023-08-23 21:12:40,656] {logging_mixin.py:104} INFO - [2023-08-23 21:12:40,656] {dagbag.py:496} INFO - Filling up the DagBag from /home/airflow/.local/lib/python3.6/site-packages/airflow/example_dags/example_skip_dag.py
[2023-08-23 21:12:40,661] {scheduler_job.py:642} INFO - DAG(s) dict_keys(['example_skip_dag']) retrieved from /home/airflow/.local/lib/python3.6/site-packages/airflow/example_dags/example_skip_dag.py
[2023-08-23 21:12:40,671] {logging_mixin.py:104} INFO - [2023-08-23 21:12:40,671] {dag.py:1833} INFO - Sync 1 DAGs
[2023-08-23 21:12:40,680] {logging_mixin.py:104} INFO - [2023-08-23 21:12:40,679] {dag.py:2306} INFO - Setting next_dagrun for example_skip_dag to 2023-08-21 00:00:00+00:00
[2023-08-23 21:12:40,686] {scheduler_job.py:189} INFO - Processing /home/airflow/.local/lib/python3.6/site-packages/airflow/example_dags/example_skip_dag.py took 0.032 seconds
