[2023-08-23 21:11:13,963] {scheduler_job.py:181} INFO - Started process (PID=81) to work on /home/airflow/.local/lib/python3.6/site-packages/airflow/example_dags/example_branch_labels.py
[2023-08-23 21:11:13,964] {scheduler_job.py:632} INFO - Processing file /home/airflow/.local/lib/python3.6/site-packages/airflow/example_dags/example_branch_labels.py for tasks to queue
[2023-08-23 21:11:13,976] {logging_mixin.py:104} INFO - [2023-08-23 21:11:13,976] {dagbag.py:496} INFO - Filling up the DagBag from /home/airflow/.local/lib/python3.6/site-packages/airflow/example_dags/example_branch_labels.py
[2023-08-23 21:11:13,987] {scheduler_job.py:642} INFO - DAG(s) dict_keys(['example_branch_labels']) retrieved from /home/airflow/.local/lib/python3.6/site-packages/airflow/example_dags/example_branch_labels.py
[2023-08-23 21:11:14,175] {logging_mixin.py:104} INFO - [2023-08-23 21:11:14,175] {dag.py:1833} INFO - Sync 1 DAGs
[2023-08-23 21:11:14,187] {logging_mixin.py:104} INFO - [2023-08-23 21:11:14,187] {dag.py:2306} INFO - Setting next_dagrun for example_branch_labels to 2023-08-21 00:00:00+00:00
[2023-08-23 21:11:14,195] {scheduler_job.py:189} INFO - Processing /home/airflow/.local/lib/python3.6/site-packages/airflow/example_dags/example_branch_labels.py took 0.243 seconds
[2023-08-23 21:11:44,693] {scheduler_job.py:181} INFO - Started process (PID=135) to work on /home/airflow/.local/lib/python3.6/site-packages/airflow/example_dags/example_branch_labels.py
[2023-08-23 21:11:44,693] {scheduler_job.py:632} INFO - Processing file /home/airflow/.local/lib/python3.6/site-packages/airflow/example_dags/example_branch_labels.py for tasks to queue
[2023-08-23 21:11:44,694] {logging_mixin.py:104} INFO - [2023-08-23 21:11:44,694] {dagbag.py:496} INFO - Filling up the DagBag from /home/airflow/.local/lib/python3.6/site-packages/airflow/example_dags/example_branch_labels.py
[2023-08-23 21:11:44,716] {scheduler_job.py:642} INFO - DAG(s) dict_keys(['example_branch_labels']) retrieved from /home/airflow/.local/lib/python3.6/site-packages/airflow/example_dags/example_branch_labels.py
[2023-08-23 21:11:44,744] {logging_mixin.py:104} INFO - [2023-08-23 21:11:44,744] {dag.py:1833} INFO - Sync 1 DAGs
[2023-08-23 21:11:44,764] {logging_mixin.py:104} INFO - [2023-08-23 21:11:44,764] {dag.py:2306} INFO - Setting next_dagrun for example_branch_labels to 2023-08-21 00:00:00+00:00
[2023-08-23 21:11:44,776] {scheduler_job.py:189} INFO - Processing /home/airflow/.local/lib/python3.6/site-packages/airflow/example_dags/example_branch_labels.py took 0.087 seconds
[2023-08-23 21:12:15,320] {scheduler_job.py:181} INFO - Started process (PID=186) to work on /home/airflow/.local/lib/python3.6/site-packages/airflow/example_dags/example_branch_labels.py
[2023-08-23 21:12:15,321] {scheduler_job.py:632} INFO - Processing file /home/airflow/.local/lib/python3.6/site-packages/airflow/example_dags/example_branch_labels.py for tasks to queue
[2023-08-23 21:12:15,321] {logging_mixin.py:104} INFO - [2023-08-23 21:12:15,321] {dagbag.py:496} INFO - Filling up the DagBag from /home/airflow/.local/lib/python3.6/site-packages/airflow/example_dags/example_branch_labels.py
[2023-08-23 21:12:15,327] {scheduler_job.py:642} INFO - DAG(s) dict_keys(['example_branch_labels']) retrieved from /home/airflow/.local/lib/python3.6/site-packages/airflow/example_dags/example_branch_labels.py
[2023-08-23 21:12:15,338] {logging_mixin.py:104} INFO - [2023-08-23 21:12:15,338] {dag.py:1833} INFO - Sync 1 DAGs
[2023-08-23 21:12:15,347] {logging_mixin.py:104} INFO - [2023-08-23 21:12:15,347] {dag.py:2306} INFO - Setting next_dagrun for example_branch_labels to 2023-08-21 00:00:00+00:00
[2023-08-23 21:12:15,351] {scheduler_job.py:189} INFO - Processing /home/airflow/.local/lib/python3.6/site-packages/airflow/example_dags/example_branch_labels.py took 0.033 seconds
