[2023-08-23 21:11:12,949] {scheduler_job.py:181} INFO - Started process (PID=76) to work on /home/airflow/.local/lib/python3.6/site-packages/airflow/example_dags/example_dag_decorator.py
[2023-08-23 21:11:12,949] {scheduler_job.py:632} INFO - Processing file /home/airflow/.local/lib/python3.6/site-packages/airflow/example_dags/example_dag_decorator.py for tasks to queue
[2023-08-23 21:11:12,950] {logging_mixin.py:104} INFO - [2023-08-23 21:11:12,949] {dagbag.py:496} INFO - Filling up the DagBag from /home/airflow/.local/lib/python3.6/site-packages/airflow/example_dags/example_dag_decorator.py
[2023-08-23 21:11:12,969] {scheduler_job.py:642} INFO - DAG(s) dict_keys(['example_dag_decorator']) retrieved from /home/airflow/.local/lib/python3.6/site-packages/airflow/example_dags/example_dag_decorator.py
[2023-08-23 21:11:13,239] {logging_mixin.py:104} INFO - [2023-08-23 21:11:13,239] {dag.py:1833} INFO - Sync 1 DAGs
[2023-08-23 21:11:13,257] {logging_mixin.py:104} INFO - [2023-08-23 21:11:13,257] {dag.py:2306} INFO - Setting next_dagrun for example_dag_decorator to None
[2023-08-23 21:11:13,268] {scheduler_job.py:189} INFO - Processing /home/airflow/.local/lib/python3.6/site-packages/airflow/example_dags/example_dag_decorator.py took 0.322 seconds
[2023-08-23 21:11:44,146] {scheduler_job.py:181} INFO - Started process (PID=129) to work on /home/airflow/.local/lib/python3.6/site-packages/airflow/example_dags/example_dag_decorator.py
[2023-08-23 21:11:44,147] {scheduler_job.py:632} INFO - Processing file /home/airflow/.local/lib/python3.6/site-packages/airflow/example_dags/example_dag_decorator.py for tasks to queue
[2023-08-23 21:11:44,147] {logging_mixin.py:104} INFO - [2023-08-23 21:11:44,147] {dagbag.py:496} INFO - Filling up the DagBag from /home/airflow/.local/lib/python3.6/site-packages/airflow/example_dags/example_dag_decorator.py
[2023-08-23 21:11:44,194] {scheduler_job.py:642} INFO - DAG(s) dict_keys(['example_dag_decorator']) retrieved from /home/airflow/.local/lib/python3.6/site-packages/airflow/example_dags/example_dag_decorator.py
[2023-08-23 21:11:44,540] {logging_mixin.py:104} INFO - [2023-08-23 21:11:44,540] {dag.py:1833} INFO - Sync 1 DAGs
[2023-08-23 21:11:44,566] {logging_mixin.py:104} INFO - [2023-08-23 21:11:44,566] {dag.py:2306} INFO - Setting next_dagrun for example_dag_decorator to None
[2023-08-23 21:11:44,597] {scheduler_job.py:189} INFO - Processing /home/airflow/.local/lib/python3.6/site-packages/airflow/example_dags/example_dag_decorator.py took 0.454 seconds
[2023-08-23 21:12:15,204] {scheduler_job.py:181} INFO - Started process (PID=181) to work on /home/airflow/.local/lib/python3.6/site-packages/airflow/example_dags/example_dag_decorator.py
[2023-08-23 21:12:15,204] {scheduler_job.py:632} INFO - Processing file /home/airflow/.local/lib/python3.6/site-packages/airflow/example_dags/example_dag_decorator.py for tasks to queue
[2023-08-23 21:12:15,205] {logging_mixin.py:104} INFO - [2023-08-23 21:12:15,205] {dagbag.py:496} INFO - Filling up the DagBag from /home/airflow/.local/lib/python3.6/site-packages/airflow/example_dags/example_dag_decorator.py
[2023-08-23 21:12:15,216] {scheduler_job.py:642} INFO - DAG(s) dict_keys(['example_dag_decorator']) retrieved from /home/airflow/.local/lib/python3.6/site-packages/airflow/example_dags/example_dag_decorator.py
[2023-08-23 21:12:15,226] {logging_mixin.py:104} INFO - [2023-08-23 21:12:15,226] {dag.py:1833} INFO - Sync 1 DAGs
[2023-08-23 21:12:15,234] {logging_mixin.py:104} INFO - [2023-08-23 21:12:15,234] {dag.py:2306} INFO - Setting next_dagrun for example_dag_decorator to None
[2023-08-23 21:12:15,240] {scheduler_job.py:189} INFO - Processing /home/airflow/.local/lib/python3.6/site-packages/airflow/example_dags/example_dag_decorator.py took 0.038 seconds
