[2023-08-23 21:11:13,289] {scheduler_job.py:181} INFO - Started process (PID=78) to work on /home/airflow/.local/lib/python3.6/site-packages/airflow/example_dags/example_xcom.py
[2023-08-23 21:11:13,290] {scheduler_job.py:632} INFO - Processing file /home/airflow/.local/lib/python3.6/site-packages/airflow/example_dags/example_xcom.py for tasks to queue
[2023-08-23 21:11:13,291] {logging_mixin.py:104} INFO - [2023-08-23 21:11:13,291] {dagbag.py:496} INFO - Filling up the DagBag from /home/airflow/.local/lib/python3.6/site-packages/airflow/example_dags/example_xcom.py
[2023-08-23 21:11:13,313] {scheduler_job.py:642} INFO - DAG(s) dict_keys(['example_xcom']) retrieved from /home/airflow/.local/lib/python3.6/site-packages/airflow/example_dags/example_xcom.py
[2023-08-23 21:11:13,625] {logging_mixin.py:104} INFO - [2023-08-23 21:11:13,625] {dag.py:1833} INFO - Sync 1 DAGs
[2023-08-23 21:11:13,638] {logging_mixin.py:104} INFO - [2023-08-23 21:11:13,638] {dag.py:2306} INFO - Setting next_dagrun for example_xcom to 2023-08-21 00:00:00+00:00
[2023-08-23 21:11:13,658] {scheduler_job.py:189} INFO - Processing /home/airflow/.local/lib/python3.6/site-packages/airflow/example_dags/example_xcom.py took 0.372 seconds
[2023-08-23 21:11:44,296] {scheduler_job.py:181} INFO - Started process (PID=131) to work on /home/airflow/.local/lib/python3.6/site-packages/airflow/example_dags/example_xcom.py
[2023-08-23 21:11:44,297] {scheduler_job.py:632} INFO - Processing file /home/airflow/.local/lib/python3.6/site-packages/airflow/example_dags/example_xcom.py for tasks to queue
[2023-08-23 21:11:44,297] {logging_mixin.py:104} INFO - [2023-08-23 21:11:44,297] {dagbag.py:496} INFO - Filling up the DagBag from /home/airflow/.local/lib/python3.6/site-packages/airflow/example_dags/example_xcom.py
[2023-08-23 21:11:44,317] {scheduler_job.py:642} INFO - DAG(s) dict_keys(['example_xcom']) retrieved from /home/airflow/.local/lib/python3.6/site-packages/airflow/example_dags/example_xcom.py
[2023-08-23 21:11:44,398] {logging_mixin.py:104} INFO - [2023-08-23 21:11:44,398] {dag.py:1833} INFO - Sync 1 DAGs
[2023-08-23 21:11:44,428] {logging_mixin.py:104} INFO - [2023-08-23 21:11:44,427] {dag.py:2306} INFO - Setting next_dagrun for example_xcom to 2023-08-21 00:00:00+00:00
[2023-08-23 21:11:44,444] {scheduler_job.py:189} INFO - Processing /home/airflow/.local/lib/python3.6/site-packages/airflow/example_dags/example_xcom.py took 0.151 seconds
[2023-08-23 21:12:15,246] {scheduler_job.py:181} INFO - Started process (PID=183) to work on /home/airflow/.local/lib/python3.6/site-packages/airflow/example_dags/example_xcom.py
[2023-08-23 21:12:15,246] {scheduler_job.py:632} INFO - Processing file /home/airflow/.local/lib/python3.6/site-packages/airflow/example_dags/example_xcom.py for tasks to queue
[2023-08-23 21:12:15,247] {logging_mixin.py:104} INFO - [2023-08-23 21:12:15,247] {dagbag.py:496} INFO - Filling up the DagBag from /home/airflow/.local/lib/python3.6/site-packages/airflow/example_dags/example_xcom.py
[2023-08-23 21:12:15,252] {scheduler_job.py:642} INFO - DAG(s) dict_keys(['example_xcom']) retrieved from /home/airflow/.local/lib/python3.6/site-packages/airflow/example_dags/example_xcom.py
[2023-08-23 21:12:15,262] {logging_mixin.py:104} INFO - [2023-08-23 21:12:15,262] {dag.py:1833} INFO - Sync 1 DAGs
[2023-08-23 21:12:15,271] {logging_mixin.py:104} INFO - [2023-08-23 21:12:15,271] {dag.py:2306} INFO - Setting next_dagrun for example_xcom to 2023-08-21 00:00:00+00:00
[2023-08-23 21:12:15,276] {scheduler_job.py:189} INFO - Processing /home/airflow/.local/lib/python3.6/site-packages/airflow/example_dags/example_xcom.py took 0.031 seconds
