[2023-08-23 21:11:07,738] {scheduler_job.py:181} INFO - Started process (PID=47) to work on /home/airflow/.local/lib/python3.6/site-packages/airflow/example_dags/example_task_group.py
[2023-08-23 21:11:07,739] {scheduler_job.py:632} INFO - Processing file /home/airflow/.local/lib/python3.6/site-packages/airflow/example_dags/example_task_group.py for tasks to queue
[2023-08-23 21:11:07,740] {logging_mixin.py:104} INFO - [2023-08-23 21:11:07,740] {dagbag.py:496} INFO - Filling up the DagBag from /home/airflow/.local/lib/python3.6/site-packages/airflow/example_dags/example_task_group.py
[2023-08-23 21:11:07,767] {scheduler_job.py:642} INFO - DAG(s) dict_keys(['example_task_group']) retrieved from /home/airflow/.local/lib/python3.6/site-packages/airflow/example_dags/example_task_group.py
[2023-08-23 21:11:08,111] {logging_mixin.py:104} INFO - [2023-08-23 21:11:08,111] {dag.py:1833} INFO - Sync 1 DAGs
[2023-08-23 21:11:08,140] {logging_mixin.py:104} INFO - [2023-08-23 21:11:08,138] {dag.py:2306} INFO - Setting next_dagrun for example_task_group to 2023-08-21 00:00:00+00:00
[2023-08-23 21:11:08,155] {scheduler_job.py:189} INFO - Processing /home/airflow/.local/lib/python3.6/site-packages/airflow/example_dags/example_task_group.py took 0.421 seconds
[2023-08-23 21:11:38,389] {scheduler_job.py:181} INFO - Started process (PID=100) to work on /home/airflow/.local/lib/python3.6/site-packages/airflow/example_dags/example_task_group.py
[2023-08-23 21:11:38,390] {scheduler_job.py:632} INFO - Processing file /home/airflow/.local/lib/python3.6/site-packages/airflow/example_dags/example_task_group.py for tasks to queue
[2023-08-23 21:11:38,390] {logging_mixin.py:104} INFO - [2023-08-23 21:11:38,390] {dagbag.py:496} INFO - Filling up the DagBag from /home/airflow/.local/lib/python3.6/site-packages/airflow/example_dags/example_task_group.py
[2023-08-23 21:11:38,413] {scheduler_job.py:642} INFO - DAG(s) dict_keys(['example_task_group']) retrieved from /home/airflow/.local/lib/python3.6/site-packages/airflow/example_dags/example_task_group.py
[2023-08-23 21:11:38,441] {logging_mixin.py:104} INFO - [2023-08-23 21:11:38,441] {dag.py:1833} INFO - Sync 1 DAGs
[2023-08-23 21:11:38,456] {logging_mixin.py:104} INFO - [2023-08-23 21:11:38,456] {dag.py:2306} INFO - Setting next_dagrun for example_task_group to 2023-08-21 00:00:00+00:00
[2023-08-23 21:11:38,470] {scheduler_job.py:189} INFO - Processing /home/airflow/.local/lib/python3.6/site-packages/airflow/example_dags/example_task_group.py took 0.084 seconds
[2023-08-23 21:12:08,918] {scheduler_job.py:181} INFO - Started process (PID=152) to work on /home/airflow/.local/lib/python3.6/site-packages/airflow/example_dags/example_task_group.py
[2023-08-23 21:12:08,919] {scheduler_job.py:632} INFO - Processing file /home/airflow/.local/lib/python3.6/site-packages/airflow/example_dags/example_task_group.py for tasks to queue
[2023-08-23 21:12:08,920] {logging_mixin.py:104} INFO - [2023-08-23 21:12:08,919] {dagbag.py:496} INFO - Filling up the DagBag from /home/airflow/.local/lib/python3.6/site-packages/airflow/example_dags/example_task_group.py
[2023-08-23 21:12:08,932] {scheduler_job.py:642} INFO - DAG(s) dict_keys(['example_task_group']) retrieved from /home/airflow/.local/lib/python3.6/site-packages/airflow/example_dags/example_task_group.py
[2023-08-23 21:12:08,946] {logging_mixin.py:104} INFO - [2023-08-23 21:12:08,946] {dag.py:1833} INFO - Sync 1 DAGs
[2023-08-23 21:12:08,957] {logging_mixin.py:104} INFO - [2023-08-23 21:12:08,957] {dag.py:2306} INFO - Setting next_dagrun for example_task_group to 2023-08-21 00:00:00+00:00
[2023-08-23 21:12:08,963] {scheduler_job.py:189} INFO - Processing /home/airflow/.local/lib/python3.6/site-packages/airflow/example_dags/example_task_group.py took 0.047 seconds
[2023-08-23 21:12:39,503] {scheduler_job.py:181} INFO - Started process (PID=205) to work on /home/airflow/.local/lib/python3.6/site-packages/airflow/example_dags/example_task_group.py
[2023-08-23 21:12:39,504] {scheduler_job.py:632} INFO - Processing file /home/airflow/.local/lib/python3.6/site-packages/airflow/example_dags/example_task_group.py for tasks to queue
[2023-08-23 21:12:39,504] {logging_mixin.py:104} INFO - [2023-08-23 21:12:39,504] {dagbag.py:496} INFO - Filling up the DagBag from /home/airflow/.local/lib/python3.6/site-packages/airflow/example_dags/example_task_group.py
[2023-08-23 21:12:39,511] {scheduler_job.py:642} INFO - DAG(s) dict_keys(['example_task_group']) retrieved from /home/airflow/.local/lib/python3.6/site-packages/airflow/example_dags/example_task_group.py
[2023-08-23 21:12:39,522] {logging_mixin.py:104} INFO - [2023-08-23 21:12:39,522] {dag.py:1833} INFO - Sync 1 DAGs
[2023-08-23 21:12:39,531] {logging_mixin.py:104} INFO - [2023-08-23 21:12:39,531] {dag.py:2306} INFO - Setting next_dagrun for example_task_group to 2023-08-21 00:00:00+00:00
[2023-08-23 21:12:39,536] {scheduler_job.py:189} INFO - Processing /home/airflow/.local/lib/python3.6/site-packages/airflow/example_dags/example_task_group.py took 0.034 seconds
