[2023-08-23 21:11:11,181] {scheduler_job.py:181} INFO - Started process (PID=69) to work on /home/airflow/.local/lib/python3.6/site-packages/airflow/example_dags/example_xcomargs.py
[2023-08-23 21:11:11,182] {scheduler_job.py:632} INFO - Processing file /home/airflow/.local/lib/python3.6/site-packages/airflow/example_dags/example_xcomargs.py for tasks to queue
[2023-08-23 21:11:11,183] {logging_mixin.py:104} INFO - [2023-08-23 21:11:11,183] {dagbag.py:496} INFO - Filling up the DagBag from /home/airflow/.local/lib/python3.6/site-packages/airflow/example_dags/example_xcomargs.py
[2023-08-23 21:11:11,264] {scheduler_job.py:642} INFO - DAG(s) dict_keys(['example_xcom_args', 'example_xcom_args_with_operators']) retrieved from /home/airflow/.local/lib/python3.6/site-packages/airflow/example_dags/example_xcomargs.py
[2023-08-23 21:11:11,748] {logging_mixin.py:104} INFO - [2023-08-23 21:11:11,747] {dag.py:1833} INFO - Sync 2 DAGs
[2023-08-23 21:11:11,761] {logging_mixin.py:104} INFO - [2023-08-23 21:11:11,761] {dag.py:2306} INFO - Setting next_dagrun for example_xcom_args to None
[2023-08-23 21:11:11,762] {logging_mixin.py:104} INFO - [2023-08-23 21:11:11,762] {dag.py:2306} INFO - Setting next_dagrun for example_xcom_args_with_operators to None
[2023-08-23 21:11:11,780] {scheduler_job.py:189} INFO - Processing /home/airflow/.local/lib/python3.6/site-packages/airflow/example_dags/example_xcomargs.py took 0.602 seconds
[2023-08-23 21:11:41,852] {scheduler_job.py:181} INFO - Started process (PID=122) to work on /home/airflow/.local/lib/python3.6/site-packages/airflow/example_dags/example_xcomargs.py
[2023-08-23 21:11:41,852] {scheduler_job.py:632} INFO - Processing file /home/airflow/.local/lib/python3.6/site-packages/airflow/example_dags/example_xcomargs.py for tasks to queue
[2023-08-23 21:11:41,853] {logging_mixin.py:104} INFO - [2023-08-23 21:11:41,853] {dagbag.py:496} INFO - Filling up the DagBag from /home/airflow/.local/lib/python3.6/site-packages/airflow/example_dags/example_xcomargs.py
[2023-08-23 21:11:41,873] {scheduler_job.py:642} INFO - DAG(s) dict_keys(['example_xcom_args', 'example_xcom_args_with_operators']) retrieved from /home/airflow/.local/lib/python3.6/site-packages/airflow/example_dags/example_xcomargs.py
[2023-08-23 21:11:42,109] {logging_mixin.py:104} INFO - [2023-08-23 21:11:42,108] {dag.py:1833} INFO - Sync 2 DAGs
[2023-08-23 21:11:42,124] {logging_mixin.py:104} INFO - [2023-08-23 21:11:42,124] {dag.py:2306} INFO - Setting next_dagrun for example_xcom_args to None
[2023-08-23 21:11:42,125] {logging_mixin.py:104} INFO - [2023-08-23 21:11:42,125] {dag.py:2306} INFO - Setting next_dagrun for example_xcom_args_with_operators to None
[2023-08-23 21:11:42,138] {scheduler_job.py:189} INFO - Processing /home/airflow/.local/lib/python3.6/site-packages/airflow/example_dags/example_xcomargs.py took 0.289 seconds
[2023-08-23 21:12:12,719] {scheduler_job.py:181} INFO - Started process (PID=174) to work on /home/airflow/.local/lib/python3.6/site-packages/airflow/example_dags/example_xcomargs.py
[2023-08-23 21:12:12,720] {scheduler_job.py:632} INFO - Processing file /home/airflow/.local/lib/python3.6/site-packages/airflow/example_dags/example_xcomargs.py for tasks to queue
[2023-08-23 21:12:12,720] {logging_mixin.py:104} INFO - [2023-08-23 21:12:12,720] {dagbag.py:496} INFO - Filling up the DagBag from /home/airflow/.local/lib/python3.6/site-packages/airflow/example_dags/example_xcomargs.py
[2023-08-23 21:12:12,733] {scheduler_job.py:642} INFO - DAG(s) dict_keys(['example_xcom_args', 'example_xcom_args_with_operators']) retrieved from /home/airflow/.local/lib/python3.6/site-packages/airflow/example_dags/example_xcomargs.py
[2023-08-23 21:12:12,955] {logging_mixin.py:104} INFO - [2023-08-23 21:12:12,954] {dag.py:1833} INFO - Sync 2 DAGs
[2023-08-23 21:12:12,964] {logging_mixin.py:104} INFO - [2023-08-23 21:12:12,964] {dag.py:2306} INFO - Setting next_dagrun for example_xcom_args to None
[2023-08-23 21:12:12,964] {logging_mixin.py:104} INFO - [2023-08-23 21:12:12,964] {dag.py:2306} INFO - Setting next_dagrun for example_xcom_args_with_operators to None
[2023-08-23 21:12:12,972] {scheduler_job.py:189} INFO - Processing /home/airflow/.local/lib/python3.6/site-packages/airflow/example_dags/example_xcomargs.py took 0.255 seconds
[2023-08-23 21:12:43,137] {scheduler_job.py:181} INFO - Started process (PID=227) to work on /home/airflow/.local/lib/python3.6/site-packages/airflow/example_dags/example_xcomargs.py
[2023-08-23 21:12:43,137] {scheduler_job.py:632} INFO - Processing file /home/airflow/.local/lib/python3.6/site-packages/airflow/example_dags/example_xcomargs.py for tasks to queue
[2023-08-23 21:12:43,138] {logging_mixin.py:104} INFO - [2023-08-23 21:12:43,138] {dagbag.py:496} INFO - Filling up the DagBag from /home/airflow/.local/lib/python3.6/site-packages/airflow/example_dags/example_xcomargs.py
[2023-08-23 21:12:43,147] {scheduler_job.py:642} INFO - DAG(s) dict_keys(['example_xcom_args', 'example_xcom_args_with_operators']) retrieved from /home/airflow/.local/lib/python3.6/site-packages/airflow/example_dags/example_xcomargs.py
[2023-08-23 21:12:43,323] {logging_mixin.py:104} INFO - [2023-08-23 21:12:43,322] {dag.py:1833} INFO - Sync 2 DAGs
[2023-08-23 21:12:43,333] {logging_mixin.py:104} INFO - [2023-08-23 21:12:43,333] {dag.py:2306} INFO - Setting next_dagrun for example_xcom_args to None
[2023-08-23 21:12:43,334] {logging_mixin.py:104} INFO - [2023-08-23 21:12:43,334] {dag.py:2306} INFO - Setting next_dagrun for example_xcom_args_with_operators to None
[2023-08-23 21:12:43,344] {scheduler_job.py:189} INFO - Processing /home/airflow/.local/lib/python3.6/site-packages/airflow/example_dags/example_xcomargs.py took 0.208 seconds
