[2023-08-23 21:11:09,240] {scheduler_job.py:181} INFO - Started process (PID=54) to work on /home/airflow/.local/lib/python3.6/site-packages/airflow/example_dags/example_branch_operator.py
[2023-08-23 21:11:09,241] {scheduler_job.py:632} INFO - Processing file /home/airflow/.local/lib/python3.6/site-packages/airflow/example_dags/example_branch_operator.py for tasks to queue
[2023-08-23 21:11:09,241] {logging_mixin.py:104} INFO - [2023-08-23 21:11:09,241] {dagbag.py:496} INFO - Filling up the DagBag from /home/airflow/.local/lib/python3.6/site-packages/airflow/example_dags/example_branch_operator.py
[2023-08-23 21:11:09,258] {scheduler_job.py:642} INFO - DAG(s) dict_keys(['example_branch_operator']) retrieved from /home/airflow/.local/lib/python3.6/site-packages/airflow/example_dags/example_branch_operator.py
[2023-08-23 21:11:09,584] {logging_mixin.py:104} INFO - [2023-08-23 21:11:09,584] {dag.py:1833} INFO - Sync 1 DAGs
[2023-08-23 21:11:09,603] {logging_mixin.py:104} INFO - [2023-08-23 21:11:09,602] {dag.py:2306} INFO - Setting next_dagrun for example_branch_operator to 2023-08-21 00:00:00+00:00
[2023-08-23 21:11:09,616] {scheduler_job.py:189} INFO - Processing /home/airflow/.local/lib/python3.6/site-packages/airflow/example_dags/example_branch_operator.py took 0.380 seconds
[2023-08-23 21:11:39,945] {scheduler_job.py:181} INFO - Started process (PID=107) to work on /home/airflow/.local/lib/python3.6/site-packages/airflow/example_dags/example_branch_operator.py
[2023-08-23 21:11:39,945] {scheduler_job.py:632} INFO - Processing file /home/airflow/.local/lib/python3.6/site-packages/airflow/example_dags/example_branch_operator.py for tasks to queue
[2023-08-23 21:11:39,946] {logging_mixin.py:104} INFO - [2023-08-23 21:11:39,946] {dagbag.py:496} INFO - Filling up the DagBag from /home/airflow/.local/lib/python3.6/site-packages/airflow/example_dags/example_branch_operator.py
[2023-08-23 21:11:39,960] {scheduler_job.py:642} INFO - DAG(s) dict_keys(['example_branch_operator']) retrieved from /home/airflow/.local/lib/python3.6/site-packages/airflow/example_dags/example_branch_operator.py
[2023-08-23 21:11:39,979] {logging_mixin.py:104} INFO - [2023-08-23 21:11:39,978] {dag.py:1833} INFO - Sync 1 DAGs
[2023-08-23 21:11:39,995] {logging_mixin.py:104} INFO - [2023-08-23 21:11:39,995] {dag.py:2306} INFO - Setting next_dagrun for example_branch_operator to 2023-08-21 00:00:00+00:00
[2023-08-23 21:11:40,009] {scheduler_job.py:189} INFO - Processing /home/airflow/.local/lib/python3.6/site-packages/airflow/example_dags/example_branch_operator.py took 0.071 seconds
[2023-08-23 21:12:10,132] {scheduler_job.py:181} INFO - Started process (PID=158) to work on /home/airflow/.local/lib/python3.6/site-packages/airflow/example_dags/example_branch_operator.py
[2023-08-23 21:12:10,133] {scheduler_job.py:632} INFO - Processing file /home/airflow/.local/lib/python3.6/site-packages/airflow/example_dags/example_branch_operator.py for tasks to queue
[2023-08-23 21:12:10,133] {logging_mixin.py:104} INFO - [2023-08-23 21:12:10,133] {dagbag.py:496} INFO - Filling up the DagBag from /home/airflow/.local/lib/python3.6/site-packages/airflow/example_dags/example_branch_operator.py
[2023-08-23 21:12:10,142] {scheduler_job.py:642} INFO - DAG(s) dict_keys(['example_branch_operator']) retrieved from /home/airflow/.local/lib/python3.6/site-packages/airflow/example_dags/example_branch_operator.py
[2023-08-23 21:12:10,155] {logging_mixin.py:104} INFO - [2023-08-23 21:12:10,155] {dag.py:1833} INFO - Sync 1 DAGs
[2023-08-23 21:12:10,166] {logging_mixin.py:104} INFO - [2023-08-23 21:12:10,166] {dag.py:2306} INFO - Setting next_dagrun for example_branch_operator to 2023-08-21 00:00:00+00:00
[2023-08-23 21:12:10,178] {scheduler_job.py:189} INFO - Processing /home/airflow/.local/lib/python3.6/site-packages/airflow/example_dags/example_branch_operator.py took 0.047 seconds
[2023-08-23 21:12:40,829] {scheduler_job.py:181} INFO - Started process (PID=212) to work on /home/airflow/.local/lib/python3.6/site-packages/airflow/example_dags/example_branch_operator.py
[2023-08-23 21:12:40,829] {scheduler_job.py:632} INFO - Processing file /home/airflow/.local/lib/python3.6/site-packages/airflow/example_dags/example_branch_operator.py for tasks to queue
[2023-08-23 21:12:40,830] {logging_mixin.py:104} INFO - [2023-08-23 21:12:40,830] {dagbag.py:496} INFO - Filling up the DagBag from /home/airflow/.local/lib/python3.6/site-packages/airflow/example_dags/example_branch_operator.py
[2023-08-23 21:12:40,838] {scheduler_job.py:642} INFO - DAG(s) dict_keys(['example_branch_operator']) retrieved from /home/airflow/.local/lib/python3.6/site-packages/airflow/example_dags/example_branch_operator.py
[2023-08-23 21:12:40,848] {logging_mixin.py:104} INFO - [2023-08-23 21:12:40,848] {dag.py:1833} INFO - Sync 1 DAGs
[2023-08-23 21:12:40,856] {logging_mixin.py:104} INFO - [2023-08-23 21:12:40,856] {dag.py:2306} INFO - Setting next_dagrun for example_branch_operator to 2023-08-21 00:00:00+00:00
[2023-08-23 21:12:40,862] {scheduler_job.py:189} INFO - Processing /home/airflow/.local/lib/python3.6/site-packages/airflow/example_dags/example_branch_operator.py took 0.035 seconds
