[2023-08-23 21:11:08,584] {scheduler_job.py:181} INFO - Started process (PID=51) to work on /home/airflow/.local/lib/python3.6/site-packages/airflow/example_dags/example_latest_only_with_trigger.py
[2023-08-23 21:11:08,599] {scheduler_job.py:632} INFO - Processing file /home/airflow/.local/lib/python3.6/site-packages/airflow/example_dags/example_latest_only_with_trigger.py for tasks to queue
[2023-08-23 21:11:08,600] {logging_mixin.py:104} INFO - [2023-08-23 21:11:08,600] {dagbag.py:496} INFO - Filling up the DagBag from /home/airflow/.local/lib/python3.6/site-packages/airflow/example_dags/example_latest_only_with_trigger.py
[2023-08-23 21:11:08,634] {scheduler_job.py:642} INFO - DAG(s) dict_keys(['latest_only_with_trigger']) retrieved from /home/airflow/.local/lib/python3.6/site-packages/airflow/example_dags/example_latest_only_with_trigger.py
[2023-08-23 21:11:09,139] {logging_mixin.py:104} INFO - [2023-08-23 21:11:09,138] {dag.py:1833} INFO - Sync 1 DAGs
[2023-08-23 21:11:09,155] {logging_mixin.py:104} INFO - [2023-08-23 21:11:09,155] {dag.py:2306} INFO - Setting next_dagrun for latest_only_with_trigger to 2023-08-21 00:00:00+00:00
[2023-08-23 21:11:09,167] {scheduler_job.py:189} INFO - Processing /home/airflow/.local/lib/python3.6/site-packages/airflow/example_dags/example_latest_only_with_trigger.py took 0.587 seconds
[2023-08-23 21:11:39,593] {scheduler_job.py:181} INFO - Started process (PID=104) to work on /home/airflow/.local/lib/python3.6/site-packages/airflow/example_dags/example_latest_only_with_trigger.py
[2023-08-23 21:11:39,594] {scheduler_job.py:632} INFO - Processing file /home/airflow/.local/lib/python3.6/site-packages/airflow/example_dags/example_latest_only_with_trigger.py for tasks to queue
[2023-08-23 21:11:39,594] {logging_mixin.py:104} INFO - [2023-08-23 21:11:39,594] {dagbag.py:496} INFO - Filling up the DagBag from /home/airflow/.local/lib/python3.6/site-packages/airflow/example_dags/example_latest_only_with_trigger.py
[2023-08-23 21:11:39,605] {scheduler_job.py:642} INFO - DAG(s) dict_keys(['latest_only_with_trigger']) retrieved from /home/airflow/.local/lib/python3.6/site-packages/airflow/example_dags/example_latest_only_with_trigger.py
[2023-08-23 21:11:39,624] {logging_mixin.py:104} INFO - [2023-08-23 21:11:39,624] {dag.py:1833} INFO - Sync 1 DAGs
[2023-08-23 21:11:39,639] {logging_mixin.py:104} INFO - [2023-08-23 21:11:39,638] {dag.py:2306} INFO - Setting next_dagrun for latest_only_with_trigger to 2023-08-21 00:00:00+00:00
[2023-08-23 21:11:39,654] {scheduler_job.py:189} INFO - Processing /home/airflow/.local/lib/python3.6/site-packages/airflow/example_dags/example_latest_only_with_trigger.py took 0.063 seconds
[2023-08-23 21:12:10,024] {scheduler_job.py:181} INFO - Started process (PID=156) to work on /home/airflow/.local/lib/python3.6/site-packages/airflow/example_dags/example_latest_only_with_trigger.py
[2023-08-23 21:12:10,024] {scheduler_job.py:632} INFO - Processing file /home/airflow/.local/lib/python3.6/site-packages/airflow/example_dags/example_latest_only_with_trigger.py for tasks to queue
[2023-08-23 21:12:10,025] {logging_mixin.py:104} INFO - [2023-08-23 21:12:10,025] {dagbag.py:496} INFO - Filling up the DagBag from /home/airflow/.local/lib/python3.6/site-packages/airflow/example_dags/example_latest_only_with_trigger.py
[2023-08-23 21:12:10,032] {scheduler_job.py:642} INFO - DAG(s) dict_keys(['latest_only_with_trigger']) retrieved from /home/airflow/.local/lib/python3.6/site-packages/airflow/example_dags/example_latest_only_with_trigger.py
[2023-08-23 21:12:10,044] {logging_mixin.py:104} INFO - [2023-08-23 21:12:10,044] {dag.py:1833} INFO - Sync 1 DAGs
[2023-08-23 21:12:10,053] {logging_mixin.py:104} INFO - [2023-08-23 21:12:10,053] {dag.py:2306} INFO - Setting next_dagrun for latest_only_with_trigger to 2023-08-21 00:00:00+00:00
[2023-08-23 21:12:10,059] {scheduler_job.py:189} INFO - Processing /home/airflow/.local/lib/python3.6/site-packages/airflow/example_dags/example_latest_only_with_trigger.py took 0.036 seconds
[2023-08-23 21:12:40,605] {scheduler_job.py:181} INFO - Started process (PID=209) to work on /home/airflow/.local/lib/python3.6/site-packages/airflow/example_dags/example_latest_only_with_trigger.py
[2023-08-23 21:12:40,606] {scheduler_job.py:632} INFO - Processing file /home/airflow/.local/lib/python3.6/site-packages/airflow/example_dags/example_latest_only_with_trigger.py for tasks to queue
[2023-08-23 21:12:40,606] {logging_mixin.py:104} INFO - [2023-08-23 21:12:40,606] {dagbag.py:496} INFO - Filling up the DagBag from /home/airflow/.local/lib/python3.6/site-packages/airflow/example_dags/example_latest_only_with_trigger.py
[2023-08-23 21:12:40,612] {scheduler_job.py:642} INFO - DAG(s) dict_keys(['latest_only_with_trigger']) retrieved from /home/airflow/.local/lib/python3.6/site-packages/airflow/example_dags/example_latest_only_with_trigger.py
[2023-08-23 21:12:40,622] {logging_mixin.py:104} INFO - [2023-08-23 21:12:40,621] {dag.py:1833} INFO - Sync 1 DAGs
[2023-08-23 21:12:40,629] {logging_mixin.py:104} INFO - [2023-08-23 21:12:40,629] {dag.py:2306} INFO - Setting next_dagrun for latest_only_with_trigger to 2023-08-21 00:00:00+00:00
[2023-08-23 21:12:40,634] {scheduler_job.py:189} INFO - Processing /home/airflow/.local/lib/python3.6/site-packages/airflow/example_dags/example_latest_only_with_trigger.py took 0.030 seconds
