[2023-08-23 21:11:07,752] {scheduler_job.py:181} INFO - Started process (PID=48) to work on /home/airflow/.local/lib/python3.6/site-packages/airflow/example_dags/example_branch_day_of_week_operator.py
[2023-08-23 21:11:07,753] {scheduler_job.py:632} INFO - Processing file /home/airflow/.local/lib/python3.6/site-packages/airflow/example_dags/example_branch_day_of_week_operator.py for tasks to queue
[2023-08-23 21:11:07,754] {logging_mixin.py:104} INFO - [2023-08-23 21:11:07,754] {dagbag.py:496} INFO - Filling up the DagBag from /home/airflow/.local/lib/python3.6/site-packages/airflow/example_dags/example_branch_day_of_week_operator.py
[2023-08-23 21:11:07,769] {scheduler_job.py:642} INFO - DAG(s) dict_keys(['example_weekday_branch_operator']) retrieved from /home/airflow/.local/lib/python3.6/site-packages/airflow/example_dags/example_branch_day_of_week_operator.py
[2023-08-23 21:11:08,103] {logging_mixin.py:104} INFO - [2023-08-23 21:11:08,103] {dag.py:1833} INFO - Sync 1 DAGs
[2023-08-23 21:11:08,131] {logging_mixin.py:104} INFO - [2023-08-23 21:11:08,130] {dag.py:2306} INFO - Setting next_dagrun for example_weekday_branch_operator to 2023-08-21 00:00:00+00:00
[2023-08-23 21:11:08,151] {scheduler_job.py:189} INFO - Processing /home/airflow/.local/lib/python3.6/site-packages/airflow/example_dags/example_branch_day_of_week_operator.py took 0.402 seconds
[2023-08-23 21:11:38,432] {scheduler_job.py:181} INFO - Started process (PID=101) to work on /home/airflow/.local/lib/python3.6/site-packages/airflow/example_dags/example_branch_day_of_week_operator.py
[2023-08-23 21:11:38,433] {scheduler_job.py:632} INFO - Processing file /home/airflow/.local/lib/python3.6/site-packages/airflow/example_dags/example_branch_day_of_week_operator.py for tasks to queue
[2023-08-23 21:11:38,434] {logging_mixin.py:104} INFO - [2023-08-23 21:11:38,434] {dagbag.py:496} INFO - Filling up the DagBag from /home/airflow/.local/lib/python3.6/site-packages/airflow/example_dags/example_branch_day_of_week_operator.py
[2023-08-23 21:11:38,454] {scheduler_job.py:642} INFO - DAG(s) dict_keys(['example_weekday_branch_operator']) retrieved from /home/airflow/.local/lib/python3.6/site-packages/airflow/example_dags/example_branch_day_of_week_operator.py
[2023-08-23 21:11:38,480] {logging_mixin.py:104} INFO - [2023-08-23 21:11:38,480] {dag.py:1833} INFO - Sync 1 DAGs
[2023-08-23 21:11:38,500] {logging_mixin.py:104} INFO - [2023-08-23 21:11:38,500] {dag.py:2306} INFO - Setting next_dagrun for example_weekday_branch_operator to 2023-08-21 00:00:00+00:00
[2023-08-23 21:11:38,509] {scheduler_job.py:189} INFO - Processing /home/airflow/.local/lib/python3.6/site-packages/airflow/example_dags/example_branch_day_of_week_operator.py took 0.079 seconds
[2023-08-23 21:12:08,958] {scheduler_job.py:181} INFO - Started process (PID=153) to work on /home/airflow/.local/lib/python3.6/site-packages/airflow/example_dags/example_branch_day_of_week_operator.py
[2023-08-23 21:12:08,958] {scheduler_job.py:632} INFO - Processing file /home/airflow/.local/lib/python3.6/site-packages/airflow/example_dags/example_branch_day_of_week_operator.py for tasks to queue
[2023-08-23 21:12:08,959] {logging_mixin.py:104} INFO - [2023-08-23 21:12:08,959] {dagbag.py:496} INFO - Filling up the DagBag from /home/airflow/.local/lib/python3.6/site-packages/airflow/example_dags/example_branch_day_of_week_operator.py
[2023-08-23 21:12:08,966] {scheduler_job.py:642} INFO - DAG(s) dict_keys(['example_weekday_branch_operator']) retrieved from /home/airflow/.local/lib/python3.6/site-packages/airflow/example_dags/example_branch_day_of_week_operator.py
[2023-08-23 21:12:08,977] {logging_mixin.py:104} INFO - [2023-08-23 21:12:08,977] {dag.py:1833} INFO - Sync 1 DAGs
[2023-08-23 21:12:08,988] {logging_mixin.py:104} INFO - [2023-08-23 21:12:08,988] {dag.py:2306} INFO - Setting next_dagrun for example_weekday_branch_operator to 2023-08-21 00:00:00+00:00
[2023-08-23 21:12:08,994] {scheduler_job.py:189} INFO - Processing /home/airflow/.local/lib/python3.6/site-packages/airflow/example_dags/example_branch_day_of_week_operator.py took 0.038 seconds
[2023-08-23 21:12:39,532] {scheduler_job.py:181} INFO - Started process (PID=206) to work on /home/airflow/.local/lib/python3.6/site-packages/airflow/example_dags/example_branch_day_of_week_operator.py
[2023-08-23 21:12:39,533] {scheduler_job.py:632} INFO - Processing file /home/airflow/.local/lib/python3.6/site-packages/airflow/example_dags/example_branch_day_of_week_operator.py for tasks to queue
[2023-08-23 21:12:39,533] {logging_mixin.py:104} INFO - [2023-08-23 21:12:39,533] {dagbag.py:496} INFO - Filling up the DagBag from /home/airflow/.local/lib/python3.6/site-packages/airflow/example_dags/example_branch_day_of_week_operator.py
[2023-08-23 21:12:39,540] {scheduler_job.py:642} INFO - DAG(s) dict_keys(['example_weekday_branch_operator']) retrieved from /home/airflow/.local/lib/python3.6/site-packages/airflow/example_dags/example_branch_day_of_week_operator.py
[2023-08-23 21:12:39,549] {logging_mixin.py:104} INFO - [2023-08-23 21:12:39,549] {dag.py:1833} INFO - Sync 1 DAGs
[2023-08-23 21:12:39,557] {logging_mixin.py:104} INFO - [2023-08-23 21:12:39,557] {dag.py:2306} INFO - Setting next_dagrun for example_weekday_branch_operator to 2023-08-21 00:00:00+00:00
[2023-08-23 21:12:39,561] {scheduler_job.py:189} INFO - Processing /home/airflow/.local/lib/python3.6/site-packages/airflow/example_dags/example_branch_day_of_week_operator.py took 0.030 seconds
