[2023-08-23 21:11:13,676] {scheduler_job.py:181} INFO - Started process (PID=80) to work on /home/airflow/.local/lib/python3.6/site-packages/airflow/example_dags/example_python_operator.py
[2023-08-23 21:11:13,676] {scheduler_job.py:632} INFO - Processing file /home/airflow/.local/lib/python3.6/site-packages/airflow/example_dags/example_python_operator.py for tasks to queue
[2023-08-23 21:11:13,678] {logging_mixin.py:104} INFO - [2023-08-23 21:11:13,677] {dagbag.py:496} INFO - Filling up the DagBag from /home/airflow/.local/lib/python3.6/site-packages/airflow/example_dags/example_python_operator.py
[2023-08-23 21:11:13,689] {scheduler_job.py:642} INFO - DAG(s) dict_keys(['example_python_operator']) retrieved from /home/airflow/.local/lib/python3.6/site-packages/airflow/example_dags/example_python_operator.py
[2023-08-23 21:11:13,986] {logging_mixin.py:104} INFO - [2023-08-23 21:11:13,986] {dag.py:1833} INFO - Sync 1 DAGs
[2023-08-23 21:11:14,016] {logging_mixin.py:104} INFO - [2023-08-23 21:11:14,016] {dag.py:2306} INFO - Setting next_dagrun for example_python_operator to None
[2023-08-23 21:11:14,066] {scheduler_job.py:189} INFO - Processing /home/airflow/.local/lib/python3.6/site-packages/airflow/example_dags/example_python_operator.py took 0.393 seconds
[2023-08-23 21:11:44,570] {scheduler_job.py:181} INFO - Started process (PID=133) to work on /home/airflow/.local/lib/python3.6/site-packages/airflow/example_dags/example_python_operator.py
[2023-08-23 21:11:44,571] {scheduler_job.py:632} INFO - Processing file /home/airflow/.local/lib/python3.6/site-packages/airflow/example_dags/example_python_operator.py for tasks to queue
[2023-08-23 21:11:44,571] {logging_mixin.py:104} INFO - [2023-08-23 21:11:44,571] {dagbag.py:496} INFO - Filling up the DagBag from /home/airflow/.local/lib/python3.6/site-packages/airflow/example_dags/example_python_operator.py
[2023-08-23 21:11:44,588] {scheduler_job.py:642} INFO - DAG(s) dict_keys(['example_python_operator']) retrieved from /home/airflow/.local/lib/python3.6/site-packages/airflow/example_dags/example_python_operator.py
[2023-08-23 21:11:44,610] {logging_mixin.py:104} INFO - [2023-08-23 21:11:44,610] {dag.py:1833} INFO - Sync 1 DAGs
[2023-08-23 21:11:44,627] {logging_mixin.py:104} INFO - [2023-08-23 21:11:44,627] {dag.py:2306} INFO - Setting next_dagrun for example_python_operator to None
[2023-08-23 21:11:44,638] {scheduler_job.py:189} INFO - Processing /home/airflow/.local/lib/python3.6/site-packages/airflow/example_dags/example_python_operator.py took 0.072 seconds
[2023-08-23 21:12:15,285] {scheduler_job.py:181} INFO - Started process (PID=185) to work on /home/airflow/.local/lib/python3.6/site-packages/airflow/example_dags/example_python_operator.py
[2023-08-23 21:12:15,285] {scheduler_job.py:632} INFO - Processing file /home/airflow/.local/lib/python3.6/site-packages/airflow/example_dags/example_python_operator.py for tasks to queue
[2023-08-23 21:12:15,285] {logging_mixin.py:104} INFO - [2023-08-23 21:12:15,285] {dagbag.py:496} INFO - Filling up the DagBag from /home/airflow/.local/lib/python3.6/site-packages/airflow/example_dags/example_python_operator.py
[2023-08-23 21:12:15,292] {scheduler_job.py:642} INFO - DAG(s) dict_keys(['example_python_operator']) retrieved from /home/airflow/.local/lib/python3.6/site-packages/airflow/example_dags/example_python_operator.py
[2023-08-23 21:12:15,304] {logging_mixin.py:104} INFO - [2023-08-23 21:12:15,304] {dag.py:1833} INFO - Sync 1 DAGs
[2023-08-23 21:12:15,313] {logging_mixin.py:104} INFO - [2023-08-23 21:12:15,313] {dag.py:2306} INFO - Setting next_dagrun for example_python_operator to None
[2023-08-23 21:12:15,319] {scheduler_job.py:189} INFO - Processing /home/airflow/.local/lib/python3.6/site-packages/airflow/example_dags/example_python_operator.py took 0.036 seconds
