[2023-08-23 21:11:12,206] {scheduler_job.py:181} INFO - Started process (PID=73) to work on /home/airflow/.local/lib/python3.6/site-packages/airflow/example_dags/example_subdag_operator.py
[2023-08-23 21:11:12,207] {scheduler_job.py:632} INFO - Processing file /home/airflow/.local/lib/python3.6/site-packages/airflow/example_dags/example_subdag_operator.py for tasks to queue
[2023-08-23 21:11:12,208] {logging_mixin.py:104} INFO - [2023-08-23 21:11:12,208] {dagbag.py:496} INFO - Filling up the DagBag from /home/airflow/.local/lib/python3.6/site-packages/airflow/example_dags/example_subdag_operator.py
[2023-08-23 21:11:12,232] {scheduler_job.py:642} INFO - DAG(s) dict_keys(['example_subdag_operator.section-1', 'example_subdag_operator.section-2', 'example_subdag_operator']) retrieved from /home/airflow/.local/lib/python3.6/site-packages/airflow/example_dags/example_subdag_operator.py
[2023-08-23 21:11:12,482] {logging_mixin.py:104} INFO - [2023-08-23 21:11:12,481] {dag.py:1833} INFO - Sync 3 DAGs
[2023-08-23 21:11:12,509] {logging_mixin.py:104} INFO - [2023-08-23 21:11:12,509] {dag.py:2306} INFO - Setting next_dagrun for example_subdag_operator to 2023-08-21 00:00:00+00:00
[2023-08-23 21:11:12,509] {logging_mixin.py:104} INFO - [2023-08-23 21:11:12,509] {dag.py:2306} INFO - Setting next_dagrun for example_subdag_operator.section-1 to None
[2023-08-23 21:11:12,510] {logging_mixin.py:104} INFO - [2023-08-23 21:11:12,510] {dag.py:2306} INFO - Setting next_dagrun for example_subdag_operator.section-2 to None
[2023-08-23 21:11:12,529] {logging_mixin.py:104} INFO - [2023-08-23 21:11:12,528] {dag.py:1833} INFO - Sync 2 DAGs
[2023-08-23 21:11:12,536] {logging_mixin.py:104} INFO - [2023-08-23 21:11:12,536] {dag.py:2306} INFO - Setting next_dagrun for example_subdag_operator.section-1 to None
[2023-08-23 21:11:12,536] {logging_mixin.py:104} INFO - [2023-08-23 21:11:12,536] {dag.py:2306} INFO - Setting next_dagrun for example_subdag_operator.section-2 to None
[2023-08-23 21:11:12,548] {scheduler_job.py:189} INFO - Processing /home/airflow/.local/lib/python3.6/site-packages/airflow/example_dags/example_subdag_operator.py took 0.344 seconds
[2023-08-23 21:11:42,973] {scheduler_job.py:181} INFO - Started process (PID=126) to work on /home/airflow/.local/lib/python3.6/site-packages/airflow/example_dags/example_subdag_operator.py
[2023-08-23 21:11:42,974] {scheduler_job.py:632} INFO - Processing file /home/airflow/.local/lib/python3.6/site-packages/airflow/example_dags/example_subdag_operator.py for tasks to queue
[2023-08-23 21:11:42,975] {logging_mixin.py:104} INFO - [2023-08-23 21:11:42,974] {dagbag.py:496} INFO - Filling up the DagBag from /home/airflow/.local/lib/python3.6/site-packages/airflow/example_dags/example_subdag_operator.py
[2023-08-23 21:11:43,001] {scheduler_job.py:642} INFO - DAG(s) dict_keys(['example_subdag_operator.section-1', 'example_subdag_operator.section-2', 'example_subdag_operator']) retrieved from /home/airflow/.local/lib/python3.6/site-packages/airflow/example_dags/example_subdag_operator.py
[2023-08-23 21:11:43,012] {logging_mixin.py:104} INFO - [2023-08-23 21:11:43,012] {dag.py:1833} INFO - Sync 3 DAGs
[2023-08-23 21:11:43,027] {logging_mixin.py:104} INFO - [2023-08-23 21:11:43,027] {dag.py:2306} INFO - Setting next_dagrun for example_subdag_operator to 2023-08-21 00:00:00+00:00
[2023-08-23 21:11:43,028] {logging_mixin.py:104} INFO - [2023-08-23 21:11:43,028] {dag.py:2306} INFO - Setting next_dagrun for example_subdag_operator.section-1 to None
[2023-08-23 21:11:43,028] {logging_mixin.py:104} INFO - [2023-08-23 21:11:43,028] {dag.py:2306} INFO - Setting next_dagrun for example_subdag_operator.section-2 to None
[2023-08-23 21:11:43,035] {logging_mixin.py:104} INFO - [2023-08-23 21:11:43,035] {dag.py:1833} INFO - Sync 2 DAGs
[2023-08-23 21:11:43,043] {logging_mixin.py:104} INFO - [2023-08-23 21:11:43,043] {dag.py:2306} INFO - Setting next_dagrun for example_subdag_operator.section-1 to None
[2023-08-23 21:11:43,044] {logging_mixin.py:104} INFO - [2023-08-23 21:11:43,044] {dag.py:2306} INFO - Setting next_dagrun for example_subdag_operator.section-2 to None
[2023-08-23 21:11:43,050] {scheduler_job.py:189} INFO - Processing /home/airflow/.local/lib/python3.6/site-packages/airflow/example_dags/example_subdag_operator.py took 0.080 seconds
[2023-08-23 21:12:13,083] {scheduler_job.py:181} INFO - Started process (PID=178) to work on /home/airflow/.local/lib/python3.6/site-packages/airflow/example_dags/example_subdag_operator.py
[2023-08-23 21:12:13,084] {scheduler_job.py:632} INFO - Processing file /home/airflow/.local/lib/python3.6/site-packages/airflow/example_dags/example_subdag_operator.py for tasks to queue
[2023-08-23 21:12:13,084] {logging_mixin.py:104} INFO - [2023-08-23 21:12:13,084] {dagbag.py:496} INFO - Filling up the DagBag from /home/airflow/.local/lib/python3.6/site-packages/airflow/example_dags/example_subdag_operator.py
[2023-08-23 21:12:13,104] {scheduler_job.py:642} INFO - DAG(s) dict_keys(['example_subdag_operator.section-1', 'example_subdag_operator.section-2', 'example_subdag_operator']) retrieved from /home/airflow/.local/lib/python3.6/site-packages/airflow/example_dags/example_subdag_operator.py
[2023-08-23 21:12:13,113] {logging_mixin.py:104} INFO - [2023-08-23 21:12:13,112] {dag.py:1833} INFO - Sync 3 DAGs
[2023-08-23 21:12:13,123] {logging_mixin.py:104} INFO - [2023-08-23 21:12:13,123] {dag.py:2306} INFO - Setting next_dagrun for example_subdag_operator to 2023-08-21 00:00:00+00:00
[2023-08-23 21:12:13,123] {logging_mixin.py:104} INFO - [2023-08-23 21:12:13,123] {dag.py:2306} INFO - Setting next_dagrun for example_subdag_operator.section-1 to None
[2023-08-23 21:12:13,123] {logging_mixin.py:104} INFO - [2023-08-23 21:12:13,123] {dag.py:2306} INFO - Setting next_dagrun for example_subdag_operator.section-2 to None
[2023-08-23 21:12:13,128] {logging_mixin.py:104} INFO - [2023-08-23 21:12:13,128] {dag.py:1833} INFO - Sync 2 DAGs
[2023-08-23 21:12:13,133] {logging_mixin.py:104} INFO - [2023-08-23 21:12:13,133] {dag.py:2306} INFO - Setting next_dagrun for example_subdag_operator.section-1 to None
[2023-08-23 21:12:13,134] {logging_mixin.py:104} INFO - [2023-08-23 21:12:13,134] {dag.py:2306} INFO - Setting next_dagrun for example_subdag_operator.section-2 to None
[2023-08-23 21:12:13,138] {scheduler_job.py:189} INFO - Processing /home/airflow/.local/lib/python3.6/site-packages/airflow/example_dags/example_subdag_operator.py took 0.057 seconds
[2023-08-23 21:12:43,323] {scheduler_job.py:181} INFO - Started process (PID=231) to work on /home/airflow/.local/lib/python3.6/site-packages/airflow/example_dags/example_subdag_operator.py
[2023-08-23 21:12:43,323] {scheduler_job.py:632} INFO - Processing file /home/airflow/.local/lib/python3.6/site-packages/airflow/example_dags/example_subdag_operator.py for tasks to queue
[2023-08-23 21:12:43,324] {logging_mixin.py:104} INFO - [2023-08-23 21:12:43,324] {dagbag.py:496} INFO - Filling up the DagBag from /home/airflow/.local/lib/python3.6/site-packages/airflow/example_dags/example_subdag_operator.py
[2023-08-23 21:12:43,347] {scheduler_job.py:642} INFO - DAG(s) dict_keys(['example_subdag_operator.section-1', 'example_subdag_operator.section-2', 'example_subdag_operator']) retrieved from /home/airflow/.local/lib/python3.6/site-packages/airflow/example_dags/example_subdag_operator.py
[2023-08-23 21:12:43,356] {logging_mixin.py:104} INFO - [2023-08-23 21:12:43,356] {dag.py:1833} INFO - Sync 3 DAGs
[2023-08-23 21:12:43,364] {logging_mixin.py:104} INFO - [2023-08-23 21:12:43,364] {dag.py:2306} INFO - Setting next_dagrun for example_subdag_operator to 2023-08-21 00:00:00+00:00
[2023-08-23 21:12:43,364] {logging_mixin.py:104} INFO - [2023-08-23 21:12:43,364] {dag.py:2306} INFO - Setting next_dagrun for example_subdag_operator.section-1 to None
[2023-08-23 21:12:43,364] {logging_mixin.py:104} INFO - [2023-08-23 21:12:43,364] {dag.py:2306} INFO - Setting next_dagrun for example_subdag_operator.section-2 to None
[2023-08-23 21:12:43,369] {logging_mixin.py:104} INFO - [2023-08-23 21:12:43,368] {dag.py:1833} INFO - Sync 2 DAGs
[2023-08-23 21:12:43,374] {logging_mixin.py:104} INFO - [2023-08-23 21:12:43,374] {dag.py:2306} INFO - Setting next_dagrun for example_subdag_operator.section-1 to None
[2023-08-23 21:12:43,374] {logging_mixin.py:104} INFO - [2023-08-23 21:12:43,374] {dag.py:2306} INFO - Setting next_dagrun for example_subdag_operator.section-2 to None
[2023-08-23 21:12:43,377] {scheduler_job.py:189} INFO - Processing /home/airflow/.local/lib/python3.6/site-packages/airflow/example_dags/example_subdag_operator.py took 0.057 seconds
