[2023-08-23 21:11:13,050] {scheduler_job.py:181} INFO - Started process (PID=77) to work on /home/airflow/.local/lib/python3.6/site-packages/airflow/example_dags/example_bash_operator.py
[2023-08-23 21:11:13,051] {scheduler_job.py:632} INFO - Processing file /home/airflow/.local/lib/python3.6/site-packages/airflow/example_dags/example_bash_operator.py for tasks to queue
[2023-08-23 21:11:13,052] {logging_mixin.py:104} INFO - [2023-08-23 21:11:13,052] {dagbag.py:496} INFO - Filling up the DagBag from /home/airflow/.local/lib/python3.6/site-packages/airflow/example_dags/example_bash_operator.py
[2023-08-23 21:11:13,073] {scheduler_job.py:642} INFO - DAG(s) dict_keys(['example_bash_operator']) retrieved from /home/airflow/.local/lib/python3.6/site-packages/airflow/example_dags/example_bash_operator.py
[2023-08-23 21:11:13,406] {logging_mixin.py:104} INFO - [2023-08-23 21:11:13,406] {dag.py:1833} INFO - Sync 1 DAGs
[2023-08-23 21:11:13,438] {logging_mixin.py:104} INFO - [2023-08-23 21:11:13,437] {dag.py:2306} INFO - Setting next_dagrun for example_bash_operator to 2023-08-21 00:00:00+00:00
[2023-08-23 21:11:13,454] {scheduler_job.py:189} INFO - Processing /home/airflow/.local/lib/python3.6/site-packages/airflow/example_dags/example_bash_operator.py took 0.406 seconds
[2023-08-23 21:11:44,154] {scheduler_job.py:181} INFO - Started process (PID=130) to work on /home/airflow/.local/lib/python3.6/site-packages/airflow/example_dags/example_bash_operator.py
[2023-08-23 21:11:44,154] {scheduler_job.py:632} INFO - Processing file /home/airflow/.local/lib/python3.6/site-packages/airflow/example_dags/example_bash_operator.py for tasks to queue
[2023-08-23 21:11:44,155] {logging_mixin.py:104} INFO - [2023-08-23 21:11:44,155] {dagbag.py:496} INFO - Filling up the DagBag from /home/airflow/.local/lib/python3.6/site-packages/airflow/example_dags/example_bash_operator.py
[2023-08-23 21:11:44,187] {scheduler_job.py:642} INFO - DAG(s) dict_keys(['example_bash_operator']) retrieved from /home/airflow/.local/lib/python3.6/site-packages/airflow/example_dags/example_bash_operator.py
[2023-08-23 21:11:44,237] {logging_mixin.py:104} INFO - [2023-08-23 21:11:44,237] {dag.py:1833} INFO - Sync 1 DAGs
[2023-08-23 21:11:44,257] {logging_mixin.py:104} INFO - [2023-08-23 21:11:44,257] {dag.py:2306} INFO - Setting next_dagrun for example_bash_operator to 2023-08-21 00:00:00+00:00
[2023-08-23 21:11:44,274] {scheduler_job.py:189} INFO - Processing /home/airflow/.local/lib/python3.6/site-packages/airflow/example_dags/example_bash_operator.py took 0.124 seconds
[2023-08-23 21:12:15,205] {scheduler_job.py:181} INFO - Started process (PID=182) to work on /home/airflow/.local/lib/python3.6/site-packages/airflow/example_dags/example_bash_operator.py
[2023-08-23 21:12:15,206] {scheduler_job.py:632} INFO - Processing file /home/airflow/.local/lib/python3.6/site-packages/airflow/example_dags/example_bash_operator.py for tasks to queue
[2023-08-23 21:12:15,206] {logging_mixin.py:104} INFO - [2023-08-23 21:12:15,206] {dagbag.py:496} INFO - Filling up the DagBag from /home/airflow/.local/lib/python3.6/site-packages/airflow/example_dags/example_bash_operator.py
[2023-08-23 21:12:15,213] {scheduler_job.py:642} INFO - DAG(s) dict_keys(['example_bash_operator']) retrieved from /home/airflow/.local/lib/python3.6/site-packages/airflow/example_dags/example_bash_operator.py
[2023-08-23 21:12:15,223] {logging_mixin.py:104} INFO - [2023-08-23 21:12:15,223] {dag.py:1833} INFO - Sync 1 DAGs
[2023-08-23 21:12:15,233] {logging_mixin.py:104} INFO - [2023-08-23 21:12:15,233] {dag.py:2306} INFO - Setting next_dagrun for example_bash_operator to 2023-08-21 00:00:00+00:00
[2023-08-23 21:12:15,239] {scheduler_job.py:189} INFO - Processing /home/airflow/.local/lib/python3.6/site-packages/airflow/example_dags/example_bash_operator.py took 0.035 seconds
