[2023-08-23 21:11:08,550] {scheduler_job.py:181} INFO - Started process (PID=50) to work on /home/airflow/.local/lib/python3.6/site-packages/airflow/example_dags/example_kubernetes_executor_config.py
[2023-08-23 21:11:08,551] {scheduler_job.py:632} INFO - Processing file /home/airflow/.local/lib/python3.6/site-packages/airflow/example_dags/example_kubernetes_executor_config.py for tasks to queue
[2023-08-23 21:11:08,552] {logging_mixin.py:104} INFO - [2023-08-23 21:11:08,552] {dagbag.py:496} INFO - Filling up the DagBag from /home/airflow/.local/lib/python3.6/site-packages/airflow/example_dags/example_kubernetes_executor_config.py
[2023-08-23 21:11:08,568] {scheduler_job.py:642} INFO - DAG(s) dict_keys(['example_kubernetes_executor_config']) retrieved from /home/airflow/.local/lib/python3.6/site-packages/airflow/example_dags/example_kubernetes_executor_config.py
[2023-08-23 21:11:08,847] {logging_mixin.py:104} INFO - [2023-08-23 21:11:08,847] {dag.py:1833} INFO - Sync 1 DAGs
[2023-08-23 21:11:08,868] {logging_mixin.py:104} INFO - [2023-08-23 21:11:08,868] {dag.py:2306} INFO - Setting next_dagrun for example_kubernetes_executor_config to None
[2023-08-23 21:11:08,884] {scheduler_job.py:189} INFO - Processing /home/airflow/.local/lib/python3.6/site-packages/airflow/example_dags/example_kubernetes_executor_config.py took 0.337 seconds
[2023-08-23 21:11:39,497] {scheduler_job.py:181} INFO - Started process (PID=103) to work on /home/airflow/.local/lib/python3.6/site-packages/airflow/example_dags/example_kubernetes_executor_config.py
[2023-08-23 21:11:39,497] {scheduler_job.py:632} INFO - Processing file /home/airflow/.local/lib/python3.6/site-packages/airflow/example_dags/example_kubernetes_executor_config.py for tasks to queue
[2023-08-23 21:11:39,498] {logging_mixin.py:104} INFO - [2023-08-23 21:11:39,498] {dagbag.py:496} INFO - Filling up the DagBag from /home/airflow/.local/lib/python3.6/site-packages/airflow/example_dags/example_kubernetes_executor_config.py
[2023-08-23 21:11:39,517] {scheduler_job.py:642} INFO - DAG(s) dict_keys(['example_kubernetes_executor_config']) retrieved from /home/airflow/.local/lib/python3.6/site-packages/airflow/example_dags/example_kubernetes_executor_config.py
[2023-08-23 21:11:39,549] {logging_mixin.py:104} INFO - [2023-08-23 21:11:39,549] {dag.py:1833} INFO - Sync 1 DAGs
[2023-08-23 21:11:39,563] {logging_mixin.py:104} INFO - [2023-08-23 21:11:39,563] {dag.py:2306} INFO - Setting next_dagrun for example_kubernetes_executor_config to None
[2023-08-23 21:11:39,577] {scheduler_job.py:189} INFO - Processing /home/airflow/.local/lib/python3.6/site-packages/airflow/example_dags/example_kubernetes_executor_config.py took 0.083 seconds
[2023-08-23 21:12:09,979] {scheduler_job.py:181} INFO - Started process (PID=155) to work on /home/airflow/.local/lib/python3.6/site-packages/airflow/example_dags/example_kubernetes_executor_config.py
[2023-08-23 21:12:09,980] {scheduler_job.py:632} INFO - Processing file /home/airflow/.local/lib/python3.6/site-packages/airflow/example_dags/example_kubernetes_executor_config.py for tasks to queue
[2023-08-23 21:12:09,980] {logging_mixin.py:104} INFO - [2023-08-23 21:12:09,980] {dagbag.py:496} INFO - Filling up the DagBag from /home/airflow/.local/lib/python3.6/site-packages/airflow/example_dags/example_kubernetes_executor_config.py
[2023-08-23 21:12:09,988] {scheduler_job.py:642} INFO - DAG(s) dict_keys(['example_kubernetes_executor_config']) retrieved from /home/airflow/.local/lib/python3.6/site-packages/airflow/example_dags/example_kubernetes_executor_config.py
[2023-08-23 21:12:10,000] {logging_mixin.py:104} INFO - [2023-08-23 21:12:10,000] {dag.py:1833} INFO - Sync 1 DAGs
[2023-08-23 21:12:10,009] {logging_mixin.py:104} INFO - [2023-08-23 21:12:10,009] {dag.py:2306} INFO - Setting next_dagrun for example_kubernetes_executor_config to None
[2023-08-23 21:12:10,015] {scheduler_job.py:189} INFO - Processing /home/airflow/.local/lib/python3.6/site-packages/airflow/example_dags/example_kubernetes_executor_config.py took 0.038 seconds
[2023-08-23 21:12:40,551] {scheduler_job.py:181} INFO - Started process (PID=208) to work on /home/airflow/.local/lib/python3.6/site-packages/airflow/example_dags/example_kubernetes_executor_config.py
[2023-08-23 21:12:40,552] {scheduler_job.py:632} INFO - Processing file /home/airflow/.local/lib/python3.6/site-packages/airflow/example_dags/example_kubernetes_executor_config.py for tasks to queue
[2023-08-23 21:12:40,552] {logging_mixin.py:104} INFO - [2023-08-23 21:12:40,552] {dagbag.py:496} INFO - Filling up the DagBag from /home/airflow/.local/lib/python3.6/site-packages/airflow/example_dags/example_kubernetes_executor_config.py
[2023-08-23 21:12:40,562] {scheduler_job.py:642} INFO - DAG(s) dict_keys(['example_kubernetes_executor_config']) retrieved from /home/airflow/.local/lib/python3.6/site-packages/airflow/example_dags/example_kubernetes_executor_config.py
[2023-08-23 21:12:40,575] {logging_mixin.py:104} INFO - [2023-08-23 21:12:40,575] {dag.py:1833} INFO - Sync 1 DAGs
[2023-08-23 21:12:40,588] {logging_mixin.py:104} INFO - [2023-08-23 21:12:40,588] {dag.py:2306} INFO - Setting next_dagrun for example_kubernetes_executor_config to None
[2023-08-23 21:12:40,596] {scheduler_job.py:189} INFO - Processing /home/airflow/.local/lib/python3.6/site-packages/airflow/example_dags/example_kubernetes_executor_config.py took 0.049 seconds
