[2023-08-23 21:11:08,175] {scheduler_job.py:181} INFO - Started process (PID=49) to work on /home/airflow/.local/lib/python3.6/site-packages/airflow/example_dags/tutorial_taskflow_api_etl_virtualenv.py
[2023-08-23 21:11:08,176] {scheduler_job.py:632} INFO - Processing file /home/airflow/.local/lib/python3.6/site-packages/airflow/example_dags/tutorial_taskflow_api_etl_virtualenv.py for tasks to queue
[2023-08-23 21:11:08,176] {logging_mixin.py:104} INFO - [2023-08-23 21:11:08,176] {dagbag.py:496} INFO - Filling up the DagBag from /home/airflow/.local/lib/python3.6/site-packages/airflow/example_dags/tutorial_taskflow_api_etl_virtualenv.py
[2023-08-23 21:11:08,208] {scheduler_job.py:642} INFO - DAG(s) dict_keys(['tutorial_taskflow_api_etl_virtualenv']) retrieved from /home/airflow/.local/lib/python3.6/site-packages/airflow/example_dags/tutorial_taskflow_api_etl_virtualenv.py
[2023-08-23 21:11:08,501] {logging_mixin.py:104} INFO - [2023-08-23 21:11:08,501] {dag.py:1833} INFO - Sync 1 DAGs
[2023-08-23 21:11:08,518] {logging_mixin.py:104} INFO - [2023-08-23 21:11:08,518] {dag.py:2306} INFO - Setting next_dagrun for tutorial_taskflow_api_etl_virtualenv to None
[2023-08-23 21:11:08,531] {scheduler_job.py:189} INFO - Processing /home/airflow/.local/lib/python3.6/site-packages/airflow/example_dags/tutorial_taskflow_api_etl_virtualenv.py took 0.359 seconds
[2023-08-23 21:11:39,488] {scheduler_job.py:181} INFO - Started process (PID=102) to work on /home/airflow/.local/lib/python3.6/site-packages/airflow/example_dags/tutorial_taskflow_api_etl_virtualenv.py
[2023-08-23 21:11:39,489] {scheduler_job.py:632} INFO - Processing file /home/airflow/.local/lib/python3.6/site-packages/airflow/example_dags/tutorial_taskflow_api_etl_virtualenv.py for tasks to queue
[2023-08-23 21:11:39,490] {logging_mixin.py:104} INFO - [2023-08-23 21:11:39,490] {dagbag.py:496} INFO - Filling up the DagBag from /home/airflow/.local/lib/python3.6/site-packages/airflow/example_dags/tutorial_taskflow_api_etl_virtualenv.py
[2023-08-23 21:11:39,505] {scheduler_job.py:642} INFO - DAG(s) dict_keys(['tutorial_taskflow_api_etl_virtualenv']) retrieved from /home/airflow/.local/lib/python3.6/site-packages/airflow/example_dags/tutorial_taskflow_api_etl_virtualenv.py
[2023-08-23 21:11:39,857] {logging_mixin.py:104} INFO - [2023-08-23 21:11:39,857] {dag.py:1833} INFO - Sync 1 DAGs
[2023-08-23 21:11:39,890] {logging_mixin.py:104} INFO - [2023-08-23 21:11:39,889] {dag.py:2306} INFO - Setting next_dagrun for tutorial_taskflow_api_etl_virtualenv to None
[2023-08-23 21:11:39,925] {scheduler_job.py:189} INFO - Processing /home/airflow/.local/lib/python3.6/site-packages/airflow/example_dags/tutorial_taskflow_api_etl_virtualenv.py took 0.439 seconds
[2023-08-23 21:12:09,976] {scheduler_job.py:181} INFO - Started process (PID=154) to work on /home/airflow/.local/lib/python3.6/site-packages/airflow/example_dags/tutorial_taskflow_api_etl_virtualenv.py
[2023-08-23 21:12:09,976] {scheduler_job.py:632} INFO - Processing file /home/airflow/.local/lib/python3.6/site-packages/airflow/example_dags/tutorial_taskflow_api_etl_virtualenv.py for tasks to queue
[2023-08-23 21:12:09,977] {logging_mixin.py:104} INFO - [2023-08-23 21:12:09,977] {dagbag.py:496} INFO - Filling up the DagBag from /home/airflow/.local/lib/python3.6/site-packages/airflow/example_dags/tutorial_taskflow_api_etl_virtualenv.py
[2023-08-23 21:12:09,986] {scheduler_job.py:642} INFO - DAG(s) dict_keys(['tutorial_taskflow_api_etl_virtualenv']) retrieved from /home/airflow/.local/lib/python3.6/site-packages/airflow/example_dags/tutorial_taskflow_api_etl_virtualenv.py
[2023-08-23 21:12:10,218] {logging_mixin.py:104} INFO - [2023-08-23 21:12:10,218] {dag.py:1833} INFO - Sync 1 DAGs
[2023-08-23 21:12:10,232] {logging_mixin.py:104} INFO - [2023-08-23 21:12:10,232] {dag.py:2306} INFO - Setting next_dagrun for tutorial_taskflow_api_etl_virtualenv to None
[2023-08-23 21:12:10,242] {scheduler_job.py:189} INFO - Processing /home/airflow/.local/lib/python3.6/site-packages/airflow/example_dags/tutorial_taskflow_api_etl_virtualenv.py took 0.268 seconds
[2023-08-23 21:12:40,547] {scheduler_job.py:181} INFO - Started process (PID=207) to work on /home/airflow/.local/lib/python3.6/site-packages/airflow/example_dags/tutorial_taskflow_api_etl_virtualenv.py
[2023-08-23 21:12:40,548] {scheduler_job.py:632} INFO - Processing file /home/airflow/.local/lib/python3.6/site-packages/airflow/example_dags/tutorial_taskflow_api_etl_virtualenv.py for tasks to queue
[2023-08-23 21:12:40,549] {logging_mixin.py:104} INFO - [2023-08-23 21:12:40,549] {dagbag.py:496} INFO - Filling up the DagBag from /home/airflow/.local/lib/python3.6/site-packages/airflow/example_dags/tutorial_taskflow_api_etl_virtualenv.py
[2023-08-23 21:12:40,562] {scheduler_job.py:642} INFO - DAG(s) dict_keys(['tutorial_taskflow_api_etl_virtualenv']) retrieved from /home/airflow/.local/lib/python3.6/site-packages/airflow/example_dags/tutorial_taskflow_api_etl_virtualenv.py
[2023-08-23 21:12:40,673] {logging_mixin.py:104} INFO - [2023-08-23 21:12:40,673] {dag.py:1833} INFO - Sync 1 DAGs
[2023-08-23 21:12:40,681] {logging_mixin.py:104} INFO - [2023-08-23 21:12:40,681] {dag.py:2306} INFO - Setting next_dagrun for tutorial_taskflow_api_etl_virtualenv to None
[2023-08-23 21:12:40,687] {scheduler_job.py:189} INFO - Processing /home/airflow/.local/lib/python3.6/site-packages/airflow/example_dags/tutorial_taskflow_api_etl_virtualenv.py took 0.142 seconds
