[2023-08-23 21:11:12,178] {scheduler_job.py:181} INFO - Started process (PID=72) to work on /home/airflow/.local/lib/python3.6/site-packages/airflow/example_dags/tutorial.py
[2023-08-23 21:11:12,179] {scheduler_job.py:632} INFO - Processing file /home/airflow/.local/lib/python3.6/site-packages/airflow/example_dags/tutorial.py for tasks to queue
[2023-08-23 21:11:12,181] {logging_mixin.py:104} INFO - [2023-08-23 21:11:12,180] {dagbag.py:496} INFO - Filling up the DagBag from /home/airflow/.local/lib/python3.6/site-packages/airflow/example_dags/tutorial.py
[2023-08-23 21:11:12,196] {scheduler_job.py:642} INFO - DAG(s) dict_keys(['tutorial']) retrieved from /home/airflow/.local/lib/python3.6/site-packages/airflow/example_dags/tutorial.py
[2023-08-23 21:11:12,452] {logging_mixin.py:104} INFO - [2023-08-23 21:11:12,452] {dag.py:1833} INFO - Sync 1 DAGs
[2023-08-23 21:11:12,493] {logging_mixin.py:104} INFO - [2023-08-23 21:11:12,492] {dag.py:2306} INFO - Setting next_dagrun for tutorial to 2023-08-21 00:00:00+00:00
[2023-08-23 21:11:12,507] {scheduler_job.py:189} INFO - Processing /home/airflow/.local/lib/python3.6/site-packages/airflow/example_dags/tutorial.py took 0.332 seconds
[2023-08-23 21:11:42,938] {scheduler_job.py:181} INFO - Started process (PID=125) to work on /home/airflow/.local/lib/python3.6/site-packages/airflow/example_dags/tutorial.py
[2023-08-23 21:11:42,938] {scheduler_job.py:632} INFO - Processing file /home/airflow/.local/lib/python3.6/site-packages/airflow/example_dags/tutorial.py for tasks to queue
[2023-08-23 21:11:42,939] {logging_mixin.py:104} INFO - [2023-08-23 21:11:42,939] {dagbag.py:496} INFO - Filling up the DagBag from /home/airflow/.local/lib/python3.6/site-packages/airflow/example_dags/tutorial.py
[2023-08-23 21:11:42,949] {scheduler_job.py:642} INFO - DAG(s) dict_keys(['tutorial']) retrieved from /home/airflow/.local/lib/python3.6/site-packages/airflow/example_dags/tutorial.py
[2023-08-23 21:11:42,968] {logging_mixin.py:104} INFO - [2023-08-23 21:11:42,968] {dag.py:1833} INFO - Sync 1 DAGs
[2023-08-23 21:11:42,991] {logging_mixin.py:104} INFO - [2023-08-23 21:11:42,991] {dag.py:2306} INFO - Setting next_dagrun for tutorial to 2023-08-21 00:00:00+00:00
[2023-08-23 21:11:43,003] {scheduler_job.py:189} INFO - Processing /home/airflow/.local/lib/python3.6/site-packages/airflow/example_dags/tutorial.py took 0.069 seconds
[2023-08-23 21:12:13,027] {scheduler_job.py:181} INFO - Started process (PID=177) to work on /home/airflow/.local/lib/python3.6/site-packages/airflow/example_dags/tutorial.py
[2023-08-23 21:12:13,028] {scheduler_job.py:632} INFO - Processing file /home/airflow/.local/lib/python3.6/site-packages/airflow/example_dags/tutorial.py for tasks to queue
[2023-08-23 21:12:13,028] {logging_mixin.py:104} INFO - [2023-08-23 21:12:13,028] {dagbag.py:496} INFO - Filling up the DagBag from /home/airflow/.local/lib/python3.6/site-packages/airflow/example_dags/tutorial.py
[2023-08-23 21:12:13,036] {scheduler_job.py:642} INFO - DAG(s) dict_keys(['tutorial']) retrieved from /home/airflow/.local/lib/python3.6/site-packages/airflow/example_dags/tutorial.py
[2023-08-23 21:12:13,051] {logging_mixin.py:104} INFO - [2023-08-23 21:12:13,051] {dag.py:1833} INFO - Sync 1 DAGs
[2023-08-23 21:12:13,064] {logging_mixin.py:104} INFO - [2023-08-23 21:12:13,064] {dag.py:2306} INFO - Setting next_dagrun for tutorial to 2023-08-21 00:00:00+00:00
[2023-08-23 21:12:13,072] {scheduler_job.py:189} INFO - Processing /home/airflow/.local/lib/python3.6/site-packages/airflow/example_dags/tutorial.py took 0.047 seconds
[2023-08-23 21:12:43,257] {scheduler_job.py:181} INFO - Started process (PID=230) to work on /home/airflow/.local/lib/python3.6/site-packages/airflow/example_dags/tutorial.py
[2023-08-23 21:12:43,257] {scheduler_job.py:632} INFO - Processing file /home/airflow/.local/lib/python3.6/site-packages/airflow/example_dags/tutorial.py for tasks to queue
[2023-08-23 21:12:43,257] {logging_mixin.py:104} INFO - [2023-08-23 21:12:43,257] {dagbag.py:496} INFO - Filling up the DagBag from /home/airflow/.local/lib/python3.6/site-packages/airflow/example_dags/tutorial.py
[2023-08-23 21:12:43,263] {scheduler_job.py:642} INFO - DAG(s) dict_keys(['tutorial']) retrieved from /home/airflow/.local/lib/python3.6/site-packages/airflow/example_dags/tutorial.py
[2023-08-23 21:12:43,273] {logging_mixin.py:104} INFO - [2023-08-23 21:12:43,273] {dag.py:1833} INFO - Sync 1 DAGs
[2023-08-23 21:12:43,281] {logging_mixin.py:104} INFO - [2023-08-23 21:12:43,280] {dag.py:2306} INFO - Setting next_dagrun for tutorial to 2023-08-21 00:00:00+00:00
[2023-08-23 21:12:43,310] {scheduler_job.py:189} INFO - Processing /home/airflow/.local/lib/python3.6/site-packages/airflow/example_dags/tutorial.py took 0.055 seconds
