[2023-08-23 21:11:11,651] {scheduler_job.py:181} INFO - Started process (PID=70) to work on /home/airflow/.local/lib/python3.6/site-packages/airflow/example_dags/tutorial_etl_dag.py
[2023-08-23 21:11:11,652] {scheduler_job.py:632} INFO - Processing file /home/airflow/.local/lib/python3.6/site-packages/airflow/example_dags/tutorial_etl_dag.py for tasks to queue
[2023-08-23 21:11:11,653] {logging_mixin.py:104} INFO - [2023-08-23 21:11:11,653] {dagbag.py:496} INFO - Filling up the DagBag from /home/airflow/.local/lib/python3.6/site-packages/airflow/example_dags/tutorial_etl_dag.py
[2023-08-23 21:11:11,663] {scheduler_job.py:642} INFO - DAG(s) dict_keys(['tutorial_etl_dag']) retrieved from /home/airflow/.local/lib/python3.6/site-packages/airflow/example_dags/tutorial_etl_dag.py
[2023-08-23 21:11:12,110] {logging_mixin.py:104} INFO - [2023-08-23 21:11:12,110] {dag.py:1833} INFO - Sync 1 DAGs
[2023-08-23 21:11:12,127] {logging_mixin.py:104} INFO - [2023-08-23 21:11:12,127] {dag.py:2306} INFO - Setting next_dagrun for tutorial_etl_dag to None
[2023-08-23 21:11:12,162] {scheduler_job.py:189} INFO - Processing /home/airflow/.local/lib/python3.6/site-packages/airflow/example_dags/tutorial_etl_dag.py took 0.530 seconds
[2023-08-23 21:11:42,856] {scheduler_job.py:181} INFO - Started process (PID=123) to work on /home/airflow/.local/lib/python3.6/site-packages/airflow/example_dags/tutorial_etl_dag.py
[2023-08-23 21:11:42,857] {scheduler_job.py:632} INFO - Processing file /home/airflow/.local/lib/python3.6/site-packages/airflow/example_dags/tutorial_etl_dag.py for tasks to queue
[2023-08-23 21:11:42,858] {logging_mixin.py:104} INFO - [2023-08-23 21:11:42,857] {dagbag.py:496} INFO - Filling up the DagBag from /home/airflow/.local/lib/python3.6/site-packages/airflow/example_dags/tutorial_etl_dag.py
[2023-08-23 21:11:42,868] {scheduler_job.py:642} INFO - DAG(s) dict_keys(['tutorial_etl_dag']) retrieved from /home/airflow/.local/lib/python3.6/site-packages/airflow/example_dags/tutorial_etl_dag.py
[2023-08-23 21:11:42,888] {logging_mixin.py:104} INFO - [2023-08-23 21:11:42,888] {dag.py:1833} INFO - Sync 1 DAGs
[2023-08-23 21:11:42,902] {logging_mixin.py:104} INFO - [2023-08-23 21:11:42,902] {dag.py:2306} INFO - Setting next_dagrun for tutorial_etl_dag to None
[2023-08-23 21:11:42,921] {scheduler_job.py:189} INFO - Processing /home/airflow/.local/lib/python3.6/site-packages/airflow/example_dags/tutorial_etl_dag.py took 0.067 seconds
[2023-08-23 21:12:12,981] {scheduler_job.py:181} INFO - Started process (PID=175) to work on /home/airflow/.local/lib/python3.6/site-packages/airflow/example_dags/tutorial_etl_dag.py
[2023-08-23 21:12:12,982] {scheduler_job.py:632} INFO - Processing file /home/airflow/.local/lib/python3.6/site-packages/airflow/example_dags/tutorial_etl_dag.py for tasks to queue
[2023-08-23 21:12:12,982] {logging_mixin.py:104} INFO - [2023-08-23 21:12:12,982] {dagbag.py:496} INFO - Filling up the DagBag from /home/airflow/.local/lib/python3.6/site-packages/airflow/example_dags/tutorial_etl_dag.py
[2023-08-23 21:12:12,990] {scheduler_job.py:642} INFO - DAG(s) dict_keys(['tutorial_etl_dag']) retrieved from /home/airflow/.local/lib/python3.6/site-packages/airflow/example_dags/tutorial_etl_dag.py
[2023-08-23 21:12:13,003] {logging_mixin.py:104} INFO - [2023-08-23 21:12:13,003] {dag.py:1833} INFO - Sync 1 DAGs
[2023-08-23 21:12:13,012] {logging_mixin.py:104} INFO - [2023-08-23 21:12:13,012] {dag.py:2306} INFO - Setting next_dagrun for tutorial_etl_dag to None
[2023-08-23 21:12:13,018] {scheduler_job.py:189} INFO - Processing /home/airflow/.local/lib/python3.6/site-packages/airflow/example_dags/tutorial_etl_dag.py took 0.038 seconds
[2023-08-23 21:12:43,142] {scheduler_job.py:181} INFO - Started process (PID=228) to work on /home/airflow/.local/lib/python3.6/site-packages/airflow/example_dags/tutorial_etl_dag.py
[2023-08-23 21:12:43,143] {scheduler_job.py:632} INFO - Processing file /home/airflow/.local/lib/python3.6/site-packages/airflow/example_dags/tutorial_etl_dag.py for tasks to queue
[2023-08-23 21:12:43,143] {logging_mixin.py:104} INFO - [2023-08-23 21:12:43,143] {dagbag.py:496} INFO - Filling up the DagBag from /home/airflow/.local/lib/python3.6/site-packages/airflow/example_dags/tutorial_etl_dag.py
[2023-08-23 21:12:43,149] {scheduler_job.py:642} INFO - DAG(s) dict_keys(['tutorial_etl_dag']) retrieved from /home/airflow/.local/lib/python3.6/site-packages/airflow/example_dags/tutorial_etl_dag.py
[2023-08-23 21:12:43,159] {logging_mixin.py:104} INFO - [2023-08-23 21:12:43,159] {dag.py:1833} INFO - Sync 1 DAGs
[2023-08-23 21:12:43,169] {logging_mixin.py:104} INFO - [2023-08-23 21:12:43,169] {dag.py:2306} INFO - Setting next_dagrun for tutorial_etl_dag to None
[2023-08-23 21:12:43,175] {scheduler_job.py:189} INFO - Processing /home/airflow/.local/lib/python3.6/site-packages/airflow/example_dags/tutorial_etl_dag.py took 0.035 seconds
