[2023-08-23 21:11:09,195] {scheduler_job.py:181} INFO - Started process (PID=53) to work on /home/airflow/.local/lib/python3.6/site-packages/airflow/example_dags/tutorial_taskflow_api_etl.py
[2023-08-23 21:11:09,196] {scheduler_job.py:632} INFO - Processing file /home/airflow/.local/lib/python3.6/site-packages/airflow/example_dags/tutorial_taskflow_api_etl.py for tasks to queue
[2023-08-23 21:11:09,196] {logging_mixin.py:104} INFO - [2023-08-23 21:11:09,196] {dagbag.py:496} INFO - Filling up the DagBag from /home/airflow/.local/lib/python3.6/site-packages/airflow/example_dags/tutorial_taskflow_api_etl.py
[2023-08-23 21:11:09,220] {scheduler_job.py:642} INFO - DAG(s) dict_keys(['tutorial_taskflow_api_etl']) retrieved from /home/airflow/.local/lib/python3.6/site-packages/airflow/example_dags/tutorial_taskflow_api_etl.py
[2023-08-23 21:11:09,479] {logging_mixin.py:104} INFO - [2023-08-23 21:11:09,479] {dag.py:1833} INFO - Sync 1 DAGs
[2023-08-23 21:11:09,525] {logging_mixin.py:104} INFO - [2023-08-23 21:11:09,525] {dag.py:2306} INFO - Setting next_dagrun for tutorial_taskflow_api_etl to None
[2023-08-23 21:11:09,543] {scheduler_job.py:189} INFO - Processing /home/airflow/.local/lib/python3.6/site-packages/airflow/example_dags/tutorial_taskflow_api_etl.py took 0.361 seconds
[2023-08-23 21:11:39,806] {scheduler_job.py:181} INFO - Started process (PID=106) to work on /home/airflow/.local/lib/python3.6/site-packages/airflow/example_dags/tutorial_taskflow_api_etl.py
[2023-08-23 21:11:39,807] {scheduler_job.py:632} INFO - Processing file /home/airflow/.local/lib/python3.6/site-packages/airflow/example_dags/tutorial_taskflow_api_etl.py for tasks to queue
[2023-08-23 21:11:39,807] {logging_mixin.py:104} INFO - [2023-08-23 21:11:39,807] {dagbag.py:496} INFO - Filling up the DagBag from /home/airflow/.local/lib/python3.6/site-packages/airflow/example_dags/tutorial_taskflow_api_etl.py
[2023-08-23 21:11:39,835] {scheduler_job.py:642} INFO - DAG(s) dict_keys(['tutorial_taskflow_api_etl']) retrieved from /home/airflow/.local/lib/python3.6/site-packages/airflow/example_dags/tutorial_taskflow_api_etl.py
[2023-08-23 21:11:40,126] {logging_mixin.py:104} INFO - [2023-08-23 21:11:40,125] {dag.py:1833} INFO - Sync 1 DAGs
[2023-08-23 21:11:40,145] {logging_mixin.py:104} INFO - [2023-08-23 21:11:40,144] {dag.py:2306} INFO - Setting next_dagrun for tutorial_taskflow_api_etl to None
[2023-08-23 21:11:40,155] {scheduler_job.py:189} INFO - Processing /home/airflow/.local/lib/python3.6/site-packages/airflow/example_dags/tutorial_taskflow_api_etl.py took 0.352 seconds
[2023-08-23 21:12:10,187] {scheduler_job.py:181} INFO - Started process (PID=159) to work on /home/airflow/.local/lib/python3.6/site-packages/airflow/example_dags/tutorial_taskflow_api_etl.py
[2023-08-23 21:12:10,188] {scheduler_job.py:632} INFO - Processing file /home/airflow/.local/lib/python3.6/site-packages/airflow/example_dags/tutorial_taskflow_api_etl.py for tasks to queue
[2023-08-23 21:12:10,200] {logging_mixin.py:104} INFO - [2023-08-23 21:12:10,200] {dagbag.py:496} INFO - Filling up the DagBag from /home/airflow/.local/lib/python3.6/site-packages/airflow/example_dags/tutorial_taskflow_api_etl.py
[2023-08-23 21:12:10,210] {scheduler_job.py:642} INFO - DAG(s) dict_keys(['tutorial_taskflow_api_etl']) retrieved from /home/airflow/.local/lib/python3.6/site-packages/airflow/example_dags/tutorial_taskflow_api_etl.py
[2023-08-23 21:12:10,409] {logging_mixin.py:104} INFO - [2023-08-23 21:12:10,409] {dag.py:1833} INFO - Sync 1 DAGs
[2023-08-23 21:12:10,420] {logging_mixin.py:104} INFO - [2023-08-23 21:12:10,420] {dag.py:2306} INFO - Setting next_dagrun for tutorial_taskflow_api_etl to None
[2023-08-23 21:12:10,427] {scheduler_job.py:189} INFO - Processing /home/airflow/.local/lib/python3.6/site-packages/airflow/example_dags/tutorial_taskflow_api_etl.py took 0.242 seconds
[2023-08-23 21:12:40,706] {scheduler_job.py:181} INFO - Started process (PID=211) to work on /home/airflow/.local/lib/python3.6/site-packages/airflow/example_dags/tutorial_taskflow_api_etl.py
[2023-08-23 21:12:40,706] {scheduler_job.py:632} INFO - Processing file /home/airflow/.local/lib/python3.6/site-packages/airflow/example_dags/tutorial_taskflow_api_etl.py for tasks to queue
[2023-08-23 21:12:40,707] {logging_mixin.py:104} INFO - [2023-08-23 21:12:40,707] {dagbag.py:496} INFO - Filling up the DagBag from /home/airflow/.local/lib/python3.6/site-packages/airflow/example_dags/tutorial_taskflow_api_etl.py
[2023-08-23 21:12:40,715] {scheduler_job.py:642} INFO - DAG(s) dict_keys(['tutorial_taskflow_api_etl']) retrieved from /home/airflow/.local/lib/python3.6/site-packages/airflow/example_dags/tutorial_taskflow_api_etl.py
[2023-08-23 21:12:40,807] {logging_mixin.py:104} INFO - [2023-08-23 21:12:40,807] {dag.py:1833} INFO - Sync 1 DAGs
[2023-08-23 21:12:40,814] {logging_mixin.py:104} INFO - [2023-08-23 21:12:40,814] {dag.py:2306} INFO - Setting next_dagrun for tutorial_taskflow_api_etl to None
[2023-08-23 21:12:40,821] {scheduler_job.py:189} INFO - Processing /home/airflow/.local/lib/python3.6/site-packages/airflow/example_dags/tutorial_taskflow_api_etl.py took 0.117 seconds
