[2023-12-18T14:25:41.490+0000] {processor.py:157} INFO - Started process (PID=76) to work on /home/airflow/.local/lib/python3.8/site-packages/airflow/example_dags/example_short_circuit_operator.py
[2023-12-18T14:25:41.491+0000] {processor.py:829} INFO - Processing file /home/airflow/.local/lib/python3.8/site-packages/airflow/example_dags/example_short_circuit_operator.py for tasks to queue
[2023-12-18T14:25:41.494+0000] {logging_mixin.py:154} INFO - [2023-12-18T14:25:41.494+0000] {dagbag.py:536} INFO - Filling up the DagBag from /home/airflow/.local/lib/python3.8/site-packages/airflow/example_dags/example_short_circuit_operator.py
[2023-12-18T14:25:41.505+0000] {processor.py:839} INFO - DAG(s) dict_keys(['example_short_circuit_operator']) retrieved from /home/airflow/.local/lib/python3.8/site-packages/airflow/example_dags/example_short_circuit_operator.py
[2023-12-18T14:25:41.520+0000] {logging_mixin.py:154} INFO - [2023-12-18T14:25:41.519+0000] {dag.py:2941} INFO - Sync 1 DAGs
[2023-12-18T14:25:41.552+0000] {logging_mixin.py:154} INFO - [2023-12-18T14:25:41.551+0000] {dag.py:3722} INFO - Setting next_dagrun for example_short_circuit_operator to 2023-12-17T14:25:41.551349+00:00, run_after=2023-12-18T14:25:41.551349+00:00
[2023-12-18T14:25:41.571+0000] {processor.py:179} INFO - Processing /home/airflow/.local/lib/python3.8/site-packages/airflow/example_dags/example_short_circuit_operator.py took 0.085 seconds
[2023-12-18T14:26:11.838+0000] {processor.py:157} INFO - Started process (PID=145) to work on /home/airflow/.local/lib/python3.8/site-packages/airflow/example_dags/example_short_circuit_operator.py
[2023-12-18T14:26:11.839+0000] {processor.py:829} INFO - Processing file /home/airflow/.local/lib/python3.8/site-packages/airflow/example_dags/example_short_circuit_operator.py for tasks to queue
[2023-12-18T14:26:11.841+0000] {logging_mixin.py:154} INFO - [2023-12-18T14:26:11.840+0000] {dagbag.py:536} INFO - Filling up the DagBag from /home/airflow/.local/lib/python3.8/site-packages/airflow/example_dags/example_short_circuit_operator.py
[2023-12-18T14:26:11.847+0000] {processor.py:839} INFO - DAG(s) dict_keys(['example_short_circuit_operator']) retrieved from /home/airflow/.local/lib/python3.8/site-packages/airflow/example_dags/example_short_circuit_operator.py
[2023-12-18T14:26:11.864+0000] {logging_mixin.py:154} INFO - [2023-12-18T14:26:11.863+0000] {dag.py:2941} INFO - Sync 1 DAGs
[2023-12-18T14:26:11.895+0000] {logging_mixin.py:154} INFO - [2023-12-18T14:26:11.895+0000] {dag.py:3722} INFO - Setting next_dagrun for example_short_circuit_operator to 2023-12-17T14:26:11.895555+00:00, run_after=2023-12-18T14:26:11.895555+00:00
[2023-12-18T14:26:11.907+0000] {processor.py:179} INFO - Processing /home/airflow/.local/lib/python3.8/site-packages/airflow/example_dags/example_short_circuit_operator.py took 0.071 seconds
[2023-12-18T14:26:42.073+0000] {processor.py:157} INFO - Started process (PID=215) to work on /home/airflow/.local/lib/python3.8/site-packages/airflow/example_dags/example_short_circuit_operator.py
[2023-12-18T14:26:42.074+0000] {processor.py:829} INFO - Processing file /home/airflow/.local/lib/python3.8/site-packages/airflow/example_dags/example_short_circuit_operator.py for tasks to queue
[2023-12-18T14:26:42.075+0000] {logging_mixin.py:154} INFO - [2023-12-18T14:26:42.075+0000] {dagbag.py:536} INFO - Filling up the DagBag from /home/airflow/.local/lib/python3.8/site-packages/airflow/example_dags/example_short_circuit_operator.py
[2023-12-18T14:26:42.079+0000] {processor.py:839} INFO - DAG(s) dict_keys(['example_short_circuit_operator']) retrieved from /home/airflow/.local/lib/python3.8/site-packages/airflow/example_dags/example_short_circuit_operator.py
[2023-12-18T14:26:42.093+0000] {logging_mixin.py:154} INFO - [2023-12-18T14:26:42.093+0000] {dag.py:2941} INFO - Sync 1 DAGs
[2023-12-18T14:26:42.107+0000] {logging_mixin.py:154} INFO - [2023-12-18T14:26:42.107+0000] {dag.py:3722} INFO - Setting next_dagrun for example_short_circuit_operator to 2023-12-17T14:26:42.107475+00:00, run_after=2023-12-18T14:26:42.107475+00:00
[2023-12-18T14:26:42.118+0000] {processor.py:179} INFO - Processing /home/airflow/.local/lib/python3.8/site-packages/airflow/example_dags/example_short_circuit_operator.py took 0.047 seconds
[2023-12-18T14:27:12.918+0000] {processor.py:157} INFO - Started process (PID=284) to work on /home/airflow/.local/lib/python3.8/site-packages/airflow/example_dags/example_short_circuit_operator.py
[2023-12-18T14:27:12.918+0000] {processor.py:829} INFO - Processing file /home/airflow/.local/lib/python3.8/site-packages/airflow/example_dags/example_short_circuit_operator.py for tasks to queue
[2023-12-18T14:27:12.920+0000] {logging_mixin.py:154} INFO - [2023-12-18T14:27:12.920+0000] {dagbag.py:536} INFO - Filling up the DagBag from /home/airflow/.local/lib/python3.8/site-packages/airflow/example_dags/example_short_circuit_operator.py
[2023-12-18T14:27:12.925+0000] {processor.py:839} INFO - DAG(s) dict_keys(['example_short_circuit_operator']) retrieved from /home/airflow/.local/lib/python3.8/site-packages/airflow/example_dags/example_short_circuit_operator.py
[2023-12-18T14:27:12.945+0000] {logging_mixin.py:154} INFO - [2023-12-18T14:27:12.945+0000] {dag.py:2941} INFO - Sync 1 DAGs
[2023-12-18T14:27:12.961+0000] {logging_mixin.py:154} INFO - [2023-12-18T14:27:12.961+0000] {dag.py:3722} INFO - Setting next_dagrun for example_short_circuit_operator to 2023-12-17T14:27:12.961220+00:00, run_after=2023-12-18T14:27:12.961220+00:00
[2023-12-18T14:27:12.992+0000] {processor.py:179} INFO - Processing /home/airflow/.local/lib/python3.8/site-packages/airflow/example_dags/example_short_circuit_operator.py took 0.076 seconds
[2023-12-18T14:27:43.863+0000] {processor.py:157} INFO - Started process (PID=359) to work on /home/airflow/.local/lib/python3.8/site-packages/airflow/example_dags/example_short_circuit_operator.py
[2023-12-18T14:27:43.864+0000] {processor.py:829} INFO - Processing file /home/airflow/.local/lib/python3.8/site-packages/airflow/example_dags/example_short_circuit_operator.py for tasks to queue
[2023-12-18T14:27:43.865+0000] {logging_mixin.py:154} INFO - [2023-12-18T14:27:43.865+0000] {dagbag.py:536} INFO - Filling up the DagBag from /home/airflow/.local/lib/python3.8/site-packages/airflow/example_dags/example_short_circuit_operator.py
[2023-12-18T14:27:43.869+0000] {processor.py:839} INFO - DAG(s) dict_keys(['example_short_circuit_operator']) retrieved from /home/airflow/.local/lib/python3.8/site-packages/airflow/example_dags/example_short_circuit_operator.py
[2023-12-18T14:27:43.886+0000] {logging_mixin.py:154} INFO - [2023-12-18T14:27:43.886+0000] {dag.py:2941} INFO - Sync 1 DAGs
[2023-12-18T14:27:43.902+0000] {logging_mixin.py:154} INFO - [2023-12-18T14:27:43.902+0000] {dag.py:3722} INFO - Setting next_dagrun for example_short_circuit_operator to 2023-12-17T14:27:43.902221+00:00, run_after=2023-12-18T14:27:43.902221+00:00
[2023-12-18T14:27:43.921+0000] {processor.py:179} INFO - Processing /home/airflow/.local/lib/python3.8/site-packages/airflow/example_dags/example_short_circuit_operator.py took 0.060 seconds
[2023-12-18T14:28:14.012+0000] {processor.py:157} INFO - Started process (PID=427) to work on /home/airflow/.local/lib/python3.8/site-packages/airflow/example_dags/example_short_circuit_operator.py
[2023-12-18T14:28:14.013+0000] {processor.py:829} INFO - Processing file /home/airflow/.local/lib/python3.8/site-packages/airflow/example_dags/example_short_circuit_operator.py for tasks to queue
[2023-12-18T14:28:14.015+0000] {logging_mixin.py:154} INFO - [2023-12-18T14:28:14.014+0000] {dagbag.py:536} INFO - Filling up the DagBag from /home/airflow/.local/lib/python3.8/site-packages/airflow/example_dags/example_short_circuit_operator.py
[2023-12-18T14:28:14.020+0000] {processor.py:839} INFO - DAG(s) dict_keys(['example_short_circuit_operator']) retrieved from /home/airflow/.local/lib/python3.8/site-packages/airflow/example_dags/example_short_circuit_operator.py
[2023-12-18T14:28:14.038+0000] {logging_mixin.py:154} INFO - [2023-12-18T14:28:14.038+0000] {dag.py:2941} INFO - Sync 1 DAGs
[2023-12-18T14:28:14.082+0000] {logging_mixin.py:154} INFO - [2023-12-18T14:28:14.082+0000] {dag.py:3722} INFO - Setting next_dagrun for example_short_circuit_operator to 2023-12-17T14:28:14.082135+00:00, run_after=2023-12-18T14:28:14.082135+00:00
[2023-12-18T14:28:14.098+0000] {processor.py:179} INFO - Processing /home/airflow/.local/lib/python3.8/site-packages/airflow/example_dags/example_short_circuit_operator.py took 0.088 seconds
[2023-12-18T14:28:44.892+0000] {processor.py:157} INFO - Started process (PID=497) to work on /home/airflow/.local/lib/python3.8/site-packages/airflow/example_dags/example_short_circuit_operator.py
[2023-12-18T14:28:44.892+0000] {processor.py:829} INFO - Processing file /home/airflow/.local/lib/python3.8/site-packages/airflow/example_dags/example_short_circuit_operator.py for tasks to queue
[2023-12-18T14:28:44.894+0000] {logging_mixin.py:154} INFO - [2023-12-18T14:28:44.893+0000] {dagbag.py:536} INFO - Filling up the DagBag from /home/airflow/.local/lib/python3.8/site-packages/airflow/example_dags/example_short_circuit_operator.py
[2023-12-18T14:28:44.898+0000] {processor.py:839} INFO - DAG(s) dict_keys(['example_short_circuit_operator']) retrieved from /home/airflow/.local/lib/python3.8/site-packages/airflow/example_dags/example_short_circuit_operator.py
[2023-12-18T14:28:44.912+0000] {logging_mixin.py:154} INFO - [2023-12-18T14:28:44.912+0000] {dag.py:2941} INFO - Sync 1 DAGs
[2023-12-18T14:28:44.926+0000] {logging_mixin.py:154} INFO - [2023-12-18T14:28:44.925+0000] {dag.py:3722} INFO - Setting next_dagrun for example_short_circuit_operator to 2023-12-17T14:28:44.925689+00:00, run_after=2023-12-18T14:28:44.925689+00:00
[2023-12-18T14:28:44.936+0000] {processor.py:179} INFO - Processing /home/airflow/.local/lib/python3.8/site-packages/airflow/example_dags/example_short_circuit_operator.py took 0.047 seconds
[2023-12-18T14:29:15.813+0000] {processor.py:157} INFO - Started process (PID=566) to work on /home/airflow/.local/lib/python3.8/site-packages/airflow/example_dags/example_short_circuit_operator.py
[2023-12-18T14:29:15.814+0000] {processor.py:829} INFO - Processing file /home/airflow/.local/lib/python3.8/site-packages/airflow/example_dags/example_short_circuit_operator.py for tasks to queue
[2023-12-18T14:29:15.815+0000] {logging_mixin.py:154} INFO - [2023-12-18T14:29:15.815+0000] {dagbag.py:536} INFO - Filling up the DagBag from /home/airflow/.local/lib/python3.8/site-packages/airflow/example_dags/example_short_circuit_operator.py
[2023-12-18T14:29:15.819+0000] {processor.py:839} INFO - DAG(s) dict_keys(['example_short_circuit_operator']) retrieved from /home/airflow/.local/lib/python3.8/site-packages/airflow/example_dags/example_short_circuit_operator.py
[2023-12-18T14:29:15.833+0000] {logging_mixin.py:154} INFO - [2023-12-18T14:29:15.832+0000] {dag.py:2941} INFO - Sync 1 DAGs
[2023-12-18T14:29:15.847+0000] {logging_mixin.py:154} INFO - [2023-12-18T14:29:15.847+0000] {dag.py:3722} INFO - Setting next_dagrun for example_short_circuit_operator to 2023-12-17T14:29:15.846983+00:00, run_after=2023-12-18T14:29:15.846983+00:00
[2023-12-18T14:29:15.858+0000] {processor.py:179} INFO - Processing /home/airflow/.local/lib/python3.8/site-packages/airflow/example_dags/example_short_circuit_operator.py took 0.046 seconds
[2023-12-18T14:29:46.772+0000] {processor.py:157} INFO - Started process (PID=635) to work on /home/airflow/.local/lib/python3.8/site-packages/airflow/example_dags/example_short_circuit_operator.py
[2023-12-18T14:29:46.773+0000] {processor.py:829} INFO - Processing file /home/airflow/.local/lib/python3.8/site-packages/airflow/example_dags/example_short_circuit_operator.py for tasks to queue
[2023-12-18T14:29:46.774+0000] {logging_mixin.py:154} INFO - [2023-12-18T14:29:46.774+0000] {dagbag.py:536} INFO - Filling up the DagBag from /home/airflow/.local/lib/python3.8/site-packages/airflow/example_dags/example_short_circuit_operator.py
[2023-12-18T14:29:46.778+0000] {processor.py:839} INFO - DAG(s) dict_keys(['example_short_circuit_operator']) retrieved from /home/airflow/.local/lib/python3.8/site-packages/airflow/example_dags/example_short_circuit_operator.py
[2023-12-18T14:29:46.792+0000] {logging_mixin.py:154} INFO - [2023-12-18T14:29:46.791+0000] {dag.py:2941} INFO - Sync 1 DAGs
[2023-12-18T14:29:46.805+0000] {logging_mixin.py:154} INFO - [2023-12-18T14:29:46.805+0000] {dag.py:3722} INFO - Setting next_dagrun for example_short_circuit_operator to 2023-12-17T14:29:46.804960+00:00, run_after=2023-12-18T14:29:46.804960+00:00
[2023-12-18T14:29:46.815+0000] {processor.py:179} INFO - Processing /home/airflow/.local/lib/python3.8/site-packages/airflow/example_dags/example_short_circuit_operator.py took 0.044 seconds
[2023-12-18T14:30:17.009+0000] {processor.py:157} INFO - Started process (PID=705) to work on /home/airflow/.local/lib/python3.8/site-packages/airflow/example_dags/example_short_circuit_operator.py
[2023-12-18T14:30:17.009+0000] {processor.py:829} INFO - Processing file /home/airflow/.local/lib/python3.8/site-packages/airflow/example_dags/example_short_circuit_operator.py for tasks to queue
[2023-12-18T14:30:17.011+0000] {logging_mixin.py:154} INFO - [2023-12-18T14:30:17.010+0000] {dagbag.py:536} INFO - Filling up the DagBag from /home/airflow/.local/lib/python3.8/site-packages/airflow/example_dags/example_short_circuit_operator.py
[2023-12-18T14:30:17.015+0000] {processor.py:839} INFO - DAG(s) dict_keys(['example_short_circuit_operator']) retrieved from /home/airflow/.local/lib/python3.8/site-packages/airflow/example_dags/example_short_circuit_operator.py
[2023-12-18T14:30:17.029+0000] {logging_mixin.py:154} INFO - [2023-12-18T14:30:17.029+0000] {dag.py:2941} INFO - Sync 1 DAGs
[2023-12-18T14:30:17.042+0000] {logging_mixin.py:154} INFO - [2023-12-18T14:30:17.041+0000] {dag.py:3722} INFO - Setting next_dagrun for example_short_circuit_operator to 2023-12-17T14:30:17.041754+00:00, run_after=2023-12-18T14:30:17.041754+00:00
[2023-12-18T14:30:17.052+0000] {processor.py:179} INFO - Processing /home/airflow/.local/lib/python3.8/site-packages/airflow/example_dags/example_short_circuit_operator.py took 0.046 seconds
[2023-12-18T14:30:47.135+0000] {processor.py:157} INFO - Started process (PID=775) to work on /home/airflow/.local/lib/python3.8/site-packages/airflow/example_dags/example_short_circuit_operator.py
[2023-12-18T14:30:47.135+0000] {processor.py:829} INFO - Processing file /home/airflow/.local/lib/python3.8/site-packages/airflow/example_dags/example_short_circuit_operator.py for tasks to queue
[2023-12-18T14:30:47.137+0000] {logging_mixin.py:154} INFO - [2023-12-18T14:30:47.137+0000] {dagbag.py:536} INFO - Filling up the DagBag from /home/airflow/.local/lib/python3.8/site-packages/airflow/example_dags/example_short_circuit_operator.py
[2023-12-18T14:30:47.141+0000] {processor.py:839} INFO - DAG(s) dict_keys(['example_short_circuit_operator']) retrieved from /home/airflow/.local/lib/python3.8/site-packages/airflow/example_dags/example_short_circuit_operator.py
[2023-12-18T14:30:47.156+0000] {logging_mixin.py:154} INFO - [2023-12-18T14:30:47.155+0000] {dag.py:2941} INFO - Sync 1 DAGs
[2023-12-18T14:30:47.169+0000] {logging_mixin.py:154} INFO - [2023-12-18T14:30:47.169+0000] {dag.py:3722} INFO - Setting next_dagrun for example_short_circuit_operator to 2023-12-17T14:30:47.169408+00:00, run_after=2023-12-18T14:30:47.169408+00:00
[2023-12-18T14:30:47.181+0000] {processor.py:179} INFO - Processing /home/airflow/.local/lib/python3.8/site-packages/airflow/example_dags/example_short_circuit_operator.py took 0.048 seconds
[2023-12-18T14:31:17.236+0000] {processor.py:157} INFO - Started process (PID=844) to work on /home/airflow/.local/lib/python3.8/site-packages/airflow/example_dags/example_short_circuit_operator.py
[2023-12-18T14:31:17.237+0000] {processor.py:829} INFO - Processing file /home/airflow/.local/lib/python3.8/site-packages/airflow/example_dags/example_short_circuit_operator.py for tasks to queue
[2023-12-18T14:31:17.238+0000] {logging_mixin.py:154} INFO - [2023-12-18T14:31:17.238+0000] {dagbag.py:536} INFO - Filling up the DagBag from /home/airflow/.local/lib/python3.8/site-packages/airflow/example_dags/example_short_circuit_operator.py
[2023-12-18T14:31:17.243+0000] {processor.py:839} INFO - DAG(s) dict_keys(['example_short_circuit_operator']) retrieved from /home/airflow/.local/lib/python3.8/site-packages/airflow/example_dags/example_short_circuit_operator.py
[2023-12-18T14:31:17.257+0000] {logging_mixin.py:154} INFO - [2023-12-18T14:31:17.257+0000] {dag.py:2941} INFO - Sync 1 DAGs
[2023-12-18T14:31:17.270+0000] {logging_mixin.py:154} INFO - [2023-12-18T14:31:17.270+0000] {dag.py:3722} INFO - Setting next_dagrun for example_short_circuit_operator to 2023-12-17T14:31:17.270556+00:00, run_after=2023-12-18T14:31:17.270556+00:00
[2023-12-18T14:31:17.281+0000] {processor.py:179} INFO - Processing /home/airflow/.local/lib/python3.8/site-packages/airflow/example_dags/example_short_circuit_operator.py took 0.046 seconds
[2023-12-18T14:31:48.163+0000] {processor.py:157} INFO - Started process (PID=913) to work on /home/airflow/.local/lib/python3.8/site-packages/airflow/example_dags/example_short_circuit_operator.py
[2023-12-18T14:31:48.163+0000] {processor.py:829} INFO - Processing file /home/airflow/.local/lib/python3.8/site-packages/airflow/example_dags/example_short_circuit_operator.py for tasks to queue
[2023-12-18T14:31:48.164+0000] {logging_mixin.py:154} INFO - [2023-12-18T14:31:48.164+0000] {dagbag.py:536} INFO - Filling up the DagBag from /home/airflow/.local/lib/python3.8/site-packages/airflow/example_dags/example_short_circuit_operator.py
[2023-12-18T14:31:48.168+0000] {processor.py:839} INFO - DAG(s) dict_keys(['example_short_circuit_operator']) retrieved from /home/airflow/.local/lib/python3.8/site-packages/airflow/example_dags/example_short_circuit_operator.py
[2023-12-18T14:31:48.196+0000] {logging_mixin.py:154} INFO - [2023-12-18T14:31:48.195+0000] {dag.py:2941} INFO - Sync 1 DAGs
[2023-12-18T14:31:48.209+0000] {logging_mixin.py:154} INFO - [2023-12-18T14:31:48.209+0000] {dag.py:3722} INFO - Setting next_dagrun for example_short_circuit_operator to 2023-12-17T14:31:48.208865+00:00, run_after=2023-12-18T14:31:48.208865+00:00
[2023-12-18T14:31:48.219+0000] {processor.py:179} INFO - Processing /home/airflow/.local/lib/python3.8/site-packages/airflow/example_dags/example_short_circuit_operator.py took 0.058 seconds
[2023-12-18T14:32:18.292+0000] {processor.py:157} INFO - Started process (PID=981) to work on /home/airflow/.local/lib/python3.8/site-packages/airflow/example_dags/example_short_circuit_operator.py
[2023-12-18T14:32:18.293+0000] {processor.py:829} INFO - Processing file /home/airflow/.local/lib/python3.8/site-packages/airflow/example_dags/example_short_circuit_operator.py for tasks to queue
[2023-12-18T14:32:18.294+0000] {logging_mixin.py:154} INFO - [2023-12-18T14:32:18.294+0000] {dagbag.py:536} INFO - Filling up the DagBag from /home/airflow/.local/lib/python3.8/site-packages/airflow/example_dags/example_short_circuit_operator.py
[2023-12-18T14:32:18.299+0000] {processor.py:839} INFO - DAG(s) dict_keys(['example_short_circuit_operator']) retrieved from /home/airflow/.local/lib/python3.8/site-packages/airflow/example_dags/example_short_circuit_operator.py
[2023-12-18T14:32:18.312+0000] {logging_mixin.py:154} INFO - [2023-12-18T14:32:18.312+0000] {dag.py:2941} INFO - Sync 1 DAGs
[2023-12-18T14:32:18.326+0000] {logging_mixin.py:154} INFO - [2023-12-18T14:32:18.326+0000] {dag.py:3722} INFO - Setting next_dagrun for example_short_circuit_operator to 2023-12-17T14:32:18.325982+00:00, run_after=2023-12-18T14:32:18.325982+00:00
[2023-12-18T14:32:18.336+0000] {processor.py:179} INFO - Processing /home/airflow/.local/lib/python3.8/site-packages/airflow/example_dags/example_short_circuit_operator.py took 0.045 seconds
[2023-12-18T14:32:49.138+0000] {processor.py:157} INFO - Started process (PID=1049) to work on /home/airflow/.local/lib/python3.8/site-packages/airflow/example_dags/example_short_circuit_operator.py
[2023-12-18T14:32:49.139+0000] {processor.py:829} INFO - Processing file /home/airflow/.local/lib/python3.8/site-packages/airflow/example_dags/example_short_circuit_operator.py for tasks to queue
[2023-12-18T14:32:49.140+0000] {logging_mixin.py:154} INFO - [2023-12-18T14:32:49.140+0000] {dagbag.py:536} INFO - Filling up the DagBag from /home/airflow/.local/lib/python3.8/site-packages/airflow/example_dags/example_short_circuit_operator.py
[2023-12-18T14:32:49.144+0000] {processor.py:839} INFO - DAG(s) dict_keys(['example_short_circuit_operator']) retrieved from /home/airflow/.local/lib/python3.8/site-packages/airflow/example_dags/example_short_circuit_operator.py
[2023-12-18T14:32:49.158+0000] {logging_mixin.py:154} INFO - [2023-12-18T14:32:49.157+0000] {dag.py:2941} INFO - Sync 1 DAGs
[2023-12-18T14:32:49.171+0000] {logging_mixin.py:154} INFO - [2023-12-18T14:32:49.171+0000] {dag.py:3722} INFO - Setting next_dagrun for example_short_circuit_operator to 2023-12-17T14:32:49.171281+00:00, run_after=2023-12-18T14:32:49.171281+00:00
[2023-12-18T14:32:49.182+0000] {processor.py:179} INFO - Processing /home/airflow/.local/lib/python3.8/site-packages/airflow/example_dags/example_short_circuit_operator.py took 0.045 seconds
[2023-12-18T14:33:19.842+0000] {processor.py:157} INFO - Started process (PID=1118) to work on /home/airflow/.local/lib/python3.8/site-packages/airflow/example_dags/example_short_circuit_operator.py
[2023-12-18T14:33:19.842+0000] {processor.py:829} INFO - Processing file /home/airflow/.local/lib/python3.8/site-packages/airflow/example_dags/example_short_circuit_operator.py for tasks to queue
[2023-12-18T14:33:19.843+0000] {logging_mixin.py:154} INFO - [2023-12-18T14:33:19.843+0000] {dagbag.py:536} INFO - Filling up the DagBag from /home/airflow/.local/lib/python3.8/site-packages/airflow/example_dags/example_short_circuit_operator.py
[2023-12-18T14:33:19.847+0000] {processor.py:839} INFO - DAG(s) dict_keys(['example_short_circuit_operator']) retrieved from /home/airflow/.local/lib/python3.8/site-packages/airflow/example_dags/example_short_circuit_operator.py
[2023-12-18T14:33:19.861+0000] {logging_mixin.py:154} INFO - [2023-12-18T14:33:19.860+0000] {dag.py:2941} INFO - Sync 1 DAGs
[2023-12-18T14:33:19.873+0000] {logging_mixin.py:154} INFO - [2023-12-18T14:33:19.873+0000] {dag.py:3722} INFO - Setting next_dagrun for example_short_circuit_operator to 2023-12-17T14:33:19.873627+00:00, run_after=2023-12-18T14:33:19.873627+00:00
[2023-12-18T14:33:19.884+0000] {processor.py:179} INFO - Processing /home/airflow/.local/lib/python3.8/site-packages/airflow/example_dags/example_short_circuit_operator.py took 0.044 seconds
[2023-12-18T14:33:50.729+0000] {processor.py:157} INFO - Started process (PID=1187) to work on /home/airflow/.local/lib/python3.8/site-packages/airflow/example_dags/example_short_circuit_operator.py
[2023-12-18T14:33:50.729+0000] {processor.py:829} INFO - Processing file /home/airflow/.local/lib/python3.8/site-packages/airflow/example_dags/example_short_circuit_operator.py for tasks to queue
[2023-12-18T14:33:50.731+0000] {logging_mixin.py:154} INFO - [2023-12-18T14:33:50.730+0000] {dagbag.py:536} INFO - Filling up the DagBag from /home/airflow/.local/lib/python3.8/site-packages/airflow/example_dags/example_short_circuit_operator.py
[2023-12-18T14:33:50.735+0000] {processor.py:839} INFO - DAG(s) dict_keys(['example_short_circuit_operator']) retrieved from /home/airflow/.local/lib/python3.8/site-packages/airflow/example_dags/example_short_circuit_operator.py
[2023-12-18T14:33:50.749+0000] {logging_mixin.py:154} INFO - [2023-12-18T14:33:50.749+0000] {dag.py:2941} INFO - Sync 1 DAGs
[2023-12-18T14:33:50.763+0000] {logging_mixin.py:154} INFO - [2023-12-18T14:33:50.763+0000] {dag.py:3722} INFO - Setting next_dagrun for example_short_circuit_operator to 2023-12-17T14:33:50.763133+00:00, run_after=2023-12-18T14:33:50.763133+00:00
[2023-12-18T14:33:50.786+0000] {processor.py:179} INFO - Processing /home/airflow/.local/lib/python3.8/site-packages/airflow/example_dags/example_short_circuit_operator.py took 0.059 seconds
[2023-12-18T14:34:20.952+0000] {processor.py:157} INFO - Started process (PID=1256) to work on /home/airflow/.local/lib/python3.8/site-packages/airflow/example_dags/example_short_circuit_operator.py
[2023-12-18T14:34:20.952+0000] {processor.py:829} INFO - Processing file /home/airflow/.local/lib/python3.8/site-packages/airflow/example_dags/example_short_circuit_operator.py for tasks to queue
[2023-12-18T14:34:20.954+0000] {logging_mixin.py:154} INFO - [2023-12-18T14:34:20.954+0000] {dagbag.py:536} INFO - Filling up the DagBag from /home/airflow/.local/lib/python3.8/site-packages/airflow/example_dags/example_short_circuit_operator.py
[2023-12-18T14:34:20.958+0000] {processor.py:839} INFO - DAG(s) dict_keys(['example_short_circuit_operator']) retrieved from /home/airflow/.local/lib/python3.8/site-packages/airflow/example_dags/example_short_circuit_operator.py
[2023-12-18T14:34:20.972+0000] {logging_mixin.py:154} INFO - [2023-12-18T14:34:20.972+0000] {dag.py:2941} INFO - Sync 1 DAGs
[2023-12-18T14:34:20.985+0000] {logging_mixin.py:154} INFO - [2023-12-18T14:34:20.984+0000] {dag.py:3722} INFO - Setting next_dagrun for example_short_circuit_operator to 2023-12-17T14:34:20.984675+00:00, run_after=2023-12-18T14:34:20.984675+00:00
[2023-12-18T14:34:20.994+0000] {processor.py:179} INFO - Processing /home/airflow/.local/lib/python3.8/site-packages/airflow/example_dags/example_short_circuit_operator.py took 0.044 seconds
[2023-12-18T14:34:51.046+0000] {processor.py:157} INFO - Started process (PID=1326) to work on /home/airflow/.local/lib/python3.8/site-packages/airflow/example_dags/example_short_circuit_operator.py
[2023-12-18T14:34:51.047+0000] {processor.py:829} INFO - Processing file /home/airflow/.local/lib/python3.8/site-packages/airflow/example_dags/example_short_circuit_operator.py for tasks to queue
[2023-12-18T14:34:51.048+0000] {logging_mixin.py:154} INFO - [2023-12-18T14:34:51.048+0000] {dagbag.py:536} INFO - Filling up the DagBag from /home/airflow/.local/lib/python3.8/site-packages/airflow/example_dags/example_short_circuit_operator.py
[2023-12-18T14:34:51.052+0000] {processor.py:839} INFO - DAG(s) dict_keys(['example_short_circuit_operator']) retrieved from /home/airflow/.local/lib/python3.8/site-packages/airflow/example_dags/example_short_circuit_operator.py
[2023-12-18T14:34:51.067+0000] {logging_mixin.py:154} INFO - [2023-12-18T14:34:51.066+0000] {dag.py:2941} INFO - Sync 1 DAGs
[2023-12-18T14:34:51.093+0000] {logging_mixin.py:154} INFO - [2023-12-18T14:34:51.093+0000] {dag.py:3722} INFO - Setting next_dagrun for example_short_circuit_operator to 2023-12-17T14:34:51.093576+00:00, run_after=2023-12-18T14:34:51.093576+00:00
[2023-12-18T14:34:51.104+0000] {processor.py:179} INFO - Processing /home/airflow/.local/lib/python3.8/site-packages/airflow/example_dags/example_short_circuit_operator.py took 0.059 seconds
[2023-12-18T14:35:21.129+0000] {processor.py:157} INFO - Started process (PID=1395) to work on /home/airflow/.local/lib/python3.8/site-packages/airflow/example_dags/example_short_circuit_operator.py
[2023-12-18T14:35:21.130+0000] {processor.py:829} INFO - Processing file /home/airflow/.local/lib/python3.8/site-packages/airflow/example_dags/example_short_circuit_operator.py for tasks to queue
[2023-12-18T14:35:21.131+0000] {logging_mixin.py:154} INFO - [2023-12-18T14:35:21.131+0000] {dagbag.py:536} INFO - Filling up the DagBag from /home/airflow/.local/lib/python3.8/site-packages/airflow/example_dags/example_short_circuit_operator.py
[2023-12-18T14:35:21.135+0000] {processor.py:839} INFO - DAG(s) dict_keys(['example_short_circuit_operator']) retrieved from /home/airflow/.local/lib/python3.8/site-packages/airflow/example_dags/example_short_circuit_operator.py
[2023-12-18T14:35:21.149+0000] {logging_mixin.py:154} INFO - [2023-12-18T14:35:21.149+0000] {dag.py:2941} INFO - Sync 1 DAGs
[2023-12-18T14:35:21.163+0000] {logging_mixin.py:154} INFO - [2023-12-18T14:35:21.162+0000] {dag.py:3722} INFO - Setting next_dagrun for example_short_circuit_operator to 2023-12-17T14:35:21.162754+00:00, run_after=2023-12-18T14:35:21.162754+00:00
[2023-12-18T14:35:21.189+0000] {processor.py:179} INFO - Processing /home/airflow/.local/lib/python3.8/site-packages/airflow/example_dags/example_short_circuit_operator.py took 0.061 seconds
[2023-12-18T14:35:51.221+0000] {processor.py:157} INFO - Started process (PID=1463) to work on /home/airflow/.local/lib/python3.8/site-packages/airflow/example_dags/example_short_circuit_operator.py
[2023-12-18T14:35:51.221+0000] {processor.py:829} INFO - Processing file /home/airflow/.local/lib/python3.8/site-packages/airflow/example_dags/example_short_circuit_operator.py for tasks to queue
[2023-12-18T14:35:51.223+0000] {logging_mixin.py:154} INFO - [2023-12-18T14:35:51.223+0000] {dagbag.py:536} INFO - Filling up the DagBag from /home/airflow/.local/lib/python3.8/site-packages/airflow/example_dags/example_short_circuit_operator.py
[2023-12-18T14:35:51.227+0000] {processor.py:839} INFO - DAG(s) dict_keys(['example_short_circuit_operator']) retrieved from /home/airflow/.local/lib/python3.8/site-packages/airflow/example_dags/example_short_circuit_operator.py
[2023-12-18T14:35:51.240+0000] {logging_mixin.py:154} INFO - [2023-12-18T14:35:51.240+0000] {dag.py:2941} INFO - Sync 1 DAGs
[2023-12-18T14:35:51.254+0000] {logging_mixin.py:154} INFO - [2023-12-18T14:35:51.254+0000] {dag.py:3722} INFO - Setting next_dagrun for example_short_circuit_operator to 2023-12-17T14:35:51.254511+00:00, run_after=2023-12-18T14:35:51.254511+00:00
[2023-12-18T14:35:51.283+0000] {processor.py:179} INFO - Processing /home/airflow/.local/lib/python3.8/site-packages/airflow/example_dags/example_short_circuit_operator.py took 0.064 seconds
[2023-12-18T14:36:21.394+0000] {processor.py:157} INFO - Started process (PID=1532) to work on /home/airflow/.local/lib/python3.8/site-packages/airflow/example_dags/example_short_circuit_operator.py
[2023-12-18T14:36:21.394+0000] {processor.py:829} INFO - Processing file /home/airflow/.local/lib/python3.8/site-packages/airflow/example_dags/example_short_circuit_operator.py for tasks to queue
[2023-12-18T14:36:21.396+0000] {logging_mixin.py:154} INFO - [2023-12-18T14:36:21.396+0000] {dagbag.py:536} INFO - Filling up the DagBag from /home/airflow/.local/lib/python3.8/site-packages/airflow/example_dags/example_short_circuit_operator.py
[2023-12-18T14:36:21.400+0000] {processor.py:839} INFO - DAG(s) dict_keys(['example_short_circuit_operator']) retrieved from /home/airflow/.local/lib/python3.8/site-packages/airflow/example_dags/example_short_circuit_operator.py
[2023-12-18T14:36:21.414+0000] {logging_mixin.py:154} INFO - [2023-12-18T14:36:21.414+0000] {dag.py:2941} INFO - Sync 1 DAGs
[2023-12-18T14:36:21.427+0000] {logging_mixin.py:154} INFO - [2023-12-18T14:36:21.427+0000] {dag.py:3722} INFO - Setting next_dagrun for example_short_circuit_operator to 2023-12-17T14:36:21.427031+00:00, run_after=2023-12-18T14:36:21.427031+00:00
[2023-12-18T14:36:21.438+0000] {processor.py:179} INFO - Processing /home/airflow/.local/lib/python3.8/site-packages/airflow/example_dags/example_short_circuit_operator.py took 0.046 seconds
[2023-12-18T14:36:51.532+0000] {processor.py:157} INFO - Started process (PID=1601) to work on /home/airflow/.local/lib/python3.8/site-packages/airflow/example_dags/example_short_circuit_operator.py
[2023-12-18T14:36:51.532+0000] {processor.py:829} INFO - Processing file /home/airflow/.local/lib/python3.8/site-packages/airflow/example_dags/example_short_circuit_operator.py for tasks to queue
[2023-12-18T14:36:51.534+0000] {logging_mixin.py:154} INFO - [2023-12-18T14:36:51.534+0000] {dagbag.py:536} INFO - Filling up the DagBag from /home/airflow/.local/lib/python3.8/site-packages/airflow/example_dags/example_short_circuit_operator.py
[2023-12-18T14:36:51.538+0000] {processor.py:839} INFO - DAG(s) dict_keys(['example_short_circuit_operator']) retrieved from /home/airflow/.local/lib/python3.8/site-packages/airflow/example_dags/example_short_circuit_operator.py
[2023-12-18T14:36:51.552+0000] {logging_mixin.py:154} INFO - [2023-12-18T14:36:51.551+0000] {dag.py:2941} INFO - Sync 1 DAGs
[2023-12-18T14:36:51.565+0000] {logging_mixin.py:154} INFO - [2023-12-18T14:36:51.565+0000] {dag.py:3722} INFO - Setting next_dagrun for example_short_circuit_operator to 2023-12-17T14:36:51.565408+00:00, run_after=2023-12-18T14:36:51.565408+00:00
[2023-12-18T14:36:51.592+0000] {processor.py:179} INFO - Processing /home/airflow/.local/lib/python3.8/site-packages/airflow/example_dags/example_short_circuit_operator.py took 0.062 seconds
[2023-12-18T14:37:22.517+0000] {processor.py:157} INFO - Started process (PID=1670) to work on /home/airflow/.local/lib/python3.8/site-packages/airflow/example_dags/example_short_circuit_operator.py
[2023-12-18T14:37:22.517+0000] {processor.py:829} INFO - Processing file /home/airflow/.local/lib/python3.8/site-packages/airflow/example_dags/example_short_circuit_operator.py for tasks to queue
[2023-12-18T14:37:22.519+0000] {logging_mixin.py:154} INFO - [2023-12-18T14:37:22.519+0000] {dagbag.py:536} INFO - Filling up the DagBag from /home/airflow/.local/lib/python3.8/site-packages/airflow/example_dags/example_short_circuit_operator.py
[2023-12-18T14:37:22.523+0000] {processor.py:839} INFO - DAG(s) dict_keys(['example_short_circuit_operator']) retrieved from /home/airflow/.local/lib/python3.8/site-packages/airflow/example_dags/example_short_circuit_operator.py
[2023-12-18T14:37:22.536+0000] {logging_mixin.py:154} INFO - [2023-12-18T14:37:22.536+0000] {dag.py:2941} INFO - Sync 1 DAGs
[2023-12-18T14:37:22.550+0000] {logging_mixin.py:154} INFO - [2023-12-18T14:37:22.550+0000] {dag.py:3722} INFO - Setting next_dagrun for example_short_circuit_operator to 2023-12-17T14:37:22.550205+00:00, run_after=2023-12-18T14:37:22.550205+00:00
[2023-12-18T14:37:22.560+0000] {processor.py:179} INFO - Processing /home/airflow/.local/lib/python3.8/site-packages/airflow/example_dags/example_short_circuit_operator.py took 0.045 seconds
[2023-12-18T14:37:53.221+0000] {processor.py:157} INFO - Started process (PID=1739) to work on /home/airflow/.local/lib/python3.8/site-packages/airflow/example_dags/example_short_circuit_operator.py
[2023-12-18T14:37:53.221+0000] {processor.py:829} INFO - Processing file /home/airflow/.local/lib/python3.8/site-packages/airflow/example_dags/example_short_circuit_operator.py for tasks to queue
[2023-12-18T14:37:53.223+0000] {logging_mixin.py:154} INFO - [2023-12-18T14:37:53.223+0000] {dagbag.py:536} INFO - Filling up the DagBag from /home/airflow/.local/lib/python3.8/site-packages/airflow/example_dags/example_short_circuit_operator.py
[2023-12-18T14:37:53.227+0000] {processor.py:839} INFO - DAG(s) dict_keys(['example_short_circuit_operator']) retrieved from /home/airflow/.local/lib/python3.8/site-packages/airflow/example_dags/example_short_circuit_operator.py
[2023-12-18T14:37:53.241+0000] {logging_mixin.py:154} INFO - [2023-12-18T14:37:53.241+0000] {dag.py:2941} INFO - Sync 1 DAGs
[2023-12-18T14:37:53.256+0000] {logging_mixin.py:154} INFO - [2023-12-18T14:37:53.255+0000] {dag.py:3722} INFO - Setting next_dagrun for example_short_circuit_operator to 2023-12-17T14:37:53.255790+00:00, run_after=2023-12-18T14:37:53.255790+00:00
[2023-12-18T14:37:53.284+0000] {processor.py:179} INFO - Processing /home/airflow/.local/lib/python3.8/site-packages/airflow/example_dags/example_short_circuit_operator.py took 0.065 seconds
[2023-12-18T14:38:23.964+0000] {processor.py:157} INFO - Started process (PID=1808) to work on /home/airflow/.local/lib/python3.8/site-packages/airflow/example_dags/example_short_circuit_operator.py
[2023-12-18T14:38:23.981+0000] {processor.py:829} INFO - Processing file /home/airflow/.local/lib/python3.8/site-packages/airflow/example_dags/example_short_circuit_operator.py for tasks to queue
[2023-12-18T14:38:23.983+0000] {logging_mixin.py:154} INFO - [2023-12-18T14:38:23.983+0000] {dagbag.py:536} INFO - Filling up the DagBag from /home/airflow/.local/lib/python3.8/site-packages/airflow/example_dags/example_short_circuit_operator.py
[2023-12-18T14:38:23.988+0000] {processor.py:839} INFO - DAG(s) dict_keys(['example_short_circuit_operator']) retrieved from /home/airflow/.local/lib/python3.8/site-packages/airflow/example_dags/example_short_circuit_operator.py
[2023-12-18T14:38:24.002+0000] {logging_mixin.py:154} INFO - [2023-12-18T14:38:24.002+0000] {dag.py:2941} INFO - Sync 1 DAGs
[2023-12-18T14:38:24.015+0000] {logging_mixin.py:154} INFO - [2023-12-18T14:38:24.015+0000] {dag.py:3722} INFO - Setting next_dagrun for example_short_circuit_operator to 2023-12-17T14:38:24.015347+00:00, run_after=2023-12-18T14:38:24.015347+00:00
[2023-12-18T14:38:24.025+0000] {processor.py:179} INFO - Processing /home/airflow/.local/lib/python3.8/site-packages/airflow/example_dags/example_short_circuit_operator.py took 0.063 seconds
[2023-12-18T14:38:54.815+0000] {processor.py:157} INFO - Started process (PID=1877) to work on /home/airflow/.local/lib/python3.8/site-packages/airflow/example_dags/example_short_circuit_operator.py
[2023-12-18T14:38:54.815+0000] {processor.py:829} INFO - Processing file /home/airflow/.local/lib/python3.8/site-packages/airflow/example_dags/example_short_circuit_operator.py for tasks to queue
[2023-12-18T14:38:54.817+0000] {logging_mixin.py:154} INFO - [2023-12-18T14:38:54.816+0000] {dagbag.py:536} INFO - Filling up the DagBag from /home/airflow/.local/lib/python3.8/site-packages/airflow/example_dags/example_short_circuit_operator.py
[2023-12-18T14:38:54.821+0000] {processor.py:839} INFO - DAG(s) dict_keys(['example_short_circuit_operator']) retrieved from /home/airflow/.local/lib/python3.8/site-packages/airflow/example_dags/example_short_circuit_operator.py
[2023-12-18T14:38:54.836+0000] {logging_mixin.py:154} INFO - [2023-12-18T14:38:54.836+0000] {dag.py:2941} INFO - Sync 1 DAGs
[2023-12-18T14:38:54.849+0000] {logging_mixin.py:154} INFO - [2023-12-18T14:38:54.849+0000] {dag.py:3722} INFO - Setting next_dagrun for example_short_circuit_operator to 2023-12-17T14:38:54.849531+00:00, run_after=2023-12-18T14:38:54.849531+00:00
[2023-12-18T14:38:54.860+0000] {processor.py:179} INFO - Processing /home/airflow/.local/lib/python3.8/site-packages/airflow/example_dags/example_short_circuit_operator.py took 0.048 seconds
[2023-12-18T14:39:56.203+0000] {processor.py:157} INFO - Started process (PID=76) to work on /home/airflow/.local/lib/python3.8/site-packages/airflow/example_dags/example_short_circuit_operator.py
[2023-12-18T14:39:56.205+0000] {processor.py:829} INFO - Processing file /home/airflow/.local/lib/python3.8/site-packages/airflow/example_dags/example_short_circuit_operator.py for tasks to queue
[2023-12-18T14:39:56.207+0000] {logging_mixin.py:154} INFO - [2023-12-18T14:39:56.207+0000] {dagbag.py:536} INFO - Filling up the DagBag from /home/airflow/.local/lib/python3.8/site-packages/airflow/example_dags/example_short_circuit_operator.py
[2023-12-18T14:39:56.226+0000] {processor.py:839} INFO - DAG(s) dict_keys(['example_short_circuit_operator']) retrieved from /home/airflow/.local/lib/python3.8/site-packages/airflow/example_dags/example_short_circuit_operator.py
[2023-12-18T14:39:56.282+0000] {logging_mixin.py:154} INFO - [2023-12-18T14:39:56.282+0000] {dag.py:2941} INFO - Sync 1 DAGs
[2023-12-18T14:39:56.350+0000] {logging_mixin.py:154} INFO - [2023-12-18T14:39:56.350+0000] {dag.py:3722} INFO - Setting next_dagrun for example_short_circuit_operator to 2023-12-17T14:39:56.350040+00:00, run_after=2023-12-18T14:39:56.350040+00:00
[2023-12-18T14:39:56.389+0000] {processor.py:179} INFO - Processing /home/airflow/.local/lib/python3.8/site-packages/airflow/example_dags/example_short_circuit_operator.py took 0.189 seconds
[2023-12-18T14:40:27.022+0000] {processor.py:157} INFO - Started process (PID=145) to work on /home/airflow/.local/lib/python3.8/site-packages/airflow/example_dags/example_short_circuit_operator.py
[2023-12-18T14:40:27.023+0000] {processor.py:829} INFO - Processing file /home/airflow/.local/lib/python3.8/site-packages/airflow/example_dags/example_short_circuit_operator.py for tasks to queue
[2023-12-18T14:40:27.025+0000] {logging_mixin.py:154} INFO - [2023-12-18T14:40:27.025+0000] {dagbag.py:536} INFO - Filling up the DagBag from /home/airflow/.local/lib/python3.8/site-packages/airflow/example_dags/example_short_circuit_operator.py
[2023-12-18T14:40:27.029+0000] {processor.py:839} INFO - DAG(s) dict_keys(['example_short_circuit_operator']) retrieved from /home/airflow/.local/lib/python3.8/site-packages/airflow/example_dags/example_short_circuit_operator.py
[2023-12-18T14:40:27.045+0000] {logging_mixin.py:154} INFO - [2023-12-18T14:40:27.045+0000] {dag.py:2941} INFO - Sync 1 DAGs
[2023-12-18T14:40:27.060+0000] {logging_mixin.py:154} INFO - [2023-12-18T14:40:27.059+0000] {dag.py:3722} INFO - Setting next_dagrun for example_short_circuit_operator to 2023-12-17T14:40:27.059723+00:00, run_after=2023-12-18T14:40:27.059723+00:00
[2023-12-18T14:40:27.074+0000] {processor.py:179} INFO - Processing /home/airflow/.local/lib/python3.8/site-packages/airflow/example_dags/example_short_circuit_operator.py took 0.053 seconds
[2023-12-18T14:40:57.146+0000] {processor.py:157} INFO - Started process (PID=214) to work on /home/airflow/.local/lib/python3.8/site-packages/airflow/example_dags/example_short_circuit_operator.py
[2023-12-18T14:40:57.147+0000] {processor.py:829} INFO - Processing file /home/airflow/.local/lib/python3.8/site-packages/airflow/example_dags/example_short_circuit_operator.py for tasks to queue
[2023-12-18T14:40:57.149+0000] {logging_mixin.py:154} INFO - [2023-12-18T14:40:57.148+0000] {dagbag.py:536} INFO - Filling up the DagBag from /home/airflow/.local/lib/python3.8/site-packages/airflow/example_dags/example_short_circuit_operator.py
[2023-12-18T14:40:57.153+0000] {processor.py:839} INFO - DAG(s) dict_keys(['example_short_circuit_operator']) retrieved from /home/airflow/.local/lib/python3.8/site-packages/airflow/example_dags/example_short_circuit_operator.py
[2023-12-18T14:40:57.167+0000] {logging_mixin.py:154} INFO - [2023-12-18T14:40:57.167+0000] {dag.py:2941} INFO - Sync 1 DAGs
[2023-12-18T14:40:57.180+0000] {logging_mixin.py:154} INFO - [2023-12-18T14:40:57.180+0000] {dag.py:3722} INFO - Setting next_dagrun for example_short_circuit_operator to 2023-12-17T14:40:57.180002+00:00, run_after=2023-12-18T14:40:57.180002+00:00
[2023-12-18T14:40:57.191+0000] {processor.py:179} INFO - Processing /home/airflow/.local/lib/python3.8/site-packages/airflow/example_dags/example_short_circuit_operator.py took 0.046 seconds
[2023-12-18T14:41:27.937+0000] {processor.py:157} INFO - Started process (PID=283) to work on /home/airflow/.local/lib/python3.8/site-packages/airflow/example_dags/example_short_circuit_operator.py
[2023-12-18T14:41:27.937+0000] {processor.py:829} INFO - Processing file /home/airflow/.local/lib/python3.8/site-packages/airflow/example_dags/example_short_circuit_operator.py for tasks to queue
[2023-12-18T14:41:27.938+0000] {logging_mixin.py:154} INFO - [2023-12-18T14:41:27.938+0000] {dagbag.py:536} INFO - Filling up the DagBag from /home/airflow/.local/lib/python3.8/site-packages/airflow/example_dags/example_short_circuit_operator.py
[2023-12-18T14:41:27.943+0000] {processor.py:839} INFO - DAG(s) dict_keys(['example_short_circuit_operator']) retrieved from /home/airflow/.local/lib/python3.8/site-packages/airflow/example_dags/example_short_circuit_operator.py
[2023-12-18T14:41:27.960+0000] {logging_mixin.py:154} INFO - [2023-12-18T14:41:27.960+0000] {dag.py:2941} INFO - Sync 1 DAGs
[2023-12-18T14:41:27.977+0000] {logging_mixin.py:154} INFO - [2023-12-18T14:41:27.977+0000] {dag.py:3722} INFO - Setting next_dagrun for example_short_circuit_operator to 2023-12-17T14:41:27.976978+00:00, run_after=2023-12-18T14:41:27.976978+00:00
[2023-12-18T14:41:27.991+0000] {processor.py:179} INFO - Processing /home/airflow/.local/lib/python3.8/site-packages/airflow/example_dags/example_short_circuit_operator.py took 0.056 seconds
[2023-12-18T14:41:58.726+0000] {processor.py:157} INFO - Started process (PID=353) to work on /home/airflow/.local/lib/python3.8/site-packages/airflow/example_dags/example_short_circuit_operator.py
[2023-12-18T14:41:58.727+0000] {processor.py:829} INFO - Processing file /home/airflow/.local/lib/python3.8/site-packages/airflow/example_dags/example_short_circuit_operator.py for tasks to queue
[2023-12-18T14:41:58.728+0000] {logging_mixin.py:154} INFO - [2023-12-18T14:41:58.728+0000] {dagbag.py:536} INFO - Filling up the DagBag from /home/airflow/.local/lib/python3.8/site-packages/airflow/example_dags/example_short_circuit_operator.py
[2023-12-18T14:41:58.733+0000] {processor.py:839} INFO - DAG(s) dict_keys(['example_short_circuit_operator']) retrieved from /home/airflow/.local/lib/python3.8/site-packages/airflow/example_dags/example_short_circuit_operator.py
[2023-12-18T14:41:58.746+0000] {logging_mixin.py:154} INFO - [2023-12-18T14:41:58.746+0000] {dag.py:2941} INFO - Sync 1 DAGs
[2023-12-18T14:41:58.759+0000] {logging_mixin.py:154} INFO - [2023-12-18T14:41:58.759+0000] {dag.py:3722} INFO - Setting next_dagrun for example_short_circuit_operator to 2023-12-17T14:41:58.758909+00:00, run_after=2023-12-18T14:41:58.758909+00:00
[2023-12-18T14:41:58.769+0000] {processor.py:179} INFO - Processing /home/airflow/.local/lib/python3.8/site-packages/airflow/example_dags/example_short_circuit_operator.py took 0.045 seconds
[2023-12-18T14:42:29.814+0000] {processor.py:157} INFO - Started process (PID=422) to work on /home/airflow/.local/lib/python3.8/site-packages/airflow/example_dags/example_short_circuit_operator.py
[2023-12-18T14:42:29.815+0000] {processor.py:829} INFO - Processing file /home/airflow/.local/lib/python3.8/site-packages/airflow/example_dags/example_short_circuit_operator.py for tasks to queue
[2023-12-18T14:42:29.816+0000] {logging_mixin.py:154} INFO - [2023-12-18T14:42:29.816+0000] {dagbag.py:536} INFO - Filling up the DagBag from /home/airflow/.local/lib/python3.8/site-packages/airflow/example_dags/example_short_circuit_operator.py
[2023-12-18T14:42:29.820+0000] {processor.py:839} INFO - DAG(s) dict_keys(['example_short_circuit_operator']) retrieved from /home/airflow/.local/lib/python3.8/site-packages/airflow/example_dags/example_short_circuit_operator.py
[2023-12-18T14:42:29.834+0000] {logging_mixin.py:154} INFO - [2023-12-18T14:42:29.834+0000] {dag.py:2941} INFO - Sync 1 DAGs
[2023-12-18T14:42:29.847+0000] {logging_mixin.py:154} INFO - [2023-12-18T14:42:29.847+0000] {dag.py:3722} INFO - Setting next_dagrun for example_short_circuit_operator to 2023-12-17T14:42:29.847602+00:00, run_after=2023-12-18T14:42:29.847602+00:00
[2023-12-18T14:42:29.858+0000] {processor.py:179} INFO - Processing /home/airflow/.local/lib/python3.8/site-packages/airflow/example_dags/example_short_circuit_operator.py took 0.046 seconds
[2023-12-18T14:42:59.918+0000] {processor.py:157} INFO - Started process (PID=491) to work on /home/airflow/.local/lib/python3.8/site-packages/airflow/example_dags/example_short_circuit_operator.py
[2023-12-18T14:42:59.919+0000] {processor.py:829} INFO - Processing file /home/airflow/.local/lib/python3.8/site-packages/airflow/example_dags/example_short_circuit_operator.py for tasks to queue
[2023-12-18T14:42:59.920+0000] {logging_mixin.py:154} INFO - [2023-12-18T14:42:59.920+0000] {dagbag.py:536} INFO - Filling up the DagBag from /home/airflow/.local/lib/python3.8/site-packages/airflow/example_dags/example_short_circuit_operator.py
[2023-12-18T14:42:59.924+0000] {processor.py:839} INFO - DAG(s) dict_keys(['example_short_circuit_operator']) retrieved from /home/airflow/.local/lib/python3.8/site-packages/airflow/example_dags/example_short_circuit_operator.py
[2023-12-18T14:42:59.938+0000] {logging_mixin.py:154} INFO - [2023-12-18T14:42:59.938+0000] {dag.py:2941} INFO - Sync 1 DAGs
[2023-12-18T14:42:59.951+0000] {logging_mixin.py:154} INFO - [2023-12-18T14:42:59.951+0000] {dag.py:3722} INFO - Setting next_dagrun for example_short_circuit_operator to 2023-12-17T14:42:59.951261+00:00, run_after=2023-12-18T14:42:59.951261+00:00
[2023-12-18T14:42:59.962+0000] {processor.py:179} INFO - Processing /home/airflow/.local/lib/python3.8/site-packages/airflow/example_dags/example_short_circuit_operator.py took 0.046 seconds
[2023-12-18T14:44:36.693+0000] {processor.py:157} INFO - Started process (PID=74) to work on /home/airflow/.local/lib/python3.8/site-packages/airflow/example_dags/example_short_circuit_operator.py
[2023-12-18T14:44:36.695+0000] {processor.py:829} INFO - Processing file /home/airflow/.local/lib/python3.8/site-packages/airflow/example_dags/example_short_circuit_operator.py for tasks to queue
[2023-12-18T14:44:36.698+0000] {logging_mixin.py:154} INFO - [2023-12-18T14:44:36.698+0000] {dagbag.py:536} INFO - Filling up the DagBag from /home/airflow/.local/lib/python3.8/site-packages/airflow/example_dags/example_short_circuit_operator.py
[2023-12-18T14:44:36.731+0000] {processor.py:839} INFO - DAG(s) dict_keys(['example_short_circuit_operator']) retrieved from /home/airflow/.local/lib/python3.8/site-packages/airflow/example_dags/example_short_circuit_operator.py
[2023-12-18T14:44:36.753+0000] {logging_mixin.py:154} INFO - [2023-12-18T14:44:36.753+0000] {dag.py:2941} INFO - Sync 1 DAGs
[2023-12-18T14:44:36.791+0000] {logging_mixin.py:154} INFO - [2023-12-18T14:44:36.791+0000] {dag.py:3722} INFO - Setting next_dagrun for example_short_circuit_operator to 2023-12-17T14:44:36.790843+00:00, run_after=2023-12-18T14:44:36.790843+00:00
[2023-12-18T14:44:36.826+0000] {processor.py:179} INFO - Processing /home/airflow/.local/lib/python3.8/site-packages/airflow/example_dags/example_short_circuit_operator.py took 0.141 seconds
[2023-12-18T14:45:07.600+0000] {processor.py:157} INFO - Started process (PID=143) to work on /home/airflow/.local/lib/python3.8/site-packages/airflow/example_dags/example_short_circuit_operator.py
[2023-12-18T14:45:07.601+0000] {processor.py:829} INFO - Processing file /home/airflow/.local/lib/python3.8/site-packages/airflow/example_dags/example_short_circuit_operator.py for tasks to queue
[2023-12-18T14:45:07.602+0000] {logging_mixin.py:154} INFO - [2023-12-18T14:45:07.602+0000] {dagbag.py:536} INFO - Filling up the DagBag from /home/airflow/.local/lib/python3.8/site-packages/airflow/example_dags/example_short_circuit_operator.py
[2023-12-18T14:45:07.606+0000] {processor.py:839} INFO - DAG(s) dict_keys(['example_short_circuit_operator']) retrieved from /home/airflow/.local/lib/python3.8/site-packages/airflow/example_dags/example_short_circuit_operator.py
[2023-12-18T14:45:07.622+0000] {logging_mixin.py:154} INFO - [2023-12-18T14:45:07.622+0000] {dag.py:2941} INFO - Sync 1 DAGs
[2023-12-18T14:45:07.636+0000] {logging_mixin.py:154} INFO - [2023-12-18T14:45:07.635+0000] {dag.py:3722} INFO - Setting next_dagrun for example_short_circuit_operator to 2023-12-17T14:45:07.635855+00:00, run_after=2023-12-18T14:45:07.635855+00:00
[2023-12-18T14:45:07.656+0000] {processor.py:179} INFO - Processing /home/airflow/.local/lib/python3.8/site-packages/airflow/example_dags/example_short_circuit_operator.py took 0.057 seconds
[2023-12-18T14:45:37.775+0000] {processor.py:157} INFO - Started process (PID=212) to work on /home/airflow/.local/lib/python3.8/site-packages/airflow/example_dags/example_short_circuit_operator.py
[2023-12-18T14:45:37.776+0000] {processor.py:829} INFO - Processing file /home/airflow/.local/lib/python3.8/site-packages/airflow/example_dags/example_short_circuit_operator.py for tasks to queue
[2023-12-18T14:45:37.778+0000] {logging_mixin.py:154} INFO - [2023-12-18T14:45:37.777+0000] {dagbag.py:536} INFO - Filling up the DagBag from /home/airflow/.local/lib/python3.8/site-packages/airflow/example_dags/example_short_circuit_operator.py
[2023-12-18T14:45:37.783+0000] {processor.py:839} INFO - DAG(s) dict_keys(['example_short_circuit_operator']) retrieved from /home/airflow/.local/lib/python3.8/site-packages/airflow/example_dags/example_short_circuit_operator.py
[2023-12-18T14:45:37.802+0000] {logging_mixin.py:154} INFO - [2023-12-18T14:45:37.801+0000] {dag.py:2941} INFO - Sync 1 DAGs
[2023-12-18T14:45:37.827+0000] {logging_mixin.py:154} INFO - [2023-12-18T14:45:37.827+0000] {dag.py:3722} INFO - Setting next_dagrun for example_short_circuit_operator to 2023-12-17T14:45:37.827143+00:00, run_after=2023-12-18T14:45:37.827143+00:00
[2023-12-18T14:45:37.842+0000] {processor.py:179} INFO - Processing /home/airflow/.local/lib/python3.8/site-packages/airflow/example_dags/example_short_circuit_operator.py took 0.069 seconds
[2023-12-18T14:46:07.882+0000] {processor.py:157} INFO - Started process (PID=281) to work on /home/airflow/.local/lib/python3.8/site-packages/airflow/example_dags/example_short_circuit_operator.py
[2023-12-18T14:46:07.883+0000] {processor.py:829} INFO - Processing file /home/airflow/.local/lib/python3.8/site-packages/airflow/example_dags/example_short_circuit_operator.py for tasks to queue
[2023-12-18T14:46:07.885+0000] {logging_mixin.py:154} INFO - [2023-12-18T14:46:07.885+0000] {dagbag.py:536} INFO - Filling up the DagBag from /home/airflow/.local/lib/python3.8/site-packages/airflow/example_dags/example_short_circuit_operator.py
[2023-12-18T14:46:07.889+0000] {processor.py:839} INFO - DAG(s) dict_keys(['example_short_circuit_operator']) retrieved from /home/airflow/.local/lib/python3.8/site-packages/airflow/example_dags/example_short_circuit_operator.py
[2023-12-18T14:46:07.904+0000] {logging_mixin.py:154} INFO - [2023-12-18T14:46:07.904+0000] {dag.py:2941} INFO - Sync 1 DAGs
[2023-12-18T14:46:07.919+0000] {logging_mixin.py:154} INFO - [2023-12-18T14:46:07.918+0000] {dag.py:3722} INFO - Setting next_dagrun for example_short_circuit_operator to 2023-12-17T14:46:07.918824+00:00, run_after=2023-12-18T14:46:07.918824+00:00
[2023-12-18T14:46:07.929+0000] {processor.py:179} INFO - Processing /home/airflow/.local/lib/python3.8/site-packages/airflow/example_dags/example_short_circuit_operator.py took 0.057 seconds
[2023-12-18T14:46:38.695+0000] {processor.py:157} INFO - Started process (PID=350) to work on /home/airflow/.local/lib/python3.8/site-packages/airflow/example_dags/example_short_circuit_operator.py
[2023-12-18T14:46:38.695+0000] {processor.py:829} INFO - Processing file /home/airflow/.local/lib/python3.8/site-packages/airflow/example_dags/example_short_circuit_operator.py for tasks to queue
[2023-12-18T14:46:38.696+0000] {logging_mixin.py:154} INFO - [2023-12-18T14:46:38.696+0000] {dagbag.py:536} INFO - Filling up the DagBag from /home/airflow/.local/lib/python3.8/site-packages/airflow/example_dags/example_short_circuit_operator.py
[2023-12-18T14:46:38.700+0000] {processor.py:839} INFO - DAG(s) dict_keys(['example_short_circuit_operator']) retrieved from /home/airflow/.local/lib/python3.8/site-packages/airflow/example_dags/example_short_circuit_operator.py
[2023-12-18T14:46:38.715+0000] {logging_mixin.py:154} INFO - [2023-12-18T14:46:38.715+0000] {dag.py:2941} INFO - Sync 1 DAGs
[2023-12-18T14:46:38.728+0000] {logging_mixin.py:154} INFO - [2023-12-18T14:46:38.728+0000] {dag.py:3722} INFO - Setting next_dagrun for example_short_circuit_operator to 2023-12-17T14:46:38.728371+00:00, run_after=2023-12-18T14:46:38.728371+00:00
[2023-12-18T14:46:38.739+0000] {processor.py:179} INFO - Processing /home/airflow/.local/lib/python3.8/site-packages/airflow/example_dags/example_short_circuit_operator.py took 0.047 seconds
[2023-12-18T14:47:09.587+0000] {processor.py:157} INFO - Started process (PID=419) to work on /home/airflow/.local/lib/python3.8/site-packages/airflow/example_dags/example_short_circuit_operator.py
[2023-12-18T14:47:09.588+0000] {processor.py:829} INFO - Processing file /home/airflow/.local/lib/python3.8/site-packages/airflow/example_dags/example_short_circuit_operator.py for tasks to queue
[2023-12-18T14:47:09.590+0000] {logging_mixin.py:154} INFO - [2023-12-18T14:47:09.589+0000] {dagbag.py:536} INFO - Filling up the DagBag from /home/airflow/.local/lib/python3.8/site-packages/airflow/example_dags/example_short_circuit_operator.py
[2023-12-18T14:47:09.595+0000] {processor.py:839} INFO - DAG(s) dict_keys(['example_short_circuit_operator']) retrieved from /home/airflow/.local/lib/python3.8/site-packages/airflow/example_dags/example_short_circuit_operator.py
[2023-12-18T14:47:09.613+0000] {logging_mixin.py:154} INFO - [2023-12-18T14:47:09.613+0000] {dag.py:2941} INFO - Sync 1 DAGs
[2023-12-18T14:47:09.628+0000] {logging_mixin.py:154} INFO - [2023-12-18T14:47:09.628+0000] {dag.py:3722} INFO - Setting next_dagrun for example_short_circuit_operator to 2023-12-17T14:47:09.628086+00:00, run_after=2023-12-18T14:47:09.628086+00:00
[2023-12-18T14:47:09.639+0000] {processor.py:179} INFO - Processing /home/airflow/.local/lib/python3.8/site-packages/airflow/example_dags/example_short_circuit_operator.py took 0.053 seconds
[2023-12-18T14:47:39.659+0000] {processor.py:157} INFO - Started process (PID=487) to work on /home/airflow/.local/lib/python3.8/site-packages/airflow/example_dags/example_short_circuit_operator.py
[2023-12-18T14:47:39.659+0000] {processor.py:829} INFO - Processing file /home/airflow/.local/lib/python3.8/site-packages/airflow/example_dags/example_short_circuit_operator.py for tasks to queue
[2023-12-18T14:47:39.661+0000] {logging_mixin.py:154} INFO - [2023-12-18T14:47:39.661+0000] {dagbag.py:536} INFO - Filling up the DagBag from /home/airflow/.local/lib/python3.8/site-packages/airflow/example_dags/example_short_circuit_operator.py
[2023-12-18T14:47:39.665+0000] {processor.py:839} INFO - DAG(s) dict_keys(['example_short_circuit_operator']) retrieved from /home/airflow/.local/lib/python3.8/site-packages/airflow/example_dags/example_short_circuit_operator.py
[2023-12-18T14:47:39.679+0000] {logging_mixin.py:154} INFO - [2023-12-18T14:47:39.679+0000] {dag.py:2941} INFO - Sync 1 DAGs
[2023-12-18T14:47:39.691+0000] {logging_mixin.py:154} INFO - [2023-12-18T14:47:39.691+0000] {dag.py:3722} INFO - Setting next_dagrun for example_short_circuit_operator to 2023-12-17T14:47:39.691528+00:00, run_after=2023-12-18T14:47:39.691528+00:00
[2023-12-18T14:47:39.702+0000] {processor.py:179} INFO - Processing /home/airflow/.local/lib/python3.8/site-packages/airflow/example_dags/example_short_circuit_operator.py took 0.045 seconds
[2023-12-18T14:48:09.931+0000] {processor.py:157} INFO - Started process (PID=558) to work on /home/airflow/.local/lib/python3.8/site-packages/airflow/example_dags/example_short_circuit_operator.py
[2023-12-18T14:48:09.932+0000] {processor.py:829} INFO - Processing file /home/airflow/.local/lib/python3.8/site-packages/airflow/example_dags/example_short_circuit_operator.py for tasks to queue
[2023-12-18T14:48:09.933+0000] {logging_mixin.py:154} INFO - [2023-12-18T14:48:09.933+0000] {dagbag.py:536} INFO - Filling up the DagBag from /home/airflow/.local/lib/python3.8/site-packages/airflow/example_dags/example_short_circuit_operator.py
[2023-12-18T14:48:09.937+0000] {processor.py:839} INFO - DAG(s) dict_keys(['example_short_circuit_operator']) retrieved from /home/airflow/.local/lib/python3.8/site-packages/airflow/example_dags/example_short_circuit_operator.py
[2023-12-18T14:48:09.952+0000] {logging_mixin.py:154} INFO - [2023-12-18T14:48:09.951+0000] {dag.py:2941} INFO - Sync 1 DAGs
[2023-12-18T14:48:09.965+0000] {logging_mixin.py:154} INFO - [2023-12-18T14:48:09.965+0000] {dag.py:3722} INFO - Setting next_dagrun for example_short_circuit_operator to 2023-12-17T14:48:09.965448+00:00, run_after=2023-12-18T14:48:09.965448+00:00
[2023-12-18T14:48:09.991+0000] {processor.py:179} INFO - Processing /home/airflow/.local/lib/python3.8/site-packages/airflow/example_dags/example_short_circuit_operator.py took 0.062 seconds
[2023-12-18T14:48:40.913+0000] {processor.py:157} INFO - Started process (PID=628) to work on /home/airflow/.local/lib/python3.8/site-packages/airflow/example_dags/example_short_circuit_operator.py
[2023-12-18T14:48:40.914+0000] {processor.py:829} INFO - Processing file /home/airflow/.local/lib/python3.8/site-packages/airflow/example_dags/example_short_circuit_operator.py for tasks to queue
[2023-12-18T14:48:40.915+0000] {logging_mixin.py:154} INFO - [2023-12-18T14:48:40.915+0000] {dagbag.py:536} INFO - Filling up the DagBag from /home/airflow/.local/lib/python3.8/site-packages/airflow/example_dags/example_short_circuit_operator.py
[2023-12-18T14:48:40.920+0000] {processor.py:839} INFO - DAG(s) dict_keys(['example_short_circuit_operator']) retrieved from /home/airflow/.local/lib/python3.8/site-packages/airflow/example_dags/example_short_circuit_operator.py
[2023-12-18T14:48:40.934+0000] {logging_mixin.py:154} INFO - [2023-12-18T14:48:40.934+0000] {dag.py:2941} INFO - Sync 1 DAGs
[2023-12-18T14:48:40.952+0000] {logging_mixin.py:154} INFO - [2023-12-18T14:48:40.952+0000] {dag.py:3722} INFO - Setting next_dagrun for example_short_circuit_operator to 2023-12-17T14:48:40.952527+00:00, run_after=2023-12-18T14:48:40.952527+00:00
[2023-12-18T14:48:40.996+0000] {processor.py:179} INFO - Processing /home/airflow/.local/lib/python3.8/site-packages/airflow/example_dags/example_short_circuit_operator.py took 0.084 seconds
[2023-12-18T14:52:09.172+0000] {processor.py:157} INFO - Started process (PID=75) to work on /home/airflow/.local/lib/python3.8/site-packages/airflow/example_dags/example_short_circuit_operator.py
[2023-12-18T14:52:09.173+0000] {processor.py:829} INFO - Processing file /home/airflow/.local/lib/python3.8/site-packages/airflow/example_dags/example_short_circuit_operator.py for tasks to queue
[2023-12-18T14:52:09.175+0000] {logging_mixin.py:154} INFO - [2023-12-18T14:52:09.174+0000] {dagbag.py:536} INFO - Filling up the DagBag from /home/airflow/.local/lib/python3.8/site-packages/airflow/example_dags/example_short_circuit_operator.py
[2023-12-18T14:52:09.187+0000] {processor.py:839} INFO - DAG(s) dict_keys(['example_short_circuit_operator']) retrieved from /home/airflow/.local/lib/python3.8/site-packages/airflow/example_dags/example_short_circuit_operator.py
[2023-12-18T14:52:09.201+0000] {logging_mixin.py:154} INFO - [2023-12-18T14:52:09.201+0000] {dag.py:2941} INFO - Sync 1 DAGs
[2023-12-18T14:52:09.230+0000] {logging_mixin.py:154} INFO - [2023-12-18T14:52:09.230+0000] {dag.py:3722} INFO - Setting next_dagrun for example_short_circuit_operator to 2023-12-17T14:52:09.229862+00:00, run_after=2023-12-18T14:52:09.229862+00:00
[2023-12-18T14:52:09.251+0000] {processor.py:179} INFO - Processing /home/airflow/.local/lib/python3.8/site-packages/airflow/example_dags/example_short_circuit_operator.py took 0.084 seconds
[2023-12-18T14:52:39.830+0000] {processor.py:157} INFO - Started process (PID=144) to work on /home/airflow/.local/lib/python3.8/site-packages/airflow/example_dags/example_short_circuit_operator.py
[2023-12-18T14:52:39.831+0000] {processor.py:829} INFO - Processing file /home/airflow/.local/lib/python3.8/site-packages/airflow/example_dags/example_short_circuit_operator.py for tasks to queue
[2023-12-18T14:52:39.832+0000] {logging_mixin.py:154} INFO - [2023-12-18T14:52:39.832+0000] {dagbag.py:536} INFO - Filling up the DagBag from /home/airflow/.local/lib/python3.8/site-packages/airflow/example_dags/example_short_circuit_operator.py
[2023-12-18T14:52:39.837+0000] {processor.py:839} INFO - DAG(s) dict_keys(['example_short_circuit_operator']) retrieved from /home/airflow/.local/lib/python3.8/site-packages/airflow/example_dags/example_short_circuit_operator.py
[2023-12-18T14:52:39.857+0000] {logging_mixin.py:154} INFO - [2023-12-18T14:52:39.856+0000] {dag.py:2941} INFO - Sync 1 DAGs
[2023-12-18T14:52:39.887+0000] {logging_mixin.py:154} INFO - [2023-12-18T14:52:39.887+0000] {dag.py:3722} INFO - Setting next_dagrun for example_short_circuit_operator to 2023-12-17T14:52:39.887529+00:00, run_after=2023-12-18T14:52:39.887529+00:00
[2023-12-18T14:52:39.902+0000] {processor.py:179} INFO - Processing /home/airflow/.local/lib/python3.8/site-packages/airflow/example_dags/example_short_circuit_operator.py took 0.074 seconds
[2023-12-18T14:53:10.096+0000] {processor.py:157} INFO - Started process (PID=214) to work on /home/airflow/.local/lib/python3.8/site-packages/airflow/example_dags/example_short_circuit_operator.py
[2023-12-18T14:53:10.096+0000] {processor.py:829} INFO - Processing file /home/airflow/.local/lib/python3.8/site-packages/airflow/example_dags/example_short_circuit_operator.py for tasks to queue
[2023-12-18T14:53:10.098+0000] {logging_mixin.py:154} INFO - [2023-12-18T14:53:10.098+0000] {dagbag.py:536} INFO - Filling up the DagBag from /home/airflow/.local/lib/python3.8/site-packages/airflow/example_dags/example_short_circuit_operator.py
[2023-12-18T14:53:10.102+0000] {processor.py:839} INFO - DAG(s) dict_keys(['example_short_circuit_operator']) retrieved from /home/airflow/.local/lib/python3.8/site-packages/airflow/example_dags/example_short_circuit_operator.py
[2023-12-18T14:53:10.116+0000] {logging_mixin.py:154} INFO - [2023-12-18T14:53:10.116+0000] {dag.py:2941} INFO - Sync 1 DAGs
[2023-12-18T14:53:10.130+0000] {logging_mixin.py:154} INFO - [2023-12-18T14:53:10.130+0000] {dag.py:3722} INFO - Setting next_dagrun for example_short_circuit_operator to 2023-12-17T14:53:10.130028+00:00, run_after=2023-12-18T14:53:10.130028+00:00
[2023-12-18T14:53:10.140+0000] {processor.py:179} INFO - Processing /home/airflow/.local/lib/python3.8/site-packages/airflow/example_dags/example_short_circuit_operator.py took 0.046 seconds
[2023-12-18T14:53:40.850+0000] {processor.py:157} INFO - Started process (PID=283) to work on /home/airflow/.local/lib/python3.8/site-packages/airflow/example_dags/example_short_circuit_operator.py
[2023-12-18T14:53:40.850+0000] {processor.py:829} INFO - Processing file /home/airflow/.local/lib/python3.8/site-packages/airflow/example_dags/example_short_circuit_operator.py for tasks to queue
[2023-12-18T14:53:40.852+0000] {logging_mixin.py:154} INFO - [2023-12-18T14:53:40.851+0000] {dagbag.py:536} INFO - Filling up the DagBag from /home/airflow/.local/lib/python3.8/site-packages/airflow/example_dags/example_short_circuit_operator.py
[2023-12-18T14:53:40.856+0000] {processor.py:839} INFO - DAG(s) dict_keys(['example_short_circuit_operator']) retrieved from /home/airflow/.local/lib/python3.8/site-packages/airflow/example_dags/example_short_circuit_operator.py
[2023-12-18T14:53:40.900+0000] {logging_mixin.py:154} INFO - [2023-12-18T14:53:40.899+0000] {dag.py:2941} INFO - Sync 1 DAGs
[2023-12-18T14:53:40.914+0000] {logging_mixin.py:154} INFO - [2023-12-18T14:53:40.914+0000] {dag.py:3722} INFO - Setting next_dagrun for example_short_circuit_operator to 2023-12-17T14:53:40.914128+00:00, run_after=2023-12-18T14:53:40.914128+00:00
[2023-12-18T14:53:40.925+0000] {processor.py:179} INFO - Processing /home/airflow/.local/lib/python3.8/site-packages/airflow/example_dags/example_short_circuit_operator.py took 0.077 seconds
