[2023-12-18T14:25:40.742+0000] {processor.py:157} INFO - Started process (PID=66) to work on /home/airflow/.local/lib/python3.8/site-packages/airflow/example_dags/example_task_group_decorator.py
[2023-12-18T14:25:40.743+0000] {processor.py:829} INFO - Processing file /home/airflow/.local/lib/python3.8/site-packages/airflow/example_dags/example_task_group_decorator.py for tasks to queue
[2023-12-18T14:25:40.744+0000] {logging_mixin.py:154} INFO - [2023-12-18T14:25:40.744+0000] {dagbag.py:536} INFO - Filling up the DagBag from /home/airflow/.local/lib/python3.8/site-packages/airflow/example_dags/example_task_group_decorator.py
[2023-12-18T14:25:40.762+0000] {processor.py:839} INFO - DAG(s) dict_keys(['example_task_group_decorator']) retrieved from /home/airflow/.local/lib/python3.8/site-packages/airflow/example_dags/example_task_group_decorator.py
[2023-12-18T14:25:40.771+0000] {logging_mixin.py:154} INFO - [2023-12-18T14:25:40.771+0000] {dag.py:2941} INFO - Sync 1 DAGs
[2023-12-18T14:25:40.803+0000] {logging_mixin.py:154} INFO - [2023-12-18T14:25:40.803+0000] {dag.py:3722} INFO - Setting next_dagrun for example_task_group_decorator to 2023-12-17T14:25:40.802934+00:00, run_after=2023-12-18T14:25:40.802934+00:00
[2023-12-18T14:25:40.838+0000] {processor.py:179} INFO - Processing /home/airflow/.local/lib/python3.8/site-packages/airflow/example_dags/example_task_group_decorator.py took 0.100 seconds
[2023-12-18T14:26:11.436+0000] {processor.py:157} INFO - Started process (PID=135) to work on /home/airflow/.local/lib/python3.8/site-packages/airflow/example_dags/example_task_group_decorator.py
[2023-12-18T14:26:11.437+0000] {processor.py:829} INFO - Processing file /home/airflow/.local/lib/python3.8/site-packages/airflow/example_dags/example_task_group_decorator.py for tasks to queue
[2023-12-18T14:26:11.438+0000] {logging_mixin.py:154} INFO - [2023-12-18T14:26:11.438+0000] {dagbag.py:536} INFO - Filling up the DagBag from /home/airflow/.local/lib/python3.8/site-packages/airflow/example_dags/example_task_group_decorator.py
[2023-12-18T14:26:11.449+0000] {processor.py:839} INFO - DAG(s) dict_keys(['example_task_group_decorator']) retrieved from /home/airflow/.local/lib/python3.8/site-packages/airflow/example_dags/example_task_group_decorator.py
[2023-12-18T14:26:11.482+0000] {logging_mixin.py:154} INFO - [2023-12-18T14:26:11.481+0000] {dag.py:2941} INFO - Sync 1 DAGs
[2023-12-18T14:26:11.496+0000] {logging_mixin.py:154} INFO - [2023-12-18T14:26:11.496+0000] {dag.py:3722} INFO - Setting next_dagrun for example_task_group_decorator to 2023-12-17T14:26:11.496610+00:00, run_after=2023-12-18T14:26:11.496610+00:00
[2023-12-18T14:26:11.507+0000] {processor.py:179} INFO - Processing /home/airflow/.local/lib/python3.8/site-packages/airflow/example_dags/example_task_group_decorator.py took 0.073 seconds
[2023-12-18T14:26:41.671+0000] {processor.py:157} INFO - Started process (PID=205) to work on /home/airflow/.local/lib/python3.8/site-packages/airflow/example_dags/example_task_group_decorator.py
[2023-12-18T14:26:41.671+0000] {processor.py:829} INFO - Processing file /home/airflow/.local/lib/python3.8/site-packages/airflow/example_dags/example_task_group_decorator.py for tasks to queue
[2023-12-18T14:26:41.673+0000] {logging_mixin.py:154} INFO - [2023-12-18T14:26:41.672+0000] {dagbag.py:536} INFO - Filling up the DagBag from /home/airflow/.local/lib/python3.8/site-packages/airflow/example_dags/example_task_group_decorator.py
[2023-12-18T14:26:41.680+0000] {processor.py:839} INFO - DAG(s) dict_keys(['example_task_group_decorator']) retrieved from /home/airflow/.local/lib/python3.8/site-packages/airflow/example_dags/example_task_group_decorator.py
[2023-12-18T14:26:41.694+0000] {logging_mixin.py:154} INFO - [2023-12-18T14:26:41.694+0000] {dag.py:2941} INFO - Sync 1 DAGs
[2023-12-18T14:26:41.707+0000] {logging_mixin.py:154} INFO - [2023-12-18T14:26:41.707+0000] {dag.py:3722} INFO - Setting next_dagrun for example_task_group_decorator to 2023-12-17T14:26:41.706912+00:00, run_after=2023-12-18T14:26:41.706912+00:00
[2023-12-18T14:26:41.716+0000] {processor.py:179} INFO - Processing /home/airflow/.local/lib/python3.8/site-packages/airflow/example_dags/example_task_group_decorator.py took 0.046 seconds
[2023-12-18T14:27:12.574+0000] {processor.py:157} INFO - Started process (PID=274) to work on /home/airflow/.local/lib/python3.8/site-packages/airflow/example_dags/example_task_group_decorator.py
[2023-12-18T14:27:12.574+0000] {processor.py:829} INFO - Processing file /home/airflow/.local/lib/python3.8/site-packages/airflow/example_dags/example_task_group_decorator.py for tasks to queue
[2023-12-18T14:27:12.575+0000] {logging_mixin.py:154} INFO - [2023-12-18T14:27:12.575+0000] {dagbag.py:536} INFO - Filling up the DagBag from /home/airflow/.local/lib/python3.8/site-packages/airflow/example_dags/example_task_group_decorator.py
[2023-12-18T14:27:12.584+0000] {processor.py:839} INFO - DAG(s) dict_keys(['example_task_group_decorator']) retrieved from /home/airflow/.local/lib/python3.8/site-packages/airflow/example_dags/example_task_group_decorator.py
[2023-12-18T14:27:12.598+0000] {logging_mixin.py:154} INFO - [2023-12-18T14:27:12.598+0000] {dag.py:2941} INFO - Sync 1 DAGs
[2023-12-18T14:27:12.610+0000] {logging_mixin.py:154} INFO - [2023-12-18T14:27:12.610+0000] {dag.py:3722} INFO - Setting next_dagrun for example_task_group_decorator to 2023-12-17T14:27:12.610651+00:00, run_after=2023-12-18T14:27:12.610651+00:00
[2023-12-18T14:27:12.621+0000] {processor.py:179} INFO - Processing /home/airflow/.local/lib/python3.8/site-packages/airflow/example_dags/example_task_group_decorator.py took 0.049 seconds
[2023-12-18T14:27:43.423+0000] {processor.py:157} INFO - Started process (PID=343) to work on /home/airflow/.local/lib/python3.8/site-packages/airflow/example_dags/example_task_group_decorator.py
[2023-12-18T14:27:43.424+0000] {processor.py:829} INFO - Processing file /home/airflow/.local/lib/python3.8/site-packages/airflow/example_dags/example_task_group_decorator.py for tasks to queue
[2023-12-18T14:27:43.427+0000] {logging_mixin.py:154} INFO - [2023-12-18T14:27:43.427+0000] {dagbag.py:536} INFO - Filling up the DagBag from /home/airflow/.local/lib/python3.8/site-packages/airflow/example_dags/example_task_group_decorator.py
[2023-12-18T14:27:43.437+0000] {processor.py:839} INFO - DAG(s) dict_keys(['example_task_group_decorator']) retrieved from /home/airflow/.local/lib/python3.8/site-packages/airflow/example_dags/example_task_group_decorator.py
[2023-12-18T14:27:43.453+0000] {logging_mixin.py:154} INFO - [2023-12-18T14:27:43.453+0000] {dag.py:2941} INFO - Sync 1 DAGs
[2023-12-18T14:27:43.466+0000] {logging_mixin.py:154} INFO - [2023-12-18T14:27:43.466+0000] {dag.py:3722} INFO - Setting next_dagrun for example_task_group_decorator to 2023-12-17T14:27:43.466484+00:00, run_after=2023-12-18T14:27:43.466484+00:00
[2023-12-18T14:27:43.478+0000] {processor.py:179} INFO - Processing /home/airflow/.local/lib/python3.8/site-packages/airflow/example_dags/example_task_group_decorator.py took 0.057 seconds
[2023-12-18T14:28:13.593+0000] {processor.py:157} INFO - Started process (PID=411) to work on /home/airflow/.local/lib/python3.8/site-packages/airflow/example_dags/example_task_group_decorator.py
[2023-12-18T14:28:13.593+0000] {processor.py:829} INFO - Processing file /home/airflow/.local/lib/python3.8/site-packages/airflow/example_dags/example_task_group_decorator.py for tasks to queue
[2023-12-18T14:28:13.595+0000] {logging_mixin.py:154} INFO - [2023-12-18T14:28:13.595+0000] {dagbag.py:536} INFO - Filling up the DagBag from /home/airflow/.local/lib/python3.8/site-packages/airflow/example_dags/example_task_group_decorator.py
[2023-12-18T14:28:13.603+0000] {processor.py:839} INFO - DAG(s) dict_keys(['example_task_group_decorator']) retrieved from /home/airflow/.local/lib/python3.8/site-packages/airflow/example_dags/example_task_group_decorator.py
[2023-12-18T14:28:13.624+0000] {logging_mixin.py:154} INFO - [2023-12-18T14:28:13.624+0000] {dag.py:2941} INFO - Sync 1 DAGs
[2023-12-18T14:28:13.640+0000] {logging_mixin.py:154} INFO - [2023-12-18T14:28:13.640+0000] {dag.py:3722} INFO - Setting next_dagrun for example_task_group_decorator to 2023-12-17T14:28:13.640154+00:00, run_after=2023-12-18T14:28:13.640154+00:00
[2023-12-18T14:28:13.653+0000] {processor.py:179} INFO - Processing /home/airflow/.local/lib/python3.8/site-packages/airflow/example_dags/example_task_group_decorator.py took 0.064 seconds
[2023-12-18T14:28:44.408+0000] {processor.py:157} INFO - Started process (PID=487) to work on /home/airflow/.local/lib/python3.8/site-packages/airflow/example_dags/example_task_group_decorator.py
[2023-12-18T14:28:44.409+0000] {processor.py:829} INFO - Processing file /home/airflow/.local/lib/python3.8/site-packages/airflow/example_dags/example_task_group_decorator.py for tasks to queue
[2023-12-18T14:28:44.410+0000] {logging_mixin.py:154} INFO - [2023-12-18T14:28:44.410+0000] {dagbag.py:536} INFO - Filling up the DagBag from /home/airflow/.local/lib/python3.8/site-packages/airflow/example_dags/example_task_group_decorator.py
[2023-12-18T14:28:44.418+0000] {processor.py:839} INFO - DAG(s) dict_keys(['example_task_group_decorator']) retrieved from /home/airflow/.local/lib/python3.8/site-packages/airflow/example_dags/example_task_group_decorator.py
[2023-12-18T14:28:44.433+0000] {logging_mixin.py:154} INFO - [2023-12-18T14:28:44.433+0000] {dag.py:2941} INFO - Sync 1 DAGs
[2023-12-18T14:28:44.447+0000] {logging_mixin.py:154} INFO - [2023-12-18T14:28:44.447+0000] {dag.py:3722} INFO - Setting next_dagrun for example_task_group_decorator to 2023-12-17T14:28:44.447218+00:00, run_after=2023-12-18T14:28:44.447218+00:00
[2023-12-18T14:28:44.457+0000] {processor.py:179} INFO - Processing /home/airflow/.local/lib/python3.8/site-packages/airflow/example_dags/example_task_group_decorator.py took 0.051 seconds
[2023-12-18T14:29:15.314+0000] {processor.py:157} INFO - Started process (PID=556) to work on /home/airflow/.local/lib/python3.8/site-packages/airflow/example_dags/example_task_group_decorator.py
[2023-12-18T14:29:15.314+0000] {processor.py:829} INFO - Processing file /home/airflow/.local/lib/python3.8/site-packages/airflow/example_dags/example_task_group_decorator.py for tasks to queue
[2023-12-18T14:29:15.316+0000] {logging_mixin.py:154} INFO - [2023-12-18T14:29:15.315+0000] {dagbag.py:536} INFO - Filling up the DagBag from /home/airflow/.local/lib/python3.8/site-packages/airflow/example_dags/example_task_group_decorator.py
[2023-12-18T14:29:15.324+0000] {processor.py:839} INFO - DAG(s) dict_keys(['example_task_group_decorator']) retrieved from /home/airflow/.local/lib/python3.8/site-packages/airflow/example_dags/example_task_group_decorator.py
[2023-12-18T14:29:15.345+0000] {logging_mixin.py:154} INFO - [2023-12-18T14:29:15.345+0000] {dag.py:2941} INFO - Sync 1 DAGs
[2023-12-18T14:29:15.364+0000] {logging_mixin.py:154} INFO - [2023-12-18T14:29:15.364+0000] {dag.py:3722} INFO - Setting next_dagrun for example_task_group_decorator to 2023-12-17T14:29:15.364418+00:00, run_after=2023-12-18T14:29:15.364418+00:00
[2023-12-18T14:29:15.377+0000] {processor.py:179} INFO - Processing /home/airflow/.local/lib/python3.8/site-packages/airflow/example_dags/example_task_group_decorator.py took 0.067 seconds
[2023-12-18T14:29:45.414+0000] {processor.py:157} INFO - Started process (PID=625) to work on /home/airflow/.local/lib/python3.8/site-packages/airflow/example_dags/example_task_group_decorator.py
[2023-12-18T14:29:45.415+0000] {processor.py:829} INFO - Processing file /home/airflow/.local/lib/python3.8/site-packages/airflow/example_dags/example_task_group_decorator.py for tasks to queue
[2023-12-18T14:29:45.416+0000] {logging_mixin.py:154} INFO - [2023-12-18T14:29:45.416+0000] {dagbag.py:536} INFO - Filling up the DagBag from /home/airflow/.local/lib/python3.8/site-packages/airflow/example_dags/example_task_group_decorator.py
[2023-12-18T14:29:45.428+0000] {processor.py:839} INFO - DAG(s) dict_keys(['example_task_group_decorator']) retrieved from /home/airflow/.local/lib/python3.8/site-packages/airflow/example_dags/example_task_group_decorator.py
[2023-12-18T14:29:45.447+0000] {logging_mixin.py:154} INFO - [2023-12-18T14:29:45.447+0000] {dag.py:2941} INFO - Sync 1 DAGs
[2023-12-18T14:29:45.460+0000] {logging_mixin.py:154} INFO - [2023-12-18T14:29:45.460+0000] {dag.py:3722} INFO - Setting next_dagrun for example_task_group_decorator to 2023-12-17T14:29:45.460029+00:00, run_after=2023-12-18T14:29:45.460029+00:00
[2023-12-18T14:29:45.470+0000] {processor.py:179} INFO - Processing /home/airflow/.local/lib/python3.8/site-packages/airflow/example_dags/example_task_group_decorator.py took 0.057 seconds
[2023-12-18T14:30:15.595+0000] {processor.py:157} INFO - Started process (PID=695) to work on /home/airflow/.local/lib/python3.8/site-packages/airflow/example_dags/example_task_group_decorator.py
[2023-12-18T14:30:15.596+0000] {processor.py:829} INFO - Processing file /home/airflow/.local/lib/python3.8/site-packages/airflow/example_dags/example_task_group_decorator.py for tasks to queue
[2023-12-18T14:30:15.598+0000] {logging_mixin.py:154} INFO - [2023-12-18T14:30:15.598+0000] {dagbag.py:536} INFO - Filling up the DagBag from /home/airflow/.local/lib/python3.8/site-packages/airflow/example_dags/example_task_group_decorator.py
[2023-12-18T14:30:15.611+0000] {processor.py:839} INFO - DAG(s) dict_keys(['example_task_group_decorator']) retrieved from /home/airflow/.local/lib/python3.8/site-packages/airflow/example_dags/example_task_group_decorator.py
[2023-12-18T14:30:15.635+0000] {logging_mixin.py:154} INFO - [2023-12-18T14:30:15.634+0000] {dag.py:2941} INFO - Sync 1 DAGs
[2023-12-18T14:30:15.652+0000] {logging_mixin.py:154} INFO - [2023-12-18T14:30:15.652+0000] {dag.py:3722} INFO - Setting next_dagrun for example_task_group_decorator to 2023-12-17T14:30:15.652185+00:00, run_after=2023-12-18T14:30:15.652185+00:00
[2023-12-18T14:30:15.665+0000] {processor.py:179} INFO - Processing /home/airflow/.local/lib/python3.8/site-packages/airflow/example_dags/example_task_group_decorator.py took 0.077 seconds
[2023-12-18T14:30:45.685+0000] {processor.py:157} INFO - Started process (PID=757) to work on /home/airflow/.local/lib/python3.8/site-packages/airflow/example_dags/example_task_group_decorator.py
[2023-12-18T14:30:45.686+0000] {processor.py:829} INFO - Processing file /home/airflow/.local/lib/python3.8/site-packages/airflow/example_dags/example_task_group_decorator.py for tasks to queue
[2023-12-18T14:30:45.687+0000] {logging_mixin.py:154} INFO - [2023-12-18T14:30:45.687+0000] {dagbag.py:536} INFO - Filling up the DagBag from /home/airflow/.local/lib/python3.8/site-packages/airflow/example_dags/example_task_group_decorator.py
[2023-12-18T14:30:45.694+0000] {processor.py:839} INFO - DAG(s) dict_keys(['example_task_group_decorator']) retrieved from /home/airflow/.local/lib/python3.8/site-packages/airflow/example_dags/example_task_group_decorator.py
[2023-12-18T14:30:45.707+0000] {logging_mixin.py:154} INFO - [2023-12-18T14:30:45.707+0000] {dag.py:2941} INFO - Sync 1 DAGs
[2023-12-18T14:30:45.719+0000] {logging_mixin.py:154} INFO - [2023-12-18T14:30:45.719+0000] {dag.py:3722} INFO - Setting next_dagrun for example_task_group_decorator to 2023-12-17T14:30:45.719332+00:00, run_after=2023-12-18T14:30:45.719332+00:00
[2023-12-18T14:30:45.728+0000] {processor.py:179} INFO - Processing /home/airflow/.local/lib/python3.8/site-packages/airflow/example_dags/example_task_group_decorator.py took 0.045 seconds
[2023-12-18T14:31:15.829+0000] {processor.py:157} INFO - Started process (PID=827) to work on /home/airflow/.local/lib/python3.8/site-packages/airflow/example_dags/example_task_group_decorator.py
[2023-12-18T14:31:15.829+0000] {processor.py:829} INFO - Processing file /home/airflow/.local/lib/python3.8/site-packages/airflow/example_dags/example_task_group_decorator.py for tasks to queue
[2023-12-18T14:31:15.830+0000] {logging_mixin.py:154} INFO - [2023-12-18T14:31:15.830+0000] {dagbag.py:536} INFO - Filling up the DagBag from /home/airflow/.local/lib/python3.8/site-packages/airflow/example_dags/example_task_group_decorator.py
[2023-12-18T14:31:15.839+0000] {processor.py:839} INFO - DAG(s) dict_keys(['example_task_group_decorator']) retrieved from /home/airflow/.local/lib/python3.8/site-packages/airflow/example_dags/example_task_group_decorator.py
[2023-12-18T14:31:15.853+0000] {logging_mixin.py:154} INFO - [2023-12-18T14:31:15.853+0000] {dag.py:2941} INFO - Sync 1 DAGs
[2023-12-18T14:31:15.867+0000] {logging_mixin.py:154} INFO - [2023-12-18T14:31:15.867+0000] {dag.py:3722} INFO - Setting next_dagrun for example_task_group_decorator to 2023-12-17T14:31:15.867234+00:00, run_after=2023-12-18T14:31:15.867234+00:00
[2023-12-18T14:31:15.888+0000] {processor.py:179} INFO - Processing /home/airflow/.local/lib/python3.8/site-packages/airflow/example_dags/example_task_group_decorator.py took 0.062 seconds
[2023-12-18T14:31:46.700+0000] {processor.py:157} INFO - Started process (PID=903) to work on /home/airflow/.local/lib/python3.8/site-packages/airflow/example_dags/example_task_group_decorator.py
[2023-12-18T14:31:46.701+0000] {processor.py:829} INFO - Processing file /home/airflow/.local/lib/python3.8/site-packages/airflow/example_dags/example_task_group_decorator.py for tasks to queue
[2023-12-18T14:31:46.702+0000] {logging_mixin.py:154} INFO - [2023-12-18T14:31:46.702+0000] {dagbag.py:536} INFO - Filling up the DagBag from /home/airflow/.local/lib/python3.8/site-packages/airflow/example_dags/example_task_group_decorator.py
[2023-12-18T14:31:46.710+0000] {processor.py:839} INFO - DAG(s) dict_keys(['example_task_group_decorator']) retrieved from /home/airflow/.local/lib/python3.8/site-packages/airflow/example_dags/example_task_group_decorator.py
[2023-12-18T14:31:46.724+0000] {logging_mixin.py:154} INFO - [2023-12-18T14:31:46.724+0000] {dag.py:2941} INFO - Sync 1 DAGs
[2023-12-18T14:31:46.742+0000] {logging_mixin.py:154} INFO - [2023-12-18T14:31:46.741+0000] {dag.py:3722} INFO - Setting next_dagrun for example_task_group_decorator to 2023-12-17T14:31:46.741629+00:00, run_after=2023-12-18T14:31:46.741629+00:00
[2023-12-18T14:31:46.763+0000] {processor.py:179} INFO - Processing /home/airflow/.local/lib/python3.8/site-packages/airflow/example_dags/example_task_group_decorator.py took 0.065 seconds
[2023-12-18T14:32:16.904+0000] {processor.py:157} INFO - Started process (PID=970) to work on /home/airflow/.local/lib/python3.8/site-packages/airflow/example_dags/example_task_group_decorator.py
[2023-12-18T14:32:16.905+0000] {processor.py:829} INFO - Processing file /home/airflow/.local/lib/python3.8/site-packages/airflow/example_dags/example_task_group_decorator.py for tasks to queue
[2023-12-18T14:32:16.907+0000] {logging_mixin.py:154} INFO - [2023-12-18T14:32:16.907+0000] {dagbag.py:536} INFO - Filling up the DagBag from /home/airflow/.local/lib/python3.8/site-packages/airflow/example_dags/example_task_group_decorator.py
[2023-12-18T14:32:16.918+0000] {processor.py:839} INFO - DAG(s) dict_keys(['example_task_group_decorator']) retrieved from /home/airflow/.local/lib/python3.8/site-packages/airflow/example_dags/example_task_group_decorator.py
[2023-12-18T14:32:16.934+0000] {logging_mixin.py:154} INFO - [2023-12-18T14:32:16.934+0000] {dag.py:2941} INFO - Sync 1 DAGs
[2023-12-18T14:32:16.995+0000] {logging_mixin.py:154} INFO - [2023-12-18T14:32:16.995+0000] {dag.py:3722} INFO - Setting next_dagrun for example_task_group_decorator to 2023-12-17T14:32:16.994851+00:00, run_after=2023-12-18T14:32:16.994851+00:00
[2023-12-18T14:32:17.005+0000] {processor.py:179} INFO - Processing /home/airflow/.local/lib/python3.8/site-packages/airflow/example_dags/example_task_group_decorator.py took 0.103 seconds
[2023-12-18T14:32:47.818+0000] {processor.py:157} INFO - Started process (PID=1039) to work on /home/airflow/.local/lib/python3.8/site-packages/airflow/example_dags/example_task_group_decorator.py
[2023-12-18T14:32:47.818+0000] {processor.py:829} INFO - Processing file /home/airflow/.local/lib/python3.8/site-packages/airflow/example_dags/example_task_group_decorator.py for tasks to queue
[2023-12-18T14:32:47.819+0000] {logging_mixin.py:154} INFO - [2023-12-18T14:32:47.819+0000] {dagbag.py:536} INFO - Filling up the DagBag from /home/airflow/.local/lib/python3.8/site-packages/airflow/example_dags/example_task_group_decorator.py
[2023-12-18T14:32:47.827+0000] {processor.py:839} INFO - DAG(s) dict_keys(['example_task_group_decorator']) retrieved from /home/airflow/.local/lib/python3.8/site-packages/airflow/example_dags/example_task_group_decorator.py
[2023-12-18T14:32:47.842+0000] {logging_mixin.py:154} INFO - [2023-12-18T14:32:47.842+0000] {dag.py:2941} INFO - Sync 1 DAGs
[2023-12-18T14:32:47.855+0000] {logging_mixin.py:154} INFO - [2023-12-18T14:32:47.855+0000] {dag.py:3722} INFO - Setting next_dagrun for example_task_group_decorator to 2023-12-17T14:32:47.855282+00:00, run_after=2023-12-18T14:32:47.855282+00:00
[2023-12-18T14:32:47.866+0000] {processor.py:179} INFO - Processing /home/airflow/.local/lib/python3.8/site-packages/airflow/example_dags/example_task_group_decorator.py took 0.050 seconds
[2023-12-18T14:33:18.498+0000] {processor.py:157} INFO - Started process (PID=1108) to work on /home/airflow/.local/lib/python3.8/site-packages/airflow/example_dags/example_task_group_decorator.py
[2023-12-18T14:33:18.499+0000] {processor.py:829} INFO - Processing file /home/airflow/.local/lib/python3.8/site-packages/airflow/example_dags/example_task_group_decorator.py for tasks to queue
[2023-12-18T14:33:18.500+0000] {logging_mixin.py:154} INFO - [2023-12-18T14:33:18.500+0000] {dagbag.py:536} INFO - Filling up the DagBag from /home/airflow/.local/lib/python3.8/site-packages/airflow/example_dags/example_task_group_decorator.py
[2023-12-18T14:33:18.508+0000] {processor.py:839} INFO - DAG(s) dict_keys(['example_task_group_decorator']) retrieved from /home/airflow/.local/lib/python3.8/site-packages/airflow/example_dags/example_task_group_decorator.py
[2023-12-18T14:33:18.523+0000] {logging_mixin.py:154} INFO - [2023-12-18T14:33:18.523+0000] {dag.py:2941} INFO - Sync 1 DAGs
[2023-12-18T14:33:18.537+0000] {logging_mixin.py:154} INFO - [2023-12-18T14:33:18.537+0000] {dag.py:3722} INFO - Setting next_dagrun for example_task_group_decorator to 2023-12-17T14:33:18.536986+00:00, run_after=2023-12-18T14:33:18.536986+00:00
[2023-12-18T14:33:18.548+0000] {processor.py:179} INFO - Processing /home/airflow/.local/lib/python3.8/site-packages/airflow/example_dags/example_task_group_decorator.py took 0.051 seconds
[2023-12-18T14:33:49.412+0000] {processor.py:157} INFO - Started process (PID=1177) to work on /home/airflow/.local/lib/python3.8/site-packages/airflow/example_dags/example_task_group_decorator.py
[2023-12-18T14:33:49.412+0000] {processor.py:829} INFO - Processing file /home/airflow/.local/lib/python3.8/site-packages/airflow/example_dags/example_task_group_decorator.py for tasks to queue
[2023-12-18T14:33:49.414+0000] {logging_mixin.py:154} INFO - [2023-12-18T14:33:49.413+0000] {dagbag.py:536} INFO - Filling up the DagBag from /home/airflow/.local/lib/python3.8/site-packages/airflow/example_dags/example_task_group_decorator.py
[2023-12-18T14:33:49.422+0000] {processor.py:839} INFO - DAG(s) dict_keys(['example_task_group_decorator']) retrieved from /home/airflow/.local/lib/python3.8/site-packages/airflow/example_dags/example_task_group_decorator.py
[2023-12-18T14:33:49.436+0000] {logging_mixin.py:154} INFO - [2023-12-18T14:33:49.436+0000] {dag.py:2941} INFO - Sync 1 DAGs
[2023-12-18T14:33:49.448+0000] {logging_mixin.py:154} INFO - [2023-12-18T14:33:49.448+0000] {dag.py:3722} INFO - Setting next_dagrun for example_task_group_decorator to 2023-12-17T14:33:49.448301+00:00, run_after=2023-12-18T14:33:49.448301+00:00
[2023-12-18T14:33:49.458+0000] {processor.py:179} INFO - Processing /home/airflow/.local/lib/python3.8/site-packages/airflow/example_dags/example_task_group_decorator.py took 0.048 seconds
[2023-12-18T14:34:19.544+0000] {processor.py:157} INFO - Started process (PID=1246) to work on /home/airflow/.local/lib/python3.8/site-packages/airflow/example_dags/example_task_group_decorator.py
[2023-12-18T14:34:19.544+0000] {processor.py:829} INFO - Processing file /home/airflow/.local/lib/python3.8/site-packages/airflow/example_dags/example_task_group_decorator.py for tasks to queue
[2023-12-18T14:34:19.545+0000] {logging_mixin.py:154} INFO - [2023-12-18T14:34:19.545+0000] {dagbag.py:536} INFO - Filling up the DagBag from /home/airflow/.local/lib/python3.8/site-packages/airflow/example_dags/example_task_group_decorator.py
[2023-12-18T14:34:19.554+0000] {processor.py:839} INFO - DAG(s) dict_keys(['example_task_group_decorator']) retrieved from /home/airflow/.local/lib/python3.8/site-packages/airflow/example_dags/example_task_group_decorator.py
[2023-12-18T14:34:19.586+0000] {logging_mixin.py:154} INFO - [2023-12-18T14:34:19.586+0000] {dag.py:2941} INFO - Sync 1 DAGs
[2023-12-18T14:34:19.600+0000] {logging_mixin.py:154} INFO - [2023-12-18T14:34:19.600+0000] {dag.py:3722} INFO - Setting next_dagrun for example_task_group_decorator to 2023-12-17T14:34:19.600354+00:00, run_after=2023-12-18T14:34:19.600354+00:00
[2023-12-18T14:34:19.610+0000] {processor.py:179} INFO - Processing /home/airflow/.local/lib/python3.8/site-packages/airflow/example_dags/example_task_group_decorator.py took 0.069 seconds
[2023-12-18T14:34:50.639+0000] {processor.py:157} INFO - Started process (PID=1316) to work on /home/airflow/.local/lib/python3.8/site-packages/airflow/example_dags/example_task_group_decorator.py
[2023-12-18T14:34:50.639+0000] {processor.py:829} INFO - Processing file /home/airflow/.local/lib/python3.8/site-packages/airflow/example_dags/example_task_group_decorator.py for tasks to queue
[2023-12-18T14:34:50.640+0000] {logging_mixin.py:154} INFO - [2023-12-18T14:34:50.640+0000] {dagbag.py:536} INFO - Filling up the DagBag from /home/airflow/.local/lib/python3.8/site-packages/airflow/example_dags/example_task_group_decorator.py
[2023-12-18T14:34:50.648+0000] {processor.py:839} INFO - DAG(s) dict_keys(['example_task_group_decorator']) retrieved from /home/airflow/.local/lib/python3.8/site-packages/airflow/example_dags/example_task_group_decorator.py
[2023-12-18T14:34:50.695+0000] {logging_mixin.py:154} INFO - [2023-12-18T14:34:50.695+0000] {dag.py:2941} INFO - Sync 1 DAGs
[2023-12-18T14:34:50.707+0000] {logging_mixin.py:154} INFO - [2023-12-18T14:34:50.707+0000] {dag.py:3722} INFO - Setting next_dagrun for example_task_group_decorator to 2023-12-17T14:34:50.706993+00:00, run_after=2023-12-18T14:34:50.706993+00:00
[2023-12-18T14:34:50.716+0000] {processor.py:179} INFO - Processing /home/airflow/.local/lib/python3.8/site-packages/airflow/example_dags/example_task_group_decorator.py took 0.079 seconds
[2023-12-18T14:35:20.780+0000] {processor.py:157} INFO - Started process (PID=1385) to work on /home/airflow/.local/lib/python3.8/site-packages/airflow/example_dags/example_task_group_decorator.py
[2023-12-18T14:35:20.780+0000] {processor.py:829} INFO - Processing file /home/airflow/.local/lib/python3.8/site-packages/airflow/example_dags/example_task_group_decorator.py for tasks to queue
[2023-12-18T14:35:20.781+0000] {logging_mixin.py:154} INFO - [2023-12-18T14:35:20.781+0000] {dagbag.py:536} INFO - Filling up the DagBag from /home/airflow/.local/lib/python3.8/site-packages/airflow/example_dags/example_task_group_decorator.py
[2023-12-18T14:35:20.789+0000] {processor.py:839} INFO - DAG(s) dict_keys(['example_task_group_decorator']) retrieved from /home/airflow/.local/lib/python3.8/site-packages/airflow/example_dags/example_task_group_decorator.py
[2023-12-18T14:35:20.803+0000] {logging_mixin.py:154} INFO - [2023-12-18T14:35:20.803+0000] {dag.py:2941} INFO - Sync 1 DAGs
[2023-12-18T14:35:20.817+0000] {logging_mixin.py:154} INFO - [2023-12-18T14:35:20.816+0000] {dag.py:3722} INFO - Setting next_dagrun for example_task_group_decorator to 2023-12-17T14:35:20.816651+00:00, run_after=2023-12-18T14:35:20.816651+00:00
[2023-12-18T14:35:20.826+0000] {processor.py:179} INFO - Processing /home/airflow/.local/lib/python3.8/site-packages/airflow/example_dags/example_task_group_decorator.py took 0.048 seconds
[2023-12-18T14:35:50.874+0000] {processor.py:157} INFO - Started process (PID=1453) to work on /home/airflow/.local/lib/python3.8/site-packages/airflow/example_dags/example_task_group_decorator.py
[2023-12-18T14:35:50.874+0000] {processor.py:829} INFO - Processing file /home/airflow/.local/lib/python3.8/site-packages/airflow/example_dags/example_task_group_decorator.py for tasks to queue
[2023-12-18T14:35:50.875+0000] {logging_mixin.py:154} INFO - [2023-12-18T14:35:50.875+0000] {dagbag.py:536} INFO - Filling up the DagBag from /home/airflow/.local/lib/python3.8/site-packages/airflow/example_dags/example_task_group_decorator.py
[2023-12-18T14:35:50.883+0000] {processor.py:839} INFO - DAG(s) dict_keys(['example_task_group_decorator']) retrieved from /home/airflow/.local/lib/python3.8/site-packages/airflow/example_dags/example_task_group_decorator.py
[2023-12-18T14:35:50.896+0000] {logging_mixin.py:154} INFO - [2023-12-18T14:35:50.896+0000] {dag.py:2941} INFO - Sync 1 DAGs
[2023-12-18T14:35:50.908+0000] {logging_mixin.py:154} INFO - [2023-12-18T14:35:50.908+0000] {dag.py:3722} INFO - Setting next_dagrun for example_task_group_decorator to 2023-12-17T14:35:50.908425+00:00, run_after=2023-12-18T14:35:50.908425+00:00
[2023-12-18T14:35:50.917+0000] {processor.py:179} INFO - Processing /home/airflow/.local/lib/python3.8/site-packages/airflow/example_dags/example_task_group_decorator.py took 0.045 seconds
[2023-12-18T14:36:20.996+0000] {processor.py:157} INFO - Started process (PID=1522) to work on /home/airflow/.local/lib/python3.8/site-packages/airflow/example_dags/example_task_group_decorator.py
[2023-12-18T14:36:20.996+0000] {processor.py:829} INFO - Processing file /home/airflow/.local/lib/python3.8/site-packages/airflow/example_dags/example_task_group_decorator.py for tasks to queue
[2023-12-18T14:36:20.998+0000] {logging_mixin.py:154} INFO - [2023-12-18T14:36:20.997+0000] {dagbag.py:536} INFO - Filling up the DagBag from /home/airflow/.local/lib/python3.8/site-packages/airflow/example_dags/example_task_group_decorator.py
[2023-12-18T14:36:21.006+0000] {processor.py:839} INFO - DAG(s) dict_keys(['example_task_group_decorator']) retrieved from /home/airflow/.local/lib/python3.8/site-packages/airflow/example_dags/example_task_group_decorator.py
[2023-12-18T14:36:21.020+0000] {logging_mixin.py:154} INFO - [2023-12-18T14:36:21.020+0000] {dag.py:2941} INFO - Sync 1 DAGs
[2023-12-18T14:36:21.034+0000] {logging_mixin.py:154} INFO - [2023-12-18T14:36:21.034+0000] {dag.py:3722} INFO - Setting next_dagrun for example_task_group_decorator to 2023-12-17T14:36:21.034662+00:00, run_after=2023-12-18T14:36:21.034662+00:00
[2023-12-18T14:36:21.045+0000] {processor.py:179} INFO - Processing /home/airflow/.local/lib/python3.8/site-packages/airflow/example_dags/example_task_group_decorator.py took 0.051 seconds
[2023-12-18T14:36:51.146+0000] {processor.py:157} INFO - Started process (PID=1591) to work on /home/airflow/.local/lib/python3.8/site-packages/airflow/example_dags/example_task_group_decorator.py
[2023-12-18T14:36:51.146+0000] {processor.py:829} INFO - Processing file /home/airflow/.local/lib/python3.8/site-packages/airflow/example_dags/example_task_group_decorator.py for tasks to queue
[2023-12-18T14:36:51.147+0000] {logging_mixin.py:154} INFO - [2023-12-18T14:36:51.147+0000] {dagbag.py:536} INFO - Filling up the DagBag from /home/airflow/.local/lib/python3.8/site-packages/airflow/example_dags/example_task_group_decorator.py
[2023-12-18T14:36:51.155+0000] {processor.py:839} INFO - DAG(s) dict_keys(['example_task_group_decorator']) retrieved from /home/airflow/.local/lib/python3.8/site-packages/airflow/example_dags/example_task_group_decorator.py
[2023-12-18T14:36:51.168+0000] {logging_mixin.py:154} INFO - [2023-12-18T14:36:51.168+0000] {dag.py:2941} INFO - Sync 1 DAGs
[2023-12-18T14:36:51.180+0000] {logging_mixin.py:154} INFO - [2023-12-18T14:36:51.180+0000] {dag.py:3722} INFO - Setting next_dagrun for example_task_group_decorator to 2023-12-17T14:36:51.180020+00:00, run_after=2023-12-18T14:36:51.180020+00:00
[2023-12-18T14:36:51.189+0000] {processor.py:179} INFO - Processing /home/airflow/.local/lib/python3.8/site-packages/airflow/example_dags/example_task_group_decorator.py took 0.045 seconds
[2023-12-18T14:37:22.176+0000] {processor.py:157} INFO - Started process (PID=1660) to work on /home/airflow/.local/lib/python3.8/site-packages/airflow/example_dags/example_task_group_decorator.py
[2023-12-18T14:37:22.176+0000] {processor.py:829} INFO - Processing file /home/airflow/.local/lib/python3.8/site-packages/airflow/example_dags/example_task_group_decorator.py for tasks to queue
[2023-12-18T14:37:22.178+0000] {logging_mixin.py:154} INFO - [2023-12-18T14:37:22.177+0000] {dagbag.py:536} INFO - Filling up the DagBag from /home/airflow/.local/lib/python3.8/site-packages/airflow/example_dags/example_task_group_decorator.py
[2023-12-18T14:37:22.186+0000] {processor.py:839} INFO - DAG(s) dict_keys(['example_task_group_decorator']) retrieved from /home/airflow/.local/lib/python3.8/site-packages/airflow/example_dags/example_task_group_decorator.py
[2023-12-18T14:37:22.200+0000] {logging_mixin.py:154} INFO - [2023-12-18T14:37:22.200+0000] {dag.py:2941} INFO - Sync 1 DAGs
[2023-12-18T14:37:22.213+0000] {logging_mixin.py:154} INFO - [2023-12-18T14:37:22.213+0000] {dag.py:3722} INFO - Setting next_dagrun for example_task_group_decorator to 2023-12-17T14:37:22.213135+00:00, run_after=2023-12-18T14:37:22.213135+00:00
[2023-12-18T14:37:22.224+0000] {processor.py:179} INFO - Processing /home/airflow/.local/lib/python3.8/site-packages/airflow/example_dags/example_task_group_decorator.py took 0.050 seconds
[2023-12-18T14:37:52.819+0000] {processor.py:157} INFO - Started process (PID=1729) to work on /home/airflow/.local/lib/python3.8/site-packages/airflow/example_dags/example_task_group_decorator.py
[2023-12-18T14:37:52.820+0000] {processor.py:829} INFO - Processing file /home/airflow/.local/lib/python3.8/site-packages/airflow/example_dags/example_task_group_decorator.py for tasks to queue
[2023-12-18T14:37:52.821+0000] {logging_mixin.py:154} INFO - [2023-12-18T14:37:52.821+0000] {dagbag.py:536} INFO - Filling up the DagBag from /home/airflow/.local/lib/python3.8/site-packages/airflow/example_dags/example_task_group_decorator.py
[2023-12-18T14:37:52.829+0000] {processor.py:839} INFO - DAG(s) dict_keys(['example_task_group_decorator']) retrieved from /home/airflow/.local/lib/python3.8/site-packages/airflow/example_dags/example_task_group_decorator.py
[2023-12-18T14:37:52.844+0000] {logging_mixin.py:154} INFO - [2023-12-18T14:37:52.844+0000] {dag.py:2941} INFO - Sync 1 DAGs
[2023-12-18T14:37:52.857+0000] {logging_mixin.py:154} INFO - [2023-12-18T14:37:52.857+0000] {dag.py:3722} INFO - Setting next_dagrun for example_task_group_decorator to 2023-12-17T14:37:52.857498+00:00, run_after=2023-12-18T14:37:52.857498+00:00
[2023-12-18T14:37:52.868+0000] {processor.py:179} INFO - Processing /home/airflow/.local/lib/python3.8/site-packages/airflow/example_dags/example_task_group_decorator.py took 0.050 seconds
[2023-12-18T14:38:23.626+0000] {processor.py:157} INFO - Started process (PID=1798) to work on /home/airflow/.local/lib/python3.8/site-packages/airflow/example_dags/example_task_group_decorator.py
[2023-12-18T14:38:23.627+0000] {processor.py:829} INFO - Processing file /home/airflow/.local/lib/python3.8/site-packages/airflow/example_dags/example_task_group_decorator.py for tasks to queue
[2023-12-18T14:38:23.628+0000] {logging_mixin.py:154} INFO - [2023-12-18T14:38:23.628+0000] {dagbag.py:536} INFO - Filling up the DagBag from /home/airflow/.local/lib/python3.8/site-packages/airflow/example_dags/example_task_group_decorator.py
[2023-12-18T14:38:23.637+0000] {processor.py:839} INFO - DAG(s) dict_keys(['example_task_group_decorator']) retrieved from /home/airflow/.local/lib/python3.8/site-packages/airflow/example_dags/example_task_group_decorator.py
[2023-12-18T14:38:23.651+0000] {logging_mixin.py:154} INFO - [2023-12-18T14:38:23.651+0000] {dag.py:2941} INFO - Sync 1 DAGs
[2023-12-18T14:38:23.664+0000] {logging_mixin.py:154} INFO - [2023-12-18T14:38:23.664+0000] {dag.py:3722} INFO - Setting next_dagrun for example_task_group_decorator to 2023-12-17T14:38:23.664565+00:00, run_after=2023-12-18T14:38:23.664565+00:00
[2023-12-18T14:38:23.691+0000] {processor.py:179} INFO - Processing /home/airflow/.local/lib/python3.8/site-packages/airflow/example_dags/example_task_group_decorator.py took 0.067 seconds
[2023-12-18T14:38:54.467+0000] {processor.py:157} INFO - Started process (PID=1867) to work on /home/airflow/.local/lib/python3.8/site-packages/airflow/example_dags/example_task_group_decorator.py
[2023-12-18T14:38:54.468+0000] {processor.py:829} INFO - Processing file /home/airflow/.local/lib/python3.8/site-packages/airflow/example_dags/example_task_group_decorator.py for tasks to queue
[2023-12-18T14:38:54.469+0000] {logging_mixin.py:154} INFO - [2023-12-18T14:38:54.469+0000] {dagbag.py:536} INFO - Filling up the DagBag from /home/airflow/.local/lib/python3.8/site-packages/airflow/example_dags/example_task_group_decorator.py
[2023-12-18T14:38:54.477+0000] {processor.py:839} INFO - DAG(s) dict_keys(['example_task_group_decorator']) retrieved from /home/airflow/.local/lib/python3.8/site-packages/airflow/example_dags/example_task_group_decorator.py
[2023-12-18T14:38:54.492+0000] {logging_mixin.py:154} INFO - [2023-12-18T14:38:54.492+0000] {dag.py:2941} INFO - Sync 1 DAGs
[2023-12-18T14:38:54.506+0000] {logging_mixin.py:154} INFO - [2023-12-18T14:38:54.506+0000] {dag.py:3722} INFO - Setting next_dagrun for example_task_group_decorator to 2023-12-17T14:38:54.505871+00:00, run_after=2023-12-18T14:38:54.505871+00:00
[2023-12-18T14:38:54.518+0000] {processor.py:179} INFO - Processing /home/airflow/.local/lib/python3.8/site-packages/airflow/example_dags/example_task_group_decorator.py took 0.053 seconds
[2023-12-18T14:39:55.070+0000] {processor.py:157} INFO - Started process (PID=66) to work on /home/airflow/.local/lib/python3.8/site-packages/airflow/example_dags/example_task_group_decorator.py
[2023-12-18T14:39:55.072+0000] {processor.py:829} INFO - Processing file /home/airflow/.local/lib/python3.8/site-packages/airflow/example_dags/example_task_group_decorator.py for tasks to queue
[2023-12-18T14:39:55.074+0000] {logging_mixin.py:154} INFO - [2023-12-18T14:39:55.073+0000] {dagbag.py:536} INFO - Filling up the DagBag from /home/airflow/.local/lib/python3.8/site-packages/airflow/example_dags/example_task_group_decorator.py
[2023-12-18T14:39:55.096+0000] {processor.py:839} INFO - DAG(s) dict_keys(['example_task_group_decorator']) retrieved from /home/airflow/.local/lib/python3.8/site-packages/airflow/example_dags/example_task_group_decorator.py
[2023-12-18T14:39:55.114+0000] {logging_mixin.py:154} INFO - [2023-12-18T14:39:55.114+0000] {dag.py:2941} INFO - Sync 1 DAGs
[2023-12-18T14:39:55.163+0000] {logging_mixin.py:154} INFO - [2023-12-18T14:39:55.162+0000] {dag.py:3722} INFO - Setting next_dagrun for example_task_group_decorator to 2023-12-17T14:39:55.162603+00:00, run_after=2023-12-18T14:39:55.162603+00:00
[2023-12-18T14:39:55.207+0000] {processor.py:179} INFO - Processing /home/airflow/.local/lib/python3.8/site-packages/airflow/example_dags/example_task_group_decorator.py took 0.140 seconds
[2023-12-18T14:40:25.514+0000] {processor.py:157} INFO - Started process (PID=135) to work on /home/airflow/.local/lib/python3.8/site-packages/airflow/example_dags/example_task_group_decorator.py
[2023-12-18T14:40:25.515+0000] {processor.py:829} INFO - Processing file /home/airflow/.local/lib/python3.8/site-packages/airflow/example_dags/example_task_group_decorator.py for tasks to queue
[2023-12-18T14:40:25.516+0000] {logging_mixin.py:154} INFO - [2023-12-18T14:40:25.516+0000] {dagbag.py:536} INFO - Filling up the DagBag from /home/airflow/.local/lib/python3.8/site-packages/airflow/example_dags/example_task_group_decorator.py
[2023-12-18T14:40:25.526+0000] {processor.py:839} INFO - DAG(s) dict_keys(['example_task_group_decorator']) retrieved from /home/airflow/.local/lib/python3.8/site-packages/airflow/example_dags/example_task_group_decorator.py
[2023-12-18T14:40:25.550+0000] {logging_mixin.py:154} INFO - [2023-12-18T14:40:25.550+0000] {dag.py:2941} INFO - Sync 1 DAGs
[2023-12-18T14:40:25.584+0000] {logging_mixin.py:154} INFO - [2023-12-18T14:40:25.584+0000] {dag.py:3722} INFO - Setting next_dagrun for example_task_group_decorator to 2023-12-17T14:40:25.584247+00:00, run_after=2023-12-18T14:40:25.584247+00:00
[2023-12-18T14:40:25.599+0000] {processor.py:179} INFO - Processing /home/airflow/.local/lib/python3.8/site-packages/airflow/example_dags/example_task_group_decorator.py took 0.087 seconds
[2023-12-18T14:40:55.747+0000] {processor.py:157} INFO - Started process (PID=204) to work on /home/airflow/.local/lib/python3.8/site-packages/airflow/example_dags/example_task_group_decorator.py
[2023-12-18T14:40:55.747+0000] {processor.py:829} INFO - Processing file /home/airflow/.local/lib/python3.8/site-packages/airflow/example_dags/example_task_group_decorator.py for tasks to queue
[2023-12-18T14:40:55.748+0000] {logging_mixin.py:154} INFO - [2023-12-18T14:40:55.748+0000] {dagbag.py:536} INFO - Filling up the DagBag from /home/airflow/.local/lib/python3.8/site-packages/airflow/example_dags/example_task_group_decorator.py
[2023-12-18T14:40:55.757+0000] {processor.py:839} INFO - DAG(s) dict_keys(['example_task_group_decorator']) retrieved from /home/airflow/.local/lib/python3.8/site-packages/airflow/example_dags/example_task_group_decorator.py
[2023-12-18T14:40:55.772+0000] {logging_mixin.py:154} INFO - [2023-12-18T14:40:55.772+0000] {dag.py:2941} INFO - Sync 1 DAGs
[2023-12-18T14:40:55.784+0000] {logging_mixin.py:154} INFO - [2023-12-18T14:40:55.784+0000] {dag.py:3722} INFO - Setting next_dagrun for example_task_group_decorator to 2023-12-17T14:40:55.784087+00:00, run_after=2023-12-18T14:40:55.784087+00:00
[2023-12-18T14:40:55.794+0000] {processor.py:179} INFO - Processing /home/airflow/.local/lib/python3.8/site-packages/airflow/example_dags/example_task_group_decorator.py took 0.049 seconds
[2023-12-18T14:41:26.549+0000] {processor.py:157} INFO - Started process (PID=273) to work on /home/airflow/.local/lib/python3.8/site-packages/airflow/example_dags/example_task_group_decorator.py
[2023-12-18T14:41:26.549+0000] {processor.py:829} INFO - Processing file /home/airflow/.local/lib/python3.8/site-packages/airflow/example_dags/example_task_group_decorator.py for tasks to queue
[2023-12-18T14:41:26.550+0000] {logging_mixin.py:154} INFO - [2023-12-18T14:41:26.550+0000] {dagbag.py:536} INFO - Filling up the DagBag from /home/airflow/.local/lib/python3.8/site-packages/airflow/example_dags/example_task_group_decorator.py
[2023-12-18T14:41:26.557+0000] {processor.py:839} INFO - DAG(s) dict_keys(['example_task_group_decorator']) retrieved from /home/airflow/.local/lib/python3.8/site-packages/airflow/example_dags/example_task_group_decorator.py
[2023-12-18T14:41:26.571+0000] {logging_mixin.py:154} INFO - [2023-12-18T14:41:26.571+0000] {dag.py:2941} INFO - Sync 1 DAGs
[2023-12-18T14:41:26.583+0000] {logging_mixin.py:154} INFO - [2023-12-18T14:41:26.582+0000] {dag.py:3722} INFO - Setting next_dagrun for example_task_group_decorator to 2023-12-17T14:41:26.582860+00:00, run_after=2023-12-18T14:41:26.582860+00:00
[2023-12-18T14:41:26.592+0000] {processor.py:179} INFO - Processing /home/airflow/.local/lib/python3.8/site-packages/airflow/example_dags/example_task_group_decorator.py took 0.045 seconds
[2023-12-18T14:41:57.335+0000] {processor.py:157} INFO - Started process (PID=343) to work on /home/airflow/.local/lib/python3.8/site-packages/airflow/example_dags/example_task_group_decorator.py
[2023-12-18T14:41:57.335+0000] {processor.py:829} INFO - Processing file /home/airflow/.local/lib/python3.8/site-packages/airflow/example_dags/example_task_group_decorator.py for tasks to queue
[2023-12-18T14:41:57.336+0000] {logging_mixin.py:154} INFO - [2023-12-18T14:41:57.336+0000] {dagbag.py:536} INFO - Filling up the DagBag from /home/airflow/.local/lib/python3.8/site-packages/airflow/example_dags/example_task_group_decorator.py
[2023-12-18T14:41:57.344+0000] {processor.py:839} INFO - DAG(s) dict_keys(['example_task_group_decorator']) retrieved from /home/airflow/.local/lib/python3.8/site-packages/airflow/example_dags/example_task_group_decorator.py
[2023-12-18T14:41:57.358+0000] {logging_mixin.py:154} INFO - [2023-12-18T14:41:57.357+0000] {dag.py:2941} INFO - Sync 1 DAGs
[2023-12-18T14:41:57.370+0000] {logging_mixin.py:154} INFO - [2023-12-18T14:41:57.369+0000] {dag.py:3722} INFO - Setting next_dagrun for example_task_group_decorator to 2023-12-17T14:41:57.369730+00:00, run_after=2023-12-18T14:41:57.369730+00:00
[2023-12-18T14:41:57.380+0000] {processor.py:179} INFO - Processing /home/airflow/.local/lib/python3.8/site-packages/airflow/example_dags/example_task_group_decorator.py took 0.047 seconds
[2023-12-18T14:42:28.301+0000] {processor.py:157} INFO - Started process (PID=412) to work on /home/airflow/.local/lib/python3.8/site-packages/airflow/example_dags/example_task_group_decorator.py
[2023-12-18T14:42:28.301+0000] {processor.py:829} INFO - Processing file /home/airflow/.local/lib/python3.8/site-packages/airflow/example_dags/example_task_group_decorator.py for tasks to queue
[2023-12-18T14:42:28.302+0000] {logging_mixin.py:154} INFO - [2023-12-18T14:42:28.302+0000] {dagbag.py:536} INFO - Filling up the DagBag from /home/airflow/.local/lib/python3.8/site-packages/airflow/example_dags/example_task_group_decorator.py
[2023-12-18T14:42:28.310+0000] {processor.py:839} INFO - DAG(s) dict_keys(['example_task_group_decorator']) retrieved from /home/airflow/.local/lib/python3.8/site-packages/airflow/example_dags/example_task_group_decorator.py
[2023-12-18T14:42:28.324+0000] {logging_mixin.py:154} INFO - [2023-12-18T14:42:28.324+0000] {dag.py:2941} INFO - Sync 1 DAGs
[2023-12-18T14:42:28.339+0000] {logging_mixin.py:154} INFO - [2023-12-18T14:42:28.339+0000] {dag.py:3722} INFO - Setting next_dagrun for example_task_group_decorator to 2023-12-17T14:42:28.339404+00:00, run_after=2023-12-18T14:42:28.339404+00:00
[2023-12-18T14:42:28.349+0000] {processor.py:179} INFO - Processing /home/airflow/.local/lib/python3.8/site-packages/airflow/example_dags/example_task_group_decorator.py took 0.050 seconds
[2023-12-18T14:42:58.512+0000] {processor.py:157} INFO - Started process (PID=481) to work on /home/airflow/.local/lib/python3.8/site-packages/airflow/example_dags/example_task_group_decorator.py
[2023-12-18T14:42:58.512+0000] {processor.py:829} INFO - Processing file /home/airflow/.local/lib/python3.8/site-packages/airflow/example_dags/example_task_group_decorator.py for tasks to queue
[2023-12-18T14:42:58.513+0000] {logging_mixin.py:154} INFO - [2023-12-18T14:42:58.513+0000] {dagbag.py:536} INFO - Filling up the DagBag from /home/airflow/.local/lib/python3.8/site-packages/airflow/example_dags/example_task_group_decorator.py
[2023-12-18T14:42:58.522+0000] {processor.py:839} INFO - DAG(s) dict_keys(['example_task_group_decorator']) retrieved from /home/airflow/.local/lib/python3.8/site-packages/airflow/example_dags/example_task_group_decorator.py
[2023-12-18T14:42:58.535+0000] {logging_mixin.py:154} INFO - [2023-12-18T14:42:58.535+0000] {dag.py:2941} INFO - Sync 1 DAGs
[2023-12-18T14:42:58.548+0000] {logging_mixin.py:154} INFO - [2023-12-18T14:42:58.548+0000] {dag.py:3722} INFO - Setting next_dagrun for example_task_group_decorator to 2023-12-17T14:42:58.548621+00:00, run_after=2023-12-18T14:42:58.548621+00:00
[2023-12-18T14:42:58.560+0000] {processor.py:179} INFO - Processing /home/airflow/.local/lib/python3.8/site-packages/airflow/example_dags/example_task_group_decorator.py took 0.050 seconds
[2023-12-18T14:44:35.524+0000] {processor.py:157} INFO - Started process (PID=64) to work on /home/airflow/.local/lib/python3.8/site-packages/airflow/example_dags/example_task_group_decorator.py
[2023-12-18T14:44:35.528+0000] {processor.py:829} INFO - Processing file /home/airflow/.local/lib/python3.8/site-packages/airflow/example_dags/example_task_group_decorator.py for tasks to queue
[2023-12-18T14:44:35.530+0000] {logging_mixin.py:154} INFO - [2023-12-18T14:44:35.530+0000] {dagbag.py:536} INFO - Filling up the DagBag from /home/airflow/.local/lib/python3.8/site-packages/airflow/example_dags/example_task_group_decorator.py
[2023-12-18T14:44:35.554+0000] {processor.py:839} INFO - DAG(s) dict_keys(['example_task_group_decorator']) retrieved from /home/airflow/.local/lib/python3.8/site-packages/airflow/example_dags/example_task_group_decorator.py
[2023-12-18T14:44:35.583+0000] {logging_mixin.py:154} INFO - [2023-12-18T14:44:35.582+0000] {dag.py:2941} INFO - Sync 1 DAGs
[2023-12-18T14:44:35.631+0000] {logging_mixin.py:154} INFO - [2023-12-18T14:44:35.630+0000] {dag.py:3722} INFO - Setting next_dagrun for example_task_group_decorator to 2023-12-17T14:44:35.630430+00:00, run_after=2023-12-18T14:44:35.630430+00:00
[2023-12-18T14:44:35.702+0000] {processor.py:179} INFO - Processing /home/airflow/.local/lib/python3.8/site-packages/airflow/example_dags/example_task_group_decorator.py took 0.184 seconds
[2023-12-18T14:45:06.085+0000] {processor.py:157} INFO - Started process (PID=133) to work on /home/airflow/.local/lib/python3.8/site-packages/airflow/example_dags/example_task_group_decorator.py
[2023-12-18T14:45:06.086+0000] {processor.py:829} INFO - Processing file /home/airflow/.local/lib/python3.8/site-packages/airflow/example_dags/example_task_group_decorator.py for tasks to queue
[2023-12-18T14:45:06.087+0000] {logging_mixin.py:154} INFO - [2023-12-18T14:45:06.087+0000] {dagbag.py:536} INFO - Filling up the DagBag from /home/airflow/.local/lib/python3.8/site-packages/airflow/example_dags/example_task_group_decorator.py
[2023-12-18T14:45:06.095+0000] {processor.py:839} INFO - DAG(s) dict_keys(['example_task_group_decorator']) retrieved from /home/airflow/.local/lib/python3.8/site-packages/airflow/example_dags/example_task_group_decorator.py
[2023-12-18T14:45:06.110+0000] {logging_mixin.py:154} INFO - [2023-12-18T14:45:06.110+0000] {dag.py:2941} INFO - Sync 1 DAGs
[2023-12-18T14:45:06.124+0000] {logging_mixin.py:154} INFO - [2023-12-18T14:45:06.124+0000] {dag.py:3722} INFO - Setting next_dagrun for example_task_group_decorator to 2023-12-17T14:45:06.124067+00:00, run_after=2023-12-18T14:45:06.124067+00:00
[2023-12-18T14:45:06.136+0000] {processor.py:179} INFO - Processing /home/airflow/.local/lib/python3.8/site-packages/airflow/example_dags/example_task_group_decorator.py took 0.053 seconds
[2023-12-18T14:45:36.336+0000] {processor.py:157} INFO - Started process (PID=202) to work on /home/airflow/.local/lib/python3.8/site-packages/airflow/example_dags/example_task_group_decorator.py
[2023-12-18T14:45:36.337+0000] {processor.py:829} INFO - Processing file /home/airflow/.local/lib/python3.8/site-packages/airflow/example_dags/example_task_group_decorator.py for tasks to queue
[2023-12-18T14:45:36.338+0000] {logging_mixin.py:154} INFO - [2023-12-18T14:45:36.338+0000] {dagbag.py:536} INFO - Filling up the DagBag from /home/airflow/.local/lib/python3.8/site-packages/airflow/example_dags/example_task_group_decorator.py
[2023-12-18T14:45:36.346+0000] {processor.py:839} INFO - DAG(s) dict_keys(['example_task_group_decorator']) retrieved from /home/airflow/.local/lib/python3.8/site-packages/airflow/example_dags/example_task_group_decorator.py
[2023-12-18T14:45:36.361+0000] {logging_mixin.py:154} INFO - [2023-12-18T14:45:36.361+0000] {dag.py:2941} INFO - Sync 1 DAGs
[2023-12-18T14:45:36.394+0000] {logging_mixin.py:154} INFO - [2023-12-18T14:45:36.394+0000] {dag.py:3722} INFO - Setting next_dagrun for example_task_group_decorator to 2023-12-17T14:45:36.394097+00:00, run_after=2023-12-18T14:45:36.394097+00:00
[2023-12-18T14:45:36.406+0000] {processor.py:179} INFO - Processing /home/airflow/.local/lib/python3.8/site-packages/airflow/example_dags/example_task_group_decorator.py took 0.071 seconds
[2023-12-18T14:46:06.505+0000] {processor.py:157} INFO - Started process (PID=271) to work on /home/airflow/.local/lib/python3.8/site-packages/airflow/example_dags/example_task_group_decorator.py
[2023-12-18T14:46:06.506+0000] {processor.py:829} INFO - Processing file /home/airflow/.local/lib/python3.8/site-packages/airflow/example_dags/example_task_group_decorator.py for tasks to queue
[2023-12-18T14:46:06.507+0000] {logging_mixin.py:154} INFO - [2023-12-18T14:46:06.507+0000] {dagbag.py:536} INFO - Filling up the DagBag from /home/airflow/.local/lib/python3.8/site-packages/airflow/example_dags/example_task_group_decorator.py
[2023-12-18T14:46:06.516+0000] {processor.py:839} INFO - DAG(s) dict_keys(['example_task_group_decorator']) retrieved from /home/airflow/.local/lib/python3.8/site-packages/airflow/example_dags/example_task_group_decorator.py
[2023-12-18T14:46:06.531+0000] {logging_mixin.py:154} INFO - [2023-12-18T14:46:06.531+0000] {dag.py:2941} INFO - Sync 1 DAGs
[2023-12-18T14:46:06.545+0000] {logging_mixin.py:154} INFO - [2023-12-18T14:46:06.545+0000] {dag.py:3722} INFO - Setting next_dagrun for example_task_group_decorator to 2023-12-17T14:46:06.544970+00:00, run_after=2023-12-18T14:46:06.544970+00:00
[2023-12-18T14:46:06.556+0000] {processor.py:179} INFO - Processing /home/airflow/.local/lib/python3.8/site-packages/airflow/example_dags/example_task_group_decorator.py took 0.052 seconds
[2023-12-18T14:46:37.318+0000] {processor.py:157} INFO - Started process (PID=340) to work on /home/airflow/.local/lib/python3.8/site-packages/airflow/example_dags/example_task_group_decorator.py
[2023-12-18T14:46:37.319+0000] {processor.py:829} INFO - Processing file /home/airflow/.local/lib/python3.8/site-packages/airflow/example_dags/example_task_group_decorator.py for tasks to queue
[2023-12-18T14:46:37.320+0000] {logging_mixin.py:154} INFO - [2023-12-18T14:46:37.320+0000] {dagbag.py:536} INFO - Filling up the DagBag from /home/airflow/.local/lib/python3.8/site-packages/airflow/example_dags/example_task_group_decorator.py
[2023-12-18T14:46:37.328+0000] {processor.py:839} INFO - DAG(s) dict_keys(['example_task_group_decorator']) retrieved from /home/airflow/.local/lib/python3.8/site-packages/airflow/example_dags/example_task_group_decorator.py
[2023-12-18T14:46:37.343+0000] {logging_mixin.py:154} INFO - [2023-12-18T14:46:37.343+0000] {dag.py:2941} INFO - Sync 1 DAGs
[2023-12-18T14:46:37.356+0000] {logging_mixin.py:154} INFO - [2023-12-18T14:46:37.356+0000] {dag.py:3722} INFO - Setting next_dagrun for example_task_group_decorator to 2023-12-17T14:46:37.356403+00:00, run_after=2023-12-18T14:46:37.356403+00:00
[2023-12-18T14:46:37.367+0000] {processor.py:179} INFO - Processing /home/airflow/.local/lib/python3.8/site-packages/airflow/example_dags/example_task_group_decorator.py took 0.051 seconds
[2023-12-18T14:47:08.151+0000] {processor.py:157} INFO - Started process (PID=409) to work on /home/airflow/.local/lib/python3.8/site-packages/airflow/example_dags/example_task_group_decorator.py
[2023-12-18T14:47:08.151+0000] {processor.py:829} INFO - Processing file /home/airflow/.local/lib/python3.8/site-packages/airflow/example_dags/example_task_group_decorator.py for tasks to queue
[2023-12-18T14:47:08.152+0000] {logging_mixin.py:154} INFO - [2023-12-18T14:47:08.152+0000] {dagbag.py:536} INFO - Filling up the DagBag from /home/airflow/.local/lib/python3.8/site-packages/airflow/example_dags/example_task_group_decorator.py
[2023-12-18T14:47:08.182+0000] {processor.py:839} INFO - DAG(s) dict_keys(['example_task_group_decorator']) retrieved from /home/airflow/.local/lib/python3.8/site-packages/airflow/example_dags/example_task_group_decorator.py
[2023-12-18T14:47:08.197+0000] {logging_mixin.py:154} INFO - [2023-12-18T14:47:08.197+0000] {dag.py:2941} INFO - Sync 1 DAGs
[2023-12-18T14:47:08.211+0000] {logging_mixin.py:154} INFO - [2023-12-18T14:47:08.211+0000] {dag.py:3722} INFO - Setting next_dagrun for example_task_group_decorator to 2023-12-17T14:47:08.211510+00:00, run_after=2023-12-18T14:47:08.211510+00:00
[2023-12-18T14:47:08.223+0000] {processor.py:179} INFO - Processing /home/airflow/.local/lib/python3.8/site-packages/airflow/example_dags/example_task_group_decorator.py took 0.074 seconds
[2023-12-18T14:47:38.314+0000] {processor.py:157} INFO - Started process (PID=478) to work on /home/airflow/.local/lib/python3.8/site-packages/airflow/example_dags/example_task_group_decorator.py
[2023-12-18T14:47:38.315+0000] {processor.py:829} INFO - Processing file /home/airflow/.local/lib/python3.8/site-packages/airflow/example_dags/example_task_group_decorator.py for tasks to queue
[2023-12-18T14:47:38.316+0000] {logging_mixin.py:154} INFO - [2023-12-18T14:47:38.316+0000] {dagbag.py:536} INFO - Filling up the DagBag from /home/airflow/.local/lib/python3.8/site-packages/airflow/example_dags/example_task_group_decorator.py
[2023-12-18T14:47:38.327+0000] {processor.py:839} INFO - DAG(s) dict_keys(['example_task_group_decorator']) retrieved from /home/airflow/.local/lib/python3.8/site-packages/airflow/example_dags/example_task_group_decorator.py
[2023-12-18T14:47:38.341+0000] {logging_mixin.py:154} INFO - [2023-12-18T14:47:38.341+0000] {dag.py:2941} INFO - Sync 1 DAGs
[2023-12-18T14:47:38.354+0000] {logging_mixin.py:154} INFO - [2023-12-18T14:47:38.354+0000] {dag.py:3722} INFO - Setting next_dagrun for example_task_group_decorator to 2023-12-17T14:47:38.354588+00:00, run_after=2023-12-18T14:47:38.354588+00:00
[2023-12-18T14:47:38.385+0000] {processor.py:179} INFO - Processing /home/airflow/.local/lib/python3.8/site-packages/airflow/example_dags/example_task_group_decorator.py took 0.072 seconds
[2023-12-18T14:48:08.547+0000] {processor.py:157} INFO - Started process (PID=548) to work on /home/airflow/.local/lib/python3.8/site-packages/airflow/example_dags/example_task_group_decorator.py
[2023-12-18T14:48:08.547+0000] {processor.py:829} INFO - Processing file /home/airflow/.local/lib/python3.8/site-packages/airflow/example_dags/example_task_group_decorator.py for tasks to queue
[2023-12-18T14:48:08.548+0000] {logging_mixin.py:154} INFO - [2023-12-18T14:48:08.548+0000] {dagbag.py:536} INFO - Filling up the DagBag from /home/airflow/.local/lib/python3.8/site-packages/airflow/example_dags/example_task_group_decorator.py
[2023-12-18T14:48:08.557+0000] {processor.py:839} INFO - DAG(s) dict_keys(['example_task_group_decorator']) retrieved from /home/airflow/.local/lib/python3.8/site-packages/airflow/example_dags/example_task_group_decorator.py
[2023-12-18T14:48:08.593+0000] {logging_mixin.py:154} INFO - [2023-12-18T14:48:08.593+0000] {dag.py:2941} INFO - Sync 1 DAGs
[2023-12-18T14:48:08.609+0000] {logging_mixin.py:154} INFO - [2023-12-18T14:48:08.609+0000] {dag.py:3722} INFO - Setting next_dagrun for example_task_group_decorator to 2023-12-17T14:48:08.609097+00:00, run_after=2023-12-18T14:48:08.609097+00:00
[2023-12-18T14:48:08.620+0000] {processor.py:179} INFO - Processing /home/airflow/.local/lib/python3.8/site-packages/airflow/example_dags/example_task_group_decorator.py took 0.075 seconds
[2023-12-18T14:48:39.519+0000] {processor.py:157} INFO - Started process (PID=618) to work on /home/airflow/.local/lib/python3.8/site-packages/airflow/example_dags/example_task_group_decorator.py
[2023-12-18T14:48:39.520+0000] {processor.py:829} INFO - Processing file /home/airflow/.local/lib/python3.8/site-packages/airflow/example_dags/example_task_group_decorator.py for tasks to queue
[2023-12-18T14:48:39.521+0000] {logging_mixin.py:154} INFO - [2023-12-18T14:48:39.521+0000] {dagbag.py:536} INFO - Filling up the DagBag from /home/airflow/.local/lib/python3.8/site-packages/airflow/example_dags/example_task_group_decorator.py
[2023-12-18T14:48:39.530+0000] {processor.py:839} INFO - DAG(s) dict_keys(['example_task_group_decorator']) retrieved from /home/airflow/.local/lib/python3.8/site-packages/airflow/example_dags/example_task_group_decorator.py
[2023-12-18T14:48:39.544+0000] {logging_mixin.py:154} INFO - [2023-12-18T14:48:39.544+0000] {dag.py:2941} INFO - Sync 1 DAGs
[2023-12-18T14:48:39.558+0000] {logging_mixin.py:154} INFO - [2023-12-18T14:48:39.558+0000] {dag.py:3722} INFO - Setting next_dagrun for example_task_group_decorator to 2023-12-17T14:48:39.558507+00:00, run_after=2023-12-18T14:48:39.558507+00:00
[2023-12-18T14:48:39.591+0000] {processor.py:179} INFO - Processing /home/airflow/.local/lib/python3.8/site-packages/airflow/example_dags/example_task_group_decorator.py took 0.074 seconds
[2023-12-18T14:52:07.932+0000] {processor.py:157} INFO - Started process (PID=65) to work on /home/airflow/.local/lib/python3.8/site-packages/airflow/example_dags/example_task_group_decorator.py
[2023-12-18T14:52:07.933+0000] {processor.py:829} INFO - Processing file /home/airflow/.local/lib/python3.8/site-packages/airflow/example_dags/example_task_group_decorator.py for tasks to queue
[2023-12-18T14:52:07.935+0000] {logging_mixin.py:154} INFO - [2023-12-18T14:52:07.934+0000] {dagbag.py:536} INFO - Filling up the DagBag from /home/airflow/.local/lib/python3.8/site-packages/airflow/example_dags/example_task_group_decorator.py
[2023-12-18T14:52:07.956+0000] {processor.py:839} INFO - DAG(s) dict_keys(['example_task_group_decorator']) retrieved from /home/airflow/.local/lib/python3.8/site-packages/airflow/example_dags/example_task_group_decorator.py
[2023-12-18T14:52:08.021+0000] {logging_mixin.py:154} INFO - [2023-12-18T14:52:08.021+0000] {dag.py:2941} INFO - Sync 1 DAGs
[2023-12-18T14:52:08.082+0000] {logging_mixin.py:154} INFO - [2023-12-18T14:52:08.082+0000] {dag.py:3722} INFO - Setting next_dagrun for example_task_group_decorator to 2023-12-17T14:52:08.082048+00:00, run_after=2023-12-18T14:52:08.082048+00:00
[2023-12-18T14:52:08.132+0000] {processor.py:179} INFO - Processing /home/airflow/.local/lib/python3.8/site-packages/airflow/example_dags/example_task_group_decorator.py took 0.203 seconds
[2023-12-18T14:52:38.405+0000] {processor.py:157} INFO - Started process (PID=134) to work on /home/airflow/.local/lib/python3.8/site-packages/airflow/example_dags/example_task_group_decorator.py
[2023-12-18T14:52:38.406+0000] {processor.py:829} INFO - Processing file /home/airflow/.local/lib/python3.8/site-packages/airflow/example_dags/example_task_group_decorator.py for tasks to queue
[2023-12-18T14:52:38.407+0000] {logging_mixin.py:154} INFO - [2023-12-18T14:52:38.407+0000] {dagbag.py:536} INFO - Filling up the DagBag from /home/airflow/.local/lib/python3.8/site-packages/airflow/example_dags/example_task_group_decorator.py
[2023-12-18T14:52:38.416+0000] {processor.py:839} INFO - DAG(s) dict_keys(['example_task_group_decorator']) retrieved from /home/airflow/.local/lib/python3.8/site-packages/airflow/example_dags/example_task_group_decorator.py
[2023-12-18T14:52:38.436+0000] {logging_mixin.py:154} INFO - [2023-12-18T14:52:38.436+0000] {dag.py:2941} INFO - Sync 1 DAGs
[2023-12-18T14:52:38.450+0000] {logging_mixin.py:154} INFO - [2023-12-18T14:52:38.450+0000] {dag.py:3722} INFO - Setting next_dagrun for example_task_group_decorator to 2023-12-17T14:52:38.450228+00:00, run_after=2023-12-18T14:52:38.450228+00:00
[2023-12-18T14:52:38.461+0000] {processor.py:179} INFO - Processing /home/airflow/.local/lib/python3.8/site-packages/airflow/example_dags/example_task_group_decorator.py took 0.058 seconds
[2023-12-18T14:53:08.721+0000] {processor.py:157} INFO - Started process (PID=204) to work on /home/airflow/.local/lib/python3.8/site-packages/airflow/example_dags/example_task_group_decorator.py
[2023-12-18T14:53:08.721+0000] {processor.py:829} INFO - Processing file /home/airflow/.local/lib/python3.8/site-packages/airflow/example_dags/example_task_group_decorator.py for tasks to queue
[2023-12-18T14:53:08.723+0000] {logging_mixin.py:154} INFO - [2023-12-18T14:53:08.722+0000] {dagbag.py:536} INFO - Filling up the DagBag from /home/airflow/.local/lib/python3.8/site-packages/airflow/example_dags/example_task_group_decorator.py
[2023-12-18T14:53:08.731+0000] {processor.py:839} INFO - DAG(s) dict_keys(['example_task_group_decorator']) retrieved from /home/airflow/.local/lib/python3.8/site-packages/airflow/example_dags/example_task_group_decorator.py
[2023-12-18T14:53:08.745+0000] {logging_mixin.py:154} INFO - [2023-12-18T14:53:08.745+0000] {dag.py:2941} INFO - Sync 1 DAGs
[2023-12-18T14:53:08.759+0000] {logging_mixin.py:154} INFO - [2023-12-18T14:53:08.759+0000] {dag.py:3722} INFO - Setting next_dagrun for example_task_group_decorator to 2023-12-17T14:53:08.759185+00:00, run_after=2023-12-18T14:53:08.759185+00:00
[2023-12-18T14:53:08.770+0000] {processor.py:179} INFO - Processing /home/airflow/.local/lib/python3.8/site-packages/airflow/example_dags/example_task_group_decorator.py took 0.051 seconds
[2023-12-18T14:53:39.561+0000] {processor.py:157} INFO - Started process (PID=273) to work on /home/airflow/.local/lib/python3.8/site-packages/airflow/example_dags/example_task_group_decorator.py
[2023-12-18T14:53:39.562+0000] {processor.py:829} INFO - Processing file /home/airflow/.local/lib/python3.8/site-packages/airflow/example_dags/example_task_group_decorator.py for tasks to queue
[2023-12-18T14:53:39.563+0000] {logging_mixin.py:154} INFO - [2023-12-18T14:53:39.563+0000] {dagbag.py:536} INFO - Filling up the DagBag from /home/airflow/.local/lib/python3.8/site-packages/airflow/example_dags/example_task_group_decorator.py
[2023-12-18T14:53:39.571+0000] {processor.py:839} INFO - DAG(s) dict_keys(['example_task_group_decorator']) retrieved from /home/airflow/.local/lib/python3.8/site-packages/airflow/example_dags/example_task_group_decorator.py
[2023-12-18T14:53:39.587+0000] {logging_mixin.py:154} INFO - [2023-12-18T14:53:39.586+0000] {dag.py:2941} INFO - Sync 1 DAGs
[2023-12-18T14:53:39.600+0000] {logging_mixin.py:154} INFO - [2023-12-18T14:53:39.600+0000] {dag.py:3722} INFO - Setting next_dagrun for example_task_group_decorator to 2023-12-17T14:53:39.599881+00:00, run_after=2023-12-18T14:53:39.599881+00:00
[2023-12-18T14:53:39.610+0000] {processor.py:179} INFO - Processing /home/airflow/.local/lib/python3.8/site-packages/airflow/example_dags/example_task_group_decorator.py took 0.051 seconds
