[2023-12-18T14:25:41.071+0000] {processor.py:157} INFO - Started process (PID=72) to work on /home/airflow/.local/lib/python3.8/site-packages/airflow/example_dags/example_setup_teardown.py
[2023-12-18T14:25:41.072+0000] {processor.py:829} INFO - Processing file /home/airflow/.local/lib/python3.8/site-packages/airflow/example_dags/example_setup_teardown.py for tasks to queue
[2023-12-18T14:25:41.082+0000] {logging_mixin.py:154} INFO - [2023-12-18T14:25:41.082+0000] {dagbag.py:536} INFO - Filling up the DagBag from /home/airflow/.local/lib/python3.8/site-packages/airflow/example_dags/example_setup_teardown.py
[2023-12-18T14:25:41.093+0000] {processor.py:839} INFO - DAG(s) dict_keys(['example_setup_teardown']) retrieved from /home/airflow/.local/lib/python3.8/site-packages/airflow/example_dags/example_setup_teardown.py
[2023-12-18T14:25:41.108+0000] {logging_mixin.py:154} INFO - [2023-12-18T14:25:41.107+0000] {dag.py:2941} INFO - Sync 1 DAGs
[2023-12-18T14:25:41.136+0000] {logging_mixin.py:154} INFO - [2023-12-18T14:25:41.135+0000] {dag.py:3722} INFO - Setting next_dagrun for example_setup_teardown to 2023-12-17T14:25:41.135409+00:00, run_after=2023-12-18T14:25:41.135409+00:00
[2023-12-18T14:25:41.155+0000] {processor.py:179} INFO - Processing /home/airflow/.local/lib/python3.8/site-packages/airflow/example_dags/example_setup_teardown.py took 0.086 seconds
[2023-12-18T14:26:11.667+0000] {processor.py:157} INFO - Started process (PID=141) to work on /home/airflow/.local/lib/python3.8/site-packages/airflow/example_dags/example_setup_teardown.py
[2023-12-18T14:26:11.693+0000] {processor.py:829} INFO - Processing file /home/airflow/.local/lib/python3.8/site-packages/airflow/example_dags/example_setup_teardown.py for tasks to queue
[2023-12-18T14:26:11.695+0000] {logging_mixin.py:154} INFO - [2023-12-18T14:26:11.695+0000] {dagbag.py:536} INFO - Filling up the DagBag from /home/airflow/.local/lib/python3.8/site-packages/airflow/example_dags/example_setup_teardown.py
[2023-12-18T14:26:11.701+0000] {processor.py:839} INFO - DAG(s) dict_keys(['example_setup_teardown']) retrieved from /home/airflow/.local/lib/python3.8/site-packages/airflow/example_dags/example_setup_teardown.py
[2023-12-18T14:26:11.715+0000] {logging_mixin.py:154} INFO - [2023-12-18T14:26:11.715+0000] {dag.py:2941} INFO - Sync 1 DAGs
[2023-12-18T14:26:11.729+0000] {logging_mixin.py:154} INFO - [2023-12-18T14:26:11.729+0000] {dag.py:3722} INFO - Setting next_dagrun for example_setup_teardown to 2023-12-17T14:26:11.729088+00:00, run_after=2023-12-18T14:26:11.729088+00:00
[2023-12-18T14:26:11.746+0000] {processor.py:179} INFO - Processing /home/airflow/.local/lib/python3.8/site-packages/airflow/example_dags/example_setup_teardown.py took 0.080 seconds
[2023-12-18T14:26:41.897+0000] {processor.py:157} INFO - Started process (PID=211) to work on /home/airflow/.local/lib/python3.8/site-packages/airflow/example_dags/example_setup_teardown.py
[2023-12-18T14:26:41.898+0000] {processor.py:829} INFO - Processing file /home/airflow/.local/lib/python3.8/site-packages/airflow/example_dags/example_setup_teardown.py for tasks to queue
[2023-12-18T14:26:41.899+0000] {logging_mixin.py:154} INFO - [2023-12-18T14:26:41.899+0000] {dagbag.py:536} INFO - Filling up the DagBag from /home/airflow/.local/lib/python3.8/site-packages/airflow/example_dags/example_setup_teardown.py
[2023-12-18T14:26:41.902+0000] {processor.py:839} INFO - DAG(s) dict_keys(['example_setup_teardown']) retrieved from /home/airflow/.local/lib/python3.8/site-packages/airflow/example_dags/example_setup_teardown.py
[2023-12-18T14:26:41.917+0000] {logging_mixin.py:154} INFO - [2023-12-18T14:26:41.917+0000] {dag.py:2941} INFO - Sync 1 DAGs
[2023-12-18T14:26:41.935+0000] {logging_mixin.py:154} INFO - [2023-12-18T14:26:41.935+0000] {dag.py:3722} INFO - Setting next_dagrun for example_setup_teardown to 2023-12-17T14:26:41.935258+00:00, run_after=2023-12-18T14:26:41.935258+00:00
[2023-12-18T14:26:41.948+0000] {processor.py:179} INFO - Processing /home/airflow/.local/lib/python3.8/site-packages/airflow/example_dags/example_setup_teardown.py took 0.053 seconds
[2023-12-18T14:27:12.801+0000] {processor.py:157} INFO - Started process (PID=280) to work on /home/airflow/.local/lib/python3.8/site-packages/airflow/example_dags/example_setup_teardown.py
[2023-12-18T14:27:12.802+0000] {processor.py:829} INFO - Processing file /home/airflow/.local/lib/python3.8/site-packages/airflow/example_dags/example_setup_teardown.py for tasks to queue
[2023-12-18T14:27:12.803+0000] {logging_mixin.py:154} INFO - [2023-12-18T14:27:12.803+0000] {dagbag.py:536} INFO - Filling up the DagBag from /home/airflow/.local/lib/python3.8/site-packages/airflow/example_dags/example_setup_teardown.py
[2023-12-18T14:27:12.807+0000] {processor.py:839} INFO - DAG(s) dict_keys(['example_setup_teardown']) retrieved from /home/airflow/.local/lib/python3.8/site-packages/airflow/example_dags/example_setup_teardown.py
[2023-12-18T14:27:12.819+0000] {logging_mixin.py:154} INFO - [2023-12-18T14:27:12.819+0000] {dag.py:2941} INFO - Sync 1 DAGs
[2023-12-18T14:27:12.832+0000] {logging_mixin.py:154} INFO - [2023-12-18T14:27:12.832+0000] {dag.py:3722} INFO - Setting next_dagrun for example_setup_teardown to 2023-12-17T14:27:12.832188+00:00, run_after=2023-12-18T14:27:12.832188+00:00
[2023-12-18T14:27:12.843+0000] {processor.py:179} INFO - Processing /home/airflow/.local/lib/python3.8/site-packages/airflow/example_dags/example_setup_teardown.py took 0.044 seconds
[2023-12-18T14:27:43.706+0000] {processor.py:157} INFO - Started process (PID=355) to work on /home/airflow/.local/lib/python3.8/site-packages/airflow/example_dags/example_setup_teardown.py
[2023-12-18T14:27:43.706+0000] {processor.py:829} INFO - Processing file /home/airflow/.local/lib/python3.8/site-packages/airflow/example_dags/example_setup_teardown.py for tasks to queue
[2023-12-18T14:27:43.707+0000] {logging_mixin.py:154} INFO - [2023-12-18T14:27:43.707+0000] {dagbag.py:536} INFO - Filling up the DagBag from /home/airflow/.local/lib/python3.8/site-packages/airflow/example_dags/example_setup_teardown.py
[2023-12-18T14:27:43.711+0000] {processor.py:839} INFO - DAG(s) dict_keys(['example_setup_teardown']) retrieved from /home/airflow/.local/lib/python3.8/site-packages/airflow/example_dags/example_setup_teardown.py
[2023-12-18T14:27:43.724+0000] {logging_mixin.py:154} INFO - [2023-12-18T14:27:43.724+0000] {dag.py:2941} INFO - Sync 1 DAGs
[2023-12-18T14:27:43.737+0000] {logging_mixin.py:154} INFO - [2023-12-18T14:27:43.737+0000] {dag.py:3722} INFO - Setting next_dagrun for example_setup_teardown to 2023-12-17T14:27:43.737074+00:00, run_after=2023-12-18T14:27:43.737074+00:00
[2023-12-18T14:27:43.747+0000] {processor.py:179} INFO - Processing /home/airflow/.local/lib/python3.8/site-packages/airflow/example_dags/example_setup_teardown.py took 0.044 seconds
[2023-12-18T14:28:13.865+0000] {processor.py:157} INFO - Started process (PID=417) to work on /home/airflow/.local/lib/python3.8/site-packages/airflow/example_dags/example_setup_teardown.py
[2023-12-18T14:28:13.866+0000] {processor.py:829} INFO - Processing file /home/airflow/.local/lib/python3.8/site-packages/airflow/example_dags/example_setup_teardown.py for tasks to queue
[2023-12-18T14:28:13.867+0000] {logging_mixin.py:154} INFO - [2023-12-18T14:28:13.867+0000] {dagbag.py:536} INFO - Filling up the DagBag from /home/airflow/.local/lib/python3.8/site-packages/airflow/example_dags/example_setup_teardown.py
[2023-12-18T14:28:13.871+0000] {processor.py:839} INFO - DAG(s) dict_keys(['example_setup_teardown']) retrieved from /home/airflow/.local/lib/python3.8/site-packages/airflow/example_dags/example_setup_teardown.py
[2023-12-18T14:28:13.884+0000] {logging_mixin.py:154} INFO - [2023-12-18T14:28:13.884+0000] {dag.py:2941} INFO - Sync 1 DAGs
[2023-12-18T14:28:13.897+0000] {logging_mixin.py:154} INFO - [2023-12-18T14:28:13.897+0000] {dag.py:3722} INFO - Setting next_dagrun for example_setup_teardown to 2023-12-17T14:28:13.897521+00:00, run_after=2023-12-18T14:28:13.897521+00:00
[2023-12-18T14:28:13.907+0000] {processor.py:179} INFO - Processing /home/airflow/.local/lib/python3.8/site-packages/airflow/example_dags/example_setup_teardown.py took 0.044 seconds
[2023-12-18T14:28:44.698+0000] {processor.py:157} INFO - Started process (PID=493) to work on /home/airflow/.local/lib/python3.8/site-packages/airflow/example_dags/example_setup_teardown.py
[2023-12-18T14:28:44.698+0000] {processor.py:829} INFO - Processing file /home/airflow/.local/lib/python3.8/site-packages/airflow/example_dags/example_setup_teardown.py for tasks to queue
[2023-12-18T14:28:44.699+0000] {logging_mixin.py:154} INFO - [2023-12-18T14:28:44.699+0000] {dagbag.py:536} INFO - Filling up the DagBag from /home/airflow/.local/lib/python3.8/site-packages/airflow/example_dags/example_setup_teardown.py
[2023-12-18T14:28:44.705+0000] {processor.py:839} INFO - DAG(s) dict_keys(['example_setup_teardown']) retrieved from /home/airflow/.local/lib/python3.8/site-packages/airflow/example_dags/example_setup_teardown.py
[2023-12-18T14:28:44.723+0000] {logging_mixin.py:154} INFO - [2023-12-18T14:28:44.723+0000] {dag.py:2941} INFO - Sync 1 DAGs
[2023-12-18T14:28:44.738+0000] {logging_mixin.py:154} INFO - [2023-12-18T14:28:44.738+0000] {dag.py:3722} INFO - Setting next_dagrun for example_setup_teardown to 2023-12-17T14:28:44.738635+00:00, run_after=2023-12-18T14:28:44.738635+00:00
[2023-12-18T14:28:44.749+0000] {processor.py:179} INFO - Processing /home/airflow/.local/lib/python3.8/site-packages/airflow/example_dags/example_setup_teardown.py took 0.053 seconds
[2023-12-18T14:29:15.644+0000] {processor.py:157} INFO - Started process (PID=562) to work on /home/airflow/.local/lib/python3.8/site-packages/airflow/example_dags/example_setup_teardown.py
[2023-12-18T14:29:15.645+0000] {processor.py:829} INFO - Processing file /home/airflow/.local/lib/python3.8/site-packages/airflow/example_dags/example_setup_teardown.py for tasks to queue
[2023-12-18T14:29:15.648+0000] {logging_mixin.py:154} INFO - [2023-12-18T14:29:15.648+0000] {dagbag.py:536} INFO - Filling up the DagBag from /home/airflow/.local/lib/python3.8/site-packages/airflow/example_dags/example_setup_teardown.py
[2023-12-18T14:29:15.662+0000] {processor.py:839} INFO - DAG(s) dict_keys(['example_setup_teardown']) retrieved from /home/airflow/.local/lib/python3.8/site-packages/airflow/example_dags/example_setup_teardown.py
[2023-12-18T14:29:15.694+0000] {logging_mixin.py:154} INFO - [2023-12-18T14:29:15.694+0000] {dag.py:2941} INFO - Sync 1 DAGs
[2023-12-18T14:29:15.710+0000] {logging_mixin.py:154} INFO - [2023-12-18T14:29:15.710+0000] {dag.py:3722} INFO - Setting next_dagrun for example_setup_teardown to 2023-12-17T14:29:15.710642+00:00, run_after=2023-12-18T14:29:15.710642+00:00
[2023-12-18T14:29:15.725+0000] {processor.py:179} INFO - Processing /home/airflow/.local/lib/python3.8/site-packages/airflow/example_dags/example_setup_teardown.py took 0.089 seconds
[2023-12-18T14:29:46.652+0000] {processor.py:157} INFO - Started process (PID=631) to work on /home/airflow/.local/lib/python3.8/site-packages/airflow/example_dags/example_setup_teardown.py
[2023-12-18T14:29:46.660+0000] {processor.py:829} INFO - Processing file /home/airflow/.local/lib/python3.8/site-packages/airflow/example_dags/example_setup_teardown.py for tasks to queue
[2023-12-18T14:29:46.662+0000] {logging_mixin.py:154} INFO - [2023-12-18T14:29:46.661+0000] {dagbag.py:536} INFO - Filling up the DagBag from /home/airflow/.local/lib/python3.8/site-packages/airflow/example_dags/example_setup_teardown.py
[2023-12-18T14:29:46.669+0000] {processor.py:839} INFO - DAG(s) dict_keys(['example_setup_teardown']) retrieved from /home/airflow/.local/lib/python3.8/site-packages/airflow/example_dags/example_setup_teardown.py
[2023-12-18T14:29:46.683+0000] {logging_mixin.py:154} INFO - [2023-12-18T14:29:46.682+0000] {dag.py:2941} INFO - Sync 1 DAGs
[2023-12-18T14:29:46.696+0000] {logging_mixin.py:154} INFO - [2023-12-18T14:29:46.696+0000] {dag.py:3722} INFO - Setting next_dagrun for example_setup_teardown to 2023-12-17T14:29:46.695879+00:00, run_after=2023-12-18T14:29:46.695879+00:00
[2023-12-18T14:29:46.705+0000] {processor.py:179} INFO - Processing /home/airflow/.local/lib/python3.8/site-packages/airflow/example_dags/example_setup_teardown.py took 0.057 seconds
[2023-12-18T14:30:16.852+0000] {processor.py:157} INFO - Started process (PID=701) to work on /home/airflow/.local/lib/python3.8/site-packages/airflow/example_dags/example_setup_teardown.py
[2023-12-18T14:30:16.853+0000] {processor.py:829} INFO - Processing file /home/airflow/.local/lib/python3.8/site-packages/airflow/example_dags/example_setup_teardown.py for tasks to queue
[2023-12-18T14:30:16.854+0000] {logging_mixin.py:154} INFO - [2023-12-18T14:30:16.854+0000] {dagbag.py:536} INFO - Filling up the DagBag from /home/airflow/.local/lib/python3.8/site-packages/airflow/example_dags/example_setup_teardown.py
[2023-12-18T14:30:16.858+0000] {processor.py:839} INFO - DAG(s) dict_keys(['example_setup_teardown']) retrieved from /home/airflow/.local/lib/python3.8/site-packages/airflow/example_dags/example_setup_teardown.py
[2023-12-18T14:30:16.911+0000] {logging_mixin.py:154} INFO - [2023-12-18T14:30:16.911+0000] {dag.py:2941} INFO - Sync 1 DAGs
[2023-12-18T14:30:16.925+0000] {logging_mixin.py:154} INFO - [2023-12-18T14:30:16.925+0000] {dag.py:3722} INFO - Setting next_dagrun for example_setup_teardown to 2023-12-17T14:30:16.925511+00:00, run_after=2023-12-18T14:30:16.925511+00:00
[2023-12-18T14:30:16.940+0000] {processor.py:179} INFO - Processing /home/airflow/.local/lib/python3.8/site-packages/airflow/example_dags/example_setup_teardown.py took 0.089 seconds
[2023-12-18T14:30:47.020+0000] {processor.py:157} INFO - Started process (PID=771) to work on /home/airflow/.local/lib/python3.8/site-packages/airflow/example_dags/example_setup_teardown.py
[2023-12-18T14:30:47.022+0000] {processor.py:829} INFO - Processing file /home/airflow/.local/lib/python3.8/site-packages/airflow/example_dags/example_setup_teardown.py for tasks to queue
[2023-12-18T14:30:47.023+0000] {logging_mixin.py:154} INFO - [2023-12-18T14:30:47.023+0000] {dagbag.py:536} INFO - Filling up the DagBag from /home/airflow/.local/lib/python3.8/site-packages/airflow/example_dags/example_setup_teardown.py
[2023-12-18T14:30:47.028+0000] {processor.py:839} INFO - DAG(s) dict_keys(['example_setup_teardown']) retrieved from /home/airflow/.local/lib/python3.8/site-packages/airflow/example_dags/example_setup_teardown.py
[2023-12-18T14:30:47.041+0000] {logging_mixin.py:154} INFO - [2023-12-18T14:30:47.041+0000] {dag.py:2941} INFO - Sync 1 DAGs
[2023-12-18T14:30:47.054+0000] {logging_mixin.py:154} INFO - [2023-12-18T14:30:47.053+0000] {dag.py:3722} INFO - Setting next_dagrun for example_setup_teardown to 2023-12-17T14:30:47.053730+00:00, run_after=2023-12-18T14:30:47.053730+00:00
[2023-12-18T14:30:47.063+0000] {processor.py:179} INFO - Processing /home/airflow/.local/lib/python3.8/site-packages/airflow/example_dags/example_setup_teardown.py took 0.047 seconds
[2023-12-18T14:31:17.116+0000] {processor.py:157} INFO - Started process (PID=840) to work on /home/airflow/.local/lib/python3.8/site-packages/airflow/example_dags/example_setup_teardown.py
[2023-12-18T14:31:17.117+0000] {processor.py:829} INFO - Processing file /home/airflow/.local/lib/python3.8/site-packages/airflow/example_dags/example_setup_teardown.py for tasks to queue
[2023-12-18T14:31:17.118+0000] {logging_mixin.py:154} INFO - [2023-12-18T14:31:17.118+0000] {dagbag.py:536} INFO - Filling up the DagBag from /home/airflow/.local/lib/python3.8/site-packages/airflow/example_dags/example_setup_teardown.py
[2023-12-18T14:31:17.122+0000] {processor.py:839} INFO - DAG(s) dict_keys(['example_setup_teardown']) retrieved from /home/airflow/.local/lib/python3.8/site-packages/airflow/example_dags/example_setup_teardown.py
[2023-12-18T14:31:17.137+0000] {logging_mixin.py:154} INFO - [2023-12-18T14:31:17.137+0000] {dag.py:2941} INFO - Sync 1 DAGs
[2023-12-18T14:31:17.155+0000] {logging_mixin.py:154} INFO - [2023-12-18T14:31:17.155+0000] {dag.py:3722} INFO - Setting next_dagrun for example_setup_teardown to 2023-12-17T14:31:17.155044+00:00, run_after=2023-12-18T14:31:17.155044+00:00
[2023-12-18T14:31:17.166+0000] {processor.py:179} INFO - Processing /home/airflow/.local/lib/python3.8/site-packages/airflow/example_dags/example_setup_teardown.py took 0.052 seconds
[2023-12-18T14:31:48.043+0000] {processor.py:157} INFO - Started process (PID=909) to work on /home/airflow/.local/lib/python3.8/site-packages/airflow/example_dags/example_setup_teardown.py
[2023-12-18T14:31:48.044+0000] {processor.py:829} INFO - Processing file /home/airflow/.local/lib/python3.8/site-packages/airflow/example_dags/example_setup_teardown.py for tasks to queue
[2023-12-18T14:31:48.046+0000] {logging_mixin.py:154} INFO - [2023-12-18T14:31:48.045+0000] {dagbag.py:536} INFO - Filling up the DagBag from /home/airflow/.local/lib/python3.8/site-packages/airflow/example_dags/example_setup_teardown.py
[2023-12-18T14:31:48.049+0000] {processor.py:839} INFO - DAG(s) dict_keys(['example_setup_teardown']) retrieved from /home/airflow/.local/lib/python3.8/site-packages/airflow/example_dags/example_setup_teardown.py
[2023-12-18T14:31:48.062+0000] {logging_mixin.py:154} INFO - [2023-12-18T14:31:48.062+0000] {dag.py:2941} INFO - Sync 1 DAGs
[2023-12-18T14:31:48.079+0000] {logging_mixin.py:154} INFO - [2023-12-18T14:31:48.078+0000] {dag.py:3722} INFO - Setting next_dagrun for example_setup_teardown to 2023-12-17T14:31:48.078519+00:00, run_after=2023-12-18T14:31:48.078519+00:00
[2023-12-18T14:31:48.094+0000] {processor.py:179} INFO - Processing /home/airflow/.local/lib/python3.8/site-packages/airflow/example_dags/example_setup_teardown.py took 0.053 seconds
[2023-12-18T14:32:18.170+0000] {processor.py:157} INFO - Started process (PID=977) to work on /home/airflow/.local/lib/python3.8/site-packages/airflow/example_dags/example_setup_teardown.py
[2023-12-18T14:32:18.170+0000] {processor.py:829} INFO - Processing file /home/airflow/.local/lib/python3.8/site-packages/airflow/example_dags/example_setup_teardown.py for tasks to queue
[2023-12-18T14:32:18.172+0000] {logging_mixin.py:154} INFO - [2023-12-18T14:32:18.172+0000] {dagbag.py:536} INFO - Filling up the DagBag from /home/airflow/.local/lib/python3.8/site-packages/airflow/example_dags/example_setup_teardown.py
[2023-12-18T14:32:18.178+0000] {processor.py:839} INFO - DAG(s) dict_keys(['example_setup_teardown']) retrieved from /home/airflow/.local/lib/python3.8/site-packages/airflow/example_dags/example_setup_teardown.py
[2023-12-18T14:32:18.191+0000] {logging_mixin.py:154} INFO - [2023-12-18T14:32:18.190+0000] {dag.py:2941} INFO - Sync 1 DAGs
[2023-12-18T14:32:18.204+0000] {logging_mixin.py:154} INFO - [2023-12-18T14:32:18.204+0000] {dag.py:3722} INFO - Setting next_dagrun for example_setup_teardown to 2023-12-17T14:32:18.203794+00:00, run_after=2023-12-18T14:32:18.203794+00:00
[2023-12-18T14:32:18.214+0000] {processor.py:179} INFO - Processing /home/airflow/.local/lib/python3.8/site-packages/airflow/example_dags/example_setup_teardown.py took 0.047 seconds
[2023-12-18T14:32:49.017+0000] {processor.py:157} INFO - Started process (PID=1045) to work on /home/airflow/.local/lib/python3.8/site-packages/airflow/example_dags/example_setup_teardown.py
[2023-12-18T14:32:49.024+0000] {processor.py:829} INFO - Processing file /home/airflow/.local/lib/python3.8/site-packages/airflow/example_dags/example_setup_teardown.py for tasks to queue
[2023-12-18T14:32:49.026+0000] {logging_mixin.py:154} INFO - [2023-12-18T14:32:49.026+0000] {dagbag.py:536} INFO - Filling up the DagBag from /home/airflow/.local/lib/python3.8/site-packages/airflow/example_dags/example_setup_teardown.py
[2023-12-18T14:32:49.031+0000] {processor.py:839} INFO - DAG(s) dict_keys(['example_setup_teardown']) retrieved from /home/airflow/.local/lib/python3.8/site-packages/airflow/example_dags/example_setup_teardown.py
[2023-12-18T14:32:49.046+0000] {logging_mixin.py:154} INFO - [2023-12-18T14:32:49.046+0000] {dag.py:2941} INFO - Sync 1 DAGs
[2023-12-18T14:32:49.059+0000] {logging_mixin.py:154} INFO - [2023-12-18T14:32:49.059+0000] {dag.py:3722} INFO - Setting next_dagrun for example_setup_teardown to 2023-12-17T14:32:49.059663+00:00, run_after=2023-12-18T14:32:49.059663+00:00
[2023-12-18T14:32:49.070+0000] {processor.py:179} INFO - Processing /home/airflow/.local/lib/python3.8/site-packages/airflow/example_dags/example_setup_teardown.py took 0.055 seconds
[2023-12-18T14:33:19.724+0000] {processor.py:157} INFO - Started process (PID=1114) to work on /home/airflow/.local/lib/python3.8/site-packages/airflow/example_dags/example_setup_teardown.py
[2023-12-18T14:33:19.731+0000] {processor.py:829} INFO - Processing file /home/airflow/.local/lib/python3.8/site-packages/airflow/example_dags/example_setup_teardown.py for tasks to queue
[2023-12-18T14:33:19.733+0000] {logging_mixin.py:154} INFO - [2023-12-18T14:33:19.733+0000] {dagbag.py:536} INFO - Filling up the DagBag from /home/airflow/.local/lib/python3.8/site-packages/airflow/example_dags/example_setup_teardown.py
[2023-12-18T14:33:19.738+0000] {processor.py:839} INFO - DAG(s) dict_keys(['example_setup_teardown']) retrieved from /home/airflow/.local/lib/python3.8/site-packages/airflow/example_dags/example_setup_teardown.py
[2023-12-18T14:33:19.751+0000] {logging_mixin.py:154} INFO - [2023-12-18T14:33:19.751+0000] {dag.py:2941} INFO - Sync 1 DAGs
[2023-12-18T14:33:19.764+0000] {logging_mixin.py:154} INFO - [2023-12-18T14:33:19.764+0000] {dag.py:3722} INFO - Setting next_dagrun for example_setup_teardown to 2023-12-17T14:33:19.764064+00:00, run_after=2023-12-18T14:33:19.764064+00:00
[2023-12-18T14:33:19.774+0000] {processor.py:179} INFO - Processing /home/airflow/.local/lib/python3.8/site-packages/airflow/example_dags/example_setup_teardown.py took 0.053 seconds
[2023-12-18T14:33:50.616+0000] {processor.py:157} INFO - Started process (PID=1183) to work on /home/airflow/.local/lib/python3.8/site-packages/airflow/example_dags/example_setup_teardown.py
[2023-12-18T14:33:50.616+0000] {processor.py:829} INFO - Processing file /home/airflow/.local/lib/python3.8/site-packages/airflow/example_dags/example_setup_teardown.py for tasks to queue
[2023-12-18T14:33:50.618+0000] {logging_mixin.py:154} INFO - [2023-12-18T14:33:50.618+0000] {dagbag.py:536} INFO - Filling up the DagBag from /home/airflow/.local/lib/python3.8/site-packages/airflow/example_dags/example_setup_teardown.py
[2023-12-18T14:33:50.623+0000] {processor.py:839} INFO - DAG(s) dict_keys(['example_setup_teardown']) retrieved from /home/airflow/.local/lib/python3.8/site-packages/airflow/example_dags/example_setup_teardown.py
[2023-12-18T14:33:50.635+0000] {logging_mixin.py:154} INFO - [2023-12-18T14:33:50.635+0000] {dag.py:2941} INFO - Sync 1 DAGs
[2023-12-18T14:33:50.648+0000] {logging_mixin.py:154} INFO - [2023-12-18T14:33:50.647+0000] {dag.py:3722} INFO - Setting next_dagrun for example_setup_teardown to 2023-12-17T14:33:50.647780+00:00, run_after=2023-12-18T14:33:50.647780+00:00
[2023-12-18T14:33:50.658+0000] {processor.py:179} INFO - Processing /home/airflow/.local/lib/python3.8/site-packages/airflow/example_dags/example_setup_teardown.py took 0.045 seconds
[2023-12-18T14:34:20.769+0000] {processor.py:157} INFO - Started process (PID=1252) to work on /home/airflow/.local/lib/python3.8/site-packages/airflow/example_dags/example_setup_teardown.py
[2023-12-18T14:34:20.777+0000] {processor.py:829} INFO - Processing file /home/airflow/.local/lib/python3.8/site-packages/airflow/example_dags/example_setup_teardown.py for tasks to queue
[2023-12-18T14:34:20.779+0000] {logging_mixin.py:154} INFO - [2023-12-18T14:34:20.778+0000] {dagbag.py:536} INFO - Filling up the DagBag from /home/airflow/.local/lib/python3.8/site-packages/airflow/example_dags/example_setup_teardown.py
[2023-12-18T14:34:20.786+0000] {processor.py:839} INFO - DAG(s) dict_keys(['example_setup_teardown']) retrieved from /home/airflow/.local/lib/python3.8/site-packages/airflow/example_dags/example_setup_teardown.py
[2023-12-18T14:34:20.799+0000] {logging_mixin.py:154} INFO - [2023-12-18T14:34:20.799+0000] {dag.py:2941} INFO - Sync 1 DAGs
[2023-12-18T14:34:20.812+0000] {logging_mixin.py:154} INFO - [2023-12-18T14:34:20.812+0000] {dag.py:3722} INFO - Setting next_dagrun for example_setup_teardown to 2023-12-17T14:34:20.812255+00:00, run_after=2023-12-18T14:34:20.812255+00:00
[2023-12-18T14:34:20.822+0000] {processor.py:179} INFO - Processing /home/airflow/.local/lib/python3.8/site-packages/airflow/example_dags/example_setup_teardown.py took 0.056 seconds
[2023-12-18T14:34:50.895+0000] {processor.py:157} INFO - Started process (PID=1322) to work on /home/airflow/.local/lib/python3.8/site-packages/airflow/example_dags/example_setup_teardown.py
[2023-12-18T14:34:50.895+0000] {processor.py:829} INFO - Processing file /home/airflow/.local/lib/python3.8/site-packages/airflow/example_dags/example_setup_teardown.py for tasks to queue
[2023-12-18T14:34:50.896+0000] {logging_mixin.py:154} INFO - [2023-12-18T14:34:50.896+0000] {dagbag.py:536} INFO - Filling up the DagBag from /home/airflow/.local/lib/python3.8/site-packages/airflow/example_dags/example_setup_teardown.py
[2023-12-18T14:34:50.900+0000] {processor.py:839} INFO - DAG(s) dict_keys(['example_setup_teardown']) retrieved from /home/airflow/.local/lib/python3.8/site-packages/airflow/example_dags/example_setup_teardown.py
[2023-12-18T14:34:50.916+0000] {logging_mixin.py:154} INFO - [2023-12-18T14:34:50.916+0000] {dag.py:2941} INFO - Sync 1 DAGs
[2023-12-18T14:34:50.933+0000] {logging_mixin.py:154} INFO - [2023-12-18T14:34:50.933+0000] {dag.py:3722} INFO - Setting next_dagrun for example_setup_teardown to 2023-12-17T14:34:50.932864+00:00, run_after=2023-12-18T14:34:50.932864+00:00
[2023-12-18T14:34:50.946+0000] {processor.py:179} INFO - Processing /home/airflow/.local/lib/python3.8/site-packages/airflow/example_dags/example_setup_teardown.py took 0.054 seconds
[2023-12-18T14:35:21.010+0000] {processor.py:157} INFO - Started process (PID=1391) to work on /home/airflow/.local/lib/python3.8/site-packages/airflow/example_dags/example_setup_teardown.py
[2023-12-18T14:35:21.010+0000] {processor.py:829} INFO - Processing file /home/airflow/.local/lib/python3.8/site-packages/airflow/example_dags/example_setup_teardown.py for tasks to queue
[2023-12-18T14:35:21.011+0000] {logging_mixin.py:154} INFO - [2023-12-18T14:35:21.011+0000] {dagbag.py:536} INFO - Filling up the DagBag from /home/airflow/.local/lib/python3.8/site-packages/airflow/example_dags/example_setup_teardown.py
[2023-12-18T14:35:21.015+0000] {processor.py:839} INFO - DAG(s) dict_keys(['example_setup_teardown']) retrieved from /home/airflow/.local/lib/python3.8/site-packages/airflow/example_dags/example_setup_teardown.py
[2023-12-18T14:35:21.027+0000] {logging_mixin.py:154} INFO - [2023-12-18T14:35:21.027+0000] {dag.py:2941} INFO - Sync 1 DAGs
[2023-12-18T14:35:21.040+0000] {logging_mixin.py:154} INFO - [2023-12-18T14:35:21.039+0000] {dag.py:3722} INFO - Setting next_dagrun for example_setup_teardown to 2023-12-17T14:35:21.039738+00:00, run_after=2023-12-18T14:35:21.039738+00:00
[2023-12-18T14:35:21.050+0000] {processor.py:179} INFO - Processing /home/airflow/.local/lib/python3.8/site-packages/airflow/example_dags/example_setup_teardown.py took 0.042 seconds
[2023-12-18T14:35:51.101+0000] {processor.py:157} INFO - Started process (PID=1459) to work on /home/airflow/.local/lib/python3.8/site-packages/airflow/example_dags/example_setup_teardown.py
[2023-12-18T14:35:51.102+0000] {processor.py:829} INFO - Processing file /home/airflow/.local/lib/python3.8/site-packages/airflow/example_dags/example_setup_teardown.py for tasks to queue
[2023-12-18T14:35:51.103+0000] {logging_mixin.py:154} INFO - [2023-12-18T14:35:51.103+0000] {dagbag.py:536} INFO - Filling up the DagBag from /home/airflow/.local/lib/python3.8/site-packages/airflow/example_dags/example_setup_teardown.py
[2023-12-18T14:35:51.107+0000] {processor.py:839} INFO - DAG(s) dict_keys(['example_setup_teardown']) retrieved from /home/airflow/.local/lib/python3.8/site-packages/airflow/example_dags/example_setup_teardown.py
[2023-12-18T14:35:51.118+0000] {logging_mixin.py:154} INFO - [2023-12-18T14:35:51.118+0000] {dag.py:2941} INFO - Sync 1 DAGs
[2023-12-18T14:35:51.132+0000] {logging_mixin.py:154} INFO - [2023-12-18T14:35:51.132+0000] {dag.py:3722} INFO - Setting next_dagrun for example_setup_teardown to 2023-12-17T14:35:51.132287+00:00, run_after=2023-12-18T14:35:51.132287+00:00
[2023-12-18T14:35:51.142+0000] {processor.py:179} INFO - Processing /home/airflow/.local/lib/python3.8/site-packages/airflow/example_dags/example_setup_teardown.py took 0.042 seconds
[2023-12-18T14:36:21.205+0000] {processor.py:157} INFO - Started process (PID=1528) to work on /home/airflow/.local/lib/python3.8/site-packages/airflow/example_dags/example_setup_teardown.py
[2023-12-18T14:36:21.205+0000] {processor.py:829} INFO - Processing file /home/airflow/.local/lib/python3.8/site-packages/airflow/example_dags/example_setup_teardown.py for tasks to queue
[2023-12-18T14:36:21.207+0000] {logging_mixin.py:154} INFO - [2023-12-18T14:36:21.206+0000] {dagbag.py:536} INFO - Filling up the DagBag from /home/airflow/.local/lib/python3.8/site-packages/airflow/example_dags/example_setup_teardown.py
[2023-12-18T14:36:21.210+0000] {processor.py:839} INFO - DAG(s) dict_keys(['example_setup_teardown']) retrieved from /home/airflow/.local/lib/python3.8/site-packages/airflow/example_dags/example_setup_teardown.py
[2023-12-18T14:36:21.223+0000] {logging_mixin.py:154} INFO - [2023-12-18T14:36:21.223+0000] {dag.py:2941} INFO - Sync 1 DAGs
[2023-12-18T14:36:21.236+0000] {logging_mixin.py:154} INFO - [2023-12-18T14:36:21.236+0000] {dag.py:3722} INFO - Setting next_dagrun for example_setup_teardown to 2023-12-17T14:36:21.236562+00:00, run_after=2023-12-18T14:36:21.236562+00:00
[2023-12-18T14:36:21.247+0000] {processor.py:179} INFO - Processing /home/airflow/.local/lib/python3.8/site-packages/airflow/example_dags/example_setup_teardown.py took 0.045 seconds
[2023-12-18T14:36:51.371+0000] {processor.py:157} INFO - Started process (PID=1597) to work on /home/airflow/.local/lib/python3.8/site-packages/airflow/example_dags/example_setup_teardown.py
[2023-12-18T14:36:51.372+0000] {processor.py:829} INFO - Processing file /home/airflow/.local/lib/python3.8/site-packages/airflow/example_dags/example_setup_teardown.py for tasks to queue
[2023-12-18T14:36:51.374+0000] {logging_mixin.py:154} INFO - [2023-12-18T14:36:51.373+0000] {dagbag.py:536} INFO - Filling up the DagBag from /home/airflow/.local/lib/python3.8/site-packages/airflow/example_dags/example_setup_teardown.py
[2023-12-18T14:36:51.379+0000] {processor.py:839} INFO - DAG(s) dict_keys(['example_setup_teardown']) retrieved from /home/airflow/.local/lib/python3.8/site-packages/airflow/example_dags/example_setup_teardown.py
[2023-12-18T14:36:51.400+0000] {logging_mixin.py:154} INFO - [2023-12-18T14:36:51.400+0000] {dag.py:2941} INFO - Sync 1 DAGs
[2023-12-18T14:36:51.420+0000] {logging_mixin.py:154} INFO - [2023-12-18T14:36:51.419+0000] {dag.py:3722} INFO - Setting next_dagrun for example_setup_teardown to 2023-12-17T14:36:51.419531+00:00, run_after=2023-12-18T14:36:51.419531+00:00
[2023-12-18T14:36:51.435+0000] {processor.py:179} INFO - Processing /home/airflow/.local/lib/python3.8/site-packages/airflow/example_dags/example_setup_teardown.py took 0.066 seconds
[2023-12-18T14:37:22.403+0000] {processor.py:157} INFO - Started process (PID=1666) to work on /home/airflow/.local/lib/python3.8/site-packages/airflow/example_dags/example_setup_teardown.py
[2023-12-18T14:37:22.403+0000] {processor.py:829} INFO - Processing file /home/airflow/.local/lib/python3.8/site-packages/airflow/example_dags/example_setup_teardown.py for tasks to queue
[2023-12-18T14:37:22.404+0000] {logging_mixin.py:154} INFO - [2023-12-18T14:37:22.404+0000] {dagbag.py:536} INFO - Filling up the DagBag from /home/airflow/.local/lib/python3.8/site-packages/airflow/example_dags/example_setup_teardown.py
[2023-12-18T14:37:22.408+0000] {processor.py:839} INFO - DAG(s) dict_keys(['example_setup_teardown']) retrieved from /home/airflow/.local/lib/python3.8/site-packages/airflow/example_dags/example_setup_teardown.py
[2023-12-18T14:37:22.421+0000] {logging_mixin.py:154} INFO - [2023-12-18T14:37:22.420+0000] {dag.py:2941} INFO - Sync 1 DAGs
[2023-12-18T14:37:22.434+0000] {logging_mixin.py:154} INFO - [2023-12-18T14:37:22.434+0000] {dag.py:3722} INFO - Setting next_dagrun for example_setup_teardown to 2023-12-17T14:37:22.433842+00:00, run_after=2023-12-18T14:37:22.433842+00:00
[2023-12-18T14:37:22.444+0000] {processor.py:179} INFO - Processing /home/airflow/.local/lib/python3.8/site-packages/airflow/example_dags/example_setup_teardown.py took 0.043 seconds
[2023-12-18T14:37:53.073+0000] {processor.py:157} INFO - Started process (PID=1735) to work on /home/airflow/.local/lib/python3.8/site-packages/airflow/example_dags/example_setup_teardown.py
[2023-12-18T14:37:53.073+0000] {processor.py:829} INFO - Processing file /home/airflow/.local/lib/python3.8/site-packages/airflow/example_dags/example_setup_teardown.py for tasks to queue
[2023-12-18T14:37:53.075+0000] {logging_mixin.py:154} INFO - [2023-12-18T14:37:53.075+0000] {dagbag.py:536} INFO - Filling up the DagBag from /home/airflow/.local/lib/python3.8/site-packages/airflow/example_dags/example_setup_teardown.py
[2023-12-18T14:37:53.079+0000] {processor.py:839} INFO - DAG(s) dict_keys(['example_setup_teardown']) retrieved from /home/airflow/.local/lib/python3.8/site-packages/airflow/example_dags/example_setup_teardown.py
[2023-12-18T14:37:53.093+0000] {logging_mixin.py:154} INFO - [2023-12-18T14:37:53.093+0000] {dag.py:2941} INFO - Sync 1 DAGs
[2023-12-18T14:37:53.110+0000] {logging_mixin.py:154} INFO - [2023-12-18T14:37:53.110+0000] {dag.py:3722} INFO - Setting next_dagrun for example_setup_teardown to 2023-12-17T14:37:53.110051+00:00, run_after=2023-12-18T14:37:53.110051+00:00
[2023-12-18T14:37:53.122+0000] {processor.py:179} INFO - Processing /home/airflow/.local/lib/python3.8/site-packages/airflow/example_dags/example_setup_teardown.py took 0.051 seconds
[2023-12-18T14:38:23.832+0000] {processor.py:157} INFO - Started process (PID=1804) to work on /home/airflow/.local/lib/python3.8/site-packages/airflow/example_dags/example_setup_teardown.py
[2023-12-18T14:38:23.832+0000] {processor.py:829} INFO - Processing file /home/airflow/.local/lib/python3.8/site-packages/airflow/example_dags/example_setup_teardown.py for tasks to queue
[2023-12-18T14:38:23.834+0000] {logging_mixin.py:154} INFO - [2023-12-18T14:38:23.833+0000] {dagbag.py:536} INFO - Filling up the DagBag from /home/airflow/.local/lib/python3.8/site-packages/airflow/example_dags/example_setup_teardown.py
[2023-12-18T14:38:23.837+0000] {processor.py:839} INFO - DAG(s) dict_keys(['example_setup_teardown']) retrieved from /home/airflow/.local/lib/python3.8/site-packages/airflow/example_dags/example_setup_teardown.py
[2023-12-18T14:38:23.849+0000] {logging_mixin.py:154} INFO - [2023-12-18T14:38:23.849+0000] {dag.py:2941} INFO - Sync 1 DAGs
[2023-12-18T14:38:23.863+0000] {logging_mixin.py:154} INFO - [2023-12-18T14:38:23.863+0000] {dag.py:3722} INFO - Setting next_dagrun for example_setup_teardown to 2023-12-17T14:38:23.863360+00:00, run_after=2023-12-18T14:38:23.863360+00:00
[2023-12-18T14:38:23.893+0000] {processor.py:179} INFO - Processing /home/airflow/.local/lib/python3.8/site-packages/airflow/example_dags/example_setup_teardown.py took 0.063 seconds
[2023-12-18T14:38:54.695+0000] {processor.py:157} INFO - Started process (PID=1873) to work on /home/airflow/.local/lib/python3.8/site-packages/airflow/example_dags/example_setup_teardown.py
[2023-12-18T14:38:54.696+0000] {processor.py:829} INFO - Processing file /home/airflow/.local/lib/python3.8/site-packages/airflow/example_dags/example_setup_teardown.py for tasks to queue
[2023-12-18T14:38:54.697+0000] {logging_mixin.py:154} INFO - [2023-12-18T14:38:54.697+0000] {dagbag.py:536} INFO - Filling up the DagBag from /home/airflow/.local/lib/python3.8/site-packages/airflow/example_dags/example_setup_teardown.py
[2023-12-18T14:38:54.701+0000] {processor.py:839} INFO - DAG(s) dict_keys(['example_setup_teardown']) retrieved from /home/airflow/.local/lib/python3.8/site-packages/airflow/example_dags/example_setup_teardown.py
[2023-12-18T14:38:54.714+0000] {logging_mixin.py:154} INFO - [2023-12-18T14:38:54.713+0000] {dag.py:2941} INFO - Sync 1 DAGs
[2023-12-18T14:38:54.726+0000] {logging_mixin.py:154} INFO - [2023-12-18T14:38:54.726+0000] {dag.py:3722} INFO - Setting next_dagrun for example_setup_teardown to 2023-12-17T14:38:54.726606+00:00, run_after=2023-12-18T14:38:54.726606+00:00
[2023-12-18T14:38:54.737+0000] {processor.py:179} INFO - Processing /home/airflow/.local/lib/python3.8/site-packages/airflow/example_dags/example_setup_teardown.py took 0.044 seconds
[2023-12-18T14:39:55.660+0000] {processor.py:157} INFO - Started process (PID=72) to work on /home/airflow/.local/lib/python3.8/site-packages/airflow/example_dags/example_setup_teardown.py
[2023-12-18T14:39:55.662+0000] {processor.py:829} INFO - Processing file /home/airflow/.local/lib/python3.8/site-packages/airflow/example_dags/example_setup_teardown.py for tasks to queue
[2023-12-18T14:39:55.666+0000] {logging_mixin.py:154} INFO - [2023-12-18T14:39:55.665+0000] {dagbag.py:536} INFO - Filling up the DagBag from /home/airflow/.local/lib/python3.8/site-packages/airflow/example_dags/example_setup_teardown.py
[2023-12-18T14:39:55.676+0000] {processor.py:839} INFO - DAG(s) dict_keys(['example_setup_teardown']) retrieved from /home/airflow/.local/lib/python3.8/site-packages/airflow/example_dags/example_setup_teardown.py
[2023-12-18T14:39:55.689+0000] {logging_mixin.py:154} INFO - [2023-12-18T14:39:55.689+0000] {dag.py:2941} INFO - Sync 1 DAGs
[2023-12-18T14:39:55.717+0000] {logging_mixin.py:154} INFO - [2023-12-18T14:39:55.716+0000] {dag.py:3722} INFO - Setting next_dagrun for example_setup_teardown to 2023-12-17T14:39:55.716424+00:00, run_after=2023-12-18T14:39:55.716424+00:00
[2023-12-18T14:39:55.766+0000] {processor.py:179} INFO - Processing /home/airflow/.local/lib/python3.8/site-packages/airflow/example_dags/example_setup_teardown.py took 0.111 seconds
[2023-12-18T14:40:25.854+0000] {processor.py:157} INFO - Started process (PID=141) to work on /home/airflow/.local/lib/python3.8/site-packages/airflow/example_dags/example_setup_teardown.py
[2023-12-18T14:40:25.855+0000] {processor.py:829} INFO - Processing file /home/airflow/.local/lib/python3.8/site-packages/airflow/example_dags/example_setup_teardown.py for tasks to queue
[2023-12-18T14:40:25.857+0000] {logging_mixin.py:154} INFO - [2023-12-18T14:40:25.856+0000] {dagbag.py:536} INFO - Filling up the DagBag from /home/airflow/.local/lib/python3.8/site-packages/airflow/example_dags/example_setup_teardown.py
[2023-12-18T14:40:25.862+0000] {processor.py:839} INFO - DAG(s) dict_keys(['example_setup_teardown']) retrieved from /home/airflow/.local/lib/python3.8/site-packages/airflow/example_dags/example_setup_teardown.py
[2023-12-18T14:40:25.877+0000] {logging_mixin.py:154} INFO - [2023-12-18T14:40:25.877+0000] {dag.py:2941} INFO - Sync 1 DAGs
[2023-12-18T14:40:25.894+0000] {logging_mixin.py:154} INFO - [2023-12-18T14:40:25.894+0000] {dag.py:3722} INFO - Setting next_dagrun for example_setup_teardown to 2023-12-17T14:40:25.894292+00:00, run_after=2023-12-18T14:40:25.894292+00:00
[2023-12-18T14:40:25.909+0000] {processor.py:179} INFO - Processing /home/airflow/.local/lib/python3.8/site-packages/airflow/example_dags/example_setup_teardown.py took 0.057 seconds
[2023-12-18T14:40:56.009+0000] {processor.py:157} INFO - Started process (PID=210) to work on /home/airflow/.local/lib/python3.8/site-packages/airflow/example_dags/example_setup_teardown.py
[2023-12-18T14:40:56.009+0000] {processor.py:829} INFO - Processing file /home/airflow/.local/lib/python3.8/site-packages/airflow/example_dags/example_setup_teardown.py for tasks to queue
[2023-12-18T14:40:56.010+0000] {logging_mixin.py:154} INFO - [2023-12-18T14:40:56.010+0000] {dagbag.py:536} INFO - Filling up the DagBag from /home/airflow/.local/lib/python3.8/site-packages/airflow/example_dags/example_setup_teardown.py
[2023-12-18T14:40:56.014+0000] {processor.py:839} INFO - DAG(s) dict_keys(['example_setup_teardown']) retrieved from /home/airflow/.local/lib/python3.8/site-packages/airflow/example_dags/example_setup_teardown.py
[2023-12-18T14:40:56.027+0000] {logging_mixin.py:154} INFO - [2023-12-18T14:40:56.027+0000] {dag.py:2941} INFO - Sync 1 DAGs
[2023-12-18T14:40:56.040+0000] {logging_mixin.py:154} INFO - [2023-12-18T14:40:56.040+0000] {dag.py:3722} INFO - Setting next_dagrun for example_setup_teardown to 2023-12-17T14:40:56.040651+00:00, run_after=2023-12-18T14:40:56.040651+00:00
[2023-12-18T14:40:56.051+0000] {processor.py:179} INFO - Processing /home/airflow/.local/lib/python3.8/site-packages/airflow/example_dags/example_setup_teardown.py took 0.044 seconds
[2023-12-18T14:41:26.778+0000] {processor.py:157} INFO - Started process (PID=279) to work on /home/airflow/.local/lib/python3.8/site-packages/airflow/example_dags/example_setup_teardown.py
[2023-12-18T14:41:26.778+0000] {processor.py:829} INFO - Processing file /home/airflow/.local/lib/python3.8/site-packages/airflow/example_dags/example_setup_teardown.py for tasks to queue
[2023-12-18T14:41:26.779+0000] {logging_mixin.py:154} INFO - [2023-12-18T14:41:26.779+0000] {dagbag.py:536} INFO - Filling up the DagBag from /home/airflow/.local/lib/python3.8/site-packages/airflow/example_dags/example_setup_teardown.py
[2023-12-18T14:41:26.782+0000] {processor.py:839} INFO - DAG(s) dict_keys(['example_setup_teardown']) retrieved from /home/airflow/.local/lib/python3.8/site-packages/airflow/example_dags/example_setup_teardown.py
[2023-12-18T14:41:26.795+0000] {logging_mixin.py:154} INFO - [2023-12-18T14:41:26.795+0000] {dag.py:2941} INFO - Sync 1 DAGs
[2023-12-18T14:41:26.807+0000] {logging_mixin.py:154} INFO - [2023-12-18T14:41:26.807+0000] {dag.py:3722} INFO - Setting next_dagrun for example_setup_teardown to 2023-12-17T14:41:26.806917+00:00, run_after=2023-12-18T14:41:26.806917+00:00
[2023-12-18T14:41:26.816+0000] {processor.py:179} INFO - Processing /home/airflow/.local/lib/python3.8/site-packages/airflow/example_dags/example_setup_teardown.py took 0.040 seconds
[2023-12-18T14:41:57.582+0000] {processor.py:157} INFO - Started process (PID=349) to work on /home/airflow/.local/lib/python3.8/site-packages/airflow/example_dags/example_setup_teardown.py
[2023-12-18T14:41:57.583+0000] {processor.py:829} INFO - Processing file /home/airflow/.local/lib/python3.8/site-packages/airflow/example_dags/example_setup_teardown.py for tasks to queue
[2023-12-18T14:41:57.584+0000] {logging_mixin.py:154} INFO - [2023-12-18T14:41:57.584+0000] {dagbag.py:536} INFO - Filling up the DagBag from /home/airflow/.local/lib/python3.8/site-packages/airflow/example_dags/example_setup_teardown.py
[2023-12-18T14:41:57.587+0000] {processor.py:839} INFO - DAG(s) dict_keys(['example_setup_teardown']) retrieved from /home/airflow/.local/lib/python3.8/site-packages/airflow/example_dags/example_setup_teardown.py
[2023-12-18T14:41:57.599+0000] {logging_mixin.py:154} INFO - [2023-12-18T14:41:57.599+0000] {dag.py:2941} INFO - Sync 1 DAGs
[2023-12-18T14:41:57.611+0000] {logging_mixin.py:154} INFO - [2023-12-18T14:41:57.611+0000] {dag.py:3722} INFO - Setting next_dagrun for example_setup_teardown to 2023-12-17T14:41:57.611706+00:00, run_after=2023-12-18T14:41:57.611706+00:00
[2023-12-18T14:41:57.622+0000] {processor.py:179} INFO - Processing /home/airflow/.local/lib/python3.8/site-packages/airflow/example_dags/example_setup_teardown.py took 0.041 seconds
[2023-12-18T14:42:28.583+0000] {processor.py:157} INFO - Started process (PID=418) to work on /home/airflow/.local/lib/python3.8/site-packages/airflow/example_dags/example_setup_teardown.py
[2023-12-18T14:42:28.584+0000] {processor.py:829} INFO - Processing file /home/airflow/.local/lib/python3.8/site-packages/airflow/example_dags/example_setup_teardown.py for tasks to queue
[2023-12-18T14:42:28.585+0000] {logging_mixin.py:154} INFO - [2023-12-18T14:42:28.585+0000] {dagbag.py:536} INFO - Filling up the DagBag from /home/airflow/.local/lib/python3.8/site-packages/airflow/example_dags/example_setup_teardown.py
[2023-12-18T14:42:28.589+0000] {processor.py:839} INFO - DAG(s) dict_keys(['example_setup_teardown']) retrieved from /home/airflow/.local/lib/python3.8/site-packages/airflow/example_dags/example_setup_teardown.py
[2023-12-18T14:42:28.600+0000] {logging_mixin.py:154} INFO - [2023-12-18T14:42:28.600+0000] {dag.py:2941} INFO - Sync 1 DAGs
[2023-12-18T14:42:28.613+0000] {logging_mixin.py:154} INFO - [2023-12-18T14:42:28.613+0000] {dag.py:3722} INFO - Setting next_dagrun for example_setup_teardown to 2023-12-17T14:42:28.613081+00:00, run_after=2023-12-18T14:42:28.613081+00:00
[2023-12-18T14:42:28.626+0000] {processor.py:179} INFO - Processing /home/airflow/.local/lib/python3.8/site-packages/airflow/example_dags/example_setup_teardown.py took 0.044 seconds
[2023-12-18T14:42:58.778+0000] {processor.py:157} INFO - Started process (PID=487) to work on /home/airflow/.local/lib/python3.8/site-packages/airflow/example_dags/example_setup_teardown.py
[2023-12-18T14:42:58.778+0000] {processor.py:829} INFO - Processing file /home/airflow/.local/lib/python3.8/site-packages/airflow/example_dags/example_setup_teardown.py for tasks to queue
[2023-12-18T14:42:58.779+0000] {logging_mixin.py:154} INFO - [2023-12-18T14:42:58.779+0000] {dagbag.py:536} INFO - Filling up the DagBag from /home/airflow/.local/lib/python3.8/site-packages/airflow/example_dags/example_setup_teardown.py
[2023-12-18T14:42:58.783+0000] {processor.py:839} INFO - DAG(s) dict_keys(['example_setup_teardown']) retrieved from /home/airflow/.local/lib/python3.8/site-packages/airflow/example_dags/example_setup_teardown.py
[2023-12-18T14:42:58.796+0000] {logging_mixin.py:154} INFO - [2023-12-18T14:42:58.796+0000] {dag.py:2941} INFO - Sync 1 DAGs
[2023-12-18T14:42:58.816+0000] {logging_mixin.py:154} INFO - [2023-12-18T14:42:58.816+0000] {dag.py:3722} INFO - Setting next_dagrun for example_setup_teardown to 2023-12-17T14:42:58.816179+00:00, run_after=2023-12-18T14:42:58.816179+00:00
[2023-12-18T14:42:58.830+0000] {processor.py:179} INFO - Processing /home/airflow/.local/lib/python3.8/site-packages/airflow/example_dags/example_setup_teardown.py took 0.054 seconds
[2023-12-18T14:44:36.359+0000] {processor.py:157} INFO - Started process (PID=70) to work on /home/airflow/.local/lib/python3.8/site-packages/airflow/example_dags/example_setup_teardown.py
[2023-12-18T14:44:36.361+0000] {processor.py:829} INFO - Processing file /home/airflow/.local/lib/python3.8/site-packages/airflow/example_dags/example_setup_teardown.py for tasks to queue
[2023-12-18T14:44:36.364+0000] {logging_mixin.py:154} INFO - [2023-12-18T14:44:36.363+0000] {dagbag.py:536} INFO - Filling up the DagBag from /home/airflow/.local/lib/python3.8/site-packages/airflow/example_dags/example_setup_teardown.py
[2023-12-18T14:44:36.375+0000] {processor.py:839} INFO - DAG(s) dict_keys(['example_setup_teardown']) retrieved from /home/airflow/.local/lib/python3.8/site-packages/airflow/example_dags/example_setup_teardown.py
[2023-12-18T14:44:36.396+0000] {logging_mixin.py:154} INFO - [2023-12-18T14:44:36.396+0000] {dag.py:2941} INFO - Sync 1 DAGs
[2023-12-18T14:44:36.451+0000] {logging_mixin.py:154} INFO - [2023-12-18T14:44:36.451+0000] {dag.py:3722} INFO - Setting next_dagrun for example_setup_teardown to 2023-12-17T14:44:36.450932+00:00, run_after=2023-12-18T14:44:36.450932+00:00
[2023-12-18T14:44:36.478+0000] {processor.py:179} INFO - Processing /home/airflow/.local/lib/python3.8/site-packages/airflow/example_dags/example_setup_teardown.py took 0.131 seconds
[2023-12-18T14:45:07.442+0000] {processor.py:157} INFO - Started process (PID=139) to work on /home/airflow/.local/lib/python3.8/site-packages/airflow/example_dags/example_setup_teardown.py
[2023-12-18T14:45:07.443+0000] {processor.py:829} INFO - Processing file /home/airflow/.local/lib/python3.8/site-packages/airflow/example_dags/example_setup_teardown.py for tasks to queue
[2023-12-18T14:45:07.445+0000] {logging_mixin.py:154} INFO - [2023-12-18T14:45:07.445+0000] {dagbag.py:536} INFO - Filling up the DagBag from /home/airflow/.local/lib/python3.8/site-packages/airflow/example_dags/example_setup_teardown.py
[2023-12-18T14:45:07.451+0000] {processor.py:839} INFO - DAG(s) dict_keys(['example_setup_teardown']) retrieved from /home/airflow/.local/lib/python3.8/site-packages/airflow/example_dags/example_setup_teardown.py
[2023-12-18T14:45:07.464+0000] {logging_mixin.py:154} INFO - [2023-12-18T14:45:07.464+0000] {dag.py:2941} INFO - Sync 1 DAGs
[2023-12-18T14:45:07.479+0000] {logging_mixin.py:154} INFO - [2023-12-18T14:45:07.478+0000] {dag.py:3722} INFO - Setting next_dagrun for example_setup_teardown to 2023-12-17T14:45:07.478736+00:00, run_after=2023-12-18T14:45:07.478736+00:00
[2023-12-18T14:45:07.497+0000] {processor.py:179} INFO - Processing /home/airflow/.local/lib/python3.8/site-packages/airflow/example_dags/example_setup_teardown.py took 0.059 seconds
[2023-12-18T14:45:37.576+0000] {processor.py:157} INFO - Started process (PID=208) to work on /home/airflow/.local/lib/python3.8/site-packages/airflow/example_dags/example_setup_teardown.py
[2023-12-18T14:45:37.583+0000] {processor.py:829} INFO - Processing file /home/airflow/.local/lib/python3.8/site-packages/airflow/example_dags/example_setup_teardown.py for tasks to queue
[2023-12-18T14:45:37.585+0000] {logging_mixin.py:154} INFO - [2023-12-18T14:45:37.584+0000] {dagbag.py:536} INFO - Filling up the DagBag from /home/airflow/.local/lib/python3.8/site-packages/airflow/example_dags/example_setup_teardown.py
[2023-12-18T14:45:37.588+0000] {processor.py:839} INFO - DAG(s) dict_keys(['example_setup_teardown']) retrieved from /home/airflow/.local/lib/python3.8/site-packages/airflow/example_dags/example_setup_teardown.py
[2023-12-18T14:45:37.602+0000] {logging_mixin.py:154} INFO - [2023-12-18T14:45:37.601+0000] {dag.py:2941} INFO - Sync 1 DAGs
[2023-12-18T14:45:37.615+0000] {logging_mixin.py:154} INFO - [2023-12-18T14:45:37.615+0000] {dag.py:3722} INFO - Setting next_dagrun for example_setup_teardown to 2023-12-17T14:45:37.615593+00:00, run_after=2023-12-18T14:45:37.615593+00:00
[2023-12-18T14:45:37.626+0000] {processor.py:179} INFO - Processing /home/airflow/.local/lib/python3.8/site-packages/airflow/example_dags/example_setup_teardown.py took 0.053 seconds
[2023-12-18T14:46:07.755+0000] {processor.py:157} INFO - Started process (PID=277) to work on /home/airflow/.local/lib/python3.8/site-packages/airflow/example_dags/example_setup_teardown.py
[2023-12-18T14:46:07.756+0000] {processor.py:829} INFO - Processing file /home/airflow/.local/lib/python3.8/site-packages/airflow/example_dags/example_setup_teardown.py for tasks to queue
[2023-12-18T14:46:07.758+0000] {logging_mixin.py:154} INFO - [2023-12-18T14:46:07.758+0000] {dagbag.py:536} INFO - Filling up the DagBag from /home/airflow/.local/lib/python3.8/site-packages/airflow/example_dags/example_setup_teardown.py
[2023-12-18T14:46:07.761+0000] {processor.py:839} INFO - DAG(s) dict_keys(['example_setup_teardown']) retrieved from /home/airflow/.local/lib/python3.8/site-packages/airflow/example_dags/example_setup_teardown.py
[2023-12-18T14:46:07.775+0000] {logging_mixin.py:154} INFO - [2023-12-18T14:46:07.775+0000] {dag.py:2941} INFO - Sync 1 DAGs
[2023-12-18T14:46:07.789+0000] {logging_mixin.py:154} INFO - [2023-12-18T14:46:07.789+0000] {dag.py:3722} INFO - Setting next_dagrun for example_setup_teardown to 2023-12-17T14:46:07.789208+00:00, run_after=2023-12-18T14:46:07.789208+00:00
[2023-12-18T14:46:07.799+0000] {processor.py:179} INFO - Processing /home/airflow/.local/lib/python3.8/site-packages/airflow/example_dags/example_setup_teardown.py took 0.048 seconds
[2023-12-18T14:46:38.550+0000] {processor.py:157} INFO - Started process (PID=346) to work on /home/airflow/.local/lib/python3.8/site-packages/airflow/example_dags/example_setup_teardown.py
[2023-12-18T14:46:38.551+0000] {processor.py:829} INFO - Processing file /home/airflow/.local/lib/python3.8/site-packages/airflow/example_dags/example_setup_teardown.py for tasks to queue
[2023-12-18T14:46:38.555+0000] {logging_mixin.py:154} INFO - [2023-12-18T14:46:38.554+0000] {dagbag.py:536} INFO - Filling up the DagBag from /home/airflow/.local/lib/python3.8/site-packages/airflow/example_dags/example_setup_teardown.py
[2023-12-18T14:46:38.561+0000] {processor.py:839} INFO - DAG(s) dict_keys(['example_setup_teardown']) retrieved from /home/airflow/.local/lib/python3.8/site-packages/airflow/example_dags/example_setup_teardown.py
[2023-12-18T14:46:38.574+0000] {logging_mixin.py:154} INFO - [2023-12-18T14:46:38.574+0000] {dag.py:2941} INFO - Sync 1 DAGs
[2023-12-18T14:46:38.587+0000] {logging_mixin.py:154} INFO - [2023-12-18T14:46:38.587+0000] {dag.py:3722} INFO - Setting next_dagrun for example_setup_teardown to 2023-12-17T14:46:38.587700+00:00, run_after=2023-12-18T14:46:38.587700+00:00
[2023-12-18T14:46:38.598+0000] {processor.py:179} INFO - Processing /home/airflow/.local/lib/python3.8/site-packages/airflow/example_dags/example_setup_teardown.py took 0.053 seconds
[2023-12-18T14:47:09.413+0000] {processor.py:157} INFO - Started process (PID=415) to work on /home/airflow/.local/lib/python3.8/site-packages/airflow/example_dags/example_setup_teardown.py
[2023-12-18T14:47:09.420+0000] {processor.py:829} INFO - Processing file /home/airflow/.local/lib/python3.8/site-packages/airflow/example_dags/example_setup_teardown.py for tasks to queue
[2023-12-18T14:47:09.422+0000] {logging_mixin.py:154} INFO - [2023-12-18T14:47:09.422+0000] {dagbag.py:536} INFO - Filling up the DagBag from /home/airflow/.local/lib/python3.8/site-packages/airflow/example_dags/example_setup_teardown.py
[2023-12-18T14:47:09.426+0000] {processor.py:839} INFO - DAG(s) dict_keys(['example_setup_teardown']) retrieved from /home/airflow/.local/lib/python3.8/site-packages/airflow/example_dags/example_setup_teardown.py
[2023-12-18T14:47:09.443+0000] {logging_mixin.py:154} INFO - [2023-12-18T14:47:09.443+0000] {dag.py:2941} INFO - Sync 1 DAGs
[2023-12-18T14:47:09.462+0000] {logging_mixin.py:154} INFO - [2023-12-18T14:47:09.462+0000] {dag.py:3722} INFO - Setting next_dagrun for example_setup_teardown to 2023-12-17T14:47:09.461850+00:00, run_after=2023-12-18T14:47:09.461850+00:00
[2023-12-18T14:47:09.475+0000] {processor.py:179} INFO - Processing /home/airflow/.local/lib/python3.8/site-packages/airflow/example_dags/example_setup_teardown.py took 0.064 seconds
[2023-12-18T14:47:39.548+0000] {processor.py:157} INFO - Started process (PID=484) to work on /home/airflow/.local/lib/python3.8/site-packages/airflow/example_dags/example_setup_teardown.py
[2023-12-18T14:47:39.550+0000] {processor.py:829} INFO - Processing file /home/airflow/.local/lib/python3.8/site-packages/airflow/example_dags/example_setup_teardown.py for tasks to queue
[2023-12-18T14:47:39.551+0000] {logging_mixin.py:154} INFO - [2023-12-18T14:47:39.551+0000] {dagbag.py:536} INFO - Filling up the DagBag from /home/airflow/.local/lib/python3.8/site-packages/airflow/example_dags/example_setup_teardown.py
[2023-12-18T14:47:39.555+0000] {processor.py:839} INFO - DAG(s) dict_keys(['example_setup_teardown']) retrieved from /home/airflow/.local/lib/python3.8/site-packages/airflow/example_dags/example_setup_teardown.py
[2023-12-18T14:47:39.568+0000] {logging_mixin.py:154} INFO - [2023-12-18T14:47:39.568+0000] {dag.py:2941} INFO - Sync 1 DAGs
[2023-12-18T14:47:39.581+0000] {logging_mixin.py:154} INFO - [2023-12-18T14:47:39.581+0000] {dag.py:3722} INFO - Setting next_dagrun for example_setup_teardown to 2023-12-17T14:47:39.581343+00:00, run_after=2023-12-18T14:47:39.581343+00:00
[2023-12-18T14:47:39.592+0000] {processor.py:179} INFO - Processing /home/airflow/.local/lib/python3.8/site-packages/airflow/example_dags/example_setup_teardown.py took 0.047 seconds
[2023-12-18T14:48:09.813+0000] {processor.py:157} INFO - Started process (PID=554) to work on /home/airflow/.local/lib/python3.8/site-packages/airflow/example_dags/example_setup_teardown.py
[2023-12-18T14:48:09.813+0000] {processor.py:829} INFO - Processing file /home/airflow/.local/lib/python3.8/site-packages/airflow/example_dags/example_setup_teardown.py for tasks to queue
[2023-12-18T14:48:09.815+0000] {logging_mixin.py:154} INFO - [2023-12-18T14:48:09.815+0000] {dagbag.py:536} INFO - Filling up the DagBag from /home/airflow/.local/lib/python3.8/site-packages/airflow/example_dags/example_setup_teardown.py
[2023-12-18T14:48:09.820+0000] {processor.py:839} INFO - DAG(s) dict_keys(['example_setup_teardown']) retrieved from /home/airflow/.local/lib/python3.8/site-packages/airflow/example_dags/example_setup_teardown.py
[2023-12-18T14:48:09.833+0000] {logging_mixin.py:154} INFO - [2023-12-18T14:48:09.832+0000] {dag.py:2941} INFO - Sync 1 DAGs
[2023-12-18T14:48:09.846+0000] {logging_mixin.py:154} INFO - [2023-12-18T14:48:09.846+0000] {dag.py:3722} INFO - Setting next_dagrun for example_setup_teardown to 2023-12-17T14:48:09.846389+00:00, run_after=2023-12-18T14:48:09.846389+00:00
[2023-12-18T14:48:09.857+0000] {processor.py:179} INFO - Processing /home/airflow/.local/lib/python3.8/site-packages/airflow/example_dags/example_setup_teardown.py took 0.048 seconds
[2023-12-18T14:48:40.778+0000] {processor.py:157} INFO - Started process (PID=624) to work on /home/airflow/.local/lib/python3.8/site-packages/airflow/example_dags/example_setup_teardown.py
[2023-12-18T14:48:40.779+0000] {processor.py:829} INFO - Processing file /home/airflow/.local/lib/python3.8/site-packages/airflow/example_dags/example_setup_teardown.py for tasks to queue
[2023-12-18T14:48:40.781+0000] {logging_mixin.py:154} INFO - [2023-12-18T14:48:40.780+0000] {dagbag.py:536} INFO - Filling up the DagBag from /home/airflow/.local/lib/python3.8/site-packages/airflow/example_dags/example_setup_teardown.py
[2023-12-18T14:48:40.786+0000] {processor.py:839} INFO - DAG(s) dict_keys(['example_setup_teardown']) retrieved from /home/airflow/.local/lib/python3.8/site-packages/airflow/example_dags/example_setup_teardown.py
[2023-12-18T14:48:40.799+0000] {logging_mixin.py:154} INFO - [2023-12-18T14:48:40.799+0000] {dag.py:2941} INFO - Sync 1 DAGs
[2023-12-18T14:48:40.812+0000] {logging_mixin.py:154} INFO - [2023-12-18T14:48:40.812+0000] {dag.py:3722} INFO - Setting next_dagrun for example_setup_teardown to 2023-12-17T14:48:40.811987+00:00, run_after=2023-12-18T14:48:40.811987+00:00
[2023-12-18T14:48:40.823+0000] {processor.py:179} INFO - Processing /home/airflow/.local/lib/python3.8/site-packages/airflow/example_dags/example_setup_teardown.py took 0.049 seconds
[2023-12-18T14:52:08.886+0000] {processor.py:157} INFO - Started process (PID=71) to work on /home/airflow/.local/lib/python3.8/site-packages/airflow/example_dags/example_setup_teardown.py
[2023-12-18T14:52:08.896+0000] {processor.py:829} INFO - Processing file /home/airflow/.local/lib/python3.8/site-packages/airflow/example_dags/example_setup_teardown.py for tasks to queue
[2023-12-18T14:52:08.899+0000] {logging_mixin.py:154} INFO - [2023-12-18T14:52:08.899+0000] {dagbag.py:536} INFO - Filling up the DagBag from /home/airflow/.local/lib/python3.8/site-packages/airflow/example_dags/example_setup_teardown.py
[2023-12-18T14:52:08.908+0000] {processor.py:839} INFO - DAG(s) dict_keys(['example_setup_teardown']) retrieved from /home/airflow/.local/lib/python3.8/site-packages/airflow/example_dags/example_setup_teardown.py
[2023-12-18T14:52:08.927+0000] {logging_mixin.py:154} INFO - [2023-12-18T14:52:08.926+0000] {dag.py:2941} INFO - Sync 1 DAGs
[2023-12-18T14:52:08.960+0000] {logging_mixin.py:154} INFO - [2023-12-18T14:52:08.960+0000] {dag.py:3722} INFO - Setting next_dagrun for example_setup_teardown to 2023-12-17T14:52:08.960224+00:00, run_after=2023-12-18T14:52:08.960224+00:00
[2023-12-18T14:52:08.989+0000] {processor.py:179} INFO - Processing /home/airflow/.local/lib/python3.8/site-packages/airflow/example_dags/example_setup_teardown.py took 0.109 seconds
[2023-12-18T14:52:39.644+0000] {processor.py:157} INFO - Started process (PID=140) to work on /home/airflow/.local/lib/python3.8/site-packages/airflow/example_dags/example_setup_teardown.py
[2023-12-18T14:52:39.645+0000] {processor.py:829} INFO - Processing file /home/airflow/.local/lib/python3.8/site-packages/airflow/example_dags/example_setup_teardown.py for tasks to queue
[2023-12-18T14:52:39.647+0000] {logging_mixin.py:154} INFO - [2023-12-18T14:52:39.646+0000] {dagbag.py:536} INFO - Filling up the DagBag from /home/airflow/.local/lib/python3.8/site-packages/airflow/example_dags/example_setup_teardown.py
[2023-12-18T14:52:39.651+0000] {processor.py:839} INFO - DAG(s) dict_keys(['example_setup_teardown']) retrieved from /home/airflow/.local/lib/python3.8/site-packages/airflow/example_dags/example_setup_teardown.py
[2023-12-18T14:52:39.687+0000] {logging_mixin.py:154} INFO - [2023-12-18T14:52:39.687+0000] {dag.py:2941} INFO - Sync 1 DAGs
[2023-12-18T14:52:39.705+0000] {logging_mixin.py:154} INFO - [2023-12-18T14:52:39.705+0000] {dag.py:3722} INFO - Setting next_dagrun for example_setup_teardown to 2023-12-17T14:52:39.704856+00:00, run_after=2023-12-18T14:52:39.704856+00:00
[2023-12-18T14:52:39.720+0000] {processor.py:179} INFO - Processing /home/airflow/.local/lib/python3.8/site-packages/airflow/example_dags/example_setup_teardown.py took 0.078 seconds
[2023-12-18T14:53:09.922+0000] {processor.py:157} INFO - Started process (PID=210) to work on /home/airflow/.local/lib/python3.8/site-packages/airflow/example_dags/example_setup_teardown.py
[2023-12-18T14:53:09.922+0000] {processor.py:829} INFO - Processing file /home/airflow/.local/lib/python3.8/site-packages/airflow/example_dags/example_setup_teardown.py for tasks to queue
[2023-12-18T14:53:09.923+0000] {logging_mixin.py:154} INFO - [2023-12-18T14:53:09.923+0000] {dagbag.py:536} INFO - Filling up the DagBag from /home/airflow/.local/lib/python3.8/site-packages/airflow/example_dags/example_setup_teardown.py
[2023-12-18T14:53:09.927+0000] {processor.py:839} INFO - DAG(s) dict_keys(['example_setup_teardown']) retrieved from /home/airflow/.local/lib/python3.8/site-packages/airflow/example_dags/example_setup_teardown.py
[2023-12-18T14:53:09.940+0000] {logging_mixin.py:154} INFO - [2023-12-18T14:53:09.940+0000] {dag.py:2941} INFO - Sync 1 DAGs
[2023-12-18T14:53:09.954+0000] {logging_mixin.py:154} INFO - [2023-12-18T14:53:09.954+0000] {dag.py:3722} INFO - Setting next_dagrun for example_setup_teardown to 2023-12-17T14:53:09.954577+00:00, run_after=2023-12-18T14:53:09.954577+00:00
[2023-12-18T14:53:09.965+0000] {processor.py:179} INFO - Processing /home/airflow/.local/lib/python3.8/site-packages/airflow/example_dags/example_setup_teardown.py took 0.045 seconds
[2023-12-18T14:53:40.722+0000] {processor.py:157} INFO - Started process (PID=279) to work on /home/airflow/.local/lib/python3.8/site-packages/airflow/example_dags/example_setup_teardown.py
[2023-12-18T14:53:40.723+0000] {processor.py:829} INFO - Processing file /home/airflow/.local/lib/python3.8/site-packages/airflow/example_dags/example_setup_teardown.py for tasks to queue
[2023-12-18T14:53:40.724+0000] {logging_mixin.py:154} INFO - [2023-12-18T14:53:40.724+0000] {dagbag.py:536} INFO - Filling up the DagBag from /home/airflow/.local/lib/python3.8/site-packages/airflow/example_dags/example_setup_teardown.py
[2023-12-18T14:53:40.728+0000] {processor.py:839} INFO - DAG(s) dict_keys(['example_setup_teardown']) retrieved from /home/airflow/.local/lib/python3.8/site-packages/airflow/example_dags/example_setup_teardown.py
[2023-12-18T14:53:40.740+0000] {logging_mixin.py:154} INFO - [2023-12-18T14:53:40.740+0000] {dag.py:2941} INFO - Sync 1 DAGs
[2023-12-18T14:53:40.754+0000] {logging_mixin.py:154} INFO - [2023-12-18T14:53:40.753+0000] {dag.py:3722} INFO - Setting next_dagrun for example_setup_teardown to 2023-12-17T14:53:40.753734+00:00, run_after=2023-12-18T14:53:40.753734+00:00
[2023-12-18T14:53:40.764+0000] {processor.py:179} INFO - Processing /home/airflow/.local/lib/python3.8/site-packages/airflow/example_dags/example_setup_teardown.py took 0.044 seconds
