[2023-12-18T14:25:40.001+0000] {processor.py:157} INFO - Started process (PID=58) to work on /home/airflow/.local/lib/python3.8/site-packages/airflow/example_dags/example_branch_operator.py
[2023-12-18T14:25:40.002+0000] {processor.py:829} INFO - Processing file /home/airflow/.local/lib/python3.8/site-packages/airflow/example_dags/example_branch_operator.py for tasks to queue
[2023-12-18T14:25:40.004+0000] {logging_mixin.py:154} INFO - [2023-12-18T14:25:40.003+0000] {dagbag.py:536} INFO - Filling up the DagBag from /home/airflow/.local/lib/python3.8/site-packages/airflow/example_dags/example_branch_operator.py
[2023-12-18T14:25:40.018+0000] {processor.py:839} INFO - DAG(s) dict_keys(['example_branch_operator']) retrieved from /home/airflow/.local/lib/python3.8/site-packages/airflow/example_dags/example_branch_operator.py
[2023-12-18T14:25:40.030+0000] {logging_mixin.py:154} INFO - [2023-12-18T14:25:40.030+0000] {dag.py:2941} INFO - Sync 1 DAGs
[2023-12-18T14:25:40.065+0000] {logging_mixin.py:154} INFO - [2023-12-18T14:25:40.064+0000] {dag.py:3722} INFO - Setting next_dagrun for example_branch_operator to 2023-12-17T00:00:00+00:00, run_after=2023-12-18T00:00:00+00:00
[2023-12-18T14:25:40.168+0000] {processor.py:179} INFO - Processing /home/airflow/.local/lib/python3.8/site-packages/airflow/example_dags/example_branch_operator.py took 0.169 seconds
[2023-12-18T14:26:10.190+0000] {processor.py:157} INFO - Started process (PID=127) to work on /home/airflow/.local/lib/python3.8/site-packages/airflow/example_dags/example_branch_operator.py
[2023-12-18T14:26:10.191+0000] {processor.py:829} INFO - Processing file /home/airflow/.local/lib/python3.8/site-packages/airflow/example_dags/example_branch_operator.py for tasks to queue
[2023-12-18T14:26:10.192+0000] {logging_mixin.py:154} INFO - [2023-12-18T14:26:10.192+0000] {dagbag.py:536} INFO - Filling up the DagBag from /home/airflow/.local/lib/python3.8/site-packages/airflow/example_dags/example_branch_operator.py
[2023-12-18T14:26:10.200+0000] {processor.py:839} INFO - DAG(s) dict_keys(['example_branch_operator']) retrieved from /home/airflow/.local/lib/python3.8/site-packages/airflow/example_dags/example_branch_operator.py
[2023-12-18T14:26:10.217+0000] {logging_mixin.py:154} INFO - [2023-12-18T14:26:10.217+0000] {dag.py:2941} INFO - Sync 1 DAGs
[2023-12-18T14:26:10.236+0000] {logging_mixin.py:154} INFO - [2023-12-18T14:26:10.236+0000] {dag.py:3722} INFO - Setting next_dagrun for example_branch_operator to 2023-12-17T00:00:00+00:00, run_after=2023-12-18T00:00:00+00:00
[2023-12-18T14:26:10.247+0000] {processor.py:179} INFO - Processing /home/airflow/.local/lib/python3.8/site-packages/airflow/example_dags/example_branch_operator.py took 0.060 seconds
[2023-12-18T14:26:40.389+0000] {processor.py:157} INFO - Started process (PID=197) to work on /home/airflow/.local/lib/python3.8/site-packages/airflow/example_dags/example_branch_operator.py
[2023-12-18T14:26:40.389+0000] {processor.py:829} INFO - Processing file /home/airflow/.local/lib/python3.8/site-packages/airflow/example_dags/example_branch_operator.py for tasks to queue
[2023-12-18T14:26:40.391+0000] {logging_mixin.py:154} INFO - [2023-12-18T14:26:40.391+0000] {dagbag.py:536} INFO - Filling up the DagBag from /home/airflow/.local/lib/python3.8/site-packages/airflow/example_dags/example_branch_operator.py
[2023-12-18T14:26:40.396+0000] {processor.py:839} INFO - DAG(s) dict_keys(['example_branch_operator']) retrieved from /home/airflow/.local/lib/python3.8/site-packages/airflow/example_dags/example_branch_operator.py
[2023-12-18T14:26:40.409+0000] {logging_mixin.py:154} INFO - [2023-12-18T14:26:40.409+0000] {dag.py:2941} INFO - Sync 1 DAGs
[2023-12-18T14:26:40.422+0000] {logging_mixin.py:154} INFO - [2023-12-18T14:26:40.422+0000] {dag.py:3722} INFO - Setting next_dagrun for example_branch_operator to 2023-12-17T00:00:00+00:00, run_after=2023-12-18T00:00:00+00:00
[2023-12-18T14:26:40.431+0000] {processor.py:179} INFO - Processing /home/airflow/.local/lib/python3.8/site-packages/airflow/example_dags/example_branch_operator.py took 0.044 seconds
[2023-12-18T14:27:11.268+0000] {processor.py:157} INFO - Started process (PID=266) to work on /home/airflow/.local/lib/python3.8/site-packages/airflow/example_dags/example_branch_operator.py
[2023-12-18T14:27:11.281+0000] {processor.py:829} INFO - Processing file /home/airflow/.local/lib/python3.8/site-packages/airflow/example_dags/example_branch_operator.py for tasks to queue
[2023-12-18T14:27:11.283+0000] {logging_mixin.py:154} INFO - [2023-12-18T14:27:11.283+0000] {dagbag.py:536} INFO - Filling up the DagBag from /home/airflow/.local/lib/python3.8/site-packages/airflow/example_dags/example_branch_operator.py
[2023-12-18T14:27:11.288+0000] {processor.py:839} INFO - DAG(s) dict_keys(['example_branch_operator']) retrieved from /home/airflow/.local/lib/python3.8/site-packages/airflow/example_dags/example_branch_operator.py
[2023-12-18T14:27:11.302+0000] {logging_mixin.py:154} INFO - [2023-12-18T14:27:11.301+0000] {dag.py:2941} INFO - Sync 1 DAGs
[2023-12-18T14:27:11.316+0000] {logging_mixin.py:154} INFO - [2023-12-18T14:27:11.316+0000] {dag.py:3722} INFO - Setting next_dagrun for example_branch_operator to 2023-12-17T00:00:00+00:00, run_after=2023-12-18T00:00:00+00:00
[2023-12-18T14:27:11.330+0000] {processor.py:179} INFO - Processing /home/airflow/.local/lib/python3.8/site-packages/airflow/example_dags/example_branch_operator.py took 0.063 seconds
[2023-12-18T14:27:42.108+0000] {processor.py:157} INFO - Started process (PID=335) to work on /home/airflow/.local/lib/python3.8/site-packages/airflow/example_dags/example_branch_operator.py
[2023-12-18T14:27:42.109+0000] {processor.py:829} INFO - Processing file /home/airflow/.local/lib/python3.8/site-packages/airflow/example_dags/example_branch_operator.py for tasks to queue
[2023-12-18T14:27:42.110+0000] {logging_mixin.py:154} INFO - [2023-12-18T14:27:42.110+0000] {dagbag.py:536} INFO - Filling up the DagBag from /home/airflow/.local/lib/python3.8/site-packages/airflow/example_dags/example_branch_operator.py
[2023-12-18T14:27:42.116+0000] {processor.py:839} INFO - DAG(s) dict_keys(['example_branch_operator']) retrieved from /home/airflow/.local/lib/python3.8/site-packages/airflow/example_dags/example_branch_operator.py
[2023-12-18T14:27:42.130+0000] {logging_mixin.py:154} INFO - [2023-12-18T14:27:42.130+0000] {dag.py:2941} INFO - Sync 1 DAGs
[2023-12-18T14:27:42.143+0000] {logging_mixin.py:154} INFO - [2023-12-18T14:27:42.143+0000] {dag.py:3722} INFO - Setting next_dagrun for example_branch_operator to 2023-12-17T00:00:00+00:00, run_after=2023-12-18T00:00:00+00:00
[2023-12-18T14:27:42.152+0000] {processor.py:179} INFO - Processing /home/airflow/.local/lib/python3.8/site-packages/airflow/example_dags/example_branch_operator.py took 0.046 seconds
[2023-12-18T14:28:12.291+0000] {processor.py:157} INFO - Started process (PID=403) to work on /home/airflow/.local/lib/python3.8/site-packages/airflow/example_dags/example_branch_operator.py
[2023-12-18T14:28:12.291+0000] {processor.py:829} INFO - Processing file /home/airflow/.local/lib/python3.8/site-packages/airflow/example_dags/example_branch_operator.py for tasks to queue
[2023-12-18T14:28:12.293+0000] {logging_mixin.py:154} INFO - [2023-12-18T14:28:12.293+0000] {dagbag.py:536} INFO - Filling up the DagBag from /home/airflow/.local/lib/python3.8/site-packages/airflow/example_dags/example_branch_operator.py
[2023-12-18T14:28:12.298+0000] {processor.py:839} INFO - DAG(s) dict_keys(['example_branch_operator']) retrieved from /home/airflow/.local/lib/python3.8/site-packages/airflow/example_dags/example_branch_operator.py
[2023-12-18T14:28:12.311+0000] {logging_mixin.py:154} INFO - [2023-12-18T14:28:12.311+0000] {dag.py:2941} INFO - Sync 1 DAGs
[2023-12-18T14:28:12.324+0000] {logging_mixin.py:154} INFO - [2023-12-18T14:28:12.324+0000] {dag.py:3722} INFO - Setting next_dagrun for example_branch_operator to 2023-12-17T00:00:00+00:00, run_after=2023-12-18T00:00:00+00:00
[2023-12-18T14:28:12.333+0000] {processor.py:179} INFO - Processing /home/airflow/.local/lib/python3.8/site-packages/airflow/example_dags/example_branch_operator.py took 0.044 seconds
[2023-12-18T14:28:43.100+0000] {processor.py:157} INFO - Started process (PID=472) to work on /home/airflow/.local/lib/python3.8/site-packages/airflow/example_dags/example_branch_operator.py
[2023-12-18T14:28:43.101+0000] {processor.py:829} INFO - Processing file /home/airflow/.local/lib/python3.8/site-packages/airflow/example_dags/example_branch_operator.py for tasks to queue
[2023-12-18T14:28:43.102+0000] {logging_mixin.py:154} INFO - [2023-12-18T14:28:43.102+0000] {dagbag.py:536} INFO - Filling up the DagBag from /home/airflow/.local/lib/python3.8/site-packages/airflow/example_dags/example_branch_operator.py
[2023-12-18T14:28:43.108+0000] {processor.py:839} INFO - DAG(s) dict_keys(['example_branch_operator']) retrieved from /home/airflow/.local/lib/python3.8/site-packages/airflow/example_dags/example_branch_operator.py
[2023-12-18T14:28:43.120+0000] {logging_mixin.py:154} INFO - [2023-12-18T14:28:43.120+0000] {dag.py:2941} INFO - Sync 1 DAGs
[2023-12-18T14:28:43.134+0000] {logging_mixin.py:154} INFO - [2023-12-18T14:28:43.134+0000] {dag.py:3722} INFO - Setting next_dagrun for example_branch_operator to 2023-12-17T00:00:00+00:00, run_after=2023-12-18T00:00:00+00:00
[2023-12-18T14:28:43.143+0000] {processor.py:179} INFO - Processing /home/airflow/.local/lib/python3.8/site-packages/airflow/example_dags/example_branch_operator.py took 0.044 seconds
[2023-12-18T14:29:14.009+0000] {processor.py:157} INFO - Started process (PID=541) to work on /home/airflow/.local/lib/python3.8/site-packages/airflow/example_dags/example_branch_operator.py
[2023-12-18T14:29:14.010+0000] {processor.py:829} INFO - Processing file /home/airflow/.local/lib/python3.8/site-packages/airflow/example_dags/example_branch_operator.py for tasks to queue
[2023-12-18T14:29:14.011+0000] {logging_mixin.py:154} INFO - [2023-12-18T14:29:14.011+0000] {dagbag.py:536} INFO - Filling up the DagBag from /home/airflow/.local/lib/python3.8/site-packages/airflow/example_dags/example_branch_operator.py
[2023-12-18T14:29:14.017+0000] {processor.py:839} INFO - DAG(s) dict_keys(['example_branch_operator']) retrieved from /home/airflow/.local/lib/python3.8/site-packages/airflow/example_dags/example_branch_operator.py
[2023-12-18T14:29:14.033+0000] {logging_mixin.py:154} INFO - [2023-12-18T14:29:14.033+0000] {dag.py:2941} INFO - Sync 1 DAGs
[2023-12-18T14:29:14.048+0000] {logging_mixin.py:154} INFO - [2023-12-18T14:29:14.048+0000] {dag.py:3722} INFO - Setting next_dagrun for example_branch_operator to 2023-12-17T00:00:00+00:00, run_after=2023-12-18T00:00:00+00:00
[2023-12-18T14:29:14.059+0000] {processor.py:179} INFO - Processing /home/airflow/.local/lib/python3.8/site-packages/airflow/example_dags/example_branch_operator.py took 0.052 seconds
[2023-12-18T14:29:44.073+0000] {processor.py:157} INFO - Started process (PID=610) to work on /home/airflow/.local/lib/python3.8/site-packages/airflow/example_dags/example_branch_operator.py
[2023-12-18T14:29:44.081+0000] {processor.py:829} INFO - Processing file /home/airflow/.local/lib/python3.8/site-packages/airflow/example_dags/example_branch_operator.py for tasks to queue
[2023-12-18T14:29:44.083+0000] {logging_mixin.py:154} INFO - [2023-12-18T14:29:44.083+0000] {dagbag.py:536} INFO - Filling up the DagBag from /home/airflow/.local/lib/python3.8/site-packages/airflow/example_dags/example_branch_operator.py
[2023-12-18T14:29:44.088+0000] {processor.py:839} INFO - DAG(s) dict_keys(['example_branch_operator']) retrieved from /home/airflow/.local/lib/python3.8/site-packages/airflow/example_dags/example_branch_operator.py
[2023-12-18T14:29:44.102+0000] {logging_mixin.py:154} INFO - [2023-12-18T14:29:44.102+0000] {dag.py:2941} INFO - Sync 1 DAGs
[2023-12-18T14:29:44.115+0000] {logging_mixin.py:154} INFO - [2023-12-18T14:29:44.115+0000] {dag.py:3722} INFO - Setting next_dagrun for example_branch_operator to 2023-12-17T00:00:00+00:00, run_after=2023-12-18T00:00:00+00:00
[2023-12-18T14:29:44.124+0000] {processor.py:179} INFO - Processing /home/airflow/.local/lib/python3.8/site-packages/airflow/example_dags/example_branch_operator.py took 0.053 seconds
[2023-12-18T14:30:14.246+0000] {processor.py:157} INFO - Started process (PID=680) to work on /home/airflow/.local/lib/python3.8/site-packages/airflow/example_dags/example_branch_operator.py
[2023-12-18T14:30:14.247+0000] {processor.py:829} INFO - Processing file /home/airflow/.local/lib/python3.8/site-packages/airflow/example_dags/example_branch_operator.py for tasks to queue
[2023-12-18T14:30:14.248+0000] {logging_mixin.py:154} INFO - [2023-12-18T14:30:14.248+0000] {dagbag.py:536} INFO - Filling up the DagBag from /home/airflow/.local/lib/python3.8/site-packages/airflow/example_dags/example_branch_operator.py
[2023-12-18T14:30:14.253+0000] {processor.py:839} INFO - DAG(s) dict_keys(['example_branch_operator']) retrieved from /home/airflow/.local/lib/python3.8/site-packages/airflow/example_dags/example_branch_operator.py
[2023-12-18T14:30:14.284+0000] {logging_mixin.py:154} INFO - [2023-12-18T14:30:14.284+0000] {dag.py:2941} INFO - Sync 1 DAGs
[2023-12-18T14:30:14.297+0000] {logging_mixin.py:154} INFO - [2023-12-18T14:30:14.296+0000] {dag.py:3722} INFO - Setting next_dagrun for example_branch_operator to 2023-12-17T00:00:00+00:00, run_after=2023-12-18T00:00:00+00:00
[2023-12-18T14:30:14.306+0000] {processor.py:179} INFO - Processing /home/airflow/.local/lib/python3.8/site-packages/airflow/example_dags/example_branch_operator.py took 0.061 seconds
[2023-12-18T14:30:44.361+0000] {processor.py:157} INFO - Started process (PID=749) to work on /home/airflow/.local/lib/python3.8/site-packages/airflow/example_dags/example_branch_operator.py
[2023-12-18T14:30:44.362+0000] {processor.py:829} INFO - Processing file /home/airflow/.local/lib/python3.8/site-packages/airflow/example_dags/example_branch_operator.py for tasks to queue
[2023-12-18T14:30:44.363+0000] {logging_mixin.py:154} INFO - [2023-12-18T14:30:44.363+0000] {dagbag.py:536} INFO - Filling up the DagBag from /home/airflow/.local/lib/python3.8/site-packages/airflow/example_dags/example_branch_operator.py
[2023-12-18T14:30:44.368+0000] {processor.py:839} INFO - DAG(s) dict_keys(['example_branch_operator']) retrieved from /home/airflow/.local/lib/python3.8/site-packages/airflow/example_dags/example_branch_operator.py
[2023-12-18T14:30:44.399+0000] {logging_mixin.py:154} INFO - [2023-12-18T14:30:44.399+0000] {dag.py:2941} INFO - Sync 1 DAGs
[2023-12-18T14:30:44.412+0000] {logging_mixin.py:154} INFO - [2023-12-18T14:30:44.411+0000] {dag.py:3722} INFO - Setting next_dagrun for example_branch_operator to 2023-12-17T00:00:00+00:00, run_after=2023-12-18T00:00:00+00:00
[2023-12-18T14:30:44.420+0000] {processor.py:179} INFO - Processing /home/airflow/.local/lib/python3.8/site-packages/airflow/example_dags/example_branch_operator.py took 0.061 seconds
[2023-12-18T14:31:14.593+0000] {processor.py:157} INFO - Started process (PID=819) to work on /home/airflow/.local/lib/python3.8/site-packages/airflow/example_dags/example_branch_operator.py
[2023-12-18T14:31:14.594+0000] {processor.py:829} INFO - Processing file /home/airflow/.local/lib/python3.8/site-packages/airflow/example_dags/example_branch_operator.py for tasks to queue
[2023-12-18T14:31:14.595+0000] {logging_mixin.py:154} INFO - [2023-12-18T14:31:14.595+0000] {dagbag.py:536} INFO - Filling up the DagBag from /home/airflow/.local/lib/python3.8/site-packages/airflow/example_dags/example_branch_operator.py
[2023-12-18T14:31:14.600+0000] {processor.py:839} INFO - DAG(s) dict_keys(['example_branch_operator']) retrieved from /home/airflow/.local/lib/python3.8/site-packages/airflow/example_dags/example_branch_operator.py
[2023-12-18T14:31:14.612+0000] {logging_mixin.py:154} INFO - [2023-12-18T14:31:14.612+0000] {dag.py:2941} INFO - Sync 1 DAGs
[2023-12-18T14:31:14.624+0000] {logging_mixin.py:154} INFO - [2023-12-18T14:31:14.624+0000] {dag.py:3722} INFO - Setting next_dagrun for example_branch_operator to 2023-12-17T00:00:00+00:00, run_after=2023-12-18T00:00:00+00:00
[2023-12-18T14:31:14.633+0000] {processor.py:179} INFO - Processing /home/airflow/.local/lib/python3.8/site-packages/airflow/example_dags/example_branch_operator.py took 0.041 seconds
[2023-12-18T14:31:45.366+0000] {processor.py:157} INFO - Started process (PID=888) to work on /home/airflow/.local/lib/python3.8/site-packages/airflow/example_dags/example_branch_operator.py
[2023-12-18T14:31:45.366+0000] {processor.py:829} INFO - Processing file /home/airflow/.local/lib/python3.8/site-packages/airflow/example_dags/example_branch_operator.py for tasks to queue
[2023-12-18T14:31:45.368+0000] {logging_mixin.py:154} INFO - [2023-12-18T14:31:45.368+0000] {dagbag.py:536} INFO - Filling up the DagBag from /home/airflow/.local/lib/python3.8/site-packages/airflow/example_dags/example_branch_operator.py
[2023-12-18T14:31:45.390+0000] {processor.py:839} INFO - DAG(s) dict_keys(['example_branch_operator']) retrieved from /home/airflow/.local/lib/python3.8/site-packages/airflow/example_dags/example_branch_operator.py
[2023-12-18T14:31:45.406+0000] {logging_mixin.py:154} INFO - [2023-12-18T14:31:45.406+0000] {dag.py:2941} INFO - Sync 1 DAGs
[2023-12-18T14:31:45.421+0000] {logging_mixin.py:154} INFO - [2023-12-18T14:31:45.421+0000] {dag.py:3722} INFO - Setting next_dagrun for example_branch_operator to 2023-12-17T00:00:00+00:00, run_after=2023-12-18T00:00:00+00:00
[2023-12-18T14:31:45.431+0000] {processor.py:179} INFO - Processing /home/airflow/.local/lib/python3.8/site-packages/airflow/example_dags/example_branch_operator.py took 0.068 seconds
[2023-12-18T14:32:15.519+0000] {processor.py:157} INFO - Started process (PID=956) to work on /home/airflow/.local/lib/python3.8/site-packages/airflow/example_dags/example_branch_operator.py
[2023-12-18T14:32:15.520+0000] {processor.py:829} INFO - Processing file /home/airflow/.local/lib/python3.8/site-packages/airflow/example_dags/example_branch_operator.py for tasks to queue
[2023-12-18T14:32:15.521+0000] {logging_mixin.py:154} INFO - [2023-12-18T14:32:15.521+0000] {dagbag.py:536} INFO - Filling up the DagBag from /home/airflow/.local/lib/python3.8/site-packages/airflow/example_dags/example_branch_operator.py
[2023-12-18T14:32:15.526+0000] {processor.py:839} INFO - DAG(s) dict_keys(['example_branch_operator']) retrieved from /home/airflow/.local/lib/python3.8/site-packages/airflow/example_dags/example_branch_operator.py
[2023-12-18T14:32:15.539+0000] {logging_mixin.py:154} INFO - [2023-12-18T14:32:15.539+0000] {dag.py:2941} INFO - Sync 1 DAGs
[2023-12-18T14:32:15.552+0000] {logging_mixin.py:154} INFO - [2023-12-18T14:32:15.552+0000] {dag.py:3722} INFO - Setting next_dagrun for example_branch_operator to 2023-12-17T00:00:00+00:00, run_after=2023-12-18T00:00:00+00:00
[2023-12-18T14:32:15.562+0000] {processor.py:179} INFO - Processing /home/airflow/.local/lib/python3.8/site-packages/airflow/example_dags/example_branch_operator.py took 0.044 seconds
[2023-12-18T14:32:46.502+0000] {processor.py:157} INFO - Started process (PID=1024) to work on /home/airflow/.local/lib/python3.8/site-packages/airflow/example_dags/example_branch_operator.py
[2023-12-18T14:32:46.503+0000] {processor.py:829} INFO - Processing file /home/airflow/.local/lib/python3.8/site-packages/airflow/example_dags/example_branch_operator.py for tasks to queue
[2023-12-18T14:32:46.504+0000] {logging_mixin.py:154} INFO - [2023-12-18T14:32:46.504+0000] {dagbag.py:536} INFO - Filling up the DagBag from /home/airflow/.local/lib/python3.8/site-packages/airflow/example_dags/example_branch_operator.py
[2023-12-18T14:32:46.509+0000] {processor.py:839} INFO - DAG(s) dict_keys(['example_branch_operator']) retrieved from /home/airflow/.local/lib/python3.8/site-packages/airflow/example_dags/example_branch_operator.py
[2023-12-18T14:32:46.522+0000] {logging_mixin.py:154} INFO - [2023-12-18T14:32:46.522+0000] {dag.py:2941} INFO - Sync 1 DAGs
[2023-12-18T14:32:46.535+0000] {logging_mixin.py:154} INFO - [2023-12-18T14:32:46.535+0000] {dag.py:3722} INFO - Setting next_dagrun for example_branch_operator to 2023-12-17T00:00:00+00:00, run_after=2023-12-18T00:00:00+00:00
[2023-12-18T14:32:46.544+0000] {processor.py:179} INFO - Processing /home/airflow/.local/lib/python3.8/site-packages/airflow/example_dags/example_branch_operator.py took 0.043 seconds
[2023-12-18T14:33:17.228+0000] {processor.py:157} INFO - Started process (PID=1093) to work on /home/airflow/.local/lib/python3.8/site-packages/airflow/example_dags/example_branch_operator.py
[2023-12-18T14:33:17.228+0000] {processor.py:829} INFO - Processing file /home/airflow/.local/lib/python3.8/site-packages/airflow/example_dags/example_branch_operator.py for tasks to queue
[2023-12-18T14:33:17.229+0000] {logging_mixin.py:154} INFO - [2023-12-18T14:33:17.229+0000] {dagbag.py:536} INFO - Filling up the DagBag from /home/airflow/.local/lib/python3.8/site-packages/airflow/example_dags/example_branch_operator.py
[2023-12-18T14:33:17.235+0000] {processor.py:839} INFO - DAG(s) dict_keys(['example_branch_operator']) retrieved from /home/airflow/.local/lib/python3.8/site-packages/airflow/example_dags/example_branch_operator.py
[2023-12-18T14:33:17.249+0000] {logging_mixin.py:154} INFO - [2023-12-18T14:33:17.248+0000] {dag.py:2941} INFO - Sync 1 DAGs
[2023-12-18T14:33:17.261+0000] {logging_mixin.py:154} INFO - [2023-12-18T14:33:17.261+0000] {dag.py:3722} INFO - Setting next_dagrun for example_branch_operator to 2023-12-17T00:00:00+00:00, run_after=2023-12-18T00:00:00+00:00
[2023-12-18T14:33:17.270+0000] {processor.py:179} INFO - Processing /home/airflow/.local/lib/python3.8/site-packages/airflow/example_dags/example_branch_operator.py took 0.045 seconds
[2023-12-18T14:33:48.104+0000] {processor.py:157} INFO - Started process (PID=1169) to work on /home/airflow/.local/lib/python3.8/site-packages/airflow/example_dags/example_branch_operator.py
[2023-12-18T14:33:48.105+0000] {processor.py:829} INFO - Processing file /home/airflow/.local/lib/python3.8/site-packages/airflow/example_dags/example_branch_operator.py for tasks to queue
[2023-12-18T14:33:48.106+0000] {logging_mixin.py:154} INFO - [2023-12-18T14:33:48.106+0000] {dagbag.py:536} INFO - Filling up the DagBag from /home/airflow/.local/lib/python3.8/site-packages/airflow/example_dags/example_branch_operator.py
[2023-12-18T14:33:48.111+0000] {processor.py:839} INFO - DAG(s) dict_keys(['example_branch_operator']) retrieved from /home/airflow/.local/lib/python3.8/site-packages/airflow/example_dags/example_branch_operator.py
[2023-12-18T14:33:48.124+0000] {logging_mixin.py:154} INFO - [2023-12-18T14:33:48.124+0000] {dag.py:2941} INFO - Sync 1 DAGs
[2023-12-18T14:33:48.139+0000] {logging_mixin.py:154} INFO - [2023-12-18T14:33:48.139+0000] {dag.py:3722} INFO - Setting next_dagrun for example_branch_operator to 2023-12-17T00:00:00+00:00, run_after=2023-12-18T00:00:00+00:00
[2023-12-18T14:33:48.148+0000] {processor.py:179} INFO - Processing /home/airflow/.local/lib/python3.8/site-packages/airflow/example_dags/example_branch_operator.py took 0.046 seconds
[2023-12-18T14:34:18.318+0000] {processor.py:157} INFO - Started process (PID=1238) to work on /home/airflow/.local/lib/python3.8/site-packages/airflow/example_dags/example_branch_operator.py
[2023-12-18T14:34:18.319+0000] {processor.py:829} INFO - Processing file /home/airflow/.local/lib/python3.8/site-packages/airflow/example_dags/example_branch_operator.py for tasks to queue
[2023-12-18T14:34:18.320+0000] {logging_mixin.py:154} INFO - [2023-12-18T14:34:18.319+0000] {dagbag.py:536} INFO - Filling up the DagBag from /home/airflow/.local/lib/python3.8/site-packages/airflow/example_dags/example_branch_operator.py
[2023-12-18T14:34:18.325+0000] {processor.py:839} INFO - DAG(s) dict_keys(['example_branch_operator']) retrieved from /home/airflow/.local/lib/python3.8/site-packages/airflow/example_dags/example_branch_operator.py
[2023-12-18T14:34:18.338+0000] {logging_mixin.py:154} INFO - [2023-12-18T14:34:18.338+0000] {dag.py:2941} INFO - Sync 1 DAGs
[2023-12-18T14:34:18.350+0000] {logging_mixin.py:154} INFO - [2023-12-18T14:34:18.350+0000] {dag.py:3722} INFO - Setting next_dagrun for example_branch_operator to 2023-12-17T00:00:00+00:00, run_after=2023-12-18T00:00:00+00:00
[2023-12-18T14:34:18.359+0000] {processor.py:179} INFO - Processing /home/airflow/.local/lib/python3.8/site-packages/airflow/example_dags/example_branch_operator.py took 0.043 seconds
[2023-12-18T14:34:49.338+0000] {processor.py:157} INFO - Started process (PID=1308) to work on /home/airflow/.local/lib/python3.8/site-packages/airflow/example_dags/example_branch_operator.py
[2023-12-18T14:34:49.338+0000] {processor.py:829} INFO - Processing file /home/airflow/.local/lib/python3.8/site-packages/airflow/example_dags/example_branch_operator.py for tasks to queue
[2023-12-18T14:34:49.340+0000] {logging_mixin.py:154} INFO - [2023-12-18T14:34:49.340+0000] {dagbag.py:536} INFO - Filling up the DagBag from /home/airflow/.local/lib/python3.8/site-packages/airflow/example_dags/example_branch_operator.py
[2023-12-18T14:34:49.344+0000] {processor.py:839} INFO - DAG(s) dict_keys(['example_branch_operator']) retrieved from /home/airflow/.local/lib/python3.8/site-packages/airflow/example_dags/example_branch_operator.py
[2023-12-18T14:34:49.357+0000] {logging_mixin.py:154} INFO - [2023-12-18T14:34:49.357+0000] {dag.py:2941} INFO - Sync 1 DAGs
[2023-12-18T14:34:49.370+0000] {logging_mixin.py:154} INFO - [2023-12-18T14:34:49.370+0000] {dag.py:3722} INFO - Setting next_dagrun for example_branch_operator to 2023-12-17T00:00:00+00:00, run_after=2023-12-18T00:00:00+00:00
[2023-12-18T14:34:49.380+0000] {processor.py:179} INFO - Processing /home/airflow/.local/lib/python3.8/site-packages/airflow/example_dags/example_branch_operator.py took 0.044 seconds
[2023-12-18T14:35:19.446+0000] {processor.py:157} INFO - Started process (PID=1377) to work on /home/airflow/.local/lib/python3.8/site-packages/airflow/example_dags/example_branch_operator.py
[2023-12-18T14:35:19.447+0000] {processor.py:829} INFO - Processing file /home/airflow/.local/lib/python3.8/site-packages/airflow/example_dags/example_branch_operator.py for tasks to queue
[2023-12-18T14:35:19.449+0000] {logging_mixin.py:154} INFO - [2023-12-18T14:35:19.448+0000] {dagbag.py:536} INFO - Filling up the DagBag from /home/airflow/.local/lib/python3.8/site-packages/airflow/example_dags/example_branch_operator.py
[2023-12-18T14:35:19.454+0000] {processor.py:839} INFO - DAG(s) dict_keys(['example_branch_operator']) retrieved from /home/airflow/.local/lib/python3.8/site-packages/airflow/example_dags/example_branch_operator.py
[2023-12-18T14:35:19.484+0000] {logging_mixin.py:154} INFO - [2023-12-18T14:35:19.484+0000] {dag.py:2941} INFO - Sync 1 DAGs
[2023-12-18T14:35:19.498+0000] {logging_mixin.py:154} INFO - [2023-12-18T14:35:19.498+0000] {dag.py:3722} INFO - Setting next_dagrun for example_branch_operator to 2023-12-17T00:00:00+00:00, run_after=2023-12-18T00:00:00+00:00
[2023-12-18T14:35:19.509+0000] {processor.py:179} INFO - Processing /home/airflow/.local/lib/python3.8/site-packages/airflow/example_dags/example_branch_operator.py took 0.064 seconds
[2023-12-18T14:35:49.550+0000] {processor.py:157} INFO - Started process (PID=1445) to work on /home/airflow/.local/lib/python3.8/site-packages/airflow/example_dags/example_branch_operator.py
[2023-12-18T14:35:49.551+0000] {processor.py:829} INFO - Processing file /home/airflow/.local/lib/python3.8/site-packages/airflow/example_dags/example_branch_operator.py for tasks to queue
[2023-12-18T14:35:49.552+0000] {logging_mixin.py:154} INFO - [2023-12-18T14:35:49.552+0000] {dagbag.py:536} INFO - Filling up the DagBag from /home/airflow/.local/lib/python3.8/site-packages/airflow/example_dags/example_branch_operator.py
[2023-12-18T14:35:49.557+0000] {processor.py:839} INFO - DAG(s) dict_keys(['example_branch_operator']) retrieved from /home/airflow/.local/lib/python3.8/site-packages/airflow/example_dags/example_branch_operator.py
[2023-12-18T14:35:49.571+0000] {logging_mixin.py:154} INFO - [2023-12-18T14:35:49.571+0000] {dag.py:2941} INFO - Sync 1 DAGs
[2023-12-18T14:35:49.585+0000] {logging_mixin.py:154} INFO - [2023-12-18T14:35:49.585+0000] {dag.py:3722} INFO - Setting next_dagrun for example_branch_operator to 2023-12-17T00:00:00+00:00, run_after=2023-12-18T00:00:00+00:00
[2023-12-18T14:35:49.596+0000] {processor.py:179} INFO - Processing /home/airflow/.local/lib/python3.8/site-packages/airflow/example_dags/example_branch_operator.py took 0.047 seconds
[2023-12-18T14:36:19.673+0000] {processor.py:157} INFO - Started process (PID=1513) to work on /home/airflow/.local/lib/python3.8/site-packages/airflow/example_dags/example_branch_operator.py
[2023-12-18T14:36:19.674+0000] {processor.py:829} INFO - Processing file /home/airflow/.local/lib/python3.8/site-packages/airflow/example_dags/example_branch_operator.py for tasks to queue
[2023-12-18T14:36:19.675+0000] {logging_mixin.py:154} INFO - [2023-12-18T14:36:19.675+0000] {dagbag.py:536} INFO - Filling up the DagBag from /home/airflow/.local/lib/python3.8/site-packages/airflow/example_dags/example_branch_operator.py
[2023-12-18T14:36:19.681+0000] {processor.py:839} INFO - DAG(s) dict_keys(['example_branch_operator']) retrieved from /home/airflow/.local/lib/python3.8/site-packages/airflow/example_dags/example_branch_operator.py
[2023-12-18T14:36:19.693+0000] {logging_mixin.py:154} INFO - [2023-12-18T14:36:19.693+0000] {dag.py:2941} INFO - Sync 1 DAGs
[2023-12-18T14:36:19.708+0000] {logging_mixin.py:154} INFO - [2023-12-18T14:36:19.708+0000] {dag.py:3722} INFO - Setting next_dagrun for example_branch_operator to 2023-12-17T00:00:00+00:00, run_after=2023-12-18T00:00:00+00:00
[2023-12-18T14:36:19.718+0000] {processor.py:179} INFO - Processing /home/airflow/.local/lib/python3.8/site-packages/airflow/example_dags/example_branch_operator.py took 0.047 seconds
[2023-12-18T14:36:49.750+0000] {processor.py:157} INFO - Started process (PID=1576) to work on /home/airflow/.local/lib/python3.8/site-packages/airflow/example_dags/example_branch_operator.py
[2023-12-18T14:36:49.751+0000] {processor.py:829} INFO - Processing file /home/airflow/.local/lib/python3.8/site-packages/airflow/example_dags/example_branch_operator.py for tasks to queue
[2023-12-18T14:36:49.752+0000] {logging_mixin.py:154} INFO - [2023-12-18T14:36:49.752+0000] {dagbag.py:536} INFO - Filling up the DagBag from /home/airflow/.local/lib/python3.8/site-packages/airflow/example_dags/example_branch_operator.py
[2023-12-18T14:36:49.757+0000] {processor.py:839} INFO - DAG(s) dict_keys(['example_branch_operator']) retrieved from /home/airflow/.local/lib/python3.8/site-packages/airflow/example_dags/example_branch_operator.py
[2023-12-18T14:36:49.774+0000] {logging_mixin.py:154} INFO - [2023-12-18T14:36:49.774+0000] {dag.py:2941} INFO - Sync 1 DAGs
[2023-12-18T14:36:49.796+0000] {logging_mixin.py:154} INFO - [2023-12-18T14:36:49.796+0000] {dag.py:3722} INFO - Setting next_dagrun for example_branch_operator to 2023-12-17T00:00:00+00:00, run_after=2023-12-18T00:00:00+00:00
[2023-12-18T14:36:49.807+0000] {processor.py:179} INFO - Processing /home/airflow/.local/lib/python3.8/site-packages/airflow/example_dags/example_branch_operator.py took 0.058 seconds
[2023-12-18T14:37:20.845+0000] {processor.py:157} INFO - Started process (PID=1652) to work on /home/airflow/.local/lib/python3.8/site-packages/airflow/example_dags/example_branch_operator.py
[2023-12-18T14:37:20.846+0000] {processor.py:829} INFO - Processing file /home/airflow/.local/lib/python3.8/site-packages/airflow/example_dags/example_branch_operator.py for tasks to queue
[2023-12-18T14:37:20.849+0000] {logging_mixin.py:154} INFO - [2023-12-18T14:37:20.848+0000] {dagbag.py:536} INFO - Filling up the DagBag from /home/airflow/.local/lib/python3.8/site-packages/airflow/example_dags/example_branch_operator.py
[2023-12-18T14:37:20.856+0000] {processor.py:839} INFO - DAG(s) dict_keys(['example_branch_operator']) retrieved from /home/airflow/.local/lib/python3.8/site-packages/airflow/example_dags/example_branch_operator.py
[2023-12-18T14:37:20.872+0000] {logging_mixin.py:154} INFO - [2023-12-18T14:37:20.872+0000] {dag.py:2941} INFO - Sync 1 DAGs
[2023-12-18T14:37:20.888+0000] {logging_mixin.py:154} INFO - [2023-12-18T14:37:20.888+0000] {dag.py:3722} INFO - Setting next_dagrun for example_branch_operator to 2023-12-17T00:00:00+00:00, run_after=2023-12-18T00:00:00+00:00
[2023-12-18T14:37:20.898+0000] {processor.py:179} INFO - Processing /home/airflow/.local/lib/python3.8/site-packages/airflow/example_dags/example_branch_operator.py took 0.056 seconds
[2023-12-18T14:37:51.586+0000] {processor.py:157} INFO - Started process (PID=1721) to work on /home/airflow/.local/lib/python3.8/site-packages/airflow/example_dags/example_branch_operator.py
[2023-12-18T14:37:51.587+0000] {processor.py:829} INFO - Processing file /home/airflow/.local/lib/python3.8/site-packages/airflow/example_dags/example_branch_operator.py for tasks to queue
[2023-12-18T14:37:51.589+0000] {logging_mixin.py:154} INFO - [2023-12-18T14:37:51.589+0000] {dagbag.py:536} INFO - Filling up the DagBag from /home/airflow/.local/lib/python3.8/site-packages/airflow/example_dags/example_branch_operator.py
[2023-12-18T14:37:51.595+0000] {processor.py:839} INFO - DAG(s) dict_keys(['example_branch_operator']) retrieved from /home/airflow/.local/lib/python3.8/site-packages/airflow/example_dags/example_branch_operator.py
[2023-12-18T14:37:51.608+0000] {logging_mixin.py:154} INFO - [2023-12-18T14:37:51.608+0000] {dag.py:2941} INFO - Sync 1 DAGs
[2023-12-18T14:37:51.622+0000] {logging_mixin.py:154} INFO - [2023-12-18T14:37:51.622+0000] {dag.py:3722} INFO - Setting next_dagrun for example_branch_operator to 2023-12-17T00:00:00+00:00, run_after=2023-12-18T00:00:00+00:00
[2023-12-18T14:37:51.632+0000] {processor.py:179} INFO - Processing /home/airflow/.local/lib/python3.8/site-packages/airflow/example_dags/example_branch_operator.py took 0.048 seconds
[2023-12-18T14:38:22.340+0000] {processor.py:157} INFO - Started process (PID=1790) to work on /home/airflow/.local/lib/python3.8/site-packages/airflow/example_dags/example_branch_operator.py
[2023-12-18T14:38:22.340+0000] {processor.py:829} INFO - Processing file /home/airflow/.local/lib/python3.8/site-packages/airflow/example_dags/example_branch_operator.py for tasks to queue
[2023-12-18T14:38:22.342+0000] {logging_mixin.py:154} INFO - [2023-12-18T14:38:22.342+0000] {dagbag.py:536} INFO - Filling up the DagBag from /home/airflow/.local/lib/python3.8/site-packages/airflow/example_dags/example_branch_operator.py
[2023-12-18T14:38:22.347+0000] {processor.py:839} INFO - DAG(s) dict_keys(['example_branch_operator']) retrieved from /home/airflow/.local/lib/python3.8/site-packages/airflow/example_dags/example_branch_operator.py
[2023-12-18T14:38:22.361+0000] {logging_mixin.py:154} INFO - [2023-12-18T14:38:22.361+0000] {dag.py:2941} INFO - Sync 1 DAGs
[2023-12-18T14:38:22.375+0000] {logging_mixin.py:154} INFO - [2023-12-18T14:38:22.375+0000] {dag.py:3722} INFO - Setting next_dagrun for example_branch_operator to 2023-12-17T00:00:00+00:00, run_after=2023-12-18T00:00:00+00:00
[2023-12-18T14:38:22.392+0000] {processor.py:179} INFO - Processing /home/airflow/.local/lib/python3.8/site-packages/airflow/example_dags/example_branch_operator.py took 0.054 seconds
[2023-12-18T14:38:53.172+0000] {processor.py:157} INFO - Started process (PID=1859) to work on /home/airflow/.local/lib/python3.8/site-packages/airflow/example_dags/example_branch_operator.py
[2023-12-18T14:38:53.173+0000] {processor.py:829} INFO - Processing file /home/airflow/.local/lib/python3.8/site-packages/airflow/example_dags/example_branch_operator.py for tasks to queue
[2023-12-18T14:38:53.174+0000] {logging_mixin.py:154} INFO - [2023-12-18T14:38:53.174+0000] {dagbag.py:536} INFO - Filling up the DagBag from /home/airflow/.local/lib/python3.8/site-packages/airflow/example_dags/example_branch_operator.py
[2023-12-18T14:38:53.179+0000] {processor.py:839} INFO - DAG(s) dict_keys(['example_branch_operator']) retrieved from /home/airflow/.local/lib/python3.8/site-packages/airflow/example_dags/example_branch_operator.py
[2023-12-18T14:38:53.193+0000] {logging_mixin.py:154} INFO - [2023-12-18T14:38:53.193+0000] {dag.py:2941} INFO - Sync 1 DAGs
[2023-12-18T14:38:53.208+0000] {logging_mixin.py:154} INFO - [2023-12-18T14:38:53.208+0000] {dag.py:3722} INFO - Setting next_dagrun for example_branch_operator to 2023-12-17T00:00:00+00:00, run_after=2023-12-18T00:00:00+00:00
[2023-12-18T14:38:53.218+0000] {processor.py:179} INFO - Processing /home/airflow/.local/lib/python3.8/site-packages/airflow/example_dags/example_branch_operator.py took 0.047 seconds
[2023-12-18T14:39:53.953+0000] {processor.py:157} INFO - Started process (PID=58) to work on /home/airflow/.local/lib/python3.8/site-packages/airflow/example_dags/example_branch_operator.py
[2023-12-18T14:39:53.953+0000] {processor.py:829} INFO - Processing file /home/airflow/.local/lib/python3.8/site-packages/airflow/example_dags/example_branch_operator.py for tasks to queue
[2023-12-18T14:39:53.955+0000] {logging_mixin.py:154} INFO - [2023-12-18T14:39:53.955+0000] {dagbag.py:536} INFO - Filling up the DagBag from /home/airflow/.local/lib/python3.8/site-packages/airflow/example_dags/example_branch_operator.py
[2023-12-18T14:39:53.965+0000] {processor.py:839} INFO - DAG(s) dict_keys(['example_branch_operator']) retrieved from /home/airflow/.local/lib/python3.8/site-packages/airflow/example_dags/example_branch_operator.py
[2023-12-18T14:39:53.999+0000] {logging_mixin.py:154} INFO - [2023-12-18T14:39:53.999+0000] {dag.py:2941} INFO - Sync 1 DAGs
[2023-12-18T14:39:54.032+0000] {logging_mixin.py:154} INFO - [2023-12-18T14:39:54.031+0000] {dag.py:3722} INFO - Setting next_dagrun for example_branch_operator to 2023-12-17T00:00:00+00:00, run_after=2023-12-18T00:00:00+00:00
[2023-12-18T14:39:54.054+0000] {processor.py:179} INFO - Processing /home/airflow/.local/lib/python3.8/site-packages/airflow/example_dags/example_branch_operator.py took 0.104 seconds
[2023-12-18T14:40:24.119+0000] {processor.py:157} INFO - Started process (PID=127) to work on /home/airflow/.local/lib/python3.8/site-packages/airflow/example_dags/example_branch_operator.py
[2023-12-18T14:40:24.119+0000] {processor.py:829} INFO - Processing file /home/airflow/.local/lib/python3.8/site-packages/airflow/example_dags/example_branch_operator.py for tasks to queue
[2023-12-18T14:40:24.122+0000] {logging_mixin.py:154} INFO - [2023-12-18T14:40:24.122+0000] {dagbag.py:536} INFO - Filling up the DagBag from /home/airflow/.local/lib/python3.8/site-packages/airflow/example_dags/example_branch_operator.py
[2023-12-18T14:40:24.127+0000] {processor.py:839} INFO - DAG(s) dict_keys(['example_branch_operator']) retrieved from /home/airflow/.local/lib/python3.8/site-packages/airflow/example_dags/example_branch_operator.py
[2023-12-18T14:40:24.141+0000] {logging_mixin.py:154} INFO - [2023-12-18T14:40:24.141+0000] {dag.py:2941} INFO - Sync 1 DAGs
[2023-12-18T14:40:24.156+0000] {logging_mixin.py:154} INFO - [2023-12-18T14:40:24.156+0000] {dag.py:3722} INFO - Setting next_dagrun for example_branch_operator to 2023-12-17T00:00:00+00:00, run_after=2023-12-18T00:00:00+00:00
[2023-12-18T14:40:24.168+0000] {processor.py:179} INFO - Processing /home/airflow/.local/lib/python3.8/site-packages/airflow/example_dags/example_branch_operator.py took 0.051 seconds
[2023-12-18T14:40:54.406+0000] {processor.py:157} INFO - Started process (PID=196) to work on /home/airflow/.local/lib/python3.8/site-packages/airflow/example_dags/example_branch_operator.py
[2023-12-18T14:40:54.407+0000] {processor.py:829} INFO - Processing file /home/airflow/.local/lib/python3.8/site-packages/airflow/example_dags/example_branch_operator.py for tasks to queue
[2023-12-18T14:40:54.408+0000] {logging_mixin.py:154} INFO - [2023-12-18T14:40:54.408+0000] {dagbag.py:536} INFO - Filling up the DagBag from /home/airflow/.local/lib/python3.8/site-packages/airflow/example_dags/example_branch_operator.py
[2023-12-18T14:40:54.413+0000] {processor.py:839} INFO - DAG(s) dict_keys(['example_branch_operator']) retrieved from /home/airflow/.local/lib/python3.8/site-packages/airflow/example_dags/example_branch_operator.py
[2023-12-18T14:40:54.427+0000] {logging_mixin.py:154} INFO - [2023-12-18T14:40:54.427+0000] {dag.py:2941} INFO - Sync 1 DAGs
[2023-12-18T14:40:54.442+0000] {logging_mixin.py:154} INFO - [2023-12-18T14:40:54.442+0000] {dag.py:3722} INFO - Setting next_dagrun for example_branch_operator to 2023-12-17T00:00:00+00:00, run_after=2023-12-18T00:00:00+00:00
[2023-12-18T14:40:54.453+0000] {processor.py:179} INFO - Processing /home/airflow/.local/lib/python3.8/site-packages/airflow/example_dags/example_branch_operator.py took 0.049 seconds
[2023-12-18T14:41:25.278+0000] {processor.py:157} INFO - Started process (PID=265) to work on /home/airflow/.local/lib/python3.8/site-packages/airflow/example_dags/example_branch_operator.py
[2023-12-18T14:41:25.278+0000] {processor.py:829} INFO - Processing file /home/airflow/.local/lib/python3.8/site-packages/airflow/example_dags/example_branch_operator.py for tasks to queue
[2023-12-18T14:41:25.279+0000] {logging_mixin.py:154} INFO - [2023-12-18T14:41:25.279+0000] {dagbag.py:536} INFO - Filling up the DagBag from /home/airflow/.local/lib/python3.8/site-packages/airflow/example_dags/example_branch_operator.py
[2023-12-18T14:41:25.284+0000] {processor.py:839} INFO - DAG(s) dict_keys(['example_branch_operator']) retrieved from /home/airflow/.local/lib/python3.8/site-packages/airflow/example_dags/example_branch_operator.py
[2023-12-18T14:41:25.297+0000] {logging_mixin.py:154} INFO - [2023-12-18T14:41:25.297+0000] {dag.py:2941} INFO - Sync 1 DAGs
[2023-12-18T14:41:25.311+0000] {logging_mixin.py:154} INFO - [2023-12-18T14:41:25.310+0000] {dag.py:3722} INFO - Setting next_dagrun for example_branch_operator to 2023-12-17T00:00:00+00:00, run_after=2023-12-18T00:00:00+00:00
[2023-12-18T14:41:25.320+0000] {processor.py:179} INFO - Processing /home/airflow/.local/lib/python3.8/site-packages/airflow/example_dags/example_branch_operator.py took 0.044 seconds
[2023-12-18T14:41:56.028+0000] {processor.py:157} INFO - Started process (PID=335) to work on /home/airflow/.local/lib/python3.8/site-packages/airflow/example_dags/example_branch_operator.py
[2023-12-18T14:41:56.028+0000] {processor.py:829} INFO - Processing file /home/airflow/.local/lib/python3.8/site-packages/airflow/example_dags/example_branch_operator.py for tasks to queue
[2023-12-18T14:41:56.030+0000] {logging_mixin.py:154} INFO - [2023-12-18T14:41:56.030+0000] {dagbag.py:536} INFO - Filling up the DagBag from /home/airflow/.local/lib/python3.8/site-packages/airflow/example_dags/example_branch_operator.py
[2023-12-18T14:41:56.035+0000] {processor.py:839} INFO - DAG(s) dict_keys(['example_branch_operator']) retrieved from /home/airflow/.local/lib/python3.8/site-packages/airflow/example_dags/example_branch_operator.py
[2023-12-18T14:41:56.049+0000] {logging_mixin.py:154} INFO - [2023-12-18T14:41:56.049+0000] {dag.py:2941} INFO - Sync 1 DAGs
[2023-12-18T14:41:56.064+0000] {logging_mixin.py:154} INFO - [2023-12-18T14:41:56.064+0000] {dag.py:3722} INFO - Setting next_dagrun for example_branch_operator to 2023-12-17T00:00:00+00:00, run_after=2023-12-18T00:00:00+00:00
[2023-12-18T14:41:56.075+0000] {processor.py:179} INFO - Processing /home/airflow/.local/lib/python3.8/site-packages/airflow/example_dags/example_branch_operator.py took 0.049 seconds
[2023-12-18T14:42:26.934+0000] {processor.py:157} INFO - Started process (PID=404) to work on /home/airflow/.local/lib/python3.8/site-packages/airflow/example_dags/example_branch_operator.py
[2023-12-18T14:42:26.935+0000] {processor.py:829} INFO - Processing file /home/airflow/.local/lib/python3.8/site-packages/airflow/example_dags/example_branch_operator.py for tasks to queue
[2023-12-18T14:42:26.936+0000] {logging_mixin.py:154} INFO - [2023-12-18T14:42:26.936+0000] {dagbag.py:536} INFO - Filling up the DagBag from /home/airflow/.local/lib/python3.8/site-packages/airflow/example_dags/example_branch_operator.py
[2023-12-18T14:42:26.941+0000] {processor.py:839} INFO - DAG(s) dict_keys(['example_branch_operator']) retrieved from /home/airflow/.local/lib/python3.8/site-packages/airflow/example_dags/example_branch_operator.py
[2023-12-18T14:42:26.957+0000] {logging_mixin.py:154} INFO - [2023-12-18T14:42:26.957+0000] {dag.py:2941} INFO - Sync 1 DAGs
[2023-12-18T14:42:26.985+0000] {logging_mixin.py:154} INFO - [2023-12-18T14:42:26.984+0000] {dag.py:3722} INFO - Setting next_dagrun for example_branch_operator to 2023-12-17T00:00:00+00:00, run_after=2023-12-18T00:00:00+00:00
[2023-12-18T14:42:26.995+0000] {processor.py:179} INFO - Processing /home/airflow/.local/lib/python3.8/site-packages/airflow/example_dags/example_branch_operator.py took 0.063 seconds
[2023-12-18T14:42:57.240+0000] {processor.py:157} INFO - Started process (PID=473) to work on /home/airflow/.local/lib/python3.8/site-packages/airflow/example_dags/example_branch_operator.py
[2023-12-18T14:42:57.241+0000] {processor.py:829} INFO - Processing file /home/airflow/.local/lib/python3.8/site-packages/airflow/example_dags/example_branch_operator.py for tasks to queue
[2023-12-18T14:42:57.242+0000] {logging_mixin.py:154} INFO - [2023-12-18T14:42:57.242+0000] {dagbag.py:536} INFO - Filling up the DagBag from /home/airflow/.local/lib/python3.8/site-packages/airflow/example_dags/example_branch_operator.py
[2023-12-18T14:42:57.247+0000] {processor.py:839} INFO - DAG(s) dict_keys(['example_branch_operator']) retrieved from /home/airflow/.local/lib/python3.8/site-packages/airflow/example_dags/example_branch_operator.py
[2023-12-18T14:42:57.260+0000] {logging_mixin.py:154} INFO - [2023-12-18T14:42:57.260+0000] {dag.py:2941} INFO - Sync 1 DAGs
[2023-12-18T14:42:57.273+0000] {logging_mixin.py:154} INFO - [2023-12-18T14:42:57.273+0000] {dag.py:3722} INFO - Setting next_dagrun for example_branch_operator to 2023-12-17T00:00:00+00:00, run_after=2023-12-18T00:00:00+00:00
[2023-12-18T14:42:57.282+0000] {processor.py:179} INFO - Processing /home/airflow/.local/lib/python3.8/site-packages/airflow/example_dags/example_branch_operator.py took 0.043 seconds
[2023-12-18T14:44:34.118+0000] {processor.py:157} INFO - Started process (PID=56) to work on /home/airflow/.local/lib/python3.8/site-packages/airflow/example_dags/example_branch_operator.py
[2023-12-18T14:44:34.121+0000] {processor.py:829} INFO - Processing file /home/airflow/.local/lib/python3.8/site-packages/airflow/example_dags/example_branch_operator.py for tasks to queue
[2023-12-18T14:44:34.135+0000] {logging_mixin.py:154} INFO - [2023-12-18T14:44:34.135+0000] {dagbag.py:536} INFO - Filling up the DagBag from /home/airflow/.local/lib/python3.8/site-packages/airflow/example_dags/example_branch_operator.py
[2023-12-18T14:44:34.153+0000] {processor.py:839} INFO - DAG(s) dict_keys(['example_branch_operator']) retrieved from /home/airflow/.local/lib/python3.8/site-packages/airflow/example_dags/example_branch_operator.py
[2023-12-18T14:44:34.207+0000] {logging_mixin.py:154} INFO - [2023-12-18T14:44:34.206+0000] {dag.py:2941} INFO - Sync 1 DAGs
[2023-12-18T14:44:34.248+0000] {logging_mixin.py:154} INFO - [2023-12-18T14:44:34.247+0000] {dag.py:3722} INFO - Setting next_dagrun for example_branch_operator to 2023-12-17T00:00:00+00:00, run_after=2023-12-18T00:00:00+00:00
[2023-12-18T14:44:34.280+0000] {processor.py:179} INFO - Processing /home/airflow/.local/lib/python3.8/site-packages/airflow/example_dags/example_branch_operator.py took 0.167 seconds
[2023-12-18T14:45:04.689+0000] {processor.py:157} INFO - Started process (PID=125) to work on /home/airflow/.local/lib/python3.8/site-packages/airflow/example_dags/example_branch_operator.py
[2023-12-18T14:45:04.689+0000] {processor.py:829} INFO - Processing file /home/airflow/.local/lib/python3.8/site-packages/airflow/example_dags/example_branch_operator.py for tasks to queue
[2023-12-18T14:45:04.691+0000] {logging_mixin.py:154} INFO - [2023-12-18T14:45:04.691+0000] {dagbag.py:536} INFO - Filling up the DagBag from /home/airflow/.local/lib/python3.8/site-packages/airflow/example_dags/example_branch_operator.py
[2023-12-18T14:45:04.696+0000] {processor.py:839} INFO - DAG(s) dict_keys(['example_branch_operator']) retrieved from /home/airflow/.local/lib/python3.8/site-packages/airflow/example_dags/example_branch_operator.py
[2023-12-18T14:45:04.709+0000] {logging_mixin.py:154} INFO - [2023-12-18T14:45:04.709+0000] {dag.py:2941} INFO - Sync 1 DAGs
[2023-12-18T14:45:04.723+0000] {logging_mixin.py:154} INFO - [2023-12-18T14:45:04.723+0000] {dag.py:3722} INFO - Setting next_dagrun for example_branch_operator to 2023-12-17T00:00:00+00:00, run_after=2023-12-18T00:00:00+00:00
[2023-12-18T14:45:04.733+0000] {processor.py:179} INFO - Processing /home/airflow/.local/lib/python3.8/site-packages/airflow/example_dags/example_branch_operator.py took 0.046 seconds
[2023-12-18T14:45:35.069+0000] {processor.py:157} INFO - Started process (PID=194) to work on /home/airflow/.local/lib/python3.8/site-packages/airflow/example_dags/example_branch_operator.py
[2023-12-18T14:45:35.070+0000] {processor.py:829} INFO - Processing file /home/airflow/.local/lib/python3.8/site-packages/airflow/example_dags/example_branch_operator.py for tasks to queue
[2023-12-18T14:45:35.071+0000] {logging_mixin.py:154} INFO - [2023-12-18T14:45:35.071+0000] {dagbag.py:536} INFO - Filling up the DagBag from /home/airflow/.local/lib/python3.8/site-packages/airflow/example_dags/example_branch_operator.py
[2023-12-18T14:45:35.082+0000] {processor.py:839} INFO - DAG(s) dict_keys(['example_branch_operator']) retrieved from /home/airflow/.local/lib/python3.8/site-packages/airflow/example_dags/example_branch_operator.py
[2023-12-18T14:45:35.095+0000] {logging_mixin.py:154} INFO - [2023-12-18T14:45:35.095+0000] {dag.py:2941} INFO - Sync 1 DAGs
[2023-12-18T14:45:35.110+0000] {logging_mixin.py:154} INFO - [2023-12-18T14:45:35.110+0000] {dag.py:3722} INFO - Setting next_dagrun for example_branch_operator to 2023-12-17T00:00:00+00:00, run_after=2023-12-18T00:00:00+00:00
[2023-12-18T14:45:35.121+0000] {processor.py:179} INFO - Processing /home/airflow/.local/lib/python3.8/site-packages/airflow/example_dags/example_branch_operator.py took 0.053 seconds
[2023-12-18T14:46:05.190+0000] {processor.py:157} INFO - Started process (PID=263) to work on /home/airflow/.local/lib/python3.8/site-packages/airflow/example_dags/example_branch_operator.py
[2023-12-18T14:46:05.191+0000] {processor.py:829} INFO - Processing file /home/airflow/.local/lib/python3.8/site-packages/airflow/example_dags/example_branch_operator.py for tasks to queue
[2023-12-18T14:46:05.192+0000] {logging_mixin.py:154} INFO - [2023-12-18T14:46:05.192+0000] {dagbag.py:536} INFO - Filling up the DagBag from /home/airflow/.local/lib/python3.8/site-packages/airflow/example_dags/example_branch_operator.py
[2023-12-18T14:46:05.198+0000] {processor.py:839} INFO - DAG(s) dict_keys(['example_branch_operator']) retrieved from /home/airflow/.local/lib/python3.8/site-packages/airflow/example_dags/example_branch_operator.py
[2023-12-18T14:46:05.212+0000] {logging_mixin.py:154} INFO - [2023-12-18T14:46:05.211+0000] {dag.py:2941} INFO - Sync 1 DAGs
[2023-12-18T14:46:05.226+0000] {logging_mixin.py:154} INFO - [2023-12-18T14:46:05.226+0000] {dag.py:3722} INFO - Setting next_dagrun for example_branch_operator to 2023-12-17T00:00:00+00:00, run_after=2023-12-18T00:00:00+00:00
[2023-12-18T14:46:05.237+0000] {processor.py:179} INFO - Processing /home/airflow/.local/lib/python3.8/site-packages/airflow/example_dags/example_branch_operator.py took 0.049 seconds
[2023-12-18T14:46:36.027+0000] {processor.py:157} INFO - Started process (PID=332) to work on /home/airflow/.local/lib/python3.8/site-packages/airflow/example_dags/example_branch_operator.py
[2023-12-18T14:46:36.027+0000] {processor.py:829} INFO - Processing file /home/airflow/.local/lib/python3.8/site-packages/airflow/example_dags/example_branch_operator.py for tasks to queue
[2023-12-18T14:46:36.029+0000] {logging_mixin.py:154} INFO - [2023-12-18T14:46:36.028+0000] {dagbag.py:536} INFO - Filling up the DagBag from /home/airflow/.local/lib/python3.8/site-packages/airflow/example_dags/example_branch_operator.py
[2023-12-18T14:46:36.034+0000] {processor.py:839} INFO - DAG(s) dict_keys(['example_branch_operator']) retrieved from /home/airflow/.local/lib/python3.8/site-packages/airflow/example_dags/example_branch_operator.py
[2023-12-18T14:46:36.047+0000] {logging_mixin.py:154} INFO - [2023-12-18T14:46:36.047+0000] {dag.py:2941} INFO - Sync 1 DAGs
[2023-12-18T14:46:36.062+0000] {logging_mixin.py:154} INFO - [2023-12-18T14:46:36.061+0000] {dag.py:3722} INFO - Setting next_dagrun for example_branch_operator to 2023-12-17T00:00:00+00:00, run_after=2023-12-18T00:00:00+00:00
[2023-12-18T14:46:36.086+0000] {processor.py:179} INFO - Processing /home/airflow/.local/lib/python3.8/site-packages/airflow/example_dags/example_branch_operator.py took 0.061 seconds
[2023-12-18T14:47:06.885+0000] {processor.py:157} INFO - Started process (PID=401) to work on /home/airflow/.local/lib/python3.8/site-packages/airflow/example_dags/example_branch_operator.py
[2023-12-18T14:47:06.888+0000] {processor.py:829} INFO - Processing file /home/airflow/.local/lib/python3.8/site-packages/airflow/example_dags/example_branch_operator.py for tasks to queue
[2023-12-18T14:47:06.890+0000] {logging_mixin.py:154} INFO - [2023-12-18T14:47:06.890+0000] {dagbag.py:536} INFO - Filling up the DagBag from /home/airflow/.local/lib/python3.8/site-packages/airflow/example_dags/example_branch_operator.py
[2023-12-18T14:47:06.898+0000] {processor.py:839} INFO - DAG(s) dict_keys(['example_branch_operator']) retrieved from /home/airflow/.local/lib/python3.8/site-packages/airflow/example_dags/example_branch_operator.py
[2023-12-18T14:47:06.916+0000] {logging_mixin.py:154} INFO - [2023-12-18T14:47:06.915+0000] {dag.py:2941} INFO - Sync 1 DAGs
[2023-12-18T14:47:06.932+0000] {logging_mixin.py:154} INFO - [2023-12-18T14:47:06.931+0000] {dag.py:3722} INFO - Setting next_dagrun for example_branch_operator to 2023-12-17T00:00:00+00:00, run_after=2023-12-18T00:00:00+00:00
[2023-12-18T14:47:06.943+0000] {processor.py:179} INFO - Processing /home/airflow/.local/lib/python3.8/site-packages/airflow/example_dags/example_branch_operator.py took 0.061 seconds
[2023-12-18T14:47:36.986+0000] {processor.py:157} INFO - Started process (PID=470) to work on /home/airflow/.local/lib/python3.8/site-packages/airflow/example_dags/example_branch_operator.py
[2023-12-18T14:47:36.987+0000] {processor.py:829} INFO - Processing file /home/airflow/.local/lib/python3.8/site-packages/airflow/example_dags/example_branch_operator.py for tasks to queue
[2023-12-18T14:47:36.988+0000] {logging_mixin.py:154} INFO - [2023-12-18T14:47:36.988+0000] {dagbag.py:536} INFO - Filling up the DagBag from /home/airflow/.local/lib/python3.8/site-packages/airflow/example_dags/example_branch_operator.py
[2023-12-18T14:47:36.994+0000] {processor.py:839} INFO - DAG(s) dict_keys(['example_branch_operator']) retrieved from /home/airflow/.local/lib/python3.8/site-packages/airflow/example_dags/example_branch_operator.py
[2023-12-18T14:47:37.012+0000] {logging_mixin.py:154} INFO - [2023-12-18T14:47:37.012+0000] {dag.py:2941} INFO - Sync 1 DAGs
[2023-12-18T14:47:37.035+0000] {logging_mixin.py:154} INFO - [2023-12-18T14:47:37.035+0000] {dag.py:3722} INFO - Setting next_dagrun for example_branch_operator to 2023-12-17T00:00:00+00:00, run_after=2023-12-18T00:00:00+00:00
[2023-12-18T14:47:37.051+0000] {processor.py:179} INFO - Processing /home/airflow/.local/lib/python3.8/site-packages/airflow/example_dags/example_branch_operator.py took 0.067 seconds
[2023-12-18T14:48:07.264+0000] {processor.py:157} INFO - Started process (PID=540) to work on /home/airflow/.local/lib/python3.8/site-packages/airflow/example_dags/example_branch_operator.py
[2023-12-18T14:48:07.264+0000] {processor.py:829} INFO - Processing file /home/airflow/.local/lib/python3.8/site-packages/airflow/example_dags/example_branch_operator.py for tasks to queue
[2023-12-18T14:48:07.266+0000] {logging_mixin.py:154} INFO - [2023-12-18T14:48:07.266+0000] {dagbag.py:536} INFO - Filling up the DagBag from /home/airflow/.local/lib/python3.8/site-packages/airflow/example_dags/example_branch_operator.py
[2023-12-18T14:48:07.274+0000] {processor.py:839} INFO - DAG(s) dict_keys(['example_branch_operator']) retrieved from /home/airflow/.local/lib/python3.8/site-packages/airflow/example_dags/example_branch_operator.py
[2023-12-18T14:48:07.296+0000] {logging_mixin.py:154} INFO - [2023-12-18T14:48:07.295+0000] {dag.py:2941} INFO - Sync 1 DAGs
[2023-12-18T14:48:07.313+0000] {logging_mixin.py:154} INFO - [2023-12-18T14:48:07.313+0000] {dag.py:3722} INFO - Setting next_dagrun for example_branch_operator to 2023-12-17T00:00:00+00:00, run_after=2023-12-18T00:00:00+00:00
[2023-12-18T14:48:07.326+0000] {processor.py:179} INFO - Processing /home/airflow/.local/lib/python3.8/site-packages/airflow/example_dags/example_branch_operator.py took 0.066 seconds
[2023-12-18T14:48:38.208+0000] {processor.py:157} INFO - Started process (PID=610) to work on /home/airflow/.local/lib/python3.8/site-packages/airflow/example_dags/example_branch_operator.py
[2023-12-18T14:48:38.209+0000] {processor.py:829} INFO - Processing file /home/airflow/.local/lib/python3.8/site-packages/airflow/example_dags/example_branch_operator.py for tasks to queue
[2023-12-18T14:48:38.210+0000] {logging_mixin.py:154} INFO - [2023-12-18T14:48:38.210+0000] {dagbag.py:536} INFO - Filling up the DagBag from /home/airflow/.local/lib/python3.8/site-packages/airflow/example_dags/example_branch_operator.py
[2023-12-18T14:48:38.215+0000] {processor.py:839} INFO - DAG(s) dict_keys(['example_branch_operator']) retrieved from /home/airflow/.local/lib/python3.8/site-packages/airflow/example_dags/example_branch_operator.py
[2023-12-18T14:48:38.230+0000] {logging_mixin.py:154} INFO - [2023-12-18T14:48:38.230+0000] {dag.py:2941} INFO - Sync 1 DAGs
[2023-12-18T14:48:38.250+0000] {logging_mixin.py:154} INFO - [2023-12-18T14:48:38.249+0000] {dag.py:3722} INFO - Setting next_dagrun for example_branch_operator to 2023-12-17T00:00:00+00:00, run_after=2023-12-18T00:00:00+00:00
[2023-12-18T14:48:38.287+0000] {processor.py:179} INFO - Processing /home/airflow/.local/lib/python3.8/site-packages/airflow/example_dags/example_branch_operator.py took 0.081 seconds
[2023-12-18T14:52:07.208+0000] {processor.py:157} INFO - Started process (PID=57) to work on /home/airflow/.local/lib/python3.8/site-packages/airflow/example_dags/example_branch_operator.py
[2023-12-18T14:52:07.209+0000] {processor.py:829} INFO - Processing file /home/airflow/.local/lib/python3.8/site-packages/airflow/example_dags/example_branch_operator.py for tasks to queue
[2023-12-18T14:52:07.212+0000] {logging_mixin.py:154} INFO - [2023-12-18T14:52:07.211+0000] {dagbag.py:536} INFO - Filling up the DagBag from /home/airflow/.local/lib/python3.8/site-packages/airflow/example_dags/example_branch_operator.py
[2023-12-18T14:52:07.225+0000] {processor.py:839} INFO - DAG(s) dict_keys(['example_branch_operator']) retrieved from /home/airflow/.local/lib/python3.8/site-packages/airflow/example_dags/example_branch_operator.py
[2023-12-18T14:52:07.265+0000] {logging_mixin.py:154} INFO - [2023-12-18T14:52:07.265+0000] {dag.py:2941} INFO - Sync 1 DAGs
[2023-12-18T14:52:07.300+0000] {logging_mixin.py:154} INFO - [2023-12-18T14:52:07.300+0000] {dag.py:3722} INFO - Setting next_dagrun for example_branch_operator to 2023-12-17T00:00:00+00:00, run_after=2023-12-18T00:00:00+00:00
[2023-12-18T14:52:07.351+0000] {processor.py:179} INFO - Processing /home/airflow/.local/lib/python3.8/site-packages/airflow/example_dags/example_branch_operator.py took 0.146 seconds
[2023-12-18T14:52:37.922+0000] {processor.py:157} INFO - Started process (PID=126) to work on /home/airflow/.local/lib/python3.8/site-packages/airflow/example_dags/example_branch_operator.py
[2023-12-18T14:52:37.923+0000] {processor.py:829} INFO - Processing file /home/airflow/.local/lib/python3.8/site-packages/airflow/example_dags/example_branch_operator.py for tasks to queue
[2023-12-18T14:52:37.928+0000] {logging_mixin.py:154} INFO - [2023-12-18T14:52:37.928+0000] {dagbag.py:536} INFO - Filling up the DagBag from /home/airflow/.local/lib/python3.8/site-packages/airflow/example_dags/example_branch_operator.py
[2023-12-18T14:52:37.941+0000] {processor.py:839} INFO - DAG(s) dict_keys(['example_branch_operator']) retrieved from /home/airflow/.local/lib/python3.8/site-packages/airflow/example_dags/example_branch_operator.py
[2023-12-18T14:52:37.967+0000] {logging_mixin.py:154} INFO - [2023-12-18T14:52:37.966+0000] {dag.py:2941} INFO - Sync 1 DAGs
[2023-12-18T14:52:38.014+0000] {logging_mixin.py:154} INFO - [2023-12-18T14:52:38.013+0000] {dag.py:3722} INFO - Setting next_dagrun for example_branch_operator to 2023-12-17T00:00:00+00:00, run_after=2023-12-18T00:00:00+00:00
[2023-12-18T14:52:38.042+0000] {processor.py:179} INFO - Processing /home/airflow/.local/lib/python3.8/site-packages/airflow/example_dags/example_branch_operator.py took 0.125 seconds
[2023-12-18T14:53:08.368+0000] {processor.py:157} INFO - Started process (PID=196) to work on /home/airflow/.local/lib/python3.8/site-packages/airflow/example_dags/example_branch_operator.py
[2023-12-18T14:53:08.381+0000] {processor.py:829} INFO - Processing file /home/airflow/.local/lib/python3.8/site-packages/airflow/example_dags/example_branch_operator.py for tasks to queue
[2023-12-18T14:53:08.383+0000] {logging_mixin.py:154} INFO - [2023-12-18T14:53:08.383+0000] {dagbag.py:536} INFO - Filling up the DagBag from /home/airflow/.local/lib/python3.8/site-packages/airflow/example_dags/example_branch_operator.py
[2023-12-18T14:53:08.390+0000] {processor.py:839} INFO - DAG(s) dict_keys(['example_branch_operator']) retrieved from /home/airflow/.local/lib/python3.8/site-packages/airflow/example_dags/example_branch_operator.py
[2023-12-18T14:53:08.405+0000] {logging_mixin.py:154} INFO - [2023-12-18T14:53:08.405+0000] {dag.py:2941} INFO - Sync 1 DAGs
[2023-12-18T14:53:08.420+0000] {logging_mixin.py:154} INFO - [2023-12-18T14:53:08.420+0000] {dag.py:3722} INFO - Setting next_dagrun for example_branch_operator to 2023-12-17T00:00:00+00:00, run_after=2023-12-18T00:00:00+00:00
[2023-12-18T14:53:08.431+0000] {processor.py:179} INFO - Processing /home/airflow/.local/lib/python3.8/site-packages/airflow/example_dags/example_branch_operator.py took 0.065 seconds
[2023-12-18T14:53:39.239+0000] {processor.py:157} INFO - Started process (PID=265) to work on /home/airflow/.local/lib/python3.8/site-packages/airflow/example_dags/example_branch_operator.py
[2023-12-18T14:53:39.240+0000] {processor.py:829} INFO - Processing file /home/airflow/.local/lib/python3.8/site-packages/airflow/example_dags/example_branch_operator.py for tasks to queue
[2023-12-18T14:53:39.242+0000] {logging_mixin.py:154} INFO - [2023-12-18T14:53:39.241+0000] {dagbag.py:536} INFO - Filling up the DagBag from /home/airflow/.local/lib/python3.8/site-packages/airflow/example_dags/example_branch_operator.py
[2023-12-18T14:53:39.247+0000] {processor.py:839} INFO - DAG(s) dict_keys(['example_branch_operator']) retrieved from /home/airflow/.local/lib/python3.8/site-packages/airflow/example_dags/example_branch_operator.py
[2023-12-18T14:53:39.261+0000] {logging_mixin.py:154} INFO - [2023-12-18T14:53:39.260+0000] {dag.py:2941} INFO - Sync 1 DAGs
[2023-12-18T14:53:39.288+0000] {logging_mixin.py:154} INFO - [2023-12-18T14:53:39.288+0000] {dag.py:3722} INFO - Setting next_dagrun for example_branch_operator to 2023-12-17T00:00:00+00:00, run_after=2023-12-18T00:00:00+00:00
[2023-12-18T14:53:39.300+0000] {processor.py:179} INFO - Processing /home/airflow/.local/lib/python3.8/site-packages/airflow/example_dags/example_branch_operator.py took 0.062 seconds
