[2023-12-18T14:25:41.834+0000] {processor.py:157} INFO - Started process (PID=80) to work on /home/airflow/.local/lib/python3.8/site-packages/airflow/example_dags/example_short_circuit_decorator.py
[2023-12-18T14:25:41.835+0000] {processor.py:829} INFO - Processing file /home/airflow/.local/lib/python3.8/site-packages/airflow/example_dags/example_short_circuit_decorator.py for tasks to queue
[2023-12-18T14:25:41.839+0000] {logging_mixin.py:154} INFO - [2023-12-18T14:25:41.838+0000] {dagbag.py:536} INFO - Filling up the DagBag from /home/airflow/.local/lib/python3.8/site-packages/airflow/example_dags/example_short_circuit_decorator.py
[2023-12-18T14:25:41.849+0000] {processor.py:839} INFO - DAG(s) dict_keys(['example_short_circuit_decorator']) retrieved from /home/airflow/.local/lib/python3.8/site-packages/airflow/example_dags/example_short_circuit_decorator.py
[2023-12-18T14:25:41.943+0000] {logging_mixin.py:154} INFO - [2023-12-18T14:25:41.943+0000] {dag.py:2941} INFO - Sync 1 DAGs
[2023-12-18T14:25:42.005+0000] {logging_mixin.py:154} INFO - [2023-12-18T14:25:42.005+0000] {dag.py:3722} INFO - Setting next_dagrun for example_short_circuit_decorator to 2023-12-17T14:25:42.004921+00:00, run_after=2023-12-18T14:25:42.004921+00:00
[2023-12-18T14:25:42.064+0000] {processor.py:179} INFO - Processing /home/airflow/.local/lib/python3.8/site-packages/airflow/example_dags/example_short_circuit_decorator.py took 0.233 seconds
[2023-12-18T14:26:12.254+0000] {processor.py:157} INFO - Started process (PID=149) to work on /home/airflow/.local/lib/python3.8/site-packages/airflow/example_dags/example_short_circuit_decorator.py
[2023-12-18T14:26:12.254+0000] {processor.py:829} INFO - Processing file /home/airflow/.local/lib/python3.8/site-packages/airflow/example_dags/example_short_circuit_decorator.py for tasks to queue
[2023-12-18T14:26:12.256+0000] {logging_mixin.py:154} INFO - [2023-12-18T14:26:12.256+0000] {dagbag.py:536} INFO - Filling up the DagBag from /home/airflow/.local/lib/python3.8/site-packages/airflow/example_dags/example_short_circuit_decorator.py
[2023-12-18T14:26:12.267+0000] {processor.py:839} INFO - DAG(s) dict_keys(['example_short_circuit_decorator']) retrieved from /home/airflow/.local/lib/python3.8/site-packages/airflow/example_dags/example_short_circuit_decorator.py
[2023-12-18T14:26:12.292+0000] {logging_mixin.py:154} INFO - [2023-12-18T14:26:12.292+0000] {dag.py:2941} INFO - Sync 1 DAGs
[2023-12-18T14:26:12.305+0000] {logging_mixin.py:154} INFO - [2023-12-18T14:26:12.305+0000] {dag.py:3722} INFO - Setting next_dagrun for example_short_circuit_decorator to 2023-12-17T14:26:12.305177+00:00, run_after=2023-12-18T14:26:12.305177+00:00
[2023-12-18T14:26:12.318+0000] {processor.py:179} INFO - Processing /home/airflow/.local/lib/python3.8/site-packages/airflow/example_dags/example_short_circuit_decorator.py took 0.066 seconds
[2023-12-18T14:26:43.208+0000] {processor.py:157} INFO - Started process (PID=226) to work on /home/airflow/.local/lib/python3.8/site-packages/airflow/example_dags/example_short_circuit_decorator.py
[2023-12-18T14:26:43.208+0000] {processor.py:829} INFO - Processing file /home/airflow/.local/lib/python3.8/site-packages/airflow/example_dags/example_short_circuit_decorator.py for tasks to queue
[2023-12-18T14:26:43.209+0000] {logging_mixin.py:154} INFO - [2023-12-18T14:26:43.209+0000] {dagbag.py:536} INFO - Filling up the DagBag from /home/airflow/.local/lib/python3.8/site-packages/airflow/example_dags/example_short_circuit_decorator.py
[2023-12-18T14:26:43.215+0000] {processor.py:839} INFO - DAG(s) dict_keys(['example_short_circuit_decorator']) retrieved from /home/airflow/.local/lib/python3.8/site-packages/airflow/example_dags/example_short_circuit_decorator.py
[2023-12-18T14:26:43.237+0000] {logging_mixin.py:154} INFO - [2023-12-18T14:26:43.236+0000] {dag.py:2941} INFO - Sync 1 DAGs
[2023-12-18T14:26:43.258+0000] {logging_mixin.py:154} INFO - [2023-12-18T14:26:43.257+0000] {dag.py:3722} INFO - Setting next_dagrun for example_short_circuit_decorator to 2023-12-17T14:26:43.257388+00:00, run_after=2023-12-18T14:26:43.257388+00:00
[2023-12-18T14:26:43.272+0000] {processor.py:179} INFO - Processing /home/airflow/.local/lib/python3.8/site-packages/airflow/example_dags/example_short_circuit_decorator.py took 0.066 seconds
[2023-12-18T14:27:14.055+0000] {processor.py:157} INFO - Started process (PID=295) to work on /home/airflow/.local/lib/python3.8/site-packages/airflow/example_dags/example_short_circuit_decorator.py
[2023-12-18T14:27:14.056+0000] {processor.py:829} INFO - Processing file /home/airflow/.local/lib/python3.8/site-packages/airflow/example_dags/example_short_circuit_decorator.py for tasks to queue
[2023-12-18T14:27:14.057+0000] {logging_mixin.py:154} INFO - [2023-12-18T14:27:14.057+0000] {dagbag.py:536} INFO - Filling up the DagBag from /home/airflow/.local/lib/python3.8/site-packages/airflow/example_dags/example_short_circuit_decorator.py
[2023-12-18T14:27:14.063+0000] {processor.py:839} INFO - DAG(s) dict_keys(['example_short_circuit_decorator']) retrieved from /home/airflow/.local/lib/python3.8/site-packages/airflow/example_dags/example_short_circuit_decorator.py
[2023-12-18T14:27:14.077+0000] {logging_mixin.py:154} INFO - [2023-12-18T14:27:14.077+0000] {dag.py:2941} INFO - Sync 1 DAGs
[2023-12-18T14:27:14.090+0000] {logging_mixin.py:154} INFO - [2023-12-18T14:27:14.090+0000] {dag.py:3722} INFO - Setting next_dagrun for example_short_circuit_decorator to 2023-12-17T14:27:14.090137+00:00, run_after=2023-12-18T14:27:14.090137+00:00
[2023-12-18T14:27:14.101+0000] {processor.py:179} INFO - Processing /home/airflow/.local/lib/python3.8/site-packages/airflow/example_dags/example_short_circuit_decorator.py took 0.048 seconds
[2023-12-18T14:27:45.007+0000] {processor.py:157} INFO - Started process (PID=363) to work on /home/airflow/.local/lib/python3.8/site-packages/airflow/example_dags/example_short_circuit_decorator.py
[2023-12-18T14:27:45.010+0000] {processor.py:829} INFO - Processing file /home/airflow/.local/lib/python3.8/site-packages/airflow/example_dags/example_short_circuit_decorator.py for tasks to queue
[2023-12-18T14:27:45.012+0000] {logging_mixin.py:154} INFO - [2023-12-18T14:27:45.012+0000] {dagbag.py:536} INFO - Filling up the DagBag from /home/airflow/.local/lib/python3.8/site-packages/airflow/example_dags/example_short_circuit_decorator.py
[2023-12-18T14:27:45.020+0000] {processor.py:839} INFO - DAG(s) dict_keys(['example_short_circuit_decorator']) retrieved from /home/airflow/.local/lib/python3.8/site-packages/airflow/example_dags/example_short_circuit_decorator.py
[2023-12-18T14:27:45.039+0000] {logging_mixin.py:154} INFO - [2023-12-18T14:27:45.039+0000] {dag.py:2941} INFO - Sync 1 DAGs
[2023-12-18T14:27:45.059+0000] {logging_mixin.py:154} INFO - [2023-12-18T14:27:45.059+0000] {dag.py:3722} INFO - Setting next_dagrun for example_short_circuit_decorator to 2023-12-17T14:27:45.059187+00:00, run_after=2023-12-18T14:27:45.059187+00:00
[2023-12-18T14:27:45.085+0000] {processor.py:179} INFO - Processing /home/airflow/.local/lib/python3.8/site-packages/airflow/example_dags/example_short_circuit_decorator.py took 0.080 seconds
[2023-12-18T14:28:15.122+0000] {processor.py:157} INFO - Started process (PID=431) to work on /home/airflow/.local/lib/python3.8/site-packages/airflow/example_dags/example_short_circuit_decorator.py
[2023-12-18T14:28:15.122+0000] {processor.py:829} INFO - Processing file /home/airflow/.local/lib/python3.8/site-packages/airflow/example_dags/example_short_circuit_decorator.py for tasks to queue
[2023-12-18T14:28:15.124+0000] {logging_mixin.py:154} INFO - [2023-12-18T14:28:15.124+0000] {dagbag.py:536} INFO - Filling up the DagBag from /home/airflow/.local/lib/python3.8/site-packages/airflow/example_dags/example_short_circuit_decorator.py
[2023-12-18T14:28:15.129+0000] {processor.py:839} INFO - DAG(s) dict_keys(['example_short_circuit_decorator']) retrieved from /home/airflow/.local/lib/python3.8/site-packages/airflow/example_dags/example_short_circuit_decorator.py
[2023-12-18T14:28:15.142+0000] {logging_mixin.py:154} INFO - [2023-12-18T14:28:15.142+0000] {dag.py:2941} INFO - Sync 1 DAGs
[2023-12-18T14:28:15.156+0000] {logging_mixin.py:154} INFO - [2023-12-18T14:28:15.156+0000] {dag.py:3722} INFO - Setting next_dagrun for example_short_circuit_decorator to 2023-12-17T14:28:15.156328+00:00, run_after=2023-12-18T14:28:15.156328+00:00
[2023-12-18T14:28:15.167+0000] {processor.py:179} INFO - Processing /home/airflow/.local/lib/python3.8/site-packages/airflow/example_dags/example_short_circuit_decorator.py took 0.047 seconds
[2023-12-18T14:28:45.982+0000] {processor.py:157} INFO - Started process (PID=500) to work on /home/airflow/.local/lib/python3.8/site-packages/airflow/example_dags/example_short_circuit_decorator.py
[2023-12-18T14:28:45.984+0000] {processor.py:829} INFO - Processing file /home/airflow/.local/lib/python3.8/site-packages/airflow/example_dags/example_short_circuit_decorator.py for tasks to queue
[2023-12-18T14:28:45.987+0000] {logging_mixin.py:154} INFO - [2023-12-18T14:28:45.987+0000] {dagbag.py:536} INFO - Filling up the DagBag from /home/airflow/.local/lib/python3.8/site-packages/airflow/example_dags/example_short_circuit_decorator.py
[2023-12-18T14:28:45.996+0000] {processor.py:839} INFO - DAG(s) dict_keys(['example_short_circuit_decorator']) retrieved from /home/airflow/.local/lib/python3.8/site-packages/airflow/example_dags/example_short_circuit_decorator.py
[2023-12-18T14:28:46.011+0000] {logging_mixin.py:154} INFO - [2023-12-18T14:28:46.011+0000] {dag.py:2941} INFO - Sync 1 DAGs
[2023-12-18T14:28:46.024+0000] {logging_mixin.py:154} INFO - [2023-12-18T14:28:46.024+0000] {dag.py:3722} INFO - Setting next_dagrun for example_short_circuit_decorator to 2023-12-17T14:28:46.023963+00:00, run_after=2023-12-18T14:28:46.023963+00:00
[2023-12-18T14:28:46.037+0000] {processor.py:179} INFO - Processing /home/airflow/.local/lib/python3.8/site-packages/airflow/example_dags/example_short_circuit_decorator.py took 0.059 seconds
[2023-12-18T14:29:16.951+0000] {processor.py:157} INFO - Started process (PID=569) to work on /home/airflow/.local/lib/python3.8/site-packages/airflow/example_dags/example_short_circuit_decorator.py
[2023-12-18T14:29:16.959+0000] {processor.py:829} INFO - Processing file /home/airflow/.local/lib/python3.8/site-packages/airflow/example_dags/example_short_circuit_decorator.py for tasks to queue
[2023-12-18T14:29:16.962+0000] {logging_mixin.py:154} INFO - [2023-12-18T14:29:16.962+0000] {dagbag.py:536} INFO - Filling up the DagBag from /home/airflow/.local/lib/python3.8/site-packages/airflow/example_dags/example_short_circuit_decorator.py
[2023-12-18T14:29:16.970+0000] {processor.py:839} INFO - DAG(s) dict_keys(['example_short_circuit_decorator']) retrieved from /home/airflow/.local/lib/python3.8/site-packages/airflow/example_dags/example_short_circuit_decorator.py
[2023-12-18T14:29:16.984+0000] {logging_mixin.py:154} INFO - [2023-12-18T14:29:16.984+0000] {dag.py:2941} INFO - Sync 1 DAGs
[2023-12-18T14:29:16.995+0000] {logging_mixin.py:154} INFO - [2023-12-18T14:29:16.995+0000] {dag.py:3722} INFO - Setting next_dagrun for example_short_circuit_decorator to 2023-12-17T14:29:16.995622+00:00, run_after=2023-12-18T14:29:16.995622+00:00
[2023-12-18T14:29:17.004+0000] {processor.py:179} INFO - Processing /home/airflow/.local/lib/python3.8/site-packages/airflow/example_dags/example_short_circuit_decorator.py took 0.057 seconds
[2023-12-18T14:29:47.912+0000] {processor.py:157} INFO - Started process (PID=638) to work on /home/airflow/.local/lib/python3.8/site-packages/airflow/example_dags/example_short_circuit_decorator.py
[2023-12-18T14:29:47.914+0000] {processor.py:829} INFO - Processing file /home/airflow/.local/lib/python3.8/site-packages/airflow/example_dags/example_short_circuit_decorator.py for tasks to queue
[2023-12-18T14:29:47.916+0000] {logging_mixin.py:154} INFO - [2023-12-18T14:29:47.916+0000] {dagbag.py:536} INFO - Filling up the DagBag from /home/airflow/.local/lib/python3.8/site-packages/airflow/example_dags/example_short_circuit_decorator.py
[2023-12-18T14:29:47.924+0000] {processor.py:839} INFO - DAG(s) dict_keys(['example_short_circuit_decorator']) retrieved from /home/airflow/.local/lib/python3.8/site-packages/airflow/example_dags/example_short_circuit_decorator.py
[2023-12-18T14:29:47.943+0000] {logging_mixin.py:154} INFO - [2023-12-18T14:29:47.943+0000] {dag.py:2941} INFO - Sync 1 DAGs
[2023-12-18T14:29:47.963+0000] {logging_mixin.py:154} INFO - [2023-12-18T14:29:47.963+0000] {dag.py:3722} INFO - Setting next_dagrun for example_short_circuit_decorator to 2023-12-17T14:29:47.963309+00:00, run_after=2023-12-18T14:29:47.963309+00:00
[2023-12-18T14:29:47.978+0000] {processor.py:179} INFO - Processing /home/airflow/.local/lib/python3.8/site-packages/airflow/example_dags/example_short_circuit_decorator.py took 0.069 seconds
[2023-12-18T14:30:18.138+0000] {processor.py:157} INFO - Started process (PID=708) to work on /home/airflow/.local/lib/python3.8/site-packages/airflow/example_dags/example_short_circuit_decorator.py
[2023-12-18T14:30:18.139+0000] {processor.py:829} INFO - Processing file /home/airflow/.local/lib/python3.8/site-packages/airflow/example_dags/example_short_circuit_decorator.py for tasks to queue
[2023-12-18T14:30:18.142+0000] {logging_mixin.py:154} INFO - [2023-12-18T14:30:18.142+0000] {dagbag.py:536} INFO - Filling up the DagBag from /home/airflow/.local/lib/python3.8/site-packages/airflow/example_dags/example_short_circuit_decorator.py
[2023-12-18T14:30:18.150+0000] {processor.py:839} INFO - DAG(s) dict_keys(['example_short_circuit_decorator']) retrieved from /home/airflow/.local/lib/python3.8/site-packages/airflow/example_dags/example_short_circuit_decorator.py
[2023-12-18T14:30:18.166+0000] {logging_mixin.py:154} INFO - [2023-12-18T14:30:18.166+0000] {dag.py:2941} INFO - Sync 1 DAGs
[2023-12-18T14:30:18.178+0000] {logging_mixin.py:154} INFO - [2023-12-18T14:30:18.178+0000] {dag.py:3722} INFO - Setting next_dagrun for example_short_circuit_decorator to 2023-12-17T14:30:18.178013+00:00, run_after=2023-12-18T14:30:18.178013+00:00
[2023-12-18T14:30:18.188+0000] {processor.py:179} INFO - Processing /home/airflow/.local/lib/python3.8/site-packages/airflow/example_dags/example_short_circuit_decorator.py took 0.055 seconds
[2023-12-18T14:30:48.265+0000] {processor.py:157} INFO - Started process (PID=778) to work on /home/airflow/.local/lib/python3.8/site-packages/airflow/example_dags/example_short_circuit_decorator.py
[2023-12-18T14:30:48.267+0000] {processor.py:829} INFO - Processing file /home/airflow/.local/lib/python3.8/site-packages/airflow/example_dags/example_short_circuit_decorator.py for tasks to queue
[2023-12-18T14:30:48.269+0000] {logging_mixin.py:154} INFO - [2023-12-18T14:30:48.269+0000] {dagbag.py:536} INFO - Filling up the DagBag from /home/airflow/.local/lib/python3.8/site-packages/airflow/example_dags/example_short_circuit_decorator.py
[2023-12-18T14:30:48.278+0000] {processor.py:839} INFO - DAG(s) dict_keys(['example_short_circuit_decorator']) retrieved from /home/airflow/.local/lib/python3.8/site-packages/airflow/example_dags/example_short_circuit_decorator.py
[2023-12-18T14:30:48.291+0000] {logging_mixin.py:154} INFO - [2023-12-18T14:30:48.291+0000] {dag.py:2941} INFO - Sync 1 DAGs
[2023-12-18T14:30:48.302+0000] {logging_mixin.py:154} INFO - [2023-12-18T14:30:48.302+0000] {dag.py:3722} INFO - Setting next_dagrun for example_short_circuit_decorator to 2023-12-17T14:30:48.302444+00:00, run_after=2023-12-18T14:30:48.302444+00:00
[2023-12-18T14:30:48.312+0000] {processor.py:179} INFO - Processing /home/airflow/.local/lib/python3.8/site-packages/airflow/example_dags/example_short_circuit_decorator.py took 0.052 seconds
[2023-12-18T14:31:18.365+0000] {processor.py:157} INFO - Started process (PID=847) to work on /home/airflow/.local/lib/python3.8/site-packages/airflow/example_dags/example_short_circuit_decorator.py
[2023-12-18T14:31:18.367+0000] {processor.py:829} INFO - Processing file /home/airflow/.local/lib/python3.8/site-packages/airflow/example_dags/example_short_circuit_decorator.py for tasks to queue
[2023-12-18T14:31:18.369+0000] {logging_mixin.py:154} INFO - [2023-12-18T14:31:18.369+0000] {dagbag.py:536} INFO - Filling up the DagBag from /home/airflow/.local/lib/python3.8/site-packages/airflow/example_dags/example_short_circuit_decorator.py
[2023-12-18T14:31:18.378+0000] {processor.py:839} INFO - DAG(s) dict_keys(['example_short_circuit_decorator']) retrieved from /home/airflow/.local/lib/python3.8/site-packages/airflow/example_dags/example_short_circuit_decorator.py
[2023-12-18T14:31:18.395+0000] {logging_mixin.py:154} INFO - [2023-12-18T14:31:18.395+0000] {dag.py:2941} INFO - Sync 1 DAGs
[2023-12-18T14:31:18.407+0000] {logging_mixin.py:154} INFO - [2023-12-18T14:31:18.407+0000] {dag.py:3722} INFO - Setting next_dagrun for example_short_circuit_decorator to 2023-12-17T14:31:18.406934+00:00, run_after=2023-12-18T14:31:18.406934+00:00
[2023-12-18T14:31:18.416+0000] {processor.py:179} INFO - Processing /home/airflow/.local/lib/python3.8/site-packages/airflow/example_dags/example_short_circuit_decorator.py took 0.055 seconds
[2023-12-18T14:31:49.276+0000] {processor.py:157} INFO - Started process (PID=916) to work on /home/airflow/.local/lib/python3.8/site-packages/airflow/example_dags/example_short_circuit_decorator.py
[2023-12-18T14:31:49.284+0000] {processor.py:829} INFO - Processing file /home/airflow/.local/lib/python3.8/site-packages/airflow/example_dags/example_short_circuit_decorator.py for tasks to queue
[2023-12-18T14:31:49.287+0000] {logging_mixin.py:154} INFO - [2023-12-18T14:31:49.286+0000] {dagbag.py:536} INFO - Filling up the DagBag from /home/airflow/.local/lib/python3.8/site-packages/airflow/example_dags/example_short_circuit_decorator.py
[2023-12-18T14:31:49.299+0000] {processor.py:839} INFO - DAG(s) dict_keys(['example_short_circuit_decorator']) retrieved from /home/airflow/.local/lib/python3.8/site-packages/airflow/example_dags/example_short_circuit_decorator.py
[2023-12-18T14:31:49.315+0000] {logging_mixin.py:154} INFO - [2023-12-18T14:31:49.315+0000] {dag.py:2941} INFO - Sync 1 DAGs
[2023-12-18T14:31:49.327+0000] {logging_mixin.py:154} INFO - [2023-12-18T14:31:49.326+0000] {dag.py:3722} INFO - Setting next_dagrun for example_short_circuit_decorator to 2023-12-17T14:31:49.326756+00:00, run_after=2023-12-18T14:31:49.326756+00:00
[2023-12-18T14:31:49.336+0000] {processor.py:179} INFO - Processing /home/airflow/.local/lib/python3.8/site-packages/airflow/example_dags/example_short_circuit_decorator.py took 0.062 seconds
[2023-12-18T14:32:19.396+0000] {processor.py:157} INFO - Started process (PID=984) to work on /home/airflow/.local/lib/python3.8/site-packages/airflow/example_dags/example_short_circuit_decorator.py
[2023-12-18T14:32:19.397+0000] {processor.py:829} INFO - Processing file /home/airflow/.local/lib/python3.8/site-packages/airflow/example_dags/example_short_circuit_decorator.py for tasks to queue
[2023-12-18T14:32:19.398+0000] {logging_mixin.py:154} INFO - [2023-12-18T14:32:19.397+0000] {dagbag.py:536} INFO - Filling up the DagBag from /home/airflow/.local/lib/python3.8/site-packages/airflow/example_dags/example_short_circuit_decorator.py
[2023-12-18T14:32:19.403+0000] {processor.py:839} INFO - DAG(s) dict_keys(['example_short_circuit_decorator']) retrieved from /home/airflow/.local/lib/python3.8/site-packages/airflow/example_dags/example_short_circuit_decorator.py
[2023-12-18T14:32:19.416+0000] {logging_mixin.py:154} INFO - [2023-12-18T14:32:19.416+0000] {dag.py:2941} INFO - Sync 1 DAGs
[2023-12-18T14:32:19.428+0000] {logging_mixin.py:154} INFO - [2023-12-18T14:32:19.428+0000] {dag.py:3722} INFO - Setting next_dagrun for example_short_circuit_decorator to 2023-12-17T14:32:19.428353+00:00, run_after=2023-12-18T14:32:19.428353+00:00
[2023-12-18T14:32:19.438+0000] {processor.py:179} INFO - Processing /home/airflow/.local/lib/python3.8/site-packages/airflow/example_dags/example_short_circuit_decorator.py took 0.043 seconds
[2023-12-18T14:32:50.252+0000] {processor.py:157} INFO - Started process (PID=1052) to work on /home/airflow/.local/lib/python3.8/site-packages/airflow/example_dags/example_short_circuit_decorator.py
[2023-12-18T14:32:50.254+0000] {processor.py:829} INFO - Processing file /home/airflow/.local/lib/python3.8/site-packages/airflow/example_dags/example_short_circuit_decorator.py for tasks to queue
[2023-12-18T14:32:50.255+0000] {logging_mixin.py:154} INFO - [2023-12-18T14:32:50.255+0000] {dagbag.py:536} INFO - Filling up the DagBag from /home/airflow/.local/lib/python3.8/site-packages/airflow/example_dags/example_short_circuit_decorator.py
[2023-12-18T14:32:50.260+0000] {processor.py:839} INFO - DAG(s) dict_keys(['example_short_circuit_decorator']) retrieved from /home/airflow/.local/lib/python3.8/site-packages/airflow/example_dags/example_short_circuit_decorator.py
[2023-12-18T14:32:50.273+0000] {logging_mixin.py:154} INFO - [2023-12-18T14:32:50.273+0000] {dag.py:2941} INFO - Sync 1 DAGs
[2023-12-18T14:32:50.285+0000] {logging_mixin.py:154} INFO - [2023-12-18T14:32:50.285+0000] {dag.py:3722} INFO - Setting next_dagrun for example_short_circuit_decorator to 2023-12-17T14:32:50.285549+00:00, run_after=2023-12-18T14:32:50.285549+00:00
[2023-12-18T14:32:50.294+0000] {processor.py:179} INFO - Processing /home/airflow/.local/lib/python3.8/site-packages/airflow/example_dags/example_short_circuit_decorator.py took 0.044 seconds
[2023-12-18T14:33:20.968+0000] {processor.py:157} INFO - Started process (PID=1121) to work on /home/airflow/.local/lib/python3.8/site-packages/airflow/example_dags/example_short_circuit_decorator.py
[2023-12-18T14:33:20.970+0000] {processor.py:829} INFO - Processing file /home/airflow/.local/lib/python3.8/site-packages/airflow/example_dags/example_short_circuit_decorator.py for tasks to queue
[2023-12-18T14:33:20.972+0000] {logging_mixin.py:154} INFO - [2023-12-18T14:33:20.971+0000] {dagbag.py:536} INFO - Filling up the DagBag from /home/airflow/.local/lib/python3.8/site-packages/airflow/example_dags/example_short_circuit_decorator.py
[2023-12-18T14:33:20.979+0000] {processor.py:839} INFO - DAG(s) dict_keys(['example_short_circuit_decorator']) retrieved from /home/airflow/.local/lib/python3.8/site-packages/airflow/example_dags/example_short_circuit_decorator.py
[2023-12-18T14:33:20.996+0000] {logging_mixin.py:154} INFO - [2023-12-18T14:33:20.996+0000] {dag.py:2941} INFO - Sync 1 DAGs
[2023-12-18T14:33:21.011+0000] {logging_mixin.py:154} INFO - [2023-12-18T14:33:21.011+0000] {dag.py:3722} INFO - Setting next_dagrun for example_short_circuit_decorator to 2023-12-17T14:33:21.011708+00:00, run_after=2023-12-18T14:33:21.011708+00:00
[2023-12-18T14:33:21.022+0000] {processor.py:179} INFO - Processing /home/airflow/.local/lib/python3.8/site-packages/airflow/example_dags/example_short_circuit_decorator.py took 0.057 seconds
[2023-12-18T14:33:51.825+0000] {processor.py:157} INFO - Started process (PID=1190) to work on /home/airflow/.local/lib/python3.8/site-packages/airflow/example_dags/example_short_circuit_decorator.py
[2023-12-18T14:33:51.833+0000] {processor.py:829} INFO - Processing file /home/airflow/.local/lib/python3.8/site-packages/airflow/example_dags/example_short_circuit_decorator.py for tasks to queue
[2023-12-18T14:33:51.836+0000] {logging_mixin.py:154} INFO - [2023-12-18T14:33:51.836+0000] {dagbag.py:536} INFO - Filling up the DagBag from /home/airflow/.local/lib/python3.8/site-packages/airflow/example_dags/example_short_circuit_decorator.py
[2023-12-18T14:33:51.847+0000] {processor.py:839} INFO - DAG(s) dict_keys(['example_short_circuit_decorator']) retrieved from /home/airflow/.local/lib/python3.8/site-packages/airflow/example_dags/example_short_circuit_decorator.py
[2023-12-18T14:33:51.864+0000] {logging_mixin.py:154} INFO - [2023-12-18T14:33:51.864+0000] {dag.py:2941} INFO - Sync 1 DAGs
[2023-12-18T14:33:51.877+0000] {logging_mixin.py:154} INFO - [2023-12-18T14:33:51.877+0000] {dag.py:3722} INFO - Setting next_dagrun for example_short_circuit_decorator to 2023-12-17T14:33:51.877062+00:00, run_after=2023-12-18T14:33:51.877062+00:00
[2023-12-18T14:33:51.886+0000] {processor.py:179} INFO - Processing /home/airflow/.local/lib/python3.8/site-packages/airflow/example_dags/example_short_circuit_decorator.py took 0.065 seconds
[2023-12-18T14:34:22.028+0000] {processor.py:157} INFO - Started process (PID=1259) to work on /home/airflow/.local/lib/python3.8/site-packages/airflow/example_dags/example_short_circuit_decorator.py
[2023-12-18T14:34:22.030+0000] {processor.py:829} INFO - Processing file /home/airflow/.local/lib/python3.8/site-packages/airflow/example_dags/example_short_circuit_decorator.py for tasks to queue
[2023-12-18T14:34:22.033+0000] {logging_mixin.py:154} INFO - [2023-12-18T14:34:22.033+0000] {dagbag.py:536} INFO - Filling up the DagBag from /home/airflow/.local/lib/python3.8/site-packages/airflow/example_dags/example_short_circuit_decorator.py
[2023-12-18T14:34:22.042+0000] {processor.py:839} INFO - DAG(s) dict_keys(['example_short_circuit_decorator']) retrieved from /home/airflow/.local/lib/python3.8/site-packages/airflow/example_dags/example_short_circuit_decorator.py
[2023-12-18T14:34:22.055+0000] {logging_mixin.py:154} INFO - [2023-12-18T14:34:22.055+0000] {dag.py:2941} INFO - Sync 1 DAGs
[2023-12-18T14:34:22.068+0000] {logging_mixin.py:154} INFO - [2023-12-18T14:34:22.068+0000] {dag.py:3722} INFO - Setting next_dagrun for example_short_circuit_decorator to 2023-12-17T14:34:22.067964+00:00, run_after=2023-12-18T14:34:22.067964+00:00
[2023-12-18T14:34:22.077+0000] {processor.py:179} INFO - Processing /home/airflow/.local/lib/python3.8/site-packages/airflow/example_dags/example_short_circuit_decorator.py took 0.054 seconds
[2023-12-18T14:34:52.153+0000] {processor.py:157} INFO - Started process (PID=1329) to work on /home/airflow/.local/lib/python3.8/site-packages/airflow/example_dags/example_short_circuit_decorator.py
[2023-12-18T14:34:52.154+0000] {processor.py:829} INFO - Processing file /home/airflow/.local/lib/python3.8/site-packages/airflow/example_dags/example_short_circuit_decorator.py for tasks to queue
[2023-12-18T14:34:52.155+0000] {logging_mixin.py:154} INFO - [2023-12-18T14:34:52.155+0000] {dagbag.py:536} INFO - Filling up the DagBag from /home/airflow/.local/lib/python3.8/site-packages/airflow/example_dags/example_short_circuit_decorator.py
[2023-12-18T14:34:52.162+0000] {processor.py:839} INFO - DAG(s) dict_keys(['example_short_circuit_decorator']) retrieved from /home/airflow/.local/lib/python3.8/site-packages/airflow/example_dags/example_short_circuit_decorator.py
[2023-12-18T14:34:52.176+0000] {logging_mixin.py:154} INFO - [2023-12-18T14:34:52.176+0000] {dag.py:2941} INFO - Sync 1 DAGs
[2023-12-18T14:34:52.188+0000] {logging_mixin.py:154} INFO - [2023-12-18T14:34:52.188+0000] {dag.py:3722} INFO - Setting next_dagrun for example_short_circuit_decorator to 2023-12-17T14:34:52.187995+00:00, run_after=2023-12-18T14:34:52.187995+00:00
[2023-12-18T14:34:52.197+0000] {processor.py:179} INFO - Processing /home/airflow/.local/lib/python3.8/site-packages/airflow/example_dags/example_short_circuit_decorator.py took 0.047 seconds
[2023-12-18T14:35:22.248+0000] {processor.py:157} INFO - Started process (PID=1398) to work on /home/airflow/.local/lib/python3.8/site-packages/airflow/example_dags/example_short_circuit_decorator.py
[2023-12-18T14:35:22.256+0000] {processor.py:829} INFO - Processing file /home/airflow/.local/lib/python3.8/site-packages/airflow/example_dags/example_short_circuit_decorator.py for tasks to queue
[2023-12-18T14:35:22.259+0000] {logging_mixin.py:154} INFO - [2023-12-18T14:35:22.258+0000] {dagbag.py:536} INFO - Filling up the DagBag from /home/airflow/.local/lib/python3.8/site-packages/airflow/example_dags/example_short_circuit_decorator.py
[2023-12-18T14:35:22.269+0000] {processor.py:839} INFO - DAG(s) dict_keys(['example_short_circuit_decorator']) retrieved from /home/airflow/.local/lib/python3.8/site-packages/airflow/example_dags/example_short_circuit_decorator.py
[2023-12-18T14:35:22.285+0000] {logging_mixin.py:154} INFO - [2023-12-18T14:35:22.285+0000] {dag.py:2941} INFO - Sync 1 DAGs
[2023-12-18T14:35:22.297+0000] {logging_mixin.py:154} INFO - [2023-12-18T14:35:22.296+0000] {dag.py:3722} INFO - Setting next_dagrun for example_short_circuit_decorator to 2023-12-17T14:35:22.296846+00:00, run_after=2023-12-18T14:35:22.296846+00:00
[2023-12-18T14:35:22.306+0000] {processor.py:179} INFO - Processing /home/airflow/.local/lib/python3.8/site-packages/airflow/example_dags/example_short_circuit_decorator.py took 0.060 seconds
[2023-12-18T14:35:52.334+0000] {processor.py:157} INFO - Started process (PID=1466) to work on /home/airflow/.local/lib/python3.8/site-packages/airflow/example_dags/example_short_circuit_decorator.py
[2023-12-18T14:35:52.335+0000] {processor.py:829} INFO - Processing file /home/airflow/.local/lib/python3.8/site-packages/airflow/example_dags/example_short_circuit_decorator.py for tasks to queue
[2023-12-18T14:35:52.338+0000] {logging_mixin.py:154} INFO - [2023-12-18T14:35:52.338+0000] {dagbag.py:536} INFO - Filling up the DagBag from /home/airflow/.local/lib/python3.8/site-packages/airflow/example_dags/example_short_circuit_decorator.py
[2023-12-18T14:35:52.346+0000] {processor.py:839} INFO - DAG(s) dict_keys(['example_short_circuit_decorator']) retrieved from /home/airflow/.local/lib/python3.8/site-packages/airflow/example_dags/example_short_circuit_decorator.py
[2023-12-18T14:35:52.359+0000] {logging_mixin.py:154} INFO - [2023-12-18T14:35:52.359+0000] {dag.py:2941} INFO - Sync 1 DAGs
[2023-12-18T14:35:52.371+0000] {logging_mixin.py:154} INFO - [2023-12-18T14:35:52.371+0000] {dag.py:3722} INFO - Setting next_dagrun for example_short_circuit_decorator to 2023-12-17T14:35:52.371723+00:00, run_after=2023-12-18T14:35:52.371723+00:00
[2023-12-18T14:35:52.381+0000] {processor.py:179} INFO - Processing /home/airflow/.local/lib/python3.8/site-packages/airflow/example_dags/example_short_circuit_decorator.py took 0.052 seconds
[2023-12-18T14:36:22.471+0000] {processor.py:157} INFO - Started process (PID=1535) to work on /home/airflow/.local/lib/python3.8/site-packages/airflow/example_dags/example_short_circuit_decorator.py
[2023-12-18T14:36:22.479+0000] {processor.py:829} INFO - Processing file /home/airflow/.local/lib/python3.8/site-packages/airflow/example_dags/example_short_circuit_decorator.py for tasks to queue
[2023-12-18T14:36:22.483+0000] {logging_mixin.py:154} INFO - [2023-12-18T14:36:22.482+0000] {dagbag.py:536} INFO - Filling up the DagBag from /home/airflow/.local/lib/python3.8/site-packages/airflow/example_dags/example_short_circuit_decorator.py
[2023-12-18T14:36:22.493+0000] {processor.py:839} INFO - DAG(s) dict_keys(['example_short_circuit_decorator']) retrieved from /home/airflow/.local/lib/python3.8/site-packages/airflow/example_dags/example_short_circuit_decorator.py
[2023-12-18T14:36:22.511+0000] {logging_mixin.py:154} INFO - [2023-12-18T14:36:22.510+0000] {dag.py:2941} INFO - Sync 1 DAGs
[2023-12-18T14:36:22.523+0000] {logging_mixin.py:154} INFO - [2023-12-18T14:36:22.523+0000] {dag.py:3722} INFO - Setting next_dagrun for example_short_circuit_decorator to 2023-12-17T14:36:22.523612+00:00, run_after=2023-12-18T14:36:22.523612+00:00
[2023-12-18T14:36:22.533+0000] {processor.py:179} INFO - Processing /home/airflow/.local/lib/python3.8/site-packages/airflow/example_dags/example_short_circuit_decorator.py took 0.066 seconds
[2023-12-18T14:36:52.668+0000] {processor.py:157} INFO - Started process (PID=1604) to work on /home/airflow/.local/lib/python3.8/site-packages/airflow/example_dags/example_short_circuit_decorator.py
[2023-12-18T14:36:52.669+0000] {processor.py:829} INFO - Processing file /home/airflow/.local/lib/python3.8/site-packages/airflow/example_dags/example_short_circuit_decorator.py for tasks to queue
[2023-12-18T14:36:52.673+0000] {logging_mixin.py:154} INFO - [2023-12-18T14:36:52.672+0000] {dagbag.py:536} INFO - Filling up the DagBag from /home/airflow/.local/lib/python3.8/site-packages/airflow/example_dags/example_short_circuit_decorator.py
[2023-12-18T14:36:52.680+0000] {processor.py:839} INFO - DAG(s) dict_keys(['example_short_circuit_decorator']) retrieved from /home/airflow/.local/lib/python3.8/site-packages/airflow/example_dags/example_short_circuit_decorator.py
[2023-12-18T14:36:52.694+0000] {logging_mixin.py:154} INFO - [2023-12-18T14:36:52.694+0000] {dag.py:2941} INFO - Sync 1 DAGs
[2023-12-18T14:36:52.707+0000] {logging_mixin.py:154} INFO - [2023-12-18T14:36:52.707+0000] {dag.py:3722} INFO - Setting next_dagrun for example_short_circuit_decorator to 2023-12-17T14:36:52.706990+00:00, run_after=2023-12-18T14:36:52.706990+00:00
[2023-12-18T14:36:52.717+0000] {processor.py:179} INFO - Processing /home/airflow/.local/lib/python3.8/site-packages/airflow/example_dags/example_short_circuit_decorator.py took 0.053 seconds
[2023-12-18T14:37:23.626+0000] {processor.py:157} INFO - Started process (PID=1673) to work on /home/airflow/.local/lib/python3.8/site-packages/airflow/example_dags/example_short_circuit_decorator.py
[2023-12-18T14:37:23.628+0000] {processor.py:829} INFO - Processing file /home/airflow/.local/lib/python3.8/site-packages/airflow/example_dags/example_short_circuit_decorator.py for tasks to queue
[2023-12-18T14:37:23.632+0000] {logging_mixin.py:154} INFO - [2023-12-18T14:37:23.631+0000] {dagbag.py:536} INFO - Filling up the DagBag from /home/airflow/.local/lib/python3.8/site-packages/airflow/example_dags/example_short_circuit_decorator.py
[2023-12-18T14:37:23.640+0000] {processor.py:839} INFO - DAG(s) dict_keys(['example_short_circuit_decorator']) retrieved from /home/airflow/.local/lib/python3.8/site-packages/airflow/example_dags/example_short_circuit_decorator.py
[2023-12-18T14:37:23.653+0000] {logging_mixin.py:154} INFO - [2023-12-18T14:37:23.653+0000] {dag.py:2941} INFO - Sync 1 DAGs
[2023-12-18T14:37:23.665+0000] {logging_mixin.py:154} INFO - [2023-12-18T14:37:23.665+0000] {dag.py:3722} INFO - Setting next_dagrun for example_short_circuit_decorator to 2023-12-17T14:37:23.665490+00:00, run_after=2023-12-18T14:37:23.665490+00:00
[2023-12-18T14:37:23.674+0000] {processor.py:179} INFO - Processing /home/airflow/.local/lib/python3.8/site-packages/airflow/example_dags/example_short_circuit_decorator.py took 0.053 seconds
[2023-12-18T14:37:54.335+0000] {processor.py:157} INFO - Started process (PID=1742) to work on /home/airflow/.local/lib/python3.8/site-packages/airflow/example_dags/example_short_circuit_decorator.py
[2023-12-18T14:37:54.336+0000] {processor.py:829} INFO - Processing file /home/airflow/.local/lib/python3.8/site-packages/airflow/example_dags/example_short_circuit_decorator.py for tasks to queue
[2023-12-18T14:37:54.339+0000] {logging_mixin.py:154} INFO - [2023-12-18T14:37:54.339+0000] {dagbag.py:536} INFO - Filling up the DagBag from /home/airflow/.local/lib/python3.8/site-packages/airflow/example_dags/example_short_circuit_decorator.py
[2023-12-18T14:37:54.348+0000] {processor.py:839} INFO - DAG(s) dict_keys(['example_short_circuit_decorator']) retrieved from /home/airflow/.local/lib/python3.8/site-packages/airflow/example_dags/example_short_circuit_decorator.py
[2023-12-18T14:37:54.362+0000] {logging_mixin.py:154} INFO - [2023-12-18T14:37:54.362+0000] {dag.py:2941} INFO - Sync 1 DAGs
[2023-12-18T14:37:54.374+0000] {logging_mixin.py:154} INFO - [2023-12-18T14:37:54.374+0000] {dag.py:3722} INFO - Setting next_dagrun for example_short_circuit_decorator to 2023-12-17T14:37:54.374343+00:00, run_after=2023-12-18T14:37:54.374343+00:00
[2023-12-18T14:37:54.388+0000] {processor.py:179} INFO - Processing /home/airflow/.local/lib/python3.8/site-packages/airflow/example_dags/example_short_circuit_decorator.py took 0.056 seconds
[2023-12-18T14:38:25.102+0000] {processor.py:157} INFO - Started process (PID=1811) to work on /home/airflow/.local/lib/python3.8/site-packages/airflow/example_dags/example_short_circuit_decorator.py
[2023-12-18T14:38:25.104+0000] {processor.py:829} INFO - Processing file /home/airflow/.local/lib/python3.8/site-packages/airflow/example_dags/example_short_circuit_decorator.py for tasks to queue
[2023-12-18T14:38:25.107+0000] {logging_mixin.py:154} INFO - [2023-12-18T14:38:25.106+0000] {dagbag.py:536} INFO - Filling up the DagBag from /home/airflow/.local/lib/python3.8/site-packages/airflow/example_dags/example_short_circuit_decorator.py
[2023-12-18T14:38:25.116+0000] {processor.py:839} INFO - DAG(s) dict_keys(['example_short_circuit_decorator']) retrieved from /home/airflow/.local/lib/python3.8/site-packages/airflow/example_dags/example_short_circuit_decorator.py
[2023-12-18T14:38:25.129+0000] {logging_mixin.py:154} INFO - [2023-12-18T14:38:25.129+0000] {dag.py:2941} INFO - Sync 1 DAGs
[2023-12-18T14:38:25.142+0000] {logging_mixin.py:154} INFO - [2023-12-18T14:38:25.142+0000] {dag.py:3722} INFO - Setting next_dagrun for example_short_circuit_decorator to 2023-12-17T14:38:25.141881+00:00, run_after=2023-12-18T14:38:25.141881+00:00
[2023-12-18T14:38:25.150+0000] {processor.py:179} INFO - Processing /home/airflow/.local/lib/python3.8/site-packages/airflow/example_dags/example_short_circuit_decorator.py took 0.050 seconds
[2023-12-18T14:38:55.927+0000] {processor.py:157} INFO - Started process (PID=1880) to work on /home/airflow/.local/lib/python3.8/site-packages/airflow/example_dags/example_short_circuit_decorator.py
[2023-12-18T14:38:55.934+0000] {processor.py:829} INFO - Processing file /home/airflow/.local/lib/python3.8/site-packages/airflow/example_dags/example_short_circuit_decorator.py for tasks to queue
[2023-12-18T14:38:55.937+0000] {logging_mixin.py:154} INFO - [2023-12-18T14:38:55.936+0000] {dagbag.py:536} INFO - Filling up the DagBag from /home/airflow/.local/lib/python3.8/site-packages/airflow/example_dags/example_short_circuit_decorator.py
[2023-12-18T14:38:55.943+0000] {processor.py:839} INFO - DAG(s) dict_keys(['example_short_circuit_decorator']) retrieved from /home/airflow/.local/lib/python3.8/site-packages/airflow/example_dags/example_short_circuit_decorator.py
[2023-12-18T14:38:55.959+0000] {logging_mixin.py:154} INFO - [2023-12-18T14:38:55.959+0000] {dag.py:2941} INFO - Sync 1 DAGs
[2023-12-18T14:38:55.974+0000] {logging_mixin.py:154} INFO - [2023-12-18T14:38:55.974+0000] {dag.py:3722} INFO - Setting next_dagrun for example_short_circuit_decorator to 2023-12-17T14:38:55.973970+00:00, run_after=2023-12-18T14:38:55.973970+00:00
[2023-12-18T14:38:55.985+0000] {processor.py:179} INFO - Processing /home/airflow/.local/lib/python3.8/site-packages/airflow/example_dags/example_short_circuit_decorator.py took 0.061 seconds
[2023-12-18T14:39:56.627+0000] {processor.py:157} INFO - Started process (PID=80) to work on /home/airflow/.local/lib/python3.8/site-packages/airflow/example_dags/example_short_circuit_decorator.py
[2023-12-18T14:39:56.630+0000] {processor.py:829} INFO - Processing file /home/airflow/.local/lib/python3.8/site-packages/airflow/example_dags/example_short_circuit_decorator.py for tasks to queue
[2023-12-18T14:39:56.632+0000] {logging_mixin.py:154} INFO - [2023-12-18T14:39:56.632+0000] {dagbag.py:536} INFO - Filling up the DagBag from /home/airflow/.local/lib/python3.8/site-packages/airflow/example_dags/example_short_circuit_decorator.py
[2023-12-18T14:39:56.656+0000] {processor.py:839} INFO - DAG(s) dict_keys(['example_short_circuit_decorator']) retrieved from /home/airflow/.local/lib/python3.8/site-packages/airflow/example_dags/example_short_circuit_decorator.py
[2023-12-18T14:39:56.676+0000] {logging_mixin.py:154} INFO - [2023-12-18T14:39:56.676+0000] {dag.py:2941} INFO - Sync 1 DAGs
[2023-12-18T14:39:56.708+0000] {logging_mixin.py:154} INFO - [2023-12-18T14:39:56.708+0000] {dag.py:3722} INFO - Setting next_dagrun for example_short_circuit_decorator to 2023-12-17T14:39:56.708210+00:00, run_after=2023-12-18T14:39:56.708210+00:00
[2023-12-18T14:39:56.733+0000] {processor.py:179} INFO - Processing /home/airflow/.local/lib/python3.8/site-packages/airflow/example_dags/example_short_circuit_decorator.py took 0.110 seconds
[2023-12-18T14:40:27.238+0000] {processor.py:157} INFO - Started process (PID=149) to work on /home/airflow/.local/lib/python3.8/site-packages/airflow/example_dags/example_short_circuit_decorator.py
[2023-12-18T14:40:27.238+0000] {processor.py:829} INFO - Processing file /home/airflow/.local/lib/python3.8/site-packages/airflow/example_dags/example_short_circuit_decorator.py for tasks to queue
[2023-12-18T14:40:27.240+0000] {logging_mixin.py:154} INFO - [2023-12-18T14:40:27.240+0000] {dagbag.py:536} INFO - Filling up the DagBag from /home/airflow/.local/lib/python3.8/site-packages/airflow/example_dags/example_short_circuit_decorator.py
[2023-12-18T14:40:27.248+0000] {processor.py:839} INFO - DAG(s) dict_keys(['example_short_circuit_decorator']) retrieved from /home/airflow/.local/lib/python3.8/site-packages/airflow/example_dags/example_short_circuit_decorator.py
[2023-12-18T14:40:27.264+0000] {logging_mixin.py:154} INFO - [2023-12-18T14:40:27.264+0000] {dag.py:2941} INFO - Sync 1 DAGs
[2023-12-18T14:40:27.282+0000] {logging_mixin.py:154} INFO - [2023-12-18T14:40:27.282+0000] {dag.py:3722} INFO - Setting next_dagrun for example_short_circuit_decorator to 2023-12-17T14:40:27.281827+00:00, run_after=2023-12-18T14:40:27.281827+00:00
[2023-12-18T14:40:27.296+0000] {processor.py:179} INFO - Processing /home/airflow/.local/lib/python3.8/site-packages/airflow/example_dags/example_short_circuit_decorator.py took 0.060 seconds
[2023-12-18T14:40:58.232+0000] {processor.py:157} INFO - Started process (PID=218) to work on /home/airflow/.local/lib/python3.8/site-packages/airflow/example_dags/example_short_circuit_decorator.py
[2023-12-18T14:40:58.233+0000] {processor.py:829} INFO - Processing file /home/airflow/.local/lib/python3.8/site-packages/airflow/example_dags/example_short_circuit_decorator.py for tasks to queue
[2023-12-18T14:40:58.234+0000] {logging_mixin.py:154} INFO - [2023-12-18T14:40:58.234+0000] {dagbag.py:536} INFO - Filling up the DagBag from /home/airflow/.local/lib/python3.8/site-packages/airflow/example_dags/example_short_circuit_decorator.py
[2023-12-18T14:40:58.239+0000] {processor.py:839} INFO - DAG(s) dict_keys(['example_short_circuit_decorator']) retrieved from /home/airflow/.local/lib/python3.8/site-packages/airflow/example_dags/example_short_circuit_decorator.py
[2023-12-18T14:40:58.252+0000] {logging_mixin.py:154} INFO - [2023-12-18T14:40:58.252+0000] {dag.py:2941} INFO - Sync 1 DAGs
[2023-12-18T14:40:58.286+0000] {logging_mixin.py:154} INFO - [2023-12-18T14:40:58.286+0000] {dag.py:3722} INFO - Setting next_dagrun for example_short_circuit_decorator to 2023-12-17T14:40:58.286307+00:00, run_after=2023-12-18T14:40:58.286307+00:00
[2023-12-18T14:40:58.298+0000] {processor.py:179} INFO - Processing /home/airflow/.local/lib/python3.8/site-packages/airflow/example_dags/example_short_circuit_decorator.py took 0.067 seconds
[2023-12-18T14:41:29.035+0000] {processor.py:157} INFO - Started process (PID=287) to work on /home/airflow/.local/lib/python3.8/site-packages/airflow/example_dags/example_short_circuit_decorator.py
[2023-12-18T14:41:29.035+0000] {processor.py:829} INFO - Processing file /home/airflow/.local/lib/python3.8/site-packages/airflow/example_dags/example_short_circuit_decorator.py for tasks to queue
[2023-12-18T14:41:29.036+0000] {logging_mixin.py:154} INFO - [2023-12-18T14:41:29.036+0000] {dagbag.py:536} INFO - Filling up the DagBag from /home/airflow/.local/lib/python3.8/site-packages/airflow/example_dags/example_short_circuit_decorator.py
[2023-12-18T14:41:29.041+0000] {processor.py:839} INFO - DAG(s) dict_keys(['example_short_circuit_decorator']) retrieved from /home/airflow/.local/lib/python3.8/site-packages/airflow/example_dags/example_short_circuit_decorator.py
[2023-12-18T14:41:29.055+0000] {logging_mixin.py:154} INFO - [2023-12-18T14:41:29.055+0000] {dag.py:2941} INFO - Sync 1 DAGs
[2023-12-18T14:41:29.084+0000] {logging_mixin.py:154} INFO - [2023-12-18T14:41:29.084+0000] {dag.py:3722} INFO - Setting next_dagrun for example_short_circuit_decorator to 2023-12-17T14:41:29.083985+00:00, run_after=2023-12-18T14:41:29.083985+00:00
[2023-12-18T14:41:29.095+0000] {processor.py:179} INFO - Processing /home/airflow/.local/lib/python3.8/site-packages/airflow/example_dags/example_short_circuit_decorator.py took 0.062 seconds
[2023-12-18T14:41:59.818+0000] {processor.py:157} INFO - Started process (PID=357) to work on /home/airflow/.local/lib/python3.8/site-packages/airflow/example_dags/example_short_circuit_decorator.py
[2023-12-18T14:41:59.819+0000] {processor.py:829} INFO - Processing file /home/airflow/.local/lib/python3.8/site-packages/airflow/example_dags/example_short_circuit_decorator.py for tasks to queue
[2023-12-18T14:41:59.820+0000] {logging_mixin.py:154} INFO - [2023-12-18T14:41:59.820+0000] {dagbag.py:536} INFO - Filling up the DagBag from /home/airflow/.local/lib/python3.8/site-packages/airflow/example_dags/example_short_circuit_decorator.py
[2023-12-18T14:41:59.825+0000] {processor.py:839} INFO - DAG(s) dict_keys(['example_short_circuit_decorator']) retrieved from /home/airflow/.local/lib/python3.8/site-packages/airflow/example_dags/example_short_circuit_decorator.py
[2023-12-18T14:41:59.839+0000] {logging_mixin.py:154} INFO - [2023-12-18T14:41:59.839+0000] {dag.py:2941} INFO - Sync 1 DAGs
[2023-12-18T14:41:59.852+0000] {logging_mixin.py:154} INFO - [2023-12-18T14:41:59.852+0000] {dag.py:3722} INFO - Setting next_dagrun for example_short_circuit_decorator to 2023-12-17T14:41:59.852542+00:00, run_after=2023-12-18T14:41:59.852542+00:00
[2023-12-18T14:41:59.863+0000] {processor.py:179} INFO - Processing /home/airflow/.local/lib/python3.8/site-packages/airflow/example_dags/example_short_circuit_decorator.py took 0.047 seconds
[2023-12-18T14:42:30.055+0000] {processor.py:157} INFO - Started process (PID=426) to work on /home/airflow/.local/lib/python3.8/site-packages/airflow/example_dags/example_short_circuit_decorator.py
[2023-12-18T14:42:30.056+0000] {processor.py:829} INFO - Processing file /home/airflow/.local/lib/python3.8/site-packages/airflow/example_dags/example_short_circuit_decorator.py for tasks to queue
[2023-12-18T14:42:30.057+0000] {logging_mixin.py:154} INFO - [2023-12-18T14:42:30.057+0000] {dagbag.py:536} INFO - Filling up the DagBag from /home/airflow/.local/lib/python3.8/site-packages/airflow/example_dags/example_short_circuit_decorator.py
[2023-12-18T14:42:30.063+0000] {processor.py:839} INFO - DAG(s) dict_keys(['example_short_circuit_decorator']) retrieved from /home/airflow/.local/lib/python3.8/site-packages/airflow/example_dags/example_short_circuit_decorator.py
[2023-12-18T14:42:30.083+0000] {logging_mixin.py:154} INFO - [2023-12-18T14:42:30.083+0000] {dag.py:2941} INFO - Sync 1 DAGs
[2023-12-18T14:42:30.101+0000] {logging_mixin.py:154} INFO - [2023-12-18T14:42:30.101+0000] {dag.py:3722} INFO - Setting next_dagrun for example_short_circuit_decorator to 2023-12-17T14:42:30.101009+00:00, run_after=2023-12-18T14:42:30.101009+00:00
[2023-12-18T14:42:30.113+0000] {processor.py:179} INFO - Processing /home/airflow/.local/lib/python3.8/site-packages/airflow/example_dags/example_short_circuit_decorator.py took 0.060 seconds
[2023-12-18T14:43:01.009+0000] {processor.py:157} INFO - Started process (PID=495) to work on /home/airflow/.local/lib/python3.8/site-packages/airflow/example_dags/example_short_circuit_decorator.py
[2023-12-18T14:43:01.010+0000] {processor.py:829} INFO - Processing file /home/airflow/.local/lib/python3.8/site-packages/airflow/example_dags/example_short_circuit_decorator.py for tasks to queue
[2023-12-18T14:43:01.011+0000] {logging_mixin.py:154} INFO - [2023-12-18T14:43:01.011+0000] {dagbag.py:536} INFO - Filling up the DagBag from /home/airflow/.local/lib/python3.8/site-packages/airflow/example_dags/example_short_circuit_decorator.py
[2023-12-18T14:43:01.016+0000] {processor.py:839} INFO - DAG(s) dict_keys(['example_short_circuit_decorator']) retrieved from /home/airflow/.local/lib/python3.8/site-packages/airflow/example_dags/example_short_circuit_decorator.py
[2023-12-18T14:43:01.030+0000] {logging_mixin.py:154} INFO - [2023-12-18T14:43:01.030+0000] {dag.py:2941} INFO - Sync 1 DAGs
[2023-12-18T14:43:01.043+0000] {logging_mixin.py:154} INFO - [2023-12-18T14:43:01.043+0000] {dag.py:3722} INFO - Setting next_dagrun for example_short_circuit_decorator to 2023-12-17T14:43:01.042868+00:00, run_after=2023-12-18T14:43:01.042868+00:00
[2023-12-18T14:43:01.054+0000] {processor.py:179} INFO - Processing /home/airflow/.local/lib/python3.8/site-packages/airflow/example_dags/example_short_circuit_decorator.py took 0.046 seconds
[2023-12-18T14:44:37.196+0000] {processor.py:157} INFO - Started process (PID=78) to work on /home/airflow/.local/lib/python3.8/site-packages/airflow/example_dags/example_short_circuit_decorator.py
[2023-12-18T14:44:37.198+0000] {processor.py:829} INFO - Processing file /home/airflow/.local/lib/python3.8/site-packages/airflow/example_dags/example_short_circuit_decorator.py for tasks to queue
[2023-12-18T14:44:37.201+0000] {logging_mixin.py:154} INFO - [2023-12-18T14:44:37.200+0000] {dagbag.py:536} INFO - Filling up the DagBag from /home/airflow/.local/lib/python3.8/site-packages/airflow/example_dags/example_short_circuit_decorator.py
[2023-12-18T14:44:37.210+0000] {processor.py:839} INFO - DAG(s) dict_keys(['example_short_circuit_decorator']) retrieved from /home/airflow/.local/lib/python3.8/site-packages/airflow/example_dags/example_short_circuit_decorator.py
[2023-12-18T14:44:37.220+0000] {logging_mixin.py:154} INFO - [2023-12-18T14:44:37.220+0000] {dag.py:2941} INFO - Sync 1 DAGs
[2023-12-18T14:44:37.245+0000] {logging_mixin.py:154} INFO - [2023-12-18T14:44:37.245+0000] {dag.py:3722} INFO - Setting next_dagrun for example_short_circuit_decorator to 2023-12-17T14:44:37.245384+00:00, run_after=2023-12-18T14:44:37.245384+00:00
[2023-12-18T14:44:37.267+0000] {processor.py:179} INFO - Processing /home/airflow/.local/lib/python3.8/site-packages/airflow/example_dags/example_short_circuit_decorator.py took 0.074 seconds
[2023-12-18T14:45:07.833+0000] {processor.py:157} INFO - Started process (PID=147) to work on /home/airflow/.local/lib/python3.8/site-packages/airflow/example_dags/example_short_circuit_decorator.py
[2023-12-18T14:45:07.833+0000] {processor.py:829} INFO - Processing file /home/airflow/.local/lib/python3.8/site-packages/airflow/example_dags/example_short_circuit_decorator.py for tasks to queue
[2023-12-18T14:45:07.835+0000] {logging_mixin.py:154} INFO - [2023-12-18T14:45:07.834+0000] {dagbag.py:536} INFO - Filling up the DagBag from /home/airflow/.local/lib/python3.8/site-packages/airflow/example_dags/example_short_circuit_decorator.py
[2023-12-18T14:45:07.841+0000] {processor.py:839} INFO - DAG(s) dict_keys(['example_short_circuit_decorator']) retrieved from /home/airflow/.local/lib/python3.8/site-packages/airflow/example_dags/example_short_circuit_decorator.py
[2023-12-18T14:45:07.860+0000] {logging_mixin.py:154} INFO - [2023-12-18T14:45:07.859+0000] {dag.py:2941} INFO - Sync 1 DAGs
[2023-12-18T14:45:07.899+0000] {logging_mixin.py:154} INFO - [2023-12-18T14:45:07.899+0000] {dag.py:3722} INFO - Setting next_dagrun for example_short_circuit_decorator to 2023-12-17T14:45:07.899142+00:00, run_after=2023-12-18T14:45:07.899142+00:00
[2023-12-18T14:45:07.917+0000] {processor.py:179} INFO - Processing /home/airflow/.local/lib/python3.8/site-packages/airflow/example_dags/example_short_circuit_decorator.py took 0.086 seconds
[2023-12-18T14:45:38.018+0000] {processor.py:157} INFO - Started process (PID=216) to work on /home/airflow/.local/lib/python3.8/site-packages/airflow/example_dags/example_short_circuit_decorator.py
[2023-12-18T14:45:38.018+0000] {processor.py:829} INFO - Processing file /home/airflow/.local/lib/python3.8/site-packages/airflow/example_dags/example_short_circuit_decorator.py for tasks to queue
[2023-12-18T14:45:38.020+0000] {logging_mixin.py:154} INFO - [2023-12-18T14:45:38.019+0000] {dagbag.py:536} INFO - Filling up the DagBag from /home/airflow/.local/lib/python3.8/site-packages/airflow/example_dags/example_short_circuit_decorator.py
[2023-12-18T14:45:38.025+0000] {processor.py:839} INFO - DAG(s) dict_keys(['example_short_circuit_decorator']) retrieved from /home/airflow/.local/lib/python3.8/site-packages/airflow/example_dags/example_short_circuit_decorator.py
[2023-12-18T14:45:38.040+0000] {logging_mixin.py:154} INFO - [2023-12-18T14:45:38.040+0000] {dag.py:2941} INFO - Sync 1 DAGs
[2023-12-18T14:45:38.055+0000] {logging_mixin.py:154} INFO - [2023-12-18T14:45:38.055+0000] {dag.py:3722} INFO - Setting next_dagrun for example_short_circuit_decorator to 2023-12-17T14:45:38.055258+00:00, run_after=2023-12-18T14:45:38.055258+00:00
[2023-12-18T14:45:38.066+0000] {processor.py:179} INFO - Processing /home/airflow/.local/lib/python3.8/site-packages/airflow/example_dags/example_short_circuit_decorator.py took 0.051 seconds
[2023-12-18T14:46:09.029+0000] {processor.py:157} INFO - Started process (PID=285) to work on /home/airflow/.local/lib/python3.8/site-packages/airflow/example_dags/example_short_circuit_decorator.py
[2023-12-18T14:46:09.029+0000] {processor.py:829} INFO - Processing file /home/airflow/.local/lib/python3.8/site-packages/airflow/example_dags/example_short_circuit_decorator.py for tasks to queue
[2023-12-18T14:46:09.031+0000] {logging_mixin.py:154} INFO - [2023-12-18T14:46:09.031+0000] {dagbag.py:536} INFO - Filling up the DagBag from /home/airflow/.local/lib/python3.8/site-packages/airflow/example_dags/example_short_circuit_decorator.py
[2023-12-18T14:46:09.036+0000] {processor.py:839} INFO - DAG(s) dict_keys(['example_short_circuit_decorator']) retrieved from /home/airflow/.local/lib/python3.8/site-packages/airflow/example_dags/example_short_circuit_decorator.py
[2023-12-18T14:46:09.049+0000] {logging_mixin.py:154} INFO - [2023-12-18T14:46:09.049+0000] {dag.py:2941} INFO - Sync 1 DAGs
[2023-12-18T14:46:09.063+0000] {logging_mixin.py:154} INFO - [2023-12-18T14:46:09.063+0000] {dag.py:3722} INFO - Setting next_dagrun for example_short_circuit_decorator to 2023-12-17T14:46:09.063392+00:00, run_after=2023-12-18T14:46:09.063392+00:00
[2023-12-18T14:46:09.088+0000] {processor.py:179} INFO - Processing /home/airflow/.local/lib/python3.8/site-packages/airflow/example_dags/example_short_circuit_decorator.py took 0.061 seconds
[2023-12-18T14:46:39.846+0000] {processor.py:157} INFO - Started process (PID=354) to work on /home/airflow/.local/lib/python3.8/site-packages/airflow/example_dags/example_short_circuit_decorator.py
[2023-12-18T14:46:39.847+0000] {processor.py:829} INFO - Processing file /home/airflow/.local/lib/python3.8/site-packages/airflow/example_dags/example_short_circuit_decorator.py for tasks to queue
[2023-12-18T14:46:39.848+0000] {logging_mixin.py:154} INFO - [2023-12-18T14:46:39.848+0000] {dagbag.py:536} INFO - Filling up the DagBag from /home/airflow/.local/lib/python3.8/site-packages/airflow/example_dags/example_short_circuit_decorator.py
[2023-12-18T14:46:39.853+0000] {processor.py:839} INFO - DAG(s) dict_keys(['example_short_circuit_decorator']) retrieved from /home/airflow/.local/lib/python3.8/site-packages/airflow/example_dags/example_short_circuit_decorator.py
[2023-12-18T14:46:39.884+0000] {logging_mixin.py:154} INFO - [2023-12-18T14:46:39.884+0000] {dag.py:2941} INFO - Sync 1 DAGs
[2023-12-18T14:46:39.898+0000] {logging_mixin.py:154} INFO - [2023-12-18T14:46:39.898+0000] {dag.py:3722} INFO - Setting next_dagrun for example_short_circuit_decorator to 2023-12-17T14:46:39.898540+00:00, run_after=2023-12-18T14:46:39.898540+00:00
[2023-12-18T14:46:39.910+0000] {processor.py:179} INFO - Processing /home/airflow/.local/lib/python3.8/site-packages/airflow/example_dags/example_short_circuit_decorator.py took 0.066 seconds
[2023-12-18T14:47:10.757+0000] {processor.py:157} INFO - Started process (PID=423) to work on /home/airflow/.local/lib/python3.8/site-packages/airflow/example_dags/example_short_circuit_decorator.py
[2023-12-18T14:47:10.758+0000] {processor.py:829} INFO - Processing file /home/airflow/.local/lib/python3.8/site-packages/airflow/example_dags/example_short_circuit_decorator.py for tasks to queue
[2023-12-18T14:47:10.759+0000] {logging_mixin.py:154} INFO - [2023-12-18T14:47:10.759+0000] {dagbag.py:536} INFO - Filling up the DagBag from /home/airflow/.local/lib/python3.8/site-packages/airflow/example_dags/example_short_circuit_decorator.py
[2023-12-18T14:47:10.781+0000] {processor.py:839} INFO - DAG(s) dict_keys(['example_short_circuit_decorator']) retrieved from /home/airflow/.local/lib/python3.8/site-packages/airflow/example_dags/example_short_circuit_decorator.py
[2023-12-18T14:47:10.796+0000] {logging_mixin.py:154} INFO - [2023-12-18T14:47:10.795+0000] {dag.py:2941} INFO - Sync 1 DAGs
[2023-12-18T14:47:10.812+0000] {logging_mixin.py:154} INFO - [2023-12-18T14:47:10.812+0000] {dag.py:3722} INFO - Setting next_dagrun for example_short_circuit_decorator to 2023-12-17T14:47:10.812350+00:00, run_after=2023-12-18T14:47:10.812350+00:00
[2023-12-18T14:47:10.826+0000] {processor.py:179} INFO - Processing /home/airflow/.local/lib/python3.8/site-packages/airflow/example_dags/example_short_circuit_decorator.py took 0.070 seconds
[2023-12-18T14:47:40.840+0000] {processor.py:157} INFO - Started process (PID=491) to work on /home/airflow/.local/lib/python3.8/site-packages/airflow/example_dags/example_short_circuit_decorator.py
[2023-12-18T14:47:40.841+0000] {processor.py:829} INFO - Processing file /home/airflow/.local/lib/python3.8/site-packages/airflow/example_dags/example_short_circuit_decorator.py for tasks to queue
[2023-12-18T14:47:40.842+0000] {logging_mixin.py:154} INFO - [2023-12-18T14:47:40.842+0000] {dagbag.py:536} INFO - Filling up the DagBag from /home/airflow/.local/lib/python3.8/site-packages/airflow/example_dags/example_short_circuit_decorator.py
[2023-12-18T14:47:40.847+0000] {processor.py:839} INFO - DAG(s) dict_keys(['example_short_circuit_decorator']) retrieved from /home/airflow/.local/lib/python3.8/site-packages/airflow/example_dags/example_short_circuit_decorator.py
[2023-12-18T14:47:40.861+0000] {logging_mixin.py:154} INFO - [2023-12-18T14:47:40.861+0000] {dag.py:2941} INFO - Sync 1 DAGs
[2023-12-18T14:47:40.874+0000] {logging_mixin.py:154} INFO - [2023-12-18T14:47:40.874+0000] {dag.py:3722} INFO - Setting next_dagrun for example_short_circuit_decorator to 2023-12-17T14:47:40.874294+00:00, run_after=2023-12-18T14:47:40.874294+00:00
[2023-12-18T14:47:40.885+0000] {processor.py:179} INFO - Processing /home/airflow/.local/lib/python3.8/site-packages/airflow/example_dags/example_short_circuit_decorator.py took 0.046 seconds
[2023-12-18T14:48:11.023+0000] {processor.py:157} INFO - Started process (PID=561) to work on /home/airflow/.local/lib/python3.8/site-packages/airflow/example_dags/example_short_circuit_decorator.py
[2023-12-18T14:48:11.025+0000] {processor.py:829} INFO - Processing file /home/airflow/.local/lib/python3.8/site-packages/airflow/example_dags/example_short_circuit_decorator.py for tasks to queue
[2023-12-18T14:48:11.027+0000] {logging_mixin.py:154} INFO - [2023-12-18T14:48:11.026+0000] {dagbag.py:536} INFO - Filling up the DagBag from /home/airflow/.local/lib/python3.8/site-packages/airflow/example_dags/example_short_circuit_decorator.py
[2023-12-18T14:48:11.033+0000] {processor.py:839} INFO - DAG(s) dict_keys(['example_short_circuit_decorator']) retrieved from /home/airflow/.local/lib/python3.8/site-packages/airflow/example_dags/example_short_circuit_decorator.py
[2023-12-18T14:48:11.055+0000] {logging_mixin.py:154} INFO - [2023-12-18T14:48:11.055+0000] {dag.py:2941} INFO - Sync 1 DAGs
[2023-12-18T14:48:11.072+0000] {logging_mixin.py:154} INFO - [2023-12-18T14:48:11.072+0000] {dag.py:3722} INFO - Setting next_dagrun for example_short_circuit_decorator to 2023-12-17T14:48:11.071885+00:00, run_after=2023-12-18T14:48:11.071885+00:00
[2023-12-18T14:48:11.086+0000] {processor.py:179} INFO - Processing /home/airflow/.local/lib/python3.8/site-packages/airflow/example_dags/example_short_circuit_decorator.py took 0.065 seconds
[2023-12-18T14:48:42.102+0000] {processor.py:157} INFO - Started process (PID=632) to work on /home/airflow/.local/lib/python3.8/site-packages/airflow/example_dags/example_short_circuit_decorator.py
[2023-12-18T14:48:42.103+0000] {processor.py:829} INFO - Processing file /home/airflow/.local/lib/python3.8/site-packages/airflow/example_dags/example_short_circuit_decorator.py for tasks to queue
[2023-12-18T14:48:42.104+0000] {logging_mixin.py:154} INFO - [2023-12-18T14:48:42.104+0000] {dagbag.py:536} INFO - Filling up the DagBag from /home/airflow/.local/lib/python3.8/site-packages/airflow/example_dags/example_short_circuit_decorator.py
[2023-12-18T14:48:42.110+0000] {processor.py:839} INFO - DAG(s) dict_keys(['example_short_circuit_decorator']) retrieved from /home/airflow/.local/lib/python3.8/site-packages/airflow/example_dags/example_short_circuit_decorator.py
[2023-12-18T14:48:42.125+0000] {logging_mixin.py:154} INFO - [2023-12-18T14:48:42.125+0000] {dag.py:2941} INFO - Sync 1 DAGs
[2023-12-18T14:48:42.143+0000] {logging_mixin.py:154} INFO - [2023-12-18T14:48:42.142+0000] {dag.py:3722} INFO - Setting next_dagrun for example_short_circuit_decorator to 2023-12-17T14:48:42.142467+00:00, run_after=2023-12-18T14:48:42.142467+00:00
[2023-12-18T14:48:42.158+0000] {processor.py:179} INFO - Processing /home/airflow/.local/lib/python3.8/site-packages/airflow/example_dags/example_short_circuit_decorator.py took 0.058 seconds
[2023-12-18T14:52:09.545+0000] {processor.py:157} INFO - Started process (PID=79) to work on /home/airflow/.local/lib/python3.8/site-packages/airflow/example_dags/example_short_circuit_decorator.py
[2023-12-18T14:52:09.546+0000] {processor.py:829} INFO - Processing file /home/airflow/.local/lib/python3.8/site-packages/airflow/example_dags/example_short_circuit_decorator.py for tasks to queue
[2023-12-18T14:52:09.548+0000] {logging_mixin.py:154} INFO - [2023-12-18T14:52:09.548+0000] {dagbag.py:536} INFO - Filling up the DagBag from /home/airflow/.local/lib/python3.8/site-packages/airflow/example_dags/example_short_circuit_decorator.py
[2023-12-18T14:52:09.555+0000] {processor.py:839} INFO - DAG(s) dict_keys(['example_short_circuit_decorator']) retrieved from /home/airflow/.local/lib/python3.8/site-packages/airflow/example_dags/example_short_circuit_decorator.py
[2023-12-18T14:52:09.566+0000] {logging_mixin.py:154} INFO - [2023-12-18T14:52:09.565+0000] {dag.py:2941} INFO - Sync 1 DAGs
[2023-12-18T14:52:09.596+0000] {logging_mixin.py:154} INFO - [2023-12-18T14:52:09.595+0000] {dag.py:3722} INFO - Setting next_dagrun for example_short_circuit_decorator to 2023-12-17T14:52:09.595726+00:00, run_after=2023-12-18T14:52:09.595726+00:00
[2023-12-18T14:52:09.621+0000] {processor.py:179} INFO - Processing /home/airflow/.local/lib/python3.8/site-packages/airflow/example_dags/example_short_circuit_decorator.py took 0.081 seconds
[2023-12-18T14:52:40.118+0000] {processor.py:157} INFO - Started process (PID=148) to work on /home/airflow/.local/lib/python3.8/site-packages/airflow/example_dags/example_short_circuit_decorator.py
[2023-12-18T14:52:40.121+0000] {processor.py:829} INFO - Processing file /home/airflow/.local/lib/python3.8/site-packages/airflow/example_dags/example_short_circuit_decorator.py for tasks to queue
[2023-12-18T14:52:40.123+0000] {logging_mixin.py:154} INFO - [2023-12-18T14:52:40.122+0000] {dagbag.py:536} INFO - Filling up the DagBag from /home/airflow/.local/lib/python3.8/site-packages/airflow/example_dags/example_short_circuit_decorator.py
[2023-12-18T14:52:40.131+0000] {processor.py:839} INFO - DAG(s) dict_keys(['example_short_circuit_decorator']) retrieved from /home/airflow/.local/lib/python3.8/site-packages/airflow/example_dags/example_short_circuit_decorator.py
[2023-12-18T14:52:40.155+0000] {logging_mixin.py:154} INFO - [2023-12-18T14:52:40.155+0000] {dag.py:2941} INFO - Sync 1 DAGs
[2023-12-18T14:52:40.188+0000] {logging_mixin.py:154} INFO - [2023-12-18T14:52:40.188+0000] {dag.py:3722} INFO - Setting next_dagrun for example_short_circuit_decorator to 2023-12-17T14:52:40.188458+00:00, run_after=2023-12-18T14:52:40.188458+00:00
[2023-12-18T14:52:40.210+0000] {processor.py:179} INFO - Processing /home/airflow/.local/lib/python3.8/site-packages/airflow/example_dags/example_short_circuit_decorator.py took 0.095 seconds
[2023-12-18T14:53:10.233+0000] {processor.py:157} INFO - Started process (PID=218) to work on /home/airflow/.local/lib/python3.8/site-packages/airflow/example_dags/example_short_circuit_decorator.py
[2023-12-18T14:53:10.234+0000] {processor.py:829} INFO - Processing file /home/airflow/.local/lib/python3.8/site-packages/airflow/example_dags/example_short_circuit_decorator.py for tasks to queue
[2023-12-18T14:53:10.235+0000] {logging_mixin.py:154} INFO - [2023-12-18T14:53:10.235+0000] {dagbag.py:536} INFO - Filling up the DagBag from /home/airflow/.local/lib/python3.8/site-packages/airflow/example_dags/example_short_circuit_decorator.py
[2023-12-18T14:53:10.240+0000] {processor.py:839} INFO - DAG(s) dict_keys(['example_short_circuit_decorator']) retrieved from /home/airflow/.local/lib/python3.8/site-packages/airflow/example_dags/example_short_circuit_decorator.py
[2023-12-18T14:53:10.254+0000] {logging_mixin.py:154} INFO - [2023-12-18T14:53:10.254+0000] {dag.py:2941} INFO - Sync 1 DAGs
[2023-12-18T14:53:10.285+0000] {logging_mixin.py:154} INFO - [2023-12-18T14:53:10.284+0000] {dag.py:3722} INFO - Setting next_dagrun for example_short_circuit_decorator to 2023-12-17T14:53:10.284703+00:00, run_after=2023-12-18T14:53:10.284703+00:00
[2023-12-18T14:53:10.299+0000] {processor.py:179} INFO - Processing /home/airflow/.local/lib/python3.8/site-packages/airflow/example_dags/example_short_circuit_decorator.py took 0.068 seconds
[2023-12-18T14:53:41.059+0000] {processor.py:157} INFO - Started process (PID=287) to work on /home/airflow/.local/lib/python3.8/site-packages/airflow/example_dags/example_short_circuit_decorator.py
[2023-12-18T14:53:41.060+0000] {processor.py:829} INFO - Processing file /home/airflow/.local/lib/python3.8/site-packages/airflow/example_dags/example_short_circuit_decorator.py for tasks to queue
[2023-12-18T14:53:41.081+0000] {logging_mixin.py:154} INFO - [2023-12-18T14:53:41.081+0000] {dagbag.py:536} INFO - Filling up the DagBag from /home/airflow/.local/lib/python3.8/site-packages/airflow/example_dags/example_short_circuit_decorator.py
[2023-12-18T14:53:41.087+0000] {processor.py:839} INFO - DAG(s) dict_keys(['example_short_circuit_decorator']) retrieved from /home/airflow/.local/lib/python3.8/site-packages/airflow/example_dags/example_short_circuit_decorator.py
[2023-12-18T14:53:41.101+0000] {logging_mixin.py:154} INFO - [2023-12-18T14:53:41.101+0000] {dag.py:2941} INFO - Sync 1 DAGs
[2023-12-18T14:53:41.114+0000] {logging_mixin.py:154} INFO - [2023-12-18T14:53:41.114+0000] {dag.py:3722} INFO - Setting next_dagrun for example_short_circuit_decorator to 2023-12-17T14:53:41.114028+00:00, run_after=2023-12-18T14:53:41.114028+00:00
[2023-12-18T14:53:41.125+0000] {processor.py:179} INFO - Processing /home/airflow/.local/lib/python3.8/site-packages/airflow/example_dags/example_short_circuit_decorator.py took 0.067 seconds
