[2023-12-18T14:25:40.989+0000] {processor.py:157} INFO - Started process (PID=70) to work on /home/airflow/.local/lib/python3.8/site-packages/airflow/example_dags/example_xcomargs.py
[2023-12-18T14:25:40.991+0000] {processor.py:829} INFO - Processing file /home/airflow/.local/lib/python3.8/site-packages/airflow/example_dags/example_xcomargs.py for tasks to queue
[2023-12-18T14:25:40.994+0000] {logging_mixin.py:154} INFO - [2023-12-18T14:25:40.994+0000] {dagbag.py:536} INFO - Filling up the DagBag from /home/airflow/.local/lib/python3.8/site-packages/airflow/example_dags/example_xcomargs.py
[2023-12-18T14:25:41.008+0000] {processor.py:839} INFO - DAG(s) dict_keys(['example_xcom_args_with_operators', 'example_xcom_args']) retrieved from /home/airflow/.local/lib/python3.8/site-packages/airflow/example_dags/example_xcomargs.py
[2023-12-18T14:25:41.026+0000] {logging_mixin.py:154} INFO - [2023-12-18T14:25:41.025+0000] {dag.py:2941} INFO - Sync 2 DAGs
[2023-12-18T14:25:41.041+0000] {logging_mixin.py:154} INFO - [2023-12-18T14:25:41.041+0000] {dag.py:3722} INFO - Setting next_dagrun for example_xcom_args to None, run_after=None
[2023-12-18T14:25:41.044+0000] {logging_mixin.py:154} INFO - [2023-12-18T14:25:41.044+0000] {dag.py:3722} INFO - Setting next_dagrun for example_xcom_args_with_operators to None, run_after=None
[2023-12-18T14:25:41.055+0000] {processor.py:179} INFO - Processing /home/airflow/.local/lib/python3.8/site-packages/airflow/example_dags/example_xcomargs.py took 0.069 seconds
[2023-12-18T14:26:11.610+0000] {processor.py:157} INFO - Started process (PID=139) to work on /home/airflow/.local/lib/python3.8/site-packages/airflow/example_dags/example_xcomargs.py
[2023-12-18T14:26:11.610+0000] {processor.py:829} INFO - Processing file /home/airflow/.local/lib/python3.8/site-packages/airflow/example_dags/example_xcomargs.py for tasks to queue
[2023-12-18T14:26:11.611+0000] {logging_mixin.py:154} INFO - [2023-12-18T14:26:11.611+0000] {dagbag.py:536} INFO - Filling up the DagBag from /home/airflow/.local/lib/python3.8/site-packages/airflow/example_dags/example_xcomargs.py
[2023-12-18T14:26:11.616+0000] {processor.py:839} INFO - DAG(s) dict_keys(['example_xcom_args', 'example_xcom_args_with_operators']) retrieved from /home/airflow/.local/lib/python3.8/site-packages/airflow/example_dags/example_xcomargs.py
[2023-12-18T14:26:11.633+0000] {logging_mixin.py:154} INFO - [2023-12-18T14:26:11.633+0000] {dag.py:2941} INFO - Sync 2 DAGs
[2023-12-18T14:26:11.641+0000] {logging_mixin.py:154} INFO - [2023-12-18T14:26:11.641+0000] {dag.py:3722} INFO - Setting next_dagrun for example_xcom_args to None, run_after=None
[2023-12-18T14:26:11.644+0000] {logging_mixin.py:154} INFO - [2023-12-18T14:26:11.644+0000] {dag.py:3722} INFO - Setting next_dagrun for example_xcom_args_with_operators to None, run_after=None
[2023-12-18T14:26:11.653+0000] {processor.py:179} INFO - Processing /home/airflow/.local/lib/python3.8/site-packages/airflow/example_dags/example_xcomargs.py took 0.045 seconds
[2023-12-18T14:26:41.842+0000] {processor.py:157} INFO - Started process (PID=209) to work on /home/airflow/.local/lib/python3.8/site-packages/airflow/example_dags/example_xcomargs.py
[2023-12-18T14:26:41.842+0000] {processor.py:829} INFO - Processing file /home/airflow/.local/lib/python3.8/site-packages/airflow/example_dags/example_xcomargs.py for tasks to queue
[2023-12-18T14:26:41.843+0000] {logging_mixin.py:154} INFO - [2023-12-18T14:26:41.843+0000] {dagbag.py:536} INFO - Filling up the DagBag from /home/airflow/.local/lib/python3.8/site-packages/airflow/example_dags/example_xcomargs.py
[2023-12-18T14:26:41.848+0000] {processor.py:839} INFO - DAG(s) dict_keys(['example_xcom_args_with_operators', 'example_xcom_args']) retrieved from /home/airflow/.local/lib/python3.8/site-packages/airflow/example_dags/example_xcomargs.py
[2023-12-18T14:26:41.861+0000] {logging_mixin.py:154} INFO - [2023-12-18T14:26:41.861+0000] {dag.py:2941} INFO - Sync 2 DAGs
[2023-12-18T14:26:41.868+0000] {logging_mixin.py:154} INFO - [2023-12-18T14:26:41.868+0000] {dag.py:3722} INFO - Setting next_dagrun for example_xcom_args to None, run_after=None
[2023-12-18T14:26:41.870+0000] {logging_mixin.py:154} INFO - [2023-12-18T14:26:41.870+0000] {dag.py:3722} INFO - Setting next_dagrun for example_xcom_args_with_operators to None, run_after=None
[2023-12-18T14:26:41.880+0000] {processor.py:179} INFO - Processing /home/airflow/.local/lib/python3.8/site-packages/airflow/example_dags/example_xcomargs.py took 0.040 seconds
[2023-12-18T14:27:12.687+0000] {processor.py:157} INFO - Started process (PID=278) to work on /home/airflow/.local/lib/python3.8/site-packages/airflow/example_dags/example_xcomargs.py
[2023-12-18T14:27:12.687+0000] {processor.py:829} INFO - Processing file /home/airflow/.local/lib/python3.8/site-packages/airflow/example_dags/example_xcomargs.py for tasks to queue
[2023-12-18T14:27:12.688+0000] {logging_mixin.py:154} INFO - [2023-12-18T14:27:12.688+0000] {dagbag.py:536} INFO - Filling up the DagBag from /home/airflow/.local/lib/python3.8/site-packages/airflow/example_dags/example_xcomargs.py
[2023-12-18T14:27:12.696+0000] {processor.py:839} INFO - DAG(s) dict_keys(['example_xcom_args_with_operators', 'example_xcom_args']) retrieved from /home/airflow/.local/lib/python3.8/site-packages/airflow/example_dags/example_xcomargs.py
[2023-12-18T14:27:12.710+0000] {logging_mixin.py:154} INFO - [2023-12-18T14:27:12.710+0000] {dag.py:2941} INFO - Sync 2 DAGs
[2023-12-18T14:27:12.718+0000] {logging_mixin.py:154} INFO - [2023-12-18T14:27:12.717+0000] {dag.py:3722} INFO - Setting next_dagrun for example_xcom_args to None, run_after=None
[2023-12-18T14:27:12.720+0000] {logging_mixin.py:154} INFO - [2023-12-18T14:27:12.720+0000] {dag.py:3722} INFO - Setting next_dagrun for example_xcom_args_with_operators to None, run_after=None
[2023-12-18T14:27:12.729+0000] {processor.py:179} INFO - Processing /home/airflow/.local/lib/python3.8/site-packages/airflow/example_dags/example_xcomargs.py took 0.044 seconds
[2023-12-18T14:27:43.552+0000] {processor.py:157} INFO - Started process (PID=347) to work on /home/airflow/.local/lib/python3.8/site-packages/airflow/example_dags/example_xcomargs.py
[2023-12-18T14:27:43.552+0000] {processor.py:829} INFO - Processing file /home/airflow/.local/lib/python3.8/site-packages/airflow/example_dags/example_xcomargs.py for tasks to queue
[2023-12-18T14:27:43.553+0000] {logging_mixin.py:154} INFO - [2023-12-18T14:27:43.553+0000] {dagbag.py:536} INFO - Filling up the DagBag from /home/airflow/.local/lib/python3.8/site-packages/airflow/example_dags/example_xcomargs.py
[2023-12-18T14:27:43.558+0000] {processor.py:839} INFO - DAG(s) dict_keys(['example_xcom_args_with_operators', 'example_xcom_args']) retrieved from /home/airflow/.local/lib/python3.8/site-packages/airflow/example_dags/example_xcomargs.py
[2023-12-18T14:27:43.579+0000] {logging_mixin.py:154} INFO - [2023-12-18T14:27:43.579+0000] {dag.py:2941} INFO - Sync 2 DAGs
[2023-12-18T14:27:43.593+0000] {logging_mixin.py:154} INFO - [2023-12-18T14:27:43.593+0000] {dag.py:3722} INFO - Setting next_dagrun for example_xcom_args to None, run_after=None
[2023-12-18T14:27:43.598+0000] {logging_mixin.py:154} INFO - [2023-12-18T14:27:43.597+0000] {dag.py:3722} INFO - Setting next_dagrun for example_xcom_args_with_operators to None, run_after=None
[2023-12-18T14:27:43.614+0000] {processor.py:179} INFO - Processing /home/airflow/.local/lib/python3.8/site-packages/airflow/example_dags/example_xcomargs.py took 0.064 seconds
[2023-12-18T14:28:13.732+0000] {processor.py:157} INFO - Started process (PID=415) to work on /home/airflow/.local/lib/python3.8/site-packages/airflow/example_dags/example_xcomargs.py
[2023-12-18T14:28:13.733+0000] {processor.py:829} INFO - Processing file /home/airflow/.local/lib/python3.8/site-packages/airflow/example_dags/example_xcomargs.py for tasks to queue
[2023-12-18T14:28:13.734+0000] {logging_mixin.py:154} INFO - [2023-12-18T14:28:13.734+0000] {dagbag.py:536} INFO - Filling up the DagBag from /home/airflow/.local/lib/python3.8/site-packages/airflow/example_dags/example_xcomargs.py
[2023-12-18T14:28:13.740+0000] {processor.py:839} INFO - DAG(s) dict_keys(['example_xcom_args_with_operators', 'example_xcom_args']) retrieved from /home/airflow/.local/lib/python3.8/site-packages/airflow/example_dags/example_xcomargs.py
[2023-12-18T14:28:13.761+0000] {logging_mixin.py:154} INFO - [2023-12-18T14:28:13.760+0000] {dag.py:2941} INFO - Sync 2 DAGs
[2023-12-18T14:28:13.770+0000] {logging_mixin.py:154} INFO - [2023-12-18T14:28:13.770+0000] {dag.py:3722} INFO - Setting next_dagrun for example_xcom_args to None, run_after=None
[2023-12-18T14:28:13.773+0000] {logging_mixin.py:154} INFO - [2023-12-18T14:28:13.773+0000] {dag.py:3722} INFO - Setting next_dagrun for example_xcom_args_with_operators to None, run_after=None
[2023-12-18T14:28:13.785+0000] {processor.py:179} INFO - Processing /home/airflow/.local/lib/python3.8/site-packages/airflow/example_dags/example_xcomargs.py took 0.055 seconds
[2023-12-18T14:28:44.623+0000] {processor.py:157} INFO - Started process (PID=491) to work on /home/airflow/.local/lib/python3.8/site-packages/airflow/example_dags/example_xcomargs.py
[2023-12-18T14:28:44.624+0000] {processor.py:829} INFO - Processing file /home/airflow/.local/lib/python3.8/site-packages/airflow/example_dags/example_xcomargs.py for tasks to queue
[2023-12-18T14:28:44.627+0000] {logging_mixin.py:154} INFO - [2023-12-18T14:28:44.626+0000] {dagbag.py:536} INFO - Filling up the DagBag from /home/airflow/.local/lib/python3.8/site-packages/airflow/example_dags/example_xcomargs.py
[2023-12-18T14:28:44.636+0000] {processor.py:839} INFO - DAG(s) dict_keys(['example_xcom_args', 'example_xcom_args_with_operators']) retrieved from /home/airflow/.local/lib/python3.8/site-packages/airflow/example_dags/example_xcomargs.py
[2023-12-18T14:28:44.655+0000] {logging_mixin.py:154} INFO - [2023-12-18T14:28:44.655+0000] {dag.py:2941} INFO - Sync 2 DAGs
[2023-12-18T14:28:44.663+0000] {logging_mixin.py:154} INFO - [2023-12-18T14:28:44.663+0000] {dag.py:3722} INFO - Setting next_dagrun for example_xcom_args to None, run_after=None
[2023-12-18T14:28:44.666+0000] {logging_mixin.py:154} INFO - [2023-12-18T14:28:44.666+0000] {dag.py:3722} INFO - Setting next_dagrun for example_xcom_args_with_operators to None, run_after=None
[2023-12-18T14:28:44.678+0000] {processor.py:179} INFO - Processing /home/airflow/.local/lib/python3.8/site-packages/airflow/example_dags/example_xcomargs.py took 0.059 seconds
[2023-12-18T14:29:15.462+0000] {processor.py:157} INFO - Started process (PID=560) to work on /home/airflow/.local/lib/python3.8/site-packages/airflow/example_dags/example_xcomargs.py
[2023-12-18T14:29:15.463+0000] {processor.py:829} INFO - Processing file /home/airflow/.local/lib/python3.8/site-packages/airflow/example_dags/example_xcomargs.py for tasks to queue
[2023-12-18T14:29:15.464+0000] {logging_mixin.py:154} INFO - [2023-12-18T14:29:15.464+0000] {dagbag.py:536} INFO - Filling up the DagBag from /home/airflow/.local/lib/python3.8/site-packages/airflow/example_dags/example_xcomargs.py
[2023-12-18T14:29:15.468+0000] {processor.py:839} INFO - DAG(s) dict_keys(['example_xcom_args_with_operators', 'example_xcom_args']) retrieved from /home/airflow/.local/lib/python3.8/site-packages/airflow/example_dags/example_xcomargs.py
[2023-12-18T14:29:15.486+0000] {logging_mixin.py:154} INFO - [2023-12-18T14:29:15.486+0000] {dag.py:2941} INFO - Sync 2 DAGs
[2023-12-18T14:29:15.498+0000] {logging_mixin.py:154} INFO - [2023-12-18T14:29:15.498+0000] {dag.py:3722} INFO - Setting next_dagrun for example_xcom_args to None, run_after=None
[2023-12-18T14:29:15.501+0000] {logging_mixin.py:154} INFO - [2023-12-18T14:29:15.501+0000] {dag.py:3722} INFO - Setting next_dagrun for example_xcom_args_with_operators to None, run_after=None
[2023-12-18T14:29:15.511+0000] {processor.py:179} INFO - Processing /home/airflow/.local/lib/python3.8/site-packages/airflow/example_dags/example_xcomargs.py took 0.051 seconds
[2023-12-18T14:29:45.526+0000] {processor.py:157} INFO - Started process (PID=628) to work on /home/airflow/.local/lib/python3.8/site-packages/airflow/example_dags/example_xcomargs.py
[2023-12-18T14:29:45.527+0000] {processor.py:829} INFO - Processing file /home/airflow/.local/lib/python3.8/site-packages/airflow/example_dags/example_xcomargs.py for tasks to queue
[2023-12-18T14:29:45.528+0000] {logging_mixin.py:154} INFO - [2023-12-18T14:29:45.528+0000] {dagbag.py:536} INFO - Filling up the DagBag from /home/airflow/.local/lib/python3.8/site-packages/airflow/example_dags/example_xcomargs.py
[2023-12-18T14:29:45.532+0000] {processor.py:839} INFO - DAG(s) dict_keys(['example_xcom_args', 'example_xcom_args_with_operators']) retrieved from /home/airflow/.local/lib/python3.8/site-packages/airflow/example_dags/example_xcomargs.py
[2023-12-18T14:29:45.546+0000] {logging_mixin.py:154} INFO - [2023-12-18T14:29:45.546+0000] {dag.py:2941} INFO - Sync 2 DAGs
[2023-12-18T14:29:45.553+0000] {logging_mixin.py:154} INFO - [2023-12-18T14:29:45.553+0000] {dag.py:3722} INFO - Setting next_dagrun for example_xcom_args to None, run_after=None
[2023-12-18T14:29:45.555+0000] {logging_mixin.py:154} INFO - [2023-12-18T14:29:45.555+0000] {dag.py:3722} INFO - Setting next_dagrun for example_xcom_args_with_operators to None, run_after=None
[2023-12-18T14:29:45.563+0000] {processor.py:179} INFO - Processing /home/airflow/.local/lib/python3.8/site-packages/airflow/example_dags/example_xcomargs.py took 0.039 seconds
[2023-12-18T14:30:15.790+0000] {processor.py:157} INFO - Started process (PID=699) to work on /home/airflow/.local/lib/python3.8/site-packages/airflow/example_dags/example_xcomargs.py
[2023-12-18T14:30:15.791+0000] {processor.py:829} INFO - Processing file /home/airflow/.local/lib/python3.8/site-packages/airflow/example_dags/example_xcomargs.py for tasks to queue
[2023-12-18T14:30:15.792+0000] {logging_mixin.py:154} INFO - [2023-12-18T14:30:15.792+0000] {dagbag.py:536} INFO - Filling up the DagBag from /home/airflow/.local/lib/python3.8/site-packages/airflow/example_dags/example_xcomargs.py
[2023-12-18T14:30:15.797+0000] {processor.py:839} INFO - DAG(s) dict_keys(['example_xcom_args', 'example_xcom_args_with_operators']) retrieved from /home/airflow/.local/lib/python3.8/site-packages/airflow/example_dags/example_xcomargs.py
[2023-12-18T14:30:15.813+0000] {logging_mixin.py:154} INFO - [2023-12-18T14:30:15.813+0000] {dag.py:2941} INFO - Sync 2 DAGs
[2023-12-18T14:30:15.821+0000] {logging_mixin.py:154} INFO - [2023-12-18T14:30:15.821+0000] {dag.py:3722} INFO - Setting next_dagrun for example_xcom_args to None, run_after=None
[2023-12-18T14:30:15.823+0000] {logging_mixin.py:154} INFO - [2023-12-18T14:30:15.823+0000] {dag.py:3722} INFO - Setting next_dagrun for example_xcom_args_with_operators to None, run_after=None
[2023-12-18T14:30:15.835+0000] {processor.py:179} INFO - Processing /home/airflow/.local/lib/python3.8/site-packages/airflow/example_dags/example_xcomargs.py took 0.047 seconds
[2023-12-18T14:30:45.886+0000] {processor.py:157} INFO - Started process (PID=769) to work on /home/airflow/.local/lib/python3.8/site-packages/airflow/example_dags/example_xcomargs.py
[2023-12-18T14:30:45.886+0000] {processor.py:829} INFO - Processing file /home/airflow/.local/lib/python3.8/site-packages/airflow/example_dags/example_xcomargs.py for tasks to queue
[2023-12-18T14:30:45.888+0000] {logging_mixin.py:154} INFO - [2023-12-18T14:30:45.888+0000] {dagbag.py:536} INFO - Filling up the DagBag from /home/airflow/.local/lib/python3.8/site-packages/airflow/example_dags/example_xcomargs.py
[2023-12-18T14:30:45.892+0000] {processor.py:839} INFO - DAG(s) dict_keys(['example_xcom_args_with_operators', 'example_xcom_args']) retrieved from /home/airflow/.local/lib/python3.8/site-packages/airflow/example_dags/example_xcomargs.py
[2023-12-18T14:30:45.905+0000] {logging_mixin.py:154} INFO - [2023-12-18T14:30:45.905+0000] {dag.py:2941} INFO - Sync 2 DAGs
[2023-12-18T14:30:45.912+0000] {logging_mixin.py:154} INFO - [2023-12-18T14:30:45.912+0000] {dag.py:3722} INFO - Setting next_dagrun for example_xcom_args to None, run_after=None
[2023-12-18T14:30:45.914+0000] {logging_mixin.py:154} INFO - [2023-12-18T14:30:45.914+0000] {dag.py:3722} INFO - Setting next_dagrun for example_xcom_args_with_operators to None, run_after=None
[2023-12-18T14:30:45.923+0000] {processor.py:179} INFO - Processing /home/airflow/.local/lib/python3.8/site-packages/airflow/example_dags/example_xcomargs.py took 0.039 seconds
[2023-12-18T14:31:16.000+0000] {processor.py:157} INFO - Started process (PID=831) to work on /home/airflow/.local/lib/python3.8/site-packages/airflow/example_dags/example_xcomargs.py
[2023-12-18T14:31:16.000+0000] {processor.py:829} INFO - Processing file /home/airflow/.local/lib/python3.8/site-packages/airflow/example_dags/example_xcomargs.py for tasks to queue
[2023-12-18T14:31:16.002+0000] {logging_mixin.py:154} INFO - [2023-12-18T14:31:16.002+0000] {dagbag.py:536} INFO - Filling up the DagBag from /home/airflow/.local/lib/python3.8/site-packages/airflow/example_dags/example_xcomargs.py
[2023-12-18T14:31:16.006+0000] {processor.py:839} INFO - DAG(s) dict_keys(['example_xcom_args_with_operators', 'example_xcom_args']) retrieved from /home/airflow/.local/lib/python3.8/site-packages/airflow/example_dags/example_xcomargs.py
[2023-12-18T14:31:16.021+0000] {logging_mixin.py:154} INFO - [2023-12-18T14:31:16.021+0000] {dag.py:2941} INFO - Sync 2 DAGs
[2023-12-18T14:31:16.030+0000] {logging_mixin.py:154} INFO - [2023-12-18T14:31:16.030+0000] {dag.py:3722} INFO - Setting next_dagrun for example_xcom_args to None, run_after=None
[2023-12-18T14:31:16.033+0000] {logging_mixin.py:154} INFO - [2023-12-18T14:31:16.033+0000] {dag.py:3722} INFO - Setting next_dagrun for example_xcom_args_with_operators to None, run_after=None
[2023-12-18T14:31:16.045+0000] {processor.py:179} INFO - Processing /home/airflow/.local/lib/python3.8/site-packages/airflow/example_dags/example_xcomargs.py took 0.047 seconds
[2023-12-18T14:31:46.944+0000] {processor.py:157} INFO - Started process (PID=907) to work on /home/airflow/.local/lib/python3.8/site-packages/airflow/example_dags/example_xcomargs.py
[2023-12-18T14:31:46.944+0000] {processor.py:829} INFO - Processing file /home/airflow/.local/lib/python3.8/site-packages/airflow/example_dags/example_xcomargs.py for tasks to queue
[2023-12-18T14:31:46.945+0000] {logging_mixin.py:154} INFO - [2023-12-18T14:31:46.945+0000] {dagbag.py:536} INFO - Filling up the DagBag from /home/airflow/.local/lib/python3.8/site-packages/airflow/example_dags/example_xcomargs.py
[2023-12-18T14:31:46.951+0000] {processor.py:839} INFO - DAG(s) dict_keys(['example_xcom_args_with_operators', 'example_xcom_args']) retrieved from /home/airflow/.local/lib/python3.8/site-packages/airflow/example_dags/example_xcomargs.py
[2023-12-18T14:31:46.982+0000] {logging_mixin.py:154} INFO - [2023-12-18T14:31:46.981+0000] {dag.py:2941} INFO - Sync 2 DAGs
[2023-12-18T14:31:47.002+0000] {logging_mixin.py:154} INFO - [2023-12-18T14:31:47.002+0000] {dag.py:3722} INFO - Setting next_dagrun for example_xcom_args to None, run_after=None
[2023-12-18T14:31:47.006+0000] {logging_mixin.py:154} INFO - [2023-12-18T14:31:47.006+0000] {dag.py:3722} INFO - Setting next_dagrun for example_xcom_args_with_operators to None, run_after=None
[2023-12-18T14:31:47.024+0000] {processor.py:179} INFO - Processing /home/airflow/.local/lib/python3.8/site-packages/airflow/example_dags/example_xcomargs.py took 0.082 seconds
[2023-12-18T14:32:17.087+0000] {processor.py:157} INFO - Started process (PID=975) to work on /home/airflow/.local/lib/python3.8/site-packages/airflow/example_dags/example_xcomargs.py
[2023-12-18T14:32:17.088+0000] {processor.py:829} INFO - Processing file /home/airflow/.local/lib/python3.8/site-packages/airflow/example_dags/example_xcomargs.py for tasks to queue
[2023-12-18T14:32:17.089+0000] {logging_mixin.py:154} INFO - [2023-12-18T14:32:17.089+0000] {dagbag.py:536} INFO - Filling up the DagBag from /home/airflow/.local/lib/python3.8/site-packages/airflow/example_dags/example_xcomargs.py
[2023-12-18T14:32:17.093+0000] {processor.py:839} INFO - DAG(s) dict_keys(['example_xcom_args', 'example_xcom_args_with_operators']) retrieved from /home/airflow/.local/lib/python3.8/site-packages/airflow/example_dags/example_xcomargs.py
[2023-12-18T14:32:17.108+0000] {logging_mixin.py:154} INFO - [2023-12-18T14:32:17.108+0000] {dag.py:2941} INFO - Sync 2 DAGs
[2023-12-18T14:32:17.117+0000] {logging_mixin.py:154} INFO - [2023-12-18T14:32:17.117+0000] {dag.py:3722} INFO - Setting next_dagrun for example_xcom_args to None, run_after=None
[2023-12-18T14:32:17.121+0000] {logging_mixin.py:154} INFO - [2023-12-18T14:32:17.121+0000] {dag.py:3722} INFO - Setting next_dagrun for example_xcom_args_with_operators to None, run_after=None
[2023-12-18T14:32:17.139+0000] {processor.py:179} INFO - Processing /home/airflow/.local/lib/python3.8/site-packages/airflow/example_dags/example_xcomargs.py took 0.054 seconds
[2023-12-18T14:32:47.945+0000] {processor.py:157} INFO - Started process (PID=1043) to work on /home/airflow/.local/lib/python3.8/site-packages/airflow/example_dags/example_xcomargs.py
[2023-12-18T14:32:47.946+0000] {processor.py:829} INFO - Processing file /home/airflow/.local/lib/python3.8/site-packages/airflow/example_dags/example_xcomargs.py for tasks to queue
[2023-12-18T14:32:47.947+0000] {logging_mixin.py:154} INFO - [2023-12-18T14:32:47.947+0000] {dagbag.py:536} INFO - Filling up the DagBag from /home/airflow/.local/lib/python3.8/site-packages/airflow/example_dags/example_xcomargs.py
[2023-12-18T14:32:47.952+0000] {processor.py:839} INFO - DAG(s) dict_keys(['example_xcom_args', 'example_xcom_args_with_operators']) retrieved from /home/airflow/.local/lib/python3.8/site-packages/airflow/example_dags/example_xcomargs.py
[2023-12-18T14:32:47.968+0000] {logging_mixin.py:154} INFO - [2023-12-18T14:32:47.968+0000] {dag.py:2941} INFO - Sync 2 DAGs
[2023-12-18T14:32:47.977+0000] {logging_mixin.py:154} INFO - [2023-12-18T14:32:47.977+0000] {dag.py:3722} INFO - Setting next_dagrun for example_xcom_args to None, run_after=None
[2023-12-18T14:32:47.979+0000] {logging_mixin.py:154} INFO - [2023-12-18T14:32:47.979+0000] {dag.py:3722} INFO - Setting next_dagrun for example_xcom_args_with_operators to None, run_after=None
[2023-12-18T14:32:47.990+0000] {processor.py:179} INFO - Processing /home/airflow/.local/lib/python3.8/site-packages/airflow/example_dags/example_xcomargs.py took 0.047 seconds
[2023-12-18T14:33:18.637+0000] {processor.py:157} INFO - Started process (PID=1112) to work on /home/airflow/.local/lib/python3.8/site-packages/airflow/example_dags/example_xcomargs.py
[2023-12-18T14:33:18.637+0000] {processor.py:829} INFO - Processing file /home/airflow/.local/lib/python3.8/site-packages/airflow/example_dags/example_xcomargs.py for tasks to queue
[2023-12-18T14:33:18.638+0000] {logging_mixin.py:154} INFO - [2023-12-18T14:33:18.638+0000] {dagbag.py:536} INFO - Filling up the DagBag from /home/airflow/.local/lib/python3.8/site-packages/airflow/example_dags/example_xcomargs.py
[2023-12-18T14:33:18.643+0000] {processor.py:839} INFO - DAG(s) dict_keys(['example_xcom_args', 'example_xcom_args_with_operators']) retrieved from /home/airflow/.local/lib/python3.8/site-packages/airflow/example_dags/example_xcomargs.py
[2023-12-18T14:33:18.657+0000] {logging_mixin.py:154} INFO - [2023-12-18T14:33:18.656+0000] {dag.py:2941} INFO - Sync 2 DAGs
[2023-12-18T14:33:18.682+0000] {logging_mixin.py:154} INFO - [2023-12-18T14:33:18.682+0000] {dag.py:3722} INFO - Setting next_dagrun for example_xcom_args to None, run_after=None
[2023-12-18T14:33:18.685+0000] {logging_mixin.py:154} INFO - [2023-12-18T14:33:18.685+0000] {dag.py:3722} INFO - Setting next_dagrun for example_xcom_args_with_operators to None, run_after=None
[2023-12-18T14:33:18.695+0000] {processor.py:179} INFO - Processing /home/airflow/.local/lib/python3.8/site-packages/airflow/example_dags/example_xcomargs.py took 0.060 seconds
[2023-12-18T14:33:49.526+0000] {processor.py:157} INFO - Started process (PID=1181) to work on /home/airflow/.local/lib/python3.8/site-packages/airflow/example_dags/example_xcomargs.py
[2023-12-18T14:33:49.527+0000] {processor.py:829} INFO - Processing file /home/airflow/.local/lib/python3.8/site-packages/airflow/example_dags/example_xcomargs.py for tasks to queue
[2023-12-18T14:33:49.528+0000] {logging_mixin.py:154} INFO - [2023-12-18T14:33:49.528+0000] {dagbag.py:536} INFO - Filling up the DagBag from /home/airflow/.local/lib/python3.8/site-packages/airflow/example_dags/example_xcomargs.py
[2023-12-18T14:33:49.532+0000] {processor.py:839} INFO - DAG(s) dict_keys(['example_xcom_args_with_operators', 'example_xcom_args']) retrieved from /home/airflow/.local/lib/python3.8/site-packages/airflow/example_dags/example_xcomargs.py
[2023-12-18T14:33:49.547+0000] {logging_mixin.py:154} INFO - [2023-12-18T14:33:49.547+0000] {dag.py:2941} INFO - Sync 2 DAGs
[2023-12-18T14:33:49.555+0000] {logging_mixin.py:154} INFO - [2023-12-18T14:33:49.554+0000] {dag.py:3722} INFO - Setting next_dagrun for example_xcom_args to None, run_after=None
[2023-12-18T14:33:49.557+0000] {logging_mixin.py:154} INFO - [2023-12-18T14:33:49.557+0000] {dag.py:3722} INFO - Setting next_dagrun for example_xcom_args_with_operators to None, run_after=None
[2023-12-18T14:33:49.587+0000] {processor.py:179} INFO - Processing /home/airflow/.local/lib/python3.8/site-packages/airflow/example_dags/example_xcomargs.py took 0.063 seconds
[2023-12-18T14:34:19.691+0000] {processor.py:157} INFO - Started process (PID=1250) to work on /home/airflow/.local/lib/python3.8/site-packages/airflow/example_dags/example_xcomargs.py
[2023-12-18T14:34:19.691+0000] {processor.py:829} INFO - Processing file /home/airflow/.local/lib/python3.8/site-packages/airflow/example_dags/example_xcomargs.py for tasks to queue
[2023-12-18T14:34:19.693+0000] {logging_mixin.py:154} INFO - [2023-12-18T14:34:19.692+0000] {dagbag.py:536} INFO - Filling up the DagBag from /home/airflow/.local/lib/python3.8/site-packages/airflow/example_dags/example_xcomargs.py
[2023-12-18T14:34:19.697+0000] {processor.py:839} INFO - DAG(s) dict_keys(['example_xcom_args_with_operators', 'example_xcom_args']) retrieved from /home/airflow/.local/lib/python3.8/site-packages/airflow/example_dags/example_xcomargs.py
[2023-12-18T14:34:19.714+0000] {logging_mixin.py:154} INFO - [2023-12-18T14:34:19.714+0000] {dag.py:2941} INFO - Sync 2 DAGs
[2023-12-18T14:34:19.725+0000] {logging_mixin.py:154} INFO - [2023-12-18T14:34:19.725+0000] {dag.py:3722} INFO - Setting next_dagrun for example_xcom_args to None, run_after=None
[2023-12-18T14:34:19.728+0000] {logging_mixin.py:154} INFO - [2023-12-18T14:34:19.728+0000] {dag.py:3722} INFO - Setting next_dagrun for example_xcom_args_with_operators to None, run_after=None
[2023-12-18T14:34:19.739+0000] {processor.py:179} INFO - Processing /home/airflow/.local/lib/python3.8/site-packages/airflow/example_dags/example_xcomargs.py took 0.050 seconds
[2023-12-18T14:34:50.840+0000] {processor.py:157} INFO - Started process (PID=1320) to work on /home/airflow/.local/lib/python3.8/site-packages/airflow/example_dags/example_xcomargs.py
[2023-12-18T14:34:50.841+0000] {processor.py:829} INFO - Processing file /home/airflow/.local/lib/python3.8/site-packages/airflow/example_dags/example_xcomargs.py for tasks to queue
[2023-12-18T14:34:50.842+0000] {logging_mixin.py:154} INFO - [2023-12-18T14:34:50.842+0000] {dagbag.py:536} INFO - Filling up the DagBag from /home/airflow/.local/lib/python3.8/site-packages/airflow/example_dags/example_xcomargs.py
[2023-12-18T14:34:50.847+0000] {processor.py:839} INFO - DAG(s) dict_keys(['example_xcom_args_with_operators', 'example_xcom_args']) retrieved from /home/airflow/.local/lib/python3.8/site-packages/airflow/example_dags/example_xcomargs.py
[2023-12-18T14:34:50.862+0000] {logging_mixin.py:154} INFO - [2023-12-18T14:34:50.862+0000] {dag.py:2941} INFO - Sync 2 DAGs
[2023-12-18T14:34:50.869+0000] {logging_mixin.py:154} INFO - [2023-12-18T14:34:50.869+0000] {dag.py:3722} INFO - Setting next_dagrun for example_xcom_args to None, run_after=None
[2023-12-18T14:34:50.871+0000] {logging_mixin.py:154} INFO - [2023-12-18T14:34:50.871+0000] {dag.py:3722} INFO - Setting next_dagrun for example_xcom_args_with_operators to None, run_after=None
[2023-12-18T14:34:50.880+0000] {processor.py:179} INFO - Processing /home/airflow/.local/lib/python3.8/site-packages/airflow/example_dags/example_xcomargs.py took 0.042 seconds
[2023-12-18T14:35:20.954+0000] {processor.py:157} INFO - Started process (PID=1389) to work on /home/airflow/.local/lib/python3.8/site-packages/airflow/example_dags/example_xcomargs.py
[2023-12-18T14:35:20.954+0000] {processor.py:829} INFO - Processing file /home/airflow/.local/lib/python3.8/site-packages/airflow/example_dags/example_xcomargs.py for tasks to queue
[2023-12-18T14:35:20.956+0000] {logging_mixin.py:154} INFO - [2023-12-18T14:35:20.955+0000] {dagbag.py:536} INFO - Filling up the DagBag from /home/airflow/.local/lib/python3.8/site-packages/airflow/example_dags/example_xcomargs.py
[2023-12-18T14:35:20.960+0000] {processor.py:839} INFO - DAG(s) dict_keys(['example_xcom_args', 'example_xcom_args_with_operators']) retrieved from /home/airflow/.local/lib/python3.8/site-packages/airflow/example_dags/example_xcomargs.py
[2023-12-18T14:35:20.975+0000] {logging_mixin.py:154} INFO - [2023-12-18T14:35:20.975+0000] {dag.py:2941} INFO - Sync 2 DAGs
[2023-12-18T14:35:20.983+0000] {logging_mixin.py:154} INFO - [2023-12-18T14:35:20.983+0000] {dag.py:3722} INFO - Setting next_dagrun for example_xcom_args to None, run_after=None
[2023-12-18T14:35:20.986+0000] {logging_mixin.py:154} INFO - [2023-12-18T14:35:20.985+0000] {dag.py:3722} INFO - Setting next_dagrun for example_xcom_args_with_operators to None, run_after=None
[2023-12-18T14:35:20.995+0000] {processor.py:179} INFO - Processing /home/airflow/.local/lib/python3.8/site-packages/airflow/example_dags/example_xcomargs.py took 0.043 seconds
[2023-12-18T14:35:51.046+0000] {processor.py:157} INFO - Started process (PID=1457) to work on /home/airflow/.local/lib/python3.8/site-packages/airflow/example_dags/example_xcomargs.py
[2023-12-18T14:35:51.047+0000] {processor.py:829} INFO - Processing file /home/airflow/.local/lib/python3.8/site-packages/airflow/example_dags/example_xcomargs.py for tasks to queue
[2023-12-18T14:35:51.048+0000] {logging_mixin.py:154} INFO - [2023-12-18T14:35:51.048+0000] {dagbag.py:536} INFO - Filling up the DagBag from /home/airflow/.local/lib/python3.8/site-packages/airflow/example_dags/example_xcomargs.py
[2023-12-18T14:35:51.053+0000] {processor.py:839} INFO - DAG(s) dict_keys(['example_xcom_args', 'example_xcom_args_with_operators']) retrieved from /home/airflow/.local/lib/python3.8/site-packages/airflow/example_dags/example_xcomargs.py
[2023-12-18T14:35:51.067+0000] {logging_mixin.py:154} INFO - [2023-12-18T14:35:51.067+0000] {dag.py:2941} INFO - Sync 2 DAGs
[2023-12-18T14:35:51.076+0000] {logging_mixin.py:154} INFO - [2023-12-18T14:35:51.075+0000] {dag.py:3722} INFO - Setting next_dagrun for example_xcom_args to None, run_after=None
[2023-12-18T14:35:51.078+0000] {logging_mixin.py:154} INFO - [2023-12-18T14:35:51.078+0000] {dag.py:3722} INFO - Setting next_dagrun for example_xcom_args_with_operators to None, run_after=None
[2023-12-18T14:35:51.087+0000] {processor.py:179} INFO - Processing /home/airflow/.local/lib/python3.8/site-packages/airflow/example_dags/example_xcomargs.py took 0.043 seconds
[2023-12-18T14:36:21.132+0000] {processor.py:157} INFO - Started process (PID=1526) to work on /home/airflow/.local/lib/python3.8/site-packages/airflow/example_dags/example_xcomargs.py
[2023-12-18T14:36:21.133+0000] {processor.py:829} INFO - Processing file /home/airflow/.local/lib/python3.8/site-packages/airflow/example_dags/example_xcomargs.py for tasks to queue
[2023-12-18T14:36:21.134+0000] {logging_mixin.py:154} INFO - [2023-12-18T14:36:21.134+0000] {dagbag.py:536} INFO - Filling up the DagBag from /home/airflow/.local/lib/python3.8/site-packages/airflow/example_dags/example_xcomargs.py
[2023-12-18T14:36:21.139+0000] {processor.py:839} INFO - DAG(s) dict_keys(['example_xcom_args_with_operators', 'example_xcom_args']) retrieved from /home/airflow/.local/lib/python3.8/site-packages/airflow/example_dags/example_xcomargs.py
[2023-12-18T14:36:21.153+0000] {logging_mixin.py:154} INFO - [2023-12-18T14:36:21.153+0000] {dag.py:2941} INFO - Sync 2 DAGs
[2023-12-18T14:36:21.162+0000] {logging_mixin.py:154} INFO - [2023-12-18T14:36:21.161+0000] {dag.py:3722} INFO - Setting next_dagrun for example_xcom_args to None, run_after=None
[2023-12-18T14:36:21.164+0000] {logging_mixin.py:154} INFO - [2023-12-18T14:36:21.164+0000] {dag.py:3722} INFO - Setting next_dagrun for example_xcom_args_with_operators to None, run_after=None
[2023-12-18T14:36:21.190+0000] {processor.py:179} INFO - Processing /home/airflow/.local/lib/python3.8/site-packages/airflow/example_dags/example_xcomargs.py took 0.059 seconds
[2023-12-18T14:36:51.311+0000] {processor.py:157} INFO - Started process (PID=1595) to work on /home/airflow/.local/lib/python3.8/site-packages/airflow/example_dags/example_xcomargs.py
[2023-12-18T14:36:51.312+0000] {processor.py:829} INFO - Processing file /home/airflow/.local/lib/python3.8/site-packages/airflow/example_dags/example_xcomargs.py for tasks to queue
[2023-12-18T14:36:51.313+0000] {logging_mixin.py:154} INFO - [2023-12-18T14:36:51.313+0000] {dagbag.py:536} INFO - Filling up the DagBag from /home/airflow/.local/lib/python3.8/site-packages/airflow/example_dags/example_xcomargs.py
[2023-12-18T14:36:51.317+0000] {processor.py:839} INFO - DAG(s) dict_keys(['example_xcom_args', 'example_xcom_args_with_operators']) retrieved from /home/airflow/.local/lib/python3.8/site-packages/airflow/example_dags/example_xcomargs.py
[2023-12-18T14:36:51.332+0000] {logging_mixin.py:154} INFO - [2023-12-18T14:36:51.332+0000] {dag.py:2941} INFO - Sync 2 DAGs
[2023-12-18T14:36:51.339+0000] {logging_mixin.py:154} INFO - [2023-12-18T14:36:51.339+0000] {dag.py:3722} INFO - Setting next_dagrun for example_xcom_args to None, run_after=None
[2023-12-18T14:36:51.341+0000] {logging_mixin.py:154} INFO - [2023-12-18T14:36:51.341+0000] {dag.py:3722} INFO - Setting next_dagrun for example_xcom_args_with_operators to None, run_after=None
[2023-12-18T14:36:51.349+0000] {processor.py:179} INFO - Processing /home/airflow/.local/lib/python3.8/site-packages/airflow/example_dags/example_xcomargs.py took 0.039 seconds
[2023-12-18T14:37:22.291+0000] {processor.py:157} INFO - Started process (PID=1664) to work on /home/airflow/.local/lib/python3.8/site-packages/airflow/example_dags/example_xcomargs.py
[2023-12-18T14:37:22.291+0000] {processor.py:829} INFO - Processing file /home/airflow/.local/lib/python3.8/site-packages/airflow/example_dags/example_xcomargs.py for tasks to queue
[2023-12-18T14:37:22.292+0000] {logging_mixin.py:154} INFO - [2023-12-18T14:37:22.292+0000] {dagbag.py:536} INFO - Filling up the DagBag from /home/airflow/.local/lib/python3.8/site-packages/airflow/example_dags/example_xcomargs.py
[2023-12-18T14:37:22.297+0000] {processor.py:839} INFO - DAG(s) dict_keys(['example_xcom_args', 'example_xcom_args_with_operators']) retrieved from /home/airflow/.local/lib/python3.8/site-packages/airflow/example_dags/example_xcomargs.py
[2023-12-18T14:37:22.311+0000] {logging_mixin.py:154} INFO - [2023-12-18T14:37:22.311+0000] {dag.py:2941} INFO - Sync 2 DAGs
[2023-12-18T14:37:22.319+0000] {logging_mixin.py:154} INFO - [2023-12-18T14:37:22.319+0000] {dag.py:3722} INFO - Setting next_dagrun for example_xcom_args to None, run_after=None
[2023-12-18T14:37:22.321+0000] {logging_mixin.py:154} INFO - [2023-12-18T14:37:22.321+0000] {dag.py:3722} INFO - Setting next_dagrun for example_xcom_args_with_operators to None, run_after=None
[2023-12-18T14:37:22.330+0000] {processor.py:179} INFO - Processing /home/airflow/.local/lib/python3.8/site-packages/airflow/example_dags/example_xcomargs.py took 0.041 seconds
[2023-12-18T14:37:52.946+0000] {processor.py:157} INFO - Started process (PID=1733) to work on /home/airflow/.local/lib/python3.8/site-packages/airflow/example_dags/example_xcomargs.py
[2023-12-18T14:37:52.946+0000] {processor.py:829} INFO - Processing file /home/airflow/.local/lib/python3.8/site-packages/airflow/example_dags/example_xcomargs.py for tasks to queue
[2023-12-18T14:37:52.947+0000] {logging_mixin.py:154} INFO - [2023-12-18T14:37:52.947+0000] {dagbag.py:536} INFO - Filling up the DagBag from /home/airflow/.local/lib/python3.8/site-packages/airflow/example_dags/example_xcomargs.py
[2023-12-18T14:37:52.952+0000] {processor.py:839} INFO - DAG(s) dict_keys(['example_xcom_args', 'example_xcom_args_with_operators']) retrieved from /home/airflow/.local/lib/python3.8/site-packages/airflow/example_dags/example_xcomargs.py
[2023-12-18T14:37:52.966+0000] {logging_mixin.py:154} INFO - [2023-12-18T14:37:52.966+0000] {dag.py:2941} INFO - Sync 2 DAGs
[2023-12-18T14:37:52.987+0000] {logging_mixin.py:154} INFO - [2023-12-18T14:37:52.987+0000] {dag.py:3722} INFO - Setting next_dagrun for example_xcom_args to None, run_after=None
[2023-12-18T14:37:52.989+0000] {logging_mixin.py:154} INFO - [2023-12-18T14:37:52.989+0000] {dag.py:3722} INFO - Setting next_dagrun for example_xcom_args_with_operators to None, run_after=None
[2023-12-18T14:37:52.998+0000] {processor.py:179} INFO - Processing /home/airflow/.local/lib/python3.8/site-packages/airflow/example_dags/example_xcomargs.py took 0.055 seconds
[2023-12-18T14:38:23.761+0000] {processor.py:157} INFO - Started process (PID=1802) to work on /home/airflow/.local/lib/python3.8/site-packages/airflow/example_dags/example_xcomargs.py
[2023-12-18T14:38:23.762+0000] {processor.py:829} INFO - Processing file /home/airflow/.local/lib/python3.8/site-packages/airflow/example_dags/example_xcomargs.py for tasks to queue
[2023-12-18T14:38:23.763+0000] {logging_mixin.py:154} INFO - [2023-12-18T14:38:23.763+0000] {dagbag.py:536} INFO - Filling up the DagBag from /home/airflow/.local/lib/python3.8/site-packages/airflow/example_dags/example_xcomargs.py
[2023-12-18T14:38:23.784+0000] {processor.py:839} INFO - DAG(s) dict_keys(['example_xcom_args', 'example_xcom_args_with_operators']) retrieved from /home/airflow/.local/lib/python3.8/site-packages/airflow/example_dags/example_xcomargs.py
[2023-12-18T14:38:23.799+0000] {logging_mixin.py:154} INFO - [2023-12-18T14:38:23.798+0000] {dag.py:2941} INFO - Sync 2 DAGs
[2023-12-18T14:38:23.807+0000] {logging_mixin.py:154} INFO - [2023-12-18T14:38:23.807+0000] {dag.py:3722} INFO - Setting next_dagrun for example_xcom_args to None, run_after=None
[2023-12-18T14:38:23.809+0000] {logging_mixin.py:154} INFO - [2023-12-18T14:38:23.809+0000] {dag.py:3722} INFO - Setting next_dagrun for example_xcom_args_with_operators to None, run_after=None
[2023-12-18T14:38:23.818+0000] {processor.py:179} INFO - Processing /home/airflow/.local/lib/python3.8/site-packages/airflow/example_dags/example_xcomargs.py took 0.059 seconds
[2023-12-18T14:38:54.586+0000] {processor.py:157} INFO - Started process (PID=1871) to work on /home/airflow/.local/lib/python3.8/site-packages/airflow/example_dags/example_xcomargs.py
[2023-12-18T14:38:54.586+0000] {processor.py:829} INFO - Processing file /home/airflow/.local/lib/python3.8/site-packages/airflow/example_dags/example_xcomargs.py for tasks to queue
[2023-12-18T14:38:54.588+0000] {logging_mixin.py:154} INFO - [2023-12-18T14:38:54.587+0000] {dagbag.py:536} INFO - Filling up the DagBag from /home/airflow/.local/lib/python3.8/site-packages/airflow/example_dags/example_xcomargs.py
[2023-12-18T14:38:54.592+0000] {processor.py:839} INFO - DAG(s) dict_keys(['example_xcom_args_with_operators', 'example_xcom_args']) retrieved from /home/airflow/.local/lib/python3.8/site-packages/airflow/example_dags/example_xcomargs.py
[2023-12-18T14:38:54.606+0000] {logging_mixin.py:154} INFO - [2023-12-18T14:38:54.606+0000] {dag.py:2941} INFO - Sync 2 DAGs
[2023-12-18T14:38:54.614+0000] {logging_mixin.py:154} INFO - [2023-12-18T14:38:54.613+0000] {dag.py:3722} INFO - Setting next_dagrun for example_xcom_args to None, run_after=None
[2023-12-18T14:38:54.616+0000] {logging_mixin.py:154} INFO - [2023-12-18T14:38:54.615+0000] {dag.py:3722} INFO - Setting next_dagrun for example_xcom_args_with_operators to None, run_after=None
[2023-12-18T14:38:54.625+0000] {processor.py:179} INFO - Processing /home/airflow/.local/lib/python3.8/site-packages/airflow/example_dags/example_xcomargs.py took 0.041 seconds
[2023-12-18T14:39:55.459+0000] {processor.py:157} INFO - Started process (PID=70) to work on /home/airflow/.local/lib/python3.8/site-packages/airflow/example_dags/example_xcomargs.py
[2023-12-18T14:39:55.460+0000] {processor.py:829} INFO - Processing file /home/airflow/.local/lib/python3.8/site-packages/airflow/example_dags/example_xcomargs.py for tasks to queue
[2023-12-18T14:39:55.462+0000] {logging_mixin.py:154} INFO - [2023-12-18T14:39:55.462+0000] {dagbag.py:536} INFO - Filling up the DagBag from /home/airflow/.local/lib/python3.8/site-packages/airflow/example_dags/example_xcomargs.py
[2023-12-18T14:39:55.504+0000] {processor.py:839} INFO - DAG(s) dict_keys(['example_xcom_args', 'example_xcom_args_with_operators']) retrieved from /home/airflow/.local/lib/python3.8/site-packages/airflow/example_dags/example_xcomargs.py
[2023-12-18T14:39:55.537+0000] {logging_mixin.py:154} INFO - [2023-12-18T14:39:55.537+0000] {dag.py:2941} INFO - Sync 2 DAGs
[2023-12-18T14:39:55.559+0000] {logging_mixin.py:154} INFO - [2023-12-18T14:39:55.559+0000] {dag.py:3722} INFO - Setting next_dagrun for example_xcom_args to None, run_after=None
[2023-12-18T14:39:55.566+0000] {logging_mixin.py:154} INFO - [2023-12-18T14:39:55.565+0000] {dag.py:3722} INFO - Setting next_dagrun for example_xcom_args_with_operators to None, run_after=None
[2023-12-18T14:39:55.600+0000] {processor.py:179} INFO - Processing /home/airflow/.local/lib/python3.8/site-packages/airflow/example_dags/example_xcomargs.py took 0.145 seconds
[2023-12-18T14:40:25.719+0000] {processor.py:157} INFO - Started process (PID=139) to work on /home/airflow/.local/lib/python3.8/site-packages/airflow/example_dags/example_xcomargs.py
[2023-12-18T14:40:25.720+0000] {processor.py:829} INFO - Processing file /home/airflow/.local/lib/python3.8/site-packages/airflow/example_dags/example_xcomargs.py for tasks to queue
[2023-12-18T14:40:25.721+0000] {logging_mixin.py:154} INFO - [2023-12-18T14:40:25.721+0000] {dagbag.py:536} INFO - Filling up the DagBag from /home/airflow/.local/lib/python3.8/site-packages/airflow/example_dags/example_xcomargs.py
[2023-12-18T14:40:25.726+0000] {processor.py:839} INFO - DAG(s) dict_keys(['example_xcom_args', 'example_xcom_args_with_operators']) retrieved from /home/airflow/.local/lib/python3.8/site-packages/airflow/example_dags/example_xcomargs.py
[2023-12-18T14:40:25.742+0000] {logging_mixin.py:154} INFO - [2023-12-18T14:40:25.742+0000] {dag.py:2941} INFO - Sync 2 DAGs
[2023-12-18T14:40:25.750+0000] {logging_mixin.py:154} INFO - [2023-12-18T14:40:25.750+0000] {dag.py:3722} INFO - Setting next_dagrun for example_xcom_args to None, run_after=None
[2023-12-18T14:40:25.753+0000] {logging_mixin.py:154} INFO - [2023-12-18T14:40:25.753+0000] {dag.py:3722} INFO - Setting next_dagrun for example_xcom_args_with_operators to None, run_after=None
[2023-12-18T14:40:25.762+0000] {processor.py:179} INFO - Processing /home/airflow/.local/lib/python3.8/site-packages/airflow/example_dags/example_xcomargs.py took 0.046 seconds
[2023-12-18T14:40:55.944+0000] {processor.py:157} INFO - Started process (PID=208) to work on /home/airflow/.local/lib/python3.8/site-packages/airflow/example_dags/example_xcomargs.py
[2023-12-18T14:40:55.945+0000] {processor.py:829} INFO - Processing file /home/airflow/.local/lib/python3.8/site-packages/airflow/example_dags/example_xcomargs.py for tasks to queue
[2023-12-18T14:40:55.946+0000] {logging_mixin.py:154} INFO - [2023-12-18T14:40:55.946+0000] {dagbag.py:536} INFO - Filling up the DagBag from /home/airflow/.local/lib/python3.8/site-packages/airflow/example_dags/example_xcomargs.py
[2023-12-18T14:40:55.951+0000] {processor.py:839} INFO - DAG(s) dict_keys(['example_xcom_args', 'example_xcom_args_with_operators']) retrieved from /home/airflow/.local/lib/python3.8/site-packages/airflow/example_dags/example_xcomargs.py
[2023-12-18T14:40:55.969+0000] {logging_mixin.py:154} INFO - [2023-12-18T14:40:55.969+0000] {dag.py:2941} INFO - Sync 2 DAGs
[2023-12-18T14:40:55.977+0000] {logging_mixin.py:154} INFO - [2023-12-18T14:40:55.977+0000] {dag.py:3722} INFO - Setting next_dagrun for example_xcom_args to None, run_after=None
[2023-12-18T14:40:55.980+0000] {logging_mixin.py:154} INFO - [2023-12-18T14:40:55.980+0000] {dag.py:3722} INFO - Setting next_dagrun for example_xcom_args_with_operators to None, run_after=None
[2023-12-18T14:40:55.990+0000] {processor.py:179} INFO - Processing /home/airflow/.local/lib/python3.8/site-packages/airflow/example_dags/example_xcomargs.py took 0.048 seconds
[2023-12-18T14:41:26.717+0000] {processor.py:157} INFO - Started process (PID=277) to work on /home/airflow/.local/lib/python3.8/site-packages/airflow/example_dags/example_xcomargs.py
[2023-12-18T14:41:26.717+0000] {processor.py:829} INFO - Processing file /home/airflow/.local/lib/python3.8/site-packages/airflow/example_dags/example_xcomargs.py for tasks to queue
[2023-12-18T14:41:26.718+0000] {logging_mixin.py:154} INFO - [2023-12-18T14:41:26.718+0000] {dagbag.py:536} INFO - Filling up the DagBag from /home/airflow/.local/lib/python3.8/site-packages/airflow/example_dags/example_xcomargs.py
[2023-12-18T14:41:26.725+0000] {processor.py:839} INFO - DAG(s) dict_keys(['example_xcom_args', 'example_xcom_args_with_operators']) retrieved from /home/airflow/.local/lib/python3.8/site-packages/airflow/example_dags/example_xcomargs.py
[2023-12-18T14:41:26.740+0000] {logging_mixin.py:154} INFO - [2023-12-18T14:41:26.740+0000] {dag.py:2941} INFO - Sync 2 DAGs
[2023-12-18T14:41:26.748+0000] {logging_mixin.py:154} INFO - [2023-12-18T14:41:26.748+0000] {dag.py:3722} INFO - Setting next_dagrun for example_xcom_args to None, run_after=None
[2023-12-18T14:41:26.750+0000] {logging_mixin.py:154} INFO - [2023-12-18T14:41:26.750+0000] {dag.py:3722} INFO - Setting next_dagrun for example_xcom_args_with_operators to None, run_after=None
[2023-12-18T14:41:26.759+0000] {processor.py:179} INFO - Processing /home/airflow/.local/lib/python3.8/site-packages/airflow/example_dags/example_xcomargs.py took 0.045 seconds
[2023-12-18T14:41:57.462+0000] {processor.py:157} INFO - Started process (PID=347) to work on /home/airflow/.local/lib/python3.8/site-packages/airflow/example_dags/example_xcomargs.py
[2023-12-18T14:41:57.462+0000] {processor.py:829} INFO - Processing file /home/airflow/.local/lib/python3.8/site-packages/airflow/example_dags/example_xcomargs.py for tasks to queue
[2023-12-18T14:41:57.463+0000] {logging_mixin.py:154} INFO - [2023-12-18T14:41:57.463+0000] {dagbag.py:536} INFO - Filling up the DagBag from /home/airflow/.local/lib/python3.8/site-packages/airflow/example_dags/example_xcomargs.py
[2023-12-18T14:41:57.467+0000] {processor.py:839} INFO - DAG(s) dict_keys(['example_xcom_args', 'example_xcom_args_with_operators']) retrieved from /home/airflow/.local/lib/python3.8/site-packages/airflow/example_dags/example_xcomargs.py
[2023-12-18T14:41:57.495+0000] {logging_mixin.py:154} INFO - [2023-12-18T14:41:57.495+0000] {dag.py:2941} INFO - Sync 2 DAGs
[2023-12-18T14:41:57.502+0000] {logging_mixin.py:154} INFO - [2023-12-18T14:41:57.502+0000] {dag.py:3722} INFO - Setting next_dagrun for example_xcom_args to None, run_after=None
[2023-12-18T14:41:57.504+0000] {logging_mixin.py:154} INFO - [2023-12-18T14:41:57.504+0000] {dag.py:3722} INFO - Setting next_dagrun for example_xcom_args_with_operators to None, run_after=None
[2023-12-18T14:41:57.514+0000] {processor.py:179} INFO - Processing /home/airflow/.local/lib/python3.8/site-packages/airflow/example_dags/example_xcomargs.py took 0.054 seconds
[2023-12-18T14:42:28.431+0000] {processor.py:157} INFO - Started process (PID=416) to work on /home/airflow/.local/lib/python3.8/site-packages/airflow/example_dags/example_xcomargs.py
[2023-12-18T14:42:28.431+0000] {processor.py:829} INFO - Processing file /home/airflow/.local/lib/python3.8/site-packages/airflow/example_dags/example_xcomargs.py for tasks to queue
[2023-12-18T14:42:28.432+0000] {logging_mixin.py:154} INFO - [2023-12-18T14:42:28.432+0000] {dagbag.py:536} INFO - Filling up the DagBag from /home/airflow/.local/lib/python3.8/site-packages/airflow/example_dags/example_xcomargs.py
[2023-12-18T14:42:28.437+0000] {processor.py:839} INFO - DAG(s) dict_keys(['example_xcom_args_with_operators', 'example_xcom_args']) retrieved from /home/airflow/.local/lib/python3.8/site-packages/airflow/example_dags/example_xcomargs.py
[2023-12-18T14:42:28.454+0000] {logging_mixin.py:154} INFO - [2023-12-18T14:42:28.454+0000] {dag.py:2941} INFO - Sync 2 DAGs
[2023-12-18T14:42:28.466+0000] {logging_mixin.py:154} INFO - [2023-12-18T14:42:28.466+0000] {dag.py:3722} INFO - Setting next_dagrun for example_xcom_args to None, run_after=None
[2023-12-18T14:42:28.482+0000] {logging_mixin.py:154} INFO - [2023-12-18T14:42:28.481+0000] {dag.py:3722} INFO - Setting next_dagrun for example_xcom_args_with_operators to None, run_after=None
[2023-12-18T14:42:28.496+0000] {processor.py:179} INFO - Processing /home/airflow/.local/lib/python3.8/site-packages/airflow/example_dags/example_xcomargs.py took 0.067 seconds
[2023-12-18T14:42:58.649+0000] {processor.py:157} INFO - Started process (PID=485) to work on /home/airflow/.local/lib/python3.8/site-packages/airflow/example_dags/example_xcomargs.py
[2023-12-18T14:42:58.649+0000] {processor.py:829} INFO - Processing file /home/airflow/.local/lib/python3.8/site-packages/airflow/example_dags/example_xcomargs.py for tasks to queue
[2023-12-18T14:42:58.650+0000] {logging_mixin.py:154} INFO - [2023-12-18T14:42:58.650+0000] {dagbag.py:536} INFO - Filling up the DagBag from /home/airflow/.local/lib/python3.8/site-packages/airflow/example_dags/example_xcomargs.py
[2023-12-18T14:42:58.655+0000] {processor.py:839} INFO - DAG(s) dict_keys(['example_xcom_args_with_operators', 'example_xcom_args']) retrieved from /home/airflow/.local/lib/python3.8/site-packages/airflow/example_dags/example_xcomargs.py
[2023-12-18T14:42:58.669+0000] {logging_mixin.py:154} INFO - [2023-12-18T14:42:58.669+0000] {dag.py:2941} INFO - Sync 2 DAGs
[2023-12-18T14:42:58.685+0000] {logging_mixin.py:154} INFO - [2023-12-18T14:42:58.685+0000] {dag.py:3722} INFO - Setting next_dagrun for example_xcom_args to None, run_after=None
[2023-12-18T14:42:58.687+0000] {logging_mixin.py:154} INFO - [2023-12-18T14:42:58.687+0000] {dag.py:3722} INFO - Setting next_dagrun for example_xcom_args_with_operators to None, run_after=None
[2023-12-18T14:42:58.698+0000] {processor.py:179} INFO - Processing /home/airflow/.local/lib/python3.8/site-packages/airflow/example_dags/example_xcomargs.py took 0.051 seconds
[2023-12-18T14:44:36.097+0000] {processor.py:157} INFO - Started process (PID=68) to work on /home/airflow/.local/lib/python3.8/site-packages/airflow/example_dags/example_xcomargs.py
[2023-12-18T14:44:36.104+0000] {processor.py:829} INFO - Processing file /home/airflow/.local/lib/python3.8/site-packages/airflow/example_dags/example_xcomargs.py for tasks to queue
[2023-12-18T14:44:36.107+0000] {logging_mixin.py:154} INFO - [2023-12-18T14:44:36.107+0000] {dagbag.py:536} INFO - Filling up the DagBag from /home/airflow/.local/lib/python3.8/site-packages/airflow/example_dags/example_xcomargs.py
[2023-12-18T14:44:36.143+0000] {processor.py:839} INFO - DAG(s) dict_keys(['example_xcom_args', 'example_xcom_args_with_operators']) retrieved from /home/airflow/.local/lib/python3.8/site-packages/airflow/example_dags/example_xcomargs.py
[2023-12-18T14:44:36.189+0000] {logging_mixin.py:154} INFO - [2023-12-18T14:44:36.189+0000] {dag.py:2941} INFO - Sync 2 DAGs
[2023-12-18T14:44:36.207+0000] {logging_mixin.py:154} INFO - [2023-12-18T14:44:36.207+0000] {dag.py:3722} INFO - Setting next_dagrun for example_xcom_args to None, run_after=None
[2023-12-18T14:44:36.283+0000] {logging_mixin.py:154} INFO - [2023-12-18T14:44:36.283+0000] {dag.py:3722} INFO - Setting next_dagrun for example_xcom_args_with_operators to None, run_after=None
[2023-12-18T14:44:36.327+0000] {processor.py:179} INFO - Processing /home/airflow/.local/lib/python3.8/site-packages/airflow/example_dags/example_xcomargs.py took 0.238 seconds
[2023-12-18T14:45:06.435+0000] {processor.py:157} INFO - Started process (PID=138) to work on /home/airflow/.local/lib/python3.8/site-packages/airflow/example_dags/example_xcomargs.py
[2023-12-18T14:45:06.436+0000] {processor.py:829} INFO - Processing file /home/airflow/.local/lib/python3.8/site-packages/airflow/example_dags/example_xcomargs.py for tasks to queue
[2023-12-18T14:45:06.438+0000] {logging_mixin.py:154} INFO - [2023-12-18T14:45:06.438+0000] {dagbag.py:536} INFO - Filling up the DagBag from /home/airflow/.local/lib/python3.8/site-packages/airflow/example_dags/example_xcomargs.py
[2023-12-18T14:45:06.445+0000] {processor.py:839} INFO - DAG(s) dict_keys(['example_xcom_args_with_operators', 'example_xcom_args']) retrieved from /home/airflow/.local/lib/python3.8/site-packages/airflow/example_dags/example_xcomargs.py
[2023-12-18T14:45:06.471+0000] {logging_mixin.py:154} INFO - [2023-12-18T14:45:06.471+0000] {dag.py:2941} INFO - Sync 2 DAGs
[2023-12-18T14:45:06.484+0000] {logging_mixin.py:154} INFO - [2023-12-18T14:45:06.484+0000] {dag.py:3722} INFO - Setting next_dagrun for example_xcom_args to None, run_after=None
[2023-12-18T14:45:06.488+0000] {logging_mixin.py:154} INFO - [2023-12-18T14:45:06.487+0000] {dag.py:3722} INFO - Setting next_dagrun for example_xcom_args_with_operators to None, run_after=None
[2023-12-18T14:45:06.503+0000] {processor.py:179} INFO - Processing /home/airflow/.local/lib/python3.8/site-packages/airflow/example_dags/example_xcomargs.py took 0.071 seconds
[2023-12-18T14:45:36.522+0000] {processor.py:157} INFO - Started process (PID=207) to work on /home/airflow/.local/lib/python3.8/site-packages/airflow/example_dags/example_xcomargs.py
[2023-12-18T14:45:36.523+0000] {processor.py:829} INFO - Processing file /home/airflow/.local/lib/python3.8/site-packages/airflow/example_dags/example_xcomargs.py for tasks to queue
[2023-12-18T14:45:36.524+0000] {logging_mixin.py:154} INFO - [2023-12-18T14:45:36.524+0000] {dagbag.py:536} INFO - Filling up the DagBag from /home/airflow/.local/lib/python3.8/site-packages/airflow/example_dags/example_xcomargs.py
[2023-12-18T14:45:36.529+0000] {processor.py:839} INFO - DAG(s) dict_keys(['example_xcom_args', 'example_xcom_args_with_operators']) retrieved from /home/airflow/.local/lib/python3.8/site-packages/airflow/example_dags/example_xcomargs.py
[2023-12-18T14:45:36.544+0000] {logging_mixin.py:154} INFO - [2023-12-18T14:45:36.544+0000] {dag.py:2941} INFO - Sync 2 DAGs
[2023-12-18T14:45:36.552+0000] {logging_mixin.py:154} INFO - [2023-12-18T14:45:36.552+0000] {dag.py:3722} INFO - Setting next_dagrun for example_xcom_args to None, run_after=None
[2023-12-18T14:45:36.555+0000] {logging_mixin.py:154} INFO - [2023-12-18T14:45:36.554+0000] {dag.py:3722} INFO - Setting next_dagrun for example_xcom_args_with_operators to None, run_after=None
[2023-12-18T14:45:36.564+0000] {processor.py:179} INFO - Processing /home/airflow/.local/lib/python3.8/site-packages/airflow/example_dags/example_xcomargs.py took 0.043 seconds
[2023-12-18T14:46:06.699+0000] {processor.py:157} INFO - Started process (PID=276) to work on /home/airflow/.local/lib/python3.8/site-packages/airflow/example_dags/example_xcomargs.py
[2023-12-18T14:46:06.700+0000] {processor.py:829} INFO - Processing file /home/airflow/.local/lib/python3.8/site-packages/airflow/example_dags/example_xcomargs.py for tasks to queue
[2023-12-18T14:46:06.701+0000] {logging_mixin.py:154} INFO - [2023-12-18T14:46:06.701+0000] {dagbag.py:536} INFO - Filling up the DagBag from /home/airflow/.local/lib/python3.8/site-packages/airflow/example_dags/example_xcomargs.py
[2023-12-18T14:46:06.705+0000] {processor.py:839} INFO - DAG(s) dict_keys(['example_xcom_args', 'example_xcom_args_with_operators']) retrieved from /home/airflow/.local/lib/python3.8/site-packages/airflow/example_dags/example_xcomargs.py
[2023-12-18T14:46:06.723+0000] {logging_mixin.py:154} INFO - [2023-12-18T14:46:06.722+0000] {dag.py:2941} INFO - Sync 2 DAGs
[2023-12-18T14:46:06.733+0000] {logging_mixin.py:154} INFO - [2023-12-18T14:46:06.733+0000] {dag.py:3722} INFO - Setting next_dagrun for example_xcom_args to None, run_after=None
[2023-12-18T14:46:06.735+0000] {logging_mixin.py:154} INFO - [2023-12-18T14:46:06.735+0000] {dag.py:3722} INFO - Setting next_dagrun for example_xcom_args_with_operators to None, run_after=None
[2023-12-18T14:46:06.744+0000] {processor.py:179} INFO - Processing /home/airflow/.local/lib/python3.8/site-packages/airflow/example_dags/example_xcomargs.py took 0.047 seconds
[2023-12-18T14:46:37.456+0000] {processor.py:157} INFO - Started process (PID=344) to work on /home/airflow/.local/lib/python3.8/site-packages/airflow/example_dags/example_xcomargs.py
[2023-12-18T14:46:37.457+0000] {processor.py:829} INFO - Processing file /home/airflow/.local/lib/python3.8/site-packages/airflow/example_dags/example_xcomargs.py for tasks to queue
[2023-12-18T14:46:37.458+0000] {logging_mixin.py:154} INFO - [2023-12-18T14:46:37.458+0000] {dagbag.py:536} INFO - Filling up the DagBag from /home/airflow/.local/lib/python3.8/site-packages/airflow/example_dags/example_xcomargs.py
[2023-12-18T14:46:37.463+0000] {processor.py:839} INFO - DAG(s) dict_keys(['example_xcom_args', 'example_xcom_args_with_operators']) retrieved from /home/airflow/.local/lib/python3.8/site-packages/airflow/example_dags/example_xcomargs.py
[2023-12-18T14:46:37.497+0000] {logging_mixin.py:154} INFO - [2023-12-18T14:46:37.496+0000] {dag.py:2941} INFO - Sync 2 DAGs
[2023-12-18T14:46:37.505+0000] {logging_mixin.py:154} INFO - [2023-12-18T14:46:37.504+0000] {dag.py:3722} INFO - Setting next_dagrun for example_xcom_args to None, run_after=None
[2023-12-18T14:46:37.508+0000] {logging_mixin.py:154} INFO - [2023-12-18T14:46:37.507+0000] {dag.py:3722} INFO - Setting next_dagrun for example_xcom_args_with_operators to None, run_after=None
[2023-12-18T14:46:37.520+0000] {processor.py:179} INFO - Processing /home/airflow/.local/lib/python3.8/site-packages/airflow/example_dags/example_xcomargs.py took 0.067 seconds
[2023-12-18T14:47:08.327+0000] {processor.py:157} INFO - Started process (PID=413) to work on /home/airflow/.local/lib/python3.8/site-packages/airflow/example_dags/example_xcomargs.py
[2023-12-18T14:47:08.328+0000] {processor.py:829} INFO - Processing file /home/airflow/.local/lib/python3.8/site-packages/airflow/example_dags/example_xcomargs.py for tasks to queue
[2023-12-18T14:47:08.329+0000] {logging_mixin.py:154} INFO - [2023-12-18T14:47:08.329+0000] {dagbag.py:536} INFO - Filling up the DagBag from /home/airflow/.local/lib/python3.8/site-packages/airflow/example_dags/example_xcomargs.py
[2023-12-18T14:47:08.333+0000] {processor.py:839} INFO - DAG(s) dict_keys(['example_xcom_args_with_operators', 'example_xcom_args']) retrieved from /home/airflow/.local/lib/python3.8/site-packages/airflow/example_dags/example_xcomargs.py
[2023-12-18T14:47:08.350+0000] {logging_mixin.py:154} INFO - [2023-12-18T14:47:08.349+0000] {dag.py:2941} INFO - Sync 2 DAGs
[2023-12-18T14:47:08.358+0000] {logging_mixin.py:154} INFO - [2023-12-18T14:47:08.357+0000] {dag.py:3722} INFO - Setting next_dagrun for example_xcom_args to None, run_after=None
[2023-12-18T14:47:08.360+0000] {logging_mixin.py:154} INFO - [2023-12-18T14:47:08.360+0000] {dag.py:3722} INFO - Setting next_dagrun for example_xcom_args_with_operators to None, run_after=None
[2023-12-18T14:47:08.391+0000] {processor.py:179} INFO - Processing /home/airflow/.local/lib/python3.8/site-packages/airflow/example_dags/example_xcomargs.py took 0.066 seconds
[2023-12-18T14:47:38.455+0000] {processor.py:157} INFO - Started process (PID=482) to work on /home/airflow/.local/lib/python3.8/site-packages/airflow/example_dags/example_xcomargs.py
[2023-12-18T14:47:38.456+0000] {processor.py:829} INFO - Processing file /home/airflow/.local/lib/python3.8/site-packages/airflow/example_dags/example_xcomargs.py for tasks to queue
[2023-12-18T14:47:38.457+0000] {logging_mixin.py:154} INFO - [2023-12-18T14:47:38.457+0000] {dagbag.py:536} INFO - Filling up the DagBag from /home/airflow/.local/lib/python3.8/site-packages/airflow/example_dags/example_xcomargs.py
[2023-12-18T14:47:38.483+0000] {processor.py:839} INFO - DAG(s) dict_keys(['example_xcom_args_with_operators', 'example_xcom_args']) retrieved from /home/airflow/.local/lib/python3.8/site-packages/airflow/example_dags/example_xcomargs.py
[2023-12-18T14:47:38.501+0000] {logging_mixin.py:154} INFO - [2023-12-18T14:47:38.501+0000] {dag.py:2941} INFO - Sync 2 DAGs
[2023-12-18T14:47:38.508+0000] {logging_mixin.py:154} INFO - [2023-12-18T14:47:38.508+0000] {dag.py:3722} INFO - Setting next_dagrun for example_xcom_args to None, run_after=None
[2023-12-18T14:47:38.511+0000] {logging_mixin.py:154} INFO - [2023-12-18T14:47:38.510+0000] {dag.py:3722} INFO - Setting next_dagrun for example_xcom_args_with_operators to None, run_after=None
[2023-12-18T14:47:38.520+0000] {processor.py:179} INFO - Processing /home/airflow/.local/lib/python3.8/site-packages/airflow/example_dags/example_xcomargs.py took 0.067 seconds
[2023-12-18T14:48:08.714+0000] {processor.py:157} INFO - Started process (PID=552) to work on /home/airflow/.local/lib/python3.8/site-packages/airflow/example_dags/example_xcomargs.py
[2023-12-18T14:48:08.714+0000] {processor.py:829} INFO - Processing file /home/airflow/.local/lib/python3.8/site-packages/airflow/example_dags/example_xcomargs.py for tasks to queue
[2023-12-18T14:48:08.715+0000] {logging_mixin.py:154} INFO - [2023-12-18T14:48:08.715+0000] {dagbag.py:536} INFO - Filling up the DagBag from /home/airflow/.local/lib/python3.8/site-packages/airflow/example_dags/example_xcomargs.py
[2023-12-18T14:48:08.720+0000] {processor.py:839} INFO - DAG(s) dict_keys(['example_xcom_args_with_operators', 'example_xcom_args']) retrieved from /home/airflow/.local/lib/python3.8/site-packages/airflow/example_dags/example_xcomargs.py
[2023-12-18T14:48:08.735+0000] {logging_mixin.py:154} INFO - [2023-12-18T14:48:08.735+0000] {dag.py:2941} INFO - Sync 2 DAGs
[2023-12-18T14:48:08.748+0000] {logging_mixin.py:154} INFO - [2023-12-18T14:48:08.748+0000] {dag.py:3722} INFO - Setting next_dagrun for example_xcom_args to None, run_after=None
[2023-12-18T14:48:08.751+0000] {logging_mixin.py:154} INFO - [2023-12-18T14:48:08.751+0000] {dag.py:3722} INFO - Setting next_dagrun for example_xcom_args_with_operators to None, run_after=None
[2023-12-18T14:48:08.784+0000] {processor.py:179} INFO - Processing /home/airflow/.local/lib/python3.8/site-packages/airflow/example_dags/example_xcomargs.py took 0.072 seconds
[2023-12-18T14:48:39.696+0000] {processor.py:157} INFO - Started process (PID=622) to work on /home/airflow/.local/lib/python3.8/site-packages/airflow/example_dags/example_xcomargs.py
[2023-12-18T14:48:39.697+0000] {processor.py:829} INFO - Processing file /home/airflow/.local/lib/python3.8/site-packages/airflow/example_dags/example_xcomargs.py for tasks to queue
[2023-12-18T14:48:39.698+0000] {logging_mixin.py:154} INFO - [2023-12-18T14:48:39.698+0000] {dagbag.py:536} INFO - Filling up the DagBag from /home/airflow/.local/lib/python3.8/site-packages/airflow/example_dags/example_xcomargs.py
[2023-12-18T14:48:39.706+0000] {processor.py:839} INFO - DAG(s) dict_keys(['example_xcom_args_with_operators', 'example_xcom_args']) retrieved from /home/airflow/.local/lib/python3.8/site-packages/airflow/example_dags/example_xcomargs.py
[2023-12-18T14:48:39.724+0000] {logging_mixin.py:154} INFO - [2023-12-18T14:48:39.724+0000] {dag.py:2941} INFO - Sync 2 DAGs
[2023-12-18T14:48:39.732+0000] {logging_mixin.py:154} INFO - [2023-12-18T14:48:39.731+0000] {dag.py:3722} INFO - Setting next_dagrun for example_xcom_args to None, run_after=None
[2023-12-18T14:48:39.735+0000] {logging_mixin.py:154} INFO - [2023-12-18T14:48:39.735+0000] {dag.py:3722} INFO - Setting next_dagrun for example_xcom_args_with_operators to None, run_after=None
[2023-12-18T14:48:39.745+0000] {processor.py:179} INFO - Processing /home/airflow/.local/lib/python3.8/site-packages/airflow/example_dags/example_xcomargs.py took 0.051 seconds
[2023-12-18T14:52:08.766+0000] {processor.py:157} INFO - Started process (PID=69) to work on /home/airflow/.local/lib/python3.8/site-packages/airflow/example_dags/example_xcomargs.py
[2023-12-18T14:52:08.767+0000] {processor.py:829} INFO - Processing file /home/airflow/.local/lib/python3.8/site-packages/airflow/example_dags/example_xcomargs.py for tasks to queue
[2023-12-18T14:52:08.770+0000] {logging_mixin.py:154} INFO - [2023-12-18T14:52:08.770+0000] {dagbag.py:536} INFO - Filling up the DagBag from /home/airflow/.local/lib/python3.8/site-packages/airflow/example_dags/example_xcomargs.py
[2023-12-18T14:52:08.783+0000] {processor.py:839} INFO - DAG(s) dict_keys(['example_xcom_args_with_operators', 'example_xcom_args']) retrieved from /home/airflow/.local/lib/python3.8/site-packages/airflow/example_dags/example_xcomargs.py
[2023-12-18T14:52:08.802+0000] {logging_mixin.py:154} INFO - [2023-12-18T14:52:08.801+0000] {dag.py:2941} INFO - Sync 2 DAGs
[2023-12-18T14:52:08.819+0000] {logging_mixin.py:154} INFO - [2023-12-18T14:52:08.818+0000] {dag.py:3722} INFO - Setting next_dagrun for example_xcom_args to None, run_after=None
[2023-12-18T14:52:08.825+0000] {logging_mixin.py:154} INFO - [2023-12-18T14:52:08.825+0000] {dag.py:3722} INFO - Setting next_dagrun for example_xcom_args_with_operators to None, run_after=None
[2023-12-18T14:52:08.849+0000] {processor.py:179} INFO - Processing /home/airflow/.local/lib/python3.8/site-packages/airflow/example_dags/example_xcomargs.py took 0.086 seconds
[2023-12-18T14:52:39.555+0000] {processor.py:157} INFO - Started process (PID=138) to work on /home/airflow/.local/lib/python3.8/site-packages/airflow/example_dags/example_xcomargs.py
[2023-12-18T14:52:39.556+0000] {processor.py:829} INFO - Processing file /home/airflow/.local/lib/python3.8/site-packages/airflow/example_dags/example_xcomargs.py for tasks to queue
[2023-12-18T14:52:39.557+0000] {logging_mixin.py:154} INFO - [2023-12-18T14:52:39.557+0000] {dagbag.py:536} INFO - Filling up the DagBag from /home/airflow/.local/lib/python3.8/site-packages/airflow/example_dags/example_xcomargs.py
[2023-12-18T14:52:39.562+0000] {processor.py:839} INFO - DAG(s) dict_keys(['example_xcom_args_with_operators', 'example_xcom_args']) retrieved from /home/airflow/.local/lib/python3.8/site-packages/airflow/example_dags/example_xcomargs.py
[2023-12-18T14:52:39.597+0000] {logging_mixin.py:154} INFO - [2023-12-18T14:52:39.597+0000] {dag.py:2941} INFO - Sync 2 DAGs
[2023-12-18T14:52:39.610+0000] {logging_mixin.py:154} INFO - [2023-12-18T14:52:39.610+0000] {dag.py:3722} INFO - Setting next_dagrun for example_xcom_args to None, run_after=None
[2023-12-18T14:52:39.613+0000] {logging_mixin.py:154} INFO - [2023-12-18T14:52:39.613+0000] {dag.py:3722} INFO - Setting next_dagrun for example_xcom_args_with_operators to None, run_after=None
[2023-12-18T14:52:39.627+0000] {processor.py:179} INFO - Processing /home/airflow/.local/lib/python3.8/site-packages/airflow/example_dags/example_xcomargs.py took 0.074 seconds
[2023-12-18T14:53:09.867+0000] {processor.py:157} INFO - Started process (PID=208) to work on /home/airflow/.local/lib/python3.8/site-packages/airflow/example_dags/example_xcomargs.py
[2023-12-18T14:53:09.867+0000] {processor.py:829} INFO - Processing file /home/airflow/.local/lib/python3.8/site-packages/airflow/example_dags/example_xcomargs.py for tasks to queue
[2023-12-18T14:53:09.868+0000] {logging_mixin.py:154} INFO - [2023-12-18T14:53:09.868+0000] {dagbag.py:536} INFO - Filling up the DagBag from /home/airflow/.local/lib/python3.8/site-packages/airflow/example_dags/example_xcomargs.py
[2023-12-18T14:53:09.873+0000] {processor.py:839} INFO - DAG(s) dict_keys(['example_xcom_args', 'example_xcom_args_with_operators']) retrieved from /home/airflow/.local/lib/python3.8/site-packages/airflow/example_dags/example_xcomargs.py
[2023-12-18T14:53:09.886+0000] {logging_mixin.py:154} INFO - [2023-12-18T14:53:09.886+0000] {dag.py:2941} INFO - Sync 2 DAGs
[2023-12-18T14:53:09.894+0000] {logging_mixin.py:154} INFO - [2023-12-18T14:53:09.894+0000] {dag.py:3722} INFO - Setting next_dagrun for example_xcom_args to None, run_after=None
[2023-12-18T14:53:09.896+0000] {logging_mixin.py:154} INFO - [2023-12-18T14:53:09.895+0000] {dag.py:3722} INFO - Setting next_dagrun for example_xcom_args_with_operators to None, run_after=None
[2023-12-18T14:53:09.904+0000] {processor.py:179} INFO - Processing /home/airflow/.local/lib/python3.8/site-packages/airflow/example_dags/example_xcomargs.py took 0.039 seconds
[2023-12-18T14:53:40.640+0000] {processor.py:157} INFO - Started process (PID=277) to work on /home/airflow/.local/lib/python3.8/site-packages/airflow/example_dags/example_xcomargs.py
[2023-12-18T14:53:40.641+0000] {processor.py:829} INFO - Processing file /home/airflow/.local/lib/python3.8/site-packages/airflow/example_dags/example_xcomargs.py for tasks to queue
[2023-12-18T14:53:40.642+0000] {logging_mixin.py:154} INFO - [2023-12-18T14:53:40.642+0000] {dagbag.py:536} INFO - Filling up the DagBag from /home/airflow/.local/lib/python3.8/site-packages/airflow/example_dags/example_xcomargs.py
[2023-12-18T14:53:40.650+0000] {processor.py:839} INFO - DAG(s) dict_keys(['example_xcom_args_with_operators', 'example_xcom_args']) retrieved from /home/airflow/.local/lib/python3.8/site-packages/airflow/example_dags/example_xcomargs.py
[2023-12-18T14:53:40.681+0000] {logging_mixin.py:154} INFO - [2023-12-18T14:53:40.681+0000] {dag.py:2941} INFO - Sync 2 DAGs
[2023-12-18T14:53:40.691+0000] {logging_mixin.py:154} INFO - [2023-12-18T14:53:40.691+0000] {dag.py:3722} INFO - Setting next_dagrun for example_xcom_args to None, run_after=None
[2023-12-18T14:53:40.693+0000] {logging_mixin.py:154} INFO - [2023-12-18T14:53:40.693+0000] {dag.py:3722} INFO - Setting next_dagrun for example_xcom_args_with_operators to None, run_after=None
[2023-12-18T14:53:40.703+0000] {processor.py:179} INFO - Processing /home/airflow/.local/lib/python3.8/site-packages/airflow/example_dags/example_xcomargs.py took 0.064 seconds
