[2023-12-18T14:25:39.611+0000] {processor.py:157} INFO - Started process (PID=51) to work on /home/airflow/.local/lib/python3.8/site-packages/airflow/example_dags/example_branch_day_of_week_operator.py
[2023-12-18T14:25:39.612+0000] {processor.py:829} INFO - Processing file /home/airflow/.local/lib/python3.8/site-packages/airflow/example_dags/example_branch_day_of_week_operator.py for tasks to queue
[2023-12-18T14:25:39.615+0000] {logging_mixin.py:154} INFO - [2023-12-18T14:25:39.615+0000] {dagbag.py:536} INFO - Filling up the DagBag from /home/airflow/.local/lib/python3.8/site-packages/airflow/example_dags/example_branch_day_of_week_operator.py
[2023-12-18T14:25:39.626+0000] {processor.py:839} INFO - DAG(s) dict_keys(['example_weekday_branch_operator']) retrieved from /home/airflow/.local/lib/python3.8/site-packages/airflow/example_dags/example_branch_day_of_week_operator.py
[2023-12-18T14:25:39.639+0000] {logging_mixin.py:154} INFO - [2023-12-18T14:25:39.638+0000] {dag.py:2941} INFO - Sync 1 DAGs
[2023-12-18T14:25:39.660+0000] {logging_mixin.py:154} INFO - [2023-12-18T14:25:39.660+0000] {dag.py:3722} INFO - Setting next_dagrun for example_weekday_branch_operator to 2023-12-17T00:00:00+00:00, run_after=2023-12-18T00:00:00+00:00
[2023-12-18T14:25:39.707+0000] {processor.py:179} INFO - Processing /home/airflow/.local/lib/python3.8/site-packages/airflow/example_dags/example_branch_day_of_week_operator.py took 0.100 seconds
[2023-12-18T14:26:09.728+0000] {processor.py:157} INFO - Started process (PID=120) to work on /home/airflow/.local/lib/python3.8/site-packages/airflow/example_dags/example_branch_day_of_week_operator.py
[2023-12-18T14:26:09.729+0000] {processor.py:829} INFO - Processing file /home/airflow/.local/lib/python3.8/site-packages/airflow/example_dags/example_branch_day_of_week_operator.py for tasks to queue
[2023-12-18T14:26:09.730+0000] {logging_mixin.py:154} INFO - [2023-12-18T14:26:09.730+0000] {dagbag.py:536} INFO - Filling up the DagBag from /home/airflow/.local/lib/python3.8/site-packages/airflow/example_dags/example_branch_day_of_week_operator.py
[2023-12-18T14:26:09.735+0000] {processor.py:839} INFO - DAG(s) dict_keys(['example_weekday_branch_operator']) retrieved from /home/airflow/.local/lib/python3.8/site-packages/airflow/example_dags/example_branch_day_of_week_operator.py
[2023-12-18T14:26:09.749+0000] {logging_mixin.py:154} INFO - [2023-12-18T14:26:09.749+0000] {dag.py:2941} INFO - Sync 1 DAGs
[2023-12-18T14:26:09.767+0000] {logging_mixin.py:154} INFO - [2023-12-18T14:26:09.767+0000] {dag.py:3722} INFO - Setting next_dagrun for example_weekday_branch_operator to 2023-12-17T00:00:00+00:00, run_after=2023-12-18T00:00:00+00:00
[2023-12-18T14:26:09.782+0000] {processor.py:179} INFO - Processing /home/airflow/.local/lib/python3.8/site-packages/airflow/example_dags/example_branch_day_of_week_operator.py took 0.055 seconds
[2023-12-18T14:26:40.104+0000] {processor.py:157} INFO - Started process (PID=190) to work on /home/airflow/.local/lib/python3.8/site-packages/airflow/example_dags/example_branch_day_of_week_operator.py
[2023-12-18T14:26:40.104+0000] {processor.py:829} INFO - Processing file /home/airflow/.local/lib/python3.8/site-packages/airflow/example_dags/example_branch_day_of_week_operator.py for tasks to queue
[2023-12-18T14:26:40.105+0000] {logging_mixin.py:154} INFO - [2023-12-18T14:26:40.105+0000] {dagbag.py:536} INFO - Filling up the DagBag from /home/airflow/.local/lib/python3.8/site-packages/airflow/example_dags/example_branch_day_of_week_operator.py
[2023-12-18T14:26:40.110+0000] {processor.py:839} INFO - DAG(s) dict_keys(['example_weekday_branch_operator']) retrieved from /home/airflow/.local/lib/python3.8/site-packages/airflow/example_dags/example_branch_day_of_week_operator.py
[2023-12-18T14:26:40.122+0000] {logging_mixin.py:154} INFO - [2023-12-18T14:26:40.122+0000] {dag.py:2941} INFO - Sync 1 DAGs
[2023-12-18T14:26:40.137+0000] {logging_mixin.py:154} INFO - [2023-12-18T14:26:40.136+0000] {dag.py:3722} INFO - Setting next_dagrun for example_weekday_branch_operator to 2023-12-17T00:00:00+00:00, run_after=2023-12-18T00:00:00+00:00
[2023-12-18T14:26:40.147+0000] {processor.py:179} INFO - Processing /home/airflow/.local/lib/python3.8/site-packages/airflow/example_dags/example_branch_day_of_week_operator.py took 0.045 seconds
[2023-12-18T14:27:11.009+0000] {processor.py:157} INFO - Started process (PID=259) to work on /home/airflow/.local/lib/python3.8/site-packages/airflow/example_dags/example_branch_day_of_week_operator.py
[2023-12-18T14:27:11.009+0000] {processor.py:829} INFO - Processing file /home/airflow/.local/lib/python3.8/site-packages/airflow/example_dags/example_branch_day_of_week_operator.py for tasks to queue
[2023-12-18T14:27:11.010+0000] {logging_mixin.py:154} INFO - [2023-12-18T14:27:11.010+0000] {dagbag.py:536} INFO - Filling up the DagBag from /home/airflow/.local/lib/python3.8/site-packages/airflow/example_dags/example_branch_day_of_week_operator.py
[2023-12-18T14:27:11.015+0000] {processor.py:839} INFO - DAG(s) dict_keys(['example_weekday_branch_operator']) retrieved from /home/airflow/.local/lib/python3.8/site-packages/airflow/example_dags/example_branch_day_of_week_operator.py
[2023-12-18T14:27:11.027+0000] {logging_mixin.py:154} INFO - [2023-12-18T14:27:11.027+0000] {dag.py:2941} INFO - Sync 1 DAGs
[2023-12-18T14:27:11.041+0000] {logging_mixin.py:154} INFO - [2023-12-18T14:27:11.041+0000] {dag.py:3722} INFO - Setting next_dagrun for example_weekday_branch_operator to 2023-12-17T00:00:00+00:00, run_after=2023-12-18T00:00:00+00:00
[2023-12-18T14:27:11.051+0000] {processor.py:179} INFO - Processing /home/airflow/.local/lib/python3.8/site-packages/airflow/example_dags/example_branch_day_of_week_operator.py took 0.046 seconds
[2023-12-18T14:27:41.844+0000] {processor.py:157} INFO - Started process (PID=328) to work on /home/airflow/.local/lib/python3.8/site-packages/airflow/example_dags/example_branch_day_of_week_operator.py
[2023-12-18T14:27:41.844+0000] {processor.py:829} INFO - Processing file /home/airflow/.local/lib/python3.8/site-packages/airflow/example_dags/example_branch_day_of_week_operator.py for tasks to queue
[2023-12-18T14:27:41.845+0000] {logging_mixin.py:154} INFO - [2023-12-18T14:27:41.845+0000] {dagbag.py:536} INFO - Filling up the DagBag from /home/airflow/.local/lib/python3.8/site-packages/airflow/example_dags/example_branch_day_of_week_operator.py
[2023-12-18T14:27:41.850+0000] {processor.py:839} INFO - DAG(s) dict_keys(['example_weekday_branch_operator']) retrieved from /home/airflow/.local/lib/python3.8/site-packages/airflow/example_dags/example_branch_day_of_week_operator.py
[2023-12-18T14:27:41.863+0000] {logging_mixin.py:154} INFO - [2023-12-18T14:27:41.863+0000] {dag.py:2941} INFO - Sync 1 DAGs
[2023-12-18T14:27:41.894+0000] {logging_mixin.py:154} INFO - [2023-12-18T14:27:41.894+0000] {dag.py:3722} INFO - Setting next_dagrun for example_weekday_branch_operator to 2023-12-17T00:00:00+00:00, run_after=2023-12-18T00:00:00+00:00
[2023-12-18T14:27:41.905+0000] {processor.py:179} INFO - Processing /home/airflow/.local/lib/python3.8/site-packages/airflow/example_dags/example_branch_day_of_week_operator.py took 0.063 seconds
[2023-12-18T14:28:12.038+0000] {processor.py:157} INFO - Started process (PID=396) to work on /home/airflow/.local/lib/python3.8/site-packages/airflow/example_dags/example_branch_day_of_week_operator.py
[2023-12-18T14:28:12.038+0000] {processor.py:829} INFO - Processing file /home/airflow/.local/lib/python3.8/site-packages/airflow/example_dags/example_branch_day_of_week_operator.py for tasks to queue
[2023-12-18T14:28:12.039+0000] {logging_mixin.py:154} INFO - [2023-12-18T14:28:12.039+0000] {dagbag.py:536} INFO - Filling up the DagBag from /home/airflow/.local/lib/python3.8/site-packages/airflow/example_dags/example_branch_day_of_week_operator.py
[2023-12-18T14:28:12.044+0000] {processor.py:839} INFO - DAG(s) dict_keys(['example_weekday_branch_operator']) retrieved from /home/airflow/.local/lib/python3.8/site-packages/airflow/example_dags/example_branch_day_of_week_operator.py
[2023-12-18T14:28:12.057+0000] {logging_mixin.py:154} INFO - [2023-12-18T14:28:12.057+0000] {dag.py:2941} INFO - Sync 1 DAGs
[2023-12-18T14:28:12.089+0000] {logging_mixin.py:154} INFO - [2023-12-18T14:28:12.089+0000] {dag.py:3722} INFO - Setting next_dagrun for example_weekday_branch_operator to 2023-12-17T00:00:00+00:00, run_after=2023-12-18T00:00:00+00:00
[2023-12-18T14:28:12.099+0000] {processor.py:179} INFO - Processing /home/airflow/.local/lib/python3.8/site-packages/airflow/example_dags/example_branch_day_of_week_operator.py took 0.063 seconds
[2023-12-18T14:28:42.824+0000] {processor.py:157} INFO - Started process (PID=465) to work on /home/airflow/.local/lib/python3.8/site-packages/airflow/example_dags/example_branch_day_of_week_operator.py
[2023-12-18T14:28:42.824+0000] {processor.py:829} INFO - Processing file /home/airflow/.local/lib/python3.8/site-packages/airflow/example_dags/example_branch_day_of_week_operator.py for tasks to queue
[2023-12-18T14:28:42.825+0000] {logging_mixin.py:154} INFO - [2023-12-18T14:28:42.825+0000] {dagbag.py:536} INFO - Filling up the DagBag from /home/airflow/.local/lib/python3.8/site-packages/airflow/example_dags/example_branch_day_of_week_operator.py
[2023-12-18T14:28:42.830+0000] {processor.py:839} INFO - DAG(s) dict_keys(['example_weekday_branch_operator']) retrieved from /home/airflow/.local/lib/python3.8/site-packages/airflow/example_dags/example_branch_day_of_week_operator.py
[2023-12-18T14:28:42.842+0000] {logging_mixin.py:154} INFO - [2023-12-18T14:28:42.842+0000] {dag.py:2941} INFO - Sync 1 DAGs
[2023-12-18T14:28:42.856+0000] {logging_mixin.py:154} INFO - [2023-12-18T14:28:42.856+0000] {dag.py:3722} INFO - Setting next_dagrun for example_weekday_branch_operator to 2023-12-17T00:00:00+00:00, run_after=2023-12-18T00:00:00+00:00
[2023-12-18T14:28:42.882+0000] {processor.py:179} INFO - Processing /home/airflow/.local/lib/python3.8/site-packages/airflow/example_dags/example_branch_day_of_week_operator.py took 0.061 seconds
[2023-12-18T14:29:13.730+0000] {processor.py:157} INFO - Started process (PID=534) to work on /home/airflow/.local/lib/python3.8/site-packages/airflow/example_dags/example_branch_day_of_week_operator.py
[2023-12-18T14:29:13.731+0000] {processor.py:829} INFO - Processing file /home/airflow/.local/lib/python3.8/site-packages/airflow/example_dags/example_branch_day_of_week_operator.py for tasks to queue
[2023-12-18T14:29:13.732+0000] {logging_mixin.py:154} INFO - [2023-12-18T14:29:13.732+0000] {dagbag.py:536} INFO - Filling up the DagBag from /home/airflow/.local/lib/python3.8/site-packages/airflow/example_dags/example_branch_day_of_week_operator.py
[2023-12-18T14:29:13.736+0000] {processor.py:839} INFO - DAG(s) dict_keys(['example_weekday_branch_operator']) retrieved from /home/airflow/.local/lib/python3.8/site-packages/airflow/example_dags/example_branch_day_of_week_operator.py
[2023-12-18T14:29:13.749+0000] {logging_mixin.py:154} INFO - [2023-12-18T14:29:13.749+0000] {dag.py:2941} INFO - Sync 1 DAGs
[2023-12-18T14:29:13.763+0000] {logging_mixin.py:154} INFO - [2023-12-18T14:29:13.763+0000] {dag.py:3722} INFO - Setting next_dagrun for example_weekday_branch_operator to 2023-12-17T00:00:00+00:00, run_after=2023-12-18T00:00:00+00:00
[2023-12-18T14:29:13.789+0000] {processor.py:179} INFO - Processing /home/airflow/.local/lib/python3.8/site-packages/airflow/example_dags/example_branch_day_of_week_operator.py took 0.060 seconds
[2023-12-18T14:29:43.827+0000] {processor.py:157} INFO - Started process (PID=603) to work on /home/airflow/.local/lib/python3.8/site-packages/airflow/example_dags/example_branch_day_of_week_operator.py
[2023-12-18T14:29:43.828+0000] {processor.py:829} INFO - Processing file /home/airflow/.local/lib/python3.8/site-packages/airflow/example_dags/example_branch_day_of_week_operator.py for tasks to queue
[2023-12-18T14:29:43.829+0000] {logging_mixin.py:154} INFO - [2023-12-18T14:29:43.828+0000] {dagbag.py:536} INFO - Filling up the DagBag from /home/airflow/.local/lib/python3.8/site-packages/airflow/example_dags/example_branch_day_of_week_operator.py
[2023-12-18T14:29:43.833+0000] {processor.py:839} INFO - DAG(s) dict_keys(['example_weekday_branch_operator']) retrieved from /home/airflow/.local/lib/python3.8/site-packages/airflow/example_dags/example_branch_day_of_week_operator.py
[2023-12-18T14:29:43.845+0000] {logging_mixin.py:154} INFO - [2023-12-18T14:29:43.845+0000] {dag.py:2941} INFO - Sync 1 DAGs
[2023-12-18T14:29:43.860+0000] {logging_mixin.py:154} INFO - [2023-12-18T14:29:43.860+0000] {dag.py:3722} INFO - Setting next_dagrun for example_weekday_branch_operator to 2023-12-17T00:00:00+00:00, run_after=2023-12-18T00:00:00+00:00
[2023-12-18T14:29:43.887+0000] {processor.py:179} INFO - Processing /home/airflow/.local/lib/python3.8/site-packages/airflow/example_dags/example_branch_day_of_week_operator.py took 0.061 seconds
[2023-12-18T14:30:14.009+0000] {processor.py:157} INFO - Started process (PID=673) to work on /home/airflow/.local/lib/python3.8/site-packages/airflow/example_dags/example_branch_day_of_week_operator.py
[2023-12-18T14:30:14.010+0000] {processor.py:829} INFO - Processing file /home/airflow/.local/lib/python3.8/site-packages/airflow/example_dags/example_branch_day_of_week_operator.py for tasks to queue
[2023-12-18T14:30:14.011+0000] {logging_mixin.py:154} INFO - [2023-12-18T14:30:14.011+0000] {dagbag.py:536} INFO - Filling up the DagBag from /home/airflow/.local/lib/python3.8/site-packages/airflow/example_dags/example_branch_day_of_week_operator.py
[2023-12-18T14:30:14.015+0000] {processor.py:839} INFO - DAG(s) dict_keys(['example_weekday_branch_operator']) retrieved from /home/airflow/.local/lib/python3.8/site-packages/airflow/example_dags/example_branch_day_of_week_operator.py
[2023-12-18T14:30:14.028+0000] {logging_mixin.py:154} INFO - [2023-12-18T14:30:14.028+0000] {dag.py:2941} INFO - Sync 1 DAGs
[2023-12-18T14:30:14.042+0000] {logging_mixin.py:154} INFO - [2023-12-18T14:30:14.042+0000] {dag.py:3722} INFO - Setting next_dagrun for example_weekday_branch_operator to 2023-12-17T00:00:00+00:00, run_after=2023-12-18T00:00:00+00:00
[2023-12-18T14:30:14.052+0000] {processor.py:179} INFO - Processing /home/airflow/.local/lib/python3.8/site-packages/airflow/example_dags/example_branch_day_of_week_operator.py took 0.044 seconds
[2023-12-18T14:30:44.121+0000] {processor.py:157} INFO - Started process (PID=742) to work on /home/airflow/.local/lib/python3.8/site-packages/airflow/example_dags/example_branch_day_of_week_operator.py
[2023-12-18T14:30:44.121+0000] {processor.py:829} INFO - Processing file /home/airflow/.local/lib/python3.8/site-packages/airflow/example_dags/example_branch_day_of_week_operator.py for tasks to queue
[2023-12-18T14:30:44.122+0000] {logging_mixin.py:154} INFO - [2023-12-18T14:30:44.122+0000] {dagbag.py:536} INFO - Filling up the DagBag from /home/airflow/.local/lib/python3.8/site-packages/airflow/example_dags/example_branch_day_of_week_operator.py
[2023-12-18T14:30:44.127+0000] {processor.py:839} INFO - DAG(s) dict_keys(['example_weekday_branch_operator']) retrieved from /home/airflow/.local/lib/python3.8/site-packages/airflow/example_dags/example_branch_day_of_week_operator.py
[2023-12-18T14:30:44.139+0000] {logging_mixin.py:154} INFO - [2023-12-18T14:30:44.139+0000] {dag.py:2941} INFO - Sync 1 DAGs
[2023-12-18T14:30:44.153+0000] {logging_mixin.py:154} INFO - [2023-12-18T14:30:44.153+0000] {dag.py:3722} INFO - Setting next_dagrun for example_weekday_branch_operator to 2023-12-17T00:00:00+00:00, run_after=2023-12-18T00:00:00+00:00
[2023-12-18T14:30:44.164+0000] {processor.py:179} INFO - Processing /home/airflow/.local/lib/python3.8/site-packages/airflow/example_dags/example_branch_day_of_week_operator.py took 0.045 seconds
[2023-12-18T14:31:14.317+0000] {processor.py:157} INFO - Started process (PID=812) to work on /home/airflow/.local/lib/python3.8/site-packages/airflow/example_dags/example_branch_day_of_week_operator.py
[2023-12-18T14:31:14.318+0000] {processor.py:829} INFO - Processing file /home/airflow/.local/lib/python3.8/site-packages/airflow/example_dags/example_branch_day_of_week_operator.py for tasks to queue
[2023-12-18T14:31:14.319+0000] {logging_mixin.py:154} INFO - [2023-12-18T14:31:14.319+0000] {dagbag.py:536} INFO - Filling up the DagBag from /home/airflow/.local/lib/python3.8/site-packages/airflow/example_dags/example_branch_day_of_week_operator.py
[2023-12-18T14:31:14.323+0000] {processor.py:839} INFO - DAG(s) dict_keys(['example_weekday_branch_operator']) retrieved from /home/airflow/.local/lib/python3.8/site-packages/airflow/example_dags/example_branch_day_of_week_operator.py
[2023-12-18T14:31:14.336+0000] {logging_mixin.py:154} INFO - [2023-12-18T14:31:14.336+0000] {dag.py:2941} INFO - Sync 1 DAGs
[2023-12-18T14:31:14.350+0000] {logging_mixin.py:154} INFO - [2023-12-18T14:31:14.350+0000] {dag.py:3722} INFO - Setting next_dagrun for example_weekday_branch_operator to 2023-12-17T00:00:00+00:00, run_after=2023-12-18T00:00:00+00:00
[2023-12-18T14:31:14.361+0000] {processor.py:179} INFO - Processing /home/airflow/.local/lib/python3.8/site-packages/airflow/example_dags/example_branch_day_of_week_operator.py took 0.046 seconds
[2023-12-18T14:31:45.119+0000] {processor.py:157} INFO - Started process (PID=881) to work on /home/airflow/.local/lib/python3.8/site-packages/airflow/example_dags/example_branch_day_of_week_operator.py
[2023-12-18T14:31:45.119+0000] {processor.py:829} INFO - Processing file /home/airflow/.local/lib/python3.8/site-packages/airflow/example_dags/example_branch_day_of_week_operator.py for tasks to queue
[2023-12-18T14:31:45.121+0000] {logging_mixin.py:154} INFO - [2023-12-18T14:31:45.120+0000] {dagbag.py:536} INFO - Filling up the DagBag from /home/airflow/.local/lib/python3.8/site-packages/airflow/example_dags/example_branch_day_of_week_operator.py
[2023-12-18T14:31:45.125+0000] {processor.py:839} INFO - DAG(s) dict_keys(['example_weekday_branch_operator']) retrieved from /home/airflow/.local/lib/python3.8/site-packages/airflow/example_dags/example_branch_day_of_week_operator.py
[2023-12-18T14:31:45.138+0000] {logging_mixin.py:154} INFO - [2023-12-18T14:31:45.138+0000] {dag.py:2941} INFO - Sync 1 DAGs
[2023-12-18T14:31:45.152+0000] {logging_mixin.py:154} INFO - [2023-12-18T14:31:45.152+0000] {dag.py:3722} INFO - Setting next_dagrun for example_weekday_branch_operator to 2023-12-17T00:00:00+00:00, run_after=2023-12-18T00:00:00+00:00
[2023-12-18T14:31:45.163+0000] {processor.py:179} INFO - Processing /home/airflow/.local/lib/python3.8/site-packages/airflow/example_dags/example_branch_day_of_week_operator.py took 0.046 seconds
[2023-12-18T14:32:15.256+0000] {processor.py:157} INFO - Started process (PID=949) to work on /home/airflow/.local/lib/python3.8/site-packages/airflow/example_dags/example_branch_day_of_week_operator.py
[2023-12-18T14:32:15.257+0000] {processor.py:829} INFO - Processing file /home/airflow/.local/lib/python3.8/site-packages/airflow/example_dags/example_branch_day_of_week_operator.py for tasks to queue
[2023-12-18T14:32:15.258+0000] {logging_mixin.py:154} INFO - [2023-12-18T14:32:15.258+0000] {dagbag.py:536} INFO - Filling up the DagBag from /home/airflow/.local/lib/python3.8/site-packages/airflow/example_dags/example_branch_day_of_week_operator.py
[2023-12-18T14:32:15.263+0000] {processor.py:839} INFO - DAG(s) dict_keys(['example_weekday_branch_operator']) retrieved from /home/airflow/.local/lib/python3.8/site-packages/airflow/example_dags/example_branch_day_of_week_operator.py
[2023-12-18T14:32:15.292+0000] {logging_mixin.py:154} INFO - [2023-12-18T14:32:15.292+0000] {dag.py:2941} INFO - Sync 1 DAGs
[2023-12-18T14:32:15.306+0000] {logging_mixin.py:154} INFO - [2023-12-18T14:32:15.306+0000] {dag.py:3722} INFO - Setting next_dagrun for example_weekday_branch_operator to 2023-12-17T00:00:00+00:00, run_after=2023-12-18T00:00:00+00:00
[2023-12-18T14:32:15.316+0000] {processor.py:179} INFO - Processing /home/airflow/.local/lib/python3.8/site-packages/airflow/example_dags/example_branch_day_of_week_operator.py took 0.062 seconds
[2023-12-18T14:32:46.240+0000] {processor.py:157} INFO - Started process (PID=1017) to work on /home/airflow/.local/lib/python3.8/site-packages/airflow/example_dags/example_branch_day_of_week_operator.py
[2023-12-18T14:32:46.241+0000] {processor.py:829} INFO - Processing file /home/airflow/.local/lib/python3.8/site-packages/airflow/example_dags/example_branch_day_of_week_operator.py for tasks to queue
[2023-12-18T14:32:46.242+0000] {logging_mixin.py:154} INFO - [2023-12-18T14:32:46.242+0000] {dagbag.py:536} INFO - Filling up the DagBag from /home/airflow/.local/lib/python3.8/site-packages/airflow/example_dags/example_branch_day_of_week_operator.py
[2023-12-18T14:32:46.246+0000] {processor.py:839} INFO - DAG(s) dict_keys(['example_weekday_branch_operator']) retrieved from /home/airflow/.local/lib/python3.8/site-packages/airflow/example_dags/example_branch_day_of_week_operator.py
[2023-12-18T14:32:46.259+0000] {logging_mixin.py:154} INFO - [2023-12-18T14:32:46.259+0000] {dag.py:2941} INFO - Sync 1 DAGs
[2023-12-18T14:32:46.286+0000] {logging_mixin.py:154} INFO - [2023-12-18T14:32:46.286+0000] {dag.py:3722} INFO - Setting next_dagrun for example_weekday_branch_operator to 2023-12-17T00:00:00+00:00, run_after=2023-12-18T00:00:00+00:00
[2023-12-18T14:32:46.297+0000] {processor.py:179} INFO - Processing /home/airflow/.local/lib/python3.8/site-packages/airflow/example_dags/example_branch_day_of_week_operator.py took 0.058 seconds
[2023-12-18T14:33:16.958+0000] {processor.py:157} INFO - Started process (PID=1086) to work on /home/airflow/.local/lib/python3.8/site-packages/airflow/example_dags/example_branch_day_of_week_operator.py
[2023-12-18T14:33:16.958+0000] {processor.py:829} INFO - Processing file /home/airflow/.local/lib/python3.8/site-packages/airflow/example_dags/example_branch_day_of_week_operator.py for tasks to queue
[2023-12-18T14:33:16.960+0000] {logging_mixin.py:154} INFO - [2023-12-18T14:33:16.959+0000] {dagbag.py:536} INFO - Filling up the DagBag from /home/airflow/.local/lib/python3.8/site-packages/airflow/example_dags/example_branch_day_of_week_operator.py
[2023-12-18T14:33:16.964+0000] {processor.py:839} INFO - DAG(s) dict_keys(['example_weekday_branch_operator']) retrieved from /home/airflow/.local/lib/python3.8/site-packages/airflow/example_dags/example_branch_day_of_week_operator.py
[2023-12-18T14:33:16.998+0000] {logging_mixin.py:154} INFO - [2023-12-18T14:33:16.997+0000] {dag.py:2941} INFO - Sync 1 DAGs
[2023-12-18T14:33:17.016+0000] {logging_mixin.py:154} INFO - [2023-12-18T14:33:17.016+0000] {dag.py:3722} INFO - Setting next_dagrun for example_weekday_branch_operator to 2023-12-17T00:00:00+00:00, run_after=2023-12-18T00:00:00+00:00
[2023-12-18T14:33:17.030+0000] {processor.py:179} INFO - Processing /home/airflow/.local/lib/python3.8/site-packages/airflow/example_dags/example_branch_day_of_week_operator.py took 0.073 seconds
[2023-12-18T14:33:47.872+0000] {processor.py:157} INFO - Started process (PID=1162) to work on /home/airflow/.local/lib/python3.8/site-packages/airflow/example_dags/example_branch_day_of_week_operator.py
[2023-12-18T14:33:47.872+0000] {processor.py:829} INFO - Processing file /home/airflow/.local/lib/python3.8/site-packages/airflow/example_dags/example_branch_day_of_week_operator.py for tasks to queue
[2023-12-18T14:33:47.873+0000] {logging_mixin.py:154} INFO - [2023-12-18T14:33:47.873+0000] {dagbag.py:536} INFO - Filling up the DagBag from /home/airflow/.local/lib/python3.8/site-packages/airflow/example_dags/example_branch_day_of_week_operator.py
[2023-12-18T14:33:47.878+0000] {processor.py:839} INFO - DAG(s) dict_keys(['example_weekday_branch_operator']) retrieved from /home/airflow/.local/lib/python3.8/site-packages/airflow/example_dags/example_branch_day_of_week_operator.py
[2023-12-18T14:33:47.891+0000] {logging_mixin.py:154} INFO - [2023-12-18T14:33:47.890+0000] {dag.py:2941} INFO - Sync 1 DAGs
[2023-12-18T14:33:47.904+0000] {logging_mixin.py:154} INFO - [2023-12-18T14:33:47.904+0000] {dag.py:3722} INFO - Setting next_dagrun for example_weekday_branch_operator to 2023-12-17T00:00:00+00:00, run_after=2023-12-18T00:00:00+00:00
[2023-12-18T14:33:47.914+0000] {processor.py:179} INFO - Processing /home/airflow/.local/lib/python3.8/site-packages/airflow/example_dags/example_branch_day_of_week_operator.py took 0.044 seconds
[2023-12-18T14:34:17.976+0000] {processor.py:157} INFO - Started process (PID=1224) to work on /home/airflow/.local/lib/python3.8/site-packages/airflow/example_dags/example_branch_day_of_week_operator.py
[2023-12-18T14:34:17.976+0000] {processor.py:829} INFO - Processing file /home/airflow/.local/lib/python3.8/site-packages/airflow/example_dags/example_branch_day_of_week_operator.py for tasks to queue
[2023-12-18T14:34:17.978+0000] {logging_mixin.py:154} INFO - [2023-12-18T14:34:17.978+0000] {dagbag.py:536} INFO - Filling up the DagBag from /home/airflow/.local/lib/python3.8/site-packages/airflow/example_dags/example_branch_day_of_week_operator.py
[2023-12-18T14:34:17.983+0000] {processor.py:839} INFO - DAG(s) dict_keys(['example_weekday_branch_operator']) retrieved from /home/airflow/.local/lib/python3.8/site-packages/airflow/example_dags/example_branch_day_of_week_operator.py
[2023-12-18T14:34:17.998+0000] {logging_mixin.py:154} INFO - [2023-12-18T14:34:17.998+0000] {dag.py:2941} INFO - Sync 1 DAGs
[2023-12-18T14:34:18.019+0000] {logging_mixin.py:154} INFO - [2023-12-18T14:34:18.019+0000] {dag.py:3722} INFO - Setting next_dagrun for example_weekday_branch_operator to 2023-12-17T00:00:00+00:00, run_after=2023-12-18T00:00:00+00:00
[2023-12-18T14:34:18.035+0000] {processor.py:179} INFO - Processing /home/airflow/.local/lib/python3.8/site-packages/airflow/example_dags/example_branch_day_of_week_operator.py took 0.061 seconds
[2023-12-18T14:34:48.065+0000] {processor.py:157} INFO - Started process (PID=1294) to work on /home/airflow/.local/lib/python3.8/site-packages/airflow/example_dags/example_branch_day_of_week_operator.py
[2023-12-18T14:34:48.066+0000] {processor.py:829} INFO - Processing file /home/airflow/.local/lib/python3.8/site-packages/airflow/example_dags/example_branch_day_of_week_operator.py for tasks to queue
[2023-12-18T14:34:48.067+0000] {logging_mixin.py:154} INFO - [2023-12-18T14:34:48.067+0000] {dagbag.py:536} INFO - Filling up the DagBag from /home/airflow/.local/lib/python3.8/site-packages/airflow/example_dags/example_branch_day_of_week_operator.py
[2023-12-18T14:34:48.071+0000] {processor.py:839} INFO - DAG(s) dict_keys(['example_weekday_branch_operator']) retrieved from /home/airflow/.local/lib/python3.8/site-packages/airflow/example_dags/example_branch_day_of_week_operator.py
[2023-12-18T14:34:48.084+0000] {logging_mixin.py:154} INFO - [2023-12-18T14:34:48.084+0000] {dag.py:2941} INFO - Sync 1 DAGs
[2023-12-18T14:34:48.099+0000] {logging_mixin.py:154} INFO - [2023-12-18T14:34:48.099+0000] {dag.py:3722} INFO - Setting next_dagrun for example_weekday_branch_operator to 2023-12-17T00:00:00+00:00, run_after=2023-12-18T00:00:00+00:00
[2023-12-18T14:34:48.109+0000] {processor.py:179} INFO - Processing /home/airflow/.local/lib/python3.8/site-packages/airflow/example_dags/example_branch_day_of_week_operator.py took 0.046 seconds
[2023-12-18T14:35:18.178+0000] {processor.py:157} INFO - Started process (PID=1363) to work on /home/airflow/.local/lib/python3.8/site-packages/airflow/example_dags/example_branch_day_of_week_operator.py
[2023-12-18T14:35:18.178+0000] {processor.py:829} INFO - Processing file /home/airflow/.local/lib/python3.8/site-packages/airflow/example_dags/example_branch_day_of_week_operator.py for tasks to queue
[2023-12-18T14:35:18.180+0000] {logging_mixin.py:154} INFO - [2023-12-18T14:35:18.179+0000] {dagbag.py:536} INFO - Filling up the DagBag from /home/airflow/.local/lib/python3.8/site-packages/airflow/example_dags/example_branch_day_of_week_operator.py
[2023-12-18T14:35:18.184+0000] {processor.py:839} INFO - DAG(s) dict_keys(['example_weekday_branch_operator']) retrieved from /home/airflow/.local/lib/python3.8/site-packages/airflow/example_dags/example_branch_day_of_week_operator.py
[2023-12-18T14:35:18.196+0000] {logging_mixin.py:154} INFO - [2023-12-18T14:35:18.196+0000] {dag.py:2941} INFO - Sync 1 DAGs
[2023-12-18T14:35:18.211+0000] {logging_mixin.py:154} INFO - [2023-12-18T14:35:18.211+0000] {dag.py:3722} INFO - Setting next_dagrun for example_weekday_branch_operator to 2023-12-17T00:00:00+00:00, run_after=2023-12-18T00:00:00+00:00
[2023-12-18T14:35:18.222+0000] {processor.py:179} INFO - Processing /home/airflow/.local/lib/python3.8/site-packages/airflow/example_dags/example_branch_day_of_week_operator.py took 0.046 seconds
[2023-12-18T14:35:49.231+0000] {processor.py:157} INFO - Started process (PID=1437) to work on /home/airflow/.local/lib/python3.8/site-packages/airflow/example_dags/example_branch_day_of_week_operator.py
[2023-12-18T14:35:49.232+0000] {processor.py:829} INFO - Processing file /home/airflow/.local/lib/python3.8/site-packages/airflow/example_dags/example_branch_day_of_week_operator.py for tasks to queue
[2023-12-18T14:35:49.233+0000] {logging_mixin.py:154} INFO - [2023-12-18T14:35:49.233+0000] {dagbag.py:536} INFO - Filling up the DagBag from /home/airflow/.local/lib/python3.8/site-packages/airflow/example_dags/example_branch_day_of_week_operator.py
[2023-12-18T14:35:49.238+0000] {processor.py:839} INFO - DAG(s) dict_keys(['example_weekday_branch_operator']) retrieved from /home/airflow/.local/lib/python3.8/site-packages/airflow/example_dags/example_branch_day_of_week_operator.py
[2023-12-18T14:35:49.289+0000] {logging_mixin.py:154} INFO - [2023-12-18T14:35:49.289+0000] {dag.py:2941} INFO - Sync 1 DAGs
[2023-12-18T14:35:49.304+0000] {logging_mixin.py:154} INFO - [2023-12-18T14:35:49.304+0000] {dag.py:3722} INFO - Setting next_dagrun for example_weekday_branch_operator to 2023-12-17T00:00:00+00:00, run_after=2023-12-18T00:00:00+00:00
[2023-12-18T14:35:49.317+0000] {processor.py:179} INFO - Processing /home/airflow/.local/lib/python3.8/site-packages/airflow/example_dags/example_branch_day_of_week_operator.py took 0.087 seconds
[2023-12-18T14:36:19.348+0000] {processor.py:157} INFO - Started process (PID=1500) to work on /home/airflow/.local/lib/python3.8/site-packages/airflow/example_dags/example_branch_day_of_week_operator.py
[2023-12-18T14:36:19.348+0000] {processor.py:829} INFO - Processing file /home/airflow/.local/lib/python3.8/site-packages/airflow/example_dags/example_branch_day_of_week_operator.py for tasks to queue
[2023-12-18T14:36:19.349+0000] {logging_mixin.py:154} INFO - [2023-12-18T14:36:19.349+0000] {dagbag.py:536} INFO - Filling up the DagBag from /home/airflow/.local/lib/python3.8/site-packages/airflow/example_dags/example_branch_day_of_week_operator.py
[2023-12-18T14:36:19.354+0000] {processor.py:839} INFO - DAG(s) dict_keys(['example_weekday_branch_operator']) retrieved from /home/airflow/.local/lib/python3.8/site-packages/airflow/example_dags/example_branch_day_of_week_operator.py
[2023-12-18T14:36:19.366+0000] {logging_mixin.py:154} INFO - [2023-12-18T14:36:19.366+0000] {dag.py:2941} INFO - Sync 1 DAGs
[2023-12-18T14:36:19.397+0000] {logging_mixin.py:154} INFO - [2023-12-18T14:36:19.397+0000] {dag.py:3722} INFO - Setting next_dagrun for example_weekday_branch_operator to 2023-12-17T00:00:00+00:00, run_after=2023-12-18T00:00:00+00:00
[2023-12-18T14:36:19.408+0000] {processor.py:179} INFO - Processing /home/airflow/.local/lib/python3.8/site-packages/airflow/example_dags/example_branch_day_of_week_operator.py took 0.062 seconds
[2023-12-18T14:36:49.453+0000] {processor.py:157} INFO - Started process (PID=1569) to work on /home/airflow/.local/lib/python3.8/site-packages/airflow/example_dags/example_branch_day_of_week_operator.py
[2023-12-18T14:36:49.454+0000] {processor.py:829} INFO - Processing file /home/airflow/.local/lib/python3.8/site-packages/airflow/example_dags/example_branch_day_of_week_operator.py for tasks to queue
[2023-12-18T14:36:49.455+0000] {logging_mixin.py:154} INFO - [2023-12-18T14:36:49.455+0000] {dagbag.py:536} INFO - Filling up the DagBag from /home/airflow/.local/lib/python3.8/site-packages/airflow/example_dags/example_branch_day_of_week_operator.py
[2023-12-18T14:36:49.459+0000] {processor.py:839} INFO - DAG(s) dict_keys(['example_weekday_branch_operator']) retrieved from /home/airflow/.local/lib/python3.8/site-packages/airflow/example_dags/example_branch_day_of_week_operator.py
[2023-12-18T14:36:49.488+0000] {logging_mixin.py:154} INFO - [2023-12-18T14:36:49.488+0000] {dag.py:2941} INFO - Sync 1 DAGs
[2023-12-18T14:36:49.503+0000] {logging_mixin.py:154} INFO - [2023-12-18T14:36:49.503+0000] {dag.py:3722} INFO - Setting next_dagrun for example_weekday_branch_operator to 2023-12-17T00:00:00+00:00, run_after=2023-12-18T00:00:00+00:00
[2023-12-18T14:36:49.514+0000] {processor.py:179} INFO - Processing /home/airflow/.local/lib/python3.8/site-packages/airflow/example_dags/example_branch_day_of_week_operator.py took 0.062 seconds
[2023-12-18T14:37:19.602+0000] {processor.py:157} INFO - Started process (PID=1638) to work on /home/airflow/.local/lib/python3.8/site-packages/airflow/example_dags/example_branch_day_of_week_operator.py
[2023-12-18T14:37:19.602+0000] {processor.py:829} INFO - Processing file /home/airflow/.local/lib/python3.8/site-packages/airflow/example_dags/example_branch_day_of_week_operator.py for tasks to queue
[2023-12-18T14:37:19.603+0000] {logging_mixin.py:154} INFO - [2023-12-18T14:37:19.603+0000] {dagbag.py:536} INFO - Filling up the DagBag from /home/airflow/.local/lib/python3.8/site-packages/airflow/example_dags/example_branch_day_of_week_operator.py
[2023-12-18T14:37:19.608+0000] {processor.py:839} INFO - DAG(s) dict_keys(['example_weekday_branch_operator']) retrieved from /home/airflow/.local/lib/python3.8/site-packages/airflow/example_dags/example_branch_day_of_week_operator.py
[2023-12-18T14:37:19.620+0000] {logging_mixin.py:154} INFO - [2023-12-18T14:37:19.620+0000] {dag.py:2941} INFO - Sync 1 DAGs
[2023-12-18T14:37:19.635+0000] {logging_mixin.py:154} INFO - [2023-12-18T14:37:19.635+0000] {dag.py:3722} INFO - Setting next_dagrun for example_weekday_branch_operator to 2023-12-17T00:00:00+00:00, run_after=2023-12-18T00:00:00+00:00
[2023-12-18T14:37:19.645+0000] {processor.py:179} INFO - Processing /home/airflow/.local/lib/python3.8/site-packages/airflow/example_dags/example_branch_day_of_week_operator.py took 0.045 seconds
[2023-12-18T14:37:50.335+0000] {processor.py:157} INFO - Started process (PID=1707) to work on /home/airflow/.local/lib/python3.8/site-packages/airflow/example_dags/example_branch_day_of_week_operator.py
[2023-12-18T14:37:50.336+0000] {processor.py:829} INFO - Processing file /home/airflow/.local/lib/python3.8/site-packages/airflow/example_dags/example_branch_day_of_week_operator.py for tasks to queue
[2023-12-18T14:37:50.337+0000] {logging_mixin.py:154} INFO - [2023-12-18T14:37:50.337+0000] {dagbag.py:536} INFO - Filling up the DagBag from /home/airflow/.local/lib/python3.8/site-packages/airflow/example_dags/example_branch_day_of_week_operator.py
[2023-12-18T14:37:50.341+0000] {processor.py:839} INFO - DAG(s) dict_keys(['example_weekday_branch_operator']) retrieved from /home/airflow/.local/lib/python3.8/site-packages/airflow/example_dags/example_branch_day_of_week_operator.py
[2023-12-18T14:37:50.355+0000] {logging_mixin.py:154} INFO - [2023-12-18T14:37:50.355+0000] {dag.py:2941} INFO - Sync 1 DAGs
[2023-12-18T14:37:50.390+0000] {logging_mixin.py:154} INFO - [2023-12-18T14:37:50.390+0000] {dag.py:3722} INFO - Setting next_dagrun for example_weekday_branch_operator to 2023-12-17T00:00:00+00:00, run_after=2023-12-18T00:00:00+00:00
[2023-12-18T14:37:50.402+0000] {processor.py:179} INFO - Processing /home/airflow/.local/lib/python3.8/site-packages/airflow/example_dags/example_branch_day_of_week_operator.py took 0.068 seconds
[2023-12-18T14:38:21.093+0000] {processor.py:157} INFO - Started process (PID=1783) to work on /home/airflow/.local/lib/python3.8/site-packages/airflow/example_dags/example_branch_day_of_week_operator.py
[2023-12-18T14:38:21.094+0000] {processor.py:829} INFO - Processing file /home/airflow/.local/lib/python3.8/site-packages/airflow/example_dags/example_branch_day_of_week_operator.py for tasks to queue
[2023-12-18T14:38:21.095+0000] {logging_mixin.py:154} INFO - [2023-12-18T14:38:21.095+0000] {dagbag.py:536} INFO - Filling up the DagBag from /home/airflow/.local/lib/python3.8/site-packages/airflow/example_dags/example_branch_day_of_week_operator.py
[2023-12-18T14:38:21.099+0000] {processor.py:839} INFO - DAG(s) dict_keys(['example_weekday_branch_operator']) retrieved from /home/airflow/.local/lib/python3.8/site-packages/airflow/example_dags/example_branch_day_of_week_operator.py
[2023-12-18T14:38:21.112+0000] {logging_mixin.py:154} INFO - [2023-12-18T14:38:21.111+0000] {dag.py:2941} INFO - Sync 1 DAGs
[2023-12-18T14:38:21.126+0000] {logging_mixin.py:154} INFO - [2023-12-18T14:38:21.126+0000] {dag.py:3722} INFO - Setting next_dagrun for example_weekday_branch_operator to 2023-12-17T00:00:00+00:00, run_after=2023-12-18T00:00:00+00:00
[2023-12-18T14:38:21.141+0000] {processor.py:179} INFO - Processing /home/airflow/.local/lib/python3.8/site-packages/airflow/example_dags/example_branch_day_of_week_operator.py took 0.050 seconds
[2023-12-18T14:38:51.911+0000] {processor.py:157} INFO - Started process (PID=1852) to work on /home/airflow/.local/lib/python3.8/site-packages/airflow/example_dags/example_branch_day_of_week_operator.py
[2023-12-18T14:38:51.912+0000] {processor.py:829} INFO - Processing file /home/airflow/.local/lib/python3.8/site-packages/airflow/example_dags/example_branch_day_of_week_operator.py for tasks to queue
[2023-12-18T14:38:51.913+0000] {logging_mixin.py:154} INFO - [2023-12-18T14:38:51.913+0000] {dagbag.py:536} INFO - Filling up the DagBag from /home/airflow/.local/lib/python3.8/site-packages/airflow/example_dags/example_branch_day_of_week_operator.py
[2023-12-18T14:38:51.918+0000] {processor.py:839} INFO - DAG(s) dict_keys(['example_weekday_branch_operator']) retrieved from /home/airflow/.local/lib/python3.8/site-packages/airflow/example_dags/example_branch_day_of_week_operator.py
[2023-12-18T14:38:51.932+0000] {logging_mixin.py:154} INFO - [2023-12-18T14:38:51.931+0000] {dag.py:2941} INFO - Sync 1 DAGs
[2023-12-18T14:38:51.949+0000] {logging_mixin.py:154} INFO - [2023-12-18T14:38:51.949+0000] {dag.py:3722} INFO - Setting next_dagrun for example_weekday_branch_operator to 2023-12-17T00:00:00+00:00, run_after=2023-12-18T00:00:00+00:00
[2023-12-18T14:38:51.960+0000] {processor.py:179} INFO - Processing /home/airflow/.local/lib/python3.8/site-packages/airflow/example_dags/example_branch_day_of_week_operator.py took 0.051 seconds
[2023-12-18T14:39:52.981+0000] {processor.py:157} INFO - Started process (PID=51) to work on /home/airflow/.local/lib/python3.8/site-packages/airflow/example_dags/example_branch_day_of_week_operator.py
[2023-12-18T14:39:52.982+0000] {processor.py:829} INFO - Processing file /home/airflow/.local/lib/python3.8/site-packages/airflow/example_dags/example_branch_day_of_week_operator.py for tasks to queue
[2023-12-18T14:39:52.985+0000] {logging_mixin.py:154} INFO - [2023-12-18T14:39:52.985+0000] {dagbag.py:536} INFO - Filling up the DagBag from /home/airflow/.local/lib/python3.8/site-packages/airflow/example_dags/example_branch_day_of_week_operator.py
[2023-12-18T14:39:53.003+0000] {processor.py:839} INFO - DAG(s) dict_keys(['example_weekday_branch_operator']) retrieved from /home/airflow/.local/lib/python3.8/site-packages/airflow/example_dags/example_branch_day_of_week_operator.py
[2023-12-18T14:39:53.036+0000] {logging_mixin.py:154} INFO - [2023-12-18T14:39:53.036+0000] {dag.py:2941} INFO - Sync 1 DAGs
[2023-12-18T14:39:53.063+0000] {logging_mixin.py:154} INFO - [2023-12-18T14:39:53.062+0000] {dag.py:3722} INFO - Setting next_dagrun for example_weekday_branch_operator to 2023-12-17T00:00:00+00:00, run_after=2023-12-18T00:00:00+00:00
[2023-12-18T14:39:53.082+0000] {processor.py:179} INFO - Processing /home/airflow/.local/lib/python3.8/site-packages/airflow/example_dags/example_branch_day_of_week_operator.py took 0.122 seconds
[2023-12-18T14:40:23.815+0000] {processor.py:157} INFO - Started process (PID=120) to work on /home/airflow/.local/lib/python3.8/site-packages/airflow/example_dags/example_branch_day_of_week_operator.py
[2023-12-18T14:40:23.816+0000] {processor.py:829} INFO - Processing file /home/airflow/.local/lib/python3.8/site-packages/airflow/example_dags/example_branch_day_of_week_operator.py for tasks to queue
[2023-12-18T14:40:23.817+0000] {logging_mixin.py:154} INFO - [2023-12-18T14:40:23.817+0000] {dagbag.py:536} INFO - Filling up the DagBag from /home/airflow/.local/lib/python3.8/site-packages/airflow/example_dags/example_branch_day_of_week_operator.py
[2023-12-18T14:40:23.822+0000] {processor.py:839} INFO - DAG(s) dict_keys(['example_weekday_branch_operator']) retrieved from /home/airflow/.local/lib/python3.8/site-packages/airflow/example_dags/example_branch_day_of_week_operator.py
[2023-12-18T14:40:23.834+0000] {logging_mixin.py:154} INFO - [2023-12-18T14:40:23.834+0000] {dag.py:2941} INFO - Sync 1 DAGs
[2023-12-18T14:40:23.855+0000] {logging_mixin.py:154} INFO - [2023-12-18T14:40:23.855+0000] {dag.py:3722} INFO - Setting next_dagrun for example_weekday_branch_operator to 2023-12-17T00:00:00+00:00, run_after=2023-12-18T00:00:00+00:00
[2023-12-18T14:40:23.886+0000] {processor.py:179} INFO - Processing /home/airflow/.local/lib/python3.8/site-packages/airflow/example_dags/example_branch_day_of_week_operator.py took 0.073 seconds
[2023-12-18T14:40:54.162+0000] {processor.py:157} INFO - Started process (PID=189) to work on /home/airflow/.local/lib/python3.8/site-packages/airflow/example_dags/example_branch_day_of_week_operator.py
[2023-12-18T14:40:54.162+0000] {processor.py:829} INFO - Processing file /home/airflow/.local/lib/python3.8/site-packages/airflow/example_dags/example_branch_day_of_week_operator.py for tasks to queue
[2023-12-18T14:40:54.163+0000] {logging_mixin.py:154} INFO - [2023-12-18T14:40:54.163+0000] {dagbag.py:536} INFO - Filling up the DagBag from /home/airflow/.local/lib/python3.8/site-packages/airflow/example_dags/example_branch_day_of_week_operator.py
[2023-12-18T14:40:54.167+0000] {processor.py:839} INFO - DAG(s) dict_keys(['example_weekday_branch_operator']) retrieved from /home/airflow/.local/lib/python3.8/site-packages/airflow/example_dags/example_branch_day_of_week_operator.py
[2023-12-18T14:40:54.192+0000] {logging_mixin.py:154} INFO - [2023-12-18T14:40:54.192+0000] {dag.py:2941} INFO - Sync 1 DAGs
[2023-12-18T14:40:54.208+0000] {logging_mixin.py:154} INFO - [2023-12-18T14:40:54.208+0000] {dag.py:3722} INFO - Setting next_dagrun for example_weekday_branch_operator to 2023-12-17T00:00:00+00:00, run_after=2023-12-18T00:00:00+00:00
[2023-12-18T14:40:54.219+0000] {processor.py:179} INFO - Processing /home/airflow/.local/lib/python3.8/site-packages/airflow/example_dags/example_branch_day_of_week_operator.py took 0.059 seconds
[2023-12-18T14:41:25.006+0000] {processor.py:157} INFO - Started process (PID=258) to work on /home/airflow/.local/lib/python3.8/site-packages/airflow/example_dags/example_branch_day_of_week_operator.py
[2023-12-18T14:41:25.006+0000] {processor.py:829} INFO - Processing file /home/airflow/.local/lib/python3.8/site-packages/airflow/example_dags/example_branch_day_of_week_operator.py for tasks to queue
[2023-12-18T14:41:25.007+0000] {logging_mixin.py:154} INFO - [2023-12-18T14:41:25.007+0000] {dagbag.py:536} INFO - Filling up the DagBag from /home/airflow/.local/lib/python3.8/site-packages/airflow/example_dags/example_branch_day_of_week_operator.py
[2023-12-18T14:41:25.012+0000] {processor.py:839} INFO - DAG(s) dict_keys(['example_weekday_branch_operator']) retrieved from /home/airflow/.local/lib/python3.8/site-packages/airflow/example_dags/example_branch_day_of_week_operator.py
[2023-12-18T14:41:25.025+0000] {logging_mixin.py:154} INFO - [2023-12-18T14:41:25.024+0000] {dag.py:2941} INFO - Sync 1 DAGs
[2023-12-18T14:41:25.039+0000] {logging_mixin.py:154} INFO - [2023-12-18T14:41:25.039+0000] {dag.py:3722} INFO - Setting next_dagrun for example_weekday_branch_operator to 2023-12-17T00:00:00+00:00, run_after=2023-12-18T00:00:00+00:00
[2023-12-18T14:41:25.050+0000] {processor.py:179} INFO - Processing /home/airflow/.local/lib/python3.8/site-packages/airflow/example_dags/example_branch_day_of_week_operator.py took 0.046 seconds
[2023-12-18T14:41:55.772+0000] {processor.py:157} INFO - Started process (PID=328) to work on /home/airflow/.local/lib/python3.8/site-packages/airflow/example_dags/example_branch_day_of_week_operator.py
[2023-12-18T14:41:55.781+0000] {processor.py:829} INFO - Processing file /home/airflow/.local/lib/python3.8/site-packages/airflow/example_dags/example_branch_day_of_week_operator.py for tasks to queue
[2023-12-18T14:41:55.783+0000] {logging_mixin.py:154} INFO - [2023-12-18T14:41:55.783+0000] {dagbag.py:536} INFO - Filling up the DagBag from /home/airflow/.local/lib/python3.8/site-packages/airflow/example_dags/example_branch_day_of_week_operator.py
[2023-12-18T14:41:55.787+0000] {processor.py:839} INFO - DAG(s) dict_keys(['example_weekday_branch_operator']) retrieved from /home/airflow/.local/lib/python3.8/site-packages/airflow/example_dags/example_branch_day_of_week_operator.py
[2023-12-18T14:41:55.800+0000] {logging_mixin.py:154} INFO - [2023-12-18T14:41:55.800+0000] {dag.py:2941} INFO - Sync 1 DAGs
[2023-12-18T14:41:55.814+0000] {logging_mixin.py:154} INFO - [2023-12-18T14:41:55.814+0000] {dag.py:3722} INFO - Setting next_dagrun for example_weekday_branch_operator to 2023-12-17T00:00:00+00:00, run_after=2023-12-18T00:00:00+00:00
[2023-12-18T14:41:55.826+0000] {processor.py:179} INFO - Processing /home/airflow/.local/lib/python3.8/site-packages/airflow/example_dags/example_branch_day_of_week_operator.py took 0.056 seconds
[2023-12-18T14:42:26.616+0000] {processor.py:157} INFO - Started process (PID=397) to work on /home/airflow/.local/lib/python3.8/site-packages/airflow/example_dags/example_branch_day_of_week_operator.py
[2023-12-18T14:42:26.617+0000] {processor.py:829} INFO - Processing file /home/airflow/.local/lib/python3.8/site-packages/airflow/example_dags/example_branch_day_of_week_operator.py for tasks to queue
[2023-12-18T14:42:26.618+0000] {logging_mixin.py:154} INFO - [2023-12-18T14:42:26.618+0000] {dagbag.py:536} INFO - Filling up the DagBag from /home/airflow/.local/lib/python3.8/site-packages/airflow/example_dags/example_branch_day_of_week_operator.py
[2023-12-18T14:42:26.626+0000] {processor.py:839} INFO - DAG(s) dict_keys(['example_weekday_branch_operator']) retrieved from /home/airflow/.local/lib/python3.8/site-packages/airflow/example_dags/example_branch_day_of_week_operator.py
[2023-12-18T14:42:26.643+0000] {logging_mixin.py:154} INFO - [2023-12-18T14:42:26.642+0000] {dag.py:2941} INFO - Sync 1 DAGs
[2023-12-18T14:42:26.683+0000] {logging_mixin.py:154} INFO - [2023-12-18T14:42:26.683+0000] {dag.py:3722} INFO - Setting next_dagrun for example_weekday_branch_operator to 2023-12-17T00:00:00+00:00, run_after=2023-12-18T00:00:00+00:00
[2023-12-18T14:42:26.704+0000] {processor.py:179} INFO - Processing /home/airflow/.local/lib/python3.8/site-packages/airflow/example_dags/example_branch_day_of_week_operator.py took 0.090 seconds
[2023-12-18T14:42:56.938+0000] {processor.py:157} INFO - Started process (PID=466) to work on /home/airflow/.local/lib/python3.8/site-packages/airflow/example_dags/example_branch_day_of_week_operator.py
[2023-12-18T14:42:56.938+0000] {processor.py:829} INFO - Processing file /home/airflow/.local/lib/python3.8/site-packages/airflow/example_dags/example_branch_day_of_week_operator.py for tasks to queue
[2023-12-18T14:42:56.939+0000] {logging_mixin.py:154} INFO - [2023-12-18T14:42:56.939+0000] {dagbag.py:536} INFO - Filling up the DagBag from /home/airflow/.local/lib/python3.8/site-packages/airflow/example_dags/example_branch_day_of_week_operator.py
[2023-12-18T14:42:56.944+0000] {processor.py:839} INFO - DAG(s) dict_keys(['example_weekday_branch_operator']) retrieved from /home/airflow/.local/lib/python3.8/site-packages/airflow/example_dags/example_branch_day_of_week_operator.py
[2023-12-18T14:42:56.958+0000] {logging_mixin.py:154} INFO - [2023-12-18T14:42:56.957+0000] {dag.py:2941} INFO - Sync 1 DAGs
[2023-12-18T14:42:56.995+0000] {logging_mixin.py:154} INFO - [2023-12-18T14:42:56.995+0000] {dag.py:3722} INFO - Setting next_dagrun for example_weekday_branch_operator to 2023-12-17T00:00:00+00:00, run_after=2023-12-18T00:00:00+00:00
[2023-12-18T14:42:57.005+0000] {processor.py:179} INFO - Processing /home/airflow/.local/lib/python3.8/site-packages/airflow/example_dags/example_branch_day_of_week_operator.py took 0.070 seconds
[2023-12-18T14:44:33.453+0000] {processor.py:157} INFO - Started process (PID=49) to work on /home/airflow/.local/lib/python3.8/site-packages/airflow/example_dags/example_branch_day_of_week_operator.py
[2023-12-18T14:44:33.454+0000] {processor.py:829} INFO - Processing file /home/airflow/.local/lib/python3.8/site-packages/airflow/example_dags/example_branch_day_of_week_operator.py for tasks to queue
[2023-12-18T14:44:33.457+0000] {logging_mixin.py:154} INFO - [2023-12-18T14:44:33.457+0000] {dagbag.py:536} INFO - Filling up the DagBag from /home/airflow/.local/lib/python3.8/site-packages/airflow/example_dags/example_branch_day_of_week_operator.py
[2023-12-18T14:44:33.466+0000] {processor.py:839} INFO - DAG(s) dict_keys(['example_weekday_branch_operator']) retrieved from /home/airflow/.local/lib/python3.8/site-packages/airflow/example_dags/example_branch_day_of_week_operator.py
[2023-12-18T14:44:33.526+0000] {logging_mixin.py:154} INFO - [2023-12-18T14:44:33.526+0000] {dag.py:2941} INFO - Sync 1 DAGs
[2023-12-18T14:44:33.578+0000] {logging_mixin.py:154} INFO - [2023-12-18T14:44:33.577+0000] {dag.py:3722} INFO - Setting next_dagrun for example_weekday_branch_operator to 2023-12-17T00:00:00+00:00, run_after=2023-12-18T00:00:00+00:00
[2023-12-18T14:44:33.627+0000] {processor.py:179} INFO - Processing /home/airflow/.local/lib/python3.8/site-packages/airflow/example_dags/example_branch_day_of_week_operator.py took 0.179 seconds
[2023-12-18T14:45:04.368+0000] {processor.py:157} INFO - Started process (PID=118) to work on /home/airflow/.local/lib/python3.8/site-packages/airflow/example_dags/example_branch_day_of_week_operator.py
[2023-12-18T14:45:04.368+0000] {processor.py:829} INFO - Processing file /home/airflow/.local/lib/python3.8/site-packages/airflow/example_dags/example_branch_day_of_week_operator.py for tasks to queue
[2023-12-18T14:45:04.370+0000] {logging_mixin.py:154} INFO - [2023-12-18T14:45:04.369+0000] {dagbag.py:536} INFO - Filling up the DagBag from /home/airflow/.local/lib/python3.8/site-packages/airflow/example_dags/example_branch_day_of_week_operator.py
[2023-12-18T14:45:04.374+0000] {processor.py:839} INFO - DAG(s) dict_keys(['example_weekday_branch_operator']) retrieved from /home/airflow/.local/lib/python3.8/site-packages/airflow/example_dags/example_branch_day_of_week_operator.py
[2023-12-18T14:45:04.387+0000] {logging_mixin.py:154} INFO - [2023-12-18T14:45:04.387+0000] {dag.py:2941} INFO - Sync 1 DAGs
[2023-12-18T14:45:04.405+0000] {logging_mixin.py:154} INFO - [2023-12-18T14:45:04.405+0000] {dag.py:3722} INFO - Setting next_dagrun for example_weekday_branch_operator to 2023-12-17T00:00:00+00:00, run_after=2023-12-18T00:00:00+00:00
[2023-12-18T14:45:04.418+0000] {processor.py:179} INFO - Processing /home/airflow/.local/lib/python3.8/site-packages/airflow/example_dags/example_branch_day_of_week_operator.py took 0.052 seconds
[2023-12-18T14:45:34.767+0000] {processor.py:157} INFO - Started process (PID=187) to work on /home/airflow/.local/lib/python3.8/site-packages/airflow/example_dags/example_branch_day_of_week_operator.py
[2023-12-18T14:45:34.771+0000] {processor.py:829} INFO - Processing file /home/airflow/.local/lib/python3.8/site-packages/airflow/example_dags/example_branch_day_of_week_operator.py for tasks to queue
[2023-12-18T14:45:34.773+0000] {logging_mixin.py:154} INFO - [2023-12-18T14:45:34.773+0000] {dagbag.py:536} INFO - Filling up the DagBag from /home/airflow/.local/lib/python3.8/site-packages/airflow/example_dags/example_branch_day_of_week_operator.py
[2023-12-18T14:45:34.780+0000] {processor.py:839} INFO - DAG(s) dict_keys(['example_weekday_branch_operator']) retrieved from /home/airflow/.local/lib/python3.8/site-packages/airflow/example_dags/example_branch_day_of_week_operator.py
[2023-12-18T14:45:34.792+0000] {logging_mixin.py:154} INFO - [2023-12-18T14:45:34.792+0000] {dag.py:2941} INFO - Sync 1 DAGs
[2023-12-18T14:45:34.806+0000] {logging_mixin.py:154} INFO - [2023-12-18T14:45:34.805+0000] {dag.py:3722} INFO - Setting next_dagrun for example_weekday_branch_operator to 2023-12-17T00:00:00+00:00, run_after=2023-12-18T00:00:00+00:00
[2023-12-18T14:45:34.817+0000] {processor.py:179} INFO - Processing /home/airflow/.local/lib/python3.8/site-packages/airflow/example_dags/example_branch_day_of_week_operator.py took 0.051 seconds
[2023-12-18T14:46:04.873+0000] {processor.py:157} INFO - Started process (PID=256) to work on /home/airflow/.local/lib/python3.8/site-packages/airflow/example_dags/example_branch_day_of_week_operator.py
[2023-12-18T14:46:04.874+0000] {processor.py:829} INFO - Processing file /home/airflow/.local/lib/python3.8/site-packages/airflow/example_dags/example_branch_day_of_week_operator.py for tasks to queue
[2023-12-18T14:46:04.875+0000] {logging_mixin.py:154} INFO - [2023-12-18T14:46:04.875+0000] {dagbag.py:536} INFO - Filling up the DagBag from /home/airflow/.local/lib/python3.8/site-packages/airflow/example_dags/example_branch_day_of_week_operator.py
[2023-12-18T14:46:04.879+0000] {processor.py:839} INFO - DAG(s) dict_keys(['example_weekday_branch_operator']) retrieved from /home/airflow/.local/lib/python3.8/site-packages/airflow/example_dags/example_branch_day_of_week_operator.py
[2023-12-18T14:46:04.892+0000] {logging_mixin.py:154} INFO - [2023-12-18T14:46:04.892+0000] {dag.py:2941} INFO - Sync 1 DAGs
[2023-12-18T14:46:04.907+0000] {logging_mixin.py:154} INFO - [2023-12-18T14:46:04.907+0000] {dag.py:3722} INFO - Setting next_dagrun for example_weekday_branch_operator to 2023-12-17T00:00:00+00:00, run_after=2023-12-18T00:00:00+00:00
[2023-12-18T14:46:04.919+0000] {processor.py:179} INFO - Processing /home/airflow/.local/lib/python3.8/site-packages/airflow/example_dags/example_branch_day_of_week_operator.py took 0.048 seconds
[2023-12-18T14:46:35.776+0000] {processor.py:157} INFO - Started process (PID=325) to work on /home/airflow/.local/lib/python3.8/site-packages/airflow/example_dags/example_branch_day_of_week_operator.py
[2023-12-18T14:46:35.779+0000] {processor.py:829} INFO - Processing file /home/airflow/.local/lib/python3.8/site-packages/airflow/example_dags/example_branch_day_of_week_operator.py for tasks to queue
[2023-12-18T14:46:35.781+0000] {logging_mixin.py:154} INFO - [2023-12-18T14:46:35.781+0000] {dagbag.py:536} INFO - Filling up the DagBag from /home/airflow/.local/lib/python3.8/site-packages/airflow/example_dags/example_branch_day_of_week_operator.py
[2023-12-18T14:46:35.787+0000] {processor.py:839} INFO - DAG(s) dict_keys(['example_weekday_branch_operator']) retrieved from /home/airflow/.local/lib/python3.8/site-packages/airflow/example_dags/example_branch_day_of_week_operator.py
[2023-12-18T14:46:35.801+0000] {logging_mixin.py:154} INFO - [2023-12-18T14:46:35.801+0000] {dag.py:2941} INFO - Sync 1 DAGs
[2023-12-18T14:46:35.815+0000] {logging_mixin.py:154} INFO - [2023-12-18T14:46:35.815+0000] {dag.py:3722} INFO - Setting next_dagrun for example_weekday_branch_operator to 2023-12-17T00:00:00+00:00, run_after=2023-12-18T00:00:00+00:00
[2023-12-18T14:46:35.825+0000] {processor.py:179} INFO - Processing /home/airflow/.local/lib/python3.8/site-packages/airflow/example_dags/example_branch_day_of_week_operator.py took 0.050 seconds
[2023-12-18T14:47:06.546+0000] {processor.py:157} INFO - Started process (PID=394) to work on /home/airflow/.local/lib/python3.8/site-packages/airflow/example_dags/example_branch_day_of_week_operator.py
[2023-12-18T14:47:06.547+0000] {processor.py:829} INFO - Processing file /home/airflow/.local/lib/python3.8/site-packages/airflow/example_dags/example_branch_day_of_week_operator.py for tasks to queue
[2023-12-18T14:47:06.548+0000] {logging_mixin.py:154} INFO - [2023-12-18T14:47:06.548+0000] {dagbag.py:536} INFO - Filling up the DagBag from /home/airflow/.local/lib/python3.8/site-packages/airflow/example_dags/example_branch_day_of_week_operator.py
[2023-12-18T14:47:06.557+0000] {processor.py:839} INFO - DAG(s) dict_keys(['example_weekday_branch_operator']) retrieved from /home/airflow/.local/lib/python3.8/site-packages/airflow/example_dags/example_branch_day_of_week_operator.py
[2023-12-18T14:47:06.571+0000] {logging_mixin.py:154} INFO - [2023-12-18T14:47:06.571+0000] {dag.py:2941} INFO - Sync 1 DAGs
[2023-12-18T14:47:06.584+0000] {logging_mixin.py:154} INFO - [2023-12-18T14:47:06.584+0000] {dag.py:3722} INFO - Setting next_dagrun for example_weekday_branch_operator to 2023-12-17T00:00:00+00:00, run_after=2023-12-18T00:00:00+00:00
[2023-12-18T14:47:06.598+0000] {processor.py:179} INFO - Processing /home/airflow/.local/lib/python3.8/site-packages/airflow/example_dags/example_branch_day_of_week_operator.py took 0.053 seconds
[2023-12-18T14:47:36.659+0000] {processor.py:157} INFO - Started process (PID=463) to work on /home/airflow/.local/lib/python3.8/site-packages/airflow/example_dags/example_branch_day_of_week_operator.py
[2023-12-18T14:47:36.660+0000] {processor.py:829} INFO - Processing file /home/airflow/.local/lib/python3.8/site-packages/airflow/example_dags/example_branch_day_of_week_operator.py for tasks to queue
[2023-12-18T14:47:36.661+0000] {logging_mixin.py:154} INFO - [2023-12-18T14:47:36.661+0000] {dagbag.py:536} INFO - Filling up the DagBag from /home/airflow/.local/lib/python3.8/site-packages/airflow/example_dags/example_branch_day_of_week_operator.py
[2023-12-18T14:47:36.666+0000] {processor.py:839} INFO - DAG(s) dict_keys(['example_weekday_branch_operator']) retrieved from /home/airflow/.local/lib/python3.8/site-packages/airflow/example_dags/example_branch_day_of_week_operator.py
[2023-12-18T14:47:36.680+0000] {logging_mixin.py:154} INFO - [2023-12-18T14:47:36.680+0000] {dag.py:2941} INFO - Sync 1 DAGs
[2023-12-18T14:47:36.696+0000] {logging_mixin.py:154} INFO - [2023-12-18T14:47:36.696+0000] {dag.py:3722} INFO - Setting next_dagrun for example_weekday_branch_operator to 2023-12-17T00:00:00+00:00, run_after=2023-12-18T00:00:00+00:00
[2023-12-18T14:47:36.708+0000] {processor.py:179} INFO - Processing /home/airflow/.local/lib/python3.8/site-packages/airflow/example_dags/example_branch_day_of_week_operator.py took 0.051 seconds
[2023-12-18T14:48:06.810+0000] {processor.py:157} INFO - Started process (PID=533) to work on /home/airflow/.local/lib/python3.8/site-packages/airflow/example_dags/example_branch_day_of_week_operator.py
[2023-12-18T14:48:06.811+0000] {processor.py:829} INFO - Processing file /home/airflow/.local/lib/python3.8/site-packages/airflow/example_dags/example_branch_day_of_week_operator.py for tasks to queue
[2023-12-18T14:48:06.812+0000] {logging_mixin.py:154} INFO - [2023-12-18T14:48:06.812+0000] {dagbag.py:536} INFO - Filling up the DagBag from /home/airflow/.local/lib/python3.8/site-packages/airflow/example_dags/example_branch_day_of_week_operator.py
[2023-12-18T14:48:06.818+0000] {processor.py:839} INFO - DAG(s) dict_keys(['example_weekday_branch_operator']) retrieved from /home/airflow/.local/lib/python3.8/site-packages/airflow/example_dags/example_branch_day_of_week_operator.py
[2023-12-18T14:48:06.833+0000] {logging_mixin.py:154} INFO - [2023-12-18T14:48:06.833+0000] {dag.py:2941} INFO - Sync 1 DAGs
[2023-12-18T14:48:06.854+0000] {logging_mixin.py:154} INFO - [2023-12-18T14:48:06.854+0000] {dag.py:3722} INFO - Setting next_dagrun for example_weekday_branch_operator to 2023-12-17T00:00:00+00:00, run_after=2023-12-18T00:00:00+00:00
[2023-12-18T14:48:06.867+0000] {processor.py:179} INFO - Processing /home/airflow/.local/lib/python3.8/site-packages/airflow/example_dags/example_branch_day_of_week_operator.py took 0.059 seconds
[2023-12-18T14:48:36.949+0000] {processor.py:157} INFO - Started process (PID=603) to work on /home/airflow/.local/lib/python3.8/site-packages/airflow/example_dags/example_branch_day_of_week_operator.py
[2023-12-18T14:48:36.950+0000] {processor.py:829} INFO - Processing file /home/airflow/.local/lib/python3.8/site-packages/airflow/example_dags/example_branch_day_of_week_operator.py for tasks to queue
[2023-12-18T14:48:36.951+0000] {logging_mixin.py:154} INFO - [2023-12-18T14:48:36.951+0000] {dagbag.py:536} INFO - Filling up the DagBag from /home/airflow/.local/lib/python3.8/site-packages/airflow/example_dags/example_branch_day_of_week_operator.py
[2023-12-18T14:48:36.956+0000] {processor.py:839} INFO - DAG(s) dict_keys(['example_weekday_branch_operator']) retrieved from /home/airflow/.local/lib/python3.8/site-packages/airflow/example_dags/example_branch_day_of_week_operator.py
[2023-12-18T14:48:36.969+0000] {logging_mixin.py:154} INFO - [2023-12-18T14:48:36.968+0000] {dag.py:2941} INFO - Sync 1 DAGs
[2023-12-18T14:48:36.982+0000] {logging_mixin.py:154} INFO - [2023-12-18T14:48:36.982+0000] {dag.py:3722} INFO - Setting next_dagrun for example_weekday_branch_operator to 2023-12-17T00:00:00+00:00, run_after=2023-12-18T00:00:00+00:00
[2023-12-18T14:48:36.994+0000] {processor.py:179} INFO - Processing /home/airflow/.local/lib/python3.8/site-packages/airflow/example_dags/example_branch_day_of_week_operator.py took 0.046 seconds
[2023-12-18T14:52:06.609+0000] {processor.py:157} INFO - Started process (PID=50) to work on /home/airflow/.local/lib/python3.8/site-packages/airflow/example_dags/example_branch_day_of_week_operator.py
[2023-12-18T14:52:06.612+0000] {processor.py:829} INFO - Processing file /home/airflow/.local/lib/python3.8/site-packages/airflow/example_dags/example_branch_day_of_week_operator.py for tasks to queue
[2023-12-18T14:52:06.615+0000] {logging_mixin.py:154} INFO - [2023-12-18T14:52:06.615+0000] {dagbag.py:536} INFO - Filling up the DagBag from /home/airflow/.local/lib/python3.8/site-packages/airflow/example_dags/example_branch_day_of_week_operator.py
[2023-12-18T14:52:06.625+0000] {processor.py:839} INFO - DAG(s) dict_keys(['example_weekday_branch_operator']) retrieved from /home/airflow/.local/lib/python3.8/site-packages/airflow/example_dags/example_branch_day_of_week_operator.py
[2023-12-18T14:52:06.654+0000] {logging_mixin.py:154} INFO - [2023-12-18T14:52:06.654+0000] {dag.py:2941} INFO - Sync 1 DAGs
[2023-12-18T14:52:06.677+0000] {logging_mixin.py:154} INFO - [2023-12-18T14:52:06.677+0000] {dag.py:3722} INFO - Setting next_dagrun for example_weekday_branch_operator to 2023-12-17T00:00:00+00:00, run_after=2023-12-18T00:00:00+00:00
[2023-12-18T14:52:06.707+0000] {processor.py:179} INFO - Processing /home/airflow/.local/lib/python3.8/site-packages/airflow/example_dags/example_branch_day_of_week_operator.py took 0.101 seconds
[2023-12-18T14:52:37.545+0000] {processor.py:157} INFO - Started process (PID=119) to work on /home/airflow/.local/lib/python3.8/site-packages/airflow/example_dags/example_branch_day_of_week_operator.py
[2023-12-18T14:52:37.546+0000] {processor.py:829} INFO - Processing file /home/airflow/.local/lib/python3.8/site-packages/airflow/example_dags/example_branch_day_of_week_operator.py for tasks to queue
[2023-12-18T14:52:37.547+0000] {logging_mixin.py:154} INFO - [2023-12-18T14:52:37.547+0000] {dagbag.py:536} INFO - Filling up the DagBag from /home/airflow/.local/lib/python3.8/site-packages/airflow/example_dags/example_branch_day_of_week_operator.py
[2023-12-18T14:52:37.553+0000] {processor.py:839} INFO - DAG(s) dict_keys(['example_weekday_branch_operator']) retrieved from /home/airflow/.local/lib/python3.8/site-packages/airflow/example_dags/example_branch_day_of_week_operator.py
[2023-12-18T14:52:37.571+0000] {logging_mixin.py:154} INFO - [2023-12-18T14:52:37.571+0000] {dag.py:2941} INFO - Sync 1 DAGs
[2023-12-18T14:52:37.592+0000] {logging_mixin.py:154} INFO - [2023-12-18T14:52:37.591+0000] {dag.py:3722} INFO - Setting next_dagrun for example_weekday_branch_operator to 2023-12-17T00:00:00+00:00, run_after=2023-12-18T00:00:00+00:00
[2023-12-18T14:52:37.610+0000] {processor.py:179} INFO - Processing /home/airflow/.local/lib/python3.8/site-packages/airflow/example_dags/example_branch_day_of_week_operator.py took 0.067 seconds
[2023-12-18T14:53:08.126+0000] {processor.py:157} INFO - Started process (PID=189) to work on /home/airflow/.local/lib/python3.8/site-packages/airflow/example_dags/example_branch_day_of_week_operator.py
[2023-12-18T14:53:08.127+0000] {processor.py:829} INFO - Processing file /home/airflow/.local/lib/python3.8/site-packages/airflow/example_dags/example_branch_day_of_week_operator.py for tasks to queue
[2023-12-18T14:53:08.128+0000] {logging_mixin.py:154} INFO - [2023-12-18T14:53:08.128+0000] {dagbag.py:536} INFO - Filling up the DagBag from /home/airflow/.local/lib/python3.8/site-packages/airflow/example_dags/example_branch_day_of_week_operator.py
[2023-12-18T14:53:08.132+0000] {processor.py:839} INFO - DAG(s) dict_keys(['example_weekday_branch_operator']) retrieved from /home/airflow/.local/lib/python3.8/site-packages/airflow/example_dags/example_branch_day_of_week_operator.py
[2023-12-18T14:53:08.145+0000] {logging_mixin.py:154} INFO - [2023-12-18T14:53:08.144+0000] {dag.py:2941} INFO - Sync 1 DAGs
[2023-12-18T14:53:08.159+0000] {logging_mixin.py:154} INFO - [2023-12-18T14:53:08.158+0000] {dag.py:3722} INFO - Setting next_dagrun for example_weekday_branch_operator to 2023-12-17T00:00:00+00:00, run_after=2023-12-18T00:00:00+00:00
[2023-12-18T14:53:08.169+0000] {processor.py:179} INFO - Processing /home/airflow/.local/lib/python3.8/site-packages/airflow/example_dags/example_branch_day_of_week_operator.py took 0.044 seconds
[2023-12-18T14:53:39.003+0000] {processor.py:157} INFO - Started process (PID=258) to work on /home/airflow/.local/lib/python3.8/site-packages/airflow/example_dags/example_branch_day_of_week_operator.py
[2023-12-18T14:53:39.004+0000] {processor.py:829} INFO - Processing file /home/airflow/.local/lib/python3.8/site-packages/airflow/example_dags/example_branch_day_of_week_operator.py for tasks to queue
[2023-12-18T14:53:39.005+0000] {logging_mixin.py:154} INFO - [2023-12-18T14:53:39.005+0000] {dagbag.py:536} INFO - Filling up the DagBag from /home/airflow/.local/lib/python3.8/site-packages/airflow/example_dags/example_branch_day_of_week_operator.py
[2023-12-18T14:53:39.009+0000] {processor.py:839} INFO - DAG(s) dict_keys(['example_weekday_branch_operator']) retrieved from /home/airflow/.local/lib/python3.8/site-packages/airflow/example_dags/example_branch_day_of_week_operator.py
[2023-12-18T14:53:39.021+0000] {logging_mixin.py:154} INFO - [2023-12-18T14:53:39.021+0000] {dag.py:2941} INFO - Sync 1 DAGs
[2023-12-18T14:53:39.035+0000] {logging_mixin.py:154} INFO - [2023-12-18T14:53:39.035+0000] {dag.py:3722} INFO - Setting next_dagrun for example_weekday_branch_operator to 2023-12-17T00:00:00+00:00, run_after=2023-12-18T00:00:00+00:00
[2023-12-18T14:53:39.045+0000] {processor.py:179} INFO - Processing /home/airflow/.local/lib/python3.8/site-packages/airflow/example_dags/example_branch_day_of_week_operator.py took 0.043 seconds
