[2023-12-18T14:25:39.386+0000] {processor.py:157} INFO - Started process (PID=48) to work on /home/airflow/.local/lib/python3.8/site-packages/airflow/example_dags/example_sensors.py
[2023-12-18T14:25:39.388+0000] {processor.py:829} INFO - Processing file /home/airflow/.local/lib/python3.8/site-packages/airflow/example_dags/example_sensors.py for tasks to queue
[2023-12-18T14:25:39.390+0000] {logging_mixin.py:154} INFO - [2023-12-18T14:25:39.390+0000] {dagbag.py:536} INFO - Filling up the DagBag from /home/airflow/.local/lib/python3.8/site-packages/airflow/example_dags/example_sensors.py
[2023-12-18T14:25:39.409+0000] {processor.py:839} INFO - DAG(s) dict_keys(['example_sensors']) retrieved from /home/airflow/.local/lib/python3.8/site-packages/airflow/example_dags/example_sensors.py
[2023-12-18T14:25:39.456+0000] {logging_mixin.py:154} INFO - [2023-12-18T14:25:39.456+0000] {dag.py:2941} INFO - Sync 1 DAGs
[2023-12-18T14:25:39.472+0000] {logging_mixin.py:154} INFO - [2023-12-18T14:25:39.471+0000] {dag.py:3722} INFO - Setting next_dagrun for example_sensors to None, run_after=None
[2023-12-18T14:25:39.507+0000] {processor.py:179} INFO - Processing /home/airflow/.local/lib/python3.8/site-packages/airflow/example_dags/example_sensors.py took 0.124 seconds
[2023-12-18T14:26:09.589+0000] {processor.py:157} INFO - Started process (PID=117) to work on /home/airflow/.local/lib/python3.8/site-packages/airflow/example_dags/example_sensors.py
[2023-12-18T14:26:09.590+0000] {processor.py:829} INFO - Processing file /home/airflow/.local/lib/python3.8/site-packages/airflow/example_dags/example_sensors.py for tasks to queue
[2023-12-18T14:26:09.591+0000] {logging_mixin.py:154} INFO - [2023-12-18T14:26:09.591+0000] {dagbag.py:536} INFO - Filling up the DagBag from /home/airflow/.local/lib/python3.8/site-packages/airflow/example_dags/example_sensors.py
[2023-12-18T14:26:09.596+0000] {processor.py:839} INFO - DAG(s) dict_keys(['example_sensors']) retrieved from /home/airflow/.local/lib/python3.8/site-packages/airflow/example_dags/example_sensors.py
[2023-12-18T14:26:09.611+0000] {logging_mixin.py:154} INFO - [2023-12-18T14:26:09.611+0000] {dag.py:2941} INFO - Sync 1 DAGs
[2023-12-18T14:26:09.619+0000] {logging_mixin.py:154} INFO - [2023-12-18T14:26:09.619+0000] {dag.py:3722} INFO - Setting next_dagrun for example_sensors to None, run_after=None
[2023-12-18T14:26:09.630+0000] {processor.py:179} INFO - Processing /home/airflow/.local/lib/python3.8/site-packages/airflow/example_dags/example_sensors.py took 0.043 seconds
[2023-12-18T14:26:40.003+0000] {processor.py:157} INFO - Started process (PID=187) to work on /home/airflow/.local/lib/python3.8/site-packages/airflow/example_dags/example_sensors.py
[2023-12-18T14:26:40.004+0000] {processor.py:829} INFO - Processing file /home/airflow/.local/lib/python3.8/site-packages/airflow/example_dags/example_sensors.py for tasks to queue
[2023-12-18T14:26:40.005+0000] {logging_mixin.py:154} INFO - [2023-12-18T14:26:40.005+0000] {dagbag.py:536} INFO - Filling up the DagBag from /home/airflow/.local/lib/python3.8/site-packages/airflow/example_dags/example_sensors.py
[2023-12-18T14:26:40.010+0000] {processor.py:839} INFO - DAG(s) dict_keys(['example_sensors']) retrieved from /home/airflow/.local/lib/python3.8/site-packages/airflow/example_dags/example_sensors.py
[2023-12-18T14:26:40.025+0000] {logging_mixin.py:154} INFO - [2023-12-18T14:26:40.025+0000] {dag.py:2941} INFO - Sync 1 DAGs
[2023-12-18T14:26:40.033+0000] {logging_mixin.py:154} INFO - [2023-12-18T14:26:40.033+0000] {dag.py:3722} INFO - Setting next_dagrun for example_sensors to None, run_after=None
[2023-12-18T14:26:40.043+0000] {processor.py:179} INFO - Processing /home/airflow/.local/lib/python3.8/site-packages/airflow/example_dags/example_sensors.py took 0.042 seconds
[2023-12-18T14:27:10.908+0000] {processor.py:157} INFO - Started process (PID=256) to work on /home/airflow/.local/lib/python3.8/site-packages/airflow/example_dags/example_sensors.py
[2023-12-18T14:27:10.909+0000] {processor.py:829} INFO - Processing file /home/airflow/.local/lib/python3.8/site-packages/airflow/example_dags/example_sensors.py for tasks to queue
[2023-12-18T14:27:10.911+0000] {logging_mixin.py:154} INFO - [2023-12-18T14:27:10.911+0000] {dagbag.py:536} INFO - Filling up the DagBag from /home/airflow/.local/lib/python3.8/site-packages/airflow/example_dags/example_sensors.py
[2023-12-18T14:27:10.917+0000] {processor.py:839} INFO - DAG(s) dict_keys(['example_sensors']) retrieved from /home/airflow/.local/lib/python3.8/site-packages/airflow/example_dags/example_sensors.py
[2023-12-18T14:27:10.934+0000] {logging_mixin.py:154} INFO - [2023-12-18T14:27:10.934+0000] {dag.py:2941} INFO - Sync 1 DAGs
[2023-12-18T14:27:10.942+0000] {logging_mixin.py:154} INFO - [2023-12-18T14:27:10.942+0000] {dag.py:3722} INFO - Setting next_dagrun for example_sensors to None, run_after=None
[2023-12-18T14:27:10.952+0000] {processor.py:179} INFO - Processing /home/airflow/.local/lib/python3.8/site-packages/airflow/example_dags/example_sensors.py took 0.047 seconds
[2023-12-18T14:27:41.751+0000] {processor.py:157} INFO - Started process (PID=325) to work on /home/airflow/.local/lib/python3.8/site-packages/airflow/example_dags/example_sensors.py
[2023-12-18T14:27:41.751+0000] {processor.py:829} INFO - Processing file /home/airflow/.local/lib/python3.8/site-packages/airflow/example_dags/example_sensors.py for tasks to queue
[2023-12-18T14:27:41.753+0000] {logging_mixin.py:154} INFO - [2023-12-18T14:27:41.752+0000] {dagbag.py:536} INFO - Filling up the DagBag from /home/airflow/.local/lib/python3.8/site-packages/airflow/example_dags/example_sensors.py
[2023-12-18T14:27:41.758+0000] {processor.py:839} INFO - DAG(s) dict_keys(['example_sensors']) retrieved from /home/airflow/.local/lib/python3.8/site-packages/airflow/example_dags/example_sensors.py
[2023-12-18T14:27:41.792+0000] {logging_mixin.py:154} INFO - [2023-12-18T14:27:41.791+0000] {dag.py:2941} INFO - Sync 1 DAGs
[2023-12-18T14:27:41.801+0000] {logging_mixin.py:154} INFO - [2023-12-18T14:27:41.801+0000] {dag.py:3722} INFO - Setting next_dagrun for example_sensors to None, run_after=None
[2023-12-18T14:27:41.814+0000] {processor.py:179} INFO - Processing /home/airflow/.local/lib/python3.8/site-packages/airflow/example_dags/example_sensors.py took 0.065 seconds
[2023-12-18T14:28:11.922+0000] {processor.py:157} INFO - Started process (PID=393) to work on /home/airflow/.local/lib/python3.8/site-packages/airflow/example_dags/example_sensors.py
[2023-12-18T14:28:11.923+0000] {processor.py:829} INFO - Processing file /home/airflow/.local/lib/python3.8/site-packages/airflow/example_dags/example_sensors.py for tasks to queue
[2023-12-18T14:28:11.924+0000] {logging_mixin.py:154} INFO - [2023-12-18T14:28:11.924+0000] {dagbag.py:536} INFO - Filling up the DagBag from /home/airflow/.local/lib/python3.8/site-packages/airflow/example_dags/example_sensors.py
[2023-12-18T14:28:11.929+0000] {processor.py:839} INFO - DAG(s) dict_keys(['example_sensors']) retrieved from /home/airflow/.local/lib/python3.8/site-packages/airflow/example_dags/example_sensors.py
[2023-12-18T14:28:11.946+0000] {logging_mixin.py:154} INFO - [2023-12-18T14:28:11.946+0000] {dag.py:2941} INFO - Sync 1 DAGs
[2023-12-18T14:28:11.956+0000] {logging_mixin.py:154} INFO - [2023-12-18T14:28:11.955+0000] {dag.py:3722} INFO - Setting next_dagrun for example_sensors to None, run_after=None
[2023-12-18T14:28:11.986+0000] {processor.py:179} INFO - Processing /home/airflow/.local/lib/python3.8/site-packages/airflow/example_dags/example_sensors.py took 0.065 seconds
[2023-12-18T14:28:42.725+0000] {processor.py:157} INFO - Started process (PID=462) to work on /home/airflow/.local/lib/python3.8/site-packages/airflow/example_dags/example_sensors.py
[2023-12-18T14:28:42.726+0000] {processor.py:829} INFO - Processing file /home/airflow/.local/lib/python3.8/site-packages/airflow/example_dags/example_sensors.py for tasks to queue
[2023-12-18T14:28:42.727+0000] {logging_mixin.py:154} INFO - [2023-12-18T14:28:42.727+0000] {dagbag.py:536} INFO - Filling up the DagBag from /home/airflow/.local/lib/python3.8/site-packages/airflow/example_dags/example_sensors.py
[2023-12-18T14:28:42.732+0000] {processor.py:839} INFO - DAG(s) dict_keys(['example_sensors']) retrieved from /home/airflow/.local/lib/python3.8/site-packages/airflow/example_dags/example_sensors.py
[2023-12-18T14:28:42.747+0000] {logging_mixin.py:154} INFO - [2023-12-18T14:28:42.747+0000] {dag.py:2941} INFO - Sync 1 DAGs
[2023-12-18T14:28:42.755+0000] {logging_mixin.py:154} INFO - [2023-12-18T14:28:42.755+0000] {dag.py:3722} INFO - Setting next_dagrun for example_sensors to None, run_after=None
[2023-12-18T14:28:42.787+0000] {processor.py:179} INFO - Processing /home/airflow/.local/lib/python3.8/site-packages/airflow/example_dags/example_sensors.py took 0.064 seconds
[2023-12-18T14:29:13.642+0000] {processor.py:157} INFO - Started process (PID=531) to work on /home/airflow/.local/lib/python3.8/site-packages/airflow/example_dags/example_sensors.py
[2023-12-18T14:29:13.642+0000] {processor.py:829} INFO - Processing file /home/airflow/.local/lib/python3.8/site-packages/airflow/example_dags/example_sensors.py for tasks to queue
[2023-12-18T14:29:13.644+0000] {logging_mixin.py:154} INFO - [2023-12-18T14:29:13.643+0000] {dagbag.py:536} INFO - Filling up the DagBag from /home/airflow/.local/lib/python3.8/site-packages/airflow/example_dags/example_sensors.py
[2023-12-18T14:29:13.649+0000] {processor.py:839} INFO - DAG(s) dict_keys(['example_sensors']) retrieved from /home/airflow/.local/lib/python3.8/site-packages/airflow/example_dags/example_sensors.py
[2023-12-18T14:29:13.682+0000] {logging_mixin.py:154} INFO - [2023-12-18T14:29:13.681+0000] {dag.py:2941} INFO - Sync 1 DAGs
[2023-12-18T14:29:13.691+0000] {logging_mixin.py:154} INFO - [2023-12-18T14:29:13.691+0000] {dag.py:3722} INFO - Setting next_dagrun for example_sensors to None, run_after=None
[2023-12-18T14:29:13.703+0000] {processor.py:179} INFO - Processing /home/airflow/.local/lib/python3.8/site-packages/airflow/example_dags/example_sensors.py took 0.063 seconds
[2023-12-18T14:29:43.737+0000] {processor.py:157} INFO - Started process (PID=600) to work on /home/airflow/.local/lib/python3.8/site-packages/airflow/example_dags/example_sensors.py
[2023-12-18T14:29:43.738+0000] {processor.py:829} INFO - Processing file /home/airflow/.local/lib/python3.8/site-packages/airflow/example_dags/example_sensors.py for tasks to queue
[2023-12-18T14:29:43.739+0000] {logging_mixin.py:154} INFO - [2023-12-18T14:29:43.739+0000] {dagbag.py:536} INFO - Filling up the DagBag from /home/airflow/.local/lib/python3.8/site-packages/airflow/example_dags/example_sensors.py
[2023-12-18T14:29:43.745+0000] {processor.py:839} INFO - DAG(s) dict_keys(['example_sensors']) retrieved from /home/airflow/.local/lib/python3.8/site-packages/airflow/example_dags/example_sensors.py
[2023-12-18T14:29:43.759+0000] {logging_mixin.py:154} INFO - [2023-12-18T14:29:43.759+0000] {dag.py:2941} INFO - Sync 1 DAGs
[2023-12-18T14:29:43.783+0000] {logging_mixin.py:154} INFO - [2023-12-18T14:29:43.783+0000] {dag.py:3722} INFO - Setting next_dagrun for example_sensors to None, run_after=None
[2023-12-18T14:29:43.795+0000] {processor.py:179} INFO - Processing /home/airflow/.local/lib/python3.8/site-packages/airflow/example_dags/example_sensors.py took 0.060 seconds
[2023-12-18T14:30:13.924+0000] {processor.py:157} INFO - Started process (PID=670) to work on /home/airflow/.local/lib/python3.8/site-packages/airflow/example_dags/example_sensors.py
[2023-12-18T14:30:13.924+0000] {processor.py:829} INFO - Processing file /home/airflow/.local/lib/python3.8/site-packages/airflow/example_dags/example_sensors.py for tasks to queue
[2023-12-18T14:30:13.925+0000] {logging_mixin.py:154} INFO - [2023-12-18T14:30:13.925+0000] {dagbag.py:536} INFO - Filling up the DagBag from /home/airflow/.local/lib/python3.8/site-packages/airflow/example_dags/example_sensors.py
[2023-12-18T14:30:13.931+0000] {processor.py:839} INFO - DAG(s) dict_keys(['example_sensors']) retrieved from /home/airflow/.local/lib/python3.8/site-packages/airflow/example_dags/example_sensors.py
[2023-12-18T14:30:13.946+0000] {logging_mixin.py:154} INFO - [2023-12-18T14:30:13.946+0000] {dag.py:2941} INFO - Sync 1 DAGs
[2023-12-18T14:30:13.953+0000] {logging_mixin.py:154} INFO - [2023-12-18T14:30:13.953+0000] {dag.py:3722} INFO - Setting next_dagrun for example_sensors to None, run_after=None
[2023-12-18T14:30:13.964+0000] {processor.py:179} INFO - Processing /home/airflow/.local/lib/python3.8/site-packages/airflow/example_dags/example_sensors.py took 0.042 seconds
[2023-12-18T14:30:44.027+0000] {processor.py:157} INFO - Started process (PID=739) to work on /home/airflow/.local/lib/python3.8/site-packages/airflow/example_dags/example_sensors.py
[2023-12-18T14:30:44.027+0000] {processor.py:829} INFO - Processing file /home/airflow/.local/lib/python3.8/site-packages/airflow/example_dags/example_sensors.py for tasks to queue
[2023-12-18T14:30:44.028+0000] {logging_mixin.py:154} INFO - [2023-12-18T14:30:44.028+0000] {dagbag.py:536} INFO - Filling up the DagBag from /home/airflow/.local/lib/python3.8/site-packages/airflow/example_dags/example_sensors.py
[2023-12-18T14:30:44.034+0000] {processor.py:839} INFO - DAG(s) dict_keys(['example_sensors']) retrieved from /home/airflow/.local/lib/python3.8/site-packages/airflow/example_dags/example_sensors.py
[2023-12-18T14:30:44.049+0000] {logging_mixin.py:154} INFO - [2023-12-18T14:30:44.049+0000] {dag.py:2941} INFO - Sync 1 DAGs
[2023-12-18T14:30:44.056+0000] {logging_mixin.py:154} INFO - [2023-12-18T14:30:44.056+0000] {dag.py:3722} INFO - Setting next_dagrun for example_sensors to None, run_after=None
[2023-12-18T14:30:44.083+0000] {processor.py:179} INFO - Processing /home/airflow/.local/lib/python3.8/site-packages/airflow/example_dags/example_sensors.py took 0.058 seconds
[2023-12-18T14:31:14.219+0000] {processor.py:157} INFO - Started process (PID=809) to work on /home/airflow/.local/lib/python3.8/site-packages/airflow/example_dags/example_sensors.py
[2023-12-18T14:31:14.220+0000] {processor.py:829} INFO - Processing file /home/airflow/.local/lib/python3.8/site-packages/airflow/example_dags/example_sensors.py for tasks to queue
[2023-12-18T14:31:14.221+0000] {logging_mixin.py:154} INFO - [2023-12-18T14:31:14.220+0000] {dagbag.py:536} INFO - Filling up the DagBag from /home/airflow/.local/lib/python3.8/site-packages/airflow/example_dags/example_sensors.py
[2023-12-18T14:31:14.226+0000] {processor.py:839} INFO - DAG(s) dict_keys(['example_sensors']) retrieved from /home/airflow/.local/lib/python3.8/site-packages/airflow/example_dags/example_sensors.py
[2023-12-18T14:31:14.241+0000] {logging_mixin.py:154} INFO - [2023-12-18T14:31:14.241+0000] {dag.py:2941} INFO - Sync 1 DAGs
[2023-12-18T14:31:14.249+0000] {logging_mixin.py:154} INFO - [2023-12-18T14:31:14.249+0000] {dag.py:3722} INFO - Setting next_dagrun for example_sensors to None, run_after=None
[2023-12-18T14:31:14.259+0000] {processor.py:179} INFO - Processing /home/airflow/.local/lib/python3.8/site-packages/airflow/example_dags/example_sensors.py took 0.042 seconds
[2023-12-18T14:31:45.030+0000] {processor.py:157} INFO - Started process (PID=878) to work on /home/airflow/.local/lib/python3.8/site-packages/airflow/example_dags/example_sensors.py
[2023-12-18T14:31:45.031+0000] {processor.py:829} INFO - Processing file /home/airflow/.local/lib/python3.8/site-packages/airflow/example_dags/example_sensors.py for tasks to queue
[2023-12-18T14:31:45.032+0000] {logging_mixin.py:154} INFO - [2023-12-18T14:31:45.032+0000] {dagbag.py:536} INFO - Filling up the DagBag from /home/airflow/.local/lib/python3.8/site-packages/airflow/example_dags/example_sensors.py
[2023-12-18T14:31:45.037+0000] {processor.py:839} INFO - DAG(s) dict_keys(['example_sensors']) retrieved from /home/airflow/.local/lib/python3.8/site-packages/airflow/example_dags/example_sensors.py
[2023-12-18T14:31:45.052+0000] {logging_mixin.py:154} INFO - [2023-12-18T14:31:45.052+0000] {dag.py:2941} INFO - Sync 1 DAGs
[2023-12-18T14:31:45.060+0000] {logging_mixin.py:154} INFO - [2023-12-18T14:31:45.059+0000] {dag.py:3722} INFO - Setting next_dagrun for example_sensors to None, run_after=None
[2023-12-18T14:31:45.087+0000] {processor.py:179} INFO - Processing /home/airflow/.local/lib/python3.8/site-packages/airflow/example_dags/example_sensors.py took 0.058 seconds
[2023-12-18T14:32:15.148+0000] {processor.py:157} INFO - Started process (PID=946) to work on /home/airflow/.local/lib/python3.8/site-packages/airflow/example_dags/example_sensors.py
[2023-12-18T14:32:15.148+0000] {processor.py:829} INFO - Processing file /home/airflow/.local/lib/python3.8/site-packages/airflow/example_dags/example_sensors.py for tasks to queue
[2023-12-18T14:32:15.149+0000] {logging_mixin.py:154} INFO - [2023-12-18T14:32:15.149+0000] {dagbag.py:536} INFO - Filling up the DagBag from /home/airflow/.local/lib/python3.8/site-packages/airflow/example_dags/example_sensors.py
[2023-12-18T14:32:15.154+0000] {processor.py:839} INFO - DAG(s) dict_keys(['example_sensors']) retrieved from /home/airflow/.local/lib/python3.8/site-packages/airflow/example_dags/example_sensors.py
[2023-12-18T14:32:15.182+0000] {logging_mixin.py:154} INFO - [2023-12-18T14:32:15.181+0000] {dag.py:2941} INFO - Sync 1 DAGs
[2023-12-18T14:32:15.189+0000] {logging_mixin.py:154} INFO - [2023-12-18T14:32:15.189+0000] {dag.py:3722} INFO - Setting next_dagrun for example_sensors to None, run_after=None
[2023-12-18T14:32:15.200+0000] {processor.py:179} INFO - Processing /home/airflow/.local/lib/python3.8/site-packages/airflow/example_dags/example_sensors.py took 0.055 seconds
[2023-12-18T14:32:46.137+0000] {processor.py:157} INFO - Started process (PID=1014) to work on /home/airflow/.local/lib/python3.8/site-packages/airflow/example_dags/example_sensors.py
[2023-12-18T14:32:46.138+0000] {processor.py:829} INFO - Processing file /home/airflow/.local/lib/python3.8/site-packages/airflow/example_dags/example_sensors.py for tasks to queue
[2023-12-18T14:32:46.139+0000] {logging_mixin.py:154} INFO - [2023-12-18T14:32:46.138+0000] {dagbag.py:536} INFO - Filling up the DagBag from /home/airflow/.local/lib/python3.8/site-packages/airflow/example_dags/example_sensors.py
[2023-12-18T14:32:46.144+0000] {processor.py:839} INFO - DAG(s) dict_keys(['example_sensors']) retrieved from /home/airflow/.local/lib/python3.8/site-packages/airflow/example_dags/example_sensors.py
[2023-12-18T14:32:46.182+0000] {logging_mixin.py:154} INFO - [2023-12-18T14:32:46.182+0000] {dag.py:2941} INFO - Sync 1 DAGs
[2023-12-18T14:32:46.195+0000] {logging_mixin.py:154} INFO - [2023-12-18T14:32:46.195+0000] {dag.py:3722} INFO - Setting next_dagrun for example_sensors to None, run_after=None
[2023-12-18T14:32:46.206+0000] {processor.py:179} INFO - Processing /home/airflow/.local/lib/python3.8/site-packages/airflow/example_dags/example_sensors.py took 0.071 seconds
[2023-12-18T14:33:16.854+0000] {processor.py:157} INFO - Started process (PID=1083) to work on /home/airflow/.local/lib/python3.8/site-packages/airflow/example_dags/example_sensors.py
[2023-12-18T14:33:16.854+0000] {processor.py:829} INFO - Processing file /home/airflow/.local/lib/python3.8/site-packages/airflow/example_dags/example_sensors.py for tasks to queue
[2023-12-18T14:33:16.855+0000] {logging_mixin.py:154} INFO - [2023-12-18T14:33:16.855+0000] {dagbag.py:536} INFO - Filling up the DagBag from /home/airflow/.local/lib/python3.8/site-packages/airflow/example_dags/example_sensors.py
[2023-12-18T14:33:16.863+0000] {processor.py:839} INFO - DAG(s) dict_keys(['example_sensors']) retrieved from /home/airflow/.local/lib/python3.8/site-packages/airflow/example_dags/example_sensors.py
[2023-12-18T14:33:16.896+0000] {logging_mixin.py:154} INFO - [2023-12-18T14:33:16.896+0000] {dag.py:2941} INFO - Sync 1 DAGs
[2023-12-18T14:33:16.904+0000] {logging_mixin.py:154} INFO - [2023-12-18T14:33:16.903+0000] {dag.py:3722} INFO - Setting next_dagrun for example_sensors to None, run_after=None
[2023-12-18T14:33:16.914+0000] {processor.py:179} INFO - Processing /home/airflow/.local/lib/python3.8/site-packages/airflow/example_dags/example_sensors.py took 0.062 seconds
[2023-12-18T14:33:47.728+0000] {processor.py:157} INFO - Started process (PID=1152) to work on /home/airflow/.local/lib/python3.8/site-packages/airflow/example_dags/example_sensors.py
[2023-12-18T14:33:47.728+0000] {processor.py:829} INFO - Processing file /home/airflow/.local/lib/python3.8/site-packages/airflow/example_dags/example_sensors.py for tasks to queue
[2023-12-18T14:33:47.729+0000] {logging_mixin.py:154} INFO - [2023-12-18T14:33:47.729+0000] {dagbag.py:536} INFO - Filling up the DagBag from /home/airflow/.local/lib/python3.8/site-packages/airflow/example_dags/example_sensors.py
[2023-12-18T14:33:47.735+0000] {processor.py:839} INFO - DAG(s) dict_keys(['example_sensors']) retrieved from /home/airflow/.local/lib/python3.8/site-packages/airflow/example_dags/example_sensors.py
[2023-12-18T14:33:47.758+0000] {logging_mixin.py:154} INFO - [2023-12-18T14:33:47.758+0000] {dag.py:2941} INFO - Sync 1 DAGs
[2023-12-18T14:33:47.783+0000] {logging_mixin.py:154} INFO - [2023-12-18T14:33:47.783+0000] {dag.py:3722} INFO - Setting next_dagrun for example_sensors to None, run_after=None
[2023-12-18T14:33:47.795+0000] {processor.py:179} INFO - Processing /home/airflow/.local/lib/python3.8/site-packages/airflow/example_dags/example_sensors.py took 0.069 seconds
[2023-12-18T14:34:17.867+0000] {processor.py:157} INFO - Started process (PID=1221) to work on /home/airflow/.local/lib/python3.8/site-packages/airflow/example_dags/example_sensors.py
[2023-12-18T14:34:17.868+0000] {processor.py:829} INFO - Processing file /home/airflow/.local/lib/python3.8/site-packages/airflow/example_dags/example_sensors.py for tasks to queue
[2023-12-18T14:34:17.869+0000] {logging_mixin.py:154} INFO - [2023-12-18T14:34:17.869+0000] {dagbag.py:536} INFO - Filling up the DagBag from /home/airflow/.local/lib/python3.8/site-packages/airflow/example_dags/example_sensors.py
[2023-12-18T14:34:17.874+0000] {processor.py:839} INFO - DAG(s) dict_keys(['example_sensors']) retrieved from /home/airflow/.local/lib/python3.8/site-packages/airflow/example_dags/example_sensors.py
[2023-12-18T14:34:17.890+0000] {logging_mixin.py:154} INFO - [2023-12-18T14:34:17.889+0000] {dag.py:2941} INFO - Sync 1 DAGs
[2023-12-18T14:34:17.897+0000] {logging_mixin.py:154} INFO - [2023-12-18T14:34:17.897+0000] {dag.py:3722} INFO - Setting next_dagrun for example_sensors to None, run_after=None
[2023-12-18T14:34:17.907+0000] {processor.py:179} INFO - Processing /home/airflow/.local/lib/python3.8/site-packages/airflow/example_dags/example_sensors.py took 0.042 seconds
[2023-12-18T14:34:47.932+0000] {processor.py:157} INFO - Started process (PID=1291) to work on /home/airflow/.local/lib/python3.8/site-packages/airflow/example_dags/example_sensors.py
[2023-12-18T14:34:47.933+0000] {processor.py:829} INFO - Processing file /home/airflow/.local/lib/python3.8/site-packages/airflow/example_dags/example_sensors.py for tasks to queue
[2023-12-18T14:34:47.934+0000] {logging_mixin.py:154} INFO - [2023-12-18T14:34:47.934+0000] {dagbag.py:536} INFO - Filling up the DagBag from /home/airflow/.local/lib/python3.8/site-packages/airflow/example_dags/example_sensors.py
[2023-12-18T14:34:47.939+0000] {processor.py:839} INFO - DAG(s) dict_keys(['example_sensors']) retrieved from /home/airflow/.local/lib/python3.8/site-packages/airflow/example_dags/example_sensors.py
[2023-12-18T14:34:47.954+0000] {logging_mixin.py:154} INFO - [2023-12-18T14:34:47.953+0000] {dag.py:2941} INFO - Sync 1 DAGs
[2023-12-18T14:34:47.961+0000] {logging_mixin.py:154} INFO - [2023-12-18T14:34:47.961+0000] {dag.py:3722} INFO - Setting next_dagrun for example_sensors to None, run_after=None
[2023-12-18T14:34:47.990+0000] {processor.py:179} INFO - Processing /home/airflow/.local/lib/python3.8/site-packages/airflow/example_dags/example_sensors.py took 0.060 seconds
[2023-12-18T14:35:18.046+0000] {processor.py:157} INFO - Started process (PID=1360) to work on /home/airflow/.local/lib/python3.8/site-packages/airflow/example_dags/example_sensors.py
[2023-12-18T14:35:18.047+0000] {processor.py:829} INFO - Processing file /home/airflow/.local/lib/python3.8/site-packages/airflow/example_dags/example_sensors.py for tasks to queue
[2023-12-18T14:35:18.048+0000] {logging_mixin.py:154} INFO - [2023-12-18T14:35:18.048+0000] {dagbag.py:536} INFO - Filling up the DagBag from /home/airflow/.local/lib/python3.8/site-packages/airflow/example_dags/example_sensors.py
[2023-12-18T14:35:18.053+0000] {processor.py:839} INFO - DAG(s) dict_keys(['example_sensors']) retrieved from /home/airflow/.local/lib/python3.8/site-packages/airflow/example_dags/example_sensors.py
[2023-12-18T14:35:18.088+0000] {logging_mixin.py:154} INFO - [2023-12-18T14:35:18.088+0000] {dag.py:2941} INFO - Sync 1 DAGs
[2023-12-18T14:35:18.096+0000] {logging_mixin.py:154} INFO - [2023-12-18T14:35:18.095+0000] {dag.py:3722} INFO - Setting next_dagrun for example_sensors to None, run_after=None
[2023-12-18T14:35:18.108+0000] {processor.py:179} INFO - Processing /home/airflow/.local/lib/python3.8/site-packages/airflow/example_dags/example_sensors.py took 0.063 seconds
[2023-12-18T14:35:49.092+0000] {processor.py:157} INFO - Started process (PID=1429) to work on /home/airflow/.local/lib/python3.8/site-packages/airflow/example_dags/example_sensors.py
[2023-12-18T14:35:49.095+0000] {processor.py:829} INFO - Processing file /home/airflow/.local/lib/python3.8/site-packages/airflow/example_dags/example_sensors.py for tasks to queue
[2023-12-18T14:35:49.097+0000] {logging_mixin.py:154} INFO - [2023-12-18T14:35:49.097+0000] {dagbag.py:536} INFO - Filling up the DagBag from /home/airflow/.local/lib/python3.8/site-packages/airflow/example_dags/example_sensors.py
[2023-12-18T14:35:49.106+0000] {processor.py:839} INFO - DAG(s) dict_keys(['example_sensors']) retrieved from /home/airflow/.local/lib/python3.8/site-packages/airflow/example_dags/example_sensors.py
[2023-12-18T14:35:49.121+0000] {logging_mixin.py:154} INFO - [2023-12-18T14:35:49.121+0000] {dag.py:2941} INFO - Sync 1 DAGs
[2023-12-18T14:35:49.129+0000] {logging_mixin.py:154} INFO - [2023-12-18T14:35:49.128+0000] {dag.py:3722} INFO - Setting next_dagrun for example_sensors to None, run_after=None
[2023-12-18T14:35:49.138+0000] {processor.py:179} INFO - Processing /home/airflow/.local/lib/python3.8/site-packages/airflow/example_dags/example_sensors.py took 0.048 seconds
[2023-12-18T14:36:19.240+0000] {processor.py:157} INFO - Started process (PID=1497) to work on /home/airflow/.local/lib/python3.8/site-packages/airflow/example_dags/example_sensors.py
[2023-12-18T14:36:19.241+0000] {processor.py:829} INFO - Processing file /home/airflow/.local/lib/python3.8/site-packages/airflow/example_dags/example_sensors.py for tasks to queue
[2023-12-18T14:36:19.242+0000] {logging_mixin.py:154} INFO - [2023-12-18T14:36:19.242+0000] {dagbag.py:536} INFO - Filling up the DagBag from /home/airflow/.local/lib/python3.8/site-packages/airflow/example_dags/example_sensors.py
[2023-12-18T14:36:19.248+0000] {processor.py:839} INFO - DAG(s) dict_keys(['example_sensors']) retrieved from /home/airflow/.local/lib/python3.8/site-packages/airflow/example_dags/example_sensors.py
[2023-12-18T14:36:19.263+0000] {logging_mixin.py:154} INFO - [2023-12-18T14:36:19.263+0000] {dag.py:2941} INFO - Sync 1 DAGs
[2023-12-18T14:36:19.270+0000] {logging_mixin.py:154} INFO - [2023-12-18T14:36:19.270+0000] {dag.py:3722} INFO - Setting next_dagrun for example_sensors to None, run_after=None
[2023-12-18T14:36:19.280+0000] {processor.py:179} INFO - Processing /home/airflow/.local/lib/python3.8/site-packages/airflow/example_dags/example_sensors.py took 0.042 seconds
[2023-12-18T14:36:49.342+0000] {processor.py:157} INFO - Started process (PID=1566) to work on /home/airflow/.local/lib/python3.8/site-packages/airflow/example_dags/example_sensors.py
[2023-12-18T14:36:49.343+0000] {processor.py:829} INFO - Processing file /home/airflow/.local/lib/python3.8/site-packages/airflow/example_dags/example_sensors.py for tasks to queue
[2023-12-18T14:36:49.344+0000] {logging_mixin.py:154} INFO - [2023-12-18T14:36:49.344+0000] {dagbag.py:536} INFO - Filling up the DagBag from /home/airflow/.local/lib/python3.8/site-packages/airflow/example_dags/example_sensors.py
[2023-12-18T14:36:49.348+0000] {processor.py:839} INFO - DAG(s) dict_keys(['example_sensors']) retrieved from /home/airflow/.local/lib/python3.8/site-packages/airflow/example_dags/example_sensors.py
[2023-12-18T14:36:49.364+0000] {logging_mixin.py:154} INFO - [2023-12-18T14:36:49.363+0000] {dag.py:2941} INFO - Sync 1 DAGs
[2023-12-18T14:36:49.371+0000] {logging_mixin.py:154} INFO - [2023-12-18T14:36:49.371+0000] {dag.py:3722} INFO - Setting next_dagrun for example_sensors to None, run_after=None
[2023-12-18T14:36:49.381+0000] {processor.py:179} INFO - Processing /home/airflow/.local/lib/python3.8/site-packages/airflow/example_dags/example_sensors.py took 0.040 seconds
[2023-12-18T14:37:19.475+0000] {processor.py:157} INFO - Started process (PID=1635) to work on /home/airflow/.local/lib/python3.8/site-packages/airflow/example_dags/example_sensors.py
[2023-12-18T14:37:19.475+0000] {processor.py:829} INFO - Processing file /home/airflow/.local/lib/python3.8/site-packages/airflow/example_dags/example_sensors.py for tasks to queue
[2023-12-18T14:37:19.477+0000] {logging_mixin.py:154} INFO - [2023-12-18T14:37:19.476+0000] {dagbag.py:536} INFO - Filling up the DagBag from /home/airflow/.local/lib/python3.8/site-packages/airflow/example_dags/example_sensors.py
[2023-12-18T14:37:19.482+0000] {processor.py:839} INFO - DAG(s) dict_keys(['example_sensors']) retrieved from /home/airflow/.local/lib/python3.8/site-packages/airflow/example_dags/example_sensors.py
[2023-12-18T14:37:19.496+0000] {logging_mixin.py:154} INFO - [2023-12-18T14:37:19.496+0000] {dag.py:2941} INFO - Sync 1 DAGs
[2023-12-18T14:37:19.504+0000] {logging_mixin.py:154} INFO - [2023-12-18T14:37:19.504+0000] {dag.py:3722} INFO - Setting next_dagrun for example_sensors to None, run_after=None
[2023-12-18T14:37:19.513+0000] {processor.py:179} INFO - Processing /home/airflow/.local/lib/python3.8/site-packages/airflow/example_dags/example_sensors.py took 0.041 seconds
[2023-12-18T14:37:50.213+0000] {processor.py:157} INFO - Started process (PID=1704) to work on /home/airflow/.local/lib/python3.8/site-packages/airflow/example_dags/example_sensors.py
[2023-12-18T14:37:50.213+0000] {processor.py:829} INFO - Processing file /home/airflow/.local/lib/python3.8/site-packages/airflow/example_dags/example_sensors.py for tasks to queue
[2023-12-18T14:37:50.215+0000] {logging_mixin.py:154} INFO - [2023-12-18T14:37:50.215+0000] {dagbag.py:536} INFO - Filling up the DagBag from /home/airflow/.local/lib/python3.8/site-packages/airflow/example_dags/example_sensors.py
[2023-12-18T14:37:50.221+0000] {processor.py:839} INFO - DAG(s) dict_keys(['example_sensors']) retrieved from /home/airflow/.local/lib/python3.8/site-packages/airflow/example_dags/example_sensors.py
[2023-12-18T14:37:50.238+0000] {logging_mixin.py:154} INFO - [2023-12-18T14:37:50.238+0000] {dag.py:2941} INFO - Sync 1 DAGs
[2023-12-18T14:37:50.247+0000] {logging_mixin.py:154} INFO - [2023-12-18T14:37:50.247+0000] {dag.py:3722} INFO - Setting next_dagrun for example_sensors to None, run_after=None
[2023-12-18T14:37:50.259+0000] {processor.py:179} INFO - Processing /home/airflow/.local/lib/python3.8/site-packages/airflow/example_dags/example_sensors.py took 0.049 seconds
[2023-12-18T14:38:20.952+0000] {processor.py:157} INFO - Started process (PID=1779) to work on /home/airflow/.local/lib/python3.8/site-packages/airflow/example_dags/example_sensors.py
[2023-12-18T14:38:20.953+0000] {processor.py:829} INFO - Processing file /home/airflow/.local/lib/python3.8/site-packages/airflow/example_dags/example_sensors.py for tasks to queue
[2023-12-18T14:38:20.954+0000] {logging_mixin.py:154} INFO - [2023-12-18T14:38:20.954+0000] {dagbag.py:536} INFO - Filling up the DagBag from /home/airflow/.local/lib/python3.8/site-packages/airflow/example_dags/example_sensors.py
[2023-12-18T14:38:20.959+0000] {processor.py:839} INFO - DAG(s) dict_keys(['example_sensors']) retrieved from /home/airflow/.local/lib/python3.8/site-packages/airflow/example_dags/example_sensors.py
[2023-12-18T14:38:20.979+0000] {logging_mixin.py:154} INFO - [2023-12-18T14:38:20.978+0000] {dag.py:2941} INFO - Sync 1 DAGs
[2023-12-18T14:38:20.989+0000] {logging_mixin.py:154} INFO - [2023-12-18T14:38:20.989+0000] {dag.py:3722} INFO - Setting next_dagrun for example_sensors to None, run_after=None
[2023-12-18T14:38:21.002+0000] {processor.py:179} INFO - Processing /home/airflow/.local/lib/python3.8/site-packages/airflow/example_dags/example_sensors.py took 0.051 seconds
[2023-12-18T14:38:51.730+0000] {processor.py:157} INFO - Started process (PID=1849) to work on /home/airflow/.local/lib/python3.8/site-packages/airflow/example_dags/example_sensors.py
[2023-12-18T14:38:51.731+0000] {processor.py:829} INFO - Processing file /home/airflow/.local/lib/python3.8/site-packages/airflow/example_dags/example_sensors.py for tasks to queue
[2023-12-18T14:38:51.733+0000] {logging_mixin.py:154} INFO - [2023-12-18T14:38:51.733+0000] {dagbag.py:536} INFO - Filling up the DagBag from /home/airflow/.local/lib/python3.8/site-packages/airflow/example_dags/example_sensors.py
[2023-12-18T14:38:51.739+0000] {processor.py:839} INFO - DAG(s) dict_keys(['example_sensors']) retrieved from /home/airflow/.local/lib/python3.8/site-packages/airflow/example_dags/example_sensors.py
[2023-12-18T14:38:51.757+0000] {logging_mixin.py:154} INFO - [2023-12-18T14:38:51.757+0000] {dag.py:2941} INFO - Sync 1 DAGs
[2023-12-18T14:38:51.765+0000] {logging_mixin.py:154} INFO - [2023-12-18T14:38:51.765+0000] {dag.py:3722} INFO - Setting next_dagrun for example_sensors to None, run_after=None
[2023-12-18T14:38:51.784+0000] {processor.py:179} INFO - Processing /home/airflow/.local/lib/python3.8/site-packages/airflow/example_dags/example_sensors.py took 0.056 seconds
[2023-12-18T14:39:52.748+0000] {processor.py:157} INFO - Started process (PID=48) to work on /home/airflow/.local/lib/python3.8/site-packages/airflow/example_dags/example_sensors.py
[2023-12-18T14:39:52.749+0000] {processor.py:829} INFO - Processing file /home/airflow/.local/lib/python3.8/site-packages/airflow/example_dags/example_sensors.py for tasks to queue
[2023-12-18T14:39:52.750+0000] {logging_mixin.py:154} INFO - [2023-12-18T14:39:52.750+0000] {dagbag.py:536} INFO - Filling up the DagBag from /home/airflow/.local/lib/python3.8/site-packages/airflow/example_dags/example_sensors.py
[2023-12-18T14:39:52.761+0000] {processor.py:839} INFO - DAG(s) dict_keys(['example_sensors']) retrieved from /home/airflow/.local/lib/python3.8/site-packages/airflow/example_dags/example_sensors.py
[2023-12-18T14:39:52.805+0000] {logging_mixin.py:154} INFO - [2023-12-18T14:39:52.805+0000] {dag.py:2941} INFO - Sync 1 DAGs
[2023-12-18T14:39:52.820+0000] {logging_mixin.py:154} INFO - [2023-12-18T14:39:52.820+0000] {dag.py:3722} INFO - Setting next_dagrun for example_sensors to None, run_after=None
[2023-12-18T14:39:52.859+0000] {processor.py:179} INFO - Processing /home/airflow/.local/lib/python3.8/site-packages/airflow/example_dags/example_sensors.py took 0.114 seconds
[2023-12-18T14:40:23.722+0000] {processor.py:157} INFO - Started process (PID=117) to work on /home/airflow/.local/lib/python3.8/site-packages/airflow/example_dags/example_sensors.py
[2023-12-18T14:40:23.723+0000] {processor.py:829} INFO - Processing file /home/airflow/.local/lib/python3.8/site-packages/airflow/example_dags/example_sensors.py for tasks to queue
[2023-12-18T14:40:23.724+0000] {logging_mixin.py:154} INFO - [2023-12-18T14:40:23.724+0000] {dagbag.py:536} INFO - Filling up the DagBag from /home/airflow/.local/lib/python3.8/site-packages/airflow/example_dags/example_sensors.py
[2023-12-18T14:40:23.730+0000] {processor.py:839} INFO - DAG(s) dict_keys(['example_sensors']) retrieved from /home/airflow/.local/lib/python3.8/site-packages/airflow/example_dags/example_sensors.py
[2023-12-18T14:40:23.745+0000] {logging_mixin.py:154} INFO - [2023-12-18T14:40:23.745+0000] {dag.py:2941} INFO - Sync 1 DAGs
[2023-12-18T14:40:23.753+0000] {logging_mixin.py:154} INFO - [2023-12-18T14:40:23.753+0000] {dag.py:3722} INFO - Setting next_dagrun for example_sensors to None, run_after=None
[2023-12-18T14:40:23.784+0000] {processor.py:179} INFO - Processing /home/airflow/.local/lib/python3.8/site-packages/airflow/example_dags/example_sensors.py took 0.064 seconds
[2023-12-18T14:40:54.074+0000] {processor.py:157} INFO - Started process (PID=186) to work on /home/airflow/.local/lib/python3.8/site-packages/airflow/example_dags/example_sensors.py
[2023-12-18T14:40:54.074+0000] {processor.py:829} INFO - Processing file /home/airflow/.local/lib/python3.8/site-packages/airflow/example_dags/example_sensors.py for tasks to queue
[2023-12-18T14:40:54.075+0000] {logging_mixin.py:154} INFO - [2023-12-18T14:40:54.075+0000] {dagbag.py:536} INFO - Filling up the DagBag from /home/airflow/.local/lib/python3.8/site-packages/airflow/example_dags/example_sensors.py
[2023-12-18T14:40:54.085+0000] {processor.py:839} INFO - DAG(s) dict_keys(['example_sensors']) retrieved from /home/airflow/.local/lib/python3.8/site-packages/airflow/example_dags/example_sensors.py
[2023-12-18T14:40:54.100+0000] {logging_mixin.py:154} INFO - [2023-12-18T14:40:54.100+0000] {dag.py:2941} INFO - Sync 1 DAGs
[2023-12-18T14:40:54.108+0000] {logging_mixin.py:154} INFO - [2023-12-18T14:40:54.108+0000] {dag.py:3722} INFO - Setting next_dagrun for example_sensors to None, run_after=None
[2023-12-18T14:40:54.118+0000] {processor.py:179} INFO - Processing /home/airflow/.local/lib/python3.8/site-packages/airflow/example_dags/example_sensors.py took 0.047 seconds
[2023-12-18T14:41:24.906+0000] {processor.py:157} INFO - Started process (PID=255) to work on /home/airflow/.local/lib/python3.8/site-packages/airflow/example_dags/example_sensors.py
[2023-12-18T14:41:24.906+0000] {processor.py:829} INFO - Processing file /home/airflow/.local/lib/python3.8/site-packages/airflow/example_dags/example_sensors.py for tasks to queue
[2023-12-18T14:41:24.908+0000] {logging_mixin.py:154} INFO - [2023-12-18T14:41:24.908+0000] {dagbag.py:536} INFO - Filling up the DagBag from /home/airflow/.local/lib/python3.8/site-packages/airflow/example_dags/example_sensors.py
[2023-12-18T14:41:24.913+0000] {processor.py:839} INFO - DAG(s) dict_keys(['example_sensors']) retrieved from /home/airflow/.local/lib/python3.8/site-packages/airflow/example_dags/example_sensors.py
[2023-12-18T14:41:24.929+0000] {logging_mixin.py:154} INFO - [2023-12-18T14:41:24.929+0000] {dag.py:2941} INFO - Sync 1 DAGs
[2023-12-18T14:41:24.936+0000] {logging_mixin.py:154} INFO - [2023-12-18T14:41:24.936+0000] {dag.py:3722} INFO - Setting next_dagrun for example_sensors to None, run_after=None
[2023-12-18T14:41:24.948+0000] {processor.py:179} INFO - Processing /home/airflow/.local/lib/python3.8/site-packages/airflow/example_dags/example_sensors.py took 0.044 seconds
[2023-12-18T14:41:55.693+0000] {processor.py:157} INFO - Started process (PID=325) to work on /home/airflow/.local/lib/python3.8/site-packages/airflow/example_dags/example_sensors.py
[2023-12-18T14:41:55.694+0000] {processor.py:829} INFO - Processing file /home/airflow/.local/lib/python3.8/site-packages/airflow/example_dags/example_sensors.py for tasks to queue
[2023-12-18T14:41:55.695+0000] {logging_mixin.py:154} INFO - [2023-12-18T14:41:55.695+0000] {dagbag.py:536} INFO - Filling up the DagBag from /home/airflow/.local/lib/python3.8/site-packages/airflow/example_dags/example_sensors.py
[2023-12-18T14:41:55.700+0000] {processor.py:839} INFO - DAG(s) dict_keys(['example_sensors']) retrieved from /home/airflow/.local/lib/python3.8/site-packages/airflow/example_dags/example_sensors.py
[2023-12-18T14:41:55.715+0000] {logging_mixin.py:154} INFO - [2023-12-18T14:41:55.715+0000] {dag.py:2941} INFO - Sync 1 DAGs
[2023-12-18T14:41:55.723+0000] {logging_mixin.py:154} INFO - [2023-12-18T14:41:55.722+0000] {dag.py:3722} INFO - Setting next_dagrun for example_sensors to None, run_after=None
[2023-12-18T14:41:55.734+0000] {processor.py:179} INFO - Processing /home/airflow/.local/lib/python3.8/site-packages/airflow/example_dags/example_sensors.py took 0.043 seconds
[2023-12-18T14:42:26.486+0000] {processor.py:157} INFO - Started process (PID=394) to work on /home/airflow/.local/lib/python3.8/site-packages/airflow/example_dags/example_sensors.py
[2023-12-18T14:42:26.487+0000] {processor.py:829} INFO - Processing file /home/airflow/.local/lib/python3.8/site-packages/airflow/example_dags/example_sensors.py for tasks to queue
[2023-12-18T14:42:26.489+0000] {logging_mixin.py:154} INFO - [2023-12-18T14:42:26.489+0000] {dagbag.py:536} INFO - Filling up the DagBag from /home/airflow/.local/lib/python3.8/site-packages/airflow/example_dags/example_sensors.py
[2023-12-18T14:42:26.497+0000] {processor.py:839} INFO - DAG(s) dict_keys(['example_sensors']) retrieved from /home/airflow/.local/lib/python3.8/site-packages/airflow/example_dags/example_sensors.py
[2023-12-18T14:42:26.517+0000] {logging_mixin.py:154} INFO - [2023-12-18T14:42:26.517+0000] {dag.py:2941} INFO - Sync 1 DAGs
[2023-12-18T14:42:26.527+0000] {logging_mixin.py:154} INFO - [2023-12-18T14:42:26.526+0000] {dag.py:3722} INFO - Setting next_dagrun for example_sensors to None, run_after=None
[2023-12-18T14:42:26.541+0000] {processor.py:179} INFO - Processing /home/airflow/.local/lib/python3.8/site-packages/airflow/example_dags/example_sensors.py took 0.057 seconds
[2023-12-18T14:42:56.830+0000] {processor.py:157} INFO - Started process (PID=463) to work on /home/airflow/.local/lib/python3.8/site-packages/airflow/example_dags/example_sensors.py
[2023-12-18T14:42:56.830+0000] {processor.py:829} INFO - Processing file /home/airflow/.local/lib/python3.8/site-packages/airflow/example_dags/example_sensors.py for tasks to queue
[2023-12-18T14:42:56.831+0000] {logging_mixin.py:154} INFO - [2023-12-18T14:42:56.831+0000] {dagbag.py:536} INFO - Filling up the DagBag from /home/airflow/.local/lib/python3.8/site-packages/airflow/example_dags/example_sensors.py
[2023-12-18T14:42:56.838+0000] {processor.py:839} INFO - DAG(s) dict_keys(['example_sensors']) retrieved from /home/airflow/.local/lib/python3.8/site-packages/airflow/example_dags/example_sensors.py
[2023-12-18T14:42:56.854+0000] {logging_mixin.py:154} INFO - [2023-12-18T14:42:56.853+0000] {dag.py:2941} INFO - Sync 1 DAGs
[2023-12-18T14:42:56.861+0000] {logging_mixin.py:154} INFO - [2023-12-18T14:42:56.861+0000] {dag.py:3722} INFO - Setting next_dagrun for example_sensors to None, run_after=None
[2023-12-18T14:42:56.894+0000] {processor.py:179} INFO - Processing /home/airflow/.local/lib/python3.8/site-packages/airflow/example_dags/example_sensors.py took 0.066 seconds
[2023-12-18T14:44:33.032+0000] {processor.py:157} INFO - Started process (PID=46) to work on /home/airflow/.local/lib/python3.8/site-packages/airflow/example_dags/example_sensors.py
[2023-12-18T14:44:33.033+0000] {processor.py:829} INFO - Processing file /home/airflow/.local/lib/python3.8/site-packages/airflow/example_dags/example_sensors.py for tasks to queue
[2023-12-18T14:44:33.034+0000] {logging_mixin.py:154} INFO - [2023-12-18T14:44:33.034+0000] {dagbag.py:536} INFO - Filling up the DagBag from /home/airflow/.local/lib/python3.8/site-packages/airflow/example_dags/example_sensors.py
[2023-12-18T14:44:33.041+0000] {processor.py:839} INFO - DAG(s) dict_keys(['example_sensors']) retrieved from /home/airflow/.local/lib/python3.8/site-packages/airflow/example_dags/example_sensors.py
[2023-12-18T14:44:33.082+0000] {logging_mixin.py:154} INFO - [2023-12-18T14:44:33.082+0000] {dag.py:2941} INFO - Sync 1 DAGs
[2023-12-18T14:44:33.127+0000] {logging_mixin.py:154} INFO - [2023-12-18T14:44:33.127+0000] {dag.py:3722} INFO - Setting next_dagrun for example_sensors to None, run_after=None
[2023-12-18T14:44:33.202+0000] {processor.py:179} INFO - Processing /home/airflow/.local/lib/python3.8/site-packages/airflow/example_dags/example_sensors.py took 0.174 seconds
[2023-12-18T14:45:03.286+0000] {processor.py:157} INFO - Started process (PID=115) to work on /home/airflow/.local/lib/python3.8/site-packages/airflow/example_dags/example_sensors.py
[2023-12-18T14:45:03.287+0000] {processor.py:829} INFO - Processing file /home/airflow/.local/lib/python3.8/site-packages/airflow/example_dags/example_sensors.py for tasks to queue
[2023-12-18T14:45:03.288+0000] {logging_mixin.py:154} INFO - [2023-12-18T14:45:03.288+0000] {dagbag.py:536} INFO - Filling up the DagBag from /home/airflow/.local/lib/python3.8/site-packages/airflow/example_dags/example_sensors.py
[2023-12-18T14:45:03.293+0000] {processor.py:839} INFO - DAG(s) dict_keys(['example_sensors']) retrieved from /home/airflow/.local/lib/python3.8/site-packages/airflow/example_dags/example_sensors.py
[2023-12-18T14:45:03.310+0000] {logging_mixin.py:154} INFO - [2023-12-18T14:45:03.310+0000] {dag.py:2941} INFO - Sync 1 DAGs
[2023-12-18T14:45:03.318+0000] {logging_mixin.py:154} INFO - [2023-12-18T14:45:03.317+0000] {dag.py:3722} INFO - Setting next_dagrun for example_sensors to None, run_after=None
[2023-12-18T14:45:03.329+0000] {processor.py:179} INFO - Processing /home/airflow/.local/lib/python3.8/site-packages/airflow/example_dags/example_sensors.py took 0.045 seconds
[2023-12-18T14:45:33.692+0000] {processor.py:157} INFO - Started process (PID=184) to work on /home/airflow/.local/lib/python3.8/site-packages/airflow/example_dags/example_sensors.py
[2023-12-18T14:45:33.693+0000] {processor.py:829} INFO - Processing file /home/airflow/.local/lib/python3.8/site-packages/airflow/example_dags/example_sensors.py for tasks to queue
[2023-12-18T14:45:33.694+0000] {logging_mixin.py:154} INFO - [2023-12-18T14:45:33.694+0000] {dagbag.py:536} INFO - Filling up the DagBag from /home/airflow/.local/lib/python3.8/site-packages/airflow/example_dags/example_sensors.py
[2023-12-18T14:45:33.699+0000] {processor.py:839} INFO - DAG(s) dict_keys(['example_sensors']) retrieved from /home/airflow/.local/lib/python3.8/site-packages/airflow/example_dags/example_sensors.py
[2023-12-18T14:45:33.714+0000] {logging_mixin.py:154} INFO - [2023-12-18T14:45:33.714+0000] {dag.py:2941} INFO - Sync 1 DAGs
[2023-12-18T14:45:33.722+0000] {logging_mixin.py:154} INFO - [2023-12-18T14:45:33.722+0000] {dag.py:3722} INFO - Setting next_dagrun for example_sensors to None, run_after=None
[2023-12-18T14:45:33.733+0000] {processor.py:179} INFO - Processing /home/airflow/.local/lib/python3.8/site-packages/airflow/example_dags/example_sensors.py took 0.042 seconds
[2023-12-18T14:46:03.854+0000] {processor.py:157} INFO - Started process (PID=253) to work on /home/airflow/.local/lib/python3.8/site-packages/airflow/example_dags/example_sensors.py
[2023-12-18T14:46:03.854+0000] {processor.py:829} INFO - Processing file /home/airflow/.local/lib/python3.8/site-packages/airflow/example_dags/example_sensors.py for tasks to queue
[2023-12-18T14:46:03.855+0000] {logging_mixin.py:154} INFO - [2023-12-18T14:46:03.855+0000] {dagbag.py:536} INFO - Filling up the DagBag from /home/airflow/.local/lib/python3.8/site-packages/airflow/example_dags/example_sensors.py
[2023-12-18T14:46:03.861+0000] {processor.py:839} INFO - DAG(s) dict_keys(['example_sensors']) retrieved from /home/airflow/.local/lib/python3.8/site-packages/airflow/example_dags/example_sensors.py
[2023-12-18T14:46:03.880+0000] {logging_mixin.py:154} INFO - [2023-12-18T14:46:03.879+0000] {dag.py:2941} INFO - Sync 1 DAGs
[2023-12-18T14:46:03.889+0000] {logging_mixin.py:154} INFO - [2023-12-18T14:46:03.889+0000] {dag.py:3722} INFO - Setting next_dagrun for example_sensors to None, run_after=None
[2023-12-18T14:46:03.902+0000] {processor.py:179} INFO - Processing /home/airflow/.local/lib/python3.8/site-packages/airflow/example_dags/example_sensors.py took 0.051 seconds
[2023-12-18T14:46:34.703+0000] {processor.py:157} INFO - Started process (PID=322) to work on /home/airflow/.local/lib/python3.8/site-packages/airflow/example_dags/example_sensors.py
[2023-12-18T14:46:34.703+0000] {processor.py:829} INFO - Processing file /home/airflow/.local/lib/python3.8/site-packages/airflow/example_dags/example_sensors.py for tasks to queue
[2023-12-18T14:46:34.705+0000] {logging_mixin.py:154} INFO - [2023-12-18T14:46:34.704+0000] {dagbag.py:536} INFO - Filling up the DagBag from /home/airflow/.local/lib/python3.8/site-packages/airflow/example_dags/example_sensors.py
[2023-12-18T14:46:34.710+0000] {processor.py:839} INFO - DAG(s) dict_keys(['example_sensors']) retrieved from /home/airflow/.local/lib/python3.8/site-packages/airflow/example_dags/example_sensors.py
[2023-12-18T14:46:34.724+0000] {logging_mixin.py:154} INFO - [2023-12-18T14:46:34.724+0000] {dag.py:2941} INFO - Sync 1 DAGs
[2023-12-18T14:46:34.733+0000] {logging_mixin.py:154} INFO - [2023-12-18T14:46:34.733+0000] {dag.py:3722} INFO - Setting next_dagrun for example_sensors to None, run_after=None
[2023-12-18T14:46:34.743+0000] {processor.py:179} INFO - Processing /home/airflow/.local/lib/python3.8/site-packages/airflow/example_dags/example_sensors.py took 0.042 seconds
[2023-12-18T14:47:05.458+0000] {processor.py:157} INFO - Started process (PID=391) to work on /home/airflow/.local/lib/python3.8/site-packages/airflow/example_dags/example_sensors.py
[2023-12-18T14:47:05.459+0000] {processor.py:829} INFO - Processing file /home/airflow/.local/lib/python3.8/site-packages/airflow/example_dags/example_sensors.py for tasks to queue
[2023-12-18T14:47:05.460+0000] {logging_mixin.py:154} INFO - [2023-12-18T14:47:05.460+0000] {dagbag.py:536} INFO - Filling up the DagBag from /home/airflow/.local/lib/python3.8/site-packages/airflow/example_dags/example_sensors.py
[2023-12-18T14:47:05.465+0000] {processor.py:839} INFO - DAG(s) dict_keys(['example_sensors']) retrieved from /home/airflow/.local/lib/python3.8/site-packages/airflow/example_dags/example_sensors.py
[2023-12-18T14:47:05.494+0000] {logging_mixin.py:154} INFO - [2023-12-18T14:47:05.494+0000] {dag.py:2941} INFO - Sync 1 DAGs
[2023-12-18T14:47:05.501+0000] {logging_mixin.py:154} INFO - [2023-12-18T14:47:05.501+0000] {dag.py:3722} INFO - Setting next_dagrun for example_sensors to None, run_after=None
[2023-12-18T14:47:05.510+0000] {processor.py:179} INFO - Processing /home/airflow/.local/lib/python3.8/site-packages/airflow/example_dags/example_sensors.py took 0.054 seconds
[2023-12-18T14:47:35.545+0000] {processor.py:157} INFO - Started process (PID=460) to work on /home/airflow/.local/lib/python3.8/site-packages/airflow/example_dags/example_sensors.py
[2023-12-18T14:47:35.545+0000] {processor.py:829} INFO - Processing file /home/airflow/.local/lib/python3.8/site-packages/airflow/example_dags/example_sensors.py for tasks to queue
[2023-12-18T14:47:35.547+0000] {logging_mixin.py:154} INFO - [2023-12-18T14:47:35.547+0000] {dagbag.py:536} INFO - Filling up the DagBag from /home/airflow/.local/lib/python3.8/site-packages/airflow/example_dags/example_sensors.py
[2023-12-18T14:47:35.552+0000] {processor.py:839} INFO - DAG(s) dict_keys(['example_sensors']) retrieved from /home/airflow/.local/lib/python3.8/site-packages/airflow/example_dags/example_sensors.py
[2023-12-18T14:47:35.566+0000] {logging_mixin.py:154} INFO - [2023-12-18T14:47:35.566+0000] {dag.py:2941} INFO - Sync 1 DAGs
[2023-12-18T14:47:35.573+0000] {logging_mixin.py:154} INFO - [2023-12-18T14:47:35.573+0000] {dag.py:3722} INFO - Setting next_dagrun for example_sensors to None, run_after=None
[2023-12-18T14:47:35.590+0000] {processor.py:179} INFO - Processing /home/airflow/.local/lib/python3.8/site-packages/airflow/example_dags/example_sensors.py took 0.047 seconds
[2023-12-18T14:48:05.716+0000] {processor.py:157} INFO - Started process (PID=530) to work on /home/airflow/.local/lib/python3.8/site-packages/airflow/example_dags/example_sensors.py
[2023-12-18T14:48:05.716+0000] {processor.py:829} INFO - Processing file /home/airflow/.local/lib/python3.8/site-packages/airflow/example_dags/example_sensors.py for tasks to queue
[2023-12-18T14:48:05.718+0000] {logging_mixin.py:154} INFO - [2023-12-18T14:48:05.717+0000] {dagbag.py:536} INFO - Filling up the DagBag from /home/airflow/.local/lib/python3.8/site-packages/airflow/example_dags/example_sensors.py
[2023-12-18T14:48:05.722+0000] {processor.py:839} INFO - DAG(s) dict_keys(['example_sensors']) retrieved from /home/airflow/.local/lib/python3.8/site-packages/airflow/example_dags/example_sensors.py
[2023-12-18T14:48:05.738+0000] {logging_mixin.py:154} INFO - [2023-12-18T14:48:05.738+0000] {dag.py:2941} INFO - Sync 1 DAGs
[2023-12-18T14:48:05.746+0000] {logging_mixin.py:154} INFO - [2023-12-18T14:48:05.746+0000] {dag.py:3722} INFO - Setting next_dagrun for example_sensors to None, run_after=None
[2023-12-18T14:48:05.764+0000] {processor.py:179} INFO - Processing /home/airflow/.local/lib/python3.8/site-packages/airflow/example_dags/example_sensors.py took 0.050 seconds
[2023-12-18T14:48:35.847+0000] {processor.py:157} INFO - Started process (PID=600) to work on /home/airflow/.local/lib/python3.8/site-packages/airflow/example_dags/example_sensors.py
[2023-12-18T14:48:35.847+0000] {processor.py:829} INFO - Processing file /home/airflow/.local/lib/python3.8/site-packages/airflow/example_dags/example_sensors.py for tasks to queue
[2023-12-18T14:48:35.849+0000] {logging_mixin.py:154} INFO - [2023-12-18T14:48:35.849+0000] {dagbag.py:536} INFO - Filling up the DagBag from /home/airflow/.local/lib/python3.8/site-packages/airflow/example_dags/example_sensors.py
[2023-12-18T14:48:35.854+0000] {processor.py:839} INFO - DAG(s) dict_keys(['example_sensors']) retrieved from /home/airflow/.local/lib/python3.8/site-packages/airflow/example_dags/example_sensors.py
[2023-12-18T14:48:35.896+0000] {logging_mixin.py:154} INFO - [2023-12-18T14:48:35.896+0000] {dag.py:2941} INFO - Sync 1 DAGs
[2023-12-18T14:48:35.904+0000] {logging_mixin.py:154} INFO - [2023-12-18T14:48:35.904+0000] {dag.py:3722} INFO - Setting next_dagrun for example_sensors to None, run_after=None
[2023-12-18T14:48:35.918+0000] {processor.py:179} INFO - Processing /home/airflow/.local/lib/python3.8/site-packages/airflow/example_dags/example_sensors.py took 0.073 seconds
[2023-12-18T14:52:06.283+0000] {processor.py:157} INFO - Started process (PID=47) to work on /home/airflow/.local/lib/python3.8/site-packages/airflow/example_dags/example_sensors.py
[2023-12-18T14:52:06.287+0000] {processor.py:829} INFO - Processing file /home/airflow/.local/lib/python3.8/site-packages/airflow/example_dags/example_sensors.py for tasks to queue
[2023-12-18T14:52:06.289+0000] {logging_mixin.py:154} INFO - [2023-12-18T14:52:06.289+0000] {dagbag.py:536} INFO - Filling up the DagBag from /home/airflow/.local/lib/python3.8/site-packages/airflow/example_dags/example_sensors.py
[2023-12-18T14:52:06.300+0000] {processor.py:839} INFO - DAG(s) dict_keys(['example_sensors']) retrieved from /home/airflow/.local/lib/python3.8/site-packages/airflow/example_dags/example_sensors.py
[2023-12-18T14:52:06.345+0000] {logging_mixin.py:154} INFO - [2023-12-18T14:52:06.345+0000] {dag.py:2941} INFO - Sync 1 DAGs
[2023-12-18T14:52:06.359+0000] {logging_mixin.py:154} INFO - [2023-12-18T14:52:06.358+0000] {dag.py:3722} INFO - Setting next_dagrun for example_sensors to None, run_after=None
[2023-12-18T14:52:06.380+0000] {processor.py:179} INFO - Processing /home/airflow/.local/lib/python3.8/site-packages/airflow/example_dags/example_sensors.py took 0.100 seconds
[2023-12-18T14:52:36.455+0000] {processor.py:157} INFO - Started process (PID=116) to work on /home/airflow/.local/lib/python3.8/site-packages/airflow/example_dags/example_sensors.py
[2023-12-18T14:52:36.456+0000] {processor.py:829} INFO - Processing file /home/airflow/.local/lib/python3.8/site-packages/airflow/example_dags/example_sensors.py for tasks to queue
[2023-12-18T14:52:36.457+0000] {logging_mixin.py:154} INFO - [2023-12-18T14:52:36.457+0000] {dagbag.py:536} INFO - Filling up the DagBag from /home/airflow/.local/lib/python3.8/site-packages/airflow/example_dags/example_sensors.py
[2023-12-18T14:52:36.464+0000] {processor.py:839} INFO - DAG(s) dict_keys(['example_sensors']) retrieved from /home/airflow/.local/lib/python3.8/site-packages/airflow/example_dags/example_sensors.py
[2023-12-18T14:52:36.498+0000] {logging_mixin.py:154} INFO - [2023-12-18T14:52:36.498+0000] {dag.py:2941} INFO - Sync 1 DAGs
[2023-12-18T14:52:36.506+0000] {logging_mixin.py:154} INFO - [2023-12-18T14:52:36.506+0000] {dag.py:3722} INFO - Setting next_dagrun for example_sensors to None, run_after=None
[2023-12-18T14:52:36.518+0000] {processor.py:179} INFO - Processing /home/airflow/.local/lib/python3.8/site-packages/airflow/example_dags/example_sensors.py took 0.064 seconds
[2023-12-18T14:53:07.028+0000] {processor.py:157} INFO - Started process (PID=186) to work on /home/airflow/.local/lib/python3.8/site-packages/airflow/example_dags/example_sensors.py
[2023-12-18T14:53:07.029+0000] {processor.py:829} INFO - Processing file /home/airflow/.local/lib/python3.8/site-packages/airflow/example_dags/example_sensors.py for tasks to queue
[2023-12-18T14:53:07.030+0000] {logging_mixin.py:154} INFO - [2023-12-18T14:53:07.030+0000] {dagbag.py:536} INFO - Filling up the DagBag from /home/airflow/.local/lib/python3.8/site-packages/airflow/example_dags/example_sensors.py
[2023-12-18T14:53:07.035+0000] {processor.py:839} INFO - DAG(s) dict_keys(['example_sensors']) retrieved from /home/airflow/.local/lib/python3.8/site-packages/airflow/example_dags/example_sensors.py
[2023-12-18T14:53:07.050+0000] {logging_mixin.py:154} INFO - [2023-12-18T14:53:07.050+0000] {dag.py:2941} INFO - Sync 1 DAGs
[2023-12-18T14:53:07.057+0000] {logging_mixin.py:154} INFO - [2023-12-18T14:53:07.057+0000] {dag.py:3722} INFO - Setting next_dagrun for example_sensors to None, run_after=None
[2023-12-18T14:53:07.072+0000] {processor.py:179} INFO - Processing /home/airflow/.local/lib/python3.8/site-packages/airflow/example_dags/example_sensors.py took 0.046 seconds
[2023-12-18T14:53:37.911+0000] {processor.py:157} INFO - Started process (PID=255) to work on /home/airflow/.local/lib/python3.8/site-packages/airflow/example_dags/example_sensors.py
[2023-12-18T14:53:37.911+0000] {processor.py:829} INFO - Processing file /home/airflow/.local/lib/python3.8/site-packages/airflow/example_dags/example_sensors.py for tasks to queue
[2023-12-18T14:53:37.912+0000] {logging_mixin.py:154} INFO - [2023-12-18T14:53:37.912+0000] {dagbag.py:536} INFO - Filling up the DagBag from /home/airflow/.local/lib/python3.8/site-packages/airflow/example_dags/example_sensors.py
[2023-12-18T14:53:37.919+0000] {processor.py:839} INFO - DAG(s) dict_keys(['example_sensors']) retrieved from /home/airflow/.local/lib/python3.8/site-packages/airflow/example_dags/example_sensors.py
[2023-12-18T14:53:37.933+0000] {logging_mixin.py:154} INFO - [2023-12-18T14:53:37.933+0000] {dag.py:2941} INFO - Sync 1 DAGs
[2023-12-18T14:53:37.940+0000] {logging_mixin.py:154} INFO - [2023-12-18T14:53:37.940+0000] {dag.py:3722} INFO - Setting next_dagrun for example_sensors to None, run_after=None
[2023-12-18T14:53:37.950+0000] {processor.py:179} INFO - Processing /home/airflow/.local/lib/python3.8/site-packages/airflow/example_dags/example_sensors.py took 0.041 seconds
