[2023-12-18T14:25:39.928+0000] {processor.py:157} INFO - Started process (PID=57) to work on /home/airflow/.local/lib/python3.8/site-packages/airflow/example_dags/example_branch_operator_decorator.py
[2023-12-18T14:25:39.928+0000] {processor.py:829} INFO - Processing file /home/airflow/.local/lib/python3.8/site-packages/airflow/example_dags/example_branch_operator_decorator.py for tasks to queue
[2023-12-18T14:25:39.931+0000] {logging_mixin.py:154} INFO - [2023-12-18T14:25:39.930+0000] {dagbag.py:536} INFO - Filling up the DagBag from /home/airflow/.local/lib/python3.8/site-packages/airflow/example_dags/example_branch_operator_decorator.py
[2023-12-18T14:25:39.945+0000] {processor.py:839} INFO - DAG(s) dict_keys(['example_branch_python_operator_decorator']) retrieved from /home/airflow/.local/lib/python3.8/site-packages/airflow/example_dags/example_branch_operator_decorator.py
[2023-12-18T14:25:39.957+0000] {logging_mixin.py:154} INFO - [2023-12-18T14:25:39.957+0000] {dag.py:2941} INFO - Sync 1 DAGs
[2023-12-18T14:25:39.982+0000] {logging_mixin.py:154} INFO - [2023-12-18T14:25:39.982+0000] {dag.py:3722} INFO - Setting next_dagrun for example_branch_python_operator_decorator to 2023-12-17T00:00:00+00:00, run_after=2023-12-18T00:00:00+00:00
[2023-12-18T14:25:40.055+0000] {processor.py:179} INFO - Processing /home/airflow/.local/lib/python3.8/site-packages/airflow/example_dags/example_branch_operator_decorator.py took 0.131 seconds
[2023-12-18T14:26:10.106+0000] {processor.py:157} INFO - Started process (PID=126) to work on /home/airflow/.local/lib/python3.8/site-packages/airflow/example_dags/example_branch_operator_decorator.py
[2023-12-18T14:26:10.106+0000] {processor.py:829} INFO - Processing file /home/airflow/.local/lib/python3.8/site-packages/airflow/example_dags/example_branch_operator_decorator.py for tasks to queue
[2023-12-18T14:26:10.108+0000] {logging_mixin.py:154} INFO - [2023-12-18T14:26:10.108+0000] {dagbag.py:536} INFO - Filling up the DagBag from /home/airflow/.local/lib/python3.8/site-packages/airflow/example_dags/example_branch_operator_decorator.py
[2023-12-18T14:26:10.115+0000] {processor.py:839} INFO - DAG(s) dict_keys(['example_branch_python_operator_decorator']) retrieved from /home/airflow/.local/lib/python3.8/site-packages/airflow/example_dags/example_branch_operator_decorator.py
[2023-12-18T14:26:10.135+0000] {logging_mixin.py:154} INFO - [2023-12-18T14:26:10.134+0000] {dag.py:2941} INFO - Sync 1 DAGs
[2023-12-18T14:26:10.158+0000] {logging_mixin.py:154} INFO - [2023-12-18T14:26:10.158+0000] {dag.py:3722} INFO - Setting next_dagrun for example_branch_python_operator_decorator to 2023-12-17T00:00:00+00:00, run_after=2023-12-18T00:00:00+00:00
[2023-12-18T14:26:10.173+0000] {processor.py:179} INFO - Processing /home/airflow/.local/lib/python3.8/site-packages/airflow/example_dags/example_branch_operator_decorator.py took 0.069 seconds
[2023-12-18T14:26:40.321+0000] {processor.py:157} INFO - Started process (PID=196) to work on /home/airflow/.local/lib/python3.8/site-packages/airflow/example_dags/example_branch_operator_decorator.py
[2023-12-18T14:26:40.322+0000] {processor.py:829} INFO - Processing file /home/airflow/.local/lib/python3.8/site-packages/airflow/example_dags/example_branch_operator_decorator.py for tasks to queue
[2023-12-18T14:26:40.323+0000] {logging_mixin.py:154} INFO - [2023-12-18T14:26:40.323+0000] {dagbag.py:536} INFO - Filling up the DagBag from /home/airflow/.local/lib/python3.8/site-packages/airflow/example_dags/example_branch_operator_decorator.py
[2023-12-18T14:26:40.331+0000] {processor.py:839} INFO - DAG(s) dict_keys(['example_branch_python_operator_decorator']) retrieved from /home/airflow/.local/lib/python3.8/site-packages/airflow/example_dags/example_branch_operator_decorator.py
[2023-12-18T14:26:40.347+0000] {logging_mixin.py:154} INFO - [2023-12-18T14:26:40.347+0000] {dag.py:2941} INFO - Sync 1 DAGs
[2023-12-18T14:26:40.364+0000] {logging_mixin.py:154} INFO - [2023-12-18T14:26:40.364+0000] {dag.py:3722} INFO - Setting next_dagrun for example_branch_python_operator_decorator to 2023-12-17T00:00:00+00:00, run_after=2023-12-18T00:00:00+00:00
[2023-12-18T14:26:40.376+0000] {processor.py:179} INFO - Processing /home/airflow/.local/lib/python3.8/site-packages/airflow/example_dags/example_branch_operator_decorator.py took 0.056 seconds
[2023-12-18T14:27:11.230+0000] {processor.py:157} INFO - Started process (PID=265) to work on /home/airflow/.local/lib/python3.8/site-packages/airflow/example_dags/example_branch_operator_decorator.py
[2023-12-18T14:27:11.231+0000] {processor.py:829} INFO - Processing file /home/airflow/.local/lib/python3.8/site-packages/airflow/example_dags/example_branch_operator_decorator.py for tasks to queue
[2023-12-18T14:27:11.232+0000] {logging_mixin.py:154} INFO - [2023-12-18T14:27:11.232+0000] {dagbag.py:536} INFO - Filling up the DagBag from /home/airflow/.local/lib/python3.8/site-packages/airflow/example_dags/example_branch_operator_decorator.py
[2023-12-18T14:27:11.242+0000] {processor.py:839} INFO - DAG(s) dict_keys(['example_branch_python_operator_decorator']) retrieved from /home/airflow/.local/lib/python3.8/site-packages/airflow/example_dags/example_branch_operator_decorator.py
[2023-12-18T14:27:11.258+0000] {logging_mixin.py:154} INFO - [2023-12-18T14:27:11.258+0000] {dag.py:2941} INFO - Sync 1 DAGs
[2023-12-18T14:27:11.285+0000] {logging_mixin.py:154} INFO - [2023-12-18T14:27:11.285+0000] {dag.py:3722} INFO - Setting next_dagrun for example_branch_python_operator_decorator to 2023-12-17T00:00:00+00:00, run_after=2023-12-18T00:00:00+00:00
[2023-12-18T14:27:11.296+0000] {processor.py:179} INFO - Processing /home/airflow/.local/lib/python3.8/site-packages/airflow/example_dags/example_branch_operator_decorator.py took 0.067 seconds
[2023-12-18T14:27:42.060+0000] {processor.py:157} INFO - Started process (PID=334) to work on /home/airflow/.local/lib/python3.8/site-packages/airflow/example_dags/example_branch_operator_decorator.py
[2023-12-18T14:27:42.060+0000] {processor.py:829} INFO - Processing file /home/airflow/.local/lib/python3.8/site-packages/airflow/example_dags/example_branch_operator_decorator.py for tasks to queue
[2023-12-18T14:27:42.061+0000] {logging_mixin.py:154} INFO - [2023-12-18T14:27:42.061+0000] {dagbag.py:536} INFO - Filling up the DagBag from /home/airflow/.local/lib/python3.8/site-packages/airflow/example_dags/example_branch_operator_decorator.py
[2023-12-18T14:27:42.084+0000] {processor.py:839} INFO - DAG(s) dict_keys(['example_branch_python_operator_decorator']) retrieved from /home/airflow/.local/lib/python3.8/site-packages/airflow/example_dags/example_branch_operator_decorator.py
[2023-12-18T14:27:42.097+0000] {logging_mixin.py:154} INFO - [2023-12-18T14:27:42.097+0000] {dag.py:2941} INFO - Sync 1 DAGs
[2023-12-18T14:27:42.112+0000] {logging_mixin.py:154} INFO - [2023-12-18T14:27:42.112+0000] {dag.py:3722} INFO - Setting next_dagrun for example_branch_python_operator_decorator to 2023-12-17T00:00:00+00:00, run_after=2023-12-18T00:00:00+00:00
[2023-12-18T14:27:42.123+0000] {processor.py:179} INFO - Processing /home/airflow/.local/lib/python3.8/site-packages/airflow/example_dags/example_branch_operator_decorator.py took 0.065 seconds
[2023-12-18T14:28:12.237+0000] {processor.py:157} INFO - Started process (PID=402) to work on /home/airflow/.local/lib/python3.8/site-packages/airflow/example_dags/example_branch_operator_decorator.py
[2023-12-18T14:28:12.238+0000] {processor.py:829} INFO - Processing file /home/airflow/.local/lib/python3.8/site-packages/airflow/example_dags/example_branch_operator_decorator.py for tasks to queue
[2023-12-18T14:28:12.239+0000] {logging_mixin.py:154} INFO - [2023-12-18T14:28:12.239+0000] {dagbag.py:536} INFO - Filling up the DagBag from /home/airflow/.local/lib/python3.8/site-packages/airflow/example_dags/example_branch_operator_decorator.py
[2023-12-18T14:28:12.245+0000] {processor.py:839} INFO - DAG(s) dict_keys(['example_branch_python_operator_decorator']) retrieved from /home/airflow/.local/lib/python3.8/site-packages/airflow/example_dags/example_branch_operator_decorator.py
[2023-12-18T14:28:12.259+0000] {logging_mixin.py:154} INFO - [2023-12-18T14:28:12.258+0000] {dag.py:2941} INFO - Sync 1 DAGs
[2023-12-18T14:28:12.286+0000] {logging_mixin.py:154} INFO - [2023-12-18T14:28:12.286+0000] {dag.py:3722} INFO - Setting next_dagrun for example_branch_python_operator_decorator to 2023-12-17T00:00:00+00:00, run_after=2023-12-18T00:00:00+00:00
[2023-12-18T14:28:12.298+0000] {processor.py:179} INFO - Processing /home/airflow/.local/lib/python3.8/site-packages/airflow/example_dags/example_branch_operator_decorator.py took 0.062 seconds
[2023-12-18T14:28:43.037+0000] {processor.py:157} INFO - Started process (PID=471) to work on /home/airflow/.local/lib/python3.8/site-packages/airflow/example_dags/example_branch_operator_decorator.py
[2023-12-18T14:28:43.038+0000] {processor.py:829} INFO - Processing file /home/airflow/.local/lib/python3.8/site-packages/airflow/example_dags/example_branch_operator_decorator.py for tasks to queue
[2023-12-18T14:28:43.039+0000] {logging_mixin.py:154} INFO - [2023-12-18T14:28:43.039+0000] {dagbag.py:536} INFO - Filling up the DagBag from /home/airflow/.local/lib/python3.8/site-packages/airflow/example_dags/example_branch_operator_decorator.py
[2023-12-18T14:28:43.046+0000] {processor.py:839} INFO - DAG(s) dict_keys(['example_branch_python_operator_decorator']) retrieved from /home/airflow/.local/lib/python3.8/site-packages/airflow/example_dags/example_branch_operator_decorator.py
[2023-12-18T14:28:43.062+0000] {logging_mixin.py:154} INFO - [2023-12-18T14:28:43.062+0000] {dag.py:2941} INFO - Sync 1 DAGs
[2023-12-18T14:28:43.089+0000] {logging_mixin.py:154} INFO - [2023-12-18T14:28:43.089+0000] {dag.py:3722} INFO - Setting next_dagrun for example_branch_python_operator_decorator to 2023-12-17T00:00:00+00:00, run_after=2023-12-18T00:00:00+00:00
[2023-12-18T14:28:43.100+0000] {processor.py:179} INFO - Processing /home/airflow/.local/lib/python3.8/site-packages/airflow/example_dags/example_branch_operator_decorator.py took 0.066 seconds
[2023-12-18T14:29:13.948+0000] {processor.py:157} INFO - Started process (PID=540) to work on /home/airflow/.local/lib/python3.8/site-packages/airflow/example_dags/example_branch_operator_decorator.py
[2023-12-18T14:29:13.949+0000] {processor.py:829} INFO - Processing file /home/airflow/.local/lib/python3.8/site-packages/airflow/example_dags/example_branch_operator_decorator.py for tasks to queue
[2023-12-18T14:29:13.950+0000] {logging_mixin.py:154} INFO - [2023-12-18T14:29:13.950+0000] {dagbag.py:536} INFO - Filling up the DagBag from /home/airflow/.local/lib/python3.8/site-packages/airflow/example_dags/example_branch_operator_decorator.py
[2023-12-18T14:29:13.956+0000] {processor.py:839} INFO - DAG(s) dict_keys(['example_branch_python_operator_decorator']) retrieved from /home/airflow/.local/lib/python3.8/site-packages/airflow/example_dags/example_branch_operator_decorator.py
[2023-12-18T14:29:13.988+0000] {logging_mixin.py:154} INFO - [2023-12-18T14:29:13.988+0000] {dag.py:2941} INFO - Sync 1 DAGs
[2023-12-18T14:29:14.007+0000] {logging_mixin.py:154} INFO - [2023-12-18T14:29:14.007+0000] {dag.py:3722} INFO - Setting next_dagrun for example_branch_python_operator_decorator to 2023-12-17T00:00:00+00:00, run_after=2023-12-18T00:00:00+00:00
[2023-12-18T14:29:14.020+0000] {processor.py:179} INFO - Processing /home/airflow/.local/lib/python3.8/site-packages/airflow/example_dags/example_branch_operator_decorator.py took 0.073 seconds
[2023-12-18T14:29:44.036+0000] {processor.py:157} INFO - Started process (PID=609) to work on /home/airflow/.local/lib/python3.8/site-packages/airflow/example_dags/example_branch_operator_decorator.py
[2023-12-18T14:29:44.036+0000] {processor.py:829} INFO - Processing file /home/airflow/.local/lib/python3.8/site-packages/airflow/example_dags/example_branch_operator_decorator.py for tasks to queue
[2023-12-18T14:29:44.038+0000] {logging_mixin.py:154} INFO - [2023-12-18T14:29:44.038+0000] {dagbag.py:536} INFO - Filling up the DagBag from /home/airflow/.local/lib/python3.8/site-packages/airflow/example_dags/example_branch_operator_decorator.py
[2023-12-18T14:29:44.044+0000] {processor.py:839} INFO - DAG(s) dict_keys(['example_branch_python_operator_decorator']) retrieved from /home/airflow/.local/lib/python3.8/site-packages/airflow/example_dags/example_branch_operator_decorator.py
[2023-12-18T14:29:44.057+0000] {logging_mixin.py:154} INFO - [2023-12-18T14:29:44.057+0000] {dag.py:2941} INFO - Sync 1 DAGs
[2023-12-18T14:29:44.085+0000] {logging_mixin.py:154} INFO - [2023-12-18T14:29:44.085+0000] {dag.py:3722} INFO - Setting next_dagrun for example_branch_python_operator_decorator to 2023-12-17T00:00:00+00:00, run_after=2023-12-18T00:00:00+00:00
[2023-12-18T14:29:44.096+0000] {processor.py:179} INFO - Processing /home/airflow/.local/lib/python3.8/site-packages/airflow/example_dags/example_branch_operator_decorator.py took 0.062 seconds
[2023-12-18T14:30:14.210+0000] {processor.py:157} INFO - Started process (PID=679) to work on /home/airflow/.local/lib/python3.8/site-packages/airflow/example_dags/example_branch_operator_decorator.py
[2023-12-18T14:30:14.210+0000] {processor.py:829} INFO - Processing file /home/airflow/.local/lib/python3.8/site-packages/airflow/example_dags/example_branch_operator_decorator.py for tasks to queue
[2023-12-18T14:30:14.212+0000] {logging_mixin.py:154} INFO - [2023-12-18T14:30:14.212+0000] {dagbag.py:536} INFO - Filling up the DagBag from /home/airflow/.local/lib/python3.8/site-packages/airflow/example_dags/example_branch_operator_decorator.py
[2023-12-18T14:30:14.217+0000] {processor.py:839} INFO - DAG(s) dict_keys(['example_branch_python_operator_decorator']) retrieved from /home/airflow/.local/lib/python3.8/site-packages/airflow/example_dags/example_branch_operator_decorator.py
[2023-12-18T14:30:14.230+0000] {logging_mixin.py:154} INFO - [2023-12-18T14:30:14.230+0000] {dag.py:2941} INFO - Sync 1 DAGs
[2023-12-18T14:30:14.245+0000] {logging_mixin.py:154} INFO - [2023-12-18T14:30:14.245+0000] {dag.py:3722} INFO - Setting next_dagrun for example_branch_python_operator_decorator to 2023-12-17T00:00:00+00:00, run_after=2023-12-18T00:00:00+00:00
[2023-12-18T14:30:14.256+0000] {processor.py:179} INFO - Processing /home/airflow/.local/lib/python3.8/site-packages/airflow/example_dags/example_branch_operator_decorator.py took 0.048 seconds
[2023-12-18T14:30:44.322+0000] {processor.py:157} INFO - Started process (PID=748) to work on /home/airflow/.local/lib/python3.8/site-packages/airflow/example_dags/example_branch_operator_decorator.py
[2023-12-18T14:30:44.323+0000] {processor.py:829} INFO - Processing file /home/airflow/.local/lib/python3.8/site-packages/airflow/example_dags/example_branch_operator_decorator.py for tasks to queue
[2023-12-18T14:30:44.324+0000] {logging_mixin.py:154} INFO - [2023-12-18T14:30:44.324+0000] {dagbag.py:536} INFO - Filling up the DagBag from /home/airflow/.local/lib/python3.8/site-packages/airflow/example_dags/example_branch_operator_decorator.py
[2023-12-18T14:30:44.330+0000] {processor.py:839} INFO - DAG(s) dict_keys(['example_branch_python_operator_decorator']) retrieved from /home/airflow/.local/lib/python3.8/site-packages/airflow/example_dags/example_branch_operator_decorator.py
[2023-12-18T14:30:44.343+0000] {logging_mixin.py:154} INFO - [2023-12-18T14:30:44.343+0000] {dag.py:2941} INFO - Sync 1 DAGs
[2023-12-18T14:30:44.358+0000] {logging_mixin.py:154} INFO - [2023-12-18T14:30:44.358+0000] {dag.py:3722} INFO - Setting next_dagrun for example_branch_python_operator_decorator to 2023-12-17T00:00:00+00:00, run_after=2023-12-18T00:00:00+00:00
[2023-12-18T14:30:44.390+0000] {processor.py:179} INFO - Processing /home/airflow/.local/lib/python3.8/site-packages/airflow/example_dags/example_branch_operator_decorator.py took 0.069 seconds
[2023-12-18T14:31:14.542+0000] {processor.py:157} INFO - Started process (PID=818) to work on /home/airflow/.local/lib/python3.8/site-packages/airflow/example_dags/example_branch_operator_decorator.py
[2023-12-18T14:31:14.542+0000] {processor.py:829} INFO - Processing file /home/airflow/.local/lib/python3.8/site-packages/airflow/example_dags/example_branch_operator_decorator.py for tasks to queue
[2023-12-18T14:31:14.544+0000] {logging_mixin.py:154} INFO - [2023-12-18T14:31:14.544+0000] {dagbag.py:536} INFO - Filling up the DagBag from /home/airflow/.local/lib/python3.8/site-packages/airflow/example_dags/example_branch_operator_decorator.py
[2023-12-18T14:31:14.549+0000] {processor.py:839} INFO - DAG(s) dict_keys(['example_branch_python_operator_decorator']) retrieved from /home/airflow/.local/lib/python3.8/site-packages/airflow/example_dags/example_branch_operator_decorator.py
[2023-12-18T14:31:14.562+0000] {logging_mixin.py:154} INFO - [2023-12-18T14:31:14.562+0000] {dag.py:2941} INFO - Sync 1 DAGs
[2023-12-18T14:31:14.576+0000] {logging_mixin.py:154} INFO - [2023-12-18T14:31:14.576+0000] {dag.py:3722} INFO - Setting next_dagrun for example_branch_python_operator_decorator to 2023-12-17T00:00:00+00:00, run_after=2023-12-18T00:00:00+00:00
[2023-12-18T14:31:14.586+0000] {processor.py:179} INFO - Processing /home/airflow/.local/lib/python3.8/site-packages/airflow/example_dags/example_branch_operator_decorator.py took 0.046 seconds
[2023-12-18T14:31:45.329+0000] {processor.py:157} INFO - Started process (PID=887) to work on /home/airflow/.local/lib/python3.8/site-packages/airflow/example_dags/example_branch_operator_decorator.py
[2023-12-18T14:31:45.330+0000] {processor.py:829} INFO - Processing file /home/airflow/.local/lib/python3.8/site-packages/airflow/example_dags/example_branch_operator_decorator.py for tasks to queue
[2023-12-18T14:31:45.331+0000] {logging_mixin.py:154} INFO - [2023-12-18T14:31:45.331+0000] {dagbag.py:536} INFO - Filling up the DagBag from /home/airflow/.local/lib/python3.8/site-packages/airflow/example_dags/example_branch_operator_decorator.py
[2023-12-18T14:31:45.337+0000] {processor.py:839} INFO - DAG(s) dict_keys(['example_branch_python_operator_decorator']) retrieved from /home/airflow/.local/lib/python3.8/site-packages/airflow/example_dags/example_branch_operator_decorator.py
[2023-12-18T14:31:45.353+0000] {logging_mixin.py:154} INFO - [2023-12-18T14:31:45.353+0000] {dag.py:2941} INFO - Sync 1 DAGs
[2023-12-18T14:31:45.392+0000] {logging_mixin.py:154} INFO - [2023-12-18T14:31:45.392+0000] {dag.py:3722} INFO - Setting next_dagrun for example_branch_python_operator_decorator to 2023-12-17T00:00:00+00:00, run_after=2023-12-18T00:00:00+00:00
[2023-12-18T14:31:45.404+0000] {processor.py:179} INFO - Processing /home/airflow/.local/lib/python3.8/site-packages/airflow/example_dags/example_branch_operator_decorator.py took 0.077 seconds
[2023-12-18T14:32:15.458+0000] {processor.py:157} INFO - Started process (PID=955) to work on /home/airflow/.local/lib/python3.8/site-packages/airflow/example_dags/example_branch_operator_decorator.py
[2023-12-18T14:32:15.458+0000] {processor.py:829} INFO - Processing file /home/airflow/.local/lib/python3.8/site-packages/airflow/example_dags/example_branch_operator_decorator.py for tasks to queue
[2023-12-18T14:32:15.460+0000] {logging_mixin.py:154} INFO - [2023-12-18T14:32:15.459+0000] {dagbag.py:536} INFO - Filling up the DagBag from /home/airflow/.local/lib/python3.8/site-packages/airflow/example_dags/example_branch_operator_decorator.py
[2023-12-18T14:32:15.465+0000] {processor.py:839} INFO - DAG(s) dict_keys(['example_branch_python_operator_decorator']) retrieved from /home/airflow/.local/lib/python3.8/site-packages/airflow/example_dags/example_branch_operator_decorator.py
[2023-12-18T14:32:15.497+0000] {logging_mixin.py:154} INFO - [2023-12-18T14:32:15.497+0000] {dag.py:2941} INFO - Sync 1 DAGs
[2023-12-18T14:32:15.512+0000] {logging_mixin.py:154} INFO - [2023-12-18T14:32:15.512+0000] {dag.py:3722} INFO - Setting next_dagrun for example_branch_python_operator_decorator to 2023-12-17T00:00:00+00:00, run_after=2023-12-18T00:00:00+00:00
[2023-12-18T14:32:15.523+0000] {processor.py:179} INFO - Processing /home/airflow/.local/lib/python3.8/site-packages/airflow/example_dags/example_branch_operator_decorator.py took 0.067 seconds
[2023-12-18T14:32:46.443+0000] {processor.py:157} INFO - Started process (PID=1023) to work on /home/airflow/.local/lib/python3.8/site-packages/airflow/example_dags/example_branch_operator_decorator.py
[2023-12-18T14:32:46.444+0000] {processor.py:829} INFO - Processing file /home/airflow/.local/lib/python3.8/site-packages/airflow/example_dags/example_branch_operator_decorator.py for tasks to queue
[2023-12-18T14:32:46.445+0000] {logging_mixin.py:154} INFO - [2023-12-18T14:32:46.445+0000] {dagbag.py:536} INFO - Filling up the DagBag from /home/airflow/.local/lib/python3.8/site-packages/airflow/example_dags/example_branch_operator_decorator.py
[2023-12-18T14:32:46.451+0000] {processor.py:839} INFO - DAG(s) dict_keys(['example_branch_python_operator_decorator']) retrieved from /home/airflow/.local/lib/python3.8/site-packages/airflow/example_dags/example_branch_operator_decorator.py
[2023-12-18T14:32:46.463+0000] {logging_mixin.py:154} INFO - [2023-12-18T14:32:46.463+0000] {dag.py:2941} INFO - Sync 1 DAGs
[2023-12-18T14:32:46.495+0000] {logging_mixin.py:154} INFO - [2023-12-18T14:32:46.495+0000] {dag.py:3722} INFO - Setting next_dagrun for example_branch_python_operator_decorator to 2023-12-17T00:00:00+00:00, run_after=2023-12-18T00:00:00+00:00
[2023-12-18T14:32:46.507+0000] {processor.py:179} INFO - Processing /home/airflow/.local/lib/python3.8/site-packages/airflow/example_dags/example_branch_operator_decorator.py took 0.066 seconds
[2023-12-18T14:33:17.193+0000] {processor.py:157} INFO - Started process (PID=1092) to work on /home/airflow/.local/lib/python3.8/site-packages/airflow/example_dags/example_branch_operator_decorator.py
[2023-12-18T14:33:17.193+0000] {processor.py:829} INFO - Processing file /home/airflow/.local/lib/python3.8/site-packages/airflow/example_dags/example_branch_operator_decorator.py for tasks to queue
[2023-12-18T14:33:17.195+0000] {logging_mixin.py:154} INFO - [2023-12-18T14:33:17.195+0000] {dagbag.py:536} INFO - Filling up the DagBag from /home/airflow/.local/lib/python3.8/site-packages/airflow/example_dags/example_branch_operator_decorator.py
[2023-12-18T14:33:17.200+0000] {processor.py:839} INFO - DAG(s) dict_keys(['example_branch_python_operator_decorator']) retrieved from /home/airflow/.local/lib/python3.8/site-packages/airflow/example_dags/example_branch_operator_decorator.py
[2023-12-18T14:33:17.214+0000] {logging_mixin.py:154} INFO - [2023-12-18T14:33:17.214+0000] {dag.py:2941} INFO - Sync 1 DAGs
[2023-12-18T14:33:17.229+0000] {logging_mixin.py:154} INFO - [2023-12-18T14:33:17.228+0000] {dag.py:3722} INFO - Setting next_dagrun for example_branch_python_operator_decorator to 2023-12-17T00:00:00+00:00, run_after=2023-12-18T00:00:00+00:00
[2023-12-18T14:33:17.239+0000] {processor.py:179} INFO - Processing /home/airflow/.local/lib/python3.8/site-packages/airflow/example_dags/example_branch_operator_decorator.py took 0.049 seconds
[2023-12-18T14:33:48.082+0000] {processor.py:157} INFO - Started process (PID=1168) to work on /home/airflow/.local/lib/python3.8/site-packages/airflow/example_dags/example_branch_operator_decorator.py
[2023-12-18T14:33:48.083+0000] {processor.py:829} INFO - Processing file /home/airflow/.local/lib/python3.8/site-packages/airflow/example_dags/example_branch_operator_decorator.py for tasks to queue
[2023-12-18T14:33:48.085+0000] {logging_mixin.py:154} INFO - [2023-12-18T14:33:48.085+0000] {dagbag.py:536} INFO - Filling up the DagBag from /home/airflow/.local/lib/python3.8/site-packages/airflow/example_dags/example_branch_operator_decorator.py
[2023-12-18T14:33:48.091+0000] {processor.py:839} INFO - DAG(s) dict_keys(['example_branch_python_operator_decorator']) retrieved from /home/airflow/.local/lib/python3.8/site-packages/airflow/example_dags/example_branch_operator_decorator.py
[2023-12-18T14:33:48.108+0000] {logging_mixin.py:154} INFO - [2023-12-18T14:33:48.108+0000] {dag.py:2941} INFO - Sync 1 DAGs
[2023-12-18T14:33:48.122+0000] {logging_mixin.py:154} INFO - [2023-12-18T14:33:48.122+0000] {dag.py:3722} INFO - Setting next_dagrun for example_branch_python_operator_decorator to 2023-12-17T00:00:00+00:00, run_after=2023-12-18T00:00:00+00:00
[2023-12-18T14:33:48.132+0000] {processor.py:179} INFO - Processing /home/airflow/.local/lib/python3.8/site-packages/airflow/example_dags/example_branch_operator_decorator.py took 0.068 seconds
[2023-12-18T14:34:18.242+0000] {processor.py:157} INFO - Started process (PID=1237) to work on /home/airflow/.local/lib/python3.8/site-packages/airflow/example_dags/example_branch_operator_decorator.py
[2023-12-18T14:34:18.242+0000] {processor.py:829} INFO - Processing file /home/airflow/.local/lib/python3.8/site-packages/airflow/example_dags/example_branch_operator_decorator.py for tasks to queue
[2023-12-18T14:34:18.244+0000] {logging_mixin.py:154} INFO - [2023-12-18T14:34:18.244+0000] {dagbag.py:536} INFO - Filling up the DagBag from /home/airflow/.local/lib/python3.8/site-packages/airflow/example_dags/example_branch_operator_decorator.py
[2023-12-18T14:34:18.254+0000] {processor.py:839} INFO - DAG(s) dict_keys(['example_branch_python_operator_decorator']) retrieved from /home/airflow/.local/lib/python3.8/site-packages/airflow/example_dags/example_branch_operator_decorator.py
[2023-12-18T14:34:18.282+0000] {logging_mixin.py:154} INFO - [2023-12-18T14:34:18.282+0000] {dag.py:2941} INFO - Sync 1 DAGs
[2023-12-18T14:34:18.296+0000] {logging_mixin.py:154} INFO - [2023-12-18T14:34:18.296+0000] {dag.py:3722} INFO - Setting next_dagrun for example_branch_python_operator_decorator to 2023-12-17T00:00:00+00:00, run_after=2023-12-18T00:00:00+00:00
[2023-12-18T14:34:18.305+0000] {processor.py:179} INFO - Processing /home/airflow/.local/lib/python3.8/site-packages/airflow/example_dags/example_branch_operator_decorator.py took 0.066 seconds
[2023-12-18T14:34:49.282+0000] {processor.py:157} INFO - Started process (PID=1307) to work on /home/airflow/.local/lib/python3.8/site-packages/airflow/example_dags/example_branch_operator_decorator.py
[2023-12-18T14:34:49.283+0000] {processor.py:829} INFO - Processing file /home/airflow/.local/lib/python3.8/site-packages/airflow/example_dags/example_branch_operator_decorator.py for tasks to queue
[2023-12-18T14:34:49.284+0000] {logging_mixin.py:154} INFO - [2023-12-18T14:34:49.284+0000] {dagbag.py:536} INFO - Filling up the DagBag from /home/airflow/.local/lib/python3.8/site-packages/airflow/example_dags/example_branch_operator_decorator.py
[2023-12-18T14:34:49.289+0000] {processor.py:839} INFO - DAG(s) dict_keys(['example_branch_python_operator_decorator']) retrieved from /home/airflow/.local/lib/python3.8/site-packages/airflow/example_dags/example_branch_operator_decorator.py
[2023-12-18T14:34:49.301+0000] {logging_mixin.py:154} INFO - [2023-12-18T14:34:49.301+0000] {dag.py:2941} INFO - Sync 1 DAGs
[2023-12-18T14:34:49.315+0000] {logging_mixin.py:154} INFO - [2023-12-18T14:34:49.315+0000] {dag.py:3722} INFO - Setting next_dagrun for example_branch_python_operator_decorator to 2023-12-17T00:00:00+00:00, run_after=2023-12-18T00:00:00+00:00
[2023-12-18T14:34:49.324+0000] {processor.py:179} INFO - Processing /home/airflow/.local/lib/python3.8/site-packages/airflow/example_dags/example_branch_operator_decorator.py took 0.044 seconds
[2023-12-18T14:35:19.439+0000] {processor.py:157} INFO - Started process (PID=1376) to work on /home/airflow/.local/lib/python3.8/site-packages/airflow/example_dags/example_branch_operator_decorator.py
[2023-12-18T14:35:19.439+0000] {processor.py:829} INFO - Processing file /home/airflow/.local/lib/python3.8/site-packages/airflow/example_dags/example_branch_operator_decorator.py for tasks to queue
[2023-12-18T14:35:19.441+0000] {logging_mixin.py:154} INFO - [2023-12-18T14:35:19.441+0000] {dagbag.py:536} INFO - Filling up the DagBag from /home/airflow/.local/lib/python3.8/site-packages/airflow/example_dags/example_branch_operator_decorator.py
[2023-12-18T14:35:19.446+0000] {processor.py:839} INFO - DAG(s) dict_keys(['example_branch_python_operator_decorator']) retrieved from /home/airflow/.local/lib/python3.8/site-packages/airflow/example_dags/example_branch_operator_decorator.py
[2023-12-18T14:35:19.460+0000] {logging_mixin.py:154} INFO - [2023-12-18T14:35:19.459+0000] {dag.py:2941} INFO - Sync 1 DAGs
[2023-12-18T14:35:19.489+0000] {logging_mixin.py:154} INFO - [2023-12-18T14:35:19.489+0000] {dag.py:3722} INFO - Setting next_dagrun for example_branch_python_operator_decorator to 2023-12-17T00:00:00+00:00, run_after=2023-12-18T00:00:00+00:00
[2023-12-18T14:35:19.501+0000] {processor.py:179} INFO - Processing /home/airflow/.local/lib/python3.8/site-packages/airflow/example_dags/example_branch_operator_decorator.py took 0.065 seconds
[2023-12-18T14:35:49.546+0000] {processor.py:157} INFO - Started process (PID=1444) to work on /home/airflow/.local/lib/python3.8/site-packages/airflow/example_dags/example_branch_operator_decorator.py
[2023-12-18T14:35:49.547+0000] {processor.py:829} INFO - Processing file /home/airflow/.local/lib/python3.8/site-packages/airflow/example_dags/example_branch_operator_decorator.py for tasks to queue
[2023-12-18T14:35:49.548+0000] {logging_mixin.py:154} INFO - [2023-12-18T14:35:49.548+0000] {dagbag.py:536} INFO - Filling up the DagBag from /home/airflow/.local/lib/python3.8/site-packages/airflow/example_dags/example_branch_operator_decorator.py
[2023-12-18T14:35:49.554+0000] {processor.py:839} INFO - DAG(s) dict_keys(['example_branch_python_operator_decorator']) retrieved from /home/airflow/.local/lib/python3.8/site-packages/airflow/example_dags/example_branch_operator_decorator.py
[2023-12-18T14:35:49.567+0000] {logging_mixin.py:154} INFO - [2023-12-18T14:35:49.567+0000] {dag.py:2941} INFO - Sync 1 DAGs
[2023-12-18T14:35:49.581+0000] {logging_mixin.py:154} INFO - [2023-12-18T14:35:49.581+0000] {dag.py:3722} INFO - Setting next_dagrun for example_branch_python_operator_decorator to 2023-12-17T00:00:00+00:00, run_after=2023-12-18T00:00:00+00:00
[2023-12-18T14:35:49.592+0000] {processor.py:179} INFO - Processing /home/airflow/.local/lib/python3.8/site-packages/airflow/example_dags/example_branch_operator_decorator.py took 0.048 seconds
[2023-12-18T14:36:19.666+0000] {processor.py:157} INFO - Started process (PID=1512) to work on /home/airflow/.local/lib/python3.8/site-packages/airflow/example_dags/example_branch_operator_decorator.py
[2023-12-18T14:36:19.667+0000] {processor.py:829} INFO - Processing file /home/airflow/.local/lib/python3.8/site-packages/airflow/example_dags/example_branch_operator_decorator.py for tasks to queue
[2023-12-18T14:36:19.670+0000] {logging_mixin.py:154} INFO - [2023-12-18T14:36:19.670+0000] {dagbag.py:536} INFO - Filling up the DagBag from /home/airflow/.local/lib/python3.8/site-packages/airflow/example_dags/example_branch_operator_decorator.py
[2023-12-18T14:36:19.677+0000] {processor.py:839} INFO - DAG(s) dict_keys(['example_branch_python_operator_decorator']) retrieved from /home/airflow/.local/lib/python3.8/site-packages/airflow/example_dags/example_branch_operator_decorator.py
[2023-12-18T14:36:19.696+0000] {logging_mixin.py:154} INFO - [2023-12-18T14:36:19.695+0000] {dag.py:2941} INFO - Sync 1 DAGs
[2023-12-18T14:36:19.710+0000] {logging_mixin.py:154} INFO - [2023-12-18T14:36:19.710+0000] {dag.py:3722} INFO - Setting next_dagrun for example_branch_python_operator_decorator to 2023-12-17T00:00:00+00:00, run_after=2023-12-18T00:00:00+00:00
[2023-12-18T14:36:19.720+0000] {processor.py:179} INFO - Processing /home/airflow/.local/lib/python3.8/site-packages/airflow/example_dags/example_branch_operator_decorator.py took 0.060 seconds
[2023-12-18T14:36:49.746+0000] {processor.py:157} INFO - Started process (PID=1575) to work on /home/airflow/.local/lib/python3.8/site-packages/airflow/example_dags/example_branch_operator_decorator.py
[2023-12-18T14:36:49.747+0000] {processor.py:829} INFO - Processing file /home/airflow/.local/lib/python3.8/site-packages/airflow/example_dags/example_branch_operator_decorator.py for tasks to queue
[2023-12-18T14:36:49.748+0000] {logging_mixin.py:154} INFO - [2023-12-18T14:36:49.748+0000] {dagbag.py:536} INFO - Filling up the DagBag from /home/airflow/.local/lib/python3.8/site-packages/airflow/example_dags/example_branch_operator_decorator.py
[2023-12-18T14:36:49.754+0000] {processor.py:839} INFO - DAG(s) dict_keys(['example_branch_python_operator_decorator']) retrieved from /home/airflow/.local/lib/python3.8/site-packages/airflow/example_dags/example_branch_operator_decorator.py
[2023-12-18T14:36:49.768+0000] {logging_mixin.py:154} INFO - [2023-12-18T14:36:49.768+0000] {dag.py:2941} INFO - Sync 1 DAGs
[2023-12-18T14:36:49.794+0000] {logging_mixin.py:154} INFO - [2023-12-18T14:36:49.794+0000] {dag.py:3722} INFO - Setting next_dagrun for example_branch_python_operator_decorator to 2023-12-17T00:00:00+00:00, run_after=2023-12-18T00:00:00+00:00
[2023-12-18T14:36:49.805+0000] {processor.py:179} INFO - Processing /home/airflow/.local/lib/python3.8/site-packages/airflow/example_dags/example_branch_operator_decorator.py took 0.060 seconds
[2023-12-18T14:37:20.802+0000] {processor.py:157} INFO - Started process (PID=1651) to work on /home/airflow/.local/lib/python3.8/site-packages/airflow/example_dags/example_branch_operator_decorator.py
[2023-12-18T14:37:20.809+0000] {processor.py:829} INFO - Processing file /home/airflow/.local/lib/python3.8/site-packages/airflow/example_dags/example_branch_operator_decorator.py for tasks to queue
[2023-12-18T14:37:20.811+0000] {logging_mixin.py:154} INFO - [2023-12-18T14:37:20.811+0000] {dagbag.py:536} INFO - Filling up the DagBag from /home/airflow/.local/lib/python3.8/site-packages/airflow/example_dags/example_branch_operator_decorator.py
[2023-12-18T14:37:20.816+0000] {processor.py:839} INFO - DAG(s) dict_keys(['example_branch_python_operator_decorator']) retrieved from /home/airflow/.local/lib/python3.8/site-packages/airflow/example_dags/example_branch_operator_decorator.py
[2023-12-18T14:37:20.858+0000] {logging_mixin.py:154} INFO - [2023-12-18T14:37:20.858+0000] {dag.py:2941} INFO - Sync 1 DAGs
[2023-12-18T14:37:20.876+0000] {logging_mixin.py:154} INFO - [2023-12-18T14:37:20.876+0000] {dag.py:3722} INFO - Setting next_dagrun for example_branch_python_operator_decorator to 2023-12-17T00:00:00+00:00, run_after=2023-12-18T00:00:00+00:00
[2023-12-18T14:37:20.888+0000] {processor.py:179} INFO - Processing /home/airflow/.local/lib/python3.8/site-packages/airflow/example_dags/example_branch_operator_decorator.py took 0.089 seconds
[2023-12-18T14:37:51.581+0000] {processor.py:157} INFO - Started process (PID=1720) to work on /home/airflow/.local/lib/python3.8/site-packages/airflow/example_dags/example_branch_operator_decorator.py
[2023-12-18T14:37:51.582+0000] {processor.py:829} INFO - Processing file /home/airflow/.local/lib/python3.8/site-packages/airflow/example_dags/example_branch_operator_decorator.py for tasks to queue
[2023-12-18T14:37:51.584+0000] {logging_mixin.py:154} INFO - [2023-12-18T14:37:51.583+0000] {dagbag.py:536} INFO - Filling up the DagBag from /home/airflow/.local/lib/python3.8/site-packages/airflow/example_dags/example_branch_operator_decorator.py
[2023-12-18T14:37:51.592+0000] {processor.py:839} INFO - DAG(s) dict_keys(['example_branch_python_operator_decorator']) retrieved from /home/airflow/.local/lib/python3.8/site-packages/airflow/example_dags/example_branch_operator_decorator.py
[2023-12-18T14:37:51.606+0000] {logging_mixin.py:154} INFO - [2023-12-18T14:37:51.605+0000] {dag.py:2941} INFO - Sync 1 DAGs
[2023-12-18T14:37:51.620+0000] {logging_mixin.py:154} INFO - [2023-12-18T14:37:51.620+0000] {dag.py:3722} INFO - Setting next_dagrun for example_branch_python_operator_decorator to 2023-12-17T00:00:00+00:00, run_after=2023-12-18T00:00:00+00:00
[2023-12-18T14:37:51.630+0000] {processor.py:179} INFO - Processing /home/airflow/.local/lib/python3.8/site-packages/airflow/example_dags/example_branch_operator_decorator.py took 0.053 seconds
[2023-12-18T14:38:22.335+0000] {processor.py:157} INFO - Started process (PID=1789) to work on /home/airflow/.local/lib/python3.8/site-packages/airflow/example_dags/example_branch_operator_decorator.py
[2023-12-18T14:38:22.336+0000] {processor.py:829} INFO - Processing file /home/airflow/.local/lib/python3.8/site-packages/airflow/example_dags/example_branch_operator_decorator.py for tasks to queue
[2023-12-18T14:38:22.338+0000] {logging_mixin.py:154} INFO - [2023-12-18T14:38:22.338+0000] {dagbag.py:536} INFO - Filling up the DagBag from /home/airflow/.local/lib/python3.8/site-packages/airflow/example_dags/example_branch_operator_decorator.py
[2023-12-18T14:38:22.344+0000] {processor.py:839} INFO - DAG(s) dict_keys(['example_branch_python_operator_decorator']) retrieved from /home/airflow/.local/lib/python3.8/site-packages/airflow/example_dags/example_branch_operator_decorator.py
[2023-12-18T14:38:22.357+0000] {logging_mixin.py:154} INFO - [2023-12-18T14:38:22.357+0000] {dag.py:2941} INFO - Sync 1 DAGs
[2023-12-18T14:38:22.371+0000] {logging_mixin.py:154} INFO - [2023-12-18T14:38:22.371+0000] {dag.py:3722} INFO - Setting next_dagrun for example_branch_python_operator_decorator to 2023-12-17T00:00:00+00:00, run_after=2023-12-18T00:00:00+00:00
[2023-12-18T14:38:22.381+0000] {processor.py:179} INFO - Processing /home/airflow/.local/lib/python3.8/site-packages/airflow/example_dags/example_branch_operator_decorator.py took 0.049 seconds
[2023-12-18T14:38:53.167+0000] {processor.py:157} INFO - Started process (PID=1858) to work on /home/airflow/.local/lib/python3.8/site-packages/airflow/example_dags/example_branch_operator_decorator.py
[2023-12-18T14:38:53.168+0000] {processor.py:829} INFO - Processing file /home/airflow/.local/lib/python3.8/site-packages/airflow/example_dags/example_branch_operator_decorator.py for tasks to queue
[2023-12-18T14:38:53.170+0000] {logging_mixin.py:154} INFO - [2023-12-18T14:38:53.169+0000] {dagbag.py:536} INFO - Filling up the DagBag from /home/airflow/.local/lib/python3.8/site-packages/airflow/example_dags/example_branch_operator_decorator.py
[2023-12-18T14:38:53.176+0000] {processor.py:839} INFO - DAG(s) dict_keys(['example_branch_python_operator_decorator']) retrieved from /home/airflow/.local/lib/python3.8/site-packages/airflow/example_dags/example_branch_operator_decorator.py
[2023-12-18T14:38:53.190+0000] {logging_mixin.py:154} INFO - [2023-12-18T14:38:53.190+0000] {dag.py:2941} INFO - Sync 1 DAGs
[2023-12-18T14:38:53.204+0000] {logging_mixin.py:154} INFO - [2023-12-18T14:38:53.204+0000] {dag.py:3722} INFO - Setting next_dagrun for example_branch_python_operator_decorator to 2023-12-17T00:00:00+00:00, run_after=2023-12-18T00:00:00+00:00
[2023-12-18T14:38:53.215+0000] {processor.py:179} INFO - Processing /home/airflow/.local/lib/python3.8/site-packages/airflow/example_dags/example_branch_operator_decorator.py took 0.049 seconds
[2023-12-18T14:39:53.799+0000] {processor.py:157} INFO - Started process (PID=57) to work on /home/airflow/.local/lib/python3.8/site-packages/airflow/example_dags/example_branch_operator_decorator.py
[2023-12-18T14:39:53.800+0000] {processor.py:829} INFO - Processing file /home/airflow/.local/lib/python3.8/site-packages/airflow/example_dags/example_branch_operator_decorator.py for tasks to queue
[2023-12-18T14:39:53.803+0000] {logging_mixin.py:154} INFO - [2023-12-18T14:39:53.802+0000] {dagbag.py:536} INFO - Filling up the DagBag from /home/airflow/.local/lib/python3.8/site-packages/airflow/example_dags/example_branch_operator_decorator.py
[2023-12-18T14:39:53.821+0000] {processor.py:839} INFO - DAG(s) dict_keys(['example_branch_python_operator_decorator']) retrieved from /home/airflow/.local/lib/python3.8/site-packages/airflow/example_dags/example_branch_operator_decorator.py
[2023-12-18T14:39:53.868+0000] {logging_mixin.py:154} INFO - [2023-12-18T14:39:53.868+0000] {dag.py:2941} INFO - Sync 1 DAGs
[2023-12-18T14:39:53.898+0000] {logging_mixin.py:154} INFO - [2023-12-18T14:39:53.898+0000] {dag.py:3722} INFO - Setting next_dagrun for example_branch_python_operator_decorator to 2023-12-17T00:00:00+00:00, run_after=2023-12-18T00:00:00+00:00
[2023-12-18T14:39:53.942+0000] {processor.py:179} INFO - Processing /home/airflow/.local/lib/python3.8/site-packages/airflow/example_dags/example_branch_operator_decorator.py took 0.147 seconds
[2023-12-18T14:40:24.087+0000] {processor.py:157} INFO - Started process (PID=126) to work on /home/airflow/.local/lib/python3.8/site-packages/airflow/example_dags/example_branch_operator_decorator.py
[2023-12-18T14:40:24.088+0000] {processor.py:829} INFO - Processing file /home/airflow/.local/lib/python3.8/site-packages/airflow/example_dags/example_branch_operator_decorator.py for tasks to queue
[2023-12-18T14:40:24.090+0000] {logging_mixin.py:154} INFO - [2023-12-18T14:40:24.090+0000] {dagbag.py:536} INFO - Filling up the DagBag from /home/airflow/.local/lib/python3.8/site-packages/airflow/example_dags/example_branch_operator_decorator.py
[2023-12-18T14:40:24.095+0000] {processor.py:839} INFO - DAG(s) dict_keys(['example_branch_python_operator_decorator']) retrieved from /home/airflow/.local/lib/python3.8/site-packages/airflow/example_dags/example_branch_operator_decorator.py
[2023-12-18T14:40:24.111+0000] {logging_mixin.py:154} INFO - [2023-12-18T14:40:24.111+0000] {dag.py:2941} INFO - Sync 1 DAGs
[2023-12-18T14:40:24.128+0000] {logging_mixin.py:154} INFO - [2023-12-18T14:40:24.127+0000] {dag.py:3722} INFO - Setting next_dagrun for example_branch_python_operator_decorator to 2023-12-17T00:00:00+00:00, run_after=2023-12-18T00:00:00+00:00
[2023-12-18T14:40:24.139+0000] {processor.py:179} INFO - Processing /home/airflow/.local/lib/python3.8/site-packages/airflow/example_dags/example_branch_operator_decorator.py took 0.053 seconds
[2023-12-18T14:40:54.391+0000] {processor.py:157} INFO - Started process (PID=195) to work on /home/airflow/.local/lib/python3.8/site-packages/airflow/example_dags/example_branch_operator_decorator.py
[2023-12-18T14:40:54.391+0000] {processor.py:829} INFO - Processing file /home/airflow/.local/lib/python3.8/site-packages/airflow/example_dags/example_branch_operator_decorator.py for tasks to queue
[2023-12-18T14:40:54.393+0000] {logging_mixin.py:154} INFO - [2023-12-18T14:40:54.393+0000] {dagbag.py:536} INFO - Filling up the DagBag from /home/airflow/.local/lib/python3.8/site-packages/airflow/example_dags/example_branch_operator_decorator.py
[2023-12-18T14:40:54.399+0000] {processor.py:839} INFO - DAG(s) dict_keys(['example_branch_python_operator_decorator']) retrieved from /home/airflow/.local/lib/python3.8/site-packages/airflow/example_dags/example_branch_operator_decorator.py
[2023-12-18T14:40:54.412+0000] {logging_mixin.py:154} INFO - [2023-12-18T14:40:54.412+0000] {dag.py:2941} INFO - Sync 1 DAGs
[2023-12-18T14:40:54.427+0000] {logging_mixin.py:154} INFO - [2023-12-18T14:40:54.426+0000] {dag.py:3722} INFO - Setting next_dagrun for example_branch_python_operator_decorator to 2023-12-17T00:00:00+00:00, run_after=2023-12-18T00:00:00+00:00
[2023-12-18T14:40:54.437+0000] {processor.py:179} INFO - Processing /home/airflow/.local/lib/python3.8/site-packages/airflow/example_dags/example_branch_operator_decorator.py took 0.049 seconds
[2023-12-18T14:41:25.223+0000] {processor.py:157} INFO - Started process (PID=264) to work on /home/airflow/.local/lib/python3.8/site-packages/airflow/example_dags/example_branch_operator_decorator.py
[2023-12-18T14:41:25.224+0000] {processor.py:829} INFO - Processing file /home/airflow/.local/lib/python3.8/site-packages/airflow/example_dags/example_branch_operator_decorator.py for tasks to queue
[2023-12-18T14:41:25.225+0000] {logging_mixin.py:154} INFO - [2023-12-18T14:41:25.225+0000] {dagbag.py:536} INFO - Filling up the DagBag from /home/airflow/.local/lib/python3.8/site-packages/airflow/example_dags/example_branch_operator_decorator.py
[2023-12-18T14:41:25.230+0000] {processor.py:839} INFO - DAG(s) dict_keys(['example_branch_python_operator_decorator']) retrieved from /home/airflow/.local/lib/python3.8/site-packages/airflow/example_dags/example_branch_operator_decorator.py
[2023-12-18T14:41:25.243+0000] {logging_mixin.py:154} INFO - [2023-12-18T14:41:25.243+0000] {dag.py:2941} INFO - Sync 1 DAGs
[2023-12-18T14:41:25.255+0000] {logging_mixin.py:154} INFO - [2023-12-18T14:41:25.255+0000] {dag.py:3722} INFO - Setting next_dagrun for example_branch_python_operator_decorator to 2023-12-17T00:00:00+00:00, run_after=2023-12-18T00:00:00+00:00
[2023-12-18T14:41:25.265+0000] {processor.py:179} INFO - Processing /home/airflow/.local/lib/python3.8/site-packages/airflow/example_dags/example_branch_operator_decorator.py took 0.044 seconds
[2023-12-18T14:41:55.993+0000] {processor.py:157} INFO - Started process (PID=334) to work on /home/airflow/.local/lib/python3.8/site-packages/airflow/example_dags/example_branch_operator_decorator.py
[2023-12-18T14:41:55.993+0000] {processor.py:829} INFO - Processing file /home/airflow/.local/lib/python3.8/site-packages/airflow/example_dags/example_branch_operator_decorator.py for tasks to queue
[2023-12-18T14:41:55.995+0000] {logging_mixin.py:154} INFO - [2023-12-18T14:41:55.994+0000] {dagbag.py:536} INFO - Filling up the DagBag from /home/airflow/.local/lib/python3.8/site-packages/airflow/example_dags/example_branch_operator_decorator.py
[2023-12-18T14:41:56.000+0000] {processor.py:839} INFO - DAG(s) dict_keys(['example_branch_python_operator_decorator']) retrieved from /home/airflow/.local/lib/python3.8/site-packages/airflow/example_dags/example_branch_operator_decorator.py
[2023-12-18T14:41:56.017+0000] {logging_mixin.py:154} INFO - [2023-12-18T14:41:56.016+0000] {dag.py:2941} INFO - Sync 1 DAGs
[2023-12-18T14:41:56.033+0000] {logging_mixin.py:154} INFO - [2023-12-18T14:41:56.033+0000] {dag.py:3722} INFO - Setting next_dagrun for example_branch_python_operator_decorator to 2023-12-17T00:00:00+00:00, run_after=2023-12-18T00:00:00+00:00
[2023-12-18T14:41:56.044+0000] {processor.py:179} INFO - Processing /home/airflow/.local/lib/python3.8/site-packages/airflow/example_dags/example_branch_operator_decorator.py took 0.054 seconds
[2023-12-18T14:42:26.903+0000] {processor.py:157} INFO - Started process (PID=403) to work on /home/airflow/.local/lib/python3.8/site-packages/airflow/example_dags/example_branch_operator_decorator.py
[2023-12-18T14:42:26.904+0000] {processor.py:829} INFO - Processing file /home/airflow/.local/lib/python3.8/site-packages/airflow/example_dags/example_branch_operator_decorator.py for tasks to queue
[2023-12-18T14:42:26.905+0000] {logging_mixin.py:154} INFO - [2023-12-18T14:42:26.905+0000] {dagbag.py:536} INFO - Filling up the DagBag from /home/airflow/.local/lib/python3.8/site-packages/airflow/example_dags/example_branch_operator_decorator.py
[2023-12-18T14:42:26.911+0000] {processor.py:839} INFO - DAG(s) dict_keys(['example_branch_python_operator_decorator']) retrieved from /home/airflow/.local/lib/python3.8/site-packages/airflow/example_dags/example_branch_operator_decorator.py
[2023-12-18T14:42:26.924+0000] {logging_mixin.py:154} INFO - [2023-12-18T14:42:26.924+0000] {dag.py:2941} INFO - Sync 1 DAGs
[2023-12-18T14:42:26.940+0000] {logging_mixin.py:154} INFO - [2023-12-18T14:42:26.940+0000] {dag.py:3722} INFO - Setting next_dagrun for example_branch_python_operator_decorator to 2023-12-17T00:00:00+00:00, run_after=2023-12-18T00:00:00+00:00
[2023-12-18T14:42:26.953+0000] {processor.py:179} INFO - Processing /home/airflow/.local/lib/python3.8/site-packages/airflow/example_dags/example_branch_operator_decorator.py took 0.052 seconds
[2023-12-18T14:42:57.186+0000] {processor.py:157} INFO - Started process (PID=472) to work on /home/airflow/.local/lib/python3.8/site-packages/airflow/example_dags/example_branch_operator_decorator.py
[2023-12-18T14:42:57.186+0000] {processor.py:829} INFO - Processing file /home/airflow/.local/lib/python3.8/site-packages/airflow/example_dags/example_branch_operator_decorator.py for tasks to queue
[2023-12-18T14:42:57.188+0000] {logging_mixin.py:154} INFO - [2023-12-18T14:42:57.188+0000] {dagbag.py:536} INFO - Filling up the DagBag from /home/airflow/.local/lib/python3.8/site-packages/airflow/example_dags/example_branch_operator_decorator.py
[2023-12-18T14:42:57.193+0000] {processor.py:839} INFO - DAG(s) dict_keys(['example_branch_python_operator_decorator']) retrieved from /home/airflow/.local/lib/python3.8/site-packages/airflow/example_dags/example_branch_operator_decorator.py
[2023-12-18T14:42:57.205+0000] {logging_mixin.py:154} INFO - [2023-12-18T14:42:57.205+0000] {dag.py:2941} INFO - Sync 1 DAGs
[2023-12-18T14:42:57.218+0000] {logging_mixin.py:154} INFO - [2023-12-18T14:42:57.218+0000] {dag.py:3722} INFO - Setting next_dagrun for example_branch_python_operator_decorator to 2023-12-17T00:00:00+00:00, run_after=2023-12-18T00:00:00+00:00
[2023-12-18T14:42:57.227+0000] {processor.py:179} INFO - Processing /home/airflow/.local/lib/python3.8/site-packages/airflow/example_dags/example_branch_operator_decorator.py took 0.043 seconds
[2023-12-18T14:44:34.084+0000] {processor.py:157} INFO - Started process (PID=55) to work on /home/airflow/.local/lib/python3.8/site-packages/airflow/example_dags/example_branch_operator_decorator.py
[2023-12-18T14:44:34.085+0000] {processor.py:829} INFO - Processing file /home/airflow/.local/lib/python3.8/site-packages/airflow/example_dags/example_branch_operator_decorator.py for tasks to queue
[2023-12-18T14:44:34.087+0000] {logging_mixin.py:154} INFO - [2023-12-18T14:44:34.087+0000] {dagbag.py:536} INFO - Filling up the DagBag from /home/airflow/.local/lib/python3.8/site-packages/airflow/example_dags/example_branch_operator_decorator.py
[2023-12-18T14:44:34.101+0000] {processor.py:839} INFO - DAG(s) dict_keys(['example_branch_python_operator_decorator']) retrieved from /home/airflow/.local/lib/python3.8/site-packages/airflow/example_dags/example_branch_operator_decorator.py
[2023-12-18T14:44:34.160+0000] {logging_mixin.py:154} INFO - [2023-12-18T14:44:34.160+0000] {dag.py:2941} INFO - Sync 1 DAGs
[2023-12-18T14:44:34.208+0000] {logging_mixin.py:154} INFO - [2023-12-18T14:44:34.208+0000] {dag.py:3722} INFO - Setting next_dagrun for example_branch_python_operator_decorator to 2023-12-17T00:00:00+00:00, run_after=2023-12-18T00:00:00+00:00
[2023-12-18T14:44:34.263+0000] {processor.py:179} INFO - Processing /home/airflow/.local/lib/python3.8/site-packages/airflow/example_dags/example_branch_operator_decorator.py took 0.182 seconds
[2023-12-18T14:45:04.637+0000] {processor.py:157} INFO - Started process (PID=124) to work on /home/airflow/.local/lib/python3.8/site-packages/airflow/example_dags/example_branch_operator_decorator.py
[2023-12-18T14:45:04.638+0000] {processor.py:829} INFO - Processing file /home/airflow/.local/lib/python3.8/site-packages/airflow/example_dags/example_branch_operator_decorator.py for tasks to queue
[2023-12-18T14:45:04.639+0000] {logging_mixin.py:154} INFO - [2023-12-18T14:45:04.639+0000] {dagbag.py:536} INFO - Filling up the DagBag from /home/airflow/.local/lib/python3.8/site-packages/airflow/example_dags/example_branch_operator_decorator.py
[2023-12-18T14:45:04.646+0000] {processor.py:839} INFO - DAG(s) dict_keys(['example_branch_python_operator_decorator']) retrieved from /home/airflow/.local/lib/python3.8/site-packages/airflow/example_dags/example_branch_operator_decorator.py
[2023-12-18T14:45:04.658+0000] {logging_mixin.py:154} INFO - [2023-12-18T14:45:04.658+0000] {dag.py:2941} INFO - Sync 1 DAGs
[2023-12-18T14:45:04.672+0000] {logging_mixin.py:154} INFO - [2023-12-18T14:45:04.672+0000] {dag.py:3722} INFO - Setting next_dagrun for example_branch_python_operator_decorator to 2023-12-17T00:00:00+00:00, run_after=2023-12-18T00:00:00+00:00
[2023-12-18T14:45:04.683+0000] {processor.py:179} INFO - Processing /home/airflow/.local/lib/python3.8/site-packages/airflow/example_dags/example_branch_operator_decorator.py took 0.047 seconds
[2023-12-18T14:45:35.013+0000] {processor.py:157} INFO - Started process (PID=193) to work on /home/airflow/.local/lib/python3.8/site-packages/airflow/example_dags/example_branch_operator_decorator.py
[2023-12-18T14:45:35.014+0000] {processor.py:829} INFO - Processing file /home/airflow/.local/lib/python3.8/site-packages/airflow/example_dags/example_branch_operator_decorator.py for tasks to queue
[2023-12-18T14:45:35.015+0000] {logging_mixin.py:154} INFO - [2023-12-18T14:45:35.015+0000] {dagbag.py:536} INFO - Filling up the DagBag from /home/airflow/.local/lib/python3.8/site-packages/airflow/example_dags/example_branch_operator_decorator.py
[2023-12-18T14:45:35.023+0000] {processor.py:839} INFO - DAG(s) dict_keys(['example_branch_python_operator_decorator']) retrieved from /home/airflow/.local/lib/python3.8/site-packages/airflow/example_dags/example_branch_operator_decorator.py
[2023-12-18T14:45:35.037+0000] {logging_mixin.py:154} INFO - [2023-12-18T14:45:35.037+0000] {dag.py:2941} INFO - Sync 1 DAGs
[2023-12-18T14:45:35.052+0000] {logging_mixin.py:154} INFO - [2023-12-18T14:45:35.052+0000] {dag.py:3722} INFO - Setting next_dagrun for example_branch_python_operator_decorator to 2023-12-17T00:00:00+00:00, run_after=2023-12-18T00:00:00+00:00
[2023-12-18T14:45:35.064+0000] {processor.py:179} INFO - Processing /home/airflow/.local/lib/python3.8/site-packages/airflow/example_dags/example_branch_operator_decorator.py took 0.052 seconds
[2023-12-18T14:46:05.138+0000] {processor.py:157} INFO - Started process (PID=262) to work on /home/airflow/.local/lib/python3.8/site-packages/airflow/example_dags/example_branch_operator_decorator.py
[2023-12-18T14:46:05.139+0000] {processor.py:829} INFO - Processing file /home/airflow/.local/lib/python3.8/site-packages/airflow/example_dags/example_branch_operator_decorator.py for tasks to queue
[2023-12-18T14:46:05.140+0000] {logging_mixin.py:154} INFO - [2023-12-18T14:46:05.140+0000] {dagbag.py:536} INFO - Filling up the DagBag from /home/airflow/.local/lib/python3.8/site-packages/airflow/example_dags/example_branch_operator_decorator.py
[2023-12-18T14:46:05.146+0000] {processor.py:839} INFO - DAG(s) dict_keys(['example_branch_python_operator_decorator']) retrieved from /home/airflow/.local/lib/python3.8/site-packages/airflow/example_dags/example_branch_operator_decorator.py
[2023-12-18T14:46:05.159+0000] {logging_mixin.py:154} INFO - [2023-12-18T14:46:05.159+0000] {dag.py:2941} INFO - Sync 1 DAGs
[2023-12-18T14:46:05.172+0000] {logging_mixin.py:154} INFO - [2023-12-18T14:46:05.172+0000] {dag.py:3722} INFO - Setting next_dagrun for example_branch_python_operator_decorator to 2023-12-17T00:00:00+00:00, run_after=2023-12-18T00:00:00+00:00
[2023-12-18T14:46:05.183+0000] {processor.py:179} INFO - Processing /home/airflow/.local/lib/python3.8/site-packages/airflow/example_dags/example_branch_operator_decorator.py took 0.047 seconds
[2023-12-18T14:46:36.014+0000] {processor.py:157} INFO - Started process (PID=331) to work on /home/airflow/.local/lib/python3.8/site-packages/airflow/example_dags/example_branch_operator_decorator.py
[2023-12-18T14:46:36.014+0000] {processor.py:829} INFO - Processing file /home/airflow/.local/lib/python3.8/site-packages/airflow/example_dags/example_branch_operator_decorator.py for tasks to queue
[2023-12-18T14:46:36.016+0000] {logging_mixin.py:154} INFO - [2023-12-18T14:46:36.016+0000] {dagbag.py:536} INFO - Filling up the DagBag from /home/airflow/.local/lib/python3.8/site-packages/airflow/example_dags/example_branch_operator_decorator.py
[2023-12-18T14:46:36.021+0000] {processor.py:839} INFO - DAG(s) dict_keys(['example_branch_python_operator_decorator']) retrieved from /home/airflow/.local/lib/python3.8/site-packages/airflow/example_dags/example_branch_operator_decorator.py
[2023-12-18T14:46:36.035+0000] {logging_mixin.py:154} INFO - [2023-12-18T14:46:36.035+0000] {dag.py:2941} INFO - Sync 1 DAGs
[2023-12-18T14:46:36.048+0000] {logging_mixin.py:154} INFO - [2023-12-18T14:46:36.048+0000] {dag.py:3722} INFO - Setting next_dagrun for example_branch_python_operator_decorator to 2023-12-17T00:00:00+00:00, run_after=2023-12-18T00:00:00+00:00
[2023-12-18T14:46:36.059+0000] {processor.py:179} INFO - Processing /home/airflow/.local/lib/python3.8/site-packages/airflow/example_dags/example_branch_operator_decorator.py took 0.047 seconds
[2023-12-18T14:47:06.817+0000] {processor.py:157} INFO - Started process (PID=400) to work on /home/airflow/.local/lib/python3.8/site-packages/airflow/example_dags/example_branch_operator_decorator.py
[2023-12-18T14:47:06.818+0000] {processor.py:829} INFO - Processing file /home/airflow/.local/lib/python3.8/site-packages/airflow/example_dags/example_branch_operator_decorator.py for tasks to queue
[2023-12-18T14:47:06.819+0000] {logging_mixin.py:154} INFO - [2023-12-18T14:47:06.819+0000] {dagbag.py:536} INFO - Filling up the DagBag from /home/airflow/.local/lib/python3.8/site-packages/airflow/example_dags/example_branch_operator_decorator.py
[2023-12-18T14:47:06.825+0000] {processor.py:839} INFO - DAG(s) dict_keys(['example_branch_python_operator_decorator']) retrieved from /home/airflow/.local/lib/python3.8/site-packages/airflow/example_dags/example_branch_operator_decorator.py
[2023-12-18T14:47:06.839+0000] {logging_mixin.py:154} INFO - [2023-12-18T14:47:06.839+0000] {dag.py:2941} INFO - Sync 1 DAGs
[2023-12-18T14:47:06.858+0000] {logging_mixin.py:154} INFO - [2023-12-18T14:47:06.857+0000] {dag.py:3722} INFO - Setting next_dagrun for example_branch_python_operator_decorator to 2023-12-17T00:00:00+00:00, run_after=2023-12-18T00:00:00+00:00
[2023-12-18T14:47:06.877+0000] {processor.py:179} INFO - Processing /home/airflow/.local/lib/python3.8/site-packages/airflow/example_dags/example_branch_operator_decorator.py took 0.062 seconds
[2023-12-18T14:47:36.926+0000] {processor.py:157} INFO - Started process (PID=469) to work on /home/airflow/.local/lib/python3.8/site-packages/airflow/example_dags/example_branch_operator_decorator.py
[2023-12-18T14:47:36.927+0000] {processor.py:829} INFO - Processing file /home/airflow/.local/lib/python3.8/site-packages/airflow/example_dags/example_branch_operator_decorator.py for tasks to queue
[2023-12-18T14:47:36.928+0000] {logging_mixin.py:154} INFO - [2023-12-18T14:47:36.928+0000] {dagbag.py:536} INFO - Filling up the DagBag from /home/airflow/.local/lib/python3.8/site-packages/airflow/example_dags/example_branch_operator_decorator.py
[2023-12-18T14:47:36.935+0000] {processor.py:839} INFO - DAG(s) dict_keys(['example_branch_python_operator_decorator']) retrieved from /home/airflow/.local/lib/python3.8/site-packages/airflow/example_dags/example_branch_operator_decorator.py
[2023-12-18T14:47:36.950+0000] {logging_mixin.py:154} INFO - [2023-12-18T14:47:36.949+0000] {dag.py:2941} INFO - Sync 1 DAGs
[2023-12-18T14:47:36.966+0000] {logging_mixin.py:154} INFO - [2023-12-18T14:47:36.966+0000] {dag.py:3722} INFO - Setting next_dagrun for example_branch_python_operator_decorator to 2023-12-17T00:00:00+00:00, run_after=2023-12-18T00:00:00+00:00
[2023-12-18T14:47:36.979+0000] {processor.py:179} INFO - Processing /home/airflow/.local/lib/python3.8/site-packages/airflow/example_dags/example_branch_operator_decorator.py took 0.055 seconds
[2023-12-18T14:48:07.254+0000] {processor.py:157} INFO - Started process (PID=539) to work on /home/airflow/.local/lib/python3.8/site-packages/airflow/example_dags/example_branch_operator_decorator.py
[2023-12-18T14:48:07.255+0000] {processor.py:829} INFO - Processing file /home/airflow/.local/lib/python3.8/site-packages/airflow/example_dags/example_branch_operator_decorator.py for tasks to queue
[2023-12-18T14:48:07.258+0000] {logging_mixin.py:154} INFO - [2023-12-18T14:48:07.257+0000] {dagbag.py:536} INFO - Filling up the DagBag from /home/airflow/.local/lib/python3.8/site-packages/airflow/example_dags/example_branch_operator_decorator.py
[2023-12-18T14:48:07.267+0000] {processor.py:839} INFO - DAG(s) dict_keys(['example_branch_python_operator_decorator']) retrieved from /home/airflow/.local/lib/python3.8/site-packages/airflow/example_dags/example_branch_operator_decorator.py
[2023-12-18T14:48:07.290+0000] {logging_mixin.py:154} INFO - [2023-12-18T14:48:07.289+0000] {dag.py:2941} INFO - Sync 1 DAGs
[2023-12-18T14:48:07.309+0000] {logging_mixin.py:154} INFO - [2023-12-18T14:48:07.308+0000] {dag.py:3722} INFO - Setting next_dagrun for example_branch_python_operator_decorator to 2023-12-17T00:00:00+00:00, run_after=2023-12-18T00:00:00+00:00
[2023-12-18T14:48:07.321+0000] {processor.py:179} INFO - Processing /home/airflow/.local/lib/python3.8/site-packages/airflow/example_dags/example_branch_operator_decorator.py took 0.070 seconds
[2023-12-18T14:48:38.148+0000] {processor.py:157} INFO - Started process (PID=609) to work on /home/airflow/.local/lib/python3.8/site-packages/airflow/example_dags/example_branch_operator_decorator.py
[2023-12-18T14:48:38.149+0000] {processor.py:829} INFO - Processing file /home/airflow/.local/lib/python3.8/site-packages/airflow/example_dags/example_branch_operator_decorator.py for tasks to queue
[2023-12-18T14:48:38.151+0000] {logging_mixin.py:154} INFO - [2023-12-18T14:48:38.150+0000] {dagbag.py:536} INFO - Filling up the DagBag from /home/airflow/.local/lib/python3.8/site-packages/airflow/example_dags/example_branch_operator_decorator.py
[2023-12-18T14:48:38.160+0000] {processor.py:839} INFO - DAG(s) dict_keys(['example_branch_python_operator_decorator']) retrieved from /home/airflow/.local/lib/python3.8/site-packages/airflow/example_dags/example_branch_operator_decorator.py
[2023-12-18T14:48:38.179+0000] {logging_mixin.py:154} INFO - [2023-12-18T14:48:38.179+0000] {dag.py:2941} INFO - Sync 1 DAGs
[2023-12-18T14:48:38.200+0000] {logging_mixin.py:154} INFO - [2023-12-18T14:48:38.200+0000] {dag.py:3722} INFO - Setting next_dagrun for example_branch_python_operator_decorator to 2023-12-17T00:00:00+00:00, run_after=2023-12-18T00:00:00+00:00
[2023-12-18T14:48:38.217+0000] {processor.py:179} INFO - Processing /home/airflow/.local/lib/python3.8/site-packages/airflow/example_dags/example_branch_operator_decorator.py took 0.071 seconds
[2023-12-18T14:52:07.174+0000] {processor.py:157} INFO - Started process (PID=56) to work on /home/airflow/.local/lib/python3.8/site-packages/airflow/example_dags/example_branch_operator_decorator.py
[2023-12-18T14:52:07.181+0000] {processor.py:829} INFO - Processing file /home/airflow/.local/lib/python3.8/site-packages/airflow/example_dags/example_branch_operator_decorator.py for tasks to queue
[2023-12-18T14:52:07.183+0000] {logging_mixin.py:154} INFO - [2023-12-18T14:52:07.183+0000] {dagbag.py:536} INFO - Filling up the DagBag from /home/airflow/.local/lib/python3.8/site-packages/airflow/example_dags/example_branch_operator_decorator.py
[2023-12-18T14:52:07.201+0000] {processor.py:839} INFO - DAG(s) dict_keys(['example_branch_python_operator_decorator']) retrieved from /home/airflow/.local/lib/python3.8/site-packages/airflow/example_dags/example_branch_operator_decorator.py
[2023-12-18T14:52:07.233+0000] {logging_mixin.py:154} INFO - [2023-12-18T14:52:07.232+0000] {dag.py:2941} INFO - Sync 1 DAGs
[2023-12-18T14:52:07.260+0000] {logging_mixin.py:154} INFO - [2023-12-18T14:52:07.260+0000] {dag.py:3722} INFO - Setting next_dagrun for example_branch_python_operator_decorator to 2023-12-17T00:00:00+00:00, run_after=2023-12-18T00:00:00+00:00
[2023-12-18T14:52:07.291+0000] {processor.py:179} INFO - Processing /home/airflow/.local/lib/python3.8/site-packages/airflow/example_dags/example_branch_operator_decorator.py took 0.122 seconds
[2023-12-18T14:52:37.882+0000] {processor.py:157} INFO - Started process (PID=125) to work on /home/airflow/.local/lib/python3.8/site-packages/airflow/example_dags/example_branch_operator_decorator.py
[2023-12-18T14:52:37.887+0000] {processor.py:829} INFO - Processing file /home/airflow/.local/lib/python3.8/site-packages/airflow/example_dags/example_branch_operator_decorator.py for tasks to queue
[2023-12-18T14:52:37.892+0000] {logging_mixin.py:154} INFO - [2023-12-18T14:52:37.891+0000] {dagbag.py:536} INFO - Filling up the DagBag from /home/airflow/.local/lib/python3.8/site-packages/airflow/example_dags/example_branch_operator_decorator.py
[2023-12-18T14:52:37.901+0000] {processor.py:839} INFO - DAG(s) dict_keys(['example_branch_python_operator_decorator']) retrieved from /home/airflow/.local/lib/python3.8/site-packages/airflow/example_dags/example_branch_operator_decorator.py
[2023-12-18T14:52:37.924+0000] {logging_mixin.py:154} INFO - [2023-12-18T14:52:37.923+0000] {dag.py:2941} INFO - Sync 1 DAGs
[2023-12-18T14:52:37.949+0000] {logging_mixin.py:154} INFO - [2023-12-18T14:52:37.949+0000] {dag.py:3722} INFO - Setting next_dagrun for example_branch_python_operator_decorator to 2023-12-17T00:00:00+00:00, run_after=2023-12-18T00:00:00+00:00
[2023-12-18T14:52:37.975+0000] {processor.py:179} INFO - Processing /home/airflow/.local/lib/python3.8/site-packages/airflow/example_dags/example_branch_operator_decorator.py took 0.100 seconds
[2023-12-18T14:53:08.351+0000] {processor.py:157} INFO - Started process (PID=195) to work on /home/airflow/.local/lib/python3.8/site-packages/airflow/example_dags/example_branch_operator_decorator.py
[2023-12-18T14:53:08.351+0000] {processor.py:829} INFO - Processing file /home/airflow/.local/lib/python3.8/site-packages/airflow/example_dags/example_branch_operator_decorator.py for tasks to queue
[2023-12-18T14:53:08.353+0000] {logging_mixin.py:154} INFO - [2023-12-18T14:53:08.352+0000] {dagbag.py:536} INFO - Filling up the DagBag from /home/airflow/.local/lib/python3.8/site-packages/airflow/example_dags/example_branch_operator_decorator.py
[2023-12-18T14:53:08.358+0000] {processor.py:839} INFO - DAG(s) dict_keys(['example_branch_python_operator_decorator']) retrieved from /home/airflow/.local/lib/python3.8/site-packages/airflow/example_dags/example_branch_operator_decorator.py
[2023-12-18T14:53:08.386+0000] {logging_mixin.py:154} INFO - [2023-12-18T14:53:08.386+0000] {dag.py:2941} INFO - Sync 1 DAGs
[2023-12-18T14:53:08.402+0000] {logging_mixin.py:154} INFO - [2023-12-18T14:53:08.402+0000] {dag.py:3722} INFO - Setting next_dagrun for example_branch_python_operator_decorator to 2023-12-17T00:00:00+00:00, run_after=2023-12-18T00:00:00+00:00
[2023-12-18T14:53:08.412+0000] {processor.py:179} INFO - Processing /home/airflow/.local/lib/python3.8/site-packages/airflow/example_dags/example_branch_operator_decorator.py took 0.064 seconds
[2023-12-18T14:53:39.210+0000] {processor.py:157} INFO - Started process (PID=264) to work on /home/airflow/.local/lib/python3.8/site-packages/airflow/example_dags/example_branch_operator_decorator.py
[2023-12-18T14:53:39.211+0000] {processor.py:829} INFO - Processing file /home/airflow/.local/lib/python3.8/site-packages/airflow/example_dags/example_branch_operator_decorator.py for tasks to queue
[2023-12-18T14:53:39.212+0000] {logging_mixin.py:154} INFO - [2023-12-18T14:53:39.212+0000] {dagbag.py:536} INFO - Filling up the DagBag from /home/airflow/.local/lib/python3.8/site-packages/airflow/example_dags/example_branch_operator_decorator.py
[2023-12-18T14:53:39.218+0000] {processor.py:839} INFO - DAG(s) dict_keys(['example_branch_python_operator_decorator']) retrieved from /home/airflow/.local/lib/python3.8/site-packages/airflow/example_dags/example_branch_operator_decorator.py
[2023-12-18T14:53:39.232+0000] {logging_mixin.py:154} INFO - [2023-12-18T14:53:39.232+0000] {dag.py:2941} INFO - Sync 1 DAGs
[2023-12-18T14:53:39.247+0000] {logging_mixin.py:154} INFO - [2023-12-18T14:53:39.246+0000] {dag.py:3722} INFO - Setting next_dagrun for example_branch_python_operator_decorator to 2023-12-17T00:00:00+00:00, run_after=2023-12-18T00:00:00+00:00
[2023-12-18T14:53:39.257+0000] {processor.py:179} INFO - Processing /home/airflow/.local/lib/python3.8/site-packages/airflow/example_dags/example_branch_operator_decorator.py took 0.049 seconds
