[2023-12-18T14:25:39.873+0000] {processor.py:157} INFO - Started process (PID=56) to work on /home/airflow/.local/lib/python3.8/site-packages/airflow/example_dags/example_skip_dag.py
[2023-12-18T14:25:39.874+0000] {processor.py:829} INFO - Processing file /home/airflow/.local/lib/python3.8/site-packages/airflow/example_dags/example_skip_dag.py for tasks to queue
[2023-12-18T14:25:39.875+0000] {logging_mixin.py:154} INFO - [2023-12-18T14:25:39.875+0000] {dagbag.py:536} INFO - Filling up the DagBag from /home/airflow/.local/lib/python3.8/site-packages/airflow/example_dags/example_skip_dag.py
[2023-12-18T14:25:39.900+0000] {processor.py:839} INFO - DAG(s) dict_keys(['example_skip_dag']) retrieved from /home/airflow/.local/lib/python3.8/site-packages/airflow/example_dags/example_skip_dag.py
[2023-12-18T14:25:39.917+0000] {logging_mixin.py:154} INFO - [2023-12-18T14:25:39.916+0000] {dag.py:2941} INFO - Sync 1 DAGs
[2023-12-18T14:25:39.953+0000] {logging_mixin.py:154} INFO - [2023-12-18T14:25:39.952+0000] {dag.py:3722} INFO - Setting next_dagrun for example_skip_dag to 2023-12-17T14:25:39.952634+00:00, run_after=2023-12-18T14:25:39.952634+00:00
[2023-12-18T14:25:39.967+0000] {processor.py:179} INFO - Processing /home/airflow/.local/lib/python3.8/site-packages/airflow/example_dags/example_skip_dag.py took 0.096 seconds
[2023-12-18T14:26:10.023+0000] {processor.py:157} INFO - Started process (PID=125) to work on /home/airflow/.local/lib/python3.8/site-packages/airflow/example_dags/example_skip_dag.py
[2023-12-18T14:26:10.024+0000] {processor.py:829} INFO - Processing file /home/airflow/.local/lib/python3.8/site-packages/airflow/example_dags/example_skip_dag.py for tasks to queue
[2023-12-18T14:26:10.026+0000] {logging_mixin.py:154} INFO - [2023-12-18T14:26:10.026+0000] {dagbag.py:536} INFO - Filling up the DagBag from /home/airflow/.local/lib/python3.8/site-packages/airflow/example_dags/example_skip_dag.py
[2023-12-18T14:26:10.032+0000] {processor.py:839} INFO - DAG(s) dict_keys(['example_skip_dag']) retrieved from /home/airflow/.local/lib/python3.8/site-packages/airflow/example_dags/example_skip_dag.py
[2023-12-18T14:26:10.052+0000] {logging_mixin.py:154} INFO - [2023-12-18T14:26:10.052+0000] {dag.py:2941} INFO - Sync 1 DAGs
[2023-12-18T14:26:10.084+0000] {logging_mixin.py:154} INFO - [2023-12-18T14:26:10.084+0000] {dag.py:3722} INFO - Setting next_dagrun for example_skip_dag to 2023-12-17T14:26:10.083030+00:00, run_after=2023-12-18T14:26:10.083030+00:00
[2023-12-18T14:26:10.098+0000] {processor.py:179} INFO - Processing /home/airflow/.local/lib/python3.8/site-packages/airflow/example_dags/example_skip_dag.py took 0.079 seconds
[2023-12-18T14:26:40.271+0000] {processor.py:157} INFO - Started process (PID=195) to work on /home/airflow/.local/lib/python3.8/site-packages/airflow/example_dags/example_skip_dag.py
[2023-12-18T14:26:40.271+0000] {processor.py:829} INFO - Processing file /home/airflow/.local/lib/python3.8/site-packages/airflow/example_dags/example_skip_dag.py for tasks to queue
[2023-12-18T14:26:40.272+0000] {logging_mixin.py:154} INFO - [2023-12-18T14:26:40.272+0000] {dagbag.py:536} INFO - Filling up the DagBag from /home/airflow/.local/lib/python3.8/site-packages/airflow/example_dags/example_skip_dag.py
[2023-12-18T14:26:40.276+0000] {processor.py:839} INFO - DAG(s) dict_keys(['example_skip_dag']) retrieved from /home/airflow/.local/lib/python3.8/site-packages/airflow/example_dags/example_skip_dag.py
[2023-12-18T14:26:40.289+0000] {logging_mixin.py:154} INFO - [2023-12-18T14:26:40.289+0000] {dag.py:2941} INFO - Sync 1 DAGs
[2023-12-18T14:26:40.301+0000] {logging_mixin.py:154} INFO - [2023-12-18T14:26:40.301+0000] {dag.py:3722} INFO - Setting next_dagrun for example_skip_dag to 2023-12-17T14:26:40.301670+00:00, run_after=2023-12-18T14:26:40.301670+00:00
[2023-12-18T14:26:40.312+0000] {processor.py:179} INFO - Processing /home/airflow/.local/lib/python3.8/site-packages/airflow/example_dags/example_skip_dag.py took 0.043 seconds
[2023-12-18T14:27:11.206+0000] {processor.py:157} INFO - Started process (PID=264) to work on /home/airflow/.local/lib/python3.8/site-packages/airflow/example_dags/example_skip_dag.py
[2023-12-18T14:27:11.206+0000] {processor.py:829} INFO - Processing file /home/airflow/.local/lib/python3.8/site-packages/airflow/example_dags/example_skip_dag.py for tasks to queue
[2023-12-18T14:27:11.208+0000] {logging_mixin.py:154} INFO - [2023-12-18T14:27:11.208+0000] {dagbag.py:536} INFO - Filling up the DagBag from /home/airflow/.local/lib/python3.8/site-packages/airflow/example_dags/example_skip_dag.py
[2023-12-18T14:27:11.211+0000] {processor.py:839} INFO - DAG(s) dict_keys(['example_skip_dag']) retrieved from /home/airflow/.local/lib/python3.8/site-packages/airflow/example_dags/example_skip_dag.py
[2023-12-18T14:27:11.224+0000] {logging_mixin.py:154} INFO - [2023-12-18T14:27:11.224+0000] {dag.py:2941} INFO - Sync 1 DAGs
[2023-12-18T14:27:11.240+0000] {logging_mixin.py:154} INFO - [2023-12-18T14:27:11.240+0000] {dag.py:3722} INFO - Setting next_dagrun for example_skip_dag to 2023-12-17T14:27:11.239979+00:00, run_after=2023-12-18T14:27:11.239979+00:00
[2023-12-18T14:27:11.252+0000] {processor.py:179} INFO - Processing /home/airflow/.local/lib/python3.8/site-packages/airflow/example_dags/example_skip_dag.py took 0.049 seconds
[2023-12-18T14:27:42.035+0000] {processor.py:157} INFO - Started process (PID=333) to work on /home/airflow/.local/lib/python3.8/site-packages/airflow/example_dags/example_skip_dag.py
[2023-12-18T14:27:42.035+0000] {processor.py:829} INFO - Processing file /home/airflow/.local/lib/python3.8/site-packages/airflow/example_dags/example_skip_dag.py for tasks to queue
[2023-12-18T14:27:42.037+0000] {logging_mixin.py:154} INFO - [2023-12-18T14:27:42.036+0000] {dagbag.py:536} INFO - Filling up the DagBag from /home/airflow/.local/lib/python3.8/site-packages/airflow/example_dags/example_skip_dag.py
[2023-12-18T14:27:42.040+0000] {processor.py:839} INFO - DAG(s) dict_keys(['example_skip_dag']) retrieved from /home/airflow/.local/lib/python3.8/site-packages/airflow/example_dags/example_skip_dag.py
[2023-12-18T14:27:42.054+0000] {logging_mixin.py:154} INFO - [2023-12-18T14:27:42.054+0000] {dag.py:2941} INFO - Sync 1 DAGs
[2023-12-18T14:27:42.082+0000] {logging_mixin.py:154} INFO - [2023-12-18T14:27:42.082+0000] {dag.py:3722} INFO - Setting next_dagrun for example_skip_dag to 2023-12-17T14:27:42.081905+00:00, run_after=2023-12-18T14:27:42.081905+00:00
[2023-12-18T14:27:42.093+0000] {processor.py:179} INFO - Processing /home/airflow/.local/lib/python3.8/site-packages/airflow/example_dags/example_skip_dag.py took 0.060 seconds
[2023-12-18T14:28:12.222+0000] {processor.py:157} INFO - Started process (PID=401) to work on /home/airflow/.local/lib/python3.8/site-packages/airflow/example_dags/example_skip_dag.py
[2023-12-18T14:28:12.222+0000] {processor.py:829} INFO - Processing file /home/airflow/.local/lib/python3.8/site-packages/airflow/example_dags/example_skip_dag.py for tasks to queue
[2023-12-18T14:28:12.223+0000] {logging_mixin.py:154} INFO - [2023-12-18T14:28:12.223+0000] {dagbag.py:536} INFO - Filling up the DagBag from /home/airflow/.local/lib/python3.8/site-packages/airflow/example_dags/example_skip_dag.py
[2023-12-18T14:28:12.227+0000] {processor.py:839} INFO - DAG(s) dict_keys(['example_skip_dag']) retrieved from /home/airflow/.local/lib/python3.8/site-packages/airflow/example_dags/example_skip_dag.py
[2023-12-18T14:28:12.240+0000] {logging_mixin.py:154} INFO - [2023-12-18T14:28:12.240+0000] {dag.py:2941} INFO - Sync 1 DAGs
[2023-12-18T14:28:12.253+0000] {logging_mixin.py:154} INFO - [2023-12-18T14:28:12.253+0000] {dag.py:3722} INFO - Setting next_dagrun for example_skip_dag to 2023-12-17T14:28:12.253466+00:00, run_after=2023-12-18T14:28:12.253466+00:00
[2023-12-18T14:28:12.263+0000] {processor.py:179} INFO - Processing /home/airflow/.local/lib/python3.8/site-packages/airflow/example_dags/example_skip_dag.py took 0.044 seconds
[2023-12-18T14:28:43.022+0000] {processor.py:157} INFO - Started process (PID=470) to work on /home/airflow/.local/lib/python3.8/site-packages/airflow/example_dags/example_skip_dag.py
[2023-12-18T14:28:43.023+0000] {processor.py:829} INFO - Processing file /home/airflow/.local/lib/python3.8/site-packages/airflow/example_dags/example_skip_dag.py for tasks to queue
[2023-12-18T14:28:43.025+0000] {logging_mixin.py:154} INFO - [2023-12-18T14:28:43.025+0000] {dagbag.py:536} INFO - Filling up the DagBag from /home/airflow/.local/lib/python3.8/site-packages/airflow/example_dags/example_skip_dag.py
[2023-12-18T14:28:43.030+0000] {processor.py:839} INFO - DAG(s) dict_keys(['example_skip_dag']) retrieved from /home/airflow/.local/lib/python3.8/site-packages/airflow/example_dags/example_skip_dag.py
[2023-12-18T14:28:43.044+0000] {logging_mixin.py:154} INFO - [2023-12-18T14:28:43.044+0000] {dag.py:2941} INFO - Sync 1 DAGs
[2023-12-18T14:28:43.059+0000] {logging_mixin.py:154} INFO - [2023-12-18T14:28:43.059+0000] {dag.py:3722} INFO - Setting next_dagrun for example_skip_dag to 2023-12-17T14:28:43.058861+00:00, run_after=2023-12-18T14:28:43.058861+00:00
[2023-12-18T14:28:43.086+0000] {processor.py:179} INFO - Processing /home/airflow/.local/lib/python3.8/site-packages/airflow/example_dags/example_skip_dag.py took 0.066 seconds
[2023-12-18T14:29:13.922+0000] {processor.py:157} INFO - Started process (PID=539) to work on /home/airflow/.local/lib/python3.8/site-packages/airflow/example_dags/example_skip_dag.py
[2023-12-18T14:29:13.922+0000] {processor.py:829} INFO - Processing file /home/airflow/.local/lib/python3.8/site-packages/airflow/example_dags/example_skip_dag.py for tasks to queue
[2023-12-18T14:29:13.925+0000] {logging_mixin.py:154} INFO - [2023-12-18T14:29:13.925+0000] {dagbag.py:536} INFO - Filling up the DagBag from /home/airflow/.local/lib/python3.8/site-packages/airflow/example_dags/example_skip_dag.py
[2023-12-18T14:29:13.929+0000] {processor.py:839} INFO - DAG(s) dict_keys(['example_skip_dag']) retrieved from /home/airflow/.local/lib/python3.8/site-packages/airflow/example_dags/example_skip_dag.py
[2023-12-18T14:29:13.943+0000] {logging_mixin.py:154} INFO - [2023-12-18T14:29:13.942+0000] {dag.py:2941} INFO - Sync 1 DAGs
[2023-12-18T14:29:13.958+0000] {logging_mixin.py:154} INFO - [2023-12-18T14:29:13.958+0000] {dag.py:3722} INFO - Setting next_dagrun for example_skip_dag to 2023-12-17T14:29:13.958395+00:00, run_after=2023-12-18T14:29:13.958395+00:00
[2023-12-18T14:29:13.990+0000] {processor.py:179} INFO - Processing /home/airflow/.local/lib/python3.8/site-packages/airflow/example_dags/example_skip_dag.py took 0.070 seconds
[2023-12-18T14:29:44.015+0000] {processor.py:157} INFO - Started process (PID=608) to work on /home/airflow/.local/lib/python3.8/site-packages/airflow/example_dags/example_skip_dag.py
[2023-12-18T14:29:44.016+0000] {processor.py:829} INFO - Processing file /home/airflow/.local/lib/python3.8/site-packages/airflow/example_dags/example_skip_dag.py for tasks to queue
[2023-12-18T14:29:44.017+0000] {logging_mixin.py:154} INFO - [2023-12-18T14:29:44.017+0000] {dagbag.py:536} INFO - Filling up the DagBag from /home/airflow/.local/lib/python3.8/site-packages/airflow/example_dags/example_skip_dag.py
[2023-12-18T14:29:44.021+0000] {processor.py:839} INFO - DAG(s) dict_keys(['example_skip_dag']) retrieved from /home/airflow/.local/lib/python3.8/site-packages/airflow/example_dags/example_skip_dag.py
[2023-12-18T14:29:44.034+0000] {logging_mixin.py:154} INFO - [2023-12-18T14:29:44.034+0000] {dag.py:2941} INFO - Sync 1 DAGs
[2023-12-18T14:29:44.047+0000] {logging_mixin.py:154} INFO - [2023-12-18T14:29:44.047+0000] {dag.py:3722} INFO - Setting next_dagrun for example_skip_dag to 2023-12-17T14:29:44.047681+00:00, run_after=2023-12-18T14:29:44.047681+00:00
[2023-12-18T14:29:44.058+0000] {processor.py:179} INFO - Processing /home/airflow/.local/lib/python3.8/site-packages/airflow/example_dags/example_skip_dag.py took 0.044 seconds
[2023-12-18T14:30:14.190+0000] {processor.py:157} INFO - Started process (PID=678) to work on /home/airflow/.local/lib/python3.8/site-packages/airflow/example_dags/example_skip_dag.py
[2023-12-18T14:30:14.191+0000] {processor.py:829} INFO - Processing file /home/airflow/.local/lib/python3.8/site-packages/airflow/example_dags/example_skip_dag.py for tasks to queue
[2023-12-18T14:30:14.192+0000] {logging_mixin.py:154} INFO - [2023-12-18T14:30:14.192+0000] {dagbag.py:536} INFO - Filling up the DagBag from /home/airflow/.local/lib/python3.8/site-packages/airflow/example_dags/example_skip_dag.py
[2023-12-18T14:30:14.196+0000] {processor.py:839} INFO - DAG(s) dict_keys(['example_skip_dag']) retrieved from /home/airflow/.local/lib/python3.8/site-packages/airflow/example_dags/example_skip_dag.py
[2023-12-18T14:30:14.209+0000] {logging_mixin.py:154} INFO - [2023-12-18T14:30:14.209+0000] {dag.py:2941} INFO - Sync 1 DAGs
[2023-12-18T14:30:14.222+0000] {logging_mixin.py:154} INFO - [2023-12-18T14:30:14.222+0000] {dag.py:3722} INFO - Setting next_dagrun for example_skip_dag to 2023-12-17T14:30:14.222163+00:00, run_after=2023-12-18T14:30:14.222163+00:00
[2023-12-18T14:30:14.233+0000] {processor.py:179} INFO - Processing /home/airflow/.local/lib/python3.8/site-packages/airflow/example_dags/example_skip_dag.py took 0.044 seconds
[2023-12-18T14:30:44.304+0000] {processor.py:157} INFO - Started process (PID=747) to work on /home/airflow/.local/lib/python3.8/site-packages/airflow/example_dags/example_skip_dag.py
[2023-12-18T14:30:44.305+0000] {processor.py:829} INFO - Processing file /home/airflow/.local/lib/python3.8/site-packages/airflow/example_dags/example_skip_dag.py for tasks to queue
[2023-12-18T14:30:44.306+0000] {logging_mixin.py:154} INFO - [2023-12-18T14:30:44.306+0000] {dagbag.py:536} INFO - Filling up the DagBag from /home/airflow/.local/lib/python3.8/site-packages/airflow/example_dags/example_skip_dag.py
[2023-12-18T14:30:44.310+0000] {processor.py:839} INFO - DAG(s) dict_keys(['example_skip_dag']) retrieved from /home/airflow/.local/lib/python3.8/site-packages/airflow/example_dags/example_skip_dag.py
[2023-12-18T14:30:44.323+0000] {logging_mixin.py:154} INFO - [2023-12-18T14:30:44.323+0000] {dag.py:2941} INFO - Sync 1 DAGs
[2023-12-18T14:30:44.336+0000] {logging_mixin.py:154} INFO - [2023-12-18T14:30:44.336+0000] {dag.py:3722} INFO - Setting next_dagrun for example_skip_dag to 2023-12-17T14:30:44.336177+00:00, run_after=2023-12-18T14:30:44.336177+00:00
[2023-12-18T14:30:44.346+0000] {processor.py:179} INFO - Processing /home/airflow/.local/lib/python3.8/site-packages/airflow/example_dags/example_skip_dag.py took 0.044 seconds
[2023-12-18T14:31:14.538+0000] {processor.py:157} INFO - Started process (PID=817) to work on /home/airflow/.local/lib/python3.8/site-packages/airflow/example_dags/example_skip_dag.py
[2023-12-18T14:31:14.538+0000] {processor.py:829} INFO - Processing file /home/airflow/.local/lib/python3.8/site-packages/airflow/example_dags/example_skip_dag.py for tasks to queue
[2023-12-18T14:31:14.540+0000] {logging_mixin.py:154} INFO - [2023-12-18T14:31:14.539+0000] {dagbag.py:536} INFO - Filling up the DagBag from /home/airflow/.local/lib/python3.8/site-packages/airflow/example_dags/example_skip_dag.py
[2023-12-18T14:31:14.543+0000] {processor.py:839} INFO - DAG(s) dict_keys(['example_skip_dag']) retrieved from /home/airflow/.local/lib/python3.8/site-packages/airflow/example_dags/example_skip_dag.py
[2023-12-18T14:31:14.556+0000] {logging_mixin.py:154} INFO - [2023-12-18T14:31:14.556+0000] {dag.py:2941} INFO - Sync 1 DAGs
[2023-12-18T14:31:14.569+0000] {logging_mixin.py:154} INFO - [2023-12-18T14:31:14.569+0000] {dag.py:3722} INFO - Setting next_dagrun for example_skip_dag to 2023-12-17T14:31:14.569169+00:00, run_after=2023-12-18T14:31:14.569169+00:00
[2023-12-18T14:31:14.579+0000] {processor.py:179} INFO - Processing /home/airflow/.local/lib/python3.8/site-packages/airflow/example_dags/example_skip_dag.py took 0.043 seconds
[2023-12-18T14:31:45.304+0000] {processor.py:157} INFO - Started process (PID=886) to work on /home/airflow/.local/lib/python3.8/site-packages/airflow/example_dags/example_skip_dag.py
[2023-12-18T14:31:45.305+0000] {processor.py:829} INFO - Processing file /home/airflow/.local/lib/python3.8/site-packages/airflow/example_dags/example_skip_dag.py for tasks to queue
[2023-12-18T14:31:45.306+0000] {logging_mixin.py:154} INFO - [2023-12-18T14:31:45.306+0000] {dagbag.py:536} INFO - Filling up the DagBag from /home/airflow/.local/lib/python3.8/site-packages/airflow/example_dags/example_skip_dag.py
[2023-12-18T14:31:45.309+0000] {processor.py:839} INFO - DAG(s) dict_keys(['example_skip_dag']) retrieved from /home/airflow/.local/lib/python3.8/site-packages/airflow/example_dags/example_skip_dag.py
[2023-12-18T14:31:45.322+0000] {logging_mixin.py:154} INFO - [2023-12-18T14:31:45.322+0000] {dag.py:2941} INFO - Sync 1 DAGs
[2023-12-18T14:31:45.336+0000] {logging_mixin.py:154} INFO - [2023-12-18T14:31:45.336+0000] {dag.py:3722} INFO - Setting next_dagrun for example_skip_dag to 2023-12-17T14:31:45.336358+00:00, run_after=2023-12-18T14:31:45.336358+00:00
[2023-12-18T14:31:45.348+0000] {processor.py:179} INFO - Processing /home/airflow/.local/lib/python3.8/site-packages/airflow/example_dags/example_skip_dag.py took 0.045 seconds
[2023-12-18T14:32:15.436+0000] {processor.py:157} INFO - Started process (PID=954) to work on /home/airflow/.local/lib/python3.8/site-packages/airflow/example_dags/example_skip_dag.py
[2023-12-18T14:32:15.436+0000] {processor.py:829} INFO - Processing file /home/airflow/.local/lib/python3.8/site-packages/airflow/example_dags/example_skip_dag.py for tasks to queue
[2023-12-18T14:32:15.437+0000] {logging_mixin.py:154} INFO - [2023-12-18T14:32:15.437+0000] {dagbag.py:536} INFO - Filling up the DagBag from /home/airflow/.local/lib/python3.8/site-packages/airflow/example_dags/example_skip_dag.py
[2023-12-18T14:32:15.441+0000] {processor.py:839} INFO - DAG(s) dict_keys(['example_skip_dag']) retrieved from /home/airflow/.local/lib/python3.8/site-packages/airflow/example_dags/example_skip_dag.py
[2023-12-18T14:32:15.454+0000] {logging_mixin.py:154} INFO - [2023-12-18T14:32:15.454+0000] {dag.py:2941} INFO - Sync 1 DAGs
[2023-12-18T14:32:15.495+0000] {logging_mixin.py:154} INFO - [2023-12-18T14:32:15.495+0000] {dag.py:3722} INFO - Setting next_dagrun for example_skip_dag to 2023-12-17T14:32:15.495223+00:00, run_after=2023-12-18T14:32:15.495223+00:00
[2023-12-18T14:32:15.506+0000] {processor.py:179} INFO - Processing /home/airflow/.local/lib/python3.8/site-packages/airflow/example_dags/example_skip_dag.py took 0.072 seconds
[2023-12-18T14:32:46.429+0000] {processor.py:157} INFO - Started process (PID=1022) to work on /home/airflow/.local/lib/python3.8/site-packages/airflow/example_dags/example_skip_dag.py
[2023-12-18T14:32:46.429+0000] {processor.py:829} INFO - Processing file /home/airflow/.local/lib/python3.8/site-packages/airflow/example_dags/example_skip_dag.py for tasks to queue
[2023-12-18T14:32:46.431+0000] {logging_mixin.py:154} INFO - [2023-12-18T14:32:46.430+0000] {dagbag.py:536} INFO - Filling up the DagBag from /home/airflow/.local/lib/python3.8/site-packages/airflow/example_dags/example_skip_dag.py
[2023-12-18T14:32:46.434+0000] {processor.py:839} INFO - DAG(s) dict_keys(['example_skip_dag']) retrieved from /home/airflow/.local/lib/python3.8/site-packages/airflow/example_dags/example_skip_dag.py
[2023-12-18T14:32:46.447+0000] {logging_mixin.py:154} INFO - [2023-12-18T14:32:46.446+0000] {dag.py:2941} INFO - Sync 1 DAGs
[2023-12-18T14:32:46.460+0000] {logging_mixin.py:154} INFO - [2023-12-18T14:32:46.459+0000] {dag.py:3722} INFO - Setting next_dagrun for example_skip_dag to 2023-12-17T14:32:46.459743+00:00, run_after=2023-12-18T14:32:46.459743+00:00
[2023-12-18T14:32:46.488+0000] {processor.py:179} INFO - Processing /home/airflow/.local/lib/python3.8/site-packages/airflow/example_dags/example_skip_dag.py took 0.061 seconds
[2023-12-18T14:33:17.158+0000] {processor.py:157} INFO - Started process (PID=1091) to work on /home/airflow/.local/lib/python3.8/site-packages/airflow/example_dags/example_skip_dag.py
[2023-12-18T14:33:17.158+0000] {processor.py:829} INFO - Processing file /home/airflow/.local/lib/python3.8/site-packages/airflow/example_dags/example_skip_dag.py for tasks to queue
[2023-12-18T14:33:17.160+0000] {logging_mixin.py:154} INFO - [2023-12-18T14:33:17.160+0000] {dagbag.py:536} INFO - Filling up the DagBag from /home/airflow/.local/lib/python3.8/site-packages/airflow/example_dags/example_skip_dag.py
[2023-12-18T14:33:17.163+0000] {processor.py:839} INFO - DAG(s) dict_keys(['example_skip_dag']) retrieved from /home/airflow/.local/lib/python3.8/site-packages/airflow/example_dags/example_skip_dag.py
[2023-12-18T14:33:17.189+0000] {logging_mixin.py:154} INFO - [2023-12-18T14:33:17.188+0000] {dag.py:2941} INFO - Sync 1 DAGs
[2023-12-18T14:33:17.203+0000] {logging_mixin.py:154} INFO - [2023-12-18T14:33:17.203+0000] {dag.py:3722} INFO - Setting next_dagrun for example_skip_dag to 2023-12-17T14:33:17.203444+00:00, run_after=2023-12-18T14:33:17.203444+00:00
[2023-12-18T14:33:17.214+0000] {processor.py:179} INFO - Processing /home/airflow/.local/lib/python3.8/site-packages/airflow/example_dags/example_skip_dag.py took 0.058 seconds
[2023-12-18T14:33:48.023+0000] {processor.py:157} INFO - Started process (PID=1167) to work on /home/airflow/.local/lib/python3.8/site-packages/airflow/example_dags/example_skip_dag.py
[2023-12-18T14:33:48.024+0000] {processor.py:829} INFO - Processing file /home/airflow/.local/lib/python3.8/site-packages/airflow/example_dags/example_skip_dag.py for tasks to queue
[2023-12-18T14:33:48.025+0000] {logging_mixin.py:154} INFO - [2023-12-18T14:33:48.025+0000] {dagbag.py:536} INFO - Filling up the DagBag from /home/airflow/.local/lib/python3.8/site-packages/airflow/example_dags/example_skip_dag.py
[2023-12-18T14:33:48.029+0000] {processor.py:839} INFO - DAG(s) dict_keys(['example_skip_dag']) retrieved from /home/airflow/.local/lib/python3.8/site-packages/airflow/example_dags/example_skip_dag.py
[2023-12-18T14:33:48.041+0000] {logging_mixin.py:154} INFO - [2023-12-18T14:33:48.041+0000] {dag.py:2941} INFO - Sync 1 DAGs
[2023-12-18T14:33:48.055+0000] {logging_mixin.py:154} INFO - [2023-12-18T14:33:48.055+0000] {dag.py:3722} INFO - Setting next_dagrun for example_skip_dag to 2023-12-17T14:33:48.055246+00:00, run_after=2023-12-18T14:33:48.055246+00:00
[2023-12-18T14:33:48.086+0000] {processor.py:179} INFO - Processing /home/airflow/.local/lib/python3.8/site-packages/airflow/example_dags/example_skip_dag.py took 0.065 seconds
[2023-12-18T14:34:18.149+0000] {processor.py:157} INFO - Started process (PID=1235) to work on /home/airflow/.local/lib/python3.8/site-packages/airflow/example_dags/example_skip_dag.py
[2023-12-18T14:34:18.149+0000] {processor.py:829} INFO - Processing file /home/airflow/.local/lib/python3.8/site-packages/airflow/example_dags/example_skip_dag.py for tasks to queue
[2023-12-18T14:34:18.151+0000] {logging_mixin.py:154} INFO - [2023-12-18T14:34:18.150+0000] {dagbag.py:536} INFO - Filling up the DagBag from /home/airflow/.local/lib/python3.8/site-packages/airflow/example_dags/example_skip_dag.py
[2023-12-18T14:34:18.154+0000] {processor.py:839} INFO - DAG(s) dict_keys(['example_skip_dag']) retrieved from /home/airflow/.local/lib/python3.8/site-packages/airflow/example_dags/example_skip_dag.py
[2023-12-18T14:34:18.197+0000] {logging_mixin.py:154} INFO - [2023-12-18T14:34:18.196+0000] {dag.py:2941} INFO - Sync 1 DAGs
[2023-12-18T14:34:18.217+0000] {logging_mixin.py:154} INFO - [2023-12-18T14:34:18.217+0000] {dag.py:3722} INFO - Setting next_dagrun for example_skip_dag to 2023-12-17T14:34:18.216889+00:00, run_after=2023-12-18T14:34:18.216889+00:00
[2023-12-18T14:34:18.231+0000] {processor.py:179} INFO - Processing /home/airflow/.local/lib/python3.8/site-packages/airflow/example_dags/example_skip_dag.py took 0.084 seconds
[2023-12-18T14:34:49.232+0000] {processor.py:157} INFO - Started process (PID=1306) to work on /home/airflow/.local/lib/python3.8/site-packages/airflow/example_dags/example_skip_dag.py
[2023-12-18T14:34:49.233+0000] {processor.py:829} INFO - Processing file /home/airflow/.local/lib/python3.8/site-packages/airflow/example_dags/example_skip_dag.py for tasks to queue
[2023-12-18T14:34:49.234+0000] {logging_mixin.py:154} INFO - [2023-12-18T14:34:49.234+0000] {dagbag.py:536} INFO - Filling up the DagBag from /home/airflow/.local/lib/python3.8/site-packages/airflow/example_dags/example_skip_dag.py
[2023-12-18T14:34:49.238+0000] {processor.py:839} INFO - DAG(s) dict_keys(['example_skip_dag']) retrieved from /home/airflow/.local/lib/python3.8/site-packages/airflow/example_dags/example_skip_dag.py
[2023-12-18T14:34:49.250+0000] {logging_mixin.py:154} INFO - [2023-12-18T14:34:49.250+0000] {dag.py:2941} INFO - Sync 1 DAGs
[2023-12-18T14:34:49.262+0000] {logging_mixin.py:154} INFO - [2023-12-18T14:34:49.262+0000] {dag.py:3722} INFO - Setting next_dagrun for example_skip_dag to 2023-12-17T14:34:49.262467+00:00, run_after=2023-12-18T14:34:49.262467+00:00
[2023-12-18T14:34:49.273+0000] {processor.py:179} INFO - Processing /home/airflow/.local/lib/python3.8/site-packages/airflow/example_dags/example_skip_dag.py took 0.042 seconds
[2023-12-18T14:35:19.382+0000] {processor.py:157} INFO - Started process (PID=1375) to work on /home/airflow/.local/lib/python3.8/site-packages/airflow/example_dags/example_skip_dag.py
[2023-12-18T14:35:19.383+0000] {processor.py:829} INFO - Processing file /home/airflow/.local/lib/python3.8/site-packages/airflow/example_dags/example_skip_dag.py for tasks to queue
[2023-12-18T14:35:19.385+0000] {logging_mixin.py:154} INFO - [2023-12-18T14:35:19.385+0000] {dagbag.py:536} INFO - Filling up the DagBag from /home/airflow/.local/lib/python3.8/site-packages/airflow/example_dags/example_skip_dag.py
[2023-12-18T14:35:19.390+0000] {processor.py:839} INFO - DAG(s) dict_keys(['example_skip_dag']) retrieved from /home/airflow/.local/lib/python3.8/site-packages/airflow/example_dags/example_skip_dag.py
[2023-12-18T14:35:19.405+0000] {logging_mixin.py:154} INFO - [2023-12-18T14:35:19.404+0000] {dag.py:2941} INFO - Sync 1 DAGs
[2023-12-18T14:35:19.420+0000] {logging_mixin.py:154} INFO - [2023-12-18T14:35:19.420+0000] {dag.py:3722} INFO - Setting next_dagrun for example_skip_dag to 2023-12-17T14:35:19.419848+00:00, run_after=2023-12-18T14:35:19.419848+00:00
[2023-12-18T14:35:19.432+0000] {processor.py:179} INFO - Processing /home/airflow/.local/lib/python3.8/site-packages/airflow/example_dags/example_skip_dag.py took 0.052 seconds
[2023-12-18T14:35:49.494+0000] {processor.py:157} INFO - Started process (PID=1443) to work on /home/airflow/.local/lib/python3.8/site-packages/airflow/example_dags/example_skip_dag.py
[2023-12-18T14:35:49.494+0000] {processor.py:829} INFO - Processing file /home/airflow/.local/lib/python3.8/site-packages/airflow/example_dags/example_skip_dag.py for tasks to queue
[2023-12-18T14:35:49.495+0000] {logging_mixin.py:154} INFO - [2023-12-18T14:35:49.495+0000] {dagbag.py:536} INFO - Filling up the DagBag from /home/airflow/.local/lib/python3.8/site-packages/airflow/example_dags/example_skip_dag.py
[2023-12-18T14:35:49.499+0000] {processor.py:839} INFO - DAG(s) dict_keys(['example_skip_dag']) retrieved from /home/airflow/.local/lib/python3.8/site-packages/airflow/example_dags/example_skip_dag.py
[2023-12-18T14:35:49.511+0000] {logging_mixin.py:154} INFO - [2023-12-18T14:35:49.511+0000] {dag.py:2941} INFO - Sync 1 DAGs
[2023-12-18T14:35:49.523+0000] {logging_mixin.py:154} INFO - [2023-12-18T14:35:49.523+0000] {dag.py:3722} INFO - Setting next_dagrun for example_skip_dag to 2023-12-17T14:35:49.523197+00:00, run_after=2023-12-18T14:35:49.523197+00:00
[2023-12-18T14:35:49.532+0000] {processor.py:179} INFO - Processing /home/airflow/.local/lib/python3.8/site-packages/airflow/example_dags/example_skip_dag.py took 0.041 seconds
[2023-12-18T14:36:19.548+0000] {processor.py:157} INFO - Started process (PID=1505) to work on /home/airflow/.local/lib/python3.8/site-packages/airflow/example_dags/example_skip_dag.py
[2023-12-18T14:36:19.548+0000] {processor.py:829} INFO - Processing file /home/airflow/.local/lib/python3.8/site-packages/airflow/example_dags/example_skip_dag.py for tasks to queue
[2023-12-18T14:36:19.550+0000] {logging_mixin.py:154} INFO - [2023-12-18T14:36:19.549+0000] {dagbag.py:536} INFO - Filling up the DagBag from /home/airflow/.local/lib/python3.8/site-packages/airflow/example_dags/example_skip_dag.py
[2023-12-18T14:36:19.553+0000] {processor.py:839} INFO - DAG(s) dict_keys(['example_skip_dag']) retrieved from /home/airflow/.local/lib/python3.8/site-packages/airflow/example_dags/example_skip_dag.py
[2023-12-18T14:36:19.568+0000] {logging_mixin.py:154} INFO - [2023-12-18T14:36:19.567+0000] {dag.py:2941} INFO - Sync 1 DAGs
[2023-12-18T14:36:19.588+0000] {logging_mixin.py:154} INFO - [2023-12-18T14:36:19.588+0000] {dag.py:3722} INFO - Setting next_dagrun for example_skip_dag to 2023-12-17T14:36:19.587824+00:00, run_after=2023-12-18T14:36:19.587824+00:00
[2023-12-18T14:36:19.600+0000] {processor.py:179} INFO - Processing /home/airflow/.local/lib/python3.8/site-packages/airflow/example_dags/example_skip_dag.py took 0.054 seconds
[2023-12-18T14:36:49.694+0000] {processor.py:157} INFO - Started process (PID=1574) to work on /home/airflow/.local/lib/python3.8/site-packages/airflow/example_dags/example_skip_dag.py
[2023-12-18T14:36:49.695+0000] {processor.py:829} INFO - Processing file /home/airflow/.local/lib/python3.8/site-packages/airflow/example_dags/example_skip_dag.py for tasks to queue
[2023-12-18T14:36:49.696+0000] {logging_mixin.py:154} INFO - [2023-12-18T14:36:49.696+0000] {dagbag.py:536} INFO - Filling up the DagBag from /home/airflow/.local/lib/python3.8/site-packages/airflow/example_dags/example_skip_dag.py
[2023-12-18T14:36:49.699+0000] {processor.py:839} INFO - DAG(s) dict_keys(['example_skip_dag']) retrieved from /home/airflow/.local/lib/python3.8/site-packages/airflow/example_dags/example_skip_dag.py
[2023-12-18T14:36:49.712+0000] {logging_mixin.py:154} INFO - [2023-12-18T14:36:49.711+0000] {dag.py:2941} INFO - Sync 1 DAGs
[2023-12-18T14:36:49.723+0000] {logging_mixin.py:154} INFO - [2023-12-18T14:36:49.723+0000] {dag.py:3722} INFO - Setting next_dagrun for example_skip_dag to 2023-12-17T14:36:49.723710+00:00, run_after=2023-12-18T14:36:49.723710+00:00
[2023-12-18T14:36:49.733+0000] {processor.py:179} INFO - Processing /home/airflow/.local/lib/python3.8/site-packages/airflow/example_dags/example_skip_dag.py took 0.040 seconds
[2023-12-18T14:37:19.767+0000] {processor.py:157} INFO - Started process (PID=1643) to work on /home/airflow/.local/lib/python3.8/site-packages/airflow/example_dags/example_skip_dag.py
[2023-12-18T14:37:19.781+0000] {processor.py:829} INFO - Processing file /home/airflow/.local/lib/python3.8/site-packages/airflow/example_dags/example_skip_dag.py for tasks to queue
[2023-12-18T14:37:19.783+0000] {logging_mixin.py:154} INFO - [2023-12-18T14:37:19.783+0000] {dagbag.py:536} INFO - Filling up the DagBag from /home/airflow/.local/lib/python3.8/site-packages/airflow/example_dags/example_skip_dag.py
[2023-12-18T14:37:19.787+0000] {processor.py:839} INFO - DAG(s) dict_keys(['example_skip_dag']) retrieved from /home/airflow/.local/lib/python3.8/site-packages/airflow/example_dags/example_skip_dag.py
[2023-12-18T14:37:19.799+0000] {logging_mixin.py:154} INFO - [2023-12-18T14:37:19.799+0000] {dag.py:2941} INFO - Sync 1 DAGs
[2023-12-18T14:37:19.811+0000] {logging_mixin.py:154} INFO - [2023-12-18T14:37:19.811+0000] {dag.py:3722} INFO - Setting next_dagrun for example_skip_dag to 2023-12-17T14:37:19.810874+00:00, run_after=2023-12-18T14:37:19.810874+00:00
[2023-12-18T14:37:19.820+0000] {processor.py:179} INFO - Processing /home/airflow/.local/lib/python3.8/site-packages/airflow/example_dags/example_skip_dag.py took 0.055 seconds
[2023-12-18T14:37:50.535+0000] {processor.py:157} INFO - Started process (PID=1712) to work on /home/airflow/.local/lib/python3.8/site-packages/airflow/example_dags/example_skip_dag.py
[2023-12-18T14:37:50.536+0000] {processor.py:829} INFO - Processing file /home/airflow/.local/lib/python3.8/site-packages/airflow/example_dags/example_skip_dag.py for tasks to queue
[2023-12-18T14:37:50.537+0000] {logging_mixin.py:154} INFO - [2023-12-18T14:37:50.537+0000] {dagbag.py:536} INFO - Filling up the DagBag from /home/airflow/.local/lib/python3.8/site-packages/airflow/example_dags/example_skip_dag.py
[2023-12-18T14:37:50.545+0000] {processor.py:839} INFO - DAG(s) dict_keys(['example_skip_dag']) retrieved from /home/airflow/.local/lib/python3.8/site-packages/airflow/example_dags/example_skip_dag.py
[2023-12-18T14:37:50.584+0000] {logging_mixin.py:154} INFO - [2023-12-18T14:37:50.584+0000] {dag.py:2941} INFO - Sync 1 DAGs
[2023-12-18T14:37:50.597+0000] {logging_mixin.py:154} INFO - [2023-12-18T14:37:50.596+0000] {dag.py:3722} INFO - Setting next_dagrun for example_skip_dag to 2023-12-17T14:37:50.596745+00:00, run_after=2023-12-18T14:37:50.596745+00:00
[2023-12-18T14:37:50.606+0000] {processor.py:179} INFO - Processing /home/airflow/.local/lib/python3.8/site-packages/airflow/example_dags/example_skip_dag.py took 0.072 seconds
[2023-12-18T14:38:21.271+0000] {processor.py:157} INFO - Started process (PID=1788) to work on /home/airflow/.local/lib/python3.8/site-packages/airflow/example_dags/example_skip_dag.py
[2023-12-18T14:38:21.271+0000] {processor.py:829} INFO - Processing file /home/airflow/.local/lib/python3.8/site-packages/airflow/example_dags/example_skip_dag.py for tasks to queue
[2023-12-18T14:38:21.273+0000] {logging_mixin.py:154} INFO - [2023-12-18T14:38:21.272+0000] {dagbag.py:536} INFO - Filling up the DagBag from /home/airflow/.local/lib/python3.8/site-packages/airflow/example_dags/example_skip_dag.py
[2023-12-18T14:38:21.276+0000] {processor.py:839} INFO - DAG(s) dict_keys(['example_skip_dag']) retrieved from /home/airflow/.local/lib/python3.8/site-packages/airflow/example_dags/example_skip_dag.py
[2023-12-18T14:38:21.289+0000] {logging_mixin.py:154} INFO - [2023-12-18T14:38:21.288+0000] {dag.py:2941} INFO - Sync 1 DAGs
[2023-12-18T14:38:21.301+0000] {logging_mixin.py:154} INFO - [2023-12-18T14:38:21.301+0000] {dag.py:3722} INFO - Setting next_dagrun for example_skip_dag to 2023-12-17T14:38:21.301232+00:00, run_after=2023-12-18T14:38:21.301232+00:00
[2023-12-18T14:38:21.312+0000] {processor.py:179} INFO - Processing /home/airflow/.local/lib/python3.8/site-packages/airflow/example_dags/example_skip_dag.py took 0.043 seconds
[2023-12-18T14:38:52.109+0000] {processor.py:157} INFO - Started process (PID=1857) to work on /home/airflow/.local/lib/python3.8/site-packages/airflow/example_dags/example_skip_dag.py
[2023-12-18T14:38:52.110+0000] {processor.py:829} INFO - Processing file /home/airflow/.local/lib/python3.8/site-packages/airflow/example_dags/example_skip_dag.py for tasks to queue
[2023-12-18T14:38:52.111+0000] {logging_mixin.py:154} INFO - [2023-12-18T14:38:52.111+0000] {dagbag.py:536} INFO - Filling up the DagBag from /home/airflow/.local/lib/python3.8/site-packages/airflow/example_dags/example_skip_dag.py
[2023-12-18T14:38:52.116+0000] {processor.py:839} INFO - DAG(s) dict_keys(['example_skip_dag']) retrieved from /home/airflow/.local/lib/python3.8/site-packages/airflow/example_dags/example_skip_dag.py
[2023-12-18T14:38:52.131+0000] {logging_mixin.py:154} INFO - [2023-12-18T14:38:52.131+0000] {dag.py:2941} INFO - Sync 1 DAGs
[2023-12-18T14:38:52.145+0000] {logging_mixin.py:154} INFO - [2023-12-18T14:38:52.145+0000] {dag.py:3722} INFO - Setting next_dagrun for example_skip_dag to 2023-12-17T14:38:52.145020+00:00, run_after=2023-12-18T14:38:52.145020+00:00
[2023-12-18T14:38:52.156+0000] {processor.py:179} INFO - Processing /home/airflow/.local/lib/python3.8/site-packages/airflow/example_dags/example_skip_dag.py took 0.050 seconds
[2023-12-18T14:39:53.799+0000] {processor.py:157} INFO - Started process (PID=56) to work on /home/airflow/.local/lib/python3.8/site-packages/airflow/example_dags/example_skip_dag.py
[2023-12-18T14:39:53.801+0000] {processor.py:829} INFO - Processing file /home/airflow/.local/lib/python3.8/site-packages/airflow/example_dags/example_skip_dag.py for tasks to queue
[2023-12-18T14:39:53.803+0000] {logging_mixin.py:154} INFO - [2023-12-18T14:39:53.803+0000] {dagbag.py:536} INFO - Filling up the DagBag from /home/airflow/.local/lib/python3.8/site-packages/airflow/example_dags/example_skip_dag.py
[2023-12-18T14:39:53.815+0000] {processor.py:839} INFO - DAG(s) dict_keys(['example_skip_dag']) retrieved from /home/airflow/.local/lib/python3.8/site-packages/airflow/example_dags/example_skip_dag.py
[2023-12-18T14:39:53.856+0000] {logging_mixin.py:154} INFO - [2023-12-18T14:39:53.855+0000] {dag.py:2941} INFO - Sync 1 DAGs
[2023-12-18T14:39:53.887+0000] {logging_mixin.py:154} INFO - [2023-12-18T14:39:53.887+0000] {dag.py:3722} INFO - Setting next_dagrun for example_skip_dag to 2023-12-17T14:39:53.887102+00:00, run_after=2023-12-18T14:39:53.887102+00:00
[2023-12-18T14:39:53.920+0000] {processor.py:179} INFO - Processing /home/airflow/.local/lib/python3.8/site-packages/airflow/example_dags/example_skip_dag.py took 0.124 seconds
[2023-12-18T14:40:24.034+0000] {processor.py:157} INFO - Started process (PID=125) to work on /home/airflow/.local/lib/python3.8/site-packages/airflow/example_dags/example_skip_dag.py
[2023-12-18T14:40:24.035+0000] {processor.py:829} INFO - Processing file /home/airflow/.local/lib/python3.8/site-packages/airflow/example_dags/example_skip_dag.py for tasks to queue
[2023-12-18T14:40:24.038+0000] {logging_mixin.py:154} INFO - [2023-12-18T14:40:24.038+0000] {dagbag.py:536} INFO - Filling up the DagBag from /home/airflow/.local/lib/python3.8/site-packages/airflow/example_dags/example_skip_dag.py
[2023-12-18T14:40:24.044+0000] {processor.py:839} INFO - DAG(s) dict_keys(['example_skip_dag']) retrieved from /home/airflow/.local/lib/python3.8/site-packages/airflow/example_dags/example_skip_dag.py
[2023-12-18T14:40:24.060+0000] {logging_mixin.py:154} INFO - [2023-12-18T14:40:24.060+0000] {dag.py:2941} INFO - Sync 1 DAGs
[2023-12-18T14:40:24.089+0000] {logging_mixin.py:154} INFO - [2023-12-18T14:40:24.089+0000] {dag.py:3722} INFO - Setting next_dagrun for example_skip_dag to 2023-12-17T14:40:24.089560+00:00, run_after=2023-12-18T14:40:24.089560+00:00
[2023-12-18T14:40:24.102+0000] {processor.py:179} INFO - Processing /home/airflow/.local/lib/python3.8/site-packages/airflow/example_dags/example_skip_dag.py took 0.070 seconds
[2023-12-18T14:40:54.330+0000] {processor.py:157} INFO - Started process (PID=194) to work on /home/airflow/.local/lib/python3.8/site-packages/airflow/example_dags/example_skip_dag.py
[2023-12-18T14:40:54.330+0000] {processor.py:829} INFO - Processing file /home/airflow/.local/lib/python3.8/site-packages/airflow/example_dags/example_skip_dag.py for tasks to queue
[2023-12-18T14:40:54.332+0000] {logging_mixin.py:154} INFO - [2023-12-18T14:40:54.332+0000] {dagbag.py:536} INFO - Filling up the DagBag from /home/airflow/.local/lib/python3.8/site-packages/airflow/example_dags/example_skip_dag.py
[2023-12-18T14:40:54.335+0000] {processor.py:839} INFO - DAG(s) dict_keys(['example_skip_dag']) retrieved from /home/airflow/.local/lib/python3.8/site-packages/airflow/example_dags/example_skip_dag.py
[2023-12-18T14:40:54.348+0000] {logging_mixin.py:154} INFO - [2023-12-18T14:40:54.348+0000] {dag.py:2941} INFO - Sync 1 DAGs
[2023-12-18T14:40:54.360+0000] {logging_mixin.py:154} INFO - [2023-12-18T14:40:54.360+0000] {dag.py:3722} INFO - Setting next_dagrun for example_skip_dag to 2023-12-17T14:40:54.360693+00:00, run_after=2023-12-18T14:40:54.360693+00:00
[2023-12-18T14:40:54.391+0000] {processor.py:179} INFO - Processing /home/airflow/.local/lib/python3.8/site-packages/airflow/example_dags/example_skip_dag.py took 0.064 seconds
[2023-12-18T14:41:25.174+0000] {processor.py:157} INFO - Started process (PID=263) to work on /home/airflow/.local/lib/python3.8/site-packages/airflow/example_dags/example_skip_dag.py
[2023-12-18T14:41:25.174+0000] {processor.py:829} INFO - Processing file /home/airflow/.local/lib/python3.8/site-packages/airflow/example_dags/example_skip_dag.py for tasks to queue
[2023-12-18T14:41:25.175+0000] {logging_mixin.py:154} INFO - [2023-12-18T14:41:25.175+0000] {dagbag.py:536} INFO - Filling up the DagBag from /home/airflow/.local/lib/python3.8/site-packages/airflow/example_dags/example_skip_dag.py
[2023-12-18T14:41:25.179+0000] {processor.py:839} INFO - DAG(s) dict_keys(['example_skip_dag']) retrieved from /home/airflow/.local/lib/python3.8/site-packages/airflow/example_dags/example_skip_dag.py
[2023-12-18T14:41:25.191+0000] {logging_mixin.py:154} INFO - [2023-12-18T14:41:25.191+0000] {dag.py:2941} INFO - Sync 1 DAGs
[2023-12-18T14:41:25.204+0000] {logging_mixin.py:154} INFO - [2023-12-18T14:41:25.204+0000] {dag.py:3722} INFO - Setting next_dagrun for example_skip_dag to 2023-12-17T14:41:25.204592+00:00, run_after=2023-12-18T14:41:25.204592+00:00
[2023-12-18T14:41:25.215+0000] {processor.py:179} INFO - Processing /home/airflow/.local/lib/python3.8/site-packages/airflow/example_dags/example_skip_dag.py took 0.043 seconds
[2023-12-18T14:41:55.957+0000] {processor.py:157} INFO - Started process (PID=333) to work on /home/airflow/.local/lib/python3.8/site-packages/airflow/example_dags/example_skip_dag.py
[2023-12-18T14:41:55.958+0000] {processor.py:829} INFO - Processing file /home/airflow/.local/lib/python3.8/site-packages/airflow/example_dags/example_skip_dag.py for tasks to queue
[2023-12-18T14:41:55.959+0000] {logging_mixin.py:154} INFO - [2023-12-18T14:41:55.959+0000] {dagbag.py:536} INFO - Filling up the DagBag from /home/airflow/.local/lib/python3.8/site-packages/airflow/example_dags/example_skip_dag.py
[2023-12-18T14:41:55.962+0000] {processor.py:839} INFO - DAG(s) dict_keys(['example_skip_dag']) retrieved from /home/airflow/.local/lib/python3.8/site-packages/airflow/example_dags/example_skip_dag.py
[2023-12-18T14:41:55.983+0000] {logging_mixin.py:154} INFO - [2023-12-18T14:41:55.983+0000] {dag.py:2941} INFO - Sync 1 DAGs
[2023-12-18T14:41:55.998+0000] {logging_mixin.py:154} INFO - [2023-12-18T14:41:55.998+0000] {dag.py:3722} INFO - Setting next_dagrun for example_skip_dag to 2023-12-17T14:41:55.998616+00:00, run_after=2023-12-18T14:41:55.998616+00:00
[2023-12-18T14:41:56.012+0000] {processor.py:179} INFO - Processing /home/airflow/.local/lib/python3.8/site-packages/airflow/example_dags/example_skip_dag.py took 0.057 seconds
[2023-12-18T14:42:26.855+0000] {processor.py:157} INFO - Started process (PID=402) to work on /home/airflow/.local/lib/python3.8/site-packages/airflow/example_dags/example_skip_dag.py
[2023-12-18T14:42:26.856+0000] {processor.py:829} INFO - Processing file /home/airflow/.local/lib/python3.8/site-packages/airflow/example_dags/example_skip_dag.py for tasks to queue
[2023-12-18T14:42:26.857+0000] {logging_mixin.py:154} INFO - [2023-12-18T14:42:26.857+0000] {dagbag.py:536} INFO - Filling up the DagBag from /home/airflow/.local/lib/python3.8/site-packages/airflow/example_dags/example_skip_dag.py
[2023-12-18T14:42:26.860+0000] {processor.py:839} INFO - DAG(s) dict_keys(['example_skip_dag']) retrieved from /home/airflow/.local/lib/python3.8/site-packages/airflow/example_dags/example_skip_dag.py
[2023-12-18T14:42:26.894+0000] {logging_mixin.py:154} INFO - [2023-12-18T14:42:26.894+0000] {dag.py:2941} INFO - Sync 1 DAGs
[2023-12-18T14:42:26.907+0000] {logging_mixin.py:154} INFO - [2023-12-18T14:42:26.907+0000] {dag.py:3722} INFO - Setting next_dagrun for example_skip_dag to 2023-12-17T14:42:26.907664+00:00, run_after=2023-12-18T14:42:26.907664+00:00
[2023-12-18T14:42:26.918+0000] {processor.py:179} INFO - Processing /home/airflow/.local/lib/python3.8/site-packages/airflow/example_dags/example_skip_dag.py took 0.065 seconds
[2023-12-18T14:42:57.135+0000] {processor.py:157} INFO - Started process (PID=471) to work on /home/airflow/.local/lib/python3.8/site-packages/airflow/example_dags/example_skip_dag.py
[2023-12-18T14:42:57.136+0000] {processor.py:829} INFO - Processing file /home/airflow/.local/lib/python3.8/site-packages/airflow/example_dags/example_skip_dag.py for tasks to queue
[2023-12-18T14:42:57.137+0000] {logging_mixin.py:154} INFO - [2023-12-18T14:42:57.137+0000] {dagbag.py:536} INFO - Filling up the DagBag from /home/airflow/.local/lib/python3.8/site-packages/airflow/example_dags/example_skip_dag.py
[2023-12-18T14:42:57.141+0000] {processor.py:839} INFO - DAG(s) dict_keys(['example_skip_dag']) retrieved from /home/airflow/.local/lib/python3.8/site-packages/airflow/example_dags/example_skip_dag.py
[2023-12-18T14:42:57.153+0000] {logging_mixin.py:154} INFO - [2023-12-18T14:42:57.153+0000] {dag.py:2941} INFO - Sync 1 DAGs
[2023-12-18T14:42:57.166+0000] {logging_mixin.py:154} INFO - [2023-12-18T14:42:57.166+0000] {dag.py:3722} INFO - Setting next_dagrun for example_skip_dag to 2023-12-17T14:42:57.166418+00:00, run_after=2023-12-18T14:42:57.166418+00:00
[2023-12-18T14:42:57.177+0000] {processor.py:179} INFO - Processing /home/airflow/.local/lib/python3.8/site-packages/airflow/example_dags/example_skip_dag.py took 0.043 seconds
[2023-12-18T14:44:33.967+0000] {processor.py:157} INFO - Started process (PID=54) to work on /home/airflow/.local/lib/python3.8/site-packages/airflow/example_dags/example_skip_dag.py
[2023-12-18T14:44:33.968+0000] {processor.py:829} INFO - Processing file /home/airflow/.local/lib/python3.8/site-packages/airflow/example_dags/example_skip_dag.py for tasks to queue
[2023-12-18T14:44:33.970+0000] {logging_mixin.py:154} INFO - [2023-12-18T14:44:33.970+0000] {dagbag.py:536} INFO - Filling up the DagBag from /home/airflow/.local/lib/python3.8/site-packages/airflow/example_dags/example_skip_dag.py
[2023-12-18T14:44:33.979+0000] {processor.py:839} INFO - DAG(s) dict_keys(['example_skip_dag']) retrieved from /home/airflow/.local/lib/python3.8/site-packages/airflow/example_dags/example_skip_dag.py
[2023-12-18T14:44:34.025+0000] {logging_mixin.py:154} INFO - [2023-12-18T14:44:34.025+0000] {dag.py:2941} INFO - Sync 1 DAGs
[2023-12-18T14:44:34.055+0000] {logging_mixin.py:154} INFO - [2023-12-18T14:44:34.055+0000] {dag.py:3722} INFO - Setting next_dagrun for example_skip_dag to 2023-12-17T14:44:34.055069+00:00, run_after=2023-12-18T14:44:34.055069+00:00
[2023-12-18T14:44:34.076+0000] {processor.py:179} INFO - Processing /home/airflow/.local/lib/python3.8/site-packages/airflow/example_dags/example_skip_dag.py took 0.111 seconds
[2023-12-18T14:45:04.633+0000] {processor.py:157} INFO - Started process (PID=123) to work on /home/airflow/.local/lib/python3.8/site-packages/airflow/example_dags/example_skip_dag.py
[2023-12-18T14:45:04.634+0000] {processor.py:829} INFO - Processing file /home/airflow/.local/lib/python3.8/site-packages/airflow/example_dags/example_skip_dag.py for tasks to queue
[2023-12-18T14:45:04.635+0000] {logging_mixin.py:154} INFO - [2023-12-18T14:45:04.635+0000] {dagbag.py:536} INFO - Filling up the DagBag from /home/airflow/.local/lib/python3.8/site-packages/airflow/example_dags/example_skip_dag.py
[2023-12-18T14:45:04.638+0000] {processor.py:839} INFO - DAG(s) dict_keys(['example_skip_dag']) retrieved from /home/airflow/.local/lib/python3.8/site-packages/airflow/example_dags/example_skip_dag.py
[2023-12-18T14:45:04.652+0000] {logging_mixin.py:154} INFO - [2023-12-18T14:45:04.652+0000] {dag.py:2941} INFO - Sync 1 DAGs
[2023-12-18T14:45:04.665+0000] {logging_mixin.py:154} INFO - [2023-12-18T14:45:04.664+0000] {dag.py:3722} INFO - Setting next_dagrun for example_skip_dag to 2023-12-17T14:45:04.664826+00:00, run_after=2023-12-18T14:45:04.664826+00:00
[2023-12-18T14:45:04.675+0000] {processor.py:179} INFO - Processing /home/airflow/.local/lib/python3.8/site-packages/airflow/example_dags/example_skip_dag.py took 0.044 seconds
[2023-12-18T14:45:35.009+0000] {processor.py:157} INFO - Started process (PID=192) to work on /home/airflow/.local/lib/python3.8/site-packages/airflow/example_dags/example_skip_dag.py
[2023-12-18T14:45:35.009+0000] {processor.py:829} INFO - Processing file /home/airflow/.local/lib/python3.8/site-packages/airflow/example_dags/example_skip_dag.py for tasks to queue
[2023-12-18T14:45:35.011+0000] {logging_mixin.py:154} INFO - [2023-12-18T14:45:35.011+0000] {dagbag.py:536} INFO - Filling up the DagBag from /home/airflow/.local/lib/python3.8/site-packages/airflow/example_dags/example_skip_dag.py
[2023-12-18T14:45:35.015+0000] {processor.py:839} INFO - DAG(s) dict_keys(['example_skip_dag']) retrieved from /home/airflow/.local/lib/python3.8/site-packages/airflow/example_dags/example_skip_dag.py
[2023-12-18T14:45:35.028+0000] {logging_mixin.py:154} INFO - [2023-12-18T14:45:35.028+0000] {dag.py:2941} INFO - Sync 1 DAGs
[2023-12-18T14:45:35.043+0000] {logging_mixin.py:154} INFO - [2023-12-18T14:45:35.042+0000] {dag.py:3722} INFO - Setting next_dagrun for example_skip_dag to 2023-12-17T14:45:35.042757+00:00, run_after=2023-12-18T14:45:35.042757+00:00
[2023-12-18T14:45:35.054+0000] {processor.py:179} INFO - Processing /home/airflow/.local/lib/python3.8/site-packages/airflow/example_dags/example_skip_dag.py took 0.047 seconds
[2023-12-18T14:46:05.134+0000] {processor.py:157} INFO - Started process (PID=261) to work on /home/airflow/.local/lib/python3.8/site-packages/airflow/example_dags/example_skip_dag.py
[2023-12-18T14:46:05.135+0000] {processor.py:829} INFO - Processing file /home/airflow/.local/lib/python3.8/site-packages/airflow/example_dags/example_skip_dag.py for tasks to queue
[2023-12-18T14:46:05.136+0000] {logging_mixin.py:154} INFO - [2023-12-18T14:46:05.136+0000] {dagbag.py:536} INFO - Filling up the DagBag from /home/airflow/.local/lib/python3.8/site-packages/airflow/example_dags/example_skip_dag.py
[2023-12-18T14:46:05.139+0000] {processor.py:839} INFO - DAG(s) dict_keys(['example_skip_dag']) retrieved from /home/airflow/.local/lib/python3.8/site-packages/airflow/example_dags/example_skip_dag.py
[2023-12-18T14:46:05.153+0000] {logging_mixin.py:154} INFO - [2023-12-18T14:46:05.152+0000] {dag.py:2941} INFO - Sync 1 DAGs
[2023-12-18T14:46:05.166+0000] {logging_mixin.py:154} INFO - [2023-12-18T14:46:05.165+0000] {dag.py:3722} INFO - Setting next_dagrun for example_skip_dag to 2023-12-17T14:46:05.165720+00:00, run_after=2023-12-18T14:46:05.165720+00:00
[2023-12-18T14:46:05.177+0000] {processor.py:179} INFO - Processing /home/airflow/.local/lib/python3.8/site-packages/airflow/example_dags/example_skip_dag.py took 0.045 seconds
[2023-12-18T14:46:35.966+0000] {processor.py:157} INFO - Started process (PID=330) to work on /home/airflow/.local/lib/python3.8/site-packages/airflow/example_dags/example_skip_dag.py
[2023-12-18T14:46:35.966+0000] {processor.py:829} INFO - Processing file /home/airflow/.local/lib/python3.8/site-packages/airflow/example_dags/example_skip_dag.py for tasks to queue
[2023-12-18T14:46:35.968+0000] {logging_mixin.py:154} INFO - [2023-12-18T14:46:35.968+0000] {dagbag.py:536} INFO - Filling up the DagBag from /home/airflow/.local/lib/python3.8/site-packages/airflow/example_dags/example_skip_dag.py
[2023-12-18T14:46:35.971+0000] {processor.py:839} INFO - DAG(s) dict_keys(['example_skip_dag']) retrieved from /home/airflow/.local/lib/python3.8/site-packages/airflow/example_dags/example_skip_dag.py
[2023-12-18T14:46:35.987+0000] {logging_mixin.py:154} INFO - [2023-12-18T14:46:35.987+0000] {dag.py:2941} INFO - Sync 1 DAGs
[2023-12-18T14:46:36.000+0000] {logging_mixin.py:154} INFO - [2023-12-18T14:46:36.000+0000] {dag.py:3722} INFO - Setting next_dagrun for example_skip_dag to 2023-12-17T14:46:36.000408+00:00, run_after=2023-12-18T14:46:36.000408+00:00
[2023-12-18T14:46:36.012+0000] {processor.py:179} INFO - Processing /home/airflow/.local/lib/python3.8/site-packages/airflow/example_dags/example_skip_dag.py took 0.049 seconds
[2023-12-18T14:47:06.812+0000] {processor.py:157} INFO - Started process (PID=399) to work on /home/airflow/.local/lib/python3.8/site-packages/airflow/example_dags/example_skip_dag.py
[2023-12-18T14:47:06.813+0000] {processor.py:829} INFO - Processing file /home/airflow/.local/lib/python3.8/site-packages/airflow/example_dags/example_skip_dag.py for tasks to queue
[2023-12-18T14:47:06.814+0000] {logging_mixin.py:154} INFO - [2023-12-18T14:47:06.814+0000] {dagbag.py:536} INFO - Filling up the DagBag from /home/airflow/.local/lib/python3.8/site-packages/airflow/example_dags/example_skip_dag.py
[2023-12-18T14:47:06.818+0000] {processor.py:839} INFO - DAG(s) dict_keys(['example_skip_dag']) retrieved from /home/airflow/.local/lib/python3.8/site-packages/airflow/example_dags/example_skip_dag.py
[2023-12-18T14:47:06.832+0000] {logging_mixin.py:154} INFO - [2023-12-18T14:47:06.832+0000] {dag.py:2941} INFO - Sync 1 DAGs
[2023-12-18T14:47:06.848+0000] {logging_mixin.py:154} INFO - [2023-12-18T14:47:06.847+0000] {dag.py:3722} INFO - Setting next_dagrun for example_skip_dag to 2023-12-17T14:47:06.847801+00:00, run_after=2023-12-18T14:47:06.847801+00:00
[2023-12-18T14:47:06.864+0000] {processor.py:179} INFO - Processing /home/airflow/.local/lib/python3.8/site-packages/airflow/example_dags/example_skip_dag.py took 0.054 seconds
[2023-12-18T14:47:36.921+0000] {processor.py:157} INFO - Started process (PID=468) to work on /home/airflow/.local/lib/python3.8/site-packages/airflow/example_dags/example_skip_dag.py
[2023-12-18T14:47:36.922+0000] {processor.py:829} INFO - Processing file /home/airflow/.local/lib/python3.8/site-packages/airflow/example_dags/example_skip_dag.py for tasks to queue
[2023-12-18T14:47:36.923+0000] {logging_mixin.py:154} INFO - [2023-12-18T14:47:36.923+0000] {dagbag.py:536} INFO - Filling up the DagBag from /home/airflow/.local/lib/python3.8/site-packages/airflow/example_dags/example_skip_dag.py
[2023-12-18T14:47:36.927+0000] {processor.py:839} INFO - DAG(s) dict_keys(['example_skip_dag']) retrieved from /home/airflow/.local/lib/python3.8/site-packages/airflow/example_dags/example_skip_dag.py
[2023-12-18T14:47:36.941+0000] {logging_mixin.py:154} INFO - [2023-12-18T14:47:36.941+0000] {dag.py:2941} INFO - Sync 1 DAGs
[2023-12-18T14:47:36.957+0000] {logging_mixin.py:154} INFO - [2023-12-18T14:47:36.957+0000] {dag.py:3722} INFO - Setting next_dagrun for example_skip_dag to 2023-12-17T14:47:36.957062+00:00, run_after=2023-12-18T14:47:36.957062+00:00
[2023-12-18T14:47:36.968+0000] {processor.py:179} INFO - Processing /home/airflow/.local/lib/python3.8/site-packages/airflow/example_dags/example_skip_dag.py took 0.049 seconds
[2023-12-18T14:48:07.132+0000] {processor.py:157} INFO - Started process (PID=538) to work on /home/airflow/.local/lib/python3.8/site-packages/airflow/example_dags/example_skip_dag.py
[2023-12-18T14:48:07.132+0000] {processor.py:829} INFO - Processing file /home/airflow/.local/lib/python3.8/site-packages/airflow/example_dags/example_skip_dag.py for tasks to queue
[2023-12-18T14:48:07.134+0000] {logging_mixin.py:154} INFO - [2023-12-18T14:48:07.134+0000] {dagbag.py:536} INFO - Filling up the DagBag from /home/airflow/.local/lib/python3.8/site-packages/airflow/example_dags/example_skip_dag.py
[2023-12-18T14:48:07.140+0000] {processor.py:839} INFO - DAG(s) dict_keys(['example_skip_dag']) retrieved from /home/airflow/.local/lib/python3.8/site-packages/airflow/example_dags/example_skip_dag.py
[2023-12-18T14:48:07.174+0000] {logging_mixin.py:154} INFO - [2023-12-18T14:48:07.172+0000] {dag.py:2941} INFO - Sync 1 DAGs
[2023-12-18T14:48:07.201+0000] {logging_mixin.py:154} INFO - [2023-12-18T14:48:07.201+0000] {dag.py:3722} INFO - Setting next_dagrun for example_skip_dag to 2023-12-17T14:48:07.201532+00:00, run_after=2023-12-18T14:48:07.201532+00:00
[2023-12-18T14:48:07.233+0000] {processor.py:179} INFO - Processing /home/airflow/.local/lib/python3.8/site-packages/airflow/example_dags/example_skip_dag.py took 0.103 seconds
[2023-12-18T14:48:38.142+0000] {processor.py:157} INFO - Started process (PID=608) to work on /home/airflow/.local/lib/python3.8/site-packages/airflow/example_dags/example_skip_dag.py
[2023-12-18T14:48:38.144+0000] {processor.py:829} INFO - Processing file /home/airflow/.local/lib/python3.8/site-packages/airflow/example_dags/example_skip_dag.py for tasks to queue
[2023-12-18T14:48:38.146+0000] {logging_mixin.py:154} INFO - [2023-12-18T14:48:38.146+0000] {dagbag.py:536} INFO - Filling up the DagBag from /home/airflow/.local/lib/python3.8/site-packages/airflow/example_dags/example_skip_dag.py
[2023-12-18T14:48:38.151+0000] {processor.py:839} INFO - DAG(s) dict_keys(['example_skip_dag']) retrieved from /home/airflow/.local/lib/python3.8/site-packages/airflow/example_dags/example_skip_dag.py
[2023-12-18T14:48:38.166+0000] {logging_mixin.py:154} INFO - [2023-12-18T14:48:38.166+0000] {dag.py:2941} INFO - Sync 1 DAGs
[2023-12-18T14:48:38.183+0000] {logging_mixin.py:154} INFO - [2023-12-18T14:48:38.183+0000] {dag.py:3722} INFO - Setting next_dagrun for example_skip_dag to 2023-12-17T14:48:38.183105+00:00, run_after=2023-12-18T14:48:38.183105+00:00
[2023-12-18T14:48:38.194+0000] {processor.py:179} INFO - Processing /home/airflow/.local/lib/python3.8/site-packages/airflow/example_dags/example_skip_dag.py took 0.054 seconds
[2023-12-18T14:52:07.052+0000] {processor.py:157} INFO - Started process (PID=55) to work on /home/airflow/.local/lib/python3.8/site-packages/airflow/example_dags/example_skip_dag.py
[2023-12-18T14:52:07.059+0000] {processor.py:829} INFO - Processing file /home/airflow/.local/lib/python3.8/site-packages/airflow/example_dags/example_skip_dag.py for tasks to queue
[2023-12-18T14:52:07.062+0000] {logging_mixin.py:154} INFO - [2023-12-18T14:52:07.061+0000] {dagbag.py:536} INFO - Filling up the DagBag from /home/airflow/.local/lib/python3.8/site-packages/airflow/example_dags/example_skip_dag.py
[2023-12-18T14:52:07.083+0000] {processor.py:839} INFO - DAG(s) dict_keys(['example_skip_dag']) retrieved from /home/airflow/.local/lib/python3.8/site-packages/airflow/example_dags/example_skip_dag.py
[2023-12-18T14:52:07.110+0000] {logging_mixin.py:154} INFO - [2023-12-18T14:52:07.110+0000] {dag.py:2941} INFO - Sync 1 DAGs
[2023-12-18T14:52:07.138+0000] {logging_mixin.py:154} INFO - [2023-12-18T14:52:07.138+0000] {dag.py:3722} INFO - Setting next_dagrun for example_skip_dag to 2023-12-17T14:52:07.138344+00:00, run_after=2023-12-18T14:52:07.138344+00:00
[2023-12-18T14:52:07.172+0000] {processor.py:179} INFO - Processing /home/airflow/.local/lib/python3.8/site-packages/airflow/example_dags/example_skip_dag.py took 0.148 seconds
[2023-12-18T14:52:37.812+0000] {processor.py:157} INFO - Started process (PID=124) to work on /home/airflow/.local/lib/python3.8/site-packages/airflow/example_dags/example_skip_dag.py
[2023-12-18T14:52:37.813+0000] {processor.py:829} INFO - Processing file /home/airflow/.local/lib/python3.8/site-packages/airflow/example_dags/example_skip_dag.py for tasks to queue
[2023-12-18T14:52:37.816+0000] {logging_mixin.py:154} INFO - [2023-12-18T14:52:37.815+0000] {dagbag.py:536} INFO - Filling up the DagBag from /home/airflow/.local/lib/python3.8/site-packages/airflow/example_dags/example_skip_dag.py
[2023-12-18T14:52:37.821+0000] {processor.py:839} INFO - DAG(s) dict_keys(['example_skip_dag']) retrieved from /home/airflow/.local/lib/python3.8/site-packages/airflow/example_dags/example_skip_dag.py
[2023-12-18T14:52:37.849+0000] {logging_mixin.py:154} INFO - [2023-12-18T14:52:37.849+0000] {dag.py:2941} INFO - Sync 1 DAGs
[2023-12-18T14:52:37.870+0000] {logging_mixin.py:154} INFO - [2023-12-18T14:52:37.870+0000] {dag.py:3722} INFO - Setting next_dagrun for example_skip_dag to 2023-12-17T14:52:37.870307+00:00, run_after=2023-12-18T14:52:37.870307+00:00
[2023-12-18T14:52:37.897+0000] {processor.py:179} INFO - Processing /home/airflow/.local/lib/python3.8/site-packages/airflow/example_dags/example_skip_dag.py took 0.087 seconds
[2023-12-18T14:53:08.306+0000] {processor.py:157} INFO - Started process (PID=194) to work on /home/airflow/.local/lib/python3.8/site-packages/airflow/example_dags/example_skip_dag.py
[2023-12-18T14:53:08.307+0000] {processor.py:829} INFO - Processing file /home/airflow/.local/lib/python3.8/site-packages/airflow/example_dags/example_skip_dag.py for tasks to queue
[2023-12-18T14:53:08.308+0000] {logging_mixin.py:154} INFO - [2023-12-18T14:53:08.308+0000] {dagbag.py:536} INFO - Filling up the DagBag from /home/airflow/.local/lib/python3.8/site-packages/airflow/example_dags/example_skip_dag.py
[2023-12-18T14:53:08.312+0000] {processor.py:839} INFO - DAG(s) dict_keys(['example_skip_dag']) retrieved from /home/airflow/.local/lib/python3.8/site-packages/airflow/example_dags/example_skip_dag.py
[2023-12-18T14:53:08.325+0000] {logging_mixin.py:154} INFO - [2023-12-18T14:53:08.325+0000] {dag.py:2941} INFO - Sync 1 DAGs
[2023-12-18T14:53:08.340+0000] {logging_mixin.py:154} INFO - [2023-12-18T14:53:08.340+0000] {dag.py:3722} INFO - Setting next_dagrun for example_skip_dag to 2023-12-17T14:53:08.340437+00:00, run_after=2023-12-18T14:53:08.340437+00:00
[2023-12-18T14:53:08.352+0000] {processor.py:179} INFO - Processing /home/airflow/.local/lib/python3.8/site-packages/airflow/example_dags/example_skip_dag.py took 0.048 seconds
[2023-12-18T14:53:39.162+0000] {processor.py:157} INFO - Started process (PID=263) to work on /home/airflow/.local/lib/python3.8/site-packages/airflow/example_dags/example_skip_dag.py
[2023-12-18T14:53:39.181+0000] {processor.py:829} INFO - Processing file /home/airflow/.local/lib/python3.8/site-packages/airflow/example_dags/example_skip_dag.py for tasks to queue
[2023-12-18T14:53:39.183+0000] {logging_mixin.py:154} INFO - [2023-12-18T14:53:39.183+0000] {dagbag.py:536} INFO - Filling up the DagBag from /home/airflow/.local/lib/python3.8/site-packages/airflow/example_dags/example_skip_dag.py
[2023-12-18T14:53:39.187+0000] {processor.py:839} INFO - DAG(s) dict_keys(['example_skip_dag']) retrieved from /home/airflow/.local/lib/python3.8/site-packages/airflow/example_dags/example_skip_dag.py
[2023-12-18T14:53:39.201+0000] {logging_mixin.py:154} INFO - [2023-12-18T14:53:39.200+0000] {dag.py:2941} INFO - Sync 1 DAGs
[2023-12-18T14:53:39.214+0000] {logging_mixin.py:154} INFO - [2023-12-18T14:53:39.214+0000] {dag.py:3722} INFO - Setting next_dagrun for example_skip_dag to 2023-12-17T14:53:39.214399+00:00, run_after=2023-12-18T14:53:39.214399+00:00
[2023-12-18T14:53:39.225+0000] {processor.py:179} INFO - Processing /home/airflow/.local/lib/python3.8/site-packages/airflow/example_dags/example_skip_dag.py took 0.065 seconds
