[2023-12-18T14:25:40.499+0000] {processor.py:157} INFO - Started process (PID=63) to work on /home/airflow/.local/lib/python3.8/site-packages/airflow/example_dags/example_kubernetes_executor.py
[2023-12-18T14:25:40.500+0000] {processor.py:829} INFO - Processing file /home/airflow/.local/lib/python3.8/site-packages/airflow/example_dags/example_kubernetes_executor.py for tasks to queue
[2023-12-18T14:25:40.502+0000] {logging_mixin.py:154} INFO - [2023-12-18T14:25:40.502+0000] {dagbag.py:536} INFO - Filling up the DagBag from /home/airflow/.local/lib/python3.8/site-packages/airflow/example_dags/example_kubernetes_executor.py
[2023-12-18T14:25:40.529+0000] {processor.py:839} INFO - DAG(s) dict_keys(['example_kubernetes_executor']) retrieved from /home/airflow/.local/lib/python3.8/site-packages/airflow/example_dags/example_kubernetes_executor.py
[2023-12-18T14:25:40.550+0000] {logging_mixin.py:154} INFO - [2023-12-18T14:25:40.549+0000] {dag.py:2941} INFO - Sync 1 DAGs
[2023-12-18T14:25:40.566+0000] {logging_mixin.py:154} INFO - [2023-12-18T14:25:40.566+0000] {dag.py:3722} INFO - Setting next_dagrun for example_kubernetes_executor to None, run_after=None
[2023-12-18T14:25:40.618+0000] {processor.py:179} INFO - Processing /home/airflow/.local/lib/python3.8/site-packages/airflow/example_dags/example_kubernetes_executor.py took 0.123 seconds
[2023-12-18T14:26:11.335+0000] {processor.py:157} INFO - Started process (PID=132) to work on /home/airflow/.local/lib/python3.8/site-packages/airflow/example_dags/example_kubernetes_executor.py
[2023-12-18T14:26:11.336+0000] {processor.py:829} INFO - Processing file /home/airflow/.local/lib/python3.8/site-packages/airflow/example_dags/example_kubernetes_executor.py for tasks to queue
[2023-12-18T14:26:11.337+0000] {logging_mixin.py:154} INFO - [2023-12-18T14:26:11.337+0000] {dagbag.py:536} INFO - Filling up the DagBag from /home/airflow/.local/lib/python3.8/site-packages/airflow/example_dags/example_kubernetes_executor.py
[2023-12-18T14:26:11.344+0000] {processor.py:839} INFO - DAG(s) dict_keys(['example_kubernetes_executor']) retrieved from /home/airflow/.local/lib/python3.8/site-packages/airflow/example_dags/example_kubernetes_executor.py
[2023-12-18T14:26:11.390+0000] {logging_mixin.py:154} INFO - [2023-12-18T14:26:11.389+0000] {dag.py:2941} INFO - Sync 1 DAGs
[2023-12-18T14:26:11.400+0000] {logging_mixin.py:154} INFO - [2023-12-18T14:26:11.399+0000] {dag.py:3722} INFO - Setting next_dagrun for example_kubernetes_executor to None, run_after=None
[2023-12-18T14:26:11.413+0000] {processor.py:179} INFO - Processing /home/airflow/.local/lib/python3.8/site-packages/airflow/example_dags/example_kubernetes_executor.py took 0.079 seconds
[2023-12-18T14:26:41.533+0000] {processor.py:157} INFO - Started process (PID=202) to work on /home/airflow/.local/lib/python3.8/site-packages/airflow/example_dags/example_kubernetes_executor.py
[2023-12-18T14:26:41.534+0000] {processor.py:829} INFO - Processing file /home/airflow/.local/lib/python3.8/site-packages/airflow/example_dags/example_kubernetes_executor.py for tasks to queue
[2023-12-18T14:26:41.535+0000] {logging_mixin.py:154} INFO - [2023-12-18T14:26:41.535+0000] {dagbag.py:536} INFO - Filling up the DagBag from /home/airflow/.local/lib/python3.8/site-packages/airflow/example_dags/example_kubernetes_executor.py
[2023-12-18T14:26:41.542+0000] {processor.py:839} INFO - DAG(s) dict_keys(['example_kubernetes_executor']) retrieved from /home/airflow/.local/lib/python3.8/site-packages/airflow/example_dags/example_kubernetes_executor.py
[2023-12-18T14:26:41.594+0000] {logging_mixin.py:154} INFO - [2023-12-18T14:26:41.594+0000] {dag.py:2941} INFO - Sync 1 DAGs
[2023-12-18T14:26:41.601+0000] {logging_mixin.py:154} INFO - [2023-12-18T14:26:41.601+0000] {dag.py:3722} INFO - Setting next_dagrun for example_kubernetes_executor to None, run_after=None
[2023-12-18T14:26:41.612+0000] {processor.py:179} INFO - Processing /home/airflow/.local/lib/python3.8/site-packages/airflow/example_dags/example_kubernetes_executor.py took 0.081 seconds
[2023-12-18T14:27:12.449+0000] {processor.py:157} INFO - Started process (PID=271) to work on /home/airflow/.local/lib/python3.8/site-packages/airflow/example_dags/example_kubernetes_executor.py
[2023-12-18T14:27:12.450+0000] {processor.py:829} INFO - Processing file /home/airflow/.local/lib/python3.8/site-packages/airflow/example_dags/example_kubernetes_executor.py for tasks to queue
[2023-12-18T14:27:12.451+0000] {logging_mixin.py:154} INFO - [2023-12-18T14:27:12.451+0000] {dagbag.py:536} INFO - Filling up the DagBag from /home/airflow/.local/lib/python3.8/site-packages/airflow/example_dags/example_kubernetes_executor.py
[2023-12-18T14:27:12.458+0000] {processor.py:839} INFO - DAG(s) dict_keys(['example_kubernetes_executor']) retrieved from /home/airflow/.local/lib/python3.8/site-packages/airflow/example_dags/example_kubernetes_executor.py
[2023-12-18T14:27:12.495+0000] {logging_mixin.py:154} INFO - [2023-12-18T14:27:12.495+0000] {dag.py:2941} INFO - Sync 1 DAGs
[2023-12-18T14:27:12.504+0000] {logging_mixin.py:154} INFO - [2023-12-18T14:27:12.504+0000] {dag.py:3722} INFO - Setting next_dagrun for example_kubernetes_executor to None, run_after=None
[2023-12-18T14:27:12.515+0000] {processor.py:179} INFO - Processing /home/airflow/.local/lib/python3.8/site-packages/airflow/example_dags/example_kubernetes_executor.py took 0.067 seconds
[2023-12-18T14:27:43.301+0000] {processor.py:157} INFO - Started process (PID=340) to work on /home/airflow/.local/lib/python3.8/site-packages/airflow/example_dags/example_kubernetes_executor.py
[2023-12-18T14:27:43.302+0000] {processor.py:829} INFO - Processing file /home/airflow/.local/lib/python3.8/site-packages/airflow/example_dags/example_kubernetes_executor.py for tasks to queue
[2023-12-18T14:27:43.303+0000] {logging_mixin.py:154} INFO - [2023-12-18T14:27:43.303+0000] {dagbag.py:536} INFO - Filling up the DagBag from /home/airflow/.local/lib/python3.8/site-packages/airflow/example_dags/example_kubernetes_executor.py
[2023-12-18T14:27:43.310+0000] {processor.py:839} INFO - DAG(s) dict_keys(['example_kubernetes_executor']) retrieved from /home/airflow/.local/lib/python3.8/site-packages/airflow/example_dags/example_kubernetes_executor.py
[2023-12-18T14:27:43.332+0000] {logging_mixin.py:154} INFO - [2023-12-18T14:27:43.332+0000] {dag.py:2941} INFO - Sync 1 DAGs
[2023-12-18T14:27:43.339+0000] {logging_mixin.py:154} INFO - [2023-12-18T14:27:43.339+0000] {dag.py:3722} INFO - Setting next_dagrun for example_kubernetes_executor to None, run_after=None
[2023-12-18T14:27:43.351+0000] {processor.py:179} INFO - Processing /home/airflow/.local/lib/python3.8/site-packages/airflow/example_dags/example_kubernetes_executor.py took 0.051 seconds
[2023-12-18T14:28:13.456+0000] {processor.py:157} INFO - Started process (PID=408) to work on /home/airflow/.local/lib/python3.8/site-packages/airflow/example_dags/example_kubernetes_executor.py
[2023-12-18T14:28:13.457+0000] {processor.py:829} INFO - Processing file /home/airflow/.local/lib/python3.8/site-packages/airflow/example_dags/example_kubernetes_executor.py for tasks to queue
[2023-12-18T14:28:13.459+0000] {logging_mixin.py:154} INFO - [2023-12-18T14:28:13.458+0000] {dagbag.py:536} INFO - Filling up the DagBag from /home/airflow/.local/lib/python3.8/site-packages/airflow/example_dags/example_kubernetes_executor.py
[2023-12-18T14:28:13.483+0000] {processor.py:839} INFO - DAG(s) dict_keys(['example_kubernetes_executor']) retrieved from /home/airflow/.local/lib/python3.8/site-packages/airflow/example_dags/example_kubernetes_executor.py
[2023-12-18T14:28:13.507+0000] {logging_mixin.py:154} INFO - [2023-12-18T14:28:13.507+0000] {dag.py:2941} INFO - Sync 1 DAGs
[2023-12-18T14:28:13.516+0000] {logging_mixin.py:154} INFO - [2023-12-18T14:28:13.516+0000] {dag.py:3722} INFO - Setting next_dagrun for example_kubernetes_executor to None, run_after=None
[2023-12-18T14:28:13.528+0000] {processor.py:179} INFO - Processing /home/airflow/.local/lib/python3.8/site-packages/airflow/example_dags/example_kubernetes_executor.py took 0.075 seconds
[2023-12-18T14:28:44.282+0000] {processor.py:157} INFO - Started process (PID=483) to work on /home/airflow/.local/lib/python3.8/site-packages/airflow/example_dags/example_kubernetes_executor.py
[2023-12-18T14:28:44.282+0000] {processor.py:829} INFO - Processing file /home/airflow/.local/lib/python3.8/site-packages/airflow/example_dags/example_kubernetes_executor.py for tasks to queue
[2023-12-18T14:28:44.284+0000] {logging_mixin.py:154} INFO - [2023-12-18T14:28:44.283+0000] {dagbag.py:536} INFO - Filling up the DagBag from /home/airflow/.local/lib/python3.8/site-packages/airflow/example_dags/example_kubernetes_executor.py
[2023-12-18T14:28:44.291+0000] {processor.py:839} INFO - DAG(s) dict_keys(['example_kubernetes_executor']) retrieved from /home/airflow/.local/lib/python3.8/site-packages/airflow/example_dags/example_kubernetes_executor.py
[2023-12-18T14:28:44.349+0000] {logging_mixin.py:154} INFO - [2023-12-18T14:28:44.349+0000] {dag.py:2941} INFO - Sync 1 DAGs
[2023-12-18T14:28:44.357+0000] {logging_mixin.py:154} INFO - [2023-12-18T14:28:44.357+0000] {dag.py:3722} INFO - Setting next_dagrun for example_kubernetes_executor to None, run_after=None
[2023-12-18T14:28:44.368+0000] {processor.py:179} INFO - Processing /home/airflow/.local/lib/python3.8/site-packages/airflow/example_dags/example_kubernetes_executor.py took 0.100 seconds
[2023-12-18T14:29:15.161+0000] {processor.py:157} INFO - Started process (PID=553) to work on /home/airflow/.local/lib/python3.8/site-packages/airflow/example_dags/example_kubernetes_executor.py
[2023-12-18T14:29:15.162+0000] {processor.py:829} INFO - Processing file /home/airflow/.local/lib/python3.8/site-packages/airflow/example_dags/example_kubernetes_executor.py for tasks to queue
[2023-12-18T14:29:15.163+0000] {logging_mixin.py:154} INFO - [2023-12-18T14:29:15.163+0000] {dagbag.py:536} INFO - Filling up the DagBag from /home/airflow/.local/lib/python3.8/site-packages/airflow/example_dags/example_kubernetes_executor.py
[2023-12-18T14:29:15.188+0000] {processor.py:839} INFO - DAG(s) dict_keys(['example_kubernetes_executor']) retrieved from /home/airflow/.local/lib/python3.8/site-packages/airflow/example_dags/example_kubernetes_executor.py
[2023-12-18T14:29:15.211+0000] {logging_mixin.py:154} INFO - [2023-12-18T14:29:15.211+0000] {dag.py:2941} INFO - Sync 1 DAGs
[2023-12-18T14:29:15.218+0000] {logging_mixin.py:154} INFO - [2023-12-18T14:29:15.218+0000] {dag.py:3722} INFO - Setting next_dagrun for example_kubernetes_executor to None, run_after=None
[2023-12-18T14:29:15.228+0000] {processor.py:179} INFO - Processing /home/airflow/.local/lib/python3.8/site-packages/airflow/example_dags/example_kubernetes_executor.py took 0.069 seconds
[2023-12-18T14:29:45.249+0000] {processor.py:157} INFO - Started process (PID=622) to work on /home/airflow/.local/lib/python3.8/site-packages/airflow/example_dags/example_kubernetes_executor.py
[2023-12-18T14:29:45.250+0000] {processor.py:829} INFO - Processing file /home/airflow/.local/lib/python3.8/site-packages/airflow/example_dags/example_kubernetes_executor.py for tasks to queue
[2023-12-18T14:29:45.251+0000] {logging_mixin.py:154} INFO - [2023-12-18T14:29:45.251+0000] {dagbag.py:536} INFO - Filling up the DagBag from /home/airflow/.local/lib/python3.8/site-packages/airflow/example_dags/example_kubernetes_executor.py
[2023-12-18T14:29:45.258+0000] {processor.py:839} INFO - DAG(s) dict_keys(['example_kubernetes_executor']) retrieved from /home/airflow/.local/lib/python3.8/site-packages/airflow/example_dags/example_kubernetes_executor.py
[2023-12-18T14:29:45.299+0000] {logging_mixin.py:154} INFO - [2023-12-18T14:29:45.299+0000] {dag.py:2941} INFO - Sync 1 DAGs
[2023-12-18T14:29:45.307+0000] {logging_mixin.py:154} INFO - [2023-12-18T14:29:45.307+0000] {dag.py:3722} INFO - Setting next_dagrun for example_kubernetes_executor to None, run_after=None
[2023-12-18T14:29:45.318+0000] {processor.py:179} INFO - Processing /home/airflow/.local/lib/python3.8/site-packages/airflow/example_dags/example_kubernetes_executor.py took 0.070 seconds
[2023-12-18T14:30:15.448+0000] {processor.py:157} INFO - Started process (PID=691) to work on /home/airflow/.local/lib/python3.8/site-packages/airflow/example_dags/example_kubernetes_executor.py
[2023-12-18T14:30:15.448+0000] {processor.py:829} INFO - Processing file /home/airflow/.local/lib/python3.8/site-packages/airflow/example_dags/example_kubernetes_executor.py for tasks to queue
[2023-12-18T14:30:15.450+0000] {logging_mixin.py:154} INFO - [2023-12-18T14:30:15.449+0000] {dagbag.py:536} INFO - Filling up the DagBag from /home/airflow/.local/lib/python3.8/site-packages/airflow/example_dags/example_kubernetes_executor.py
[2023-12-18T14:30:15.457+0000] {processor.py:839} INFO - DAG(s) dict_keys(['example_kubernetes_executor']) retrieved from /home/airflow/.local/lib/python3.8/site-packages/airflow/example_dags/example_kubernetes_executor.py
[2023-12-18T14:30:15.498+0000] {logging_mixin.py:154} INFO - [2023-12-18T14:30:15.498+0000] {dag.py:2941} INFO - Sync 1 DAGs
[2023-12-18T14:30:15.508+0000] {logging_mixin.py:154} INFO - [2023-12-18T14:30:15.508+0000] {dag.py:3722} INFO - Setting next_dagrun for example_kubernetes_executor to None, run_after=None
[2023-12-18T14:30:15.519+0000] {processor.py:179} INFO - Processing /home/airflow/.local/lib/python3.8/site-packages/airflow/example_dags/example_kubernetes_executor.py took 0.073 seconds
[2023-12-18T14:30:45.586+0000] {processor.py:157} INFO - Started process (PID=754) to work on /home/airflow/.local/lib/python3.8/site-packages/airflow/example_dags/example_kubernetes_executor.py
[2023-12-18T14:30:45.586+0000] {processor.py:829} INFO - Processing file /home/airflow/.local/lib/python3.8/site-packages/airflow/example_dags/example_kubernetes_executor.py for tasks to queue
[2023-12-18T14:30:45.588+0000] {logging_mixin.py:154} INFO - [2023-12-18T14:30:45.587+0000] {dagbag.py:536} INFO - Filling up the DagBag from /home/airflow/.local/lib/python3.8/site-packages/airflow/example_dags/example_kubernetes_executor.py
[2023-12-18T14:30:45.595+0000] {processor.py:839} INFO - DAG(s) dict_keys(['example_kubernetes_executor']) retrieved from /home/airflow/.local/lib/python3.8/site-packages/airflow/example_dags/example_kubernetes_executor.py
[2023-12-18T14:30:45.616+0000] {logging_mixin.py:154} INFO - [2023-12-18T14:30:45.616+0000] {dag.py:2941} INFO - Sync 1 DAGs
[2023-12-18T14:30:45.624+0000] {logging_mixin.py:154} INFO - [2023-12-18T14:30:45.623+0000] {dag.py:3722} INFO - Setting next_dagrun for example_kubernetes_executor to None, run_after=None
[2023-12-18T14:30:45.634+0000] {processor.py:179} INFO - Processing /home/airflow/.local/lib/python3.8/site-packages/airflow/example_dags/example_kubernetes_executor.py took 0.050 seconds
[2023-12-18T14:31:15.746+0000] {processor.py:157} INFO - Started process (PID=824) to work on /home/airflow/.local/lib/python3.8/site-packages/airflow/example_dags/example_kubernetes_executor.py
[2023-12-18T14:31:15.747+0000] {processor.py:829} INFO - Processing file /home/airflow/.local/lib/python3.8/site-packages/airflow/example_dags/example_kubernetes_executor.py for tasks to queue
[2023-12-18T14:31:15.748+0000] {logging_mixin.py:154} INFO - [2023-12-18T14:31:15.747+0000] {dagbag.py:536} INFO - Filling up the DagBag from /home/airflow/.local/lib/python3.8/site-packages/airflow/example_dags/example_kubernetes_executor.py
[2023-12-18T14:31:15.755+0000] {processor.py:839} INFO - DAG(s) dict_keys(['example_kubernetes_executor']) retrieved from /home/airflow/.local/lib/python3.8/site-packages/airflow/example_dags/example_kubernetes_executor.py
[2023-12-18T14:31:15.794+0000] {logging_mixin.py:154} INFO - [2023-12-18T14:31:15.793+0000] {dag.py:2941} INFO - Sync 1 DAGs
[2023-12-18T14:31:15.800+0000] {logging_mixin.py:154} INFO - [2023-12-18T14:31:15.800+0000] {dag.py:3722} INFO - Setting next_dagrun for example_kubernetes_executor to None, run_after=None
[2023-12-18T14:31:15.811+0000] {processor.py:179} INFO - Processing /home/airflow/.local/lib/python3.8/site-packages/airflow/example_dags/example_kubernetes_executor.py took 0.067 seconds
[2023-12-18T14:31:46.591+0000] {processor.py:157} INFO - Started process (PID=900) to work on /home/airflow/.local/lib/python3.8/site-packages/airflow/example_dags/example_kubernetes_executor.py
[2023-12-18T14:31:46.592+0000] {processor.py:829} INFO - Processing file /home/airflow/.local/lib/python3.8/site-packages/airflow/example_dags/example_kubernetes_executor.py for tasks to queue
[2023-12-18T14:31:46.593+0000] {logging_mixin.py:154} INFO - [2023-12-18T14:31:46.593+0000] {dagbag.py:536} INFO - Filling up the DagBag from /home/airflow/.local/lib/python3.8/site-packages/airflow/example_dags/example_kubernetes_executor.py
[2023-12-18T14:31:46.600+0000] {processor.py:839} INFO - DAG(s) dict_keys(['example_kubernetes_executor']) retrieved from /home/airflow/.local/lib/python3.8/site-packages/airflow/example_dags/example_kubernetes_executor.py
[2023-12-18T14:31:46.623+0000] {logging_mixin.py:154} INFO - [2023-12-18T14:31:46.623+0000] {dag.py:2941} INFO - Sync 1 DAGs
[2023-12-18T14:31:46.631+0000] {logging_mixin.py:154} INFO - [2023-12-18T14:31:46.631+0000] {dag.py:3722} INFO - Setting next_dagrun for example_kubernetes_executor to None, run_after=None
[2023-12-18T14:31:46.641+0000] {processor.py:179} INFO - Processing /home/airflow/.local/lib/python3.8/site-packages/airflow/example_dags/example_kubernetes_executor.py took 0.052 seconds
[2023-12-18T14:32:16.703+0000] {processor.py:157} INFO - Started process (PID=961) to work on /home/airflow/.local/lib/python3.8/site-packages/airflow/example_dags/example_kubernetes_executor.py
[2023-12-18T14:32:16.703+0000] {processor.py:829} INFO - Processing file /home/airflow/.local/lib/python3.8/site-packages/airflow/example_dags/example_kubernetes_executor.py for tasks to queue
[2023-12-18T14:32:16.704+0000] {logging_mixin.py:154} INFO - [2023-12-18T14:32:16.704+0000] {dagbag.py:536} INFO - Filling up the DagBag from /home/airflow/.local/lib/python3.8/site-packages/airflow/example_dags/example_kubernetes_executor.py
[2023-12-18T14:32:16.711+0000] {processor.py:839} INFO - DAG(s) dict_keys(['example_kubernetes_executor']) retrieved from /home/airflow/.local/lib/python3.8/site-packages/airflow/example_dags/example_kubernetes_executor.py
[2023-12-18T14:32:16.783+0000] {logging_mixin.py:154} INFO - [2023-12-18T14:32:16.783+0000] {dag.py:2941} INFO - Sync 1 DAGs
[2023-12-18T14:32:16.794+0000] {logging_mixin.py:154} INFO - [2023-12-18T14:32:16.794+0000] {dag.py:3722} INFO - Setting next_dagrun for example_kubernetes_executor to None, run_after=None
[2023-12-18T14:32:16.806+0000] {processor.py:179} INFO - Processing /home/airflow/.local/lib/python3.8/site-packages/airflow/example_dags/example_kubernetes_executor.py took 0.106 seconds
[2023-12-18T14:32:47.703+0000] {processor.py:157} INFO - Started process (PID=1036) to work on /home/airflow/.local/lib/python3.8/site-packages/airflow/example_dags/example_kubernetes_executor.py
[2023-12-18T14:32:47.704+0000] {processor.py:829} INFO - Processing file /home/airflow/.local/lib/python3.8/site-packages/airflow/example_dags/example_kubernetes_executor.py for tasks to queue
[2023-12-18T14:32:47.705+0000] {logging_mixin.py:154} INFO - [2023-12-18T14:32:47.705+0000] {dagbag.py:536} INFO - Filling up the DagBag from /home/airflow/.local/lib/python3.8/site-packages/airflow/example_dags/example_kubernetes_executor.py
[2023-12-18T14:32:47.712+0000] {processor.py:839} INFO - DAG(s) dict_keys(['example_kubernetes_executor']) retrieved from /home/airflow/.local/lib/python3.8/site-packages/airflow/example_dags/example_kubernetes_executor.py
[2023-12-18T14:32:47.734+0000] {logging_mixin.py:154} INFO - [2023-12-18T14:32:47.734+0000] {dag.py:2941} INFO - Sync 1 DAGs
[2023-12-18T14:32:47.742+0000] {logging_mixin.py:154} INFO - [2023-12-18T14:32:47.742+0000] {dag.py:3722} INFO - Setting next_dagrun for example_kubernetes_executor to None, run_after=None
[2023-12-18T14:32:47.751+0000] {processor.py:179} INFO - Processing /home/airflow/.local/lib/python3.8/site-packages/airflow/example_dags/example_kubernetes_executor.py took 0.050 seconds
[2023-12-18T14:33:18.405+0000] {processor.py:157} INFO - Started process (PID=1105) to work on /home/airflow/.local/lib/python3.8/site-packages/airflow/example_dags/example_kubernetes_executor.py
[2023-12-18T14:33:18.406+0000] {processor.py:829} INFO - Processing file /home/airflow/.local/lib/python3.8/site-packages/airflow/example_dags/example_kubernetes_executor.py for tasks to queue
[2023-12-18T14:33:18.407+0000] {logging_mixin.py:154} INFO - [2023-12-18T14:33:18.407+0000] {dagbag.py:536} INFO - Filling up the DagBag from /home/airflow/.local/lib/python3.8/site-packages/airflow/example_dags/example_kubernetes_executor.py
[2023-12-18T14:33:18.415+0000] {processor.py:839} INFO - DAG(s) dict_keys(['example_kubernetes_executor']) retrieved from /home/airflow/.local/lib/python3.8/site-packages/airflow/example_dags/example_kubernetes_executor.py
[2023-12-18T14:33:18.436+0000] {logging_mixin.py:154} INFO - [2023-12-18T14:33:18.436+0000] {dag.py:2941} INFO - Sync 1 DAGs
[2023-12-18T14:33:18.445+0000] {logging_mixin.py:154} INFO - [2023-12-18T14:33:18.444+0000] {dag.py:3722} INFO - Setting next_dagrun for example_kubernetes_executor to None, run_after=None
[2023-12-18T14:33:18.455+0000] {processor.py:179} INFO - Processing /home/airflow/.local/lib/python3.8/site-packages/airflow/example_dags/example_kubernetes_executor.py took 0.051 seconds
[2023-12-18T14:33:49.299+0000] {processor.py:157} INFO - Started process (PID=1174) to work on /home/airflow/.local/lib/python3.8/site-packages/airflow/example_dags/example_kubernetes_executor.py
[2023-12-18T14:33:49.300+0000] {processor.py:829} INFO - Processing file /home/airflow/.local/lib/python3.8/site-packages/airflow/example_dags/example_kubernetes_executor.py for tasks to queue
[2023-12-18T14:33:49.301+0000] {logging_mixin.py:154} INFO - [2023-12-18T14:33:49.301+0000] {dagbag.py:536} INFO - Filling up the DagBag from /home/airflow/.local/lib/python3.8/site-packages/airflow/example_dags/example_kubernetes_executor.py
[2023-12-18T14:33:49.308+0000] {processor.py:839} INFO - DAG(s) dict_keys(['example_kubernetes_executor']) retrieved from /home/airflow/.local/lib/python3.8/site-packages/airflow/example_dags/example_kubernetes_executor.py
[2023-12-18T14:33:49.330+0000] {logging_mixin.py:154} INFO - [2023-12-18T14:33:49.330+0000] {dag.py:2941} INFO - Sync 1 DAGs
[2023-12-18T14:33:49.337+0000] {logging_mixin.py:154} INFO - [2023-12-18T14:33:49.337+0000] {dag.py:3722} INFO - Setting next_dagrun for example_kubernetes_executor to None, run_after=None
[2023-12-18T14:33:49.347+0000] {processor.py:179} INFO - Processing /home/airflow/.local/lib/python3.8/site-packages/airflow/example_dags/example_kubernetes_executor.py took 0.049 seconds
[2023-12-18T14:34:19.459+0000] {processor.py:157} INFO - Started process (PID=1243) to work on /home/airflow/.local/lib/python3.8/site-packages/airflow/example_dags/example_kubernetes_executor.py
[2023-12-18T14:34:19.460+0000] {processor.py:829} INFO - Processing file /home/airflow/.local/lib/python3.8/site-packages/airflow/example_dags/example_kubernetes_executor.py for tasks to queue
[2023-12-18T14:34:19.461+0000] {logging_mixin.py:154} INFO - [2023-12-18T14:34:19.461+0000] {dagbag.py:536} INFO - Filling up the DagBag from /home/airflow/.local/lib/python3.8/site-packages/airflow/example_dags/example_kubernetes_executor.py
[2023-12-18T14:34:19.468+0000] {processor.py:839} INFO - DAG(s) dict_keys(['example_kubernetes_executor']) retrieved from /home/airflow/.local/lib/python3.8/site-packages/airflow/example_dags/example_kubernetes_executor.py
[2023-12-18T14:34:19.503+0000] {logging_mixin.py:154} INFO - [2023-12-18T14:34:19.502+0000] {dag.py:2941} INFO - Sync 1 DAGs
[2023-12-18T14:34:19.510+0000] {logging_mixin.py:154} INFO - [2023-12-18T14:34:19.510+0000] {dag.py:3722} INFO - Setting next_dagrun for example_kubernetes_executor to None, run_after=None
[2023-12-18T14:34:19.519+0000] {processor.py:179} INFO - Processing /home/airflow/.local/lib/python3.8/site-packages/airflow/example_dags/example_kubernetes_executor.py took 0.062 seconds
[2023-12-18T14:34:50.505+0000] {processor.py:157} INFO - Started process (PID=1313) to work on /home/airflow/.local/lib/python3.8/site-packages/airflow/example_dags/example_kubernetes_executor.py
[2023-12-18T14:34:50.506+0000] {processor.py:829} INFO - Processing file /home/airflow/.local/lib/python3.8/site-packages/airflow/example_dags/example_kubernetes_executor.py for tasks to queue
[2023-12-18T14:34:50.507+0000] {logging_mixin.py:154} INFO - [2023-12-18T14:34:50.507+0000] {dagbag.py:536} INFO - Filling up the DagBag from /home/airflow/.local/lib/python3.8/site-packages/airflow/example_dags/example_kubernetes_executor.py
[2023-12-18T14:34:50.514+0000] {processor.py:839} INFO - DAG(s) dict_keys(['example_kubernetes_executor']) retrieved from /home/airflow/.local/lib/python3.8/site-packages/airflow/example_dags/example_kubernetes_executor.py
[2023-12-18T14:34:50.535+0000] {logging_mixin.py:154} INFO - [2023-12-18T14:34:50.535+0000] {dag.py:2941} INFO - Sync 1 DAGs
[2023-12-18T14:34:50.542+0000] {logging_mixin.py:154} INFO - [2023-12-18T14:34:50.542+0000] {dag.py:3722} INFO - Setting next_dagrun for example_kubernetes_executor to None, run_after=None
[2023-12-18T14:34:50.554+0000] {processor.py:179} INFO - Processing /home/airflow/.local/lib/python3.8/site-packages/airflow/example_dags/example_kubernetes_executor.py took 0.050 seconds
[2023-12-18T14:35:20.651+0000] {processor.py:157} INFO - Started process (PID=1382) to work on /home/airflow/.local/lib/python3.8/site-packages/airflow/example_dags/example_kubernetes_executor.py
[2023-12-18T14:35:20.651+0000] {processor.py:829} INFO - Processing file /home/airflow/.local/lib/python3.8/site-packages/airflow/example_dags/example_kubernetes_executor.py for tasks to queue
[2023-12-18T14:35:20.653+0000] {logging_mixin.py:154} INFO - [2023-12-18T14:35:20.652+0000] {dagbag.py:536} INFO - Filling up the DagBag from /home/airflow/.local/lib/python3.8/site-packages/airflow/example_dags/example_kubernetes_executor.py
[2023-12-18T14:35:20.660+0000] {processor.py:839} INFO - DAG(s) dict_keys(['example_kubernetes_executor']) retrieved from /home/airflow/.local/lib/python3.8/site-packages/airflow/example_dags/example_kubernetes_executor.py
[2023-12-18T14:35:20.704+0000] {logging_mixin.py:154} INFO - [2023-12-18T14:35:20.704+0000] {dag.py:2941} INFO - Sync 1 DAGs
[2023-12-18T14:35:20.711+0000] {logging_mixin.py:154} INFO - [2023-12-18T14:35:20.711+0000] {dag.py:3722} INFO - Setting next_dagrun for example_kubernetes_executor to None, run_after=None
[2023-12-18T14:35:20.721+0000] {processor.py:179} INFO - Processing /home/airflow/.local/lib/python3.8/site-packages/airflow/example_dags/example_kubernetes_executor.py took 0.072 seconds
[2023-12-18T14:35:50.749+0000] {processor.py:157} INFO - Started process (PID=1450) to work on /home/airflow/.local/lib/python3.8/site-packages/airflow/example_dags/example_kubernetes_executor.py
[2023-12-18T14:35:50.750+0000] {processor.py:829} INFO - Processing file /home/airflow/.local/lib/python3.8/site-packages/airflow/example_dags/example_kubernetes_executor.py for tasks to queue
[2023-12-18T14:35:50.751+0000] {logging_mixin.py:154} INFO - [2023-12-18T14:35:50.751+0000] {dagbag.py:536} INFO - Filling up the DagBag from /home/airflow/.local/lib/python3.8/site-packages/airflow/example_dags/example_kubernetes_executor.py
[2023-12-18T14:35:50.758+0000] {processor.py:839} INFO - DAG(s) dict_keys(['example_kubernetes_executor']) retrieved from /home/airflow/.local/lib/python3.8/site-packages/airflow/example_dags/example_kubernetes_executor.py
[2023-12-18T14:35:50.795+0000] {logging_mixin.py:154} INFO - [2023-12-18T14:35:50.795+0000] {dag.py:2941} INFO - Sync 1 DAGs
[2023-12-18T14:35:50.803+0000] {logging_mixin.py:154} INFO - [2023-12-18T14:35:50.803+0000] {dag.py:3722} INFO - Setting next_dagrun for example_kubernetes_executor to None, run_after=None
[2023-12-18T14:35:50.813+0000] {processor.py:179} INFO - Processing /home/airflow/.local/lib/python3.8/site-packages/airflow/example_dags/example_kubernetes_executor.py took 0.066 seconds
[2023-12-18T14:36:20.895+0000] {processor.py:157} INFO - Started process (PID=1519) to work on /home/airflow/.local/lib/python3.8/site-packages/airflow/example_dags/example_kubernetes_executor.py
[2023-12-18T14:36:20.895+0000] {processor.py:829} INFO - Processing file /home/airflow/.local/lib/python3.8/site-packages/airflow/example_dags/example_kubernetes_executor.py for tasks to queue
[2023-12-18T14:36:20.896+0000] {logging_mixin.py:154} INFO - [2023-12-18T14:36:20.896+0000] {dagbag.py:536} INFO - Filling up the DagBag from /home/airflow/.local/lib/python3.8/site-packages/airflow/example_dags/example_kubernetes_executor.py
[2023-12-18T14:36:20.904+0000] {processor.py:839} INFO - DAG(s) dict_keys(['example_kubernetes_executor']) retrieved from /home/airflow/.local/lib/python3.8/site-packages/airflow/example_dags/example_kubernetes_executor.py
[2023-12-18T14:36:20.927+0000] {logging_mixin.py:154} INFO - [2023-12-18T14:36:20.927+0000] {dag.py:2941} INFO - Sync 1 DAGs
[2023-12-18T14:36:20.938+0000] {logging_mixin.py:154} INFO - [2023-12-18T14:36:20.938+0000] {dag.py:3722} INFO - Setting next_dagrun for example_kubernetes_executor to None, run_after=None
[2023-12-18T14:36:20.954+0000] {processor.py:179} INFO - Processing /home/airflow/.local/lib/python3.8/site-packages/airflow/example_dags/example_kubernetes_executor.py took 0.061 seconds
[2023-12-18T14:36:51.018+0000] {processor.py:157} INFO - Started process (PID=1588) to work on /home/airflow/.local/lib/python3.8/site-packages/airflow/example_dags/example_kubernetes_executor.py
[2023-12-18T14:36:51.019+0000] {processor.py:829} INFO - Processing file /home/airflow/.local/lib/python3.8/site-packages/airflow/example_dags/example_kubernetes_executor.py for tasks to queue
[2023-12-18T14:36:51.020+0000] {logging_mixin.py:154} INFO - [2023-12-18T14:36:51.020+0000] {dagbag.py:536} INFO - Filling up the DagBag from /home/airflow/.local/lib/python3.8/site-packages/airflow/example_dags/example_kubernetes_executor.py
[2023-12-18T14:36:51.027+0000] {processor.py:839} INFO - DAG(s) dict_keys(['example_kubernetes_executor']) retrieved from /home/airflow/.local/lib/python3.8/site-packages/airflow/example_dags/example_kubernetes_executor.py
[2023-12-18T14:36:51.049+0000] {logging_mixin.py:154} INFO - [2023-12-18T14:36:51.049+0000] {dag.py:2941} INFO - Sync 1 DAGs
[2023-12-18T14:36:51.056+0000] {logging_mixin.py:154} INFO - [2023-12-18T14:36:51.056+0000] {dag.py:3722} INFO - Setting next_dagrun for example_kubernetes_executor to None, run_after=None
[2023-12-18T14:36:51.087+0000] {processor.py:179} INFO - Processing /home/airflow/.local/lib/python3.8/site-packages/airflow/example_dags/example_kubernetes_executor.py took 0.070 seconds
[2023-12-18T14:37:22.049+0000] {processor.py:157} INFO - Started process (PID=1657) to work on /home/airflow/.local/lib/python3.8/site-packages/airflow/example_dags/example_kubernetes_executor.py
[2023-12-18T14:37:22.050+0000] {processor.py:829} INFO - Processing file /home/airflow/.local/lib/python3.8/site-packages/airflow/example_dags/example_kubernetes_executor.py for tasks to queue
[2023-12-18T14:37:22.051+0000] {logging_mixin.py:154} INFO - [2023-12-18T14:37:22.051+0000] {dagbag.py:536} INFO - Filling up the DagBag from /home/airflow/.local/lib/python3.8/site-packages/airflow/example_dags/example_kubernetes_executor.py
[2023-12-18T14:37:22.059+0000] {processor.py:839} INFO - DAG(s) dict_keys(['example_kubernetes_executor']) retrieved from /home/airflow/.local/lib/python3.8/site-packages/airflow/example_dags/example_kubernetes_executor.py
[2023-12-18T14:37:22.100+0000] {logging_mixin.py:154} INFO - [2023-12-18T14:37:22.099+0000] {dag.py:2941} INFO - Sync 1 DAGs
[2023-12-18T14:37:22.107+0000] {logging_mixin.py:154} INFO - [2023-12-18T14:37:22.107+0000] {dag.py:3722} INFO - Setting next_dagrun for example_kubernetes_executor to None, run_after=None
[2023-12-18T14:37:22.117+0000] {processor.py:179} INFO - Processing /home/airflow/.local/lib/python3.8/site-packages/airflow/example_dags/example_kubernetes_executor.py took 0.070 seconds
[2023-12-18T14:37:52.735+0000] {processor.py:157} INFO - Started process (PID=1726) to work on /home/airflow/.local/lib/python3.8/site-packages/airflow/example_dags/example_kubernetes_executor.py
[2023-12-18T14:37:52.736+0000] {processor.py:829} INFO - Processing file /home/airflow/.local/lib/python3.8/site-packages/airflow/example_dags/example_kubernetes_executor.py for tasks to queue
[2023-12-18T14:37:52.737+0000] {logging_mixin.py:154} INFO - [2023-12-18T14:37:52.737+0000] {dagbag.py:536} INFO - Filling up the DagBag from /home/airflow/.local/lib/python3.8/site-packages/airflow/example_dags/example_kubernetes_executor.py
[2023-12-18T14:37:52.744+0000] {processor.py:839} INFO - DAG(s) dict_keys(['example_kubernetes_executor']) retrieved from /home/airflow/.local/lib/python3.8/site-packages/airflow/example_dags/example_kubernetes_executor.py
[2023-12-18T14:37:52.782+0000] {logging_mixin.py:154} INFO - [2023-12-18T14:37:52.781+0000] {dag.py:2941} INFO - Sync 1 DAGs
[2023-12-18T14:37:52.791+0000] {logging_mixin.py:154} INFO - [2023-12-18T14:37:52.791+0000] {dag.py:3722} INFO - Setting next_dagrun for example_kubernetes_executor to None, run_after=None
[2023-12-18T14:37:52.802+0000] {processor.py:179} INFO - Processing /home/airflow/.local/lib/python3.8/site-packages/airflow/example_dags/example_kubernetes_executor.py took 0.068 seconds
[2023-12-18T14:38:23.547+0000] {processor.py:157} INFO - Started process (PID=1795) to work on /home/airflow/.local/lib/python3.8/site-packages/airflow/example_dags/example_kubernetes_executor.py
[2023-12-18T14:38:23.548+0000] {processor.py:829} INFO - Processing file /home/airflow/.local/lib/python3.8/site-packages/airflow/example_dags/example_kubernetes_executor.py for tasks to queue
[2023-12-18T14:38:23.549+0000] {logging_mixin.py:154} INFO - [2023-12-18T14:38:23.549+0000] {dagbag.py:536} INFO - Filling up the DagBag from /home/airflow/.local/lib/python3.8/site-packages/airflow/example_dags/example_kubernetes_executor.py
[2023-12-18T14:38:23.557+0000] {processor.py:839} INFO - DAG(s) dict_keys(['example_kubernetes_executor']) retrieved from /home/airflow/.local/lib/python3.8/site-packages/airflow/example_dags/example_kubernetes_executor.py
[2023-12-18T14:38:23.591+0000] {logging_mixin.py:154} INFO - [2023-12-18T14:38:23.591+0000] {dag.py:2941} INFO - Sync 1 DAGs
[2023-12-18T14:38:23.599+0000] {logging_mixin.py:154} INFO - [2023-12-18T14:38:23.598+0000] {dag.py:3722} INFO - Setting next_dagrun for example_kubernetes_executor to None, run_after=None
[2023-12-18T14:38:23.609+0000] {processor.py:179} INFO - Processing /home/airflow/.local/lib/python3.8/site-packages/airflow/example_dags/example_kubernetes_executor.py took 0.063 seconds
[2023-12-18T14:38:54.340+0000] {processor.py:157} INFO - Started process (PID=1864) to work on /home/airflow/.local/lib/python3.8/site-packages/airflow/example_dags/example_kubernetes_executor.py
[2023-12-18T14:38:54.341+0000] {processor.py:829} INFO - Processing file /home/airflow/.local/lib/python3.8/site-packages/airflow/example_dags/example_kubernetes_executor.py for tasks to queue
[2023-12-18T14:38:54.342+0000] {logging_mixin.py:154} INFO - [2023-12-18T14:38:54.342+0000] {dagbag.py:536} INFO - Filling up the DagBag from /home/airflow/.local/lib/python3.8/site-packages/airflow/example_dags/example_kubernetes_executor.py
[2023-12-18T14:38:54.349+0000] {processor.py:839} INFO - DAG(s) dict_keys(['example_kubernetes_executor']) retrieved from /home/airflow/.local/lib/python3.8/site-packages/airflow/example_dags/example_kubernetes_executor.py
[2023-12-18T14:38:54.387+0000] {logging_mixin.py:154} INFO - [2023-12-18T14:38:54.387+0000] {dag.py:2941} INFO - Sync 1 DAGs
[2023-12-18T14:38:54.396+0000] {logging_mixin.py:154} INFO - [2023-12-18T14:38:54.396+0000] {dag.py:3722} INFO - Setting next_dagrun for example_kubernetes_executor to None, run_after=None
[2023-12-18T14:38:54.406+0000] {processor.py:179} INFO - Processing /home/airflow/.local/lib/python3.8/site-packages/airflow/example_dags/example_kubernetes_executor.py took 0.068 seconds
[2023-12-18T14:39:54.751+0000] {processor.py:157} INFO - Started process (PID=63) to work on /home/airflow/.local/lib/python3.8/site-packages/airflow/example_dags/example_kubernetes_executor.py
[2023-12-18T14:39:54.752+0000] {processor.py:829} INFO - Processing file /home/airflow/.local/lib/python3.8/site-packages/airflow/example_dags/example_kubernetes_executor.py for tasks to queue
[2023-12-18T14:39:54.755+0000] {logging_mixin.py:154} INFO - [2023-12-18T14:39:54.754+0000] {dagbag.py:536} INFO - Filling up the DagBag from /home/airflow/.local/lib/python3.8/site-packages/airflow/example_dags/example_kubernetes_executor.py
[2023-12-18T14:39:54.779+0000] {processor.py:839} INFO - DAG(s) dict_keys(['example_kubernetes_executor']) retrieved from /home/airflow/.local/lib/python3.8/site-packages/airflow/example_dags/example_kubernetes_executor.py
[2023-12-18T14:39:54.808+0000] {logging_mixin.py:154} INFO - [2023-12-18T14:39:54.808+0000] {dag.py:2941} INFO - Sync 1 DAGs
[2023-12-18T14:39:54.826+0000] {logging_mixin.py:154} INFO - [2023-12-18T14:39:54.826+0000] {dag.py:3722} INFO - Setting next_dagrun for example_kubernetes_executor to None, run_after=None
[2023-12-18T14:39:54.882+0000] {processor.py:179} INFO - Processing /home/airflow/.local/lib/python3.8/site-packages/airflow/example_dags/example_kubernetes_executor.py took 0.134 seconds
[2023-12-18T14:40:25.355+0000] {processor.py:157} INFO - Started process (PID=132) to work on /home/airflow/.local/lib/python3.8/site-packages/airflow/example_dags/example_kubernetes_executor.py
[2023-12-18T14:40:25.355+0000] {processor.py:829} INFO - Processing file /home/airflow/.local/lib/python3.8/site-packages/airflow/example_dags/example_kubernetes_executor.py for tasks to queue
[2023-12-18T14:40:25.356+0000] {logging_mixin.py:154} INFO - [2023-12-18T14:40:25.356+0000] {dagbag.py:536} INFO - Filling up the DagBag from /home/airflow/.local/lib/python3.8/site-packages/airflow/example_dags/example_kubernetes_executor.py
[2023-12-18T14:40:25.364+0000] {processor.py:839} INFO - DAG(s) dict_keys(['example_kubernetes_executor']) retrieved from /home/airflow/.local/lib/python3.8/site-packages/airflow/example_dags/example_kubernetes_executor.py
[2023-12-18T14:40:25.397+0000] {logging_mixin.py:154} INFO - [2023-12-18T14:40:25.397+0000] {dag.py:2941} INFO - Sync 1 DAGs
[2023-12-18T14:40:25.411+0000] {logging_mixin.py:154} INFO - [2023-12-18T14:40:25.411+0000] {dag.py:3722} INFO - Setting next_dagrun for example_kubernetes_executor to None, run_after=None
[2023-12-18T14:40:25.425+0000] {processor.py:179} INFO - Processing /home/airflow/.local/lib/python3.8/site-packages/airflow/example_dags/example_kubernetes_executor.py took 0.073 seconds
[2023-12-18T14:40:55.610+0000] {processor.py:157} INFO - Started process (PID=201) to work on /home/airflow/.local/lib/python3.8/site-packages/airflow/example_dags/example_kubernetes_executor.py
[2023-12-18T14:40:55.610+0000] {processor.py:829} INFO - Processing file /home/airflow/.local/lib/python3.8/site-packages/airflow/example_dags/example_kubernetes_executor.py for tasks to queue
[2023-12-18T14:40:55.611+0000] {logging_mixin.py:154} INFO - [2023-12-18T14:40:55.611+0000] {dagbag.py:536} INFO - Filling up the DagBag from /home/airflow/.local/lib/python3.8/site-packages/airflow/example_dags/example_kubernetes_executor.py
[2023-12-18T14:40:55.619+0000] {processor.py:839} INFO - DAG(s) dict_keys(['example_kubernetes_executor']) retrieved from /home/airflow/.local/lib/python3.8/site-packages/airflow/example_dags/example_kubernetes_executor.py
[2023-12-18T14:40:55.643+0000] {logging_mixin.py:154} INFO - [2023-12-18T14:40:55.643+0000] {dag.py:2941} INFO - Sync 1 DAGs
[2023-12-18T14:40:55.651+0000] {logging_mixin.py:154} INFO - [2023-12-18T14:40:55.651+0000] {dag.py:3722} INFO - Setting next_dagrun for example_kubernetes_executor to None, run_after=None
[2023-12-18T14:40:55.682+0000] {processor.py:179} INFO - Processing /home/airflow/.local/lib/python3.8/site-packages/airflow/example_dags/example_kubernetes_executor.py took 0.075 seconds
[2023-12-18T14:41:26.435+0000] {processor.py:157} INFO - Started process (PID=270) to work on /home/airflow/.local/lib/python3.8/site-packages/airflow/example_dags/example_kubernetes_executor.py
[2023-12-18T14:41:26.436+0000] {processor.py:829} INFO - Processing file /home/airflow/.local/lib/python3.8/site-packages/airflow/example_dags/example_kubernetes_executor.py for tasks to queue
[2023-12-18T14:41:26.437+0000] {logging_mixin.py:154} INFO - [2023-12-18T14:41:26.437+0000] {dagbag.py:536} INFO - Filling up the DagBag from /home/airflow/.local/lib/python3.8/site-packages/airflow/example_dags/example_kubernetes_executor.py
[2023-12-18T14:41:26.444+0000] {processor.py:839} INFO - DAG(s) dict_keys(['example_kubernetes_executor']) retrieved from /home/airflow/.local/lib/python3.8/site-packages/airflow/example_dags/example_kubernetes_executor.py
[2023-12-18T14:41:26.467+0000] {logging_mixin.py:154} INFO - [2023-12-18T14:41:26.467+0000] {dag.py:2941} INFO - Sync 1 DAGs
[2023-12-18T14:41:26.474+0000] {logging_mixin.py:154} INFO - [2023-12-18T14:41:26.474+0000] {dag.py:3722} INFO - Setting next_dagrun for example_kubernetes_executor to None, run_after=None
[2023-12-18T14:41:26.484+0000] {processor.py:179} INFO - Processing /home/airflow/.local/lib/python3.8/site-packages/airflow/example_dags/example_kubernetes_executor.py took 0.051 seconds
[2023-12-18T14:41:57.223+0000] {processor.py:157} INFO - Started process (PID=340) to work on /home/airflow/.local/lib/python3.8/site-packages/airflow/example_dags/example_kubernetes_executor.py
[2023-12-18T14:41:57.223+0000] {processor.py:829} INFO - Processing file /home/airflow/.local/lib/python3.8/site-packages/airflow/example_dags/example_kubernetes_executor.py for tasks to queue
[2023-12-18T14:41:57.224+0000] {logging_mixin.py:154} INFO - [2023-12-18T14:41:57.224+0000] {dagbag.py:536} INFO - Filling up the DagBag from /home/airflow/.local/lib/python3.8/site-packages/airflow/example_dags/example_kubernetes_executor.py
[2023-12-18T14:41:57.231+0000] {processor.py:839} INFO - DAG(s) dict_keys(['example_kubernetes_executor']) retrieved from /home/airflow/.local/lib/python3.8/site-packages/airflow/example_dags/example_kubernetes_executor.py
[2023-12-18T14:41:57.252+0000] {logging_mixin.py:154} INFO - [2023-12-18T14:41:57.252+0000] {dag.py:2941} INFO - Sync 1 DAGs
[2023-12-18T14:41:57.259+0000] {logging_mixin.py:154} INFO - [2023-12-18T14:41:57.259+0000] {dag.py:3722} INFO - Setting next_dagrun for example_kubernetes_executor to None, run_after=None
[2023-12-18T14:41:57.269+0000] {processor.py:179} INFO - Processing /home/airflow/.local/lib/python3.8/site-packages/airflow/example_dags/example_kubernetes_executor.py took 0.048 seconds
[2023-12-18T14:42:28.182+0000] {processor.py:157} INFO - Started process (PID=409) to work on /home/airflow/.local/lib/python3.8/site-packages/airflow/example_dags/example_kubernetes_executor.py
[2023-12-18T14:42:28.182+0000] {processor.py:829} INFO - Processing file /home/airflow/.local/lib/python3.8/site-packages/airflow/example_dags/example_kubernetes_executor.py for tasks to queue
[2023-12-18T14:42:28.183+0000] {logging_mixin.py:154} INFO - [2023-12-18T14:42:28.183+0000] {dagbag.py:536} INFO - Filling up the DagBag from /home/airflow/.local/lib/python3.8/site-packages/airflow/example_dags/example_kubernetes_executor.py
[2023-12-18T14:42:28.190+0000] {processor.py:839} INFO - DAG(s) dict_keys(['example_kubernetes_executor']) retrieved from /home/airflow/.local/lib/python3.8/site-packages/airflow/example_dags/example_kubernetes_executor.py
[2023-12-18T14:42:28.212+0000] {logging_mixin.py:154} INFO - [2023-12-18T14:42:28.212+0000] {dag.py:2941} INFO - Sync 1 DAGs
[2023-12-18T14:42:28.219+0000] {logging_mixin.py:154} INFO - [2023-12-18T14:42:28.219+0000] {dag.py:3722} INFO - Setting next_dagrun for example_kubernetes_executor to None, run_after=None
[2023-12-18T14:42:28.230+0000] {processor.py:179} INFO - Processing /home/airflow/.local/lib/python3.8/site-packages/airflow/example_dags/example_kubernetes_executor.py took 0.067 seconds
[2023-12-18T14:42:58.391+0000] {processor.py:157} INFO - Started process (PID=478) to work on /home/airflow/.local/lib/python3.8/site-packages/airflow/example_dags/example_kubernetes_executor.py
[2023-12-18T14:42:58.391+0000] {processor.py:829} INFO - Processing file /home/airflow/.local/lib/python3.8/site-packages/airflow/example_dags/example_kubernetes_executor.py for tasks to queue
[2023-12-18T14:42:58.392+0000] {logging_mixin.py:154} INFO - [2023-12-18T14:42:58.392+0000] {dagbag.py:536} INFO - Filling up the DagBag from /home/airflow/.local/lib/python3.8/site-packages/airflow/example_dags/example_kubernetes_executor.py
[2023-12-18T14:42:58.400+0000] {processor.py:839} INFO - DAG(s) dict_keys(['example_kubernetes_executor']) retrieved from /home/airflow/.local/lib/python3.8/site-packages/airflow/example_dags/example_kubernetes_executor.py
[2023-12-18T14:42:58.422+0000] {logging_mixin.py:154} INFO - [2023-12-18T14:42:58.422+0000] {dag.py:2941} INFO - Sync 1 DAGs
[2023-12-18T14:42:58.429+0000] {logging_mixin.py:154} INFO - [2023-12-18T14:42:58.429+0000] {dag.py:3722} INFO - Setting next_dagrun for example_kubernetes_executor to None, run_after=None
[2023-12-18T14:42:58.442+0000] {processor.py:179} INFO - Processing /home/airflow/.local/lib/python3.8/site-packages/airflow/example_dags/example_kubernetes_executor.py took 0.053 seconds
[2023-12-18T14:44:35.230+0000] {processor.py:157} INFO - Started process (PID=61) to work on /home/airflow/.local/lib/python3.8/site-packages/airflow/example_dags/example_kubernetes_executor.py
[2023-12-18T14:44:35.233+0000] {processor.py:829} INFO - Processing file /home/airflow/.local/lib/python3.8/site-packages/airflow/example_dags/example_kubernetes_executor.py for tasks to queue
[2023-12-18T14:44:35.242+0000] {logging_mixin.py:154} INFO - [2023-12-18T14:44:35.242+0000] {dagbag.py:536} INFO - Filling up the DagBag from /home/airflow/.local/lib/python3.8/site-packages/airflow/example_dags/example_kubernetes_executor.py
[2023-12-18T14:44:35.268+0000] {processor.py:839} INFO - DAG(s) dict_keys(['example_kubernetes_executor']) retrieved from /home/airflow/.local/lib/python3.8/site-packages/airflow/example_dags/example_kubernetes_executor.py
[2023-12-18T14:44:35.288+0000] {logging_mixin.py:154} INFO - [2023-12-18T14:44:35.287+0000] {dag.py:2941} INFO - Sync 1 DAGs
[2023-12-18T14:44:35.329+0000] {logging_mixin.py:154} INFO - [2023-12-18T14:44:35.329+0000] {dag.py:3722} INFO - Setting next_dagrun for example_kubernetes_executor to None, run_after=None
[2023-12-18T14:44:35.361+0000] {processor.py:179} INFO - Processing /home/airflow/.local/lib/python3.8/site-packages/airflow/example_dags/example_kubernetes_executor.py took 0.135 seconds
[2023-12-18T14:45:05.955+0000] {processor.py:157} INFO - Started process (PID=130) to work on /home/airflow/.local/lib/python3.8/site-packages/airflow/example_dags/example_kubernetes_executor.py
[2023-12-18T14:45:05.956+0000] {processor.py:829} INFO - Processing file /home/airflow/.local/lib/python3.8/site-packages/airflow/example_dags/example_kubernetes_executor.py for tasks to queue
[2023-12-18T14:45:05.957+0000] {logging_mixin.py:154} INFO - [2023-12-18T14:45:05.957+0000] {dagbag.py:536} INFO - Filling up the DagBag from /home/airflow/.local/lib/python3.8/site-packages/airflow/example_dags/example_kubernetes_executor.py
[2023-12-18T14:45:05.969+0000] {processor.py:839} INFO - DAG(s) dict_keys(['example_kubernetes_executor']) retrieved from /home/airflow/.local/lib/python3.8/site-packages/airflow/example_dags/example_kubernetes_executor.py
[2023-12-18T14:45:05.994+0000] {logging_mixin.py:154} INFO - [2023-12-18T14:45:05.994+0000] {dag.py:2941} INFO - Sync 1 DAGs
[2023-12-18T14:45:06.002+0000] {logging_mixin.py:154} INFO - [2023-12-18T14:45:06.002+0000] {dag.py:3722} INFO - Setting next_dagrun for example_kubernetes_executor to None, run_after=None
[2023-12-18T14:45:06.013+0000] {processor.py:179} INFO - Processing /home/airflow/.local/lib/python3.8/site-packages/airflow/example_dags/example_kubernetes_executor.py took 0.060 seconds
[2023-12-18T14:45:36.228+0000] {processor.py:157} INFO - Started process (PID=199) to work on /home/airflow/.local/lib/python3.8/site-packages/airflow/example_dags/example_kubernetes_executor.py
[2023-12-18T14:45:36.228+0000] {processor.py:829} INFO - Processing file /home/airflow/.local/lib/python3.8/site-packages/airflow/example_dags/example_kubernetes_executor.py for tasks to queue
[2023-12-18T14:45:36.230+0000] {logging_mixin.py:154} INFO - [2023-12-18T14:45:36.229+0000] {dagbag.py:536} INFO - Filling up the DagBag from /home/airflow/.local/lib/python3.8/site-packages/airflow/example_dags/example_kubernetes_executor.py
[2023-12-18T14:45:36.237+0000] {processor.py:839} INFO - DAG(s) dict_keys(['example_kubernetes_executor']) retrieved from /home/airflow/.local/lib/python3.8/site-packages/airflow/example_dags/example_kubernetes_executor.py
[2023-12-18T14:45:36.260+0000] {logging_mixin.py:154} INFO - [2023-12-18T14:45:36.259+0000] {dag.py:2941} INFO - Sync 1 DAGs
[2023-12-18T14:45:36.284+0000] {logging_mixin.py:154} INFO - [2023-12-18T14:45:36.284+0000] {dag.py:3722} INFO - Setting next_dagrun for example_kubernetes_executor to None, run_after=None
[2023-12-18T14:45:36.296+0000] {processor.py:179} INFO - Processing /home/airflow/.local/lib/python3.8/site-packages/airflow/example_dags/example_kubernetes_executor.py took 0.070 seconds
[2023-12-18T14:46:06.362+0000] {processor.py:157} INFO - Started process (PID=268) to work on /home/airflow/.local/lib/python3.8/site-packages/airflow/example_dags/example_kubernetes_executor.py
[2023-12-18T14:46:06.363+0000] {processor.py:829} INFO - Processing file /home/airflow/.local/lib/python3.8/site-packages/airflow/example_dags/example_kubernetes_executor.py for tasks to queue
[2023-12-18T14:46:06.365+0000] {logging_mixin.py:154} INFO - [2023-12-18T14:46:06.364+0000] {dagbag.py:536} INFO - Filling up the DagBag from /home/airflow/.local/lib/python3.8/site-packages/airflow/example_dags/example_kubernetes_executor.py
[2023-12-18T14:46:06.382+0000] {processor.py:839} INFO - DAG(s) dict_keys(['example_kubernetes_executor']) retrieved from /home/airflow/.local/lib/python3.8/site-packages/airflow/example_dags/example_kubernetes_executor.py
[2023-12-18T14:46:06.413+0000] {logging_mixin.py:154} INFO - [2023-12-18T14:46:06.412+0000] {dag.py:2941} INFO - Sync 1 DAGs
[2023-12-18T14:46:06.421+0000] {logging_mixin.py:154} INFO - [2023-12-18T14:46:06.421+0000] {dag.py:3722} INFO - Setting next_dagrun for example_kubernetes_executor to None, run_after=None
[2023-12-18T14:46:06.433+0000] {processor.py:179} INFO - Processing /home/airflow/.local/lib/python3.8/site-packages/airflow/example_dags/example_kubernetes_executor.py took 0.074 seconds
[2023-12-18T14:46:37.205+0000] {processor.py:157} INFO - Started process (PID=337) to work on /home/airflow/.local/lib/python3.8/site-packages/airflow/example_dags/example_kubernetes_executor.py
[2023-12-18T14:46:37.206+0000] {processor.py:829} INFO - Processing file /home/airflow/.local/lib/python3.8/site-packages/airflow/example_dags/example_kubernetes_executor.py for tasks to queue
[2023-12-18T14:46:37.207+0000] {logging_mixin.py:154} INFO - [2023-12-18T14:46:37.207+0000] {dagbag.py:536} INFO - Filling up the DagBag from /home/airflow/.local/lib/python3.8/site-packages/airflow/example_dags/example_kubernetes_executor.py
[2023-12-18T14:46:37.214+0000] {processor.py:839} INFO - DAG(s) dict_keys(['example_kubernetes_executor']) retrieved from /home/airflow/.local/lib/python3.8/site-packages/airflow/example_dags/example_kubernetes_executor.py
[2023-12-18T14:46:37.238+0000] {logging_mixin.py:154} INFO - [2023-12-18T14:46:37.237+0000] {dag.py:2941} INFO - Sync 1 DAGs
[2023-12-18T14:46:37.248+0000] {logging_mixin.py:154} INFO - [2023-12-18T14:46:37.248+0000] {dag.py:3722} INFO - Setting next_dagrun for example_kubernetes_executor to None, run_after=None
[2023-12-18T14:46:37.259+0000] {processor.py:179} INFO - Processing /home/airflow/.local/lib/python3.8/site-packages/airflow/example_dags/example_kubernetes_executor.py took 0.056 seconds
[2023-12-18T14:47:08.048+0000] {processor.py:157} INFO - Started process (PID=406) to work on /home/airflow/.local/lib/python3.8/site-packages/airflow/example_dags/example_kubernetes_executor.py
[2023-12-18T14:47:08.048+0000] {processor.py:829} INFO - Processing file /home/airflow/.local/lib/python3.8/site-packages/airflow/example_dags/example_kubernetes_executor.py for tasks to queue
[2023-12-18T14:47:08.050+0000] {logging_mixin.py:154} INFO - [2023-12-18T14:47:08.049+0000] {dagbag.py:536} INFO - Filling up the DagBag from /home/airflow/.local/lib/python3.8/site-packages/airflow/example_dags/example_kubernetes_executor.py
[2023-12-18T14:47:08.057+0000] {processor.py:839} INFO - DAG(s) dict_keys(['example_kubernetes_executor']) retrieved from /home/airflow/.local/lib/python3.8/site-packages/airflow/example_dags/example_kubernetes_executor.py
[2023-12-18T14:47:08.095+0000] {logging_mixin.py:154} INFO - [2023-12-18T14:47:08.095+0000] {dag.py:2941} INFO - Sync 1 DAGs
[2023-12-18T14:47:08.104+0000] {logging_mixin.py:154} INFO - [2023-12-18T14:47:08.103+0000] {dag.py:3722} INFO - Setting next_dagrun for example_kubernetes_executor to None, run_after=None
[2023-12-18T14:47:08.115+0000] {processor.py:179} INFO - Processing /home/airflow/.local/lib/python3.8/site-packages/airflow/example_dags/example_kubernetes_executor.py took 0.069 seconds
[2023-12-18T14:47:38.188+0000] {processor.py:157} INFO - Started process (PID=475) to work on /home/airflow/.local/lib/python3.8/site-packages/airflow/example_dags/example_kubernetes_executor.py
[2023-12-18T14:47:38.189+0000] {processor.py:829} INFO - Processing file /home/airflow/.local/lib/python3.8/site-packages/airflow/example_dags/example_kubernetes_executor.py for tasks to queue
[2023-12-18T14:47:38.190+0000] {logging_mixin.py:154} INFO - [2023-12-18T14:47:38.190+0000] {dagbag.py:536} INFO - Filling up the DagBag from /home/airflow/.local/lib/python3.8/site-packages/airflow/example_dags/example_kubernetes_executor.py
[2023-12-18T14:47:38.198+0000] {processor.py:839} INFO - DAG(s) dict_keys(['example_kubernetes_executor']) retrieved from /home/airflow/.local/lib/python3.8/site-packages/airflow/example_dags/example_kubernetes_executor.py
[2023-12-18T14:47:38.228+0000] {logging_mixin.py:154} INFO - [2023-12-18T14:47:38.228+0000] {dag.py:2941} INFO - Sync 1 DAGs
[2023-12-18T14:47:38.236+0000] {logging_mixin.py:154} INFO - [2023-12-18T14:47:38.235+0000] {dag.py:3722} INFO - Setting next_dagrun for example_kubernetes_executor to None, run_after=None
[2023-12-18T14:47:38.246+0000] {processor.py:179} INFO - Processing /home/airflow/.local/lib/python3.8/site-packages/airflow/example_dags/example_kubernetes_executor.py took 0.060 seconds
[2023-12-18T14:48:08.440+0000] {processor.py:157} INFO - Started process (PID=545) to work on /home/airflow/.local/lib/python3.8/site-packages/airflow/example_dags/example_kubernetes_executor.py
[2023-12-18T14:48:08.441+0000] {processor.py:829} INFO - Processing file /home/airflow/.local/lib/python3.8/site-packages/airflow/example_dags/example_kubernetes_executor.py for tasks to queue
[2023-12-18T14:48:08.442+0000] {logging_mixin.py:154} INFO - [2023-12-18T14:48:08.442+0000] {dagbag.py:536} INFO - Filling up the DagBag from /home/airflow/.local/lib/python3.8/site-packages/airflow/example_dags/example_kubernetes_executor.py
[2023-12-18T14:48:08.449+0000] {processor.py:839} INFO - DAG(s) dict_keys(['example_kubernetes_executor']) retrieved from /home/airflow/.local/lib/python3.8/site-packages/airflow/example_dags/example_kubernetes_executor.py
[2023-12-18T14:48:08.488+0000] {logging_mixin.py:154} INFO - [2023-12-18T14:48:08.488+0000] {dag.py:2941} INFO - Sync 1 DAGs
[2023-12-18T14:48:08.496+0000] {logging_mixin.py:154} INFO - [2023-12-18T14:48:08.495+0000] {dag.py:3722} INFO - Setting next_dagrun for example_kubernetes_executor to None, run_after=None
[2023-12-18T14:48:08.507+0000] {processor.py:179} INFO - Processing /home/airflow/.local/lib/python3.8/site-packages/airflow/example_dags/example_kubernetes_executor.py took 0.069 seconds
[2023-12-18T14:48:39.405+0000] {processor.py:157} INFO - Started process (PID=615) to work on /home/airflow/.local/lib/python3.8/site-packages/airflow/example_dags/example_kubernetes_executor.py
[2023-12-18T14:48:39.405+0000] {processor.py:829} INFO - Processing file /home/airflow/.local/lib/python3.8/site-packages/airflow/example_dags/example_kubernetes_executor.py for tasks to queue
[2023-12-18T14:48:39.406+0000] {logging_mixin.py:154} INFO - [2023-12-18T14:48:39.406+0000] {dagbag.py:536} INFO - Filling up the DagBag from /home/airflow/.local/lib/python3.8/site-packages/airflow/example_dags/example_kubernetes_executor.py
[2023-12-18T14:48:39.414+0000] {processor.py:839} INFO - DAG(s) dict_keys(['example_kubernetes_executor']) retrieved from /home/airflow/.local/lib/python3.8/site-packages/airflow/example_dags/example_kubernetes_executor.py
[2023-12-18T14:48:39.437+0000] {logging_mixin.py:154} INFO - [2023-12-18T14:48:39.437+0000] {dag.py:2941} INFO - Sync 1 DAGs
[2023-12-18T14:48:39.446+0000] {logging_mixin.py:154} INFO - [2023-12-18T14:48:39.446+0000] {dag.py:3722} INFO - Setting next_dagrun for example_kubernetes_executor to None, run_after=None
[2023-12-18T14:48:39.458+0000] {processor.py:179} INFO - Processing /home/airflow/.local/lib/python3.8/site-packages/airflow/example_dags/example_kubernetes_executor.py took 0.055 seconds
[2023-12-18T14:52:07.679+0000] {processor.py:157} INFO - Started process (PID=62) to work on /home/airflow/.local/lib/python3.8/site-packages/airflow/example_dags/example_kubernetes_executor.py
[2023-12-18T14:52:07.680+0000] {processor.py:829} INFO - Processing file /home/airflow/.local/lib/python3.8/site-packages/airflow/example_dags/example_kubernetes_executor.py for tasks to queue
[2023-12-18T14:52:07.703+0000] {logging_mixin.py:154} INFO - [2023-12-18T14:52:07.702+0000] {dagbag.py:536} INFO - Filling up the DagBag from /home/airflow/.local/lib/python3.8/site-packages/airflow/example_dags/example_kubernetes_executor.py
[2023-12-18T14:52:07.728+0000] {processor.py:839} INFO - DAG(s) dict_keys(['example_kubernetes_executor']) retrieved from /home/airflow/.local/lib/python3.8/site-packages/airflow/example_dags/example_kubernetes_executor.py
[2023-12-18T14:52:07.777+0000] {logging_mixin.py:154} INFO - [2023-12-18T14:52:07.777+0000] {dag.py:2941} INFO - Sync 1 DAGs
[2023-12-18T14:52:07.799+0000] {logging_mixin.py:154} INFO - [2023-12-18T14:52:07.799+0000] {dag.py:3722} INFO - Setting next_dagrun for example_kubernetes_executor to None, run_after=None
[2023-12-18T14:52:07.828+0000] {processor.py:179} INFO - Processing /home/airflow/.local/lib/python3.8/site-packages/airflow/example_dags/example_kubernetes_executor.py took 0.152 seconds
[2023-12-18T14:52:38.244+0000] {processor.py:157} INFO - Started process (PID=131) to work on /home/airflow/.local/lib/python3.8/site-packages/airflow/example_dags/example_kubernetes_executor.py
[2023-12-18T14:52:38.245+0000] {processor.py:829} INFO - Processing file /home/airflow/.local/lib/python3.8/site-packages/airflow/example_dags/example_kubernetes_executor.py for tasks to queue
[2023-12-18T14:52:38.246+0000] {logging_mixin.py:154} INFO - [2023-12-18T14:52:38.246+0000] {dagbag.py:536} INFO - Filling up the DagBag from /home/airflow/.local/lib/python3.8/site-packages/airflow/example_dags/example_kubernetes_executor.py
[2023-12-18T14:52:38.259+0000] {processor.py:839} INFO - DAG(s) dict_keys(['example_kubernetes_executor']) retrieved from /home/airflow/.local/lib/python3.8/site-packages/airflow/example_dags/example_kubernetes_executor.py
[2023-12-18T14:52:38.309+0000] {logging_mixin.py:154} INFO - [2023-12-18T14:52:38.309+0000] {dag.py:2941} INFO - Sync 1 DAGs
[2023-12-18T14:52:38.320+0000] {logging_mixin.py:154} INFO - [2023-12-18T14:52:38.319+0000] {dag.py:3722} INFO - Setting next_dagrun for example_kubernetes_executor to None, run_after=None
[2023-12-18T14:52:38.333+0000] {processor.py:179} INFO - Processing /home/airflow/.local/lib/python3.8/site-packages/airflow/example_dags/example_kubernetes_executor.py took 0.092 seconds
[2023-12-18T14:53:08.600+0000] {processor.py:157} INFO - Started process (PID=201) to work on /home/airflow/.local/lib/python3.8/site-packages/airflow/example_dags/example_kubernetes_executor.py
[2023-12-18T14:53:08.601+0000] {processor.py:829} INFO - Processing file /home/airflow/.local/lib/python3.8/site-packages/airflow/example_dags/example_kubernetes_executor.py for tasks to queue
[2023-12-18T14:53:08.602+0000] {logging_mixin.py:154} INFO - [2023-12-18T14:53:08.602+0000] {dagbag.py:536} INFO - Filling up the DagBag from /home/airflow/.local/lib/python3.8/site-packages/airflow/example_dags/example_kubernetes_executor.py
[2023-12-18T14:53:08.608+0000] {processor.py:839} INFO - DAG(s) dict_keys(['example_kubernetes_executor']) retrieved from /home/airflow/.local/lib/python3.8/site-packages/airflow/example_dags/example_kubernetes_executor.py
[2023-12-18T14:53:08.629+0000] {logging_mixin.py:154} INFO - [2023-12-18T14:53:08.629+0000] {dag.py:2941} INFO - Sync 1 DAGs
[2023-12-18T14:53:08.636+0000] {logging_mixin.py:154} INFO - [2023-12-18T14:53:08.636+0000] {dag.py:3722} INFO - Setting next_dagrun for example_kubernetes_executor to None, run_after=None
[2023-12-18T14:53:08.647+0000] {processor.py:179} INFO - Processing /home/airflow/.local/lib/python3.8/site-packages/airflow/example_dags/example_kubernetes_executor.py took 0.048 seconds
[2023-12-18T14:53:39.431+0000] {processor.py:157} INFO - Started process (PID=270) to work on /home/airflow/.local/lib/python3.8/site-packages/airflow/example_dags/example_kubernetes_executor.py
[2023-12-18T14:53:39.432+0000] {processor.py:829} INFO - Processing file /home/airflow/.local/lib/python3.8/site-packages/airflow/example_dags/example_kubernetes_executor.py for tasks to queue
[2023-12-18T14:53:39.433+0000] {logging_mixin.py:154} INFO - [2023-12-18T14:53:39.433+0000] {dagbag.py:536} INFO - Filling up the DagBag from /home/airflow/.local/lib/python3.8/site-packages/airflow/example_dags/example_kubernetes_executor.py
[2023-12-18T14:53:39.440+0000] {processor.py:839} INFO - DAG(s) dict_keys(['example_kubernetes_executor']) retrieved from /home/airflow/.local/lib/python3.8/site-packages/airflow/example_dags/example_kubernetes_executor.py
[2023-12-18T14:53:39.482+0000] {logging_mixin.py:154} INFO - [2023-12-18T14:53:39.481+0000] {dag.py:2941} INFO - Sync 1 DAGs
[2023-12-18T14:53:39.489+0000] {logging_mixin.py:154} INFO - [2023-12-18T14:53:39.489+0000] {dag.py:3722} INFO - Setting next_dagrun for example_kubernetes_executor to None, run_after=None
[2023-12-18T14:53:39.500+0000] {processor.py:179} INFO - Processing /home/airflow/.local/lib/python3.8/site-packages/airflow/example_dags/example_kubernetes_executor.py took 0.071 seconds
