[2023-12-18T14:25:39.536+0000] {processor.py:157} INFO - Started process (PID=50) to work on /home/airflow/.local/lib/python3.8/site-packages/airflow/example_dags/example_task_group.py
[2023-12-18T14:25:39.538+0000] {processor.py:829} INFO - Processing file /home/airflow/.local/lib/python3.8/site-packages/airflow/example_dags/example_task_group.py for tasks to queue
[2023-12-18T14:25:39.540+0000] {logging_mixin.py:154} INFO - [2023-12-18T14:25:39.539+0000] {dagbag.py:536} INFO - Filling up the DagBag from /home/airflow/.local/lib/python3.8/site-packages/airflow/example_dags/example_task_group.py
[2023-12-18T14:25:39.554+0000] {processor.py:839} INFO - DAG(s) dict_keys(['example_task_group']) retrieved from /home/airflow/.local/lib/python3.8/site-packages/airflow/example_dags/example_task_group.py
[2023-12-18T14:25:39.572+0000] {logging_mixin.py:154} INFO - [2023-12-18T14:25:39.572+0000] {dag.py:2941} INFO - Sync 1 DAGs
[2023-12-18T14:25:39.599+0000] {logging_mixin.py:154} INFO - [2023-12-18T14:25:39.599+0000] {dag.py:3722} INFO - Setting next_dagrun for example_task_group to 2023-12-17T14:25:39.598771+00:00, run_after=2023-12-18T14:25:39.598771+00:00
[2023-12-18T14:25:39.626+0000] {processor.py:179} INFO - Processing /home/airflow/.local/lib/python3.8/site-packages/airflow/example_dags/example_task_group.py took 0.092 seconds
[2023-12-18T14:26:09.649+0000] {processor.py:157} INFO - Started process (PID=119) to work on /home/airflow/.local/lib/python3.8/site-packages/airflow/example_dags/example_task_group.py
[2023-12-18T14:26:09.649+0000] {processor.py:829} INFO - Processing file /home/airflow/.local/lib/python3.8/site-packages/airflow/example_dags/example_task_group.py for tasks to queue
[2023-12-18T14:26:09.651+0000] {logging_mixin.py:154} INFO - [2023-12-18T14:26:09.650+0000] {dagbag.py:536} INFO - Filling up the DagBag from /home/airflow/.local/lib/python3.8/site-packages/airflow/example_dags/example_task_group.py
[2023-12-18T14:26:09.656+0000] {processor.py:839} INFO - DAG(s) dict_keys(['example_task_group']) retrieved from /home/airflow/.local/lib/python3.8/site-packages/airflow/example_dags/example_task_group.py
[2023-12-18T14:26:09.674+0000] {logging_mixin.py:154} INFO - [2023-12-18T14:26:09.674+0000] {dag.py:2941} INFO - Sync 1 DAGs
[2023-12-18T14:26:09.696+0000] {logging_mixin.py:154} INFO - [2023-12-18T14:26:09.696+0000] {dag.py:3722} INFO - Setting next_dagrun for example_task_group to 2023-12-17T14:26:09.696209+00:00, run_after=2023-12-18T14:26:09.696209+00:00
[2023-12-18T14:26:09.712+0000] {processor.py:179} INFO - Processing /home/airflow/.local/lib/python3.8/site-packages/airflow/example_dags/example_task_group.py took 0.066 seconds
[2023-12-18T14:26:40.058+0000] {processor.py:157} INFO - Started process (PID=189) to work on /home/airflow/.local/lib/python3.8/site-packages/airflow/example_dags/example_task_group.py
[2023-12-18T14:26:40.059+0000] {processor.py:829} INFO - Processing file /home/airflow/.local/lib/python3.8/site-packages/airflow/example_dags/example_task_group.py for tasks to queue
[2023-12-18T14:26:40.060+0000] {logging_mixin.py:154} INFO - [2023-12-18T14:26:40.060+0000] {dagbag.py:536} INFO - Filling up the DagBag from /home/airflow/.local/lib/python3.8/site-packages/airflow/example_dags/example_task_group.py
[2023-12-18T14:26:40.064+0000] {processor.py:839} INFO - DAG(s) dict_keys(['example_task_group']) retrieved from /home/airflow/.local/lib/python3.8/site-packages/airflow/example_dags/example_task_group.py
[2023-12-18T14:26:40.095+0000] {logging_mixin.py:154} INFO - [2023-12-18T14:26:40.095+0000] {dag.py:2941} INFO - Sync 1 DAGs
[2023-12-18T14:26:40.109+0000] {logging_mixin.py:154} INFO - [2023-12-18T14:26:40.108+0000] {dag.py:3722} INFO - Setting next_dagrun for example_task_group to 2023-12-17T14:26:40.108822+00:00, run_after=2023-12-18T14:26:40.108822+00:00
[2023-12-18T14:26:40.120+0000] {processor.py:179} INFO - Processing /home/airflow/.local/lib/python3.8/site-packages/airflow/example_dags/example_task_group.py took 0.063 seconds
[2023-12-18T14:27:10.982+0000] {processor.py:157} INFO - Started process (PID=258) to work on /home/airflow/.local/lib/python3.8/site-packages/airflow/example_dags/example_task_group.py
[2023-12-18T14:27:10.983+0000] {processor.py:829} INFO - Processing file /home/airflow/.local/lib/python3.8/site-packages/airflow/example_dags/example_task_group.py for tasks to queue
[2023-12-18T14:27:10.984+0000] {logging_mixin.py:154} INFO - [2023-12-18T14:27:10.984+0000] {dagbag.py:536} INFO - Filling up the DagBag from /home/airflow/.local/lib/python3.8/site-packages/airflow/example_dags/example_task_group.py
[2023-12-18T14:27:10.990+0000] {processor.py:839} INFO - DAG(s) dict_keys(['example_task_group']) retrieved from /home/airflow/.local/lib/python3.8/site-packages/airflow/example_dags/example_task_group.py
[2023-12-18T14:27:11.004+0000] {logging_mixin.py:154} INFO - [2023-12-18T14:27:11.004+0000] {dag.py:2941} INFO - Sync 1 DAGs
[2023-12-18T14:27:11.019+0000] {logging_mixin.py:154} INFO - [2023-12-18T14:27:11.019+0000] {dag.py:3722} INFO - Setting next_dagrun for example_task_group to 2023-12-17T14:27:11.019461+00:00, run_after=2023-12-18T14:27:11.019461+00:00
[2023-12-18T14:27:11.029+0000] {processor.py:179} INFO - Processing /home/airflow/.local/lib/python3.8/site-packages/airflow/example_dags/example_task_group.py took 0.065 seconds
[2023-12-18T14:27:41.830+0000] {processor.py:157} INFO - Started process (PID=327) to work on /home/airflow/.local/lib/python3.8/site-packages/airflow/example_dags/example_task_group.py
[2023-12-18T14:27:41.831+0000] {processor.py:829} INFO - Processing file /home/airflow/.local/lib/python3.8/site-packages/airflow/example_dags/example_task_group.py for tasks to queue
[2023-12-18T14:27:41.832+0000] {logging_mixin.py:154} INFO - [2023-12-18T14:27:41.832+0000] {dagbag.py:536} INFO - Filling up the DagBag from /home/airflow/.local/lib/python3.8/site-packages/airflow/example_dags/example_task_group.py
[2023-12-18T14:27:41.836+0000] {processor.py:839} INFO - DAG(s) dict_keys(['example_task_group']) retrieved from /home/airflow/.local/lib/python3.8/site-packages/airflow/example_dags/example_task_group.py
[2023-12-18T14:27:41.849+0000] {logging_mixin.py:154} INFO - [2023-12-18T14:27:41.849+0000] {dag.py:2941} INFO - Sync 1 DAGs
[2023-12-18T14:27:41.862+0000] {logging_mixin.py:154} INFO - [2023-12-18T14:27:41.862+0000] {dag.py:3722} INFO - Setting next_dagrun for example_task_group to 2023-12-17T14:27:41.862607+00:00, run_after=2023-12-18T14:27:41.862607+00:00
[2023-12-18T14:27:41.888+0000] {processor.py:179} INFO - Processing /home/airflow/.local/lib/python3.8/site-packages/airflow/example_dags/example_task_group.py took 0.060 seconds
[2023-12-18T14:28:12.001+0000] {processor.py:157} INFO - Started process (PID=395) to work on /home/airflow/.local/lib/python3.8/site-packages/airflow/example_dags/example_task_group.py
[2023-12-18T14:28:12.001+0000] {processor.py:829} INFO - Processing file /home/airflow/.local/lib/python3.8/site-packages/airflow/example_dags/example_task_group.py for tasks to queue
[2023-12-18T14:28:12.002+0000] {logging_mixin.py:154} INFO - [2023-12-18T14:28:12.002+0000] {dagbag.py:536} INFO - Filling up the DagBag from /home/airflow/.local/lib/python3.8/site-packages/airflow/example_dags/example_task_group.py
[2023-12-18T14:28:12.006+0000] {processor.py:839} INFO - DAG(s) dict_keys(['example_task_group']) retrieved from /home/airflow/.local/lib/python3.8/site-packages/airflow/example_dags/example_task_group.py
[2023-12-18T14:28:12.019+0000] {logging_mixin.py:154} INFO - [2023-12-18T14:28:12.019+0000] {dag.py:2941} INFO - Sync 1 DAGs
[2023-12-18T14:28:12.033+0000] {logging_mixin.py:154} INFO - [2023-12-18T14:28:12.033+0000] {dag.py:3722} INFO - Setting next_dagrun for example_task_group to 2023-12-17T14:28:12.032861+00:00, run_after=2023-12-18T14:28:12.032861+00:00
[2023-12-18T14:28:12.044+0000] {processor.py:179} INFO - Processing /home/airflow/.local/lib/python3.8/site-packages/airflow/example_dags/example_task_group.py took 0.045 seconds
[2023-12-18T14:28:42.802+0000] {processor.py:157} INFO - Started process (PID=464) to work on /home/airflow/.local/lib/python3.8/site-packages/airflow/example_dags/example_task_group.py
[2023-12-18T14:28:42.802+0000] {processor.py:829} INFO - Processing file /home/airflow/.local/lib/python3.8/site-packages/airflow/example_dags/example_task_group.py for tasks to queue
[2023-12-18T14:28:42.804+0000] {logging_mixin.py:154} INFO - [2023-12-18T14:28:42.803+0000] {dagbag.py:536} INFO - Filling up the DagBag from /home/airflow/.local/lib/python3.8/site-packages/airflow/example_dags/example_task_group.py
[2023-12-18T14:28:42.808+0000] {processor.py:839} INFO - DAG(s) dict_keys(['example_task_group']) retrieved from /home/airflow/.local/lib/python3.8/site-packages/airflow/example_dags/example_task_group.py
[2023-12-18T14:28:42.822+0000] {logging_mixin.py:154} INFO - [2023-12-18T14:28:42.822+0000] {dag.py:2941} INFO - Sync 1 DAGs
[2023-12-18T14:28:42.835+0000] {logging_mixin.py:154} INFO - [2023-12-18T14:28:42.835+0000] {dag.py:3722} INFO - Setting next_dagrun for example_task_group to 2023-12-17T14:28:42.835633+00:00, run_after=2023-12-18T14:28:42.835633+00:00
[2023-12-18T14:28:42.846+0000] {processor.py:179} INFO - Processing /home/airflow/.local/lib/python3.8/site-packages/airflow/example_dags/example_task_group.py took 0.046 seconds
[2023-12-18T14:29:13.717+0000] {processor.py:157} INFO - Started process (PID=533) to work on /home/airflow/.local/lib/python3.8/site-packages/airflow/example_dags/example_task_group.py
[2023-12-18T14:29:13.718+0000] {processor.py:829} INFO - Processing file /home/airflow/.local/lib/python3.8/site-packages/airflow/example_dags/example_task_group.py for tasks to queue
[2023-12-18T14:29:13.719+0000] {logging_mixin.py:154} INFO - [2023-12-18T14:29:13.719+0000] {dagbag.py:536} INFO - Filling up the DagBag from /home/airflow/.local/lib/python3.8/site-packages/airflow/example_dags/example_task_group.py
[2023-12-18T14:29:13.723+0000] {processor.py:839} INFO - DAG(s) dict_keys(['example_task_group']) retrieved from /home/airflow/.local/lib/python3.8/site-packages/airflow/example_dags/example_task_group.py
[2023-12-18T14:29:13.736+0000] {logging_mixin.py:154} INFO - [2023-12-18T14:29:13.736+0000] {dag.py:2941} INFO - Sync 1 DAGs
[2023-12-18T14:29:13.749+0000] {logging_mixin.py:154} INFO - [2023-12-18T14:29:13.749+0000] {dag.py:3722} INFO - Setting next_dagrun for example_task_group to 2023-12-17T14:29:13.749036+00:00, run_after=2023-12-18T14:29:13.749036+00:00
[2023-12-18T14:29:13.760+0000] {processor.py:179} INFO - Processing /home/airflow/.local/lib/python3.8/site-packages/airflow/example_dags/example_task_group.py took 0.045 seconds
[2023-12-18T14:29:43.810+0000] {processor.py:157} INFO - Started process (PID=602) to work on /home/airflow/.local/lib/python3.8/site-packages/airflow/example_dags/example_task_group.py
[2023-12-18T14:29:43.811+0000] {processor.py:829} INFO - Processing file /home/airflow/.local/lib/python3.8/site-packages/airflow/example_dags/example_task_group.py for tasks to queue
[2023-12-18T14:29:43.812+0000] {logging_mixin.py:154} INFO - [2023-12-18T14:29:43.812+0000] {dagbag.py:536} INFO - Filling up the DagBag from /home/airflow/.local/lib/python3.8/site-packages/airflow/example_dags/example_task_group.py
[2023-12-18T14:29:43.816+0000] {processor.py:839} INFO - DAG(s) dict_keys(['example_task_group']) retrieved from /home/airflow/.local/lib/python3.8/site-packages/airflow/example_dags/example_task_group.py
[2023-12-18T14:29:43.829+0000] {logging_mixin.py:154} INFO - [2023-12-18T14:29:43.829+0000] {dag.py:2941} INFO - Sync 1 DAGs
[2023-12-18T14:29:43.842+0000] {logging_mixin.py:154} INFO - [2023-12-18T14:29:43.842+0000] {dag.py:3722} INFO - Setting next_dagrun for example_task_group to 2023-12-17T14:29:43.841933+00:00, run_after=2023-12-18T14:29:43.841933+00:00
[2023-12-18T14:29:43.851+0000] {processor.py:179} INFO - Processing /home/airflow/.local/lib/python3.8/site-packages/airflow/example_dags/example_task_group.py took 0.043 seconds
[2023-12-18T14:30:13.989+0000] {processor.py:157} INFO - Started process (PID=672) to work on /home/airflow/.local/lib/python3.8/site-packages/airflow/example_dags/example_task_group.py
[2023-12-18T14:30:13.990+0000] {processor.py:829} INFO - Processing file /home/airflow/.local/lib/python3.8/site-packages/airflow/example_dags/example_task_group.py for tasks to queue
[2023-12-18T14:30:13.991+0000] {logging_mixin.py:154} INFO - [2023-12-18T14:30:13.991+0000] {dagbag.py:536} INFO - Filling up the DagBag from /home/airflow/.local/lib/python3.8/site-packages/airflow/example_dags/example_task_group.py
[2023-12-18T14:30:13.995+0000] {processor.py:839} INFO - DAG(s) dict_keys(['example_task_group']) retrieved from /home/airflow/.local/lib/python3.8/site-packages/airflow/example_dags/example_task_group.py
[2023-12-18T14:30:14.009+0000] {logging_mixin.py:154} INFO - [2023-12-18T14:30:14.009+0000] {dag.py:2941} INFO - Sync 1 DAGs
[2023-12-18T14:30:14.022+0000] {logging_mixin.py:154} INFO - [2023-12-18T14:30:14.022+0000] {dag.py:3722} INFO - Setting next_dagrun for example_task_group to 2023-12-17T14:30:14.022090+00:00, run_after=2023-12-18T14:30:14.022090+00:00
[2023-12-18T14:30:14.032+0000] {processor.py:179} INFO - Processing /home/airflow/.local/lib/python3.8/site-packages/airflow/example_dags/example_task_group.py took 0.045 seconds
[2023-12-18T14:30:44.098+0000] {processor.py:157} INFO - Started process (PID=741) to work on /home/airflow/.local/lib/python3.8/site-packages/airflow/example_dags/example_task_group.py
[2023-12-18T14:30:44.099+0000] {processor.py:829} INFO - Processing file /home/airflow/.local/lib/python3.8/site-packages/airflow/example_dags/example_task_group.py for tasks to queue
[2023-12-18T14:30:44.100+0000] {logging_mixin.py:154} INFO - [2023-12-18T14:30:44.100+0000] {dagbag.py:536} INFO - Filling up the DagBag from /home/airflow/.local/lib/python3.8/site-packages/airflow/example_dags/example_task_group.py
[2023-12-18T14:30:44.104+0000] {processor.py:839} INFO - DAG(s) dict_keys(['example_task_group']) retrieved from /home/airflow/.local/lib/python3.8/site-packages/airflow/example_dags/example_task_group.py
[2023-12-18T14:30:44.118+0000] {logging_mixin.py:154} INFO - [2023-12-18T14:30:44.117+0000] {dag.py:2941} INFO - Sync 1 DAGs
[2023-12-18T14:30:44.131+0000] {logging_mixin.py:154} INFO - [2023-12-18T14:30:44.131+0000] {dag.py:3722} INFO - Setting next_dagrun for example_task_group to 2023-12-17T14:30:44.131101+00:00, run_after=2023-12-18T14:30:44.131101+00:00
[2023-12-18T14:30:44.141+0000] {processor.py:179} INFO - Processing /home/airflow/.local/lib/python3.8/site-packages/airflow/example_dags/example_task_group.py took 0.045 seconds
[2023-12-18T14:31:14.287+0000] {processor.py:157} INFO - Started process (PID=811) to work on /home/airflow/.local/lib/python3.8/site-packages/airflow/example_dags/example_task_group.py
[2023-12-18T14:31:14.287+0000] {processor.py:829} INFO - Processing file /home/airflow/.local/lib/python3.8/site-packages/airflow/example_dags/example_task_group.py for tasks to queue
[2023-12-18T14:31:14.288+0000] {logging_mixin.py:154} INFO - [2023-12-18T14:31:14.288+0000] {dagbag.py:536} INFO - Filling up the DagBag from /home/airflow/.local/lib/python3.8/site-packages/airflow/example_dags/example_task_group.py
[2023-12-18T14:31:14.293+0000] {processor.py:839} INFO - DAG(s) dict_keys(['example_task_group']) retrieved from /home/airflow/.local/lib/python3.8/site-packages/airflow/example_dags/example_task_group.py
[2023-12-18T14:31:14.306+0000] {logging_mixin.py:154} INFO - [2023-12-18T14:31:14.306+0000] {dag.py:2941} INFO - Sync 1 DAGs
[2023-12-18T14:31:14.320+0000] {logging_mixin.py:154} INFO - [2023-12-18T14:31:14.320+0000] {dag.py:3722} INFO - Setting next_dagrun for example_task_group to 2023-12-17T14:31:14.320089+00:00, run_after=2023-12-18T14:31:14.320089+00:00
[2023-12-18T14:31:14.330+0000] {processor.py:179} INFO - Processing /home/airflow/.local/lib/python3.8/site-packages/airflow/example_dags/example_task_group.py took 0.046 seconds
[2023-12-18T14:31:45.101+0000] {processor.py:157} INFO - Started process (PID=880) to work on /home/airflow/.local/lib/python3.8/site-packages/airflow/example_dags/example_task_group.py
[2023-12-18T14:31:45.101+0000] {processor.py:829} INFO - Processing file /home/airflow/.local/lib/python3.8/site-packages/airflow/example_dags/example_task_group.py for tasks to queue
[2023-12-18T14:31:45.102+0000] {logging_mixin.py:154} INFO - [2023-12-18T14:31:45.102+0000] {dagbag.py:536} INFO - Filling up the DagBag from /home/airflow/.local/lib/python3.8/site-packages/airflow/example_dags/example_task_group.py
[2023-12-18T14:31:45.106+0000] {processor.py:839} INFO - DAG(s) dict_keys(['example_task_group']) retrieved from /home/airflow/.local/lib/python3.8/site-packages/airflow/example_dags/example_task_group.py
[2023-12-18T14:31:45.119+0000] {logging_mixin.py:154} INFO - [2023-12-18T14:31:45.119+0000] {dag.py:2941} INFO - Sync 1 DAGs
[2023-12-18T14:31:45.132+0000] {logging_mixin.py:154} INFO - [2023-12-18T14:31:45.132+0000] {dag.py:3722} INFO - Setting next_dagrun for example_task_group to 2023-12-17T14:31:45.132589+00:00, run_after=2023-12-18T14:31:45.132589+00:00
[2023-12-18T14:31:45.142+0000] {processor.py:179} INFO - Processing /home/airflow/.local/lib/python3.8/site-packages/airflow/example_dags/example_task_group.py took 0.044 seconds
[2023-12-18T14:32:15.215+0000] {processor.py:157} INFO - Started process (PID=948) to work on /home/airflow/.local/lib/python3.8/site-packages/airflow/example_dags/example_task_group.py
[2023-12-18T14:32:15.215+0000] {processor.py:829} INFO - Processing file /home/airflow/.local/lib/python3.8/site-packages/airflow/example_dags/example_task_group.py for tasks to queue
[2023-12-18T14:32:15.216+0000] {logging_mixin.py:154} INFO - [2023-12-18T14:32:15.216+0000] {dagbag.py:536} INFO - Filling up the DagBag from /home/airflow/.local/lib/python3.8/site-packages/airflow/example_dags/example_task_group.py
[2023-12-18T14:32:15.220+0000] {processor.py:839} INFO - DAG(s) dict_keys(['example_task_group']) retrieved from /home/airflow/.local/lib/python3.8/site-packages/airflow/example_dags/example_task_group.py
[2023-12-18T14:32:15.233+0000] {logging_mixin.py:154} INFO - [2023-12-18T14:32:15.233+0000] {dag.py:2941} INFO - Sync 1 DAGs
[2023-12-18T14:32:15.246+0000] {logging_mixin.py:154} INFO - [2023-12-18T14:32:15.246+0000] {dag.py:3722} INFO - Setting next_dagrun for example_task_group to 2023-12-17T14:32:15.245864+00:00, run_after=2023-12-18T14:32:15.245864+00:00
[2023-12-18T14:32:15.257+0000] {processor.py:179} INFO - Processing /home/airflow/.local/lib/python3.8/site-packages/airflow/example_dags/example_task_group.py took 0.044 seconds
[2023-12-18T14:32:46.221+0000] {processor.py:157} INFO - Started process (PID=1016) to work on /home/airflow/.local/lib/python3.8/site-packages/airflow/example_dags/example_task_group.py
[2023-12-18T14:32:46.221+0000] {processor.py:829} INFO - Processing file /home/airflow/.local/lib/python3.8/site-packages/airflow/example_dags/example_task_group.py for tasks to queue
[2023-12-18T14:32:46.222+0000] {logging_mixin.py:154} INFO - [2023-12-18T14:32:46.222+0000] {dagbag.py:536} INFO - Filling up the DagBag from /home/airflow/.local/lib/python3.8/site-packages/airflow/example_dags/example_task_group.py
[2023-12-18T14:32:46.226+0000] {processor.py:839} INFO - DAG(s) dict_keys(['example_task_group']) retrieved from /home/airflow/.local/lib/python3.8/site-packages/airflow/example_dags/example_task_group.py
[2023-12-18T14:32:46.239+0000] {logging_mixin.py:154} INFO - [2023-12-18T14:32:46.239+0000] {dag.py:2941} INFO - Sync 1 DAGs
[2023-12-18T14:32:46.253+0000] {logging_mixin.py:154} INFO - [2023-12-18T14:32:46.253+0000] {dag.py:3722} INFO - Setting next_dagrun for example_task_group to 2023-12-17T14:32:46.252897+00:00, run_after=2023-12-18T14:32:46.252897+00:00
[2023-12-18T14:32:46.263+0000] {processor.py:179} INFO - Processing /home/airflow/.local/lib/python3.8/site-packages/airflow/example_dags/example_task_group.py took 0.044 seconds
[2023-12-18T14:33:16.933+0000] {processor.py:157} INFO - Started process (PID=1085) to work on /home/airflow/.local/lib/python3.8/site-packages/airflow/example_dags/example_task_group.py
[2023-12-18T14:33:16.934+0000] {processor.py:829} INFO - Processing file /home/airflow/.local/lib/python3.8/site-packages/airflow/example_dags/example_task_group.py for tasks to queue
[2023-12-18T14:33:16.935+0000] {logging_mixin.py:154} INFO - [2023-12-18T14:33:16.935+0000] {dagbag.py:536} INFO - Filling up the DagBag from /home/airflow/.local/lib/python3.8/site-packages/airflow/example_dags/example_task_group.py
[2023-12-18T14:33:16.940+0000] {processor.py:839} INFO - DAG(s) dict_keys(['example_task_group']) retrieved from /home/airflow/.local/lib/python3.8/site-packages/airflow/example_dags/example_task_group.py
[2023-12-18T14:33:16.954+0000] {logging_mixin.py:154} INFO - [2023-12-18T14:33:16.954+0000] {dag.py:2941} INFO - Sync 1 DAGs
[2023-12-18T14:33:16.985+0000] {logging_mixin.py:154} INFO - [2023-12-18T14:33:16.985+0000] {dag.py:3722} INFO - Setting next_dagrun for example_task_group to 2023-12-17T14:33:16.984958+00:00, run_after=2023-12-18T14:33:16.984958+00:00
[2023-12-18T14:33:17.000+0000] {processor.py:179} INFO - Processing /home/airflow/.local/lib/python3.8/site-packages/airflow/example_dags/example_task_group.py took 0.069 seconds
[2023-12-18T14:33:47.818+0000] {processor.py:157} INFO - Started process (PID=1160) to work on /home/airflow/.local/lib/python3.8/site-packages/airflow/example_dags/example_task_group.py
[2023-12-18T14:33:47.818+0000] {processor.py:829} INFO - Processing file /home/airflow/.local/lib/python3.8/site-packages/airflow/example_dags/example_task_group.py for tasks to queue
[2023-12-18T14:33:47.820+0000] {logging_mixin.py:154} INFO - [2023-12-18T14:33:47.819+0000] {dagbag.py:536} INFO - Filling up the DagBag from /home/airflow/.local/lib/python3.8/site-packages/airflow/example_dags/example_task_group.py
[2023-12-18T14:33:47.824+0000] {processor.py:839} INFO - DAG(s) dict_keys(['example_task_group']) retrieved from /home/airflow/.local/lib/python3.8/site-packages/airflow/example_dags/example_task_group.py
[2023-12-18T14:33:47.837+0000] {logging_mixin.py:154} INFO - [2023-12-18T14:33:47.837+0000] {dag.py:2941} INFO - Sync 1 DAGs
[2023-12-18T14:33:47.849+0000] {logging_mixin.py:154} INFO - [2023-12-18T14:33:47.849+0000] {dag.py:3722} INFO - Setting next_dagrun for example_task_group to 2023-12-17T14:33:47.849727+00:00, run_after=2023-12-18T14:33:47.849727+00:00
[2023-12-18T14:33:47.859+0000] {processor.py:179} INFO - Processing /home/airflow/.local/lib/python3.8/site-packages/airflow/example_dags/example_task_group.py took 0.043 seconds
[2023-12-18T14:34:17.922+0000] {processor.py:157} INFO - Started process (PID=1223) to work on /home/airflow/.local/lib/python3.8/site-packages/airflow/example_dags/example_task_group.py
[2023-12-18T14:34:17.923+0000] {processor.py:829} INFO - Processing file /home/airflow/.local/lib/python3.8/site-packages/airflow/example_dags/example_task_group.py for tasks to queue
[2023-12-18T14:34:17.924+0000] {logging_mixin.py:154} INFO - [2023-12-18T14:34:17.923+0000] {dagbag.py:536} INFO - Filling up the DagBag from /home/airflow/.local/lib/python3.8/site-packages/airflow/example_dags/example_task_group.py
[2023-12-18T14:34:17.927+0000] {processor.py:839} INFO - DAG(s) dict_keys(['example_task_group']) retrieved from /home/airflow/.local/lib/python3.8/site-packages/airflow/example_dags/example_task_group.py
[2023-12-18T14:34:17.940+0000] {logging_mixin.py:154} INFO - [2023-12-18T14:34:17.939+0000] {dag.py:2941} INFO - Sync 1 DAGs
[2023-12-18T14:34:17.951+0000] {logging_mixin.py:154} INFO - [2023-12-18T14:34:17.951+0000] {dag.py:3722} INFO - Setting next_dagrun for example_task_group to 2023-12-17T14:34:17.951733+00:00, run_after=2023-12-18T14:34:17.951733+00:00
[2023-12-18T14:34:17.961+0000] {processor.py:179} INFO - Processing /home/airflow/.local/lib/python3.8/site-packages/airflow/example_dags/example_task_group.py took 0.041 seconds
[2023-12-18T14:34:48.008+0000] {processor.py:157} INFO - Started process (PID=1293) to work on /home/airflow/.local/lib/python3.8/site-packages/airflow/example_dags/example_task_group.py
[2023-12-18T14:34:48.008+0000] {processor.py:829} INFO - Processing file /home/airflow/.local/lib/python3.8/site-packages/airflow/example_dags/example_task_group.py for tasks to queue
[2023-12-18T14:34:48.009+0000] {logging_mixin.py:154} INFO - [2023-12-18T14:34:48.009+0000] {dagbag.py:536} INFO - Filling up the DagBag from /home/airflow/.local/lib/python3.8/site-packages/airflow/example_dags/example_task_group.py
[2023-12-18T14:34:48.014+0000] {processor.py:839} INFO - DAG(s) dict_keys(['example_task_group']) retrieved from /home/airflow/.local/lib/python3.8/site-packages/airflow/example_dags/example_task_group.py
[2023-12-18T14:34:48.027+0000] {logging_mixin.py:154} INFO - [2023-12-18T14:34:48.027+0000] {dag.py:2941} INFO - Sync 1 DAGs
[2023-12-18T14:34:48.040+0000] {logging_mixin.py:154} INFO - [2023-12-18T14:34:48.040+0000] {dag.py:3722} INFO - Setting next_dagrun for example_task_group to 2023-12-17T14:34:48.040465+00:00, run_after=2023-12-18T14:34:48.040465+00:00
[2023-12-18T14:34:48.051+0000] {processor.py:179} INFO - Processing /home/airflow/.local/lib/python3.8/site-packages/airflow/example_dags/example_task_group.py took 0.045 seconds
[2023-12-18T14:35:18.174+0000] {processor.py:157} INFO - Started process (PID=1362) to work on /home/airflow/.local/lib/python3.8/site-packages/airflow/example_dags/example_task_group.py
[2023-12-18T14:35:18.174+0000] {processor.py:829} INFO - Processing file /home/airflow/.local/lib/python3.8/site-packages/airflow/example_dags/example_task_group.py for tasks to queue
[2023-12-18T14:35:18.175+0000] {logging_mixin.py:154} INFO - [2023-12-18T14:35:18.175+0000] {dagbag.py:536} INFO - Filling up the DagBag from /home/airflow/.local/lib/python3.8/site-packages/airflow/example_dags/example_task_group.py
[2023-12-18T14:35:18.181+0000] {processor.py:839} INFO - DAG(s) dict_keys(['example_task_group']) retrieved from /home/airflow/.local/lib/python3.8/site-packages/airflow/example_dags/example_task_group.py
[2023-12-18T14:35:18.194+0000] {logging_mixin.py:154} INFO - [2023-12-18T14:35:18.194+0000] {dag.py:2941} INFO - Sync 1 DAGs
[2023-12-18T14:35:18.208+0000] {logging_mixin.py:154} INFO - [2023-12-18T14:35:18.208+0000] {dag.py:3722} INFO - Setting next_dagrun for example_task_group to 2023-12-17T14:35:18.207944+00:00, run_after=2023-12-18T14:35:18.207944+00:00
[2023-12-18T14:35:18.219+0000] {processor.py:179} INFO - Processing /home/airflow/.local/lib/python3.8/site-packages/airflow/example_dags/example_task_group.py took 0.047 seconds
[2023-12-18T14:35:49.208+0000] {processor.py:157} INFO - Started process (PID=1436) to work on /home/airflow/.local/lib/python3.8/site-packages/airflow/example_dags/example_task_group.py
[2023-12-18T14:35:49.209+0000] {processor.py:829} INFO - Processing file /home/airflow/.local/lib/python3.8/site-packages/airflow/example_dags/example_task_group.py for tasks to queue
[2023-12-18T14:35:49.210+0000] {logging_mixin.py:154} INFO - [2023-12-18T14:35:49.210+0000] {dagbag.py:536} INFO - Filling up the DagBag from /home/airflow/.local/lib/python3.8/site-packages/airflow/example_dags/example_task_group.py
[2023-12-18T14:35:49.214+0000] {processor.py:839} INFO - DAG(s) dict_keys(['example_task_group']) retrieved from /home/airflow/.local/lib/python3.8/site-packages/airflow/example_dags/example_task_group.py
[2023-12-18T14:35:49.227+0000] {logging_mixin.py:154} INFO - [2023-12-18T14:35:49.227+0000] {dag.py:2941} INFO - Sync 1 DAGs
[2023-12-18T14:35:49.241+0000] {logging_mixin.py:154} INFO - [2023-12-18T14:35:49.241+0000] {dag.py:3722} INFO - Setting next_dagrun for example_task_group to 2023-12-17T14:35:49.241240+00:00, run_after=2023-12-18T14:35:49.241240+00:00
[2023-12-18T14:35:49.251+0000] {processor.py:179} INFO - Processing /home/airflow/.local/lib/python3.8/site-packages/airflow/example_dags/example_task_group.py took 0.045 seconds
[2023-12-18T14:36:19.324+0000] {processor.py:157} INFO - Started process (PID=1499) to work on /home/airflow/.local/lib/python3.8/site-packages/airflow/example_dags/example_task_group.py
[2023-12-18T14:36:19.324+0000] {processor.py:829} INFO - Processing file /home/airflow/.local/lib/python3.8/site-packages/airflow/example_dags/example_task_group.py for tasks to queue
[2023-12-18T14:36:19.325+0000] {logging_mixin.py:154} INFO - [2023-12-18T14:36:19.325+0000] {dagbag.py:536} INFO - Filling up the DagBag from /home/airflow/.local/lib/python3.8/site-packages/airflow/example_dags/example_task_group.py
[2023-12-18T14:36:19.329+0000] {processor.py:839} INFO - DAG(s) dict_keys(['example_task_group']) retrieved from /home/airflow/.local/lib/python3.8/site-packages/airflow/example_dags/example_task_group.py
[2023-12-18T14:36:19.343+0000] {logging_mixin.py:154} INFO - [2023-12-18T14:36:19.343+0000] {dag.py:2941} INFO - Sync 1 DAGs
[2023-12-18T14:36:19.356+0000] {logging_mixin.py:154} INFO - [2023-12-18T14:36:19.356+0000] {dag.py:3722} INFO - Setting next_dagrun for example_task_group to 2023-12-17T14:36:19.356250+00:00, run_after=2023-12-18T14:36:19.356250+00:00
[2023-12-18T14:36:19.366+0000] {processor.py:179} INFO - Processing /home/airflow/.local/lib/python3.8/site-packages/airflow/example_dags/example_task_group.py took 0.045 seconds
[2023-12-18T14:36:49.427+0000] {processor.py:157} INFO - Started process (PID=1568) to work on /home/airflow/.local/lib/python3.8/site-packages/airflow/example_dags/example_task_group.py
[2023-12-18T14:36:49.428+0000] {processor.py:829} INFO - Processing file /home/airflow/.local/lib/python3.8/site-packages/airflow/example_dags/example_task_group.py for tasks to queue
[2023-12-18T14:36:49.429+0000] {logging_mixin.py:154} INFO - [2023-12-18T14:36:49.429+0000] {dagbag.py:536} INFO - Filling up the DagBag from /home/airflow/.local/lib/python3.8/site-packages/airflow/example_dags/example_task_group.py
[2023-12-18T14:36:49.433+0000] {processor.py:839} INFO - DAG(s) dict_keys(['example_task_group']) retrieved from /home/airflow/.local/lib/python3.8/site-packages/airflow/example_dags/example_task_group.py
[2023-12-18T14:36:49.446+0000] {logging_mixin.py:154} INFO - [2023-12-18T14:36:49.446+0000] {dag.py:2941} INFO - Sync 1 DAGs
[2023-12-18T14:36:49.459+0000] {logging_mixin.py:154} INFO - [2023-12-18T14:36:49.459+0000] {dag.py:3722} INFO - Setting next_dagrun for example_task_group to 2023-12-17T14:36:49.459481+00:00, run_after=2023-12-18T14:36:49.459481+00:00
[2023-12-18T14:36:49.485+0000] {processor.py:179} INFO - Processing /home/airflow/.local/lib/python3.8/site-packages/airflow/example_dags/example_task_group.py took 0.059 seconds
[2023-12-18T14:37:19.557+0000] {processor.py:157} INFO - Started process (PID=1637) to work on /home/airflow/.local/lib/python3.8/site-packages/airflow/example_dags/example_task_group.py
[2023-12-18T14:37:19.558+0000] {processor.py:829} INFO - Processing file /home/airflow/.local/lib/python3.8/site-packages/airflow/example_dags/example_task_group.py for tasks to queue
[2023-12-18T14:37:19.559+0000] {logging_mixin.py:154} INFO - [2023-12-18T14:37:19.559+0000] {dagbag.py:536} INFO - Filling up the DagBag from /home/airflow/.local/lib/python3.8/site-packages/airflow/example_dags/example_task_group.py
[2023-12-18T14:37:19.563+0000] {processor.py:839} INFO - DAG(s) dict_keys(['example_task_group']) retrieved from /home/airflow/.local/lib/python3.8/site-packages/airflow/example_dags/example_task_group.py
[2023-12-18T14:37:19.597+0000] {logging_mixin.py:154} INFO - [2023-12-18T14:37:19.597+0000] {dag.py:2941} INFO - Sync 1 DAGs
[2023-12-18T14:37:19.610+0000] {logging_mixin.py:154} INFO - [2023-12-18T14:37:19.610+0000] {dag.py:3722} INFO - Setting next_dagrun for example_task_group to 2023-12-17T14:37:19.610215+00:00, run_after=2023-12-18T14:37:19.610215+00:00
[2023-12-18T14:37:19.621+0000] {processor.py:179} INFO - Processing /home/airflow/.local/lib/python3.8/site-packages/airflow/example_dags/example_task_group.py took 0.065 seconds
[2023-12-18T14:37:50.313+0000] {processor.py:157} INFO - Started process (PID=1706) to work on /home/airflow/.local/lib/python3.8/site-packages/airflow/example_dags/example_task_group.py
[2023-12-18T14:37:50.314+0000] {processor.py:829} INFO - Processing file /home/airflow/.local/lib/python3.8/site-packages/airflow/example_dags/example_task_group.py for tasks to queue
[2023-12-18T14:37:50.315+0000] {logging_mixin.py:154} INFO - [2023-12-18T14:37:50.315+0000] {dagbag.py:536} INFO - Filling up the DagBag from /home/airflow/.local/lib/python3.8/site-packages/airflow/example_dags/example_task_group.py
[2023-12-18T14:37:50.319+0000] {processor.py:839} INFO - DAG(s) dict_keys(['example_task_group']) retrieved from /home/airflow/.local/lib/python3.8/site-packages/airflow/example_dags/example_task_group.py
[2023-12-18T14:37:50.332+0000] {logging_mixin.py:154} INFO - [2023-12-18T14:37:50.331+0000] {dag.py:2941} INFO - Sync 1 DAGs
[2023-12-18T14:37:50.345+0000] {logging_mixin.py:154} INFO - [2023-12-18T14:37:50.345+0000] {dag.py:3722} INFO - Setting next_dagrun for example_task_group to 2023-12-17T14:37:50.345587+00:00, run_after=2023-12-18T14:37:50.345587+00:00
[2023-12-18T14:37:50.359+0000] {processor.py:179} INFO - Processing /home/airflow/.local/lib/python3.8/site-packages/airflow/example_dags/example_task_group.py took 0.048 seconds
[2023-12-18T14:38:21.052+0000] {processor.py:157} INFO - Started process (PID=1782) to work on /home/airflow/.local/lib/python3.8/site-packages/airflow/example_dags/example_task_group.py
[2023-12-18T14:38:21.052+0000] {processor.py:829} INFO - Processing file /home/airflow/.local/lib/python3.8/site-packages/airflow/example_dags/example_task_group.py for tasks to queue
[2023-12-18T14:38:21.053+0000] {logging_mixin.py:154} INFO - [2023-12-18T14:38:21.053+0000] {dagbag.py:536} INFO - Filling up the DagBag from /home/airflow/.local/lib/python3.8/site-packages/airflow/example_dags/example_task_group.py
[2023-12-18T14:38:21.057+0000] {processor.py:839} INFO - DAG(s) dict_keys(['example_task_group']) retrieved from /home/airflow/.local/lib/python3.8/site-packages/airflow/example_dags/example_task_group.py
[2023-12-18T14:38:21.092+0000] {logging_mixin.py:154} INFO - [2023-12-18T14:38:21.092+0000] {dag.py:2941} INFO - Sync 1 DAGs
[2023-12-18T14:38:21.106+0000] {logging_mixin.py:154} INFO - [2023-12-18T14:38:21.106+0000] {dag.py:3722} INFO - Setting next_dagrun for example_task_group to 2023-12-17T14:38:21.106249+00:00, run_after=2023-12-18T14:38:21.106249+00:00
[2023-12-18T14:38:21.121+0000] {processor.py:179} INFO - Processing /home/airflow/.local/lib/python3.8/site-packages/airflow/example_dags/example_task_group.py took 0.071 seconds
[2023-12-18T14:38:51.869+0000] {processor.py:157} INFO - Started process (PID=1851) to work on /home/airflow/.local/lib/python3.8/site-packages/airflow/example_dags/example_task_group.py
[2023-12-18T14:38:51.870+0000] {processor.py:829} INFO - Processing file /home/airflow/.local/lib/python3.8/site-packages/airflow/example_dags/example_task_group.py for tasks to queue
[2023-12-18T14:38:51.871+0000] {logging_mixin.py:154} INFO - [2023-12-18T14:38:51.871+0000] {dagbag.py:536} INFO - Filling up the DagBag from /home/airflow/.local/lib/python3.8/site-packages/airflow/example_dags/example_task_group.py
[2023-12-18T14:38:51.877+0000] {processor.py:839} INFO - DAG(s) dict_keys(['example_task_group']) retrieved from /home/airflow/.local/lib/python3.8/site-packages/airflow/example_dags/example_task_group.py
[2023-12-18T14:38:51.895+0000] {logging_mixin.py:154} INFO - [2023-12-18T14:38:51.895+0000] {dag.py:2941} INFO - Sync 1 DAGs
[2023-12-18T14:38:51.911+0000] {logging_mixin.py:154} INFO - [2023-12-18T14:38:51.911+0000] {dag.py:3722} INFO - Setting next_dagrun for example_task_group to 2023-12-17T14:38:51.911146+00:00, run_after=2023-12-18T14:38:51.911146+00:00
[2023-12-18T14:38:51.924+0000] {processor.py:179} INFO - Processing /home/airflow/.local/lib/python3.8/site-packages/airflow/example_dags/example_task_group.py took 0.057 seconds
[2023-12-18T14:39:52.922+0000] {processor.py:157} INFO - Started process (PID=50) to work on /home/airflow/.local/lib/python3.8/site-packages/airflow/example_dags/example_task_group.py
[2023-12-18T14:39:52.923+0000] {processor.py:829} INFO - Processing file /home/airflow/.local/lib/python3.8/site-packages/airflow/example_dags/example_task_group.py for tasks to queue
[2023-12-18T14:39:52.927+0000] {logging_mixin.py:154} INFO - [2023-12-18T14:39:52.927+0000] {dagbag.py:536} INFO - Filling up the DagBag from /home/airflow/.local/lib/python3.8/site-packages/airflow/example_dags/example_task_group.py
[2023-12-18T14:39:52.939+0000] {processor.py:839} INFO - DAG(s) dict_keys(['example_task_group']) retrieved from /home/airflow/.local/lib/python3.8/site-packages/airflow/example_dags/example_task_group.py
[2023-12-18T14:39:52.992+0000] {logging_mixin.py:154} INFO - [2023-12-18T14:39:52.992+0000] {dag.py:2941} INFO - Sync 1 DAGs
[2023-12-18T14:39:53.035+0000] {logging_mixin.py:154} INFO - [2023-12-18T14:39:53.034+0000] {dag.py:3722} INFO - Setting next_dagrun for example_task_group to 2023-12-17T14:39:53.034715+00:00, run_after=2023-12-18T14:39:53.034715+00:00
[2023-12-18T14:39:53.093+0000] {processor.py:179} INFO - Processing /home/airflow/.local/lib/python3.8/site-packages/airflow/example_dags/example_task_group.py took 0.180 seconds
[2023-12-18T14:40:23.799+0000] {processor.py:157} INFO - Started process (PID=119) to work on /home/airflow/.local/lib/python3.8/site-packages/airflow/example_dags/example_task_group.py
[2023-12-18T14:40:23.800+0000] {processor.py:829} INFO - Processing file /home/airflow/.local/lib/python3.8/site-packages/airflow/example_dags/example_task_group.py for tasks to queue
[2023-12-18T14:40:23.801+0000] {logging_mixin.py:154} INFO - [2023-12-18T14:40:23.801+0000] {dagbag.py:536} INFO - Filling up the DagBag from /home/airflow/.local/lib/python3.8/site-packages/airflow/example_dags/example_task_group.py
[2023-12-18T14:40:23.805+0000] {processor.py:839} INFO - DAG(s) dict_keys(['example_task_group']) retrieved from /home/airflow/.local/lib/python3.8/site-packages/airflow/example_dags/example_task_group.py
[2023-12-18T14:40:23.818+0000] {logging_mixin.py:154} INFO - [2023-12-18T14:40:23.818+0000] {dag.py:2941} INFO - Sync 1 DAGs
[2023-12-18T14:40:23.832+0000] {logging_mixin.py:154} INFO - [2023-12-18T14:40:23.831+0000] {dag.py:3722} INFO - Setting next_dagrun for example_task_group to 2023-12-17T14:40:23.831826+00:00, run_after=2023-12-18T14:40:23.831826+00:00
[2023-12-18T14:40:23.853+0000] {processor.py:179} INFO - Processing /home/airflow/.local/lib/python3.8/site-packages/airflow/example_dags/example_task_group.py took 0.055 seconds
[2023-12-18T14:40:54.135+0000] {processor.py:157} INFO - Started process (PID=188) to work on /home/airflow/.local/lib/python3.8/site-packages/airflow/example_dags/example_task_group.py
[2023-12-18T14:40:54.135+0000] {processor.py:829} INFO - Processing file /home/airflow/.local/lib/python3.8/site-packages/airflow/example_dags/example_task_group.py for tasks to queue
[2023-12-18T14:40:54.136+0000] {logging_mixin.py:154} INFO - [2023-12-18T14:40:54.136+0000] {dagbag.py:536} INFO - Filling up the DagBag from /home/airflow/.local/lib/python3.8/site-packages/airflow/example_dags/example_task_group.py
[2023-12-18T14:40:54.140+0000] {processor.py:839} INFO - DAG(s) dict_keys(['example_task_group']) retrieved from /home/airflow/.local/lib/python3.8/site-packages/airflow/example_dags/example_task_group.py
[2023-12-18T14:40:54.155+0000] {logging_mixin.py:154} INFO - [2023-12-18T14:40:54.155+0000] {dag.py:2941} INFO - Sync 1 DAGs
[2023-12-18T14:40:54.185+0000] {logging_mixin.py:154} INFO - [2023-12-18T14:40:54.185+0000] {dag.py:3722} INFO - Setting next_dagrun for example_task_group to 2023-12-17T14:40:54.185254+00:00, run_after=2023-12-18T14:40:54.185254+00:00
[2023-12-18T14:40:54.196+0000] {processor.py:179} INFO - Processing /home/airflow/.local/lib/python3.8/site-packages/airflow/example_dags/example_task_group.py took 0.063 seconds
[2023-12-18T14:41:24.964+0000] {processor.py:157} INFO - Started process (PID=257) to work on /home/airflow/.local/lib/python3.8/site-packages/airflow/example_dags/example_task_group.py
[2023-12-18T14:41:24.965+0000] {processor.py:829} INFO - Processing file /home/airflow/.local/lib/python3.8/site-packages/airflow/example_dags/example_task_group.py for tasks to queue
[2023-12-18T14:41:24.966+0000] {logging_mixin.py:154} INFO - [2023-12-18T14:41:24.966+0000] {dagbag.py:536} INFO - Filling up the DagBag from /home/airflow/.local/lib/python3.8/site-packages/airflow/example_dags/example_task_group.py
[2023-12-18T14:41:24.982+0000] {processor.py:839} INFO - DAG(s) dict_keys(['example_task_group']) retrieved from /home/airflow/.local/lib/python3.8/site-packages/airflow/example_dags/example_task_group.py
[2023-12-18T14:41:24.997+0000] {logging_mixin.py:154} INFO - [2023-12-18T14:41:24.996+0000] {dag.py:2941} INFO - Sync 1 DAGs
[2023-12-18T14:41:25.010+0000] {logging_mixin.py:154} INFO - [2023-12-18T14:41:25.010+0000] {dag.py:3722} INFO - Setting next_dagrun for example_task_group to 2023-12-17T14:41:25.010511+00:00, run_after=2023-12-18T14:41:25.010511+00:00
[2023-12-18T14:41:25.021+0000] {processor.py:179} INFO - Processing /home/airflow/.local/lib/python3.8/site-packages/airflow/example_dags/example_task_group.py took 0.059 seconds
[2023-12-18T14:41:55.748+0000] {processor.py:157} INFO - Started process (PID=327) to work on /home/airflow/.local/lib/python3.8/site-packages/airflow/example_dags/example_task_group.py
[2023-12-18T14:41:55.748+0000] {processor.py:829} INFO - Processing file /home/airflow/.local/lib/python3.8/site-packages/airflow/example_dags/example_task_group.py for tasks to queue
[2023-12-18T14:41:55.749+0000] {logging_mixin.py:154} INFO - [2023-12-18T14:41:55.749+0000] {dagbag.py:536} INFO - Filling up the DagBag from /home/airflow/.local/lib/python3.8/site-packages/airflow/example_dags/example_task_group.py
[2023-12-18T14:41:55.753+0000] {processor.py:839} INFO - DAG(s) dict_keys(['example_task_group']) retrieved from /home/airflow/.local/lib/python3.8/site-packages/airflow/example_dags/example_task_group.py
[2023-12-18T14:41:55.782+0000] {logging_mixin.py:154} INFO - [2023-12-18T14:41:55.781+0000] {dag.py:2941} INFO - Sync 1 DAGs
[2023-12-18T14:41:55.795+0000] {logging_mixin.py:154} INFO - [2023-12-18T14:41:55.795+0000] {dag.py:3722} INFO - Setting next_dagrun for example_task_group to 2023-12-17T14:41:55.795423+00:00, run_after=2023-12-18T14:41:55.795423+00:00
[2023-12-18T14:41:55.806+0000] {processor.py:179} INFO - Processing /home/airflow/.local/lib/python3.8/site-packages/airflow/example_dags/example_task_group.py took 0.060 seconds
[2023-12-18T14:42:26.564+0000] {processor.py:157} INFO - Started process (PID=396) to work on /home/airflow/.local/lib/python3.8/site-packages/airflow/example_dags/example_task_group.py
[2023-12-18T14:42:26.581+0000] {processor.py:829} INFO - Processing file /home/airflow/.local/lib/python3.8/site-packages/airflow/example_dags/example_task_group.py for tasks to queue
[2023-12-18T14:42:26.583+0000] {logging_mixin.py:154} INFO - [2023-12-18T14:42:26.583+0000] {dagbag.py:536} INFO - Filling up the DagBag from /home/airflow/.local/lib/python3.8/site-packages/airflow/example_dags/example_task_group.py
[2023-12-18T14:42:26.590+0000] {processor.py:839} INFO - DAG(s) dict_keys(['example_task_group']) retrieved from /home/airflow/.local/lib/python3.8/site-packages/airflow/example_dags/example_task_group.py
[2023-12-18T14:42:26.612+0000] {logging_mixin.py:154} INFO - [2023-12-18T14:42:26.612+0000] {dag.py:2941} INFO - Sync 1 DAGs
[2023-12-18T14:42:26.631+0000] {logging_mixin.py:154} INFO - [2023-12-18T14:42:26.631+0000] {dag.py:3722} INFO - Setting next_dagrun for example_task_group to 2023-12-17T14:42:26.631656+00:00, run_after=2023-12-18T14:42:26.631656+00:00
[2023-12-18T14:42:26.647+0000] {processor.py:179} INFO - Processing /home/airflow/.local/lib/python3.8/site-packages/airflow/example_dags/example_task_group.py took 0.085 seconds
[2023-12-18T14:42:56.911+0000] {processor.py:157} INFO - Started process (PID=465) to work on /home/airflow/.local/lib/python3.8/site-packages/airflow/example_dags/example_task_group.py
[2023-12-18T14:42:56.912+0000] {processor.py:829} INFO - Processing file /home/airflow/.local/lib/python3.8/site-packages/airflow/example_dags/example_task_group.py for tasks to queue
[2023-12-18T14:42:56.913+0000] {logging_mixin.py:154} INFO - [2023-12-18T14:42:56.913+0000] {dagbag.py:536} INFO - Filling up the DagBag from /home/airflow/.local/lib/python3.8/site-packages/airflow/example_dags/example_task_group.py
[2023-12-18T14:42:56.918+0000] {processor.py:839} INFO - DAG(s) dict_keys(['example_task_group']) retrieved from /home/airflow/.local/lib/python3.8/site-packages/airflow/example_dags/example_task_group.py
[2023-12-18T14:42:56.932+0000] {logging_mixin.py:154} INFO - [2023-12-18T14:42:56.932+0000] {dag.py:2941} INFO - Sync 1 DAGs
[2023-12-18T14:42:56.945+0000] {logging_mixin.py:154} INFO - [2023-12-18T14:42:56.945+0000] {dag.py:3722} INFO - Setting next_dagrun for example_task_group to 2023-12-17T14:42:56.945257+00:00, run_after=2023-12-18T14:42:56.945257+00:00
[2023-12-18T14:42:56.956+0000] {processor.py:179} INFO - Processing /home/airflow/.local/lib/python3.8/site-packages/airflow/example_dags/example_task_group.py took 0.047 seconds
[2023-12-18T14:44:33.245+0000] {processor.py:157} INFO - Started process (PID=48) to work on /home/airflow/.local/lib/python3.8/site-packages/airflow/example_dags/example_task_group.py
[2023-12-18T14:44:33.248+0000] {processor.py:829} INFO - Processing file /home/airflow/.local/lib/python3.8/site-packages/airflow/example_dags/example_task_group.py for tasks to queue
[2023-12-18T14:44:33.250+0000] {logging_mixin.py:154} INFO - [2023-12-18T14:44:33.250+0000] {dagbag.py:536} INFO - Filling up the DagBag from /home/airflow/.local/lib/python3.8/site-packages/airflow/example_dags/example_task_group.py
[2023-12-18T14:44:33.261+0000] {processor.py:839} INFO - DAG(s) dict_keys(['example_task_group']) retrieved from /home/airflow/.local/lib/python3.8/site-packages/airflow/example_dags/example_task_group.py
[2023-12-18T14:44:33.339+0000] {logging_mixin.py:154} INFO - [2023-12-18T14:44:33.338+0000] {dag.py:2941} INFO - Sync 1 DAGs
[2023-12-18T14:44:33.377+0000] {logging_mixin.py:154} INFO - [2023-12-18T14:44:33.377+0000] {dag.py:3722} INFO - Setting next_dagrun for example_task_group to 2023-12-17T14:44:33.377056+00:00, run_after=2023-12-18T14:44:33.377056+00:00
[2023-12-18T14:44:33.409+0000] {processor.py:179} INFO - Processing /home/airflow/.local/lib/python3.8/site-packages/airflow/example_dags/example_task_group.py took 0.168 seconds
[2023-12-18T14:45:04.362+0000] {processor.py:157} INFO - Started process (PID=117) to work on /home/airflow/.local/lib/python3.8/site-packages/airflow/example_dags/example_task_group.py
[2023-12-18T14:45:04.363+0000] {processor.py:829} INFO - Processing file /home/airflow/.local/lib/python3.8/site-packages/airflow/example_dags/example_task_group.py for tasks to queue
[2023-12-18T14:45:04.365+0000] {logging_mixin.py:154} INFO - [2023-12-18T14:45:04.364+0000] {dagbag.py:536} INFO - Filling up the DagBag from /home/airflow/.local/lib/python3.8/site-packages/airflow/example_dags/example_task_group.py
[2023-12-18T14:45:04.370+0000] {processor.py:839} INFO - DAG(s) dict_keys(['example_task_group']) retrieved from /home/airflow/.local/lib/python3.8/site-packages/airflow/example_dags/example_task_group.py
[2023-12-18T14:45:04.384+0000] {logging_mixin.py:154} INFO - [2023-12-18T14:45:04.384+0000] {dag.py:2941} INFO - Sync 1 DAGs
[2023-12-18T14:45:04.399+0000] {logging_mixin.py:154} INFO - [2023-12-18T14:45:04.399+0000] {dag.py:3722} INFO - Setting next_dagrun for example_task_group to 2023-12-17T14:45:04.399294+00:00, run_after=2023-12-18T14:45:04.399294+00:00
[2023-12-18T14:45:04.412+0000] {processor.py:179} INFO - Processing /home/airflow/.local/lib/python3.8/site-packages/airflow/example_dags/example_task_group.py took 0.054 seconds
[2023-12-18T14:45:34.763+0000] {processor.py:157} INFO - Started process (PID=186) to work on /home/airflow/.local/lib/python3.8/site-packages/airflow/example_dags/example_task_group.py
[2023-12-18T14:45:34.771+0000] {processor.py:829} INFO - Processing file /home/airflow/.local/lib/python3.8/site-packages/airflow/example_dags/example_task_group.py for tasks to queue
[2023-12-18T14:45:34.772+0000] {logging_mixin.py:154} INFO - [2023-12-18T14:45:34.772+0000] {dagbag.py:536} INFO - Filling up the DagBag from /home/airflow/.local/lib/python3.8/site-packages/airflow/example_dags/example_task_group.py
[2023-12-18T14:45:34.778+0000] {processor.py:839} INFO - DAG(s) dict_keys(['example_task_group']) retrieved from /home/airflow/.local/lib/python3.8/site-packages/airflow/example_dags/example_task_group.py
[2023-12-18T14:45:34.792+0000] {logging_mixin.py:154} INFO - [2023-12-18T14:45:34.792+0000] {dag.py:2941} INFO - Sync 1 DAGs
[2023-12-18T14:45:34.805+0000] {logging_mixin.py:154} INFO - [2023-12-18T14:45:34.805+0000] {dag.py:3722} INFO - Setting next_dagrun for example_task_group to 2023-12-17T14:45:34.804900+00:00, run_after=2023-12-18T14:45:34.804900+00:00
[2023-12-18T14:45:34.816+0000] {processor.py:179} INFO - Processing /home/airflow/.local/lib/python3.8/site-packages/airflow/example_dags/example_task_group.py took 0.056 seconds
[2023-12-18T14:46:04.866+0000] {processor.py:157} INFO - Started process (PID=255) to work on /home/airflow/.local/lib/python3.8/site-packages/airflow/example_dags/example_task_group.py
[2023-12-18T14:46:04.867+0000] {processor.py:829} INFO - Processing file /home/airflow/.local/lib/python3.8/site-packages/airflow/example_dags/example_task_group.py for tasks to queue
[2023-12-18T14:46:04.869+0000] {logging_mixin.py:154} INFO - [2023-12-18T14:46:04.868+0000] {dagbag.py:536} INFO - Filling up the DagBag from /home/airflow/.local/lib/python3.8/site-packages/airflow/example_dags/example_task_group.py
[2023-12-18T14:46:04.874+0000] {processor.py:839} INFO - DAG(s) dict_keys(['example_task_group']) retrieved from /home/airflow/.local/lib/python3.8/site-packages/airflow/example_dags/example_task_group.py
[2023-12-18T14:46:04.888+0000] {logging_mixin.py:154} INFO - [2023-12-18T14:46:04.888+0000] {dag.py:2941} INFO - Sync 1 DAGs
[2023-12-18T14:46:04.901+0000] {logging_mixin.py:154} INFO - [2023-12-18T14:46:04.901+0000] {dag.py:3722} INFO - Setting next_dagrun for example_task_group to 2023-12-17T14:46:04.901234+00:00, run_after=2023-12-18T14:46:04.901234+00:00
[2023-12-18T14:46:04.914+0000] {processor.py:179} INFO - Processing /home/airflow/.local/lib/python3.8/site-packages/airflow/example_dags/example_task_group.py took 0.050 seconds
[2023-12-18T14:46:35.772+0000] {processor.py:157} INFO - Started process (PID=324) to work on /home/airflow/.local/lib/python3.8/site-packages/airflow/example_dags/example_task_group.py
[2023-12-18T14:46:35.779+0000] {processor.py:829} INFO - Processing file /home/airflow/.local/lib/python3.8/site-packages/airflow/example_dags/example_task_group.py for tasks to queue
[2023-12-18T14:46:35.781+0000] {logging_mixin.py:154} INFO - [2023-12-18T14:46:35.781+0000] {dagbag.py:536} INFO - Filling up the DagBag from /home/airflow/.local/lib/python3.8/site-packages/airflow/example_dags/example_task_group.py
[2023-12-18T14:46:35.787+0000] {processor.py:839} INFO - DAG(s) dict_keys(['example_task_group']) retrieved from /home/airflow/.local/lib/python3.8/site-packages/airflow/example_dags/example_task_group.py
[2023-12-18T14:46:35.800+0000] {logging_mixin.py:154} INFO - [2023-12-18T14:46:35.800+0000] {dag.py:2941} INFO - Sync 1 DAGs
[2023-12-18T14:46:35.813+0000] {logging_mixin.py:154} INFO - [2023-12-18T14:46:35.813+0000] {dag.py:3722} INFO - Setting next_dagrun for example_task_group to 2023-12-17T14:46:35.813598+00:00, run_after=2023-12-18T14:46:35.813598+00:00
[2023-12-18T14:46:35.824+0000] {processor.py:179} INFO - Processing /home/airflow/.local/lib/python3.8/site-packages/airflow/example_dags/example_task_group.py took 0.055 seconds
[2023-12-18T14:47:06.541+0000] {processor.py:157} INFO - Started process (PID=393) to work on /home/airflow/.local/lib/python3.8/site-packages/airflow/example_dags/example_task_group.py
[2023-12-18T14:47:06.543+0000] {processor.py:829} INFO - Processing file /home/airflow/.local/lib/python3.8/site-packages/airflow/example_dags/example_task_group.py for tasks to queue
[2023-12-18T14:47:06.544+0000] {logging_mixin.py:154} INFO - [2023-12-18T14:47:06.544+0000] {dagbag.py:536} INFO - Filling up the DagBag from /home/airflow/.local/lib/python3.8/site-packages/airflow/example_dags/example_task_group.py
[2023-12-18T14:47:06.550+0000] {processor.py:839} INFO - DAG(s) dict_keys(['example_task_group']) retrieved from /home/airflow/.local/lib/python3.8/site-packages/airflow/example_dags/example_task_group.py
[2023-12-18T14:47:06.567+0000] {logging_mixin.py:154} INFO - [2023-12-18T14:47:06.566+0000] {dag.py:2941} INFO - Sync 1 DAGs
[2023-12-18T14:47:06.582+0000] {logging_mixin.py:154} INFO - [2023-12-18T14:47:06.582+0000] {dag.py:3722} INFO - Setting next_dagrun for example_task_group to 2023-12-17T14:47:06.582432+00:00, run_after=2023-12-18T14:47:06.582432+00:00
[2023-12-18T14:47:06.594+0000] {processor.py:179} INFO - Processing /home/airflow/.local/lib/python3.8/site-packages/airflow/example_dags/example_task_group.py took 0.056 seconds
[2023-12-18T14:47:36.622+0000] {processor.py:157} INFO - Started process (PID=462) to work on /home/airflow/.local/lib/python3.8/site-packages/airflow/example_dags/example_task_group.py
[2023-12-18T14:47:36.625+0000] {processor.py:829} INFO - Processing file /home/airflow/.local/lib/python3.8/site-packages/airflow/example_dags/example_task_group.py for tasks to queue
[2023-12-18T14:47:36.628+0000] {logging_mixin.py:154} INFO - [2023-12-18T14:47:36.627+0000] {dagbag.py:536} INFO - Filling up the DagBag from /home/airflow/.local/lib/python3.8/site-packages/airflow/example_dags/example_task_group.py
[2023-12-18T14:47:36.634+0000] {processor.py:839} INFO - DAG(s) dict_keys(['example_task_group']) retrieved from /home/airflow/.local/lib/python3.8/site-packages/airflow/example_dags/example_task_group.py
[2023-12-18T14:47:36.647+0000] {logging_mixin.py:154} INFO - [2023-12-18T14:47:36.647+0000] {dag.py:2941} INFO - Sync 1 DAGs
[2023-12-18T14:47:36.661+0000] {logging_mixin.py:154} INFO - [2023-12-18T14:47:36.661+0000] {dag.py:3722} INFO - Setting next_dagrun for example_task_group to 2023-12-17T14:47:36.661399+00:00, run_after=2023-12-18T14:47:36.661399+00:00
[2023-12-18T14:47:36.672+0000] {processor.py:179} INFO - Processing /home/airflow/.local/lib/python3.8/site-packages/airflow/example_dags/example_task_group.py took 0.055 seconds
[2023-12-18T14:48:06.805+0000] {processor.py:157} INFO - Started process (PID=532) to work on /home/airflow/.local/lib/python3.8/site-packages/airflow/example_dags/example_task_group.py
[2023-12-18T14:48:06.807+0000] {processor.py:829} INFO - Processing file /home/airflow/.local/lib/python3.8/site-packages/airflow/example_dags/example_task_group.py for tasks to queue
[2023-12-18T14:48:06.809+0000] {logging_mixin.py:154} INFO - [2023-12-18T14:48:06.808+0000] {dagbag.py:536} INFO - Filling up the DagBag from /home/airflow/.local/lib/python3.8/site-packages/airflow/example_dags/example_task_group.py
[2023-12-18T14:48:06.814+0000] {processor.py:839} INFO - DAG(s) dict_keys(['example_task_group']) retrieved from /home/airflow/.local/lib/python3.8/site-packages/airflow/example_dags/example_task_group.py
[2023-12-18T14:48:06.828+0000] {logging_mixin.py:154} INFO - [2023-12-18T14:48:06.828+0000] {dag.py:2941} INFO - Sync 1 DAGs
[2023-12-18T14:48:06.850+0000] {logging_mixin.py:154} INFO - [2023-12-18T14:48:06.850+0000] {dag.py:3722} INFO - Setting next_dagrun for example_task_group to 2023-12-17T14:48:06.850314+00:00, run_after=2023-12-18T14:48:06.850314+00:00
[2023-12-18T14:48:06.867+0000] {processor.py:179} INFO - Processing /home/airflow/.local/lib/python3.8/site-packages/airflow/example_dags/example_task_group.py took 0.065 seconds
[2023-12-18T14:48:36.945+0000] {processor.py:157} INFO - Started process (PID=602) to work on /home/airflow/.local/lib/python3.8/site-packages/airflow/example_dags/example_task_group.py
[2023-12-18T14:48:36.945+0000] {processor.py:829} INFO - Processing file /home/airflow/.local/lib/python3.8/site-packages/airflow/example_dags/example_task_group.py for tasks to queue
[2023-12-18T14:48:36.947+0000] {logging_mixin.py:154} INFO - [2023-12-18T14:48:36.947+0000] {dagbag.py:536} INFO - Filling up the DagBag from /home/airflow/.local/lib/python3.8/site-packages/airflow/example_dags/example_task_group.py
[2023-12-18T14:48:36.951+0000] {processor.py:839} INFO - DAG(s) dict_keys(['example_task_group']) retrieved from /home/airflow/.local/lib/python3.8/site-packages/airflow/example_dags/example_task_group.py
[2023-12-18T14:48:36.964+0000] {logging_mixin.py:154} INFO - [2023-12-18T14:48:36.964+0000] {dag.py:2941} INFO - Sync 1 DAGs
[2023-12-18T14:48:36.977+0000] {logging_mixin.py:154} INFO - [2023-12-18T14:48:36.977+0000] {dag.py:3722} INFO - Setting next_dagrun for example_task_group to 2023-12-17T14:48:36.977402+00:00, run_after=2023-12-18T14:48:36.977402+00:00
[2023-12-18T14:48:36.988+0000] {processor.py:179} INFO - Processing /home/airflow/.local/lib/python3.8/site-packages/airflow/example_dags/example_task_group.py took 0.046 seconds
[2023-12-18T14:52:06.425+0000] {processor.py:157} INFO - Started process (PID=49) to work on /home/airflow/.local/lib/python3.8/site-packages/airflow/example_dags/example_task_group.py
[2023-12-18T14:52:06.426+0000] {processor.py:829} INFO - Processing file /home/airflow/.local/lib/python3.8/site-packages/airflow/example_dags/example_task_group.py for tasks to queue
[2023-12-18T14:52:06.427+0000] {logging_mixin.py:154} INFO - [2023-12-18T14:52:06.427+0000] {dagbag.py:536} INFO - Filling up the DagBag from /home/airflow/.local/lib/python3.8/site-packages/airflow/example_dags/example_task_group.py
[2023-12-18T14:52:06.439+0000] {processor.py:839} INFO - DAG(s) dict_keys(['example_task_group']) retrieved from /home/airflow/.local/lib/python3.8/site-packages/airflow/example_dags/example_task_group.py
[2023-12-18T14:52:06.471+0000] {logging_mixin.py:154} INFO - [2023-12-18T14:52:06.470+0000] {dag.py:2941} INFO - Sync 1 DAGs
[2023-12-18T14:52:06.499+0000] {logging_mixin.py:154} INFO - [2023-12-18T14:52:06.498+0000] {dag.py:3722} INFO - Setting next_dagrun for example_task_group to 2023-12-17T14:52:06.497987+00:00, run_after=2023-12-18T14:52:06.497987+00:00
[2023-12-18T14:52:06.567+0000] {processor.py:179} INFO - Processing /home/airflow/.local/lib/python3.8/site-packages/airflow/example_dags/example_task_group.py took 0.145 seconds
[2023-12-18T14:52:37.477+0000] {processor.py:157} INFO - Started process (PID=118) to work on /home/airflow/.local/lib/python3.8/site-packages/airflow/example_dags/example_task_group.py
[2023-12-18T14:52:37.477+0000] {processor.py:829} INFO - Processing file /home/airflow/.local/lib/python3.8/site-packages/airflow/example_dags/example_task_group.py for tasks to queue
[2023-12-18T14:52:37.479+0000] {logging_mixin.py:154} INFO - [2023-12-18T14:52:37.479+0000] {dagbag.py:536} INFO - Filling up the DagBag from /home/airflow/.local/lib/python3.8/site-packages/airflow/example_dags/example_task_group.py
[2023-12-18T14:52:37.484+0000] {processor.py:839} INFO - DAG(s) dict_keys(['example_task_group']) retrieved from /home/airflow/.local/lib/python3.8/site-packages/airflow/example_dags/example_task_group.py
[2023-12-18T14:52:37.498+0000] {logging_mixin.py:154} INFO - [2023-12-18T14:52:37.498+0000] {dag.py:2941} INFO - Sync 1 DAGs
[2023-12-18T14:52:37.515+0000] {logging_mixin.py:154} INFO - [2023-12-18T14:52:37.515+0000] {dag.py:3722} INFO - Setting next_dagrun for example_task_group to 2023-12-17T14:52:37.514817+00:00, run_after=2023-12-18T14:52:37.514817+00:00
[2023-12-18T14:52:37.532+0000] {processor.py:179} INFO - Processing /home/airflow/.local/lib/python3.8/site-packages/airflow/example_dags/example_task_group.py took 0.057 seconds
[2023-12-18T14:53:08.070+0000] {processor.py:157} INFO - Started process (PID=188) to work on /home/airflow/.local/lib/python3.8/site-packages/airflow/example_dags/example_task_group.py
[2023-12-18T14:53:08.072+0000] {processor.py:829} INFO - Processing file /home/airflow/.local/lib/python3.8/site-packages/airflow/example_dags/example_task_group.py for tasks to queue
[2023-12-18T14:53:08.074+0000] {logging_mixin.py:154} INFO - [2023-12-18T14:53:08.074+0000] {dagbag.py:536} INFO - Filling up the DagBag from /home/airflow/.local/lib/python3.8/site-packages/airflow/example_dags/example_task_group.py
[2023-12-18T14:53:08.078+0000] {processor.py:839} INFO - DAG(s) dict_keys(['example_task_group']) retrieved from /home/airflow/.local/lib/python3.8/site-packages/airflow/example_dags/example_task_group.py
[2023-12-18T14:53:08.091+0000] {logging_mixin.py:154} INFO - [2023-12-18T14:53:08.091+0000] {dag.py:2941} INFO - Sync 1 DAGs
[2023-12-18T14:53:08.103+0000] {logging_mixin.py:154} INFO - [2023-12-18T14:53:08.103+0000] {dag.py:3722} INFO - Setting next_dagrun for example_task_group to 2023-12-17T14:53:08.103615+00:00, run_after=2023-12-18T14:53:08.103615+00:00
[2023-12-18T14:53:08.114+0000] {processor.py:179} INFO - Processing /home/airflow/.local/lib/python3.8/site-packages/airflow/example_dags/example_task_group.py took 0.046 seconds
[2023-12-18T14:53:38.950+0000] {processor.py:157} INFO - Started process (PID=257) to work on /home/airflow/.local/lib/python3.8/site-packages/airflow/example_dags/example_task_group.py
[2023-12-18T14:53:38.951+0000] {processor.py:829} INFO - Processing file /home/airflow/.local/lib/python3.8/site-packages/airflow/example_dags/example_task_group.py for tasks to queue
[2023-12-18T14:53:38.953+0000] {logging_mixin.py:154} INFO - [2023-12-18T14:53:38.953+0000] {dagbag.py:536} INFO - Filling up the DagBag from /home/airflow/.local/lib/python3.8/site-packages/airflow/example_dags/example_task_group.py
[2023-12-18T14:53:38.958+0000] {processor.py:839} INFO - DAG(s) dict_keys(['example_task_group']) retrieved from /home/airflow/.local/lib/python3.8/site-packages/airflow/example_dags/example_task_group.py
[2023-12-18T14:53:38.971+0000] {logging_mixin.py:154} INFO - [2023-12-18T14:53:38.971+0000] {dag.py:2941} INFO - Sync 1 DAGs
[2023-12-18T14:53:38.984+0000] {logging_mixin.py:154} INFO - [2023-12-18T14:53:38.984+0000] {dag.py:3722} INFO - Setting next_dagrun for example_task_group to 2023-12-17T14:53:38.983937+00:00, run_after=2023-12-18T14:53:38.983937+00:00
[2023-12-18T14:53:38.995+0000] {processor.py:179} INFO - Processing /home/airflow/.local/lib/python3.8/site-packages/airflow/example_dags/example_task_group.py took 0.047 seconds
