[2023-12-18T14:25:40.412+0000] {processor.py:157} INFO - Started process (PID=62) to work on /home/airflow/.local/lib/python3.8/site-packages/airflow/example_dags/example_trigger_target_dag.py
[2023-12-18T14:25:40.413+0000] {processor.py:829} INFO - Processing file /home/airflow/.local/lib/python3.8/site-packages/airflow/example_dags/example_trigger_target_dag.py for tasks to queue
[2023-12-18T14:25:40.416+0000] {logging_mixin.py:154} INFO - [2023-12-18T14:25:40.415+0000] {dagbag.py:536} INFO - Filling up the DagBag from /home/airflow/.local/lib/python3.8/site-packages/airflow/example_dags/example_trigger_target_dag.py
[2023-12-18T14:25:40.430+0000] {processor.py:839} INFO - DAG(s) dict_keys(['example_trigger_target_dag']) retrieved from /home/airflow/.local/lib/python3.8/site-packages/airflow/example_dags/example_trigger_target_dag.py
[2023-12-18T14:25:40.463+0000] {logging_mixin.py:154} INFO - [2023-12-18T14:25:40.463+0000] {dag.py:2941} INFO - Sync 1 DAGs
[2023-12-18T14:25:40.505+0000] {logging_mixin.py:154} INFO - [2023-12-18T14:25:40.505+0000] {dag.py:3722} INFO - Setting next_dagrun for example_trigger_target_dag to None, run_after=None
[2023-12-18T14:25:40.560+0000] {processor.py:179} INFO - Processing /home/airflow/.local/lib/python3.8/site-packages/airflow/example_dags/example_trigger_target_dag.py took 0.151 seconds
[2023-12-18T14:26:11.284+0000] {processor.py:157} INFO - Started process (PID=131) to work on /home/airflow/.local/lib/python3.8/site-packages/airflow/example_dags/example_trigger_target_dag.py
[2023-12-18T14:26:11.285+0000] {processor.py:829} INFO - Processing file /home/airflow/.local/lib/python3.8/site-packages/airflow/example_dags/example_trigger_target_dag.py for tasks to queue
[2023-12-18T14:26:11.286+0000] {logging_mixin.py:154} INFO - [2023-12-18T14:26:11.286+0000] {dagbag.py:536} INFO - Filling up the DagBag from /home/airflow/.local/lib/python3.8/site-packages/airflow/example_dags/example_trigger_target_dag.py
[2023-12-18T14:26:11.289+0000] {processor.py:839} INFO - DAG(s) dict_keys(['example_trigger_target_dag']) retrieved from /home/airflow/.local/lib/python3.8/site-packages/airflow/example_dags/example_trigger_target_dag.py
[2023-12-18T14:26:11.302+0000] {logging_mixin.py:154} INFO - [2023-12-18T14:26:11.301+0000] {dag.py:2941} INFO - Sync 1 DAGs
[2023-12-18T14:26:11.309+0000] {logging_mixin.py:154} INFO - [2023-12-18T14:26:11.309+0000] {dag.py:3722} INFO - Setting next_dagrun for example_trigger_target_dag to None, run_after=None
[2023-12-18T14:26:11.319+0000] {processor.py:179} INFO - Processing /home/airflow/.local/lib/python3.8/site-packages/airflow/example_dags/example_trigger_target_dag.py took 0.037 seconds
[2023-12-18T14:26:41.485+0000] {processor.py:157} INFO - Started process (PID=201) to work on /home/airflow/.local/lib/python3.8/site-packages/airflow/example_dags/example_trigger_target_dag.py
[2023-12-18T14:26:41.485+0000] {processor.py:829} INFO - Processing file /home/airflow/.local/lib/python3.8/site-packages/airflow/example_dags/example_trigger_target_dag.py for tasks to queue
[2023-12-18T14:26:41.486+0000] {logging_mixin.py:154} INFO - [2023-12-18T14:26:41.486+0000] {dagbag.py:536} INFO - Filling up the DagBag from /home/airflow/.local/lib/python3.8/site-packages/airflow/example_dags/example_trigger_target_dag.py
[2023-12-18T14:26:41.490+0000] {processor.py:839} INFO - DAG(s) dict_keys(['example_trigger_target_dag']) retrieved from /home/airflow/.local/lib/python3.8/site-packages/airflow/example_dags/example_trigger_target_dag.py
[2023-12-18T14:26:41.501+0000] {logging_mixin.py:154} INFO - [2023-12-18T14:26:41.501+0000] {dag.py:2941} INFO - Sync 1 DAGs
[2023-12-18T14:26:41.508+0000] {logging_mixin.py:154} INFO - [2023-12-18T14:26:41.508+0000] {dag.py:3722} INFO - Setting next_dagrun for example_trigger_target_dag to None, run_after=None
[2023-12-18T14:26:41.518+0000] {processor.py:179} INFO - Processing /home/airflow/.local/lib/python3.8/site-packages/airflow/example_dags/example_trigger_target_dag.py took 0.036 seconds
[2023-12-18T14:27:12.401+0000] {processor.py:157} INFO - Started process (PID=270) to work on /home/airflow/.local/lib/python3.8/site-packages/airflow/example_dags/example_trigger_target_dag.py
[2023-12-18T14:27:12.401+0000] {processor.py:829} INFO - Processing file /home/airflow/.local/lib/python3.8/site-packages/airflow/example_dags/example_trigger_target_dag.py for tasks to queue
[2023-12-18T14:27:12.403+0000] {logging_mixin.py:154} INFO - [2023-12-18T14:27:12.402+0000] {dagbag.py:536} INFO - Filling up the DagBag from /home/airflow/.local/lib/python3.8/site-packages/airflow/example_dags/example_trigger_target_dag.py
[2023-12-18T14:27:12.406+0000] {processor.py:839} INFO - DAG(s) dict_keys(['example_trigger_target_dag']) retrieved from /home/airflow/.local/lib/python3.8/site-packages/airflow/example_dags/example_trigger_target_dag.py
[2023-12-18T14:27:12.418+0000] {logging_mixin.py:154} INFO - [2023-12-18T14:27:12.417+0000] {dag.py:2941} INFO - Sync 1 DAGs
[2023-12-18T14:27:12.425+0000] {logging_mixin.py:154} INFO - [2023-12-18T14:27:12.425+0000] {dag.py:3722} INFO - Setting next_dagrun for example_trigger_target_dag to None, run_after=None
[2023-12-18T14:27:12.435+0000] {processor.py:179} INFO - Processing /home/airflow/.local/lib/python3.8/site-packages/airflow/example_dags/example_trigger_target_dag.py took 0.036 seconds
[2023-12-18T14:27:43.234+0000] {processor.py:157} INFO - Started process (PID=339) to work on /home/airflow/.local/lib/python3.8/site-packages/airflow/example_dags/example_trigger_target_dag.py
[2023-12-18T14:27:43.235+0000] {processor.py:829} INFO - Processing file /home/airflow/.local/lib/python3.8/site-packages/airflow/example_dags/example_trigger_target_dag.py for tasks to queue
[2023-12-18T14:27:43.236+0000] {logging_mixin.py:154} INFO - [2023-12-18T14:27:43.236+0000] {dagbag.py:536} INFO - Filling up the DagBag from /home/airflow/.local/lib/python3.8/site-packages/airflow/example_dags/example_trigger_target_dag.py
[2023-12-18T14:27:43.239+0000] {processor.py:839} INFO - DAG(s) dict_keys(['example_trigger_target_dag']) retrieved from /home/airflow/.local/lib/python3.8/site-packages/airflow/example_dags/example_trigger_target_dag.py
[2023-12-18T14:27:43.250+0000] {logging_mixin.py:154} INFO - [2023-12-18T14:27:43.250+0000] {dag.py:2941} INFO - Sync 1 DAGs
[2023-12-18T14:27:43.258+0000] {logging_mixin.py:154} INFO - [2023-12-18T14:27:43.258+0000] {dag.py:3722} INFO - Setting next_dagrun for example_trigger_target_dag to None, run_after=None
[2023-12-18T14:27:43.283+0000] {processor.py:179} INFO - Processing /home/airflow/.local/lib/python3.8/site-packages/airflow/example_dags/example_trigger_target_dag.py took 0.051 seconds
[2023-12-18T14:28:13.402+0000] {processor.py:157} INFO - Started process (PID=407) to work on /home/airflow/.local/lib/python3.8/site-packages/airflow/example_dags/example_trigger_target_dag.py
[2023-12-18T14:28:13.403+0000] {processor.py:829} INFO - Processing file /home/airflow/.local/lib/python3.8/site-packages/airflow/example_dags/example_trigger_target_dag.py for tasks to queue
[2023-12-18T14:28:13.404+0000] {logging_mixin.py:154} INFO - [2023-12-18T14:28:13.404+0000] {dagbag.py:536} INFO - Filling up the DagBag from /home/airflow/.local/lib/python3.8/site-packages/airflow/example_dags/example_trigger_target_dag.py
[2023-12-18T14:28:13.407+0000] {processor.py:839} INFO - DAG(s) dict_keys(['example_trigger_target_dag']) retrieved from /home/airflow/.local/lib/python3.8/site-packages/airflow/example_dags/example_trigger_target_dag.py
[2023-12-18T14:28:13.419+0000] {logging_mixin.py:154} INFO - [2023-12-18T14:28:13.419+0000] {dag.py:2941} INFO - Sync 1 DAGs
[2023-12-18T14:28:13.427+0000] {logging_mixin.py:154} INFO - [2023-12-18T14:28:13.427+0000] {dag.py:3722} INFO - Setting next_dagrun for example_trigger_target_dag to None, run_after=None
[2023-12-18T14:28:13.438+0000] {processor.py:179} INFO - Processing /home/airflow/.local/lib/python3.8/site-packages/airflow/example_dags/example_trigger_target_dag.py took 0.038 seconds
[2023-12-18T14:28:44.212+0000] {processor.py:157} INFO - Started process (PID=476) to work on /home/airflow/.local/lib/python3.8/site-packages/airflow/example_dags/example_trigger_target_dag.py
[2023-12-18T14:28:44.212+0000] {processor.py:829} INFO - Processing file /home/airflow/.local/lib/python3.8/site-packages/airflow/example_dags/example_trigger_target_dag.py for tasks to queue
[2023-12-18T14:28:44.214+0000] {logging_mixin.py:154} INFO - [2023-12-18T14:28:44.213+0000] {dagbag.py:536} INFO - Filling up the DagBag from /home/airflow/.local/lib/python3.8/site-packages/airflow/example_dags/example_trigger_target_dag.py
[2023-12-18T14:28:44.217+0000] {processor.py:839} INFO - DAG(s) dict_keys(['example_trigger_target_dag']) retrieved from /home/airflow/.local/lib/python3.8/site-packages/airflow/example_dags/example_trigger_target_dag.py
[2023-12-18T14:28:44.229+0000] {logging_mixin.py:154} INFO - [2023-12-18T14:28:44.228+0000] {dag.py:2941} INFO - Sync 1 DAGs
[2023-12-18T14:28:44.235+0000] {logging_mixin.py:154} INFO - [2023-12-18T14:28:44.235+0000] {dag.py:3722} INFO - Setting next_dagrun for example_trigger_target_dag to None, run_after=None
[2023-12-18T14:28:44.248+0000] {processor.py:179} INFO - Processing /home/airflow/.local/lib/python3.8/site-packages/airflow/example_dags/example_trigger_target_dag.py took 0.038 seconds
[2023-12-18T14:29:15.112+0000] {processor.py:157} INFO - Started process (PID=552) to work on /home/airflow/.local/lib/python3.8/site-packages/airflow/example_dags/example_trigger_target_dag.py
[2023-12-18T14:29:15.113+0000] {processor.py:829} INFO - Processing file /home/airflow/.local/lib/python3.8/site-packages/airflow/example_dags/example_trigger_target_dag.py for tasks to queue
[2023-12-18T14:29:15.114+0000] {logging_mixin.py:154} INFO - [2023-12-18T14:29:15.114+0000] {dagbag.py:536} INFO - Filling up the DagBag from /home/airflow/.local/lib/python3.8/site-packages/airflow/example_dags/example_trigger_target_dag.py
[2023-12-18T14:29:15.117+0000] {processor.py:839} INFO - DAG(s) dict_keys(['example_trigger_target_dag']) retrieved from /home/airflow/.local/lib/python3.8/site-packages/airflow/example_dags/example_trigger_target_dag.py
[2023-12-18T14:29:15.129+0000] {logging_mixin.py:154} INFO - [2023-12-18T14:29:15.129+0000] {dag.py:2941} INFO - Sync 1 DAGs
[2023-12-18T14:29:15.136+0000] {logging_mixin.py:154} INFO - [2023-12-18T14:29:15.136+0000] {dag.py:3722} INFO - Setting next_dagrun for example_trigger_target_dag to None, run_after=None
[2023-12-18T14:29:15.146+0000] {processor.py:179} INFO - Processing /home/airflow/.local/lib/python3.8/site-packages/airflow/example_dags/example_trigger_target_dag.py took 0.036 seconds
[2023-12-18T14:29:45.198+0000] {processor.py:157} INFO - Started process (PID=621) to work on /home/airflow/.local/lib/python3.8/site-packages/airflow/example_dags/example_trigger_target_dag.py
[2023-12-18T14:29:45.199+0000] {processor.py:829} INFO - Processing file /home/airflow/.local/lib/python3.8/site-packages/airflow/example_dags/example_trigger_target_dag.py for tasks to queue
[2023-12-18T14:29:45.200+0000] {logging_mixin.py:154} INFO - [2023-12-18T14:29:45.200+0000] {dagbag.py:536} INFO - Filling up the DagBag from /home/airflow/.local/lib/python3.8/site-packages/airflow/example_dags/example_trigger_target_dag.py
[2023-12-18T14:29:45.204+0000] {processor.py:839} INFO - DAG(s) dict_keys(['example_trigger_target_dag']) retrieved from /home/airflow/.local/lib/python3.8/site-packages/airflow/example_dags/example_trigger_target_dag.py
[2023-12-18T14:29:45.216+0000] {logging_mixin.py:154} INFO - [2023-12-18T14:29:45.216+0000] {dag.py:2941} INFO - Sync 1 DAGs
[2023-12-18T14:29:45.224+0000] {logging_mixin.py:154} INFO - [2023-12-18T14:29:45.224+0000] {dag.py:3722} INFO - Setting next_dagrun for example_trigger_target_dag to None, run_after=None
[2023-12-18T14:29:45.234+0000] {processor.py:179} INFO - Processing /home/airflow/.local/lib/python3.8/site-packages/airflow/example_dags/example_trigger_target_dag.py took 0.038 seconds
[2023-12-18T14:30:15.390+0000] {processor.py:157} INFO - Started process (PID=684) to work on /home/airflow/.local/lib/python3.8/site-packages/airflow/example_dags/example_trigger_target_dag.py
[2023-12-18T14:30:15.391+0000] {processor.py:829} INFO - Processing file /home/airflow/.local/lib/python3.8/site-packages/airflow/example_dags/example_trigger_target_dag.py for tasks to queue
[2023-12-18T14:30:15.392+0000] {logging_mixin.py:154} INFO - [2023-12-18T14:30:15.392+0000] {dagbag.py:536} INFO - Filling up the DagBag from /home/airflow/.local/lib/python3.8/site-packages/airflow/example_dags/example_trigger_target_dag.py
[2023-12-18T14:30:15.396+0000] {processor.py:839} INFO - DAG(s) dict_keys(['example_trigger_target_dag']) retrieved from /home/airflow/.local/lib/python3.8/site-packages/airflow/example_dags/example_trigger_target_dag.py
[2023-12-18T14:30:15.411+0000] {logging_mixin.py:154} INFO - [2023-12-18T14:30:15.411+0000] {dag.py:2941} INFO - Sync 1 DAGs
[2023-12-18T14:30:15.423+0000] {logging_mixin.py:154} INFO - [2023-12-18T14:30:15.423+0000] {dag.py:3722} INFO - Setting next_dagrun for example_trigger_target_dag to None, run_after=None
[2023-12-18T14:30:15.433+0000] {processor.py:179} INFO - Processing /home/airflow/.local/lib/python3.8/site-packages/airflow/example_dags/example_trigger_target_dag.py took 0.048 seconds
[2023-12-18T14:30:45.471+0000] {processor.py:157} INFO - Started process (PID=752) to work on /home/airflow/.local/lib/python3.8/site-packages/airflow/example_dags/example_trigger_target_dag.py
[2023-12-18T14:30:45.472+0000] {processor.py:829} INFO - Processing file /home/airflow/.local/lib/python3.8/site-packages/airflow/example_dags/example_trigger_target_dag.py for tasks to queue
[2023-12-18T14:30:45.473+0000] {logging_mixin.py:154} INFO - [2023-12-18T14:30:45.473+0000] {dagbag.py:536} INFO - Filling up the DagBag from /home/airflow/.local/lib/python3.8/site-packages/airflow/example_dags/example_trigger_target_dag.py
[2023-12-18T14:30:45.476+0000] {processor.py:839} INFO - DAG(s) dict_keys(['example_trigger_target_dag']) retrieved from /home/airflow/.local/lib/python3.8/site-packages/airflow/example_dags/example_trigger_target_dag.py
[2023-12-18T14:30:45.487+0000] {logging_mixin.py:154} INFO - [2023-12-18T14:30:45.487+0000] {dag.py:2941} INFO - Sync 1 DAGs
[2023-12-18T14:30:45.494+0000] {logging_mixin.py:154} INFO - [2023-12-18T14:30:45.494+0000] {dag.py:3722} INFO - Setting next_dagrun for example_trigger_target_dag to None, run_after=None
[2023-12-18T14:30:45.504+0000] {processor.py:179} INFO - Processing /home/airflow/.local/lib/python3.8/site-packages/airflow/example_dags/example_trigger_target_dag.py took 0.035 seconds
[2023-12-18T14:31:15.693+0000] {processor.py:157} INFO - Started process (PID=823) to work on /home/airflow/.local/lib/python3.8/site-packages/airflow/example_dags/example_trigger_target_dag.py
[2023-12-18T14:31:15.694+0000] {processor.py:829} INFO - Processing file /home/airflow/.local/lib/python3.8/site-packages/airflow/example_dags/example_trigger_target_dag.py for tasks to queue
[2023-12-18T14:31:15.695+0000] {logging_mixin.py:154} INFO - [2023-12-18T14:31:15.695+0000] {dagbag.py:536} INFO - Filling up the DagBag from /home/airflow/.local/lib/python3.8/site-packages/airflow/example_dags/example_trigger_target_dag.py
[2023-12-18T14:31:15.698+0000] {processor.py:839} INFO - DAG(s) dict_keys(['example_trigger_target_dag']) retrieved from /home/airflow/.local/lib/python3.8/site-packages/airflow/example_dags/example_trigger_target_dag.py
[2023-12-18T14:31:15.710+0000] {logging_mixin.py:154} INFO - [2023-12-18T14:31:15.709+0000] {dag.py:2941} INFO - Sync 1 DAGs
[2023-12-18T14:31:15.717+0000] {logging_mixin.py:154} INFO - [2023-12-18T14:31:15.717+0000] {dag.py:3722} INFO - Setting next_dagrun for example_trigger_target_dag to None, run_after=None
[2023-12-18T14:31:15.730+0000] {processor.py:179} INFO - Processing /home/airflow/.local/lib/python3.8/site-packages/airflow/example_dags/example_trigger_target_dag.py took 0.038 seconds
[2023-12-18T14:31:46.586+0000] {processor.py:157} INFO - Started process (PID=899) to work on /home/airflow/.local/lib/python3.8/site-packages/airflow/example_dags/example_trigger_target_dag.py
[2023-12-18T14:31:46.586+0000] {processor.py:829} INFO - Processing file /home/airflow/.local/lib/python3.8/site-packages/airflow/example_dags/example_trigger_target_dag.py for tasks to queue
[2023-12-18T14:31:46.588+0000] {logging_mixin.py:154} INFO - [2023-12-18T14:31:46.588+0000] {dagbag.py:536} INFO - Filling up the DagBag from /home/airflow/.local/lib/python3.8/site-packages/airflow/example_dags/example_trigger_target_dag.py
[2023-12-18T14:31:46.591+0000] {processor.py:839} INFO - DAG(s) dict_keys(['example_trigger_target_dag']) retrieved from /home/airflow/.local/lib/python3.8/site-packages/airflow/example_dags/example_trigger_target_dag.py
[2023-12-18T14:31:46.603+0000] {logging_mixin.py:154} INFO - [2023-12-18T14:31:46.602+0000] {dag.py:2941} INFO - Sync 1 DAGs
[2023-12-18T14:31:46.610+0000] {logging_mixin.py:154} INFO - [2023-12-18T14:31:46.610+0000] {dag.py:3722} INFO - Setting next_dagrun for example_trigger_target_dag to None, run_after=None
[2023-12-18T14:31:46.620+0000] {processor.py:179} INFO - Processing /home/airflow/.local/lib/python3.8/site-packages/airflow/example_dags/example_trigger_target_dag.py took 0.036 seconds
[2023-12-18T14:32:16.695+0000] {processor.py:157} INFO - Started process (PID=960) to work on /home/airflow/.local/lib/python3.8/site-packages/airflow/example_dags/example_trigger_target_dag.py
[2023-12-18T14:32:16.695+0000] {processor.py:829} INFO - Processing file /home/airflow/.local/lib/python3.8/site-packages/airflow/example_dags/example_trigger_target_dag.py for tasks to queue
[2023-12-18T14:32:16.697+0000] {logging_mixin.py:154} INFO - [2023-12-18T14:32:16.696+0000] {dagbag.py:536} INFO - Filling up the DagBag from /home/airflow/.local/lib/python3.8/site-packages/airflow/example_dags/example_trigger_target_dag.py
[2023-12-18T14:32:16.700+0000] {processor.py:839} INFO - DAG(s) dict_keys(['example_trigger_target_dag']) retrieved from /home/airflow/.local/lib/python3.8/site-packages/airflow/example_dags/example_trigger_target_dag.py
[2023-12-18T14:32:16.711+0000] {logging_mixin.py:154} INFO - [2023-12-18T14:32:16.711+0000] {dag.py:2941} INFO - Sync 1 DAGs
[2023-12-18T14:32:16.719+0000] {logging_mixin.py:154} INFO - [2023-12-18T14:32:16.719+0000] {dag.py:3722} INFO - Setting next_dagrun for example_trigger_target_dag to None, run_after=None
[2023-12-18T14:32:16.728+0000] {processor.py:179} INFO - Processing /home/airflow/.local/lib/python3.8/site-packages/airflow/example_dags/example_trigger_target_dag.py took 0.035 seconds
[2023-12-18T14:32:47.622+0000] {processor.py:157} INFO - Started process (PID=1035) to work on /home/airflow/.local/lib/python3.8/site-packages/airflow/example_dags/example_trigger_target_dag.py
[2023-12-18T14:32:47.623+0000] {processor.py:829} INFO - Processing file /home/airflow/.local/lib/python3.8/site-packages/airflow/example_dags/example_trigger_target_dag.py for tasks to queue
[2023-12-18T14:32:47.624+0000] {logging_mixin.py:154} INFO - [2023-12-18T14:32:47.624+0000] {dagbag.py:536} INFO - Filling up the DagBag from /home/airflow/.local/lib/python3.8/site-packages/airflow/example_dags/example_trigger_target_dag.py
[2023-12-18T14:32:47.627+0000] {processor.py:839} INFO - DAG(s) dict_keys(['example_trigger_target_dag']) retrieved from /home/airflow/.local/lib/python3.8/site-packages/airflow/example_dags/example_trigger_target_dag.py
[2023-12-18T14:32:47.638+0000] {logging_mixin.py:154} INFO - [2023-12-18T14:32:47.638+0000] {dag.py:2941} INFO - Sync 1 DAGs
[2023-12-18T14:32:47.645+0000] {logging_mixin.py:154} INFO - [2023-12-18T14:32:47.645+0000] {dag.py:3722} INFO - Setting next_dagrun for example_trigger_target_dag to None, run_after=None
[2023-12-18T14:32:47.689+0000] {processor.py:179} INFO - Processing /home/airflow/.local/lib/python3.8/site-packages/airflow/example_dags/example_trigger_target_dag.py took 0.069 seconds
[2023-12-18T14:33:18.341+0000] {processor.py:157} INFO - Started process (PID=1104) to work on /home/airflow/.local/lib/python3.8/site-packages/airflow/example_dags/example_trigger_target_dag.py
[2023-12-18T14:33:18.342+0000] {processor.py:829} INFO - Processing file /home/airflow/.local/lib/python3.8/site-packages/airflow/example_dags/example_trigger_target_dag.py for tasks to queue
[2023-12-18T14:33:18.343+0000] {logging_mixin.py:154} INFO - [2023-12-18T14:33:18.343+0000] {dagbag.py:536} INFO - Filling up the DagBag from /home/airflow/.local/lib/python3.8/site-packages/airflow/example_dags/example_trigger_target_dag.py
[2023-12-18T14:33:18.346+0000] {processor.py:839} INFO - DAG(s) dict_keys(['example_trigger_target_dag']) retrieved from /home/airflow/.local/lib/python3.8/site-packages/airflow/example_dags/example_trigger_target_dag.py
[2023-12-18T14:33:18.357+0000] {logging_mixin.py:154} INFO - [2023-12-18T14:33:18.357+0000] {dag.py:2941} INFO - Sync 1 DAGs
[2023-12-18T14:33:18.364+0000] {logging_mixin.py:154} INFO - [2023-12-18T14:33:18.364+0000] {dag.py:3722} INFO - Setting next_dagrun for example_trigger_target_dag to None, run_after=None
[2023-12-18T14:33:18.391+0000] {processor.py:179} INFO - Processing /home/airflow/.local/lib/python3.8/site-packages/airflow/example_dags/example_trigger_target_dag.py took 0.052 seconds
[2023-12-18T14:33:49.235+0000] {processor.py:157} INFO - Started process (PID=1173) to work on /home/airflow/.local/lib/python3.8/site-packages/airflow/example_dags/example_trigger_target_dag.py
[2023-12-18T14:33:49.235+0000] {processor.py:829} INFO - Processing file /home/airflow/.local/lib/python3.8/site-packages/airflow/example_dags/example_trigger_target_dag.py for tasks to queue
[2023-12-18T14:33:49.237+0000] {logging_mixin.py:154} INFO - [2023-12-18T14:33:49.236+0000] {dagbag.py:536} INFO - Filling up the DagBag from /home/airflow/.local/lib/python3.8/site-packages/airflow/example_dags/example_trigger_target_dag.py
[2023-12-18T14:33:49.240+0000] {processor.py:839} INFO - DAG(s) dict_keys(['example_trigger_target_dag']) retrieved from /home/airflow/.local/lib/python3.8/site-packages/airflow/example_dags/example_trigger_target_dag.py
[2023-12-18T14:33:49.251+0000] {logging_mixin.py:154} INFO - [2023-12-18T14:33:49.251+0000] {dag.py:2941} INFO - Sync 1 DAGs
[2023-12-18T14:33:49.258+0000] {logging_mixin.py:154} INFO - [2023-12-18T14:33:49.258+0000] {dag.py:3722} INFO - Setting next_dagrun for example_trigger_target_dag to None, run_after=None
[2023-12-18T14:33:49.285+0000] {processor.py:179} INFO - Processing /home/airflow/.local/lib/python3.8/site-packages/airflow/example_dags/example_trigger_target_dag.py took 0.052 seconds
[2023-12-18T14:34:19.411+0000] {processor.py:157} INFO - Started process (PID=1242) to work on /home/airflow/.local/lib/python3.8/site-packages/airflow/example_dags/example_trigger_target_dag.py
[2023-12-18T14:34:19.412+0000] {processor.py:829} INFO - Processing file /home/airflow/.local/lib/python3.8/site-packages/airflow/example_dags/example_trigger_target_dag.py for tasks to queue
[2023-12-18T14:34:19.413+0000] {logging_mixin.py:154} INFO - [2023-12-18T14:34:19.413+0000] {dagbag.py:536} INFO - Filling up the DagBag from /home/airflow/.local/lib/python3.8/site-packages/airflow/example_dags/example_trigger_target_dag.py
[2023-12-18T14:34:19.417+0000] {processor.py:839} INFO - DAG(s) dict_keys(['example_trigger_target_dag']) retrieved from /home/airflow/.local/lib/python3.8/site-packages/airflow/example_dags/example_trigger_target_dag.py
[2023-12-18T14:34:19.428+0000] {logging_mixin.py:154} INFO - [2023-12-18T14:34:19.428+0000] {dag.py:2941} INFO - Sync 1 DAGs
[2023-12-18T14:34:19.434+0000] {logging_mixin.py:154} INFO - [2023-12-18T14:34:19.434+0000] {dag.py:3722} INFO - Setting next_dagrun for example_trigger_target_dag to None, run_after=None
[2023-12-18T14:34:19.444+0000] {processor.py:179} INFO - Processing /home/airflow/.local/lib/python3.8/site-packages/airflow/example_dags/example_trigger_target_dag.py took 0.035 seconds
[2023-12-18T14:34:50.438+0000] {processor.py:157} INFO - Started process (PID=1312) to work on /home/airflow/.local/lib/python3.8/site-packages/airflow/example_dags/example_trigger_target_dag.py
[2023-12-18T14:34:50.439+0000] {processor.py:829} INFO - Processing file /home/airflow/.local/lib/python3.8/site-packages/airflow/example_dags/example_trigger_target_dag.py for tasks to queue
[2023-12-18T14:34:50.440+0000] {logging_mixin.py:154} INFO - [2023-12-18T14:34:50.440+0000] {dagbag.py:536} INFO - Filling up the DagBag from /home/airflow/.local/lib/python3.8/site-packages/airflow/example_dags/example_trigger_target_dag.py
[2023-12-18T14:34:50.443+0000] {processor.py:839} INFO - DAG(s) dict_keys(['example_trigger_target_dag']) retrieved from /home/airflow/.local/lib/python3.8/site-packages/airflow/example_dags/example_trigger_target_dag.py
[2023-12-18T14:34:50.454+0000] {logging_mixin.py:154} INFO - [2023-12-18T14:34:50.454+0000] {dag.py:2941} INFO - Sync 1 DAGs
[2023-12-18T14:34:50.462+0000] {logging_mixin.py:154} INFO - [2023-12-18T14:34:50.462+0000] {dag.py:3722} INFO - Setting next_dagrun for example_trigger_target_dag to None, run_after=None
[2023-12-18T14:34:50.491+0000] {processor.py:179} INFO - Processing /home/airflow/.local/lib/python3.8/site-packages/airflow/example_dags/example_trigger_target_dag.py took 0.055 seconds
[2023-12-18T14:35:20.602+0000] {processor.py:157} INFO - Started process (PID=1381) to work on /home/airflow/.local/lib/python3.8/site-packages/airflow/example_dags/example_trigger_target_dag.py
[2023-12-18T14:35:20.603+0000] {processor.py:829} INFO - Processing file /home/airflow/.local/lib/python3.8/site-packages/airflow/example_dags/example_trigger_target_dag.py for tasks to queue
[2023-12-18T14:35:20.604+0000] {logging_mixin.py:154} INFO - [2023-12-18T14:35:20.604+0000] {dagbag.py:536} INFO - Filling up the DagBag from /home/airflow/.local/lib/python3.8/site-packages/airflow/example_dags/example_trigger_target_dag.py
[2023-12-18T14:35:20.607+0000] {processor.py:839} INFO - DAG(s) dict_keys(['example_trigger_target_dag']) retrieved from /home/airflow/.local/lib/python3.8/site-packages/airflow/example_dags/example_trigger_target_dag.py
[2023-12-18T14:35:20.618+0000] {logging_mixin.py:154} INFO - [2023-12-18T14:35:20.618+0000] {dag.py:2941} INFO - Sync 1 DAGs
[2023-12-18T14:35:20.625+0000] {logging_mixin.py:154} INFO - [2023-12-18T14:35:20.625+0000] {dag.py:3722} INFO - Setting next_dagrun for example_trigger_target_dag to None, run_after=None
[2023-12-18T14:35:20.636+0000] {processor.py:179} INFO - Processing /home/airflow/.local/lib/python3.8/site-packages/airflow/example_dags/example_trigger_target_dag.py took 0.035 seconds
[2023-12-18T14:35:50.701+0000] {processor.py:157} INFO - Started process (PID=1449) to work on /home/airflow/.local/lib/python3.8/site-packages/airflow/example_dags/example_trigger_target_dag.py
[2023-12-18T14:35:50.701+0000] {processor.py:829} INFO - Processing file /home/airflow/.local/lib/python3.8/site-packages/airflow/example_dags/example_trigger_target_dag.py for tasks to queue
[2023-12-18T14:35:50.702+0000] {logging_mixin.py:154} INFO - [2023-12-18T14:35:50.702+0000] {dagbag.py:536} INFO - Filling up the DagBag from /home/airflow/.local/lib/python3.8/site-packages/airflow/example_dags/example_trigger_target_dag.py
[2023-12-18T14:35:50.706+0000] {processor.py:839} INFO - DAG(s) dict_keys(['example_trigger_target_dag']) retrieved from /home/airflow/.local/lib/python3.8/site-packages/airflow/example_dags/example_trigger_target_dag.py
[2023-12-18T14:35:50.717+0000] {logging_mixin.py:154} INFO - [2023-12-18T14:35:50.717+0000] {dag.py:2941} INFO - Sync 1 DAGs
[2023-12-18T14:35:50.724+0000] {logging_mixin.py:154} INFO - [2023-12-18T14:35:50.724+0000] {dag.py:3722} INFO - Setting next_dagrun for example_trigger_target_dag to None, run_after=None
[2023-12-18T14:35:50.734+0000] {processor.py:179} INFO - Processing /home/airflow/.local/lib/python3.8/site-packages/airflow/example_dags/example_trigger_target_dag.py took 0.035 seconds
[2023-12-18T14:36:20.826+0000] {processor.py:157} INFO - Started process (PID=1518) to work on /home/airflow/.local/lib/python3.8/site-packages/airflow/example_dags/example_trigger_target_dag.py
[2023-12-18T14:36:20.827+0000] {processor.py:829} INFO - Processing file /home/airflow/.local/lib/python3.8/site-packages/airflow/example_dags/example_trigger_target_dag.py for tasks to queue
[2023-12-18T14:36:20.828+0000] {logging_mixin.py:154} INFO - [2023-12-18T14:36:20.828+0000] {dagbag.py:536} INFO - Filling up the DagBag from /home/airflow/.local/lib/python3.8/site-packages/airflow/example_dags/example_trigger_target_dag.py
[2023-12-18T14:36:20.831+0000] {processor.py:839} INFO - DAG(s) dict_keys(['example_trigger_target_dag']) retrieved from /home/airflow/.local/lib/python3.8/site-packages/airflow/example_dags/example_trigger_target_dag.py
[2023-12-18T14:36:20.843+0000] {logging_mixin.py:154} INFO - [2023-12-18T14:36:20.843+0000] {dag.py:2941} INFO - Sync 1 DAGs
[2023-12-18T14:36:20.850+0000] {logging_mixin.py:154} INFO - [2023-12-18T14:36:20.850+0000] {dag.py:3722} INFO - Setting next_dagrun for example_trigger_target_dag to None, run_after=None
[2023-12-18T14:36:20.859+0000] {processor.py:179} INFO - Processing /home/airflow/.local/lib/python3.8/site-packages/airflow/example_dags/example_trigger_target_dag.py took 0.035 seconds
[2023-12-18T14:36:50.955+0000] {processor.py:157} INFO - Started process (PID=1587) to work on /home/airflow/.local/lib/python3.8/site-packages/airflow/example_dags/example_trigger_target_dag.py
[2023-12-18T14:36:50.955+0000] {processor.py:829} INFO - Processing file /home/airflow/.local/lib/python3.8/site-packages/airflow/example_dags/example_trigger_target_dag.py for tasks to queue
[2023-12-18T14:36:50.957+0000] {logging_mixin.py:154} INFO - [2023-12-18T14:36:50.957+0000] {dagbag.py:536} INFO - Filling up the DagBag from /home/airflow/.local/lib/python3.8/site-packages/airflow/example_dags/example_trigger_target_dag.py
[2023-12-18T14:36:50.960+0000] {processor.py:839} INFO - DAG(s) dict_keys(['example_trigger_target_dag']) retrieved from /home/airflow/.local/lib/python3.8/site-packages/airflow/example_dags/example_trigger_target_dag.py
[2023-12-18T14:36:50.986+0000] {logging_mixin.py:154} INFO - [2023-12-18T14:36:50.986+0000] {dag.py:2941} INFO - Sync 1 DAGs
[2023-12-18T14:36:50.993+0000] {logging_mixin.py:154} INFO - [2023-12-18T14:36:50.993+0000] {dag.py:3722} INFO - Setting next_dagrun for example_trigger_target_dag to None, run_after=None
[2023-12-18T14:36:51.004+0000] {processor.py:179} INFO - Processing /home/airflow/.local/lib/python3.8/site-packages/airflow/example_dags/example_trigger_target_dag.py took 0.051 seconds
[2023-12-18T14:37:22.000+0000] {processor.py:157} INFO - Started process (PID=1656) to work on /home/airflow/.local/lib/python3.8/site-packages/airflow/example_dags/example_trigger_target_dag.py
[2023-12-18T14:37:22.001+0000] {processor.py:829} INFO - Processing file /home/airflow/.local/lib/python3.8/site-packages/airflow/example_dags/example_trigger_target_dag.py for tasks to queue
[2023-12-18T14:37:22.002+0000] {logging_mixin.py:154} INFO - [2023-12-18T14:37:22.002+0000] {dagbag.py:536} INFO - Filling up the DagBag from /home/airflow/.local/lib/python3.8/site-packages/airflow/example_dags/example_trigger_target_dag.py
[2023-12-18T14:37:22.005+0000] {processor.py:839} INFO - DAG(s) dict_keys(['example_trigger_target_dag']) retrieved from /home/airflow/.local/lib/python3.8/site-packages/airflow/example_dags/example_trigger_target_dag.py
[2023-12-18T14:37:22.017+0000] {logging_mixin.py:154} INFO - [2023-12-18T14:37:22.017+0000] {dag.py:2941} INFO - Sync 1 DAGs
[2023-12-18T14:37:22.025+0000] {logging_mixin.py:154} INFO - [2023-12-18T14:37:22.024+0000] {dag.py:3722} INFO - Setting next_dagrun for example_trigger_target_dag to None, run_after=None
[2023-12-18T14:37:22.035+0000] {processor.py:179} INFO - Processing /home/airflow/.local/lib/python3.8/site-packages/airflow/example_dags/example_trigger_target_dag.py took 0.037 seconds
[2023-12-18T14:37:52.687+0000] {processor.py:157} INFO - Started process (PID=1725) to work on /home/airflow/.local/lib/python3.8/site-packages/airflow/example_dags/example_trigger_target_dag.py
[2023-12-18T14:37:52.687+0000] {processor.py:829} INFO - Processing file /home/airflow/.local/lib/python3.8/site-packages/airflow/example_dags/example_trigger_target_dag.py for tasks to queue
[2023-12-18T14:37:52.689+0000] {logging_mixin.py:154} INFO - [2023-12-18T14:37:52.688+0000] {dagbag.py:536} INFO - Filling up the DagBag from /home/airflow/.local/lib/python3.8/site-packages/airflow/example_dags/example_trigger_target_dag.py
[2023-12-18T14:37:52.692+0000] {processor.py:839} INFO - DAG(s) dict_keys(['example_trigger_target_dag']) retrieved from /home/airflow/.local/lib/python3.8/site-packages/airflow/example_dags/example_trigger_target_dag.py
[2023-12-18T14:37:52.703+0000] {logging_mixin.py:154} INFO - [2023-12-18T14:37:52.703+0000] {dag.py:2941} INFO - Sync 1 DAGs
[2023-12-18T14:37:52.710+0000] {logging_mixin.py:154} INFO - [2023-12-18T14:37:52.710+0000] {dag.py:3722} INFO - Setting next_dagrun for example_trigger_target_dag to None, run_after=None
[2023-12-18T14:37:52.720+0000] {processor.py:179} INFO - Processing /home/airflow/.local/lib/python3.8/site-packages/airflow/example_dags/example_trigger_target_dag.py took 0.036 seconds
[2023-12-18T14:38:23.499+0000] {processor.py:157} INFO - Started process (PID=1794) to work on /home/airflow/.local/lib/python3.8/site-packages/airflow/example_dags/example_trigger_target_dag.py
[2023-12-18T14:38:23.500+0000] {processor.py:829} INFO - Processing file /home/airflow/.local/lib/python3.8/site-packages/airflow/example_dags/example_trigger_target_dag.py for tasks to queue
[2023-12-18T14:38:23.501+0000] {logging_mixin.py:154} INFO - [2023-12-18T14:38:23.501+0000] {dagbag.py:536} INFO - Filling up the DagBag from /home/airflow/.local/lib/python3.8/site-packages/airflow/example_dags/example_trigger_target_dag.py
[2023-12-18T14:38:23.504+0000] {processor.py:839} INFO - DAG(s) dict_keys(['example_trigger_target_dag']) retrieved from /home/airflow/.local/lib/python3.8/site-packages/airflow/example_dags/example_trigger_target_dag.py
[2023-12-18T14:38:23.515+0000] {logging_mixin.py:154} INFO - [2023-12-18T14:38:23.515+0000] {dag.py:2941} INFO - Sync 1 DAGs
[2023-12-18T14:38:23.522+0000] {logging_mixin.py:154} INFO - [2023-12-18T14:38:23.522+0000] {dag.py:3722} INFO - Setting next_dagrun for example_trigger_target_dag to None, run_after=None
[2023-12-18T14:38:23.533+0000] {processor.py:179} INFO - Processing /home/airflow/.local/lib/python3.8/site-packages/airflow/example_dags/example_trigger_target_dag.py took 0.035 seconds
[2023-12-18T14:38:54.287+0000] {processor.py:157} INFO - Started process (PID=1863) to work on /home/airflow/.local/lib/python3.8/site-packages/airflow/example_dags/example_trigger_target_dag.py
[2023-12-18T14:38:54.287+0000] {processor.py:829} INFO - Processing file /home/airflow/.local/lib/python3.8/site-packages/airflow/example_dags/example_trigger_target_dag.py for tasks to queue
[2023-12-18T14:38:54.289+0000] {logging_mixin.py:154} INFO - [2023-12-18T14:38:54.289+0000] {dagbag.py:536} INFO - Filling up the DagBag from /home/airflow/.local/lib/python3.8/site-packages/airflow/example_dags/example_trigger_target_dag.py
[2023-12-18T14:38:54.293+0000] {processor.py:839} INFO - DAG(s) dict_keys(['example_trigger_target_dag']) retrieved from /home/airflow/.local/lib/python3.8/site-packages/airflow/example_dags/example_trigger_target_dag.py
[2023-12-18T14:38:54.306+0000] {logging_mixin.py:154} INFO - [2023-12-18T14:38:54.306+0000] {dag.py:2941} INFO - Sync 1 DAGs
[2023-12-18T14:38:54.314+0000] {logging_mixin.py:154} INFO - [2023-12-18T14:38:54.314+0000] {dag.py:3722} INFO - Setting next_dagrun for example_trigger_target_dag to None, run_after=None
[2023-12-18T14:38:54.325+0000] {processor.py:179} INFO - Processing /home/airflow/.local/lib/python3.8/site-packages/airflow/example_dags/example_trigger_target_dag.py took 0.041 seconds
[2023-12-18T14:39:54.310+0000] {processor.py:157} INFO - Started process (PID=62) to work on /home/airflow/.local/lib/python3.8/site-packages/airflow/example_dags/example_trigger_target_dag.py
[2023-12-18T14:39:54.317+0000] {processor.py:829} INFO - Processing file /home/airflow/.local/lib/python3.8/site-packages/airflow/example_dags/example_trigger_target_dag.py for tasks to queue
[2023-12-18T14:39:54.319+0000] {logging_mixin.py:154} INFO - [2023-12-18T14:39:54.319+0000] {dagbag.py:536} INFO - Filling up the DagBag from /home/airflow/.local/lib/python3.8/site-packages/airflow/example_dags/example_trigger_target_dag.py
[2023-12-18T14:39:54.327+0000] {processor.py:839} INFO - DAG(s) dict_keys(['example_trigger_target_dag']) retrieved from /home/airflow/.local/lib/python3.8/site-packages/airflow/example_dags/example_trigger_target_dag.py
[2023-12-18T14:39:54.384+0000] {logging_mixin.py:154} INFO - [2023-12-18T14:39:54.384+0000] {dag.py:2941} INFO - Sync 1 DAGs
[2023-12-18T14:39:54.662+0000] {logging_mixin.py:154} INFO - [2023-12-18T14:39:54.661+0000] {dag.py:3722} INFO - Setting next_dagrun for example_trigger_target_dag to None, run_after=None
[2023-12-18T14:39:54.767+0000] {processor.py:179} INFO - Processing /home/airflow/.local/lib/python3.8/site-packages/airflow/example_dags/example_trigger_target_dag.py took 0.473 seconds
[2023-12-18T14:40:25.265+0000] {processor.py:157} INFO - Started process (PID=131) to work on /home/airflow/.local/lib/python3.8/site-packages/airflow/example_dags/example_trigger_target_dag.py
[2023-12-18T14:40:25.281+0000] {processor.py:829} INFO - Processing file /home/airflow/.local/lib/python3.8/site-packages/airflow/example_dags/example_trigger_target_dag.py for tasks to queue
[2023-12-18T14:40:25.283+0000] {logging_mixin.py:154} INFO - [2023-12-18T14:40:25.283+0000] {dagbag.py:536} INFO - Filling up the DagBag from /home/airflow/.local/lib/python3.8/site-packages/airflow/example_dags/example_trigger_target_dag.py
[2023-12-18T14:40:25.287+0000] {processor.py:839} INFO - DAG(s) dict_keys(['example_trigger_target_dag']) retrieved from /home/airflow/.local/lib/python3.8/site-packages/airflow/example_dags/example_trigger_target_dag.py
[2023-12-18T14:40:25.307+0000] {logging_mixin.py:154} INFO - [2023-12-18T14:40:25.307+0000] {dag.py:2941} INFO - Sync 1 DAGs
[2023-12-18T14:40:25.319+0000] {logging_mixin.py:154} INFO - [2023-12-18T14:40:25.319+0000] {dag.py:3722} INFO - Setting next_dagrun for example_trigger_target_dag to None, run_after=None
[2023-12-18T14:40:25.337+0000] {processor.py:179} INFO - Processing /home/airflow/.local/lib/python3.8/site-packages/airflow/example_dags/example_trigger_target_dag.py took 0.075 seconds
[2023-12-18T14:40:55.543+0000] {processor.py:157} INFO - Started process (PID=200) to work on /home/airflow/.local/lib/python3.8/site-packages/airflow/example_dags/example_trigger_target_dag.py
[2023-12-18T14:40:55.544+0000] {processor.py:829} INFO - Processing file /home/airflow/.local/lib/python3.8/site-packages/airflow/example_dags/example_trigger_target_dag.py for tasks to queue
[2023-12-18T14:40:55.545+0000] {logging_mixin.py:154} INFO - [2023-12-18T14:40:55.545+0000] {dagbag.py:536} INFO - Filling up the DagBag from /home/airflow/.local/lib/python3.8/site-packages/airflow/example_dags/example_trigger_target_dag.py
[2023-12-18T14:40:55.548+0000] {processor.py:839} INFO - DAG(s) dict_keys(['example_trigger_target_dag']) retrieved from /home/airflow/.local/lib/python3.8/site-packages/airflow/example_dags/example_trigger_target_dag.py
[2023-12-18T14:40:55.560+0000] {logging_mixin.py:154} INFO - [2023-12-18T14:40:55.560+0000] {dag.py:2941} INFO - Sync 1 DAGs
[2023-12-18T14:40:55.568+0000] {logging_mixin.py:154} INFO - [2023-12-18T14:40:55.568+0000] {dag.py:3722} INFO - Setting next_dagrun for example_trigger_target_dag to None, run_after=None
[2023-12-18T14:40:55.593+0000] {processor.py:179} INFO - Processing /home/airflow/.local/lib/python3.8/site-packages/airflow/example_dags/example_trigger_target_dag.py took 0.051 seconds
[2023-12-18T14:41:26.383+0000] {processor.py:157} INFO - Started process (PID=269) to work on /home/airflow/.local/lib/python3.8/site-packages/airflow/example_dags/example_trigger_target_dag.py
[2023-12-18T14:41:26.383+0000] {processor.py:829} INFO - Processing file /home/airflow/.local/lib/python3.8/site-packages/airflow/example_dags/example_trigger_target_dag.py for tasks to queue
[2023-12-18T14:41:26.384+0000] {logging_mixin.py:154} INFO - [2023-12-18T14:41:26.384+0000] {dagbag.py:536} INFO - Filling up the DagBag from /home/airflow/.local/lib/python3.8/site-packages/airflow/example_dags/example_trigger_target_dag.py
[2023-12-18T14:41:26.388+0000] {processor.py:839} INFO - DAG(s) dict_keys(['example_trigger_target_dag']) retrieved from /home/airflow/.local/lib/python3.8/site-packages/airflow/example_dags/example_trigger_target_dag.py
[2023-12-18T14:41:26.399+0000] {logging_mixin.py:154} INFO - [2023-12-18T14:41:26.399+0000] {dag.py:2941} INFO - Sync 1 DAGs
[2023-12-18T14:41:26.406+0000] {logging_mixin.py:154} INFO - [2023-12-18T14:41:26.406+0000] {dag.py:3722} INFO - Setting next_dagrun for example_trigger_target_dag to None, run_after=None
[2023-12-18T14:41:26.418+0000] {processor.py:179} INFO - Processing /home/airflow/.local/lib/python3.8/site-packages/airflow/example_dags/example_trigger_target_dag.py took 0.054 seconds
[2023-12-18T14:41:57.157+0000] {processor.py:157} INFO - Started process (PID=339) to work on /home/airflow/.local/lib/python3.8/site-packages/airflow/example_dags/example_trigger_target_dag.py
[2023-12-18T14:41:57.157+0000] {processor.py:829} INFO - Processing file /home/airflow/.local/lib/python3.8/site-packages/airflow/example_dags/example_trigger_target_dag.py for tasks to queue
[2023-12-18T14:41:57.159+0000] {logging_mixin.py:154} INFO - [2023-12-18T14:41:57.158+0000] {dagbag.py:536} INFO - Filling up the DagBag from /home/airflow/.local/lib/python3.8/site-packages/airflow/example_dags/example_trigger_target_dag.py
[2023-12-18T14:41:57.162+0000] {processor.py:839} INFO - DAG(s) dict_keys(['example_trigger_target_dag']) retrieved from /home/airflow/.local/lib/python3.8/site-packages/airflow/example_dags/example_trigger_target_dag.py
[2023-12-18T14:41:57.191+0000] {logging_mixin.py:154} INFO - [2023-12-18T14:41:57.191+0000] {dag.py:2941} INFO - Sync 1 DAGs
[2023-12-18T14:41:57.199+0000] {logging_mixin.py:154} INFO - [2023-12-18T14:41:57.199+0000] {dag.py:3722} INFO - Setting next_dagrun for example_trigger_target_dag to None, run_after=None
[2023-12-18T14:41:57.209+0000] {processor.py:179} INFO - Processing /home/airflow/.local/lib/python3.8/site-packages/airflow/example_dags/example_trigger_target_dag.py took 0.054 seconds
[2023-12-18T14:42:28.102+0000] {processor.py:157} INFO - Started process (PID=408) to work on /home/airflow/.local/lib/python3.8/site-packages/airflow/example_dags/example_trigger_target_dag.py
[2023-12-18T14:42:28.102+0000] {processor.py:829} INFO - Processing file /home/airflow/.local/lib/python3.8/site-packages/airflow/example_dags/example_trigger_target_dag.py for tasks to queue
[2023-12-18T14:42:28.103+0000] {logging_mixin.py:154} INFO - [2023-12-18T14:42:28.103+0000] {dagbag.py:536} INFO - Filling up the DagBag from /home/airflow/.local/lib/python3.8/site-packages/airflow/example_dags/example_trigger_target_dag.py
[2023-12-18T14:42:28.106+0000] {processor.py:839} INFO - DAG(s) dict_keys(['example_trigger_target_dag']) retrieved from /home/airflow/.local/lib/python3.8/site-packages/airflow/example_dags/example_trigger_target_dag.py
[2023-12-18T14:42:28.121+0000] {logging_mixin.py:154} INFO - [2023-12-18T14:42:28.121+0000] {dag.py:2941} INFO - Sync 1 DAGs
[2023-12-18T14:42:28.132+0000] {logging_mixin.py:154} INFO - [2023-12-18T14:42:28.132+0000] {dag.py:3722} INFO - Setting next_dagrun for example_trigger_target_dag to None, run_after=None
[2023-12-18T14:42:28.147+0000] {processor.py:179} INFO - Processing /home/airflow/.local/lib/python3.8/site-packages/airflow/example_dags/example_trigger_target_dag.py took 0.047 seconds
[2023-12-18T14:42:58.331+0000] {processor.py:157} INFO - Started process (PID=477) to work on /home/airflow/.local/lib/python3.8/site-packages/airflow/example_dags/example_trigger_target_dag.py
[2023-12-18T14:42:58.331+0000] {processor.py:829} INFO - Processing file /home/airflow/.local/lib/python3.8/site-packages/airflow/example_dags/example_trigger_target_dag.py for tasks to queue
[2023-12-18T14:42:58.332+0000] {logging_mixin.py:154} INFO - [2023-12-18T14:42:58.332+0000] {dagbag.py:536} INFO - Filling up the DagBag from /home/airflow/.local/lib/python3.8/site-packages/airflow/example_dags/example_trigger_target_dag.py
[2023-12-18T14:42:58.336+0000] {processor.py:839} INFO - DAG(s) dict_keys(['example_trigger_target_dag']) retrieved from /home/airflow/.local/lib/python3.8/site-packages/airflow/example_dags/example_trigger_target_dag.py
[2023-12-18T14:42:58.347+0000] {logging_mixin.py:154} INFO - [2023-12-18T14:42:58.347+0000] {dag.py:2941} INFO - Sync 1 DAGs
[2023-12-18T14:42:58.354+0000] {logging_mixin.py:154} INFO - [2023-12-18T14:42:58.354+0000] {dag.py:3722} INFO - Setting next_dagrun for example_trigger_target_dag to None, run_after=None
[2023-12-18T14:42:58.365+0000] {processor.py:179} INFO - Processing /home/airflow/.local/lib/python3.8/site-packages/airflow/example_dags/example_trigger_target_dag.py took 0.036 seconds
[2023-12-18T14:44:35.183+0000] {processor.py:157} INFO - Started process (PID=60) to work on /home/airflow/.local/lib/python3.8/site-packages/airflow/example_dags/example_trigger_target_dag.py
[2023-12-18T14:44:35.184+0000] {processor.py:829} INFO - Processing file /home/airflow/.local/lib/python3.8/site-packages/airflow/example_dags/example_trigger_target_dag.py for tasks to queue
[2023-12-18T14:44:35.187+0000] {logging_mixin.py:154} INFO - [2023-12-18T14:44:35.186+0000] {dagbag.py:536} INFO - Filling up the DagBag from /home/airflow/.local/lib/python3.8/site-packages/airflow/example_dags/example_trigger_target_dag.py
[2023-12-18T14:44:35.202+0000] {processor.py:839} INFO - DAG(s) dict_keys(['example_trigger_target_dag']) retrieved from /home/airflow/.local/lib/python3.8/site-packages/airflow/example_dags/example_trigger_target_dag.py
[2023-12-18T14:44:35.236+0000] {logging_mixin.py:154} INFO - [2023-12-18T14:44:35.235+0000] {dag.py:2941} INFO - Sync 1 DAGs
[2023-12-18T14:44:35.251+0000] {logging_mixin.py:154} INFO - [2023-12-18T14:44:35.251+0000] {dag.py:3722} INFO - Setting next_dagrun for example_trigger_target_dag to None, run_after=None
[2023-12-18T14:44:35.278+0000] {processor.py:179} INFO - Processing /home/airflow/.local/lib/python3.8/site-packages/airflow/example_dags/example_trigger_target_dag.py took 0.098 seconds
[2023-12-18T14:45:05.890+0000] {processor.py:157} INFO - Started process (PID=129) to work on /home/airflow/.local/lib/python3.8/site-packages/airflow/example_dags/example_trigger_target_dag.py
[2023-12-18T14:45:05.891+0000] {processor.py:829} INFO - Processing file /home/airflow/.local/lib/python3.8/site-packages/airflow/example_dags/example_trigger_target_dag.py for tasks to queue
[2023-12-18T14:45:05.892+0000] {logging_mixin.py:154} INFO - [2023-12-18T14:45:05.892+0000] {dagbag.py:536} INFO - Filling up the DagBag from /home/airflow/.local/lib/python3.8/site-packages/airflow/example_dags/example_trigger_target_dag.py
[2023-12-18T14:45:05.896+0000] {processor.py:839} INFO - DAG(s) dict_keys(['example_trigger_target_dag']) retrieved from /home/airflow/.local/lib/python3.8/site-packages/airflow/example_dags/example_trigger_target_dag.py
[2023-12-18T14:45:05.912+0000] {logging_mixin.py:154} INFO - [2023-12-18T14:45:05.912+0000] {dag.py:2941} INFO - Sync 1 DAGs
[2023-12-18T14:45:05.923+0000] {logging_mixin.py:154} INFO - [2023-12-18T14:45:05.923+0000] {dag.py:3722} INFO - Setting next_dagrun for example_trigger_target_dag to None, run_after=None
[2023-12-18T14:45:05.939+0000] {processor.py:179} INFO - Processing /home/airflow/.local/lib/python3.8/site-packages/airflow/example_dags/example_trigger_target_dag.py took 0.054 seconds
[2023-12-18T14:45:36.218+0000] {processor.py:157} INFO - Started process (PID=198) to work on /home/airflow/.local/lib/python3.8/site-packages/airflow/example_dags/example_trigger_target_dag.py
[2023-12-18T14:45:36.218+0000] {processor.py:829} INFO - Processing file /home/airflow/.local/lib/python3.8/site-packages/airflow/example_dags/example_trigger_target_dag.py for tasks to queue
[2023-12-18T14:45:36.220+0000] {logging_mixin.py:154} INFO - [2023-12-18T14:45:36.219+0000] {dagbag.py:536} INFO - Filling up the DagBag from /home/airflow/.local/lib/python3.8/site-packages/airflow/example_dags/example_trigger_target_dag.py
[2023-12-18T14:45:36.223+0000] {processor.py:839} INFO - DAG(s) dict_keys(['example_trigger_target_dag']) retrieved from /home/airflow/.local/lib/python3.8/site-packages/airflow/example_dags/example_trigger_target_dag.py
[2023-12-18T14:45:36.234+0000] {logging_mixin.py:154} INFO - [2023-12-18T14:45:36.234+0000] {dag.py:2941} INFO - Sync 1 DAGs
[2023-12-18T14:45:36.242+0000] {logging_mixin.py:154} INFO - [2023-12-18T14:45:36.242+0000] {dag.py:3722} INFO - Setting next_dagrun for example_trigger_target_dag to None, run_after=None
[2023-12-18T14:45:36.252+0000] {processor.py:179} INFO - Processing /home/airflow/.local/lib/python3.8/site-packages/airflow/example_dags/example_trigger_target_dag.py took 0.037 seconds
[2023-12-18T14:46:06.353+0000] {processor.py:157} INFO - Started process (PID=267) to work on /home/airflow/.local/lib/python3.8/site-packages/airflow/example_dags/example_trigger_target_dag.py
[2023-12-18T14:46:06.353+0000] {processor.py:829} INFO - Processing file /home/airflow/.local/lib/python3.8/site-packages/airflow/example_dags/example_trigger_target_dag.py for tasks to queue
[2023-12-18T14:46:06.354+0000] {logging_mixin.py:154} INFO - [2023-12-18T14:46:06.354+0000] {dagbag.py:536} INFO - Filling up the DagBag from /home/airflow/.local/lib/python3.8/site-packages/airflow/example_dags/example_trigger_target_dag.py
[2023-12-18T14:46:06.358+0000] {processor.py:839} INFO - DAG(s) dict_keys(['example_trigger_target_dag']) retrieved from /home/airflow/.local/lib/python3.8/site-packages/airflow/example_dags/example_trigger_target_dag.py
[2023-12-18T14:46:06.384+0000] {logging_mixin.py:154} INFO - [2023-12-18T14:46:06.383+0000] {dag.py:2941} INFO - Sync 1 DAGs
[2023-12-18T14:46:06.395+0000] {logging_mixin.py:154} INFO - [2023-12-18T14:46:06.394+0000] {dag.py:3722} INFO - Setting next_dagrun for example_trigger_target_dag to None, run_after=None
[2023-12-18T14:46:06.408+0000] {processor.py:179} INFO - Processing /home/airflow/.local/lib/python3.8/site-packages/airflow/example_dags/example_trigger_target_dag.py took 0.057 seconds
[2023-12-18T14:46:37.195+0000] {processor.py:157} INFO - Started process (PID=336) to work on /home/airflow/.local/lib/python3.8/site-packages/airflow/example_dags/example_trigger_target_dag.py
[2023-12-18T14:46:37.196+0000] {processor.py:829} INFO - Processing file /home/airflow/.local/lib/python3.8/site-packages/airflow/example_dags/example_trigger_target_dag.py for tasks to queue
[2023-12-18T14:46:37.197+0000] {logging_mixin.py:154} INFO - [2023-12-18T14:46:37.197+0000] {dagbag.py:536} INFO - Filling up the DagBag from /home/airflow/.local/lib/python3.8/site-packages/airflow/example_dags/example_trigger_target_dag.py
[2023-12-18T14:46:37.200+0000] {processor.py:839} INFO - DAG(s) dict_keys(['example_trigger_target_dag']) retrieved from /home/airflow/.local/lib/python3.8/site-packages/airflow/example_dags/example_trigger_target_dag.py
[2023-12-18T14:46:37.213+0000] {logging_mixin.py:154} INFO - [2023-12-18T14:46:37.212+0000] {dag.py:2941} INFO - Sync 1 DAGs
[2023-12-18T14:46:37.220+0000] {logging_mixin.py:154} INFO - [2023-12-18T14:46:37.220+0000] {dag.py:3722} INFO - Setting next_dagrun for example_trigger_target_dag to None, run_after=None
[2023-12-18T14:46:37.231+0000] {processor.py:179} INFO - Processing /home/airflow/.local/lib/python3.8/site-packages/airflow/example_dags/example_trigger_target_dag.py took 0.038 seconds
[2023-12-18T14:47:08.037+0000] {processor.py:157} INFO - Started process (PID=405) to work on /home/airflow/.local/lib/python3.8/site-packages/airflow/example_dags/example_trigger_target_dag.py
[2023-12-18T14:47:08.038+0000] {processor.py:829} INFO - Processing file /home/airflow/.local/lib/python3.8/site-packages/airflow/example_dags/example_trigger_target_dag.py for tasks to queue
[2023-12-18T14:47:08.039+0000] {logging_mixin.py:154} INFO - [2023-12-18T14:47:08.038+0000] {dagbag.py:536} INFO - Filling up the DagBag from /home/airflow/.local/lib/python3.8/site-packages/airflow/example_dags/example_trigger_target_dag.py
[2023-12-18T14:47:08.042+0000] {processor.py:839} INFO - DAG(s) dict_keys(['example_trigger_target_dag']) retrieved from /home/airflow/.local/lib/python3.8/site-packages/airflow/example_dags/example_trigger_target_dag.py
[2023-12-18T14:47:08.053+0000] {logging_mixin.py:154} INFO - [2023-12-18T14:47:08.053+0000] {dag.py:2941} INFO - Sync 1 DAGs
[2023-12-18T14:47:08.061+0000] {logging_mixin.py:154} INFO - [2023-12-18T14:47:08.061+0000] {dag.py:3722} INFO - Setting next_dagrun for example_trigger_target_dag to None, run_after=None
[2023-12-18T14:47:08.071+0000] {processor.py:179} INFO - Processing /home/airflow/.local/lib/python3.8/site-packages/airflow/example_dags/example_trigger_target_dag.py took 0.036 seconds
[2023-12-18T14:47:38.158+0000] {processor.py:157} INFO - Started process (PID=474) to work on /home/airflow/.local/lib/python3.8/site-packages/airflow/example_dags/example_trigger_target_dag.py
[2023-12-18T14:47:38.159+0000] {processor.py:829} INFO - Processing file /home/airflow/.local/lib/python3.8/site-packages/airflow/example_dags/example_trigger_target_dag.py for tasks to queue
[2023-12-18T14:47:38.160+0000] {logging_mixin.py:154} INFO - [2023-12-18T14:47:38.160+0000] {dagbag.py:536} INFO - Filling up the DagBag from /home/airflow/.local/lib/python3.8/site-packages/airflow/example_dags/example_trigger_target_dag.py
[2023-12-18T14:47:38.164+0000] {processor.py:839} INFO - DAG(s) dict_keys(['example_trigger_target_dag']) retrieved from /home/airflow/.local/lib/python3.8/site-packages/airflow/example_dags/example_trigger_target_dag.py
[2023-12-18T14:47:38.196+0000] {logging_mixin.py:154} INFO - [2023-12-18T14:47:38.196+0000] {dag.py:2941} INFO - Sync 1 DAGs
[2023-12-18T14:47:38.208+0000] {logging_mixin.py:154} INFO - [2023-12-18T14:47:38.208+0000] {dag.py:3722} INFO - Setting next_dagrun for example_trigger_target_dag to None, run_after=None
[2023-12-18T14:47:38.221+0000] {processor.py:179} INFO - Processing /home/airflow/.local/lib/python3.8/site-packages/airflow/example_dags/example_trigger_target_dag.py took 0.065 seconds
[2023-12-18T14:48:08.425+0000] {processor.py:157} INFO - Started process (PID=544) to work on /home/airflow/.local/lib/python3.8/site-packages/airflow/example_dags/example_trigger_target_dag.py
[2023-12-18T14:48:08.425+0000] {processor.py:829} INFO - Processing file /home/airflow/.local/lib/python3.8/site-packages/airflow/example_dags/example_trigger_target_dag.py for tasks to queue
[2023-12-18T14:48:08.427+0000] {logging_mixin.py:154} INFO - [2023-12-18T14:48:08.426+0000] {dagbag.py:536} INFO - Filling up the DagBag from /home/airflow/.local/lib/python3.8/site-packages/airflow/example_dags/example_trigger_target_dag.py
[2023-12-18T14:48:08.431+0000] {processor.py:839} INFO - DAG(s) dict_keys(['example_trigger_target_dag']) retrieved from /home/airflow/.local/lib/python3.8/site-packages/airflow/example_dags/example_trigger_target_dag.py
[2023-12-18T14:48:08.443+0000] {logging_mixin.py:154} INFO - [2023-12-18T14:48:08.443+0000] {dag.py:2941} INFO - Sync 1 DAGs
[2023-12-18T14:48:08.451+0000] {logging_mixin.py:154} INFO - [2023-12-18T14:48:08.450+0000] {dag.py:3722} INFO - Setting next_dagrun for example_trigger_target_dag to None, run_after=None
[2023-12-18T14:48:08.462+0000] {processor.py:179} INFO - Processing /home/airflow/.local/lib/python3.8/site-packages/airflow/example_dags/example_trigger_target_dag.py took 0.039 seconds
[2023-12-18T14:48:39.395+0000] {processor.py:157} INFO - Started process (PID=614) to work on /home/airflow/.local/lib/python3.8/site-packages/airflow/example_dags/example_trigger_target_dag.py
[2023-12-18T14:48:39.395+0000] {processor.py:829} INFO - Processing file /home/airflow/.local/lib/python3.8/site-packages/airflow/example_dags/example_trigger_target_dag.py for tasks to queue
[2023-12-18T14:48:39.396+0000] {logging_mixin.py:154} INFO - [2023-12-18T14:48:39.396+0000] {dagbag.py:536} INFO - Filling up the DagBag from /home/airflow/.local/lib/python3.8/site-packages/airflow/example_dags/example_trigger_target_dag.py
[2023-12-18T14:48:39.400+0000] {processor.py:839} INFO - DAG(s) dict_keys(['example_trigger_target_dag']) retrieved from /home/airflow/.local/lib/python3.8/site-packages/airflow/example_dags/example_trigger_target_dag.py
[2023-12-18T14:48:39.412+0000] {logging_mixin.py:154} INFO - [2023-12-18T14:48:39.412+0000] {dag.py:2941} INFO - Sync 1 DAGs
[2023-12-18T14:48:39.420+0000] {logging_mixin.py:154} INFO - [2023-12-18T14:48:39.420+0000] {dag.py:3722} INFO - Setting next_dagrun for example_trigger_target_dag to None, run_after=None
[2023-12-18T14:48:39.431+0000] {processor.py:179} INFO - Processing /home/airflow/.local/lib/python3.8/site-packages/airflow/example_dags/example_trigger_target_dag.py took 0.038 seconds
[2023-12-18T14:52:07.576+0000] {processor.py:157} INFO - Started process (PID=61) to work on /home/airflow/.local/lib/python3.8/site-packages/airflow/example_dags/example_trigger_target_dag.py
[2023-12-18T14:52:07.577+0000] {processor.py:829} INFO - Processing file /home/airflow/.local/lib/python3.8/site-packages/airflow/example_dags/example_trigger_target_dag.py for tasks to queue
[2023-12-18T14:52:07.579+0000] {logging_mixin.py:154} INFO - [2023-12-18T14:52:07.578+0000] {dagbag.py:536} INFO - Filling up the DagBag from /home/airflow/.local/lib/python3.8/site-packages/airflow/example_dags/example_trigger_target_dag.py
[2023-12-18T14:52:07.587+0000] {processor.py:839} INFO - DAG(s) dict_keys(['example_trigger_target_dag']) retrieved from /home/airflow/.local/lib/python3.8/site-packages/airflow/example_dags/example_trigger_target_dag.py
[2023-12-18T14:52:07.612+0000] {logging_mixin.py:154} INFO - [2023-12-18T14:52:07.612+0000] {dag.py:2941} INFO - Sync 1 DAGs
[2023-12-18T14:52:07.625+0000] {logging_mixin.py:154} INFO - [2023-12-18T14:52:07.624+0000] {dag.py:3722} INFO - Setting next_dagrun for example_trigger_target_dag to None, run_after=None
[2023-12-18T14:52:07.648+0000] {processor.py:179} INFO - Processing /home/airflow/.local/lib/python3.8/site-packages/airflow/example_dags/example_trigger_target_dag.py took 0.076 seconds
[2023-12-18T14:52:38.204+0000] {processor.py:157} INFO - Started process (PID=130) to work on /home/airflow/.local/lib/python3.8/site-packages/airflow/example_dags/example_trigger_target_dag.py
[2023-12-18T14:52:38.205+0000] {processor.py:829} INFO - Processing file /home/airflow/.local/lib/python3.8/site-packages/airflow/example_dags/example_trigger_target_dag.py for tasks to queue
[2023-12-18T14:52:38.206+0000] {logging_mixin.py:154} INFO - [2023-12-18T14:52:38.206+0000] {dagbag.py:536} INFO - Filling up the DagBag from /home/airflow/.local/lib/python3.8/site-packages/airflow/example_dags/example_trigger_target_dag.py
[2023-12-18T14:52:38.210+0000] {processor.py:839} INFO - DAG(s) dict_keys(['example_trigger_target_dag']) retrieved from /home/airflow/.local/lib/python3.8/site-packages/airflow/example_dags/example_trigger_target_dag.py
[2023-12-18T14:52:38.224+0000] {logging_mixin.py:154} INFO - [2023-12-18T14:52:38.224+0000] {dag.py:2941} INFO - Sync 1 DAGs
[2023-12-18T14:52:38.235+0000] {logging_mixin.py:154} INFO - [2023-12-18T14:52:38.235+0000] {dag.py:3722} INFO - Setting next_dagrun for example_trigger_target_dag to None, run_after=None
[2023-12-18T14:52:38.251+0000] {processor.py:179} INFO - Processing /home/airflow/.local/lib/python3.8/site-packages/airflow/example_dags/example_trigger_target_dag.py took 0.049 seconds
[2023-12-18T14:53:08.542+0000] {processor.py:157} INFO - Started process (PID=200) to work on /home/airflow/.local/lib/python3.8/site-packages/airflow/example_dags/example_trigger_target_dag.py
[2023-12-18T14:53:08.542+0000] {processor.py:829} INFO - Processing file /home/airflow/.local/lib/python3.8/site-packages/airflow/example_dags/example_trigger_target_dag.py for tasks to queue
[2023-12-18T14:53:08.543+0000] {logging_mixin.py:154} INFO - [2023-12-18T14:53:08.543+0000] {dagbag.py:536} INFO - Filling up the DagBag from /home/airflow/.local/lib/python3.8/site-packages/airflow/example_dags/example_trigger_target_dag.py
[2023-12-18T14:53:08.546+0000] {processor.py:839} INFO - DAG(s) dict_keys(['example_trigger_target_dag']) retrieved from /home/airflow/.local/lib/python3.8/site-packages/airflow/example_dags/example_trigger_target_dag.py
[2023-12-18T14:53:08.558+0000] {logging_mixin.py:154} INFO - [2023-12-18T14:53:08.558+0000] {dag.py:2941} INFO - Sync 1 DAGs
[2023-12-18T14:53:08.565+0000] {logging_mixin.py:154} INFO - [2023-12-18T14:53:08.565+0000] {dag.py:3722} INFO - Setting next_dagrun for example_trigger_target_dag to None, run_after=None
[2023-12-18T14:53:08.591+0000] {processor.py:179} INFO - Processing /home/airflow/.local/lib/python3.8/site-packages/airflow/example_dags/example_trigger_target_dag.py took 0.051 seconds
[2023-12-18T14:53:39.395+0000] {processor.py:157} INFO - Started process (PID=269) to work on /home/airflow/.local/lib/python3.8/site-packages/airflow/example_dags/example_trigger_target_dag.py
[2023-12-18T14:53:39.396+0000] {processor.py:829} INFO - Processing file /home/airflow/.local/lib/python3.8/site-packages/airflow/example_dags/example_trigger_target_dag.py for tasks to queue
[2023-12-18T14:53:39.397+0000] {logging_mixin.py:154} INFO - [2023-12-18T14:53:39.397+0000] {dagbag.py:536} INFO - Filling up the DagBag from /home/airflow/.local/lib/python3.8/site-packages/airflow/example_dags/example_trigger_target_dag.py
[2023-12-18T14:53:39.400+0000] {processor.py:839} INFO - DAG(s) dict_keys(['example_trigger_target_dag']) retrieved from /home/airflow/.local/lib/python3.8/site-packages/airflow/example_dags/example_trigger_target_dag.py
[2023-12-18T14:53:39.413+0000] {logging_mixin.py:154} INFO - [2023-12-18T14:53:39.412+0000] {dag.py:2941} INFO - Sync 1 DAGs
[2023-12-18T14:53:39.420+0000] {logging_mixin.py:154} INFO - [2023-12-18T14:53:39.420+0000] {dag.py:3722} INFO - Setting next_dagrun for example_trigger_target_dag to None, run_after=None
[2023-12-18T14:53:39.432+0000] {processor.py:179} INFO - Processing /home/airflow/.local/lib/python3.8/site-packages/airflow/example_dags/example_trigger_target_dag.py took 0.038 seconds
