[2023-12-18T14:25:41.644+0000] {processor.py:157} INFO - Started process (PID=79) to work on /home/airflow/.local/lib/python3.8/site-packages/airflow/example_dags/example_bash_operator.py
[2023-12-18T14:25:41.645+0000] {processor.py:829} INFO - Processing file /home/airflow/.local/lib/python3.8/site-packages/airflow/example_dags/example_bash_operator.py for tasks to queue
[2023-12-18T14:25:41.648+0000] {logging_mixin.py:154} INFO - [2023-12-18T14:25:41.647+0000] {dagbag.py:536} INFO - Filling up the DagBag from /home/airflow/.local/lib/python3.8/site-packages/airflow/example_dags/example_bash_operator.py
[2023-12-18T14:25:41.660+0000] {processor.py:839} INFO - DAG(s) dict_keys(['example_bash_operator']) retrieved from /home/airflow/.local/lib/python3.8/site-packages/airflow/example_dags/example_bash_operator.py
[2023-12-18T14:25:41.672+0000] {logging_mixin.py:154} INFO - [2023-12-18T14:25:41.672+0000] {dag.py:2941} INFO - Sync 1 DAGs
[2023-12-18T14:25:41.707+0000] {logging_mixin.py:154} INFO - [2023-12-18T14:25:41.707+0000] {dag.py:3722} INFO - Setting next_dagrun for example_bash_operator to 2023-12-17T00:00:00+00:00, run_after=2023-12-18T00:00:00+00:00
[2023-12-18T14:25:41.760+0000] {processor.py:179} INFO - Processing /home/airflow/.local/lib/python3.8/site-packages/airflow/example_dags/example_bash_operator.py took 0.119 seconds
[2023-12-18T14:26:11.989+0000] {processor.py:157} INFO - Started process (PID=148) to work on /home/airflow/.local/lib/python3.8/site-packages/airflow/example_dags/example_bash_operator.py
[2023-12-18T14:26:11.989+0000] {processor.py:829} INFO - Processing file /home/airflow/.local/lib/python3.8/site-packages/airflow/example_dags/example_bash_operator.py for tasks to queue
[2023-12-18T14:26:11.991+0000] {logging_mixin.py:154} INFO - [2023-12-18T14:26:11.991+0000] {dagbag.py:536} INFO - Filling up the DagBag from /home/airflow/.local/lib/python3.8/site-packages/airflow/example_dags/example_bash_operator.py
[2023-12-18T14:26:11.997+0000] {processor.py:839} INFO - DAG(s) dict_keys(['example_bash_operator']) retrieved from /home/airflow/.local/lib/python3.8/site-packages/airflow/example_dags/example_bash_operator.py
[2023-12-18T14:26:12.015+0000] {logging_mixin.py:154} INFO - [2023-12-18T14:26:12.015+0000] {dag.py:2941} INFO - Sync 1 DAGs
[2023-12-18T14:26:12.029+0000] {logging_mixin.py:154} INFO - [2023-12-18T14:26:12.029+0000] {dag.py:3722} INFO - Setting next_dagrun for example_bash_operator to 2023-12-17T00:00:00+00:00, run_after=2023-12-18T00:00:00+00:00
[2023-12-18T14:26:12.040+0000] {processor.py:179} INFO - Processing /home/airflow/.local/lib/python3.8/site-packages/airflow/example_dags/example_bash_operator.py took 0.053 seconds
[2023-12-18T14:26:42.141+0000] {processor.py:157} INFO - Started process (PID=217) to work on /home/airflow/.local/lib/python3.8/site-packages/airflow/example_dags/example_bash_operator.py
[2023-12-18T14:26:42.142+0000] {processor.py:829} INFO - Processing file /home/airflow/.local/lib/python3.8/site-packages/airflow/example_dags/example_bash_operator.py for tasks to queue
[2023-12-18T14:26:42.143+0000] {logging_mixin.py:154} INFO - [2023-12-18T14:26:42.143+0000] {dagbag.py:536} INFO - Filling up the DagBag from /home/airflow/.local/lib/python3.8/site-packages/airflow/example_dags/example_bash_operator.py
[2023-12-18T14:26:42.150+0000] {processor.py:839} INFO - DAG(s) dict_keys(['example_bash_operator']) retrieved from /home/airflow/.local/lib/python3.8/site-packages/airflow/example_dags/example_bash_operator.py
[2023-12-18T14:26:42.168+0000] {logging_mixin.py:154} INFO - [2023-12-18T14:26:42.168+0000] {dag.py:2941} INFO - Sync 1 DAGs
[2023-12-18T14:26:42.191+0000] {logging_mixin.py:154} INFO - [2023-12-18T14:26:42.191+0000] {dag.py:3722} INFO - Setting next_dagrun for example_bash_operator to 2023-12-17T00:00:00+00:00, run_after=2023-12-18T00:00:00+00:00
[2023-12-18T14:26:42.201+0000] {processor.py:179} INFO - Processing /home/airflow/.local/lib/python3.8/site-packages/airflow/example_dags/example_bash_operator.py took 0.062 seconds
[2023-12-18T14:27:13.009+0000] {processor.py:157} INFO - Started process (PID=286) to work on /home/airflow/.local/lib/python3.8/site-packages/airflow/example_dags/example_bash_operator.py
[2023-12-18T14:27:13.009+0000] {processor.py:829} INFO - Processing file /home/airflow/.local/lib/python3.8/site-packages/airflow/example_dags/example_bash_operator.py for tasks to queue
[2023-12-18T14:27:13.011+0000] {logging_mixin.py:154} INFO - [2023-12-18T14:27:13.010+0000] {dagbag.py:536} INFO - Filling up the DagBag from /home/airflow/.local/lib/python3.8/site-packages/airflow/example_dags/example_bash_operator.py
[2023-12-18T14:27:13.019+0000] {processor.py:839} INFO - DAG(s) dict_keys(['example_bash_operator']) retrieved from /home/airflow/.local/lib/python3.8/site-packages/airflow/example_dags/example_bash_operator.py
[2023-12-18T14:27:13.042+0000] {logging_mixin.py:154} INFO - [2023-12-18T14:27:13.042+0000] {dag.py:2941} INFO - Sync 1 DAGs
[2023-12-18T14:27:13.060+0000] {logging_mixin.py:154} INFO - [2023-12-18T14:27:13.060+0000] {dag.py:3722} INFO - Setting next_dagrun for example_bash_operator to 2023-12-17T00:00:00+00:00, run_after=2023-12-18T00:00:00+00:00
[2023-12-18T14:27:13.070+0000] {processor.py:179} INFO - Processing /home/airflow/.local/lib/python3.8/site-packages/airflow/example_dags/example_bash_operator.py took 0.064 seconds
[2023-12-18T14:27:43.945+0000] {processor.py:157} INFO - Started process (PID=361) to work on /home/airflow/.local/lib/python3.8/site-packages/airflow/example_dags/example_bash_operator.py
[2023-12-18T14:27:43.945+0000] {processor.py:829} INFO - Processing file /home/airflow/.local/lib/python3.8/site-packages/airflow/example_dags/example_bash_operator.py for tasks to queue
[2023-12-18T14:27:43.947+0000] {logging_mixin.py:154} INFO - [2023-12-18T14:27:43.947+0000] {dagbag.py:536} INFO - Filling up the DagBag from /home/airflow/.local/lib/python3.8/site-packages/airflow/example_dags/example_bash_operator.py
[2023-12-18T14:27:43.953+0000] {processor.py:839} INFO - DAG(s) dict_keys(['example_bash_operator']) retrieved from /home/airflow/.local/lib/python3.8/site-packages/airflow/example_dags/example_bash_operator.py
[2023-12-18T14:27:43.972+0000] {logging_mixin.py:154} INFO - [2023-12-18T14:27:43.971+0000] {dag.py:2941} INFO - Sync 1 DAGs
[2023-12-18T14:27:43.987+0000] {logging_mixin.py:154} INFO - [2023-12-18T14:27:43.987+0000] {dag.py:3722} INFO - Setting next_dagrun for example_bash_operator to 2023-12-17T00:00:00+00:00, run_after=2023-12-18T00:00:00+00:00
[2023-12-18T14:27:43.998+0000] {processor.py:179} INFO - Processing /home/airflow/.local/lib/python3.8/site-packages/airflow/example_dags/example_bash_operator.py took 0.055 seconds
[2023-12-18T14:28:14.113+0000] {processor.py:157} INFO - Started process (PID=430) to work on /home/airflow/.local/lib/python3.8/site-packages/airflow/example_dags/example_bash_operator.py
[2023-12-18T14:28:14.113+0000] {processor.py:829} INFO - Processing file /home/airflow/.local/lib/python3.8/site-packages/airflow/example_dags/example_bash_operator.py for tasks to queue
[2023-12-18T14:28:14.115+0000] {logging_mixin.py:154} INFO - [2023-12-18T14:28:14.115+0000] {dagbag.py:536} INFO - Filling up the DagBag from /home/airflow/.local/lib/python3.8/site-packages/airflow/example_dags/example_bash_operator.py
[2023-12-18T14:28:14.122+0000] {processor.py:839} INFO - DAG(s) dict_keys(['example_bash_operator']) retrieved from /home/airflow/.local/lib/python3.8/site-packages/airflow/example_dags/example_bash_operator.py
[2023-12-18T14:28:14.152+0000] {logging_mixin.py:154} INFO - [2023-12-18T14:28:14.152+0000] {dag.py:2941} INFO - Sync 1 DAGs
[2023-12-18T14:28:14.165+0000] {logging_mixin.py:154} INFO - [2023-12-18T14:28:14.165+0000] {dag.py:3722} INFO - Setting next_dagrun for example_bash_operator to 2023-12-17T00:00:00+00:00, run_after=2023-12-18T00:00:00+00:00
[2023-12-18T14:28:14.174+0000] {processor.py:179} INFO - Processing /home/airflow/.local/lib/python3.8/site-packages/airflow/example_dags/example_bash_operator.py took 0.063 seconds
[2023-12-18T14:28:44.951+0000] {processor.py:157} INFO - Started process (PID=499) to work on /home/airflow/.local/lib/python3.8/site-packages/airflow/example_dags/example_bash_operator.py
[2023-12-18T14:28:44.951+0000] {processor.py:829} INFO - Processing file /home/airflow/.local/lib/python3.8/site-packages/airflow/example_dags/example_bash_operator.py for tasks to queue
[2023-12-18T14:28:44.953+0000] {logging_mixin.py:154} INFO - [2023-12-18T14:28:44.952+0000] {dagbag.py:536} INFO - Filling up the DagBag from /home/airflow/.local/lib/python3.8/site-packages/airflow/example_dags/example_bash_operator.py
[2023-12-18T14:28:44.959+0000] {processor.py:839} INFO - DAG(s) dict_keys(['example_bash_operator']) retrieved from /home/airflow/.local/lib/python3.8/site-packages/airflow/example_dags/example_bash_operator.py
[2023-12-18T14:28:44.982+0000] {logging_mixin.py:154} INFO - [2023-12-18T14:28:44.982+0000] {dag.py:2941} INFO - Sync 1 DAGs
[2023-12-18T14:28:44.995+0000] {logging_mixin.py:154} INFO - [2023-12-18T14:28:44.995+0000] {dag.py:3722} INFO - Setting next_dagrun for example_bash_operator to 2023-12-17T00:00:00+00:00, run_after=2023-12-18T00:00:00+00:00
[2023-12-18T14:28:45.005+0000] {processor.py:179} INFO - Processing /home/airflow/.local/lib/python3.8/site-packages/airflow/example_dags/example_bash_operator.py took 0.056 seconds
[2023-12-18T14:29:15.879+0000] {processor.py:157} INFO - Started process (PID=568) to work on /home/airflow/.local/lib/python3.8/site-packages/airflow/example_dags/example_bash_operator.py
[2023-12-18T14:29:15.881+0000] {processor.py:829} INFO - Processing file /home/airflow/.local/lib/python3.8/site-packages/airflow/example_dags/example_bash_operator.py for tasks to queue
[2023-12-18T14:29:15.883+0000] {logging_mixin.py:154} INFO - [2023-12-18T14:29:15.882+0000] {dagbag.py:536} INFO - Filling up the DagBag from /home/airflow/.local/lib/python3.8/site-packages/airflow/example_dags/example_bash_operator.py
[2023-12-18T14:29:15.890+0000] {processor.py:839} INFO - DAG(s) dict_keys(['example_bash_operator']) retrieved from /home/airflow/.local/lib/python3.8/site-packages/airflow/example_dags/example_bash_operator.py
[2023-12-18T14:29:15.908+0000] {logging_mixin.py:154} INFO - [2023-12-18T14:29:15.908+0000] {dag.py:2941} INFO - Sync 1 DAGs
[2023-12-18T14:29:15.928+0000] {logging_mixin.py:154} INFO - [2023-12-18T14:29:15.928+0000] {dag.py:3722} INFO - Setting next_dagrun for example_bash_operator to 2023-12-17T00:00:00+00:00, run_after=2023-12-18T00:00:00+00:00
[2023-12-18T14:29:15.938+0000] {processor.py:179} INFO - Processing /home/airflow/.local/lib/python3.8/site-packages/airflow/example_dags/example_bash_operator.py took 0.061 seconds
[2023-12-18T14:29:46.836+0000] {processor.py:157} INFO - Started process (PID=637) to work on /home/airflow/.local/lib/python3.8/site-packages/airflow/example_dags/example_bash_operator.py
[2023-12-18T14:29:46.836+0000] {processor.py:829} INFO - Processing file /home/airflow/.local/lib/python3.8/site-packages/airflow/example_dags/example_bash_operator.py for tasks to queue
[2023-12-18T14:29:46.838+0000] {logging_mixin.py:154} INFO - [2023-12-18T14:29:46.838+0000] {dagbag.py:536} INFO - Filling up the DagBag from /home/airflow/.local/lib/python3.8/site-packages/airflow/example_dags/example_bash_operator.py
[2023-12-18T14:29:46.844+0000] {processor.py:839} INFO - DAG(s) dict_keys(['example_bash_operator']) retrieved from /home/airflow/.local/lib/python3.8/site-packages/airflow/example_dags/example_bash_operator.py
[2023-12-18T14:29:46.862+0000] {logging_mixin.py:154} INFO - [2023-12-18T14:29:46.862+0000] {dag.py:2941} INFO - Sync 1 DAGs
[2023-12-18T14:29:46.884+0000] {logging_mixin.py:154} INFO - [2023-12-18T14:29:46.884+0000] {dag.py:3722} INFO - Setting next_dagrun for example_bash_operator to 2023-12-17T00:00:00+00:00, run_after=2023-12-18T00:00:00+00:00
[2023-12-18T14:29:46.899+0000] {processor.py:179} INFO - Processing /home/airflow/.local/lib/python3.8/site-packages/airflow/example_dags/example_bash_operator.py took 0.065 seconds
[2023-12-18T14:30:17.116+0000] {processor.py:157} INFO - Started process (PID=707) to work on /home/airflow/.local/lib/python3.8/site-packages/airflow/example_dags/example_bash_operator.py
[2023-12-18T14:30:17.117+0000] {processor.py:829} INFO - Processing file /home/airflow/.local/lib/python3.8/site-packages/airflow/example_dags/example_bash_operator.py for tasks to queue
[2023-12-18T14:30:17.118+0000] {logging_mixin.py:154} INFO - [2023-12-18T14:30:17.118+0000] {dagbag.py:536} INFO - Filling up the DagBag from /home/airflow/.local/lib/python3.8/site-packages/airflow/example_dags/example_bash_operator.py
[2023-12-18T14:30:17.125+0000] {processor.py:839} INFO - DAG(s) dict_keys(['example_bash_operator']) retrieved from /home/airflow/.local/lib/python3.8/site-packages/airflow/example_dags/example_bash_operator.py
[2023-12-18T14:30:17.141+0000] {logging_mixin.py:154} INFO - [2023-12-18T14:30:17.141+0000] {dag.py:2941} INFO - Sync 1 DAGs
[2023-12-18T14:30:17.153+0000] {logging_mixin.py:154} INFO - [2023-12-18T14:30:17.153+0000] {dag.py:3722} INFO - Setting next_dagrun for example_bash_operator to 2023-12-17T00:00:00+00:00, run_after=2023-12-18T00:00:00+00:00
[2023-12-18T14:30:17.163+0000] {processor.py:179} INFO - Processing /home/airflow/.local/lib/python3.8/site-packages/airflow/example_dags/example_bash_operator.py took 0.049 seconds
[2023-12-18T14:30:47.203+0000] {processor.py:157} INFO - Started process (PID=777) to work on /home/airflow/.local/lib/python3.8/site-packages/airflow/example_dags/example_bash_operator.py
[2023-12-18T14:30:47.203+0000] {processor.py:829} INFO - Processing file /home/airflow/.local/lib/python3.8/site-packages/airflow/example_dags/example_bash_operator.py for tasks to queue
[2023-12-18T14:30:47.205+0000] {logging_mixin.py:154} INFO - [2023-12-18T14:30:47.205+0000] {dagbag.py:536} INFO - Filling up the DagBag from /home/airflow/.local/lib/python3.8/site-packages/airflow/example_dags/example_bash_operator.py
[2023-12-18T14:30:47.212+0000] {processor.py:839} INFO - DAG(s) dict_keys(['example_bash_operator']) retrieved from /home/airflow/.local/lib/python3.8/site-packages/airflow/example_dags/example_bash_operator.py
[2023-12-18T14:30:47.229+0000] {logging_mixin.py:154} INFO - [2023-12-18T14:30:47.229+0000] {dag.py:2941} INFO - Sync 1 DAGs
[2023-12-18T14:30:47.244+0000] {logging_mixin.py:154} INFO - [2023-12-18T14:30:47.244+0000] {dag.py:3722} INFO - Setting next_dagrun for example_bash_operator to 2023-12-17T00:00:00+00:00, run_after=2023-12-18T00:00:00+00:00
[2023-12-18T14:30:47.254+0000] {processor.py:179} INFO - Processing /home/airflow/.local/lib/python3.8/site-packages/airflow/example_dags/example_bash_operator.py took 0.053 seconds
[2023-12-18T14:31:17.303+0000] {processor.py:157} INFO - Started process (PID=846) to work on /home/airflow/.local/lib/python3.8/site-packages/airflow/example_dags/example_bash_operator.py
[2023-12-18T14:31:17.303+0000] {processor.py:829} INFO - Processing file /home/airflow/.local/lib/python3.8/site-packages/airflow/example_dags/example_bash_operator.py for tasks to queue
[2023-12-18T14:31:17.304+0000] {logging_mixin.py:154} INFO - [2023-12-18T14:31:17.304+0000] {dagbag.py:536} INFO - Filling up the DagBag from /home/airflow/.local/lib/python3.8/site-packages/airflow/example_dags/example_bash_operator.py
[2023-12-18T14:31:17.311+0000] {processor.py:839} INFO - DAG(s) dict_keys(['example_bash_operator']) retrieved from /home/airflow/.local/lib/python3.8/site-packages/airflow/example_dags/example_bash_operator.py
[2023-12-18T14:31:17.329+0000] {logging_mixin.py:154} INFO - [2023-12-18T14:31:17.328+0000] {dag.py:2941} INFO - Sync 1 DAGs
[2023-12-18T14:31:17.343+0000] {logging_mixin.py:154} INFO - [2023-12-18T14:31:17.343+0000] {dag.py:3722} INFO - Setting next_dagrun for example_bash_operator to 2023-12-17T00:00:00+00:00, run_after=2023-12-18T00:00:00+00:00
[2023-12-18T14:31:17.353+0000] {processor.py:179} INFO - Processing /home/airflow/.local/lib/python3.8/site-packages/airflow/example_dags/example_bash_operator.py took 0.052 seconds
[2023-12-18T14:31:48.233+0000] {processor.py:157} INFO - Started process (PID=915) to work on /home/airflow/.local/lib/python3.8/site-packages/airflow/example_dags/example_bash_operator.py
[2023-12-18T14:31:48.234+0000] {processor.py:829} INFO - Processing file /home/airflow/.local/lib/python3.8/site-packages/airflow/example_dags/example_bash_operator.py for tasks to queue
[2023-12-18T14:31:48.235+0000] {logging_mixin.py:154} INFO - [2023-12-18T14:31:48.235+0000] {dagbag.py:536} INFO - Filling up the DagBag from /home/airflow/.local/lib/python3.8/site-packages/airflow/example_dags/example_bash_operator.py
[2023-12-18T14:31:48.242+0000] {processor.py:839} INFO - DAG(s) dict_keys(['example_bash_operator']) retrieved from /home/airflow/.local/lib/python3.8/site-packages/airflow/example_dags/example_bash_operator.py
[2023-12-18T14:31:48.260+0000] {logging_mixin.py:154} INFO - [2023-12-18T14:31:48.260+0000] {dag.py:2941} INFO - Sync 1 DAGs
[2023-12-18T14:31:48.273+0000] {logging_mixin.py:154} INFO - [2023-12-18T14:31:48.273+0000] {dag.py:3722} INFO - Setting next_dagrun for example_bash_operator to 2023-12-17T00:00:00+00:00, run_after=2023-12-18T00:00:00+00:00
[2023-12-18T14:31:48.286+0000] {processor.py:179} INFO - Processing /home/airflow/.local/lib/python3.8/site-packages/airflow/example_dags/example_bash_operator.py took 0.054 seconds
[2023-12-18T14:32:18.350+0000] {processor.py:157} INFO - Started process (PID=983) to work on /home/airflow/.local/lib/python3.8/site-packages/airflow/example_dags/example_bash_operator.py
[2023-12-18T14:32:18.351+0000] {processor.py:829} INFO - Processing file /home/airflow/.local/lib/python3.8/site-packages/airflow/example_dags/example_bash_operator.py for tasks to queue
[2023-12-18T14:32:18.353+0000] {logging_mixin.py:154} INFO - [2023-12-18T14:32:18.352+0000] {dagbag.py:536} INFO - Filling up the DagBag from /home/airflow/.local/lib/python3.8/site-packages/airflow/example_dags/example_bash_operator.py
[2023-12-18T14:32:18.359+0000] {processor.py:839} INFO - DAG(s) dict_keys(['example_bash_operator']) retrieved from /home/airflow/.local/lib/python3.8/site-packages/airflow/example_dags/example_bash_operator.py
[2023-12-18T14:32:18.392+0000] {logging_mixin.py:154} INFO - [2023-12-18T14:32:18.392+0000] {dag.py:2941} INFO - Sync 1 DAGs
[2023-12-18T14:32:18.405+0000] {logging_mixin.py:154} INFO - [2023-12-18T14:32:18.405+0000] {dag.py:3722} INFO - Setting next_dagrun for example_bash_operator to 2023-12-17T00:00:00+00:00, run_after=2023-12-18T00:00:00+00:00
[2023-12-18T14:32:18.414+0000] {processor.py:179} INFO - Processing /home/airflow/.local/lib/python3.8/site-packages/airflow/example_dags/example_bash_operator.py took 0.066 seconds
[2023-12-18T14:32:49.203+0000] {processor.py:157} INFO - Started process (PID=1051) to work on /home/airflow/.local/lib/python3.8/site-packages/airflow/example_dags/example_bash_operator.py
[2023-12-18T14:32:49.203+0000] {processor.py:829} INFO - Processing file /home/airflow/.local/lib/python3.8/site-packages/airflow/example_dags/example_bash_operator.py for tasks to queue
[2023-12-18T14:32:49.205+0000] {logging_mixin.py:154} INFO - [2023-12-18T14:32:49.204+0000] {dagbag.py:536} INFO - Filling up the DagBag from /home/airflow/.local/lib/python3.8/site-packages/airflow/example_dags/example_bash_operator.py
[2023-12-18T14:32:49.211+0000] {processor.py:839} INFO - DAG(s) dict_keys(['example_bash_operator']) retrieved from /home/airflow/.local/lib/python3.8/site-packages/airflow/example_dags/example_bash_operator.py
[2023-12-18T14:32:49.228+0000] {logging_mixin.py:154} INFO - [2023-12-18T14:32:49.228+0000] {dag.py:2941} INFO - Sync 1 DAGs
[2023-12-18T14:32:49.242+0000] {logging_mixin.py:154} INFO - [2023-12-18T14:32:49.242+0000] {dag.py:3722} INFO - Setting next_dagrun for example_bash_operator to 2023-12-17T00:00:00+00:00, run_after=2023-12-18T00:00:00+00:00
[2023-12-18T14:32:49.252+0000] {processor.py:179} INFO - Processing /home/airflow/.local/lib/python3.8/site-packages/airflow/example_dags/example_bash_operator.py took 0.051 seconds
[2023-12-18T14:33:19.906+0000] {processor.py:157} INFO - Started process (PID=1120) to work on /home/airflow/.local/lib/python3.8/site-packages/airflow/example_dags/example_bash_operator.py
[2023-12-18T14:33:19.906+0000] {processor.py:829} INFO - Processing file /home/airflow/.local/lib/python3.8/site-packages/airflow/example_dags/example_bash_operator.py for tasks to queue
[2023-12-18T14:33:19.908+0000] {logging_mixin.py:154} INFO - [2023-12-18T14:33:19.908+0000] {dagbag.py:536} INFO - Filling up the DagBag from /home/airflow/.local/lib/python3.8/site-packages/airflow/example_dags/example_bash_operator.py
[2023-12-18T14:33:19.914+0000] {processor.py:839} INFO - DAG(s) dict_keys(['example_bash_operator']) retrieved from /home/airflow/.local/lib/python3.8/site-packages/airflow/example_dags/example_bash_operator.py
[2023-12-18T14:33:19.932+0000] {logging_mixin.py:154} INFO - [2023-12-18T14:33:19.932+0000] {dag.py:2941} INFO - Sync 1 DAGs
[2023-12-18T14:33:19.947+0000] {logging_mixin.py:154} INFO - [2023-12-18T14:33:19.947+0000] {dag.py:3722} INFO - Setting next_dagrun for example_bash_operator to 2023-12-17T00:00:00+00:00, run_after=2023-12-18T00:00:00+00:00
[2023-12-18T14:33:19.957+0000] {processor.py:179} INFO - Processing /home/airflow/.local/lib/python3.8/site-packages/airflow/example_dags/example_bash_operator.py took 0.053 seconds
[2023-12-18T14:33:50.800+0000] {processor.py:157} INFO - Started process (PID=1189) to work on /home/airflow/.local/lib/python3.8/site-packages/airflow/example_dags/example_bash_operator.py
[2023-12-18T14:33:50.800+0000] {processor.py:829} INFO - Processing file /home/airflow/.local/lib/python3.8/site-packages/airflow/example_dags/example_bash_operator.py for tasks to queue
[2023-12-18T14:33:50.802+0000] {logging_mixin.py:154} INFO - [2023-12-18T14:33:50.802+0000] {dagbag.py:536} INFO - Filling up the DagBag from /home/airflow/.local/lib/python3.8/site-packages/airflow/example_dags/example_bash_operator.py
[2023-12-18T14:33:50.808+0000] {processor.py:839} INFO - DAG(s) dict_keys(['example_bash_operator']) retrieved from /home/airflow/.local/lib/python3.8/site-packages/airflow/example_dags/example_bash_operator.py
[2023-12-18T14:33:50.824+0000] {logging_mixin.py:154} INFO - [2023-12-18T14:33:50.824+0000] {dag.py:2941} INFO - Sync 1 DAGs
[2023-12-18T14:33:50.837+0000] {logging_mixin.py:154} INFO - [2023-12-18T14:33:50.837+0000] {dag.py:3722} INFO - Setting next_dagrun for example_bash_operator to 2023-12-17T00:00:00+00:00, run_after=2023-12-18T00:00:00+00:00
[2023-12-18T14:33:50.846+0000] {processor.py:179} INFO - Processing /home/airflow/.local/lib/python3.8/site-packages/airflow/example_dags/example_bash_operator.py took 0.048 seconds
[2023-12-18T14:34:21.007+0000] {processor.py:157} INFO - Started process (PID=1258) to work on /home/airflow/.local/lib/python3.8/site-packages/airflow/example_dags/example_bash_operator.py
[2023-12-18T14:34:21.008+0000] {processor.py:829} INFO - Processing file /home/airflow/.local/lib/python3.8/site-packages/airflow/example_dags/example_bash_operator.py for tasks to queue
[2023-12-18T14:34:21.009+0000] {logging_mixin.py:154} INFO - [2023-12-18T14:34:21.009+0000] {dagbag.py:536} INFO - Filling up the DagBag from /home/airflow/.local/lib/python3.8/site-packages/airflow/example_dags/example_bash_operator.py
[2023-12-18T14:34:21.015+0000] {processor.py:839} INFO - DAG(s) dict_keys(['example_bash_operator']) retrieved from /home/airflow/.local/lib/python3.8/site-packages/airflow/example_dags/example_bash_operator.py
[2023-12-18T14:34:21.032+0000] {logging_mixin.py:154} INFO - [2023-12-18T14:34:21.032+0000] {dag.py:2941} INFO - Sync 1 DAGs
[2023-12-18T14:34:21.044+0000] {logging_mixin.py:154} INFO - [2023-12-18T14:34:21.044+0000] {dag.py:3722} INFO - Setting next_dagrun for example_bash_operator to 2023-12-17T00:00:00+00:00, run_after=2023-12-18T00:00:00+00:00
[2023-12-18T14:34:21.053+0000] {processor.py:179} INFO - Processing /home/airflow/.local/lib/python3.8/site-packages/airflow/example_dags/example_bash_operator.py took 0.047 seconds
[2023-12-18T14:34:51.119+0000] {processor.py:157} INFO - Started process (PID=1328) to work on /home/airflow/.local/lib/python3.8/site-packages/airflow/example_dags/example_bash_operator.py
[2023-12-18T14:34:51.119+0000] {processor.py:829} INFO - Processing file /home/airflow/.local/lib/python3.8/site-packages/airflow/example_dags/example_bash_operator.py for tasks to queue
[2023-12-18T14:34:51.121+0000] {logging_mixin.py:154} INFO - [2023-12-18T14:34:51.120+0000] {dagbag.py:536} INFO - Filling up the DagBag from /home/airflow/.local/lib/python3.8/site-packages/airflow/example_dags/example_bash_operator.py
[2023-12-18T14:34:51.127+0000] {processor.py:839} INFO - DAG(s) dict_keys(['example_bash_operator']) retrieved from /home/airflow/.local/lib/python3.8/site-packages/airflow/example_dags/example_bash_operator.py
[2023-12-18T14:34:51.144+0000] {logging_mixin.py:154} INFO - [2023-12-18T14:34:51.144+0000] {dag.py:2941} INFO - Sync 1 DAGs
[2023-12-18T14:34:51.157+0000] {logging_mixin.py:154} INFO - [2023-12-18T14:34:51.156+0000] {dag.py:3722} INFO - Setting next_dagrun for example_bash_operator to 2023-12-17T00:00:00+00:00, run_after=2023-12-18T00:00:00+00:00
[2023-12-18T14:34:51.167+0000] {processor.py:179} INFO - Processing /home/airflow/.local/lib/python3.8/site-packages/airflow/example_dags/example_bash_operator.py took 0.050 seconds
[2023-12-18T14:35:21.204+0000] {processor.py:157} INFO - Started process (PID=1397) to work on /home/airflow/.local/lib/python3.8/site-packages/airflow/example_dags/example_bash_operator.py
[2023-12-18T14:35:21.204+0000] {processor.py:829} INFO - Processing file /home/airflow/.local/lib/python3.8/site-packages/airflow/example_dags/example_bash_operator.py for tasks to queue
[2023-12-18T14:35:21.206+0000] {logging_mixin.py:154} INFO - [2023-12-18T14:35:21.206+0000] {dagbag.py:536} INFO - Filling up the DagBag from /home/airflow/.local/lib/python3.8/site-packages/airflow/example_dags/example_bash_operator.py
[2023-12-18T14:35:21.212+0000] {processor.py:839} INFO - DAG(s) dict_keys(['example_bash_operator']) retrieved from /home/airflow/.local/lib/python3.8/site-packages/airflow/example_dags/example_bash_operator.py
[2023-12-18T14:35:21.229+0000] {logging_mixin.py:154} INFO - [2023-12-18T14:35:21.229+0000] {dag.py:2941} INFO - Sync 1 DAGs
[2023-12-18T14:35:21.242+0000] {logging_mixin.py:154} INFO - [2023-12-18T14:35:21.242+0000] {dag.py:3722} INFO - Setting next_dagrun for example_bash_operator to 2023-12-17T00:00:00+00:00, run_after=2023-12-18T00:00:00+00:00
[2023-12-18T14:35:21.251+0000] {processor.py:179} INFO - Processing /home/airflow/.local/lib/python3.8/site-packages/airflow/example_dags/example_bash_operator.py took 0.049 seconds
[2023-12-18T14:35:51.297+0000] {processor.py:157} INFO - Started process (PID=1465) to work on /home/airflow/.local/lib/python3.8/site-packages/airflow/example_dags/example_bash_operator.py
[2023-12-18T14:35:51.298+0000] {processor.py:829} INFO - Processing file /home/airflow/.local/lib/python3.8/site-packages/airflow/example_dags/example_bash_operator.py for tasks to queue
[2023-12-18T14:35:51.299+0000] {logging_mixin.py:154} INFO - [2023-12-18T14:35:51.299+0000] {dagbag.py:536} INFO - Filling up the DagBag from /home/airflow/.local/lib/python3.8/site-packages/airflow/example_dags/example_bash_operator.py
[2023-12-18T14:35:51.306+0000] {processor.py:839} INFO - DAG(s) dict_keys(['example_bash_operator']) retrieved from /home/airflow/.local/lib/python3.8/site-packages/airflow/example_dags/example_bash_operator.py
[2023-12-18T14:35:51.322+0000] {logging_mixin.py:154} INFO - [2023-12-18T14:35:51.322+0000] {dag.py:2941} INFO - Sync 1 DAGs
[2023-12-18T14:35:51.335+0000] {logging_mixin.py:154} INFO - [2023-12-18T14:35:51.335+0000] {dag.py:3722} INFO - Setting next_dagrun for example_bash_operator to 2023-12-17T00:00:00+00:00, run_after=2023-12-18T00:00:00+00:00
[2023-12-18T14:35:51.345+0000] {processor.py:179} INFO - Processing /home/airflow/.local/lib/python3.8/site-packages/airflow/example_dags/example_bash_operator.py took 0.049 seconds
[2023-12-18T14:36:21.451+0000] {processor.py:157} INFO - Started process (PID=1534) to work on /home/airflow/.local/lib/python3.8/site-packages/airflow/example_dags/example_bash_operator.py
[2023-12-18T14:36:21.451+0000] {processor.py:829} INFO - Processing file /home/airflow/.local/lib/python3.8/site-packages/airflow/example_dags/example_bash_operator.py for tasks to queue
[2023-12-18T14:36:21.453+0000] {logging_mixin.py:154} INFO - [2023-12-18T14:36:21.452+0000] {dagbag.py:536} INFO - Filling up the DagBag from /home/airflow/.local/lib/python3.8/site-packages/airflow/example_dags/example_bash_operator.py
[2023-12-18T14:36:21.459+0000] {processor.py:839} INFO - DAG(s) dict_keys(['example_bash_operator']) retrieved from /home/airflow/.local/lib/python3.8/site-packages/airflow/example_dags/example_bash_operator.py
[2023-12-18T14:36:21.476+0000] {logging_mixin.py:154} INFO - [2023-12-18T14:36:21.476+0000] {dag.py:2941} INFO - Sync 1 DAGs
[2023-12-18T14:36:21.489+0000] {logging_mixin.py:154} INFO - [2023-12-18T14:36:21.489+0000] {dag.py:3722} INFO - Setting next_dagrun for example_bash_operator to 2023-12-17T00:00:00+00:00, run_after=2023-12-18T00:00:00+00:00
[2023-12-18T14:36:21.498+0000] {processor.py:179} INFO - Processing /home/airflow/.local/lib/python3.8/site-packages/airflow/example_dags/example_bash_operator.py took 0.049 seconds
[2023-12-18T14:36:51.649+0000] {processor.py:157} INFO - Started process (PID=1603) to work on /home/airflow/.local/lib/python3.8/site-packages/airflow/example_dags/example_bash_operator.py
[2023-12-18T14:36:51.649+0000] {processor.py:829} INFO - Processing file /home/airflow/.local/lib/python3.8/site-packages/airflow/example_dags/example_bash_operator.py for tasks to queue
[2023-12-18T14:36:51.651+0000] {logging_mixin.py:154} INFO - [2023-12-18T14:36:51.650+0000] {dagbag.py:536} INFO - Filling up the DagBag from /home/airflow/.local/lib/python3.8/site-packages/airflow/example_dags/example_bash_operator.py
[2023-12-18T14:36:51.657+0000] {processor.py:839} INFO - DAG(s) dict_keys(['example_bash_operator']) retrieved from /home/airflow/.local/lib/python3.8/site-packages/airflow/example_dags/example_bash_operator.py
[2023-12-18T14:36:51.674+0000] {logging_mixin.py:154} INFO - [2023-12-18T14:36:51.674+0000] {dag.py:2941} INFO - Sync 1 DAGs
[2023-12-18T14:36:51.687+0000] {logging_mixin.py:154} INFO - [2023-12-18T14:36:51.686+0000] {dag.py:3722} INFO - Setting next_dagrun for example_bash_operator to 2023-12-17T00:00:00+00:00, run_after=2023-12-18T00:00:00+00:00
[2023-12-18T14:36:51.697+0000] {processor.py:179} INFO - Processing /home/airflow/.local/lib/python3.8/site-packages/airflow/example_dags/example_bash_operator.py took 0.050 seconds
[2023-12-18T14:37:22.590+0000] {processor.py:157} INFO - Started process (PID=1672) to work on /home/airflow/.local/lib/python3.8/site-packages/airflow/example_dags/example_bash_operator.py
[2023-12-18T14:37:22.590+0000] {processor.py:829} INFO - Processing file /home/airflow/.local/lib/python3.8/site-packages/airflow/example_dags/example_bash_operator.py for tasks to queue
[2023-12-18T14:37:22.592+0000] {logging_mixin.py:154} INFO - [2023-12-18T14:37:22.592+0000] {dagbag.py:536} INFO - Filling up the DagBag from /home/airflow/.local/lib/python3.8/site-packages/airflow/example_dags/example_bash_operator.py
[2023-12-18T14:37:22.598+0000] {processor.py:839} INFO - DAG(s) dict_keys(['example_bash_operator']) retrieved from /home/airflow/.local/lib/python3.8/site-packages/airflow/example_dags/example_bash_operator.py
[2023-12-18T14:37:22.615+0000] {logging_mixin.py:154} INFO - [2023-12-18T14:37:22.615+0000] {dag.py:2941} INFO - Sync 1 DAGs
[2023-12-18T14:37:22.627+0000] {logging_mixin.py:154} INFO - [2023-12-18T14:37:22.627+0000] {dag.py:3722} INFO - Setting next_dagrun for example_bash_operator to 2023-12-17T00:00:00+00:00, run_after=2023-12-18T00:00:00+00:00
[2023-12-18T14:37:22.637+0000] {processor.py:179} INFO - Processing /home/airflow/.local/lib/python3.8/site-packages/airflow/example_dags/example_bash_operator.py took 0.049 seconds
[2023-12-18T14:37:53.298+0000] {processor.py:157} INFO - Started process (PID=1741) to work on /home/airflow/.local/lib/python3.8/site-packages/airflow/example_dags/example_bash_operator.py
[2023-12-18T14:37:53.299+0000] {processor.py:829} INFO - Processing file /home/airflow/.local/lib/python3.8/site-packages/airflow/example_dags/example_bash_operator.py for tasks to queue
[2023-12-18T14:37:53.300+0000] {logging_mixin.py:154} INFO - [2023-12-18T14:37:53.300+0000] {dagbag.py:536} INFO - Filling up the DagBag from /home/airflow/.local/lib/python3.8/site-packages/airflow/example_dags/example_bash_operator.py
[2023-12-18T14:37:53.307+0000] {processor.py:839} INFO - DAG(s) dict_keys(['example_bash_operator']) retrieved from /home/airflow/.local/lib/python3.8/site-packages/airflow/example_dags/example_bash_operator.py
[2023-12-18T14:37:53.325+0000] {logging_mixin.py:154} INFO - [2023-12-18T14:37:53.325+0000] {dag.py:2941} INFO - Sync 1 DAGs
[2023-12-18T14:37:53.338+0000] {logging_mixin.py:154} INFO - [2023-12-18T14:37:53.338+0000] {dag.py:3722} INFO - Setting next_dagrun for example_bash_operator to 2023-12-17T00:00:00+00:00, run_after=2023-12-18T00:00:00+00:00
[2023-12-18T14:37:53.347+0000] {processor.py:179} INFO - Processing /home/airflow/.local/lib/python3.8/site-packages/airflow/example_dags/example_bash_operator.py took 0.050 seconds
[2023-12-18T14:38:24.085+0000] {processor.py:157} INFO - Started process (PID=1810) to work on /home/airflow/.local/lib/python3.8/site-packages/airflow/example_dags/example_bash_operator.py
[2023-12-18T14:38:24.086+0000] {processor.py:829} INFO - Processing file /home/airflow/.local/lib/python3.8/site-packages/airflow/example_dags/example_bash_operator.py for tasks to queue
[2023-12-18T14:38:24.087+0000] {logging_mixin.py:154} INFO - [2023-12-18T14:38:24.087+0000] {dagbag.py:536} INFO - Filling up the DagBag from /home/airflow/.local/lib/python3.8/site-packages/airflow/example_dags/example_bash_operator.py
[2023-12-18T14:38:24.093+0000] {processor.py:839} INFO - DAG(s) dict_keys(['example_bash_operator']) retrieved from /home/airflow/.local/lib/python3.8/site-packages/airflow/example_dags/example_bash_operator.py
[2023-12-18T14:38:24.109+0000] {logging_mixin.py:154} INFO - [2023-12-18T14:38:24.109+0000] {dag.py:2941} INFO - Sync 1 DAGs
[2023-12-18T14:38:24.122+0000] {logging_mixin.py:154} INFO - [2023-12-18T14:38:24.121+0000] {dag.py:3722} INFO - Setting next_dagrun for example_bash_operator to 2023-12-17T00:00:00+00:00, run_after=2023-12-18T00:00:00+00:00
[2023-12-18T14:38:24.130+0000] {processor.py:179} INFO - Processing /home/airflow/.local/lib/python3.8/site-packages/airflow/example_dags/example_bash_operator.py took 0.047 seconds
[2023-12-18T14:38:54.890+0000] {processor.py:157} INFO - Started process (PID=1879) to work on /home/airflow/.local/lib/python3.8/site-packages/airflow/example_dags/example_bash_operator.py
[2023-12-18T14:38:54.891+0000] {processor.py:829} INFO - Processing file /home/airflow/.local/lib/python3.8/site-packages/airflow/example_dags/example_bash_operator.py for tasks to queue
[2023-12-18T14:38:54.893+0000] {logging_mixin.py:154} INFO - [2023-12-18T14:38:54.892+0000] {dagbag.py:536} INFO - Filling up the DagBag from /home/airflow/.local/lib/python3.8/site-packages/airflow/example_dags/example_bash_operator.py
[2023-12-18T14:38:54.899+0000] {processor.py:839} INFO - DAG(s) dict_keys(['example_bash_operator']) retrieved from /home/airflow/.local/lib/python3.8/site-packages/airflow/example_dags/example_bash_operator.py
[2023-12-18T14:38:54.917+0000] {logging_mixin.py:154} INFO - [2023-12-18T14:38:54.917+0000] {dag.py:2941} INFO - Sync 1 DAGs
[2023-12-18T14:38:54.931+0000] {logging_mixin.py:154} INFO - [2023-12-18T14:38:54.931+0000] {dag.py:3722} INFO - Setting next_dagrun for example_bash_operator to 2023-12-17T00:00:00+00:00, run_after=2023-12-18T00:00:00+00:00
[2023-12-18T14:38:54.941+0000] {processor.py:179} INFO - Processing /home/airflow/.local/lib/python3.8/site-packages/airflow/example_dags/example_bash_operator.py took 0.053 seconds
[2023-12-18T14:39:56.454+0000] {processor.py:157} INFO - Started process (PID=79) to work on /home/airflow/.local/lib/python3.8/site-packages/airflow/example_dags/example_bash_operator.py
[2023-12-18T14:39:56.455+0000] {processor.py:829} INFO - Processing file /home/airflow/.local/lib/python3.8/site-packages/airflow/example_dags/example_bash_operator.py for tasks to queue
[2023-12-18T14:39:56.462+0000] {logging_mixin.py:154} INFO - [2023-12-18T14:39:56.462+0000] {dagbag.py:536} INFO - Filling up the DagBag from /home/airflow/.local/lib/python3.8/site-packages/airflow/example_dags/example_bash_operator.py
[2023-12-18T14:39:56.479+0000] {processor.py:839} INFO - DAG(s) dict_keys(['example_bash_operator']) retrieved from /home/airflow/.local/lib/python3.8/site-packages/airflow/example_dags/example_bash_operator.py
[2023-12-18T14:39:56.516+0000] {logging_mixin.py:154} INFO - [2023-12-18T14:39:56.516+0000] {dag.py:2941} INFO - Sync 1 DAGs
[2023-12-18T14:39:56.544+0000] {logging_mixin.py:154} INFO - [2023-12-18T14:39:56.543+0000] {dag.py:3722} INFO - Setting next_dagrun for example_bash_operator to 2023-12-17T00:00:00+00:00, run_after=2023-12-18T00:00:00+00:00
[2023-12-18T14:39:56.569+0000] {processor.py:179} INFO - Processing /home/airflow/.local/lib/python3.8/site-packages/airflow/example_dags/example_bash_operator.py took 0.118 seconds
[2023-12-18T14:40:27.230+0000] {processor.py:157} INFO - Started process (PID=148) to work on /home/airflow/.local/lib/python3.8/site-packages/airflow/example_dags/example_bash_operator.py
[2023-12-18T14:40:27.231+0000] {processor.py:829} INFO - Processing file /home/airflow/.local/lib/python3.8/site-packages/airflow/example_dags/example_bash_operator.py for tasks to queue
[2023-12-18T14:40:27.232+0000] {logging_mixin.py:154} INFO - [2023-12-18T14:40:27.232+0000] {dagbag.py:536} INFO - Filling up the DagBag from /home/airflow/.local/lib/python3.8/site-packages/airflow/example_dags/example_bash_operator.py
[2023-12-18T14:40:27.239+0000] {processor.py:839} INFO - DAG(s) dict_keys(['example_bash_operator']) retrieved from /home/airflow/.local/lib/python3.8/site-packages/airflow/example_dags/example_bash_operator.py
[2023-12-18T14:40:27.261+0000] {logging_mixin.py:154} INFO - [2023-12-18T14:40:27.261+0000] {dag.py:2941} INFO - Sync 1 DAGs
[2023-12-18T14:40:27.278+0000] {logging_mixin.py:154} INFO - [2023-12-18T14:40:27.277+0000] {dag.py:3722} INFO - Setting next_dagrun for example_bash_operator to 2023-12-17T00:00:00+00:00, run_after=2023-12-18T00:00:00+00:00
[2023-12-18T14:40:27.293+0000] {processor.py:179} INFO - Processing /home/airflow/.local/lib/python3.8/site-packages/airflow/example_dags/example_bash_operator.py took 0.065 seconds
[2023-12-18T14:40:58.165+0000] {processor.py:157} INFO - Started process (PID=217) to work on /home/airflow/.local/lib/python3.8/site-packages/airflow/example_dags/example_bash_operator.py
[2023-12-18T14:40:58.165+0000] {processor.py:829} INFO - Processing file /home/airflow/.local/lib/python3.8/site-packages/airflow/example_dags/example_bash_operator.py for tasks to queue
[2023-12-18T14:40:58.167+0000] {logging_mixin.py:154} INFO - [2023-12-18T14:40:58.167+0000] {dagbag.py:536} INFO - Filling up the DagBag from /home/airflow/.local/lib/python3.8/site-packages/airflow/example_dags/example_bash_operator.py
[2023-12-18T14:40:58.174+0000] {processor.py:839} INFO - DAG(s) dict_keys(['example_bash_operator']) retrieved from /home/airflow/.local/lib/python3.8/site-packages/airflow/example_dags/example_bash_operator.py
[2023-12-18T14:40:58.192+0000] {logging_mixin.py:154} INFO - [2023-12-18T14:40:58.192+0000] {dag.py:2941} INFO - Sync 1 DAGs
[2023-12-18T14:40:58.207+0000] {logging_mixin.py:154} INFO - [2023-12-18T14:40:58.207+0000] {dag.py:3722} INFO - Setting next_dagrun for example_bash_operator to 2023-12-17T00:00:00+00:00, run_after=2023-12-18T00:00:00+00:00
[2023-12-18T14:40:58.217+0000] {processor.py:179} INFO - Processing /home/airflow/.local/lib/python3.8/site-packages/airflow/example_dags/example_bash_operator.py took 0.055 seconds
[2023-12-18T14:41:28.964+0000] {processor.py:157} INFO - Started process (PID=286) to work on /home/airflow/.local/lib/python3.8/site-packages/airflow/example_dags/example_bash_operator.py
[2023-12-18T14:41:28.967+0000] {processor.py:829} INFO - Processing file /home/airflow/.local/lib/python3.8/site-packages/airflow/example_dags/example_bash_operator.py for tasks to queue
[2023-12-18T14:41:28.969+0000] {logging_mixin.py:154} INFO - [2023-12-18T14:41:28.969+0000] {dagbag.py:536} INFO - Filling up the DagBag from /home/airflow/.local/lib/python3.8/site-packages/airflow/example_dags/example_bash_operator.py
[2023-12-18T14:41:28.980+0000] {processor.py:839} INFO - DAG(s) dict_keys(['example_bash_operator']) retrieved from /home/airflow/.local/lib/python3.8/site-packages/airflow/example_dags/example_bash_operator.py
[2023-12-18T14:41:28.996+0000] {logging_mixin.py:154} INFO - [2023-12-18T14:41:28.996+0000] {dag.py:2941} INFO - Sync 1 DAGs
[2023-12-18T14:41:29.010+0000] {logging_mixin.py:154} INFO - [2023-12-18T14:41:29.010+0000] {dag.py:3722} INFO - Setting next_dagrun for example_bash_operator to 2023-12-17T00:00:00+00:00, run_after=2023-12-18T00:00:00+00:00
[2023-12-18T14:41:29.021+0000] {processor.py:179} INFO - Processing /home/airflow/.local/lib/python3.8/site-packages/airflow/example_dags/example_bash_operator.py took 0.059 seconds
[2023-12-18T14:41:59.751+0000] {processor.py:157} INFO - Started process (PID=356) to work on /home/airflow/.local/lib/python3.8/site-packages/airflow/example_dags/example_bash_operator.py
[2023-12-18T14:41:59.752+0000] {processor.py:829} INFO - Processing file /home/airflow/.local/lib/python3.8/site-packages/airflow/example_dags/example_bash_operator.py for tasks to queue
[2023-12-18T14:41:59.754+0000] {logging_mixin.py:154} INFO - [2023-12-18T14:41:59.754+0000] {dagbag.py:536} INFO - Filling up the DagBag from /home/airflow/.local/lib/python3.8/site-packages/airflow/example_dags/example_bash_operator.py
[2023-12-18T14:41:59.761+0000] {processor.py:839} INFO - DAG(s) dict_keys(['example_bash_operator']) retrieved from /home/airflow/.local/lib/python3.8/site-packages/airflow/example_dags/example_bash_operator.py
[2023-12-18T14:41:59.779+0000] {logging_mixin.py:154} INFO - [2023-12-18T14:41:59.779+0000] {dag.py:2941} INFO - Sync 1 DAGs
[2023-12-18T14:41:59.793+0000] {logging_mixin.py:154} INFO - [2023-12-18T14:41:59.793+0000] {dag.py:3722} INFO - Setting next_dagrun for example_bash_operator to 2023-12-17T00:00:00+00:00, run_after=2023-12-18T00:00:00+00:00
[2023-12-18T14:41:59.805+0000] {processor.py:179} INFO - Processing /home/airflow/.local/lib/python3.8/site-packages/airflow/example_dags/example_bash_operator.py took 0.055 seconds
[2023-12-18T14:42:29.995+0000] {processor.py:157} INFO - Started process (PID=425) to work on /home/airflow/.local/lib/python3.8/site-packages/airflow/example_dags/example_bash_operator.py
[2023-12-18T14:42:29.996+0000] {processor.py:829} INFO - Processing file /home/airflow/.local/lib/python3.8/site-packages/airflow/example_dags/example_bash_operator.py for tasks to queue
[2023-12-18T14:42:29.997+0000] {logging_mixin.py:154} INFO - [2023-12-18T14:42:29.997+0000] {dagbag.py:536} INFO - Filling up the DagBag from /home/airflow/.local/lib/python3.8/site-packages/airflow/example_dags/example_bash_operator.py
[2023-12-18T14:42:30.003+0000] {processor.py:839} INFO - DAG(s) dict_keys(['example_bash_operator']) retrieved from /home/airflow/.local/lib/python3.8/site-packages/airflow/example_dags/example_bash_operator.py
[2023-12-18T14:42:30.019+0000] {logging_mixin.py:154} INFO - [2023-12-18T14:42:30.019+0000] {dag.py:2941} INFO - Sync 1 DAGs
[2023-12-18T14:42:30.032+0000] {logging_mixin.py:154} INFO - [2023-12-18T14:42:30.032+0000] {dag.py:3722} INFO - Setting next_dagrun for example_bash_operator to 2023-12-17T00:00:00+00:00, run_after=2023-12-18T00:00:00+00:00
[2023-12-18T14:42:30.042+0000] {processor.py:179} INFO - Processing /home/airflow/.local/lib/python3.8/site-packages/airflow/example_dags/example_bash_operator.py took 0.049 seconds
[2023-12-18T14:43:00.944+0000] {processor.py:157} INFO - Started process (PID=494) to work on /home/airflow/.local/lib/python3.8/site-packages/airflow/example_dags/example_bash_operator.py
[2023-12-18T14:43:00.945+0000] {processor.py:829} INFO - Processing file /home/airflow/.local/lib/python3.8/site-packages/airflow/example_dags/example_bash_operator.py for tasks to queue
[2023-12-18T14:43:00.947+0000] {logging_mixin.py:154} INFO - [2023-12-18T14:43:00.947+0000] {dagbag.py:536} INFO - Filling up the DagBag from /home/airflow/.local/lib/python3.8/site-packages/airflow/example_dags/example_bash_operator.py
[2023-12-18T14:43:00.954+0000] {processor.py:839} INFO - DAG(s) dict_keys(['example_bash_operator']) retrieved from /home/airflow/.local/lib/python3.8/site-packages/airflow/example_dags/example_bash_operator.py
[2023-12-18T14:43:00.971+0000] {logging_mixin.py:154} INFO - [2023-12-18T14:43:00.971+0000] {dag.py:2941} INFO - Sync 1 DAGs
[2023-12-18T14:43:00.985+0000] {logging_mixin.py:154} INFO - [2023-12-18T14:43:00.985+0000] {dag.py:3722} INFO - Setting next_dagrun for example_bash_operator to 2023-12-17T00:00:00+00:00, run_after=2023-12-18T00:00:00+00:00
[2023-12-18T14:43:00.996+0000] {processor.py:179} INFO - Processing /home/airflow/.local/lib/python3.8/site-packages/airflow/example_dags/example_bash_operator.py took 0.054 seconds
[2023-12-18T14:44:37.050+0000] {processor.py:157} INFO - Started process (PID=77) to work on /home/airflow/.local/lib/python3.8/site-packages/airflow/example_dags/example_bash_operator.py
[2023-12-18T14:44:37.055+0000] {processor.py:829} INFO - Processing file /home/airflow/.local/lib/python3.8/site-packages/airflow/example_dags/example_bash_operator.py for tasks to queue
[2023-12-18T14:44:37.064+0000] {logging_mixin.py:154} INFO - [2023-12-18T14:44:37.064+0000] {dagbag.py:536} INFO - Filling up the DagBag from /home/airflow/.local/lib/python3.8/site-packages/airflow/example_dags/example_bash_operator.py
[2023-12-18T14:44:37.077+0000] {processor.py:839} INFO - DAG(s) dict_keys(['example_bash_operator']) retrieved from /home/airflow/.local/lib/python3.8/site-packages/airflow/example_dags/example_bash_operator.py
[2023-12-18T14:44:37.116+0000] {logging_mixin.py:154} INFO - [2023-12-18T14:44:37.116+0000] {dag.py:2941} INFO - Sync 1 DAGs
[2023-12-18T14:44:37.164+0000] {logging_mixin.py:154} INFO - [2023-12-18T14:44:37.164+0000] {dag.py:3722} INFO - Setting next_dagrun for example_bash_operator to 2023-12-17T00:00:00+00:00, run_after=2023-12-18T00:00:00+00:00
[2023-12-18T14:44:37.192+0000] {processor.py:179} INFO - Processing /home/airflow/.local/lib/python3.8/site-packages/airflow/example_dags/example_bash_operator.py took 0.146 seconds
[2023-12-18T14:45:07.721+0000] {processor.py:157} INFO - Started process (PID=146) to work on /home/airflow/.local/lib/python3.8/site-packages/airflow/example_dags/example_bash_operator.py
[2023-12-18T14:45:07.721+0000] {processor.py:829} INFO - Processing file /home/airflow/.local/lib/python3.8/site-packages/airflow/example_dags/example_bash_operator.py for tasks to queue
[2023-12-18T14:45:07.723+0000] {logging_mixin.py:154} INFO - [2023-12-18T14:45:07.723+0000] {dagbag.py:536} INFO - Filling up the DagBag from /home/airflow/.local/lib/python3.8/site-packages/airflow/example_dags/example_bash_operator.py
[2023-12-18T14:45:07.733+0000] {processor.py:839} INFO - DAG(s) dict_keys(['example_bash_operator']) retrieved from /home/airflow/.local/lib/python3.8/site-packages/airflow/example_dags/example_bash_operator.py
[2023-12-18T14:45:07.759+0000] {logging_mixin.py:154} INFO - [2023-12-18T14:45:07.759+0000] {dag.py:2941} INFO - Sync 1 DAGs
[2023-12-18T14:45:07.806+0000] {logging_mixin.py:154} INFO - [2023-12-18T14:45:07.806+0000] {dag.py:3722} INFO - Setting next_dagrun for example_bash_operator to 2023-12-17T00:00:00+00:00, run_after=2023-12-18T00:00:00+00:00
[2023-12-18T14:45:07.819+0000] {processor.py:179} INFO - Processing /home/airflow/.local/lib/python3.8/site-packages/airflow/example_dags/example_bash_operator.py took 0.102 seconds
[2023-12-18T14:45:37.853+0000] {processor.py:157} INFO - Started process (PID=214) to work on /home/airflow/.local/lib/python3.8/site-packages/airflow/example_dags/example_bash_operator.py
[2023-12-18T14:45:37.854+0000] {processor.py:829} INFO - Processing file /home/airflow/.local/lib/python3.8/site-packages/airflow/example_dags/example_bash_operator.py for tasks to queue
[2023-12-18T14:45:37.855+0000] {logging_mixin.py:154} INFO - [2023-12-18T14:45:37.855+0000] {dagbag.py:536} INFO - Filling up the DagBag from /home/airflow/.local/lib/python3.8/site-packages/airflow/example_dags/example_bash_operator.py
[2023-12-18T14:45:37.862+0000] {processor.py:839} INFO - DAG(s) dict_keys(['example_bash_operator']) retrieved from /home/airflow/.local/lib/python3.8/site-packages/airflow/example_dags/example_bash_operator.py
[2023-12-18T14:45:37.900+0000] {logging_mixin.py:154} INFO - [2023-12-18T14:45:37.900+0000] {dag.py:2941} INFO - Sync 1 DAGs
[2023-12-18T14:45:37.916+0000] {logging_mixin.py:154} INFO - [2023-12-18T14:45:37.916+0000] {dag.py:3722} INFO - Setting next_dagrun for example_bash_operator to 2023-12-17T00:00:00+00:00, run_after=2023-12-18T00:00:00+00:00
[2023-12-18T14:45:37.995+0000] {processor.py:179} INFO - Processing /home/airflow/.local/lib/python3.8/site-packages/airflow/example_dags/example_bash_operator.py took 0.144 seconds
[2023-12-18T14:46:08.965+0000] {processor.py:157} INFO - Started process (PID=284) to work on /home/airflow/.local/lib/python3.8/site-packages/airflow/example_dags/example_bash_operator.py
[2023-12-18T14:46:08.966+0000] {processor.py:829} INFO - Processing file /home/airflow/.local/lib/python3.8/site-packages/airflow/example_dags/example_bash_operator.py for tasks to queue
[2023-12-18T14:46:08.967+0000] {logging_mixin.py:154} INFO - [2023-12-18T14:46:08.967+0000] {dagbag.py:536} INFO - Filling up the DagBag from /home/airflow/.local/lib/python3.8/site-packages/airflow/example_dags/example_bash_operator.py
[2023-12-18T14:46:08.974+0000] {processor.py:839} INFO - DAG(s) dict_keys(['example_bash_operator']) retrieved from /home/airflow/.local/lib/python3.8/site-packages/airflow/example_dags/example_bash_operator.py
[2023-12-18T14:46:08.991+0000] {logging_mixin.py:154} INFO - [2023-12-18T14:46:08.991+0000] {dag.py:2941} INFO - Sync 1 DAGs
[2023-12-18T14:46:09.006+0000] {logging_mixin.py:154} INFO - [2023-12-18T14:46:09.005+0000] {dag.py:3722} INFO - Setting next_dagrun for example_bash_operator to 2023-12-17T00:00:00+00:00, run_after=2023-12-18T00:00:00+00:00
[2023-12-18T14:46:09.016+0000] {processor.py:179} INFO - Processing /home/airflow/.local/lib/python3.8/site-packages/airflow/example_dags/example_bash_operator.py took 0.053 seconds
[2023-12-18T14:46:39.773+0000] {processor.py:157} INFO - Started process (PID=353) to work on /home/airflow/.local/lib/python3.8/site-packages/airflow/example_dags/example_bash_operator.py
[2023-12-18T14:46:39.774+0000] {processor.py:829} INFO - Processing file /home/airflow/.local/lib/python3.8/site-packages/airflow/example_dags/example_bash_operator.py for tasks to queue
[2023-12-18T14:46:39.775+0000] {logging_mixin.py:154} INFO - [2023-12-18T14:46:39.775+0000] {dagbag.py:536} INFO - Filling up the DagBag from /home/airflow/.local/lib/python3.8/site-packages/airflow/example_dags/example_bash_operator.py
[2023-12-18T14:46:39.781+0000] {processor.py:839} INFO - DAG(s) dict_keys(['example_bash_operator']) retrieved from /home/airflow/.local/lib/python3.8/site-packages/airflow/example_dags/example_bash_operator.py
[2023-12-18T14:46:39.803+0000] {logging_mixin.py:154} INFO - [2023-12-18T14:46:39.803+0000] {dag.py:2941} INFO - Sync 1 DAGs
[2023-12-18T14:46:39.818+0000] {logging_mixin.py:154} INFO - [2023-12-18T14:46:39.818+0000] {dag.py:3722} INFO - Setting next_dagrun for example_bash_operator to 2023-12-17T00:00:00+00:00, run_after=2023-12-18T00:00:00+00:00
[2023-12-18T14:46:39.832+0000] {processor.py:179} INFO - Processing /home/airflow/.local/lib/python3.8/site-packages/airflow/example_dags/example_bash_operator.py took 0.061 seconds
[2023-12-18T14:47:10.680+0000] {processor.py:157} INFO - Started process (PID=422) to work on /home/airflow/.local/lib/python3.8/site-packages/airflow/example_dags/example_bash_operator.py
[2023-12-18T14:47:10.681+0000] {processor.py:829} INFO - Processing file /home/airflow/.local/lib/python3.8/site-packages/airflow/example_dags/example_bash_operator.py for tasks to queue
[2023-12-18T14:47:10.682+0000] {logging_mixin.py:154} INFO - [2023-12-18T14:47:10.682+0000] {dagbag.py:536} INFO - Filling up the DagBag from /home/airflow/.local/lib/python3.8/site-packages/airflow/example_dags/example_bash_operator.py
[2023-12-18T14:47:10.688+0000] {processor.py:839} INFO - DAG(s) dict_keys(['example_bash_operator']) retrieved from /home/airflow/.local/lib/python3.8/site-packages/airflow/example_dags/example_bash_operator.py
[2023-12-18T14:47:10.707+0000] {logging_mixin.py:154} INFO - [2023-12-18T14:47:10.707+0000] {dag.py:2941} INFO - Sync 1 DAGs
[2023-12-18T14:47:10.725+0000] {logging_mixin.py:154} INFO - [2023-12-18T14:47:10.725+0000] {dag.py:3722} INFO - Setting next_dagrun for example_bash_operator to 2023-12-17T00:00:00+00:00, run_after=2023-12-18T00:00:00+00:00
[2023-12-18T14:47:10.740+0000] {processor.py:179} INFO - Processing /home/airflow/.local/lib/python3.8/site-packages/airflow/example_dags/example_bash_operator.py took 0.062 seconds
[2023-12-18T14:47:40.800+0000] {processor.py:157} INFO - Started process (PID=490) to work on /home/airflow/.local/lib/python3.8/site-packages/airflow/example_dags/example_bash_operator.py
[2023-12-18T14:47:40.809+0000] {processor.py:829} INFO - Processing file /home/airflow/.local/lib/python3.8/site-packages/airflow/example_dags/example_bash_operator.py for tasks to queue
[2023-12-18T14:47:40.811+0000] {logging_mixin.py:154} INFO - [2023-12-18T14:47:40.811+0000] {dagbag.py:536} INFO - Filling up the DagBag from /home/airflow/.local/lib/python3.8/site-packages/airflow/example_dags/example_bash_operator.py
[2023-12-18T14:47:40.821+0000] {processor.py:839} INFO - DAG(s) dict_keys(['example_bash_operator']) retrieved from /home/airflow/.local/lib/python3.8/site-packages/airflow/example_dags/example_bash_operator.py
[2023-12-18T14:47:40.839+0000] {logging_mixin.py:154} INFO - [2023-12-18T14:47:40.839+0000] {dag.py:2941} INFO - Sync 1 DAGs
[2023-12-18T14:47:40.854+0000] {logging_mixin.py:154} INFO - [2023-12-18T14:47:40.854+0000] {dag.py:3722} INFO - Setting next_dagrun for example_bash_operator to 2023-12-17T00:00:00+00:00, run_after=2023-12-18T00:00:00+00:00
[2023-12-18T14:47:40.864+0000] {processor.py:179} INFO - Processing /home/airflow/.local/lib/python3.8/site-packages/airflow/example_dags/example_bash_operator.py took 0.066 seconds
[2023-12-18T14:48:11.018+0000] {processor.py:157} INFO - Started process (PID=560) to work on /home/airflow/.local/lib/python3.8/site-packages/airflow/example_dags/example_bash_operator.py
[2023-12-18T14:48:11.025+0000] {processor.py:829} INFO - Processing file /home/airflow/.local/lib/python3.8/site-packages/airflow/example_dags/example_bash_operator.py for tasks to queue
[2023-12-18T14:48:11.027+0000] {logging_mixin.py:154} INFO - [2023-12-18T14:48:11.027+0000] {dagbag.py:536} INFO - Filling up the DagBag from /home/airflow/.local/lib/python3.8/site-packages/airflow/example_dags/example_bash_operator.py
[2023-12-18T14:48:11.036+0000] {processor.py:839} INFO - DAG(s) dict_keys(['example_bash_operator']) retrieved from /home/airflow/.local/lib/python3.8/site-packages/airflow/example_dags/example_bash_operator.py
[2023-12-18T14:48:11.062+0000] {logging_mixin.py:154} INFO - [2023-12-18T14:48:11.061+0000] {dag.py:2941} INFO - Sync 1 DAGs
[2023-12-18T14:48:11.079+0000] {logging_mixin.py:154} INFO - [2023-12-18T14:48:11.079+0000] {dag.py:3722} INFO - Setting next_dagrun for example_bash_operator to 2023-12-17T00:00:00+00:00, run_after=2023-12-18T00:00:00+00:00
[2023-12-18T14:48:11.093+0000] {processor.py:179} INFO - Processing /home/airflow/.local/lib/python3.8/site-packages/airflow/example_dags/example_bash_operator.py took 0.078 seconds
[2023-12-18T14:48:42.031+0000] {processor.py:157} INFO - Started process (PID=631) to work on /home/airflow/.local/lib/python3.8/site-packages/airflow/example_dags/example_bash_operator.py
[2023-12-18T14:48:42.031+0000] {processor.py:829} INFO - Processing file /home/airflow/.local/lib/python3.8/site-packages/airflow/example_dags/example_bash_operator.py for tasks to queue
[2023-12-18T14:48:42.032+0000] {logging_mixin.py:154} INFO - [2023-12-18T14:48:42.032+0000] {dagbag.py:536} INFO - Filling up the DagBag from /home/airflow/.local/lib/python3.8/site-packages/airflow/example_dags/example_bash_operator.py
[2023-12-18T14:48:42.039+0000] {processor.py:839} INFO - DAG(s) dict_keys(['example_bash_operator']) retrieved from /home/airflow/.local/lib/python3.8/site-packages/airflow/example_dags/example_bash_operator.py
[2023-12-18T14:48:42.059+0000] {logging_mixin.py:154} INFO - [2023-12-18T14:48:42.059+0000] {dag.py:2941} INFO - Sync 1 DAGs
[2023-12-18T14:48:42.075+0000] {logging_mixin.py:154} INFO - [2023-12-18T14:48:42.075+0000] {dag.py:3722} INFO - Setting next_dagrun for example_bash_operator to 2023-12-17T00:00:00+00:00, run_after=2023-12-18T00:00:00+00:00
[2023-12-18T14:48:42.086+0000] {processor.py:179} INFO - Processing /home/airflow/.local/lib/python3.8/site-packages/airflow/example_dags/example_bash_operator.py took 0.058 seconds
[2023-12-18T14:52:09.442+0000] {processor.py:157} INFO - Started process (PID=78) to work on /home/airflow/.local/lib/python3.8/site-packages/airflow/example_dags/example_bash_operator.py
[2023-12-18T14:52:09.443+0000] {processor.py:829} INFO - Processing file /home/airflow/.local/lib/python3.8/site-packages/airflow/example_dags/example_bash_operator.py for tasks to queue
[2023-12-18T14:52:09.444+0000] {logging_mixin.py:154} INFO - [2023-12-18T14:52:09.444+0000] {dagbag.py:536} INFO - Filling up the DagBag from /home/airflow/.local/lib/python3.8/site-packages/airflow/example_dags/example_bash_operator.py
[2023-12-18T14:52:09.457+0000] {processor.py:839} INFO - DAG(s) dict_keys(['example_bash_operator']) retrieved from /home/airflow/.local/lib/python3.8/site-packages/airflow/example_dags/example_bash_operator.py
[2023-12-18T14:52:09.468+0000] {logging_mixin.py:154} INFO - [2023-12-18T14:52:09.467+0000] {dag.py:2941} INFO - Sync 1 DAGs
[2023-12-18T14:52:09.492+0000] {logging_mixin.py:154} INFO - [2023-12-18T14:52:09.492+0000] {dag.py:3722} INFO - Setting next_dagrun for example_bash_operator to 2023-12-17T00:00:00+00:00, run_after=2023-12-18T00:00:00+00:00
[2023-12-18T14:52:09.524+0000] {processor.py:179} INFO - Processing /home/airflow/.local/lib/python3.8/site-packages/airflow/example_dags/example_bash_operator.py took 0.084 seconds
[2023-12-18T14:52:39.961+0000] {processor.py:157} INFO - Started process (PID=147) to work on /home/airflow/.local/lib/python3.8/site-packages/airflow/example_dags/example_bash_operator.py
[2023-12-18T14:52:39.981+0000] {processor.py:829} INFO - Processing file /home/airflow/.local/lib/python3.8/site-packages/airflow/example_dags/example_bash_operator.py for tasks to queue
[2023-12-18T14:52:39.983+0000] {logging_mixin.py:154} INFO - [2023-12-18T14:52:39.983+0000] {dagbag.py:536} INFO - Filling up the DagBag from /home/airflow/.local/lib/python3.8/site-packages/airflow/example_dags/example_bash_operator.py
[2023-12-18T14:52:39.991+0000] {processor.py:839} INFO - DAG(s) dict_keys(['example_bash_operator']) retrieved from /home/airflow/.local/lib/python3.8/site-packages/airflow/example_dags/example_bash_operator.py
[2023-12-18T14:52:40.023+0000] {logging_mixin.py:154} INFO - [2023-12-18T14:52:40.023+0000] {dag.py:2941} INFO - Sync 1 DAGs
[2023-12-18T14:52:40.051+0000] {logging_mixin.py:154} INFO - [2023-12-18T14:52:40.051+0000] {dag.py:3722} INFO - Setting next_dagrun for example_bash_operator to 2023-12-17T00:00:00+00:00, run_after=2023-12-18T00:00:00+00:00
[2023-12-18T14:52:40.087+0000] {processor.py:179} INFO - Processing /home/airflow/.local/lib/python3.8/site-packages/airflow/example_dags/example_bash_operator.py took 0.128 seconds
[2023-12-18T14:53:10.155+0000] {processor.py:157} INFO - Started process (PID=216) to work on /home/airflow/.local/lib/python3.8/site-packages/airflow/example_dags/example_bash_operator.py
[2023-12-18T14:53:10.155+0000] {processor.py:829} INFO - Processing file /home/airflow/.local/lib/python3.8/site-packages/airflow/example_dags/example_bash_operator.py for tasks to queue
[2023-12-18T14:53:10.157+0000] {logging_mixin.py:154} INFO - [2023-12-18T14:53:10.157+0000] {dagbag.py:536} INFO - Filling up the DagBag from /home/airflow/.local/lib/python3.8/site-packages/airflow/example_dags/example_bash_operator.py
[2023-12-18T14:53:10.163+0000] {processor.py:839} INFO - DAG(s) dict_keys(['example_bash_operator']) retrieved from /home/airflow/.local/lib/python3.8/site-packages/airflow/example_dags/example_bash_operator.py
[2023-12-18T14:53:10.194+0000] {logging_mixin.py:154} INFO - [2023-12-18T14:53:10.194+0000] {dag.py:2941} INFO - Sync 1 DAGs
[2023-12-18T14:53:10.208+0000] {logging_mixin.py:154} INFO - [2023-12-18T14:53:10.208+0000] {dag.py:3722} INFO - Setting next_dagrun for example_bash_operator to 2023-12-17T00:00:00+00:00, run_after=2023-12-18T00:00:00+00:00
[2023-12-18T14:53:10.218+0000] {processor.py:179} INFO - Processing /home/airflow/.local/lib/python3.8/site-packages/airflow/example_dags/example_bash_operator.py took 0.065 seconds
[2023-12-18T14:53:40.989+0000] {processor.py:157} INFO - Started process (PID=286) to work on /home/airflow/.local/lib/python3.8/site-packages/airflow/example_dags/example_bash_operator.py
[2023-12-18T14:53:40.990+0000] {processor.py:829} INFO - Processing file /home/airflow/.local/lib/python3.8/site-packages/airflow/example_dags/example_bash_operator.py for tasks to queue
[2023-12-18T14:53:40.991+0000] {logging_mixin.py:154} INFO - [2023-12-18T14:53:40.991+0000] {dagbag.py:536} INFO - Filling up the DagBag from /home/airflow/.local/lib/python3.8/site-packages/airflow/example_dags/example_bash_operator.py
[2023-12-18T14:53:40.997+0000] {processor.py:839} INFO - DAG(s) dict_keys(['example_bash_operator']) retrieved from /home/airflow/.local/lib/python3.8/site-packages/airflow/example_dags/example_bash_operator.py
[2023-12-18T14:53:41.018+0000] {logging_mixin.py:154} INFO - [2023-12-18T14:53:41.018+0000] {dag.py:2941} INFO - Sync 1 DAGs
[2023-12-18T14:53:41.035+0000] {logging_mixin.py:154} INFO - [2023-12-18T14:53:41.035+0000] {dag.py:3722} INFO - Setting next_dagrun for example_bash_operator to 2023-12-17T00:00:00+00:00, run_after=2023-12-18T00:00:00+00:00
[2023-12-18T14:53:41.045+0000] {processor.py:179} INFO - Processing /home/airflow/.local/lib/python3.8/site-packages/airflow/example_dags/example_bash_operator.py took 0.058 seconds
