[2023-12-18T14:25:41.981+0000] {processor.py:157} INFO - Started process (PID=81) to work on /home/airflow/.local/lib/python3.8/site-packages/airflow/example_dags/example_xcom.py
[2023-12-18T14:25:41.983+0000] {processor.py:829} INFO - Processing file /home/airflow/.local/lib/python3.8/site-packages/airflow/example_dags/example_xcom.py for tasks to queue
[2023-12-18T14:25:41.986+0000] {logging_mixin.py:154} INFO - [2023-12-18T14:25:41.985+0000] {dagbag.py:536} INFO - Filling up the DagBag from /home/airflow/.local/lib/python3.8/site-packages/airflow/example_dags/example_xcom.py
[2023-12-18T14:25:41.996+0000] {processor.py:839} INFO - DAG(s) dict_keys(['example_xcom']) retrieved from /home/airflow/.local/lib/python3.8/site-packages/airflow/example_dags/example_xcom.py
[2023-12-18T14:25:42.020+0000] {logging_mixin.py:154} INFO - [2023-12-18T14:25:42.019+0000] {dag.py:2941} INFO - Sync 1 DAGs
[2023-12-18T14:25:42.054+0000] {logging_mixin.py:154} INFO - [2023-12-18T14:25:42.053+0000] {dag.py:3722} INFO - Setting next_dagrun for example_xcom to 2021-01-01T00:00:00+00:00, run_after=2021-01-01T00:00:00+00:00
[2023-12-18T14:25:42.094+0000] {processor.py:179} INFO - Processing /home/airflow/.local/lib/python3.8/site-packages/airflow/example_dags/example_xcom.py took 0.116 seconds
[2023-12-18T14:26:12.264+0000] {processor.py:157} INFO - Started process (PID=150) to work on /home/airflow/.local/lib/python3.8/site-packages/airflow/example_dags/example_xcom.py
[2023-12-18T14:26:12.268+0000] {processor.py:829} INFO - Processing file /home/airflow/.local/lib/python3.8/site-packages/airflow/example_dags/example_xcom.py for tasks to queue
[2023-12-18T14:26:12.270+0000] {logging_mixin.py:154} INFO - [2023-12-18T14:26:12.270+0000] {dagbag.py:536} INFO - Filling up the DagBag from /home/airflow/.local/lib/python3.8/site-packages/airflow/example_dags/example_xcom.py
[2023-12-18T14:26:12.277+0000] {processor.py:839} INFO - DAG(s) dict_keys(['example_xcom']) retrieved from /home/airflow/.local/lib/python3.8/site-packages/airflow/example_dags/example_xcom.py
[2023-12-18T14:26:12.295+0000] {logging_mixin.py:154} INFO - [2023-12-18T14:26:12.295+0000] {dag.py:2941} INFO - Sync 1 DAGs
[2023-12-18T14:26:12.313+0000] {logging_mixin.py:154} INFO - [2023-12-18T14:26:12.313+0000] {dag.py:3722} INFO - Setting next_dagrun for example_xcom to 2021-01-01T00:00:00+00:00, run_after=2021-01-01T00:00:00+00:00
[2023-12-18T14:26:12.325+0000] {processor.py:179} INFO - Processing /home/airflow/.local/lib/python3.8/site-packages/airflow/example_dags/example_xcom.py took 0.064 seconds
[2023-12-18T14:26:43.290+0000] {processor.py:157} INFO - Started process (PID=227) to work on /home/airflow/.local/lib/python3.8/site-packages/airflow/example_dags/example_xcom.py
[2023-12-18T14:26:43.290+0000] {processor.py:829} INFO - Processing file /home/airflow/.local/lib/python3.8/site-packages/airflow/example_dags/example_xcom.py for tasks to queue
[2023-12-18T14:26:43.292+0000] {logging_mixin.py:154} INFO - [2023-12-18T14:26:43.291+0000] {dagbag.py:536} INFO - Filling up the DagBag from /home/airflow/.local/lib/python3.8/site-packages/airflow/example_dags/example_xcom.py
[2023-12-18T14:26:43.296+0000] {processor.py:839} INFO - DAG(s) dict_keys(['example_xcom']) retrieved from /home/airflow/.local/lib/python3.8/site-packages/airflow/example_dags/example_xcom.py
[2023-12-18T14:26:43.308+0000] {logging_mixin.py:154} INFO - [2023-12-18T14:26:43.308+0000] {dag.py:2941} INFO - Sync 1 DAGs
[2023-12-18T14:26:43.320+0000] {logging_mixin.py:154} INFO - [2023-12-18T14:26:43.320+0000] {dag.py:3722} INFO - Setting next_dagrun for example_xcom to 2021-01-01T00:00:00+00:00, run_after=2021-01-01T00:00:00+00:00
[2023-12-18T14:26:43.330+0000] {processor.py:179} INFO - Processing /home/airflow/.local/lib/python3.8/site-packages/airflow/example_dags/example_xcom.py took 0.042 seconds
[2023-12-18T14:27:14.115+0000] {processor.py:157} INFO - Started process (PID=296) to work on /home/airflow/.local/lib/python3.8/site-packages/airflow/example_dags/example_xcom.py
[2023-12-18T14:27:14.116+0000] {processor.py:829} INFO - Processing file /home/airflow/.local/lib/python3.8/site-packages/airflow/example_dags/example_xcom.py for tasks to queue
[2023-12-18T14:27:14.117+0000] {logging_mixin.py:154} INFO - [2023-12-18T14:27:14.117+0000] {dagbag.py:536} INFO - Filling up the DagBag from /home/airflow/.local/lib/python3.8/site-packages/airflow/example_dags/example_xcom.py
[2023-12-18T14:27:14.121+0000] {processor.py:839} INFO - DAG(s) dict_keys(['example_xcom']) retrieved from /home/airflow/.local/lib/python3.8/site-packages/airflow/example_dags/example_xcom.py
[2023-12-18T14:27:14.133+0000] {logging_mixin.py:154} INFO - [2023-12-18T14:27:14.133+0000] {dag.py:2941} INFO - Sync 1 DAGs
[2023-12-18T14:27:14.146+0000] {logging_mixin.py:154} INFO - [2023-12-18T14:27:14.146+0000] {dag.py:3722} INFO - Setting next_dagrun for example_xcom to 2021-01-01T00:00:00+00:00, run_after=2021-01-01T00:00:00+00:00
[2023-12-18T14:27:14.157+0000] {processor.py:179} INFO - Processing /home/airflow/.local/lib/python3.8/site-packages/airflow/example_dags/example_xcom.py took 0.043 seconds
[2023-12-18T14:27:45.104+0000] {processor.py:157} INFO - Started process (PID=364) to work on /home/airflow/.local/lib/python3.8/site-packages/airflow/example_dags/example_xcom.py
[2023-12-18T14:27:45.105+0000] {processor.py:829} INFO - Processing file /home/airflow/.local/lib/python3.8/site-packages/airflow/example_dags/example_xcom.py for tasks to queue
[2023-12-18T14:27:45.106+0000] {logging_mixin.py:154} INFO - [2023-12-18T14:27:45.106+0000] {dagbag.py:536} INFO - Filling up the DagBag from /home/airflow/.local/lib/python3.8/site-packages/airflow/example_dags/example_xcom.py
[2023-12-18T14:27:45.111+0000] {processor.py:839} INFO - DAG(s) dict_keys(['example_xcom']) retrieved from /home/airflow/.local/lib/python3.8/site-packages/airflow/example_dags/example_xcom.py
[2023-12-18T14:27:45.126+0000] {logging_mixin.py:154} INFO - [2023-12-18T14:27:45.126+0000] {dag.py:2941} INFO - Sync 1 DAGs
[2023-12-18T14:27:45.142+0000] {logging_mixin.py:154} INFO - [2023-12-18T14:27:45.141+0000] {dag.py:3722} INFO - Setting next_dagrun for example_xcom to 2021-01-01T00:00:00+00:00, run_after=2021-01-01T00:00:00+00:00
[2023-12-18T14:27:45.170+0000] {processor.py:179} INFO - Processing /home/airflow/.local/lib/python3.8/site-packages/airflow/example_dags/example_xcom.py took 0.068 seconds
[2023-12-18T14:28:16.144+0000] {processor.py:157} INFO - Started process (PID=433) to work on /home/airflow/.local/lib/python3.8/site-packages/airflow/example_dags/example_xcom.py
[2023-12-18T14:28:16.145+0000] {processor.py:829} INFO - Processing file /home/airflow/.local/lib/python3.8/site-packages/airflow/example_dags/example_xcom.py for tasks to queue
[2023-12-18T14:28:16.147+0000] {logging_mixin.py:154} INFO - [2023-12-18T14:28:16.147+0000] {dagbag.py:536} INFO - Filling up the DagBag from /home/airflow/.local/lib/python3.8/site-packages/airflow/example_dags/example_xcom.py
[2023-12-18T14:28:16.152+0000] {processor.py:839} INFO - DAG(s) dict_keys(['example_xcom']) retrieved from /home/airflow/.local/lib/python3.8/site-packages/airflow/example_dags/example_xcom.py
[2023-12-18T14:28:16.164+0000] {logging_mixin.py:154} INFO - [2023-12-18T14:28:16.164+0000] {dag.py:2941} INFO - Sync 1 DAGs
[2023-12-18T14:28:16.176+0000] {logging_mixin.py:154} INFO - [2023-12-18T14:28:16.176+0000] {dag.py:3722} INFO - Setting next_dagrun for example_xcom to 2021-01-01T00:00:00+00:00, run_after=2021-01-01T00:00:00+00:00
[2023-12-18T14:28:16.187+0000] {processor.py:179} INFO - Processing /home/airflow/.local/lib/python3.8/site-packages/airflow/example_dags/example_xcom.py took 0.046 seconds
[2023-12-18T14:28:46.994+0000] {processor.py:157} INFO - Started process (PID=502) to work on /home/airflow/.local/lib/python3.8/site-packages/airflow/example_dags/example_xcom.py
[2023-12-18T14:28:46.995+0000] {processor.py:829} INFO - Processing file /home/airflow/.local/lib/python3.8/site-packages/airflow/example_dags/example_xcom.py for tasks to queue
[2023-12-18T14:28:46.996+0000] {logging_mixin.py:154} INFO - [2023-12-18T14:28:46.996+0000] {dagbag.py:536} INFO - Filling up the DagBag from /home/airflow/.local/lib/python3.8/site-packages/airflow/example_dags/example_xcom.py
[2023-12-18T14:28:47.001+0000] {processor.py:839} INFO - DAG(s) dict_keys(['example_xcom']) retrieved from /home/airflow/.local/lib/python3.8/site-packages/airflow/example_dags/example_xcom.py
[2023-12-18T14:28:47.018+0000] {logging_mixin.py:154} INFO - [2023-12-18T14:28:47.017+0000] {dag.py:2941} INFO - Sync 1 DAGs
[2023-12-18T14:28:47.038+0000] {logging_mixin.py:154} INFO - [2023-12-18T14:28:47.038+0000] {dag.py:3722} INFO - Setting next_dagrun for example_xcom to 2021-01-01T00:00:00+00:00, run_after=2021-01-01T00:00:00+00:00
[2023-12-18T14:28:47.056+0000] {processor.py:179} INFO - Processing /home/airflow/.local/lib/python3.8/site-packages/airflow/example_dags/example_xcom.py took 0.064 seconds
[2023-12-18T14:29:17.971+0000] {processor.py:157} INFO - Started process (PID=571) to work on /home/airflow/.local/lib/python3.8/site-packages/airflow/example_dags/example_xcom.py
[2023-12-18T14:29:17.974+0000] {processor.py:829} INFO - Processing file /home/airflow/.local/lib/python3.8/site-packages/airflow/example_dags/example_xcom.py for tasks to queue
[2023-12-18T14:29:17.975+0000] {logging_mixin.py:154} INFO - [2023-12-18T14:29:17.975+0000] {dagbag.py:536} INFO - Filling up the DagBag from /home/airflow/.local/lib/python3.8/site-packages/airflow/example_dags/example_xcom.py
[2023-12-18T14:29:17.979+0000] {processor.py:839} INFO - DAG(s) dict_keys(['example_xcom']) retrieved from /home/airflow/.local/lib/python3.8/site-packages/airflow/example_dags/example_xcom.py
[2023-12-18T14:29:17.993+0000] {logging_mixin.py:154} INFO - [2023-12-18T14:29:17.993+0000] {dag.py:2941} INFO - Sync 1 DAGs
[2023-12-18T14:29:18.009+0000] {logging_mixin.py:154} INFO - [2023-12-18T14:29:18.009+0000] {dag.py:3722} INFO - Setting next_dagrun for example_xcom to 2021-01-01T00:00:00+00:00, run_after=2021-01-01T00:00:00+00:00
[2023-12-18T14:29:18.021+0000] {processor.py:179} INFO - Processing /home/airflow/.local/lib/python3.8/site-packages/airflow/example_dags/example_xcom.py took 0.052 seconds
[2023-12-18T14:29:48.931+0000] {processor.py:157} INFO - Started process (PID=640) to work on /home/airflow/.local/lib/python3.8/site-packages/airflow/example_dags/example_xcom.py
[2023-12-18T14:29:48.932+0000] {processor.py:829} INFO - Processing file /home/airflow/.local/lib/python3.8/site-packages/airflow/example_dags/example_xcom.py for tasks to queue
[2023-12-18T14:29:48.934+0000] {logging_mixin.py:154} INFO - [2023-12-18T14:29:48.934+0000] {dagbag.py:536} INFO - Filling up the DagBag from /home/airflow/.local/lib/python3.8/site-packages/airflow/example_dags/example_xcom.py
[2023-12-18T14:29:48.938+0000] {processor.py:839} INFO - DAG(s) dict_keys(['example_xcom']) retrieved from /home/airflow/.local/lib/python3.8/site-packages/airflow/example_dags/example_xcom.py
[2023-12-18T14:29:48.951+0000] {logging_mixin.py:154} INFO - [2023-12-18T14:29:48.951+0000] {dag.py:2941} INFO - Sync 1 DAGs
[2023-12-18T14:29:48.968+0000] {logging_mixin.py:154} INFO - [2023-12-18T14:29:48.968+0000] {dag.py:3722} INFO - Setting next_dagrun for example_xcom to 2021-01-01T00:00:00+00:00, run_after=2021-01-01T00:00:00+00:00
[2023-12-18T14:29:48.984+0000] {processor.py:179} INFO - Processing /home/airflow/.local/lib/python3.8/site-packages/airflow/example_dags/example_xcom.py took 0.055 seconds
[2023-12-18T14:30:19.200+0000] {processor.py:157} INFO - Started process (PID=710) to work on /home/airflow/.local/lib/python3.8/site-packages/airflow/example_dags/example_xcom.py
[2023-12-18T14:30:19.200+0000] {processor.py:829} INFO - Processing file /home/airflow/.local/lib/python3.8/site-packages/airflow/example_dags/example_xcom.py for tasks to queue
[2023-12-18T14:30:19.201+0000] {logging_mixin.py:154} INFO - [2023-12-18T14:30:19.201+0000] {dagbag.py:536} INFO - Filling up the DagBag from /home/airflow/.local/lib/python3.8/site-packages/airflow/example_dags/example_xcom.py
[2023-12-18T14:30:19.205+0000] {processor.py:839} INFO - DAG(s) dict_keys(['example_xcom']) retrieved from /home/airflow/.local/lib/python3.8/site-packages/airflow/example_dags/example_xcom.py
[2023-12-18T14:30:19.218+0000] {logging_mixin.py:154} INFO - [2023-12-18T14:30:19.217+0000] {dag.py:2941} INFO - Sync 1 DAGs
[2023-12-18T14:30:19.230+0000] {logging_mixin.py:154} INFO - [2023-12-18T14:30:19.230+0000] {dag.py:3722} INFO - Setting next_dagrun for example_xcom to 2021-01-01T00:00:00+00:00, run_after=2021-01-01T00:00:00+00:00
[2023-12-18T14:30:19.240+0000] {processor.py:179} INFO - Processing /home/airflow/.local/lib/python3.8/site-packages/airflow/example_dags/example_xcom.py took 0.043 seconds
[2023-12-18T14:30:49.292+0000] {processor.py:157} INFO - Started process (PID=779) to work on /home/airflow/.local/lib/python3.8/site-packages/airflow/example_dags/example_xcom.py
[2023-12-18T14:30:49.300+0000] {processor.py:829} INFO - Processing file /home/airflow/.local/lib/python3.8/site-packages/airflow/example_dags/example_xcom.py for tasks to queue
[2023-12-18T14:30:49.303+0000] {logging_mixin.py:154} INFO - [2023-12-18T14:30:49.303+0000] {dagbag.py:536} INFO - Filling up the DagBag from /home/airflow/.local/lib/python3.8/site-packages/airflow/example_dags/example_xcom.py
[2023-12-18T14:30:49.312+0000] {processor.py:839} INFO - DAG(s) dict_keys(['example_xcom']) retrieved from /home/airflow/.local/lib/python3.8/site-packages/airflow/example_dags/example_xcom.py
[2023-12-18T14:30:49.326+0000] {logging_mixin.py:154} INFO - [2023-12-18T14:30:49.326+0000] {dag.py:2941} INFO - Sync 1 DAGs
[2023-12-18T14:30:49.339+0000] {logging_mixin.py:154} INFO - [2023-12-18T14:30:49.339+0000] {dag.py:3722} INFO - Setting next_dagrun for example_xcom to 2021-01-01T00:00:00+00:00, run_after=2021-01-01T00:00:00+00:00
[2023-12-18T14:30:49.349+0000] {processor.py:179} INFO - Processing /home/airflow/.local/lib/python3.8/site-packages/airflow/example_dags/example_xcom.py took 0.062 seconds
[2023-12-18T14:31:19.391+0000] {processor.py:157} INFO - Started process (PID=848) to work on /home/airflow/.local/lib/python3.8/site-packages/airflow/example_dags/example_xcom.py
[2023-12-18T14:31:19.393+0000] {processor.py:829} INFO - Processing file /home/airflow/.local/lib/python3.8/site-packages/airflow/example_dags/example_xcom.py for tasks to queue
[2023-12-18T14:31:19.395+0000] {logging_mixin.py:154} INFO - [2023-12-18T14:31:19.395+0000] {dagbag.py:536} INFO - Filling up the DagBag from /home/airflow/.local/lib/python3.8/site-packages/airflow/example_dags/example_xcom.py
[2023-12-18T14:31:19.402+0000] {processor.py:839} INFO - DAG(s) dict_keys(['example_xcom']) retrieved from /home/airflow/.local/lib/python3.8/site-packages/airflow/example_dags/example_xcom.py
[2023-12-18T14:31:19.415+0000] {logging_mixin.py:154} INFO - [2023-12-18T14:31:19.415+0000] {dag.py:2941} INFO - Sync 1 DAGs
[2023-12-18T14:31:19.430+0000] {logging_mixin.py:154} INFO - [2023-12-18T14:31:19.430+0000] {dag.py:3722} INFO - Setting next_dagrun for example_xcom to 2021-01-01T00:00:00+00:00, run_after=2021-01-01T00:00:00+00:00
[2023-12-18T14:31:19.441+0000] {processor.py:179} INFO - Processing /home/airflow/.local/lib/python3.8/site-packages/airflow/example_dags/example_xcom.py took 0.053 seconds
[2023-12-18T14:31:50.313+0000] {processor.py:157} INFO - Started process (PID=917) to work on /home/airflow/.local/lib/python3.8/site-packages/airflow/example_dags/example_xcom.py
[2023-12-18T14:31:50.313+0000] {processor.py:829} INFO - Processing file /home/airflow/.local/lib/python3.8/site-packages/airflow/example_dags/example_xcom.py for tasks to queue
[2023-12-18T14:31:50.315+0000] {logging_mixin.py:154} INFO - [2023-12-18T14:31:50.314+0000] {dagbag.py:536} INFO - Filling up the DagBag from /home/airflow/.local/lib/python3.8/site-packages/airflow/example_dags/example_xcom.py
[2023-12-18T14:31:50.319+0000] {processor.py:839} INFO - DAG(s) dict_keys(['example_xcom']) retrieved from /home/airflow/.local/lib/python3.8/site-packages/airflow/example_dags/example_xcom.py
[2023-12-18T14:31:50.332+0000] {logging_mixin.py:154} INFO - [2023-12-18T14:31:50.331+0000] {dag.py:2941} INFO - Sync 1 DAGs
[2023-12-18T14:31:50.345+0000] {logging_mixin.py:154} INFO - [2023-12-18T14:31:50.345+0000] {dag.py:3722} INFO - Setting next_dagrun for example_xcom to 2021-01-01T00:00:00+00:00, run_after=2021-01-01T00:00:00+00:00
[2023-12-18T14:31:50.357+0000] {processor.py:179} INFO - Processing /home/airflow/.local/lib/python3.8/site-packages/airflow/example_dags/example_xcom.py took 0.047 seconds
[2023-12-18T14:32:20.442+0000] {processor.py:157} INFO - Started process (PID=985) to work on /home/airflow/.local/lib/python3.8/site-packages/airflow/example_dags/example_xcom.py
[2023-12-18T14:32:20.450+0000] {processor.py:829} INFO - Processing file /home/airflow/.local/lib/python3.8/site-packages/airflow/example_dags/example_xcom.py for tasks to queue
[2023-12-18T14:32:20.451+0000] {logging_mixin.py:154} INFO - [2023-12-18T14:32:20.451+0000] {dagbag.py:536} INFO - Filling up the DagBag from /home/airflow/.local/lib/python3.8/site-packages/airflow/example_dags/example_xcom.py
[2023-12-18T14:32:20.455+0000] {processor.py:839} INFO - DAG(s) dict_keys(['example_xcom']) retrieved from /home/airflow/.local/lib/python3.8/site-packages/airflow/example_dags/example_xcom.py
[2023-12-18T14:32:20.470+0000] {logging_mixin.py:154} INFO - [2023-12-18T14:32:20.469+0000] {dag.py:2941} INFO - Sync 1 DAGs
[2023-12-18T14:32:20.483+0000] {logging_mixin.py:154} INFO - [2023-12-18T14:32:20.483+0000] {dag.py:3722} INFO - Setting next_dagrun for example_xcom to 2021-01-01T00:00:00+00:00, run_after=2021-01-01T00:00:00+00:00
[2023-12-18T14:32:20.493+0000] {processor.py:179} INFO - Processing /home/airflow/.local/lib/python3.8/site-packages/airflow/example_dags/example_xcom.py took 0.053 seconds
[2023-12-18T14:32:51.277+0000] {processor.py:157} INFO - Started process (PID=1053) to work on /home/airflow/.local/lib/python3.8/site-packages/airflow/example_dags/example_xcom.py
[2023-12-18T14:32:51.278+0000] {processor.py:829} INFO - Processing file /home/airflow/.local/lib/python3.8/site-packages/airflow/example_dags/example_xcom.py for tasks to queue
[2023-12-18T14:32:51.279+0000] {logging_mixin.py:154} INFO - [2023-12-18T14:32:51.279+0000] {dagbag.py:536} INFO - Filling up the DagBag from /home/airflow/.local/lib/python3.8/site-packages/airflow/example_dags/example_xcom.py
[2023-12-18T14:32:51.284+0000] {processor.py:839} INFO - DAG(s) dict_keys(['example_xcom']) retrieved from /home/airflow/.local/lib/python3.8/site-packages/airflow/example_dags/example_xcom.py
[2023-12-18T14:32:51.299+0000] {logging_mixin.py:154} INFO - [2023-12-18T14:32:51.299+0000] {dag.py:2941} INFO - Sync 1 DAGs
[2023-12-18T14:32:51.312+0000] {logging_mixin.py:154} INFO - [2023-12-18T14:32:51.312+0000] {dag.py:3722} INFO - Setting next_dagrun for example_xcom to 2021-01-01T00:00:00+00:00, run_after=2021-01-01T00:00:00+00:00
[2023-12-18T14:32:51.323+0000] {processor.py:179} INFO - Processing /home/airflow/.local/lib/python3.8/site-packages/airflow/example_dags/example_xcom.py took 0.048 seconds
[2023-12-18T14:33:21.991+0000] {processor.py:157} INFO - Started process (PID=1122) to work on /home/airflow/.local/lib/python3.8/site-packages/airflow/example_dags/example_xcom.py
[2023-12-18T14:33:21.992+0000] {processor.py:829} INFO - Processing file /home/airflow/.local/lib/python3.8/site-packages/airflow/example_dags/example_xcom.py for tasks to queue
[2023-12-18T14:33:21.994+0000] {logging_mixin.py:154} INFO - [2023-12-18T14:33:21.993+0000] {dagbag.py:536} INFO - Filling up the DagBag from /home/airflow/.local/lib/python3.8/site-packages/airflow/example_dags/example_xcom.py
[2023-12-18T14:33:21.998+0000] {processor.py:839} INFO - DAG(s) dict_keys(['example_xcom']) retrieved from /home/airflow/.local/lib/python3.8/site-packages/airflow/example_dags/example_xcom.py
[2023-12-18T14:33:22.012+0000] {logging_mixin.py:154} INFO - [2023-12-18T14:33:22.012+0000] {dag.py:2941} INFO - Sync 1 DAGs
[2023-12-18T14:33:22.025+0000] {logging_mixin.py:154} INFO - [2023-12-18T14:33:22.025+0000] {dag.py:3722} INFO - Setting next_dagrun for example_xcom to 2021-01-01T00:00:00+00:00, run_after=2021-01-01T00:00:00+00:00
[2023-12-18T14:33:22.039+0000] {processor.py:179} INFO - Processing /home/airflow/.local/lib/python3.8/site-packages/airflow/example_dags/example_xcom.py took 0.050 seconds
[2023-12-18T14:33:52.868+0000] {processor.py:157} INFO - Started process (PID=1191) to work on /home/airflow/.local/lib/python3.8/site-packages/airflow/example_dags/example_xcom.py
[2023-12-18T14:33:52.869+0000] {processor.py:829} INFO - Processing file /home/airflow/.local/lib/python3.8/site-packages/airflow/example_dags/example_xcom.py for tasks to queue
[2023-12-18T14:33:52.870+0000] {logging_mixin.py:154} INFO - [2023-12-18T14:33:52.870+0000] {dagbag.py:536} INFO - Filling up the DagBag from /home/airflow/.local/lib/python3.8/site-packages/airflow/example_dags/example_xcom.py
[2023-12-18T14:33:52.874+0000] {processor.py:839} INFO - DAG(s) dict_keys(['example_xcom']) retrieved from /home/airflow/.local/lib/python3.8/site-packages/airflow/example_dags/example_xcom.py
[2023-12-18T14:33:52.888+0000] {logging_mixin.py:154} INFO - [2023-12-18T14:33:52.888+0000] {dag.py:2941} INFO - Sync 1 DAGs
[2023-12-18T14:33:52.901+0000] {logging_mixin.py:154} INFO - [2023-12-18T14:33:52.901+0000] {dag.py:3722} INFO - Setting next_dagrun for example_xcom to 2021-01-01T00:00:00+00:00, run_after=2021-01-01T00:00:00+00:00
[2023-12-18T14:33:52.912+0000] {processor.py:179} INFO - Processing /home/airflow/.local/lib/python3.8/site-packages/airflow/example_dags/example_xcom.py took 0.045 seconds
[2023-12-18T14:34:23.074+0000] {processor.py:157} INFO - Started process (PID=1260) to work on /home/airflow/.local/lib/python3.8/site-packages/airflow/example_dags/example_xcom.py
[2023-12-18T14:34:23.076+0000] {processor.py:829} INFO - Processing file /home/airflow/.local/lib/python3.8/site-packages/airflow/example_dags/example_xcom.py for tasks to queue
[2023-12-18T14:34:23.077+0000] {logging_mixin.py:154} INFO - [2023-12-18T14:34:23.077+0000] {dagbag.py:536} INFO - Filling up the DagBag from /home/airflow/.local/lib/python3.8/site-packages/airflow/example_dags/example_xcom.py
[2023-12-18T14:34:23.083+0000] {processor.py:839} INFO - DAG(s) dict_keys(['example_xcom']) retrieved from /home/airflow/.local/lib/python3.8/site-packages/airflow/example_dags/example_xcom.py
[2023-12-18T14:34:23.098+0000] {logging_mixin.py:154} INFO - [2023-12-18T14:34:23.098+0000] {dag.py:2941} INFO - Sync 1 DAGs
[2023-12-18T14:34:23.111+0000] {logging_mixin.py:154} INFO - [2023-12-18T14:34:23.111+0000] {dag.py:3722} INFO - Setting next_dagrun for example_xcom to 2021-01-01T00:00:00+00:00, run_after=2021-01-01T00:00:00+00:00
[2023-12-18T14:34:23.121+0000] {processor.py:179} INFO - Processing /home/airflow/.local/lib/python3.8/site-packages/airflow/example_dags/example_xcom.py took 0.049 seconds
[2023-12-18T14:34:53.199+0000] {processor.py:157} INFO - Started process (PID=1330) to work on /home/airflow/.local/lib/python3.8/site-packages/airflow/example_dags/example_xcom.py
[2023-12-18T14:34:53.199+0000] {processor.py:829} INFO - Processing file /home/airflow/.local/lib/python3.8/site-packages/airflow/example_dags/example_xcom.py for tasks to queue
[2023-12-18T14:34:53.201+0000] {logging_mixin.py:154} INFO - [2023-12-18T14:34:53.201+0000] {dagbag.py:536} INFO - Filling up the DagBag from /home/airflow/.local/lib/python3.8/site-packages/airflow/example_dags/example_xcom.py
[2023-12-18T14:34:53.206+0000] {processor.py:839} INFO - DAG(s) dict_keys(['example_xcom']) retrieved from /home/airflow/.local/lib/python3.8/site-packages/airflow/example_dags/example_xcom.py
[2023-12-18T14:34:53.220+0000] {logging_mixin.py:154} INFO - [2023-12-18T14:34:53.219+0000] {dag.py:2941} INFO - Sync 1 DAGs
[2023-12-18T14:34:53.232+0000] {logging_mixin.py:154} INFO - [2023-12-18T14:34:53.232+0000] {dag.py:3722} INFO - Setting next_dagrun for example_xcom to 2021-01-01T00:00:00+00:00, run_after=2021-01-01T00:00:00+00:00
[2023-12-18T14:34:53.242+0000] {processor.py:179} INFO - Processing /home/airflow/.local/lib/python3.8/site-packages/airflow/example_dags/example_xcom.py took 0.047 seconds
[2023-12-18T14:35:23.288+0000] {processor.py:157} INFO - Started process (PID=1399) to work on /home/airflow/.local/lib/python3.8/site-packages/airflow/example_dags/example_xcom.py
[2023-12-18T14:35:23.289+0000] {processor.py:829} INFO - Processing file /home/airflow/.local/lib/python3.8/site-packages/airflow/example_dags/example_xcom.py for tasks to queue
[2023-12-18T14:35:23.291+0000] {logging_mixin.py:154} INFO - [2023-12-18T14:35:23.290+0000] {dagbag.py:536} INFO - Filling up the DagBag from /home/airflow/.local/lib/python3.8/site-packages/airflow/example_dags/example_xcom.py
[2023-12-18T14:35:23.296+0000] {processor.py:839} INFO - DAG(s) dict_keys(['example_xcom']) retrieved from /home/airflow/.local/lib/python3.8/site-packages/airflow/example_dags/example_xcom.py
[2023-12-18T14:35:23.312+0000] {logging_mixin.py:154} INFO - [2023-12-18T14:35:23.312+0000] {dag.py:2941} INFO - Sync 1 DAGs
[2023-12-18T14:35:23.329+0000] {logging_mixin.py:154} INFO - [2023-12-18T14:35:23.329+0000] {dag.py:3722} INFO - Setting next_dagrun for example_xcom to 2021-01-01T00:00:00+00:00, run_after=2021-01-01T00:00:00+00:00
[2023-12-18T14:35:23.341+0000] {processor.py:179} INFO - Processing /home/airflow/.local/lib/python3.8/site-packages/airflow/example_dags/example_xcom.py took 0.057 seconds
[2023-12-18T14:35:53.377+0000] {processor.py:157} INFO - Started process (PID=1467) to work on /home/airflow/.local/lib/python3.8/site-packages/airflow/example_dags/example_xcom.py
[2023-12-18T14:35:53.378+0000] {processor.py:829} INFO - Processing file /home/airflow/.local/lib/python3.8/site-packages/airflow/example_dags/example_xcom.py for tasks to queue
[2023-12-18T14:35:53.380+0000] {logging_mixin.py:154} INFO - [2023-12-18T14:35:53.380+0000] {dagbag.py:536} INFO - Filling up the DagBag from /home/airflow/.local/lib/python3.8/site-packages/airflow/example_dags/example_xcom.py
[2023-12-18T14:35:53.390+0000] {processor.py:839} INFO - DAG(s) dict_keys(['example_xcom']) retrieved from /home/airflow/.local/lib/python3.8/site-packages/airflow/example_dags/example_xcom.py
[2023-12-18T14:35:53.403+0000] {logging_mixin.py:154} INFO - [2023-12-18T14:35:53.403+0000] {dag.py:2941} INFO - Sync 1 DAGs
[2023-12-18T14:35:53.416+0000] {logging_mixin.py:154} INFO - [2023-12-18T14:35:53.416+0000] {dag.py:3722} INFO - Setting next_dagrun for example_xcom to 2021-01-01T00:00:00+00:00, run_after=2021-01-01T00:00:00+00:00
[2023-12-18T14:35:53.426+0000] {processor.py:179} INFO - Processing /home/airflow/.local/lib/python3.8/site-packages/airflow/example_dags/example_xcom.py took 0.054 seconds
[2023-12-18T14:36:23.533+0000] {processor.py:157} INFO - Started process (PID=1536) to work on /home/airflow/.local/lib/python3.8/site-packages/airflow/example_dags/example_xcom.py
[2023-12-18T14:36:23.534+0000] {processor.py:829} INFO - Processing file /home/airflow/.local/lib/python3.8/site-packages/airflow/example_dags/example_xcom.py for tasks to queue
[2023-12-18T14:36:23.535+0000] {logging_mixin.py:154} INFO - [2023-12-18T14:36:23.535+0000] {dagbag.py:536} INFO - Filling up the DagBag from /home/airflow/.local/lib/python3.8/site-packages/airflow/example_dags/example_xcom.py
[2023-12-18T14:36:23.542+0000] {processor.py:839} INFO - DAG(s) dict_keys(['example_xcom']) retrieved from /home/airflow/.local/lib/python3.8/site-packages/airflow/example_dags/example_xcom.py
[2023-12-18T14:36:23.554+0000] {logging_mixin.py:154} INFO - [2023-12-18T14:36:23.554+0000] {dag.py:2941} INFO - Sync 1 DAGs
[2023-12-18T14:36:23.567+0000] {logging_mixin.py:154} INFO - [2023-12-18T14:36:23.567+0000] {dag.py:3722} INFO - Setting next_dagrun for example_xcom to 2021-01-01T00:00:00+00:00, run_after=2021-01-01T00:00:00+00:00
[2023-12-18T14:36:23.578+0000] {processor.py:179} INFO - Processing /home/airflow/.local/lib/python3.8/site-packages/airflow/example_dags/example_xcom.py took 0.050 seconds
[2023-12-18T14:36:53.728+0000] {processor.py:157} INFO - Started process (PID=1605) to work on /home/airflow/.local/lib/python3.8/site-packages/airflow/example_dags/example_xcom.py
[2023-12-18T14:36:53.729+0000] {processor.py:829} INFO - Processing file /home/airflow/.local/lib/python3.8/site-packages/airflow/example_dags/example_xcom.py for tasks to queue
[2023-12-18T14:36:53.730+0000] {logging_mixin.py:154} INFO - [2023-12-18T14:36:53.730+0000] {dagbag.py:536} INFO - Filling up the DagBag from /home/airflow/.local/lib/python3.8/site-packages/airflow/example_dags/example_xcom.py
[2023-12-18T14:36:53.734+0000] {processor.py:839} INFO - DAG(s) dict_keys(['example_xcom']) retrieved from /home/airflow/.local/lib/python3.8/site-packages/airflow/example_dags/example_xcom.py
[2023-12-18T14:36:53.747+0000] {logging_mixin.py:154} INFO - [2023-12-18T14:36:53.747+0000] {dag.py:2941} INFO - Sync 1 DAGs
[2023-12-18T14:36:53.760+0000] {logging_mixin.py:154} INFO - [2023-12-18T14:36:53.759+0000] {dag.py:3722} INFO - Setting next_dagrun for example_xcom to 2021-01-01T00:00:00+00:00, run_after=2021-01-01T00:00:00+00:00
[2023-12-18T14:36:53.770+0000] {processor.py:179} INFO - Processing /home/airflow/.local/lib/python3.8/site-packages/airflow/example_dags/example_xcom.py took 0.045 seconds
[2023-12-18T14:37:24.669+0000] {processor.py:157} INFO - Started process (PID=1674) to work on /home/airflow/.local/lib/python3.8/site-packages/airflow/example_dags/example_xcom.py
[2023-12-18T14:37:24.670+0000] {processor.py:829} INFO - Processing file /home/airflow/.local/lib/python3.8/site-packages/airflow/example_dags/example_xcom.py for tasks to queue
[2023-12-18T14:37:24.672+0000] {logging_mixin.py:154} INFO - [2023-12-18T14:37:24.671+0000] {dagbag.py:536} INFO - Filling up the DagBag from /home/airflow/.local/lib/python3.8/site-packages/airflow/example_dags/example_xcom.py
[2023-12-18T14:37:24.677+0000] {processor.py:839} INFO - DAG(s) dict_keys(['example_xcom']) retrieved from /home/airflow/.local/lib/python3.8/site-packages/airflow/example_dags/example_xcom.py
[2023-12-18T14:37:24.691+0000] {logging_mixin.py:154} INFO - [2023-12-18T14:37:24.691+0000] {dag.py:2941} INFO - Sync 1 DAGs
[2023-12-18T14:37:24.704+0000] {logging_mixin.py:154} INFO - [2023-12-18T14:37:24.703+0000] {dag.py:3722} INFO - Setting next_dagrun for example_xcom to 2021-01-01T00:00:00+00:00, run_after=2021-01-01T00:00:00+00:00
[2023-12-18T14:37:24.714+0000] {processor.py:179} INFO - Processing /home/airflow/.local/lib/python3.8/site-packages/airflow/example_dags/example_xcom.py took 0.049 seconds
[2023-12-18T14:37:55.380+0000] {processor.py:157} INFO - Started process (PID=1743) to work on /home/airflow/.local/lib/python3.8/site-packages/airflow/example_dags/example_xcom.py
[2023-12-18T14:37:55.381+0000] {processor.py:829} INFO - Processing file /home/airflow/.local/lib/python3.8/site-packages/airflow/example_dags/example_xcom.py for tasks to queue
[2023-12-18T14:37:55.385+0000] {logging_mixin.py:154} INFO - [2023-12-18T14:37:55.384+0000] {dagbag.py:536} INFO - Filling up the DagBag from /home/airflow/.local/lib/python3.8/site-packages/airflow/example_dags/example_xcom.py
[2023-12-18T14:37:55.393+0000] {processor.py:839} INFO - DAG(s) dict_keys(['example_xcom']) retrieved from /home/airflow/.local/lib/python3.8/site-packages/airflow/example_dags/example_xcom.py
[2023-12-18T14:37:55.413+0000] {logging_mixin.py:154} INFO - [2023-12-18T14:37:55.412+0000] {dag.py:2941} INFO - Sync 1 DAGs
[2023-12-18T14:37:55.432+0000] {logging_mixin.py:154} INFO - [2023-12-18T14:37:55.432+0000] {dag.py:3722} INFO - Setting next_dagrun for example_xcom to 2021-01-01T00:00:00+00:00, run_after=2021-01-01T00:00:00+00:00
[2023-12-18T14:37:55.444+0000] {processor.py:179} INFO - Processing /home/airflow/.local/lib/python3.8/site-packages/airflow/example_dags/example_xcom.py took 0.069 seconds
[2023-12-18T14:38:26.157+0000] {processor.py:157} INFO - Started process (PID=1812) to work on /home/airflow/.local/lib/python3.8/site-packages/airflow/example_dags/example_xcom.py
[2023-12-18T14:38:26.158+0000] {processor.py:829} INFO - Processing file /home/airflow/.local/lib/python3.8/site-packages/airflow/example_dags/example_xcom.py for tasks to queue
[2023-12-18T14:38:26.159+0000] {logging_mixin.py:154} INFO - [2023-12-18T14:38:26.159+0000] {dagbag.py:536} INFO - Filling up the DagBag from /home/airflow/.local/lib/python3.8/site-packages/airflow/example_dags/example_xcom.py
[2023-12-18T14:38:26.163+0000] {processor.py:839} INFO - DAG(s) dict_keys(['example_xcom']) retrieved from /home/airflow/.local/lib/python3.8/site-packages/airflow/example_dags/example_xcom.py
[2023-12-18T14:38:26.176+0000] {logging_mixin.py:154} INFO - [2023-12-18T14:38:26.176+0000] {dag.py:2941} INFO - Sync 1 DAGs
[2023-12-18T14:38:26.189+0000] {logging_mixin.py:154} INFO - [2023-12-18T14:38:26.189+0000] {dag.py:3722} INFO - Setting next_dagrun for example_xcom to 2021-01-01T00:00:00+00:00, run_after=2021-01-01T00:00:00+00:00
[2023-12-18T14:38:26.200+0000] {processor.py:179} INFO - Processing /home/airflow/.local/lib/python3.8/site-packages/airflow/example_dags/example_xcom.py took 0.044 seconds
[2023-12-18T14:38:56.974+0000] {processor.py:157} INFO - Started process (PID=1881) to work on /home/airflow/.local/lib/python3.8/site-packages/airflow/example_dags/example_xcom.py
[2023-12-18T14:38:56.975+0000] {processor.py:829} INFO - Processing file /home/airflow/.local/lib/python3.8/site-packages/airflow/example_dags/example_xcom.py for tasks to queue
[2023-12-18T14:38:56.977+0000] {logging_mixin.py:154} INFO - [2023-12-18T14:38:56.976+0000] {dagbag.py:536} INFO - Filling up the DagBag from /home/airflow/.local/lib/python3.8/site-packages/airflow/example_dags/example_xcom.py
[2023-12-18T14:38:56.982+0000] {processor.py:839} INFO - DAG(s) dict_keys(['example_xcom']) retrieved from /home/airflow/.local/lib/python3.8/site-packages/airflow/example_dags/example_xcom.py
[2023-12-18T14:38:56.995+0000] {logging_mixin.py:154} INFO - [2023-12-18T14:38:56.995+0000] {dag.py:2941} INFO - Sync 1 DAGs
[2023-12-18T14:38:57.009+0000] {logging_mixin.py:154} INFO - [2023-12-18T14:38:57.009+0000] {dag.py:3722} INFO - Setting next_dagrun for example_xcom to 2021-01-01T00:00:00+00:00, run_after=2021-01-01T00:00:00+00:00
[2023-12-18T14:38:57.020+0000] {processor.py:179} INFO - Processing /home/airflow/.local/lib/python3.8/site-packages/airflow/example_dags/example_xcom.py took 0.050 seconds
[2023-12-18T14:39:56.673+0000] {processor.py:157} INFO - Started process (PID=81) to work on /home/airflow/.local/lib/python3.8/site-packages/airflow/example_dags/example_xcom.py
[2023-12-18T14:39:56.674+0000] {processor.py:829} INFO - Processing file /home/airflow/.local/lib/python3.8/site-packages/airflow/example_dags/example_xcom.py for tasks to queue
[2023-12-18T14:39:56.676+0000] {logging_mixin.py:154} INFO - [2023-12-18T14:39:56.676+0000] {dagbag.py:536} INFO - Filling up the DagBag from /home/airflow/.local/lib/python3.8/site-packages/airflow/example_dags/example_xcom.py
[2023-12-18T14:39:56.683+0000] {processor.py:839} INFO - DAG(s) dict_keys(['example_xcom']) retrieved from /home/airflow/.local/lib/python3.8/site-packages/airflow/example_dags/example_xcom.py
[2023-12-18T14:39:56.710+0000] {logging_mixin.py:154} INFO - [2023-12-18T14:39:56.710+0000] {dag.py:2941} INFO - Sync 1 DAGs
[2023-12-18T14:39:56.767+0000] {logging_mixin.py:154} INFO - [2023-12-18T14:39:56.766+0000] {dag.py:3722} INFO - Setting next_dagrun for example_xcom to 2021-01-01T00:00:00+00:00, run_after=2021-01-01T00:00:00+00:00
[2023-12-18T14:39:56.792+0000] {processor.py:179} INFO - Processing /home/airflow/.local/lib/python3.8/site-packages/airflow/example_dags/example_xcom.py took 0.122 seconds
[2023-12-18T14:40:27.310+0000] {processor.py:157} INFO - Started process (PID=150) to work on /home/airflow/.local/lib/python3.8/site-packages/airflow/example_dags/example_xcom.py
[2023-12-18T14:40:27.311+0000] {processor.py:829} INFO - Processing file /home/airflow/.local/lib/python3.8/site-packages/airflow/example_dags/example_xcom.py for tasks to queue
[2023-12-18T14:40:27.312+0000] {logging_mixin.py:154} INFO - [2023-12-18T14:40:27.312+0000] {dagbag.py:536} INFO - Filling up the DagBag from /home/airflow/.local/lib/python3.8/site-packages/airflow/example_dags/example_xcom.py
[2023-12-18T14:40:27.316+0000] {processor.py:839} INFO - DAG(s) dict_keys(['example_xcom']) retrieved from /home/airflow/.local/lib/python3.8/site-packages/airflow/example_dags/example_xcom.py
[2023-12-18T14:40:27.330+0000] {logging_mixin.py:154} INFO - [2023-12-18T14:40:27.330+0000] {dag.py:2941} INFO - Sync 1 DAGs
[2023-12-18T14:40:27.345+0000] {logging_mixin.py:154} INFO - [2023-12-18T14:40:27.345+0000] {dag.py:3722} INFO - Setting next_dagrun for example_xcom to 2021-01-01T00:00:00+00:00, run_after=2021-01-01T00:00:00+00:00
[2023-12-18T14:40:27.358+0000] {processor.py:179} INFO - Processing /home/airflow/.local/lib/python3.8/site-packages/airflow/example_dags/example_xcom.py took 0.050 seconds
[2023-12-18T14:40:58.313+0000] {processor.py:157} INFO - Started process (PID=219) to work on /home/airflow/.local/lib/python3.8/site-packages/airflow/example_dags/example_xcom.py
[2023-12-18T14:40:58.314+0000] {processor.py:829} INFO - Processing file /home/airflow/.local/lib/python3.8/site-packages/airflow/example_dags/example_xcom.py for tasks to queue
[2023-12-18T14:40:58.315+0000] {logging_mixin.py:154} INFO - [2023-12-18T14:40:58.315+0000] {dagbag.py:536} INFO - Filling up the DagBag from /home/airflow/.local/lib/python3.8/site-packages/airflow/example_dags/example_xcom.py
[2023-12-18T14:40:58.319+0000] {processor.py:839} INFO - DAG(s) dict_keys(['example_xcom']) retrieved from /home/airflow/.local/lib/python3.8/site-packages/airflow/example_dags/example_xcom.py
[2023-12-18T14:40:58.331+0000] {logging_mixin.py:154} INFO - [2023-12-18T14:40:58.331+0000] {dag.py:2941} INFO - Sync 1 DAGs
[2023-12-18T14:40:58.344+0000] {logging_mixin.py:154} INFO - [2023-12-18T14:40:58.344+0000] {dag.py:3722} INFO - Setting next_dagrun for example_xcom to 2021-01-01T00:00:00+00:00, run_after=2021-01-01T00:00:00+00:00
[2023-12-18T14:40:58.354+0000] {processor.py:179} INFO - Processing /home/airflow/.local/lib/python3.8/site-packages/airflow/example_dags/example_xcom.py took 0.043 seconds
[2023-12-18T14:41:29.109+0000] {processor.py:157} INFO - Started process (PID=288) to work on /home/airflow/.local/lib/python3.8/site-packages/airflow/example_dags/example_xcom.py
[2023-12-18T14:41:29.110+0000] {processor.py:829} INFO - Processing file /home/airflow/.local/lib/python3.8/site-packages/airflow/example_dags/example_xcom.py for tasks to queue
[2023-12-18T14:41:29.111+0000] {logging_mixin.py:154} INFO - [2023-12-18T14:41:29.111+0000] {dagbag.py:536} INFO - Filling up the DagBag from /home/airflow/.local/lib/python3.8/site-packages/airflow/example_dags/example_xcom.py
[2023-12-18T14:41:29.116+0000] {processor.py:839} INFO - DAG(s) dict_keys(['example_xcom']) retrieved from /home/airflow/.local/lib/python3.8/site-packages/airflow/example_dags/example_xcom.py
[2023-12-18T14:41:29.128+0000] {logging_mixin.py:154} INFO - [2023-12-18T14:41:29.128+0000] {dag.py:2941} INFO - Sync 1 DAGs
[2023-12-18T14:41:29.141+0000] {logging_mixin.py:154} INFO - [2023-12-18T14:41:29.140+0000] {dag.py:3722} INFO - Setting next_dagrun for example_xcom to 2021-01-01T00:00:00+00:00, run_after=2021-01-01T00:00:00+00:00
[2023-12-18T14:41:29.151+0000] {processor.py:179} INFO - Processing /home/airflow/.local/lib/python3.8/site-packages/airflow/example_dags/example_xcom.py took 0.043 seconds
[2023-12-18T14:41:59.842+0000] {processor.py:157} INFO - Started process (PID=358) to work on /home/airflow/.local/lib/python3.8/site-packages/airflow/example_dags/example_xcom.py
[2023-12-18T14:41:59.843+0000] {processor.py:829} INFO - Processing file /home/airflow/.local/lib/python3.8/site-packages/airflow/example_dags/example_xcom.py for tasks to queue
[2023-12-18T14:41:59.844+0000] {logging_mixin.py:154} INFO - [2023-12-18T14:41:59.843+0000] {dagbag.py:536} INFO - Filling up the DagBag from /home/airflow/.local/lib/python3.8/site-packages/airflow/example_dags/example_xcom.py
[2023-12-18T14:41:59.847+0000] {processor.py:839} INFO - DAG(s) dict_keys(['example_xcom']) retrieved from /home/airflow/.local/lib/python3.8/site-packages/airflow/example_dags/example_xcom.py
[2023-12-18T14:41:59.860+0000] {logging_mixin.py:154} INFO - [2023-12-18T14:41:59.860+0000] {dag.py:2941} INFO - Sync 1 DAGs
[2023-12-18T14:41:59.884+0000] {logging_mixin.py:154} INFO - [2023-12-18T14:41:59.884+0000] {dag.py:3722} INFO - Setting next_dagrun for example_xcom to 2021-01-01T00:00:00+00:00, run_after=2021-01-01T00:00:00+00:00
[2023-12-18T14:41:59.895+0000] {processor.py:179} INFO - Processing /home/airflow/.local/lib/python3.8/site-packages/airflow/example_dags/example_xcom.py took 0.055 seconds
[2023-12-18T14:42:30.060+0000] {processor.py:157} INFO - Started process (PID=427) to work on /home/airflow/.local/lib/python3.8/site-packages/airflow/example_dags/example_xcom.py
[2023-12-18T14:42:30.061+0000] {processor.py:829} INFO - Processing file /home/airflow/.local/lib/python3.8/site-packages/airflow/example_dags/example_xcom.py for tasks to queue
[2023-12-18T14:42:30.062+0000] {logging_mixin.py:154} INFO - [2023-12-18T14:42:30.062+0000] {dagbag.py:536} INFO - Filling up the DagBag from /home/airflow/.local/lib/python3.8/site-packages/airflow/example_dags/example_xcom.py
[2023-12-18T14:42:30.070+0000] {processor.py:839} INFO - DAG(s) dict_keys(['example_xcom']) retrieved from /home/airflow/.local/lib/python3.8/site-packages/airflow/example_dags/example_xcom.py
[2023-12-18T14:42:30.085+0000] {logging_mixin.py:154} INFO - [2023-12-18T14:42:30.084+0000] {dag.py:2941} INFO - Sync 1 DAGs
[2023-12-18T14:42:30.101+0000] {logging_mixin.py:154} INFO - [2023-12-18T14:42:30.101+0000] {dag.py:3722} INFO - Setting next_dagrun for example_xcom to 2021-01-01T00:00:00+00:00, run_after=2021-01-01T00:00:00+00:00
[2023-12-18T14:42:30.113+0000] {processor.py:179} INFO - Processing /home/airflow/.local/lib/python3.8/site-packages/airflow/example_dags/example_xcom.py took 0.055 seconds
[2023-12-18T14:43:01.083+0000] {processor.py:157} INFO - Started process (PID=496) to work on /home/airflow/.local/lib/python3.8/site-packages/airflow/example_dags/example_xcom.py
[2023-12-18T14:43:01.084+0000] {processor.py:829} INFO - Processing file /home/airflow/.local/lib/python3.8/site-packages/airflow/example_dags/example_xcom.py for tasks to queue
[2023-12-18T14:43:01.085+0000] {logging_mixin.py:154} INFO - [2023-12-18T14:43:01.085+0000] {dagbag.py:536} INFO - Filling up the DagBag from /home/airflow/.local/lib/python3.8/site-packages/airflow/example_dags/example_xcom.py
[2023-12-18T14:43:01.089+0000] {processor.py:839} INFO - DAG(s) dict_keys(['example_xcom']) retrieved from /home/airflow/.local/lib/python3.8/site-packages/airflow/example_dags/example_xcom.py
[2023-12-18T14:43:01.101+0000] {logging_mixin.py:154} INFO - [2023-12-18T14:43:01.101+0000] {dag.py:2941} INFO - Sync 1 DAGs
[2023-12-18T14:43:01.114+0000] {logging_mixin.py:154} INFO - [2023-12-18T14:43:01.114+0000] {dag.py:3722} INFO - Setting next_dagrun for example_xcom to 2021-01-01T00:00:00+00:00, run_after=2021-01-01T00:00:00+00:00
[2023-12-18T14:43:01.126+0000] {processor.py:179} INFO - Processing /home/airflow/.local/lib/python3.8/site-packages/airflow/example_dags/example_xcom.py took 0.057 seconds
[2023-12-18T14:44:37.235+0000] {processor.py:157} INFO - Started process (PID=79) to work on /home/airflow/.local/lib/python3.8/site-packages/airflow/example_dags/example_xcom.py
[2023-12-18T14:44:37.241+0000] {processor.py:829} INFO - Processing file /home/airflow/.local/lib/python3.8/site-packages/airflow/example_dags/example_xcom.py for tasks to queue
[2023-12-18T14:44:37.243+0000] {logging_mixin.py:154} INFO - [2023-12-18T14:44:37.243+0000] {dagbag.py:536} INFO - Filling up the DagBag from /home/airflow/.local/lib/python3.8/site-packages/airflow/example_dags/example_xcom.py
[2023-12-18T14:44:37.250+0000] {processor.py:839} INFO - DAG(s) dict_keys(['example_xcom']) retrieved from /home/airflow/.local/lib/python3.8/site-packages/airflow/example_dags/example_xcom.py
[2023-12-18T14:44:37.261+0000] {logging_mixin.py:154} INFO - [2023-12-18T14:44:37.261+0000] {dag.py:2941} INFO - Sync 1 DAGs
[2023-12-18T14:44:37.286+0000] {logging_mixin.py:154} INFO - [2023-12-18T14:44:37.286+0000] {dag.py:3722} INFO - Setting next_dagrun for example_xcom to 2021-01-01T00:00:00+00:00, run_after=2021-01-01T00:00:00+00:00
[2023-12-18T14:44:37.311+0000] {processor.py:179} INFO - Processing /home/airflow/.local/lib/python3.8/site-packages/airflow/example_dags/example_xcom.py took 0.079 seconds
[2023-12-18T14:45:07.941+0000] {processor.py:157} INFO - Started process (PID=148) to work on /home/airflow/.local/lib/python3.8/site-packages/airflow/example_dags/example_xcom.py
[2023-12-18T14:45:07.942+0000] {processor.py:829} INFO - Processing file /home/airflow/.local/lib/python3.8/site-packages/airflow/example_dags/example_xcom.py for tasks to queue
[2023-12-18T14:45:07.943+0000] {logging_mixin.py:154} INFO - [2023-12-18T14:45:07.943+0000] {dagbag.py:536} INFO - Filling up the DagBag from /home/airflow/.local/lib/python3.8/site-packages/airflow/example_dags/example_xcom.py
[2023-12-18T14:45:07.948+0000] {processor.py:839} INFO - DAG(s) dict_keys(['example_xcom']) retrieved from /home/airflow/.local/lib/python3.8/site-packages/airflow/example_dags/example_xcom.py
[2023-12-18T14:45:07.988+0000] {logging_mixin.py:154} INFO - [2023-12-18T14:45:07.988+0000] {dag.py:2941} INFO - Sync 1 DAGs
[2023-12-18T14:45:08.002+0000] {logging_mixin.py:154} INFO - [2023-12-18T14:45:08.002+0000] {dag.py:3722} INFO - Setting next_dagrun for example_xcom to 2021-01-01T00:00:00+00:00, run_after=2021-01-01T00:00:00+00:00
[2023-12-18T14:45:08.015+0000] {processor.py:179} INFO - Processing /home/airflow/.local/lib/python3.8/site-packages/airflow/example_dags/example_xcom.py took 0.076 seconds
[2023-12-18T14:45:38.084+0000] {processor.py:157} INFO - Started process (PID=217) to work on /home/airflow/.local/lib/python3.8/site-packages/airflow/example_dags/example_xcom.py
[2023-12-18T14:45:38.085+0000] {processor.py:829} INFO - Processing file /home/airflow/.local/lib/python3.8/site-packages/airflow/example_dags/example_xcom.py for tasks to queue
[2023-12-18T14:45:38.086+0000] {logging_mixin.py:154} INFO - [2023-12-18T14:45:38.086+0000] {dagbag.py:536} INFO - Filling up the DagBag from /home/airflow/.local/lib/python3.8/site-packages/airflow/example_dags/example_xcom.py
[2023-12-18T14:45:38.091+0000] {processor.py:839} INFO - DAG(s) dict_keys(['example_xcom']) retrieved from /home/airflow/.local/lib/python3.8/site-packages/airflow/example_dags/example_xcom.py
[2023-12-18T14:45:38.108+0000] {logging_mixin.py:154} INFO - [2023-12-18T14:45:38.108+0000] {dag.py:2941} INFO - Sync 1 DAGs
[2023-12-18T14:45:38.126+0000] {logging_mixin.py:154} INFO - [2023-12-18T14:45:38.126+0000] {dag.py:3722} INFO - Setting next_dagrun for example_xcom to 2021-01-01T00:00:00+00:00, run_after=2021-01-01T00:00:00+00:00
[2023-12-18T14:45:38.145+0000] {processor.py:179} INFO - Processing /home/airflow/.local/lib/python3.8/site-packages/airflow/example_dags/example_xcom.py took 0.063 seconds
[2023-12-18T14:46:09.103+0000] {processor.py:157} INFO - Started process (PID=286) to work on /home/airflow/.local/lib/python3.8/site-packages/airflow/example_dags/example_xcom.py
[2023-12-18T14:46:09.103+0000] {processor.py:829} INFO - Processing file /home/airflow/.local/lib/python3.8/site-packages/airflow/example_dags/example_xcom.py for tasks to queue
[2023-12-18T14:46:09.105+0000] {logging_mixin.py:154} INFO - [2023-12-18T14:46:09.105+0000] {dagbag.py:536} INFO - Filling up the DagBag from /home/airflow/.local/lib/python3.8/site-packages/airflow/example_dags/example_xcom.py
[2023-12-18T14:46:09.110+0000] {processor.py:839} INFO - DAG(s) dict_keys(['example_xcom']) retrieved from /home/airflow/.local/lib/python3.8/site-packages/airflow/example_dags/example_xcom.py
[2023-12-18T14:46:09.125+0000] {logging_mixin.py:154} INFO - [2023-12-18T14:46:09.125+0000] {dag.py:2941} INFO - Sync 1 DAGs
[2023-12-18T14:46:09.139+0000] {logging_mixin.py:154} INFO - [2023-12-18T14:46:09.138+0000] {dag.py:3722} INFO - Setting next_dagrun for example_xcom to 2021-01-01T00:00:00+00:00, run_after=2021-01-01T00:00:00+00:00
[2023-12-18T14:46:09.149+0000] {processor.py:179} INFO - Processing /home/airflow/.local/lib/python3.8/site-packages/airflow/example_dags/example_xcom.py took 0.049 seconds
[2023-12-18T14:46:39.861+0000] {processor.py:157} INFO - Started process (PID=355) to work on /home/airflow/.local/lib/python3.8/site-packages/airflow/example_dags/example_xcom.py
[2023-12-18T14:46:39.862+0000] {processor.py:829} INFO - Processing file /home/airflow/.local/lib/python3.8/site-packages/airflow/example_dags/example_xcom.py for tasks to queue
[2023-12-18T14:46:39.863+0000] {logging_mixin.py:154} INFO - [2023-12-18T14:46:39.863+0000] {dagbag.py:536} INFO - Filling up the DagBag from /home/airflow/.local/lib/python3.8/site-packages/airflow/example_dags/example_xcom.py
[2023-12-18T14:46:39.884+0000] {processor.py:839} INFO - DAG(s) dict_keys(['example_xcom']) retrieved from /home/airflow/.local/lib/python3.8/site-packages/airflow/example_dags/example_xcom.py
[2023-12-18T14:46:39.897+0000] {logging_mixin.py:154} INFO - [2023-12-18T14:46:39.897+0000] {dag.py:2941} INFO - Sync 1 DAGs
[2023-12-18T14:46:39.910+0000] {logging_mixin.py:154} INFO - [2023-12-18T14:46:39.910+0000] {dag.py:3722} INFO - Setting next_dagrun for example_xcom to 2021-01-01T00:00:00+00:00, run_after=2021-01-01T00:00:00+00:00
[2023-12-18T14:46:39.922+0000] {processor.py:179} INFO - Processing /home/airflow/.local/lib/python3.8/site-packages/airflow/example_dags/example_xcom.py took 0.063 seconds
[2023-12-18T14:47:10.841+0000] {processor.py:157} INFO - Started process (PID=424) to work on /home/airflow/.local/lib/python3.8/site-packages/airflow/example_dags/example_xcom.py
[2023-12-18T14:47:10.842+0000] {processor.py:829} INFO - Processing file /home/airflow/.local/lib/python3.8/site-packages/airflow/example_dags/example_xcom.py for tasks to queue
[2023-12-18T14:47:10.843+0000] {logging_mixin.py:154} INFO - [2023-12-18T14:47:10.843+0000] {dagbag.py:536} INFO - Filling up the DagBag from /home/airflow/.local/lib/python3.8/site-packages/airflow/example_dags/example_xcom.py
[2023-12-18T14:47:10.847+0000] {processor.py:839} INFO - DAG(s) dict_keys(['example_xcom']) retrieved from /home/airflow/.local/lib/python3.8/site-packages/airflow/example_dags/example_xcom.py
[2023-12-18T14:47:10.859+0000] {logging_mixin.py:154} INFO - [2023-12-18T14:47:10.859+0000] {dag.py:2941} INFO - Sync 1 DAGs
[2023-12-18T14:47:10.900+0000] {logging_mixin.py:154} INFO - [2023-12-18T14:47:10.900+0000] {dag.py:3722} INFO - Setting next_dagrun for example_xcom to 2021-01-01T00:00:00+00:00, run_after=2021-01-01T00:00:00+00:00
[2023-12-18T14:47:10.916+0000] {processor.py:179} INFO - Processing /home/airflow/.local/lib/python3.8/site-packages/airflow/example_dags/example_xcom.py took 0.077 seconds
[2023-12-18T14:47:41.086+0000] {processor.py:157} INFO - Started process (PID=493) to work on /home/airflow/.local/lib/python3.8/site-packages/airflow/example_dags/example_xcom.py
[2023-12-18T14:47:41.086+0000] {processor.py:829} INFO - Processing file /home/airflow/.local/lib/python3.8/site-packages/airflow/example_dags/example_xcom.py for tasks to queue
[2023-12-18T14:47:41.088+0000] {logging_mixin.py:154} INFO - [2023-12-18T14:47:41.088+0000] {dagbag.py:536} INFO - Filling up the DagBag from /home/airflow/.local/lib/python3.8/site-packages/airflow/example_dags/example_xcom.py
[2023-12-18T14:47:41.095+0000] {processor.py:839} INFO - DAG(s) dict_keys(['example_xcom']) retrieved from /home/airflow/.local/lib/python3.8/site-packages/airflow/example_dags/example_xcom.py
[2023-12-18T14:47:41.111+0000] {logging_mixin.py:154} INFO - [2023-12-18T14:47:41.111+0000] {dag.py:2941} INFO - Sync 1 DAGs
[2023-12-18T14:47:41.124+0000] {logging_mixin.py:154} INFO - [2023-12-18T14:47:41.124+0000] {dag.py:3722} INFO - Setting next_dagrun for example_xcom to 2021-01-01T00:00:00+00:00, run_after=2021-01-01T00:00:00+00:00
[2023-12-18T14:47:41.134+0000] {processor.py:179} INFO - Processing /home/airflow/.local/lib/python3.8/site-packages/airflow/example_dags/example_xcom.py took 0.051 seconds
[2023-12-18T14:48:11.274+0000] {processor.py:157} INFO - Started process (PID=563) to work on /home/airflow/.local/lib/python3.8/site-packages/airflow/example_dags/example_xcom.py
[2023-12-18T14:48:11.274+0000] {processor.py:829} INFO - Processing file /home/airflow/.local/lib/python3.8/site-packages/airflow/example_dags/example_xcom.py for tasks to queue
[2023-12-18T14:48:11.276+0000] {logging_mixin.py:154} INFO - [2023-12-18T14:48:11.275+0000] {dagbag.py:536} INFO - Filling up the DagBag from /home/airflow/.local/lib/python3.8/site-packages/airflow/example_dags/example_xcom.py
[2023-12-18T14:48:11.281+0000] {processor.py:839} INFO - DAG(s) dict_keys(['example_xcom']) retrieved from /home/airflow/.local/lib/python3.8/site-packages/airflow/example_dags/example_xcom.py
[2023-12-18T14:48:11.300+0000] {logging_mixin.py:154} INFO - [2023-12-18T14:48:11.300+0000] {dag.py:2941} INFO - Sync 1 DAGs
[2023-12-18T14:48:11.315+0000] {logging_mixin.py:154} INFO - [2023-12-18T14:48:11.315+0000] {dag.py:3722} INFO - Setting next_dagrun for example_xcom to 2021-01-01T00:00:00+00:00, run_after=2021-01-01T00:00:00+00:00
[2023-12-18T14:48:11.327+0000] {processor.py:179} INFO - Processing /home/airflow/.local/lib/python3.8/site-packages/airflow/example_dags/example_xcom.py took 0.057 seconds
[2023-12-18T14:48:42.188+0000] {processor.py:157} INFO - Started process (PID=633) to work on /home/airflow/.local/lib/python3.8/site-packages/airflow/example_dags/example_xcom.py
[2023-12-18T14:48:42.188+0000] {processor.py:829} INFO - Processing file /home/airflow/.local/lib/python3.8/site-packages/airflow/example_dags/example_xcom.py for tasks to queue
[2023-12-18T14:48:42.189+0000] {logging_mixin.py:154} INFO - [2023-12-18T14:48:42.189+0000] {dagbag.py:536} INFO - Filling up the DagBag from /home/airflow/.local/lib/python3.8/site-packages/airflow/example_dags/example_xcom.py
[2023-12-18T14:48:42.194+0000] {processor.py:839} INFO - DAG(s) dict_keys(['example_xcom']) retrieved from /home/airflow/.local/lib/python3.8/site-packages/airflow/example_dags/example_xcom.py
[2023-12-18T14:48:42.209+0000] {logging_mixin.py:154} INFO - [2023-12-18T14:48:42.209+0000] {dag.py:2941} INFO - Sync 1 DAGs
[2023-12-18T14:48:42.223+0000] {logging_mixin.py:154} INFO - [2023-12-18T14:48:42.223+0000] {dag.py:3722} INFO - Setting next_dagrun for example_xcom to 2021-01-01T00:00:00+00:00, run_after=2021-01-01T00:00:00+00:00
[2023-12-18T14:48:42.235+0000] {processor.py:179} INFO - Processing /home/airflow/.local/lib/python3.8/site-packages/airflow/example_dags/example_xcom.py took 0.051 seconds
[2023-12-18T14:52:09.586+0000] {processor.py:157} INFO - Started process (PID=80) to work on /home/airflow/.local/lib/python3.8/site-packages/airflow/example_dags/example_xcom.py
[2023-12-18T14:52:09.587+0000] {processor.py:829} INFO - Processing file /home/airflow/.local/lib/python3.8/site-packages/airflow/example_dags/example_xcom.py for tasks to queue
[2023-12-18T14:52:09.589+0000] {logging_mixin.py:154} INFO - [2023-12-18T14:52:09.589+0000] {dagbag.py:536} INFO - Filling up the DagBag from /home/airflow/.local/lib/python3.8/site-packages/airflow/example_dags/example_xcom.py
[2023-12-18T14:52:09.595+0000] {processor.py:839} INFO - DAG(s) dict_keys(['example_xcom']) retrieved from /home/airflow/.local/lib/python3.8/site-packages/airflow/example_dags/example_xcom.py
[2023-12-18T14:52:09.607+0000] {logging_mixin.py:154} INFO - [2023-12-18T14:52:09.607+0000] {dag.py:2941} INFO - Sync 1 DAGs
[2023-12-18T14:52:09.631+0000] {logging_mixin.py:154} INFO - [2023-12-18T14:52:09.631+0000] {dag.py:3722} INFO - Setting next_dagrun for example_xcom to 2021-01-01T00:00:00+00:00, run_after=2021-01-01T00:00:00+00:00
[2023-12-18T14:52:09.652+0000] {processor.py:179} INFO - Processing /home/airflow/.local/lib/python3.8/site-packages/airflow/example_dags/example_xcom.py took 0.069 seconds
[2023-12-18T14:52:40.197+0000] {processor.py:157} INFO - Started process (PID=149) to work on /home/airflow/.local/lib/python3.8/site-packages/airflow/example_dags/example_xcom.py
[2023-12-18T14:52:40.198+0000] {processor.py:829} INFO - Processing file /home/airflow/.local/lib/python3.8/site-packages/airflow/example_dags/example_xcom.py for tasks to queue
[2023-12-18T14:52:40.200+0000] {logging_mixin.py:154} INFO - [2023-12-18T14:52:40.199+0000] {dagbag.py:536} INFO - Filling up the DagBag from /home/airflow/.local/lib/python3.8/site-packages/airflow/example_dags/example_xcom.py
[2023-12-18T14:52:40.207+0000] {processor.py:839} INFO - DAG(s) dict_keys(['example_xcom']) retrieved from /home/airflow/.local/lib/python3.8/site-packages/airflow/example_dags/example_xcom.py
[2023-12-18T14:52:40.228+0000] {logging_mixin.py:154} INFO - [2023-12-18T14:52:40.228+0000] {dag.py:2941} INFO - Sync 1 DAGs
[2023-12-18T14:52:40.258+0000] {logging_mixin.py:154} INFO - [2023-12-18T14:52:40.258+0000] {dag.py:3722} INFO - Setting next_dagrun for example_xcom to 2021-01-01T00:00:00+00:00, run_after=2021-01-01T00:00:00+00:00
[2023-12-18T14:52:40.289+0000] {processor.py:179} INFO - Processing /home/airflow/.local/lib/python3.8/site-packages/airflow/example_dags/example_xcom.py took 0.095 seconds
[2023-12-18T14:53:10.355+0000] {processor.py:157} INFO - Started process (PID=219) to work on /home/airflow/.local/lib/python3.8/site-packages/airflow/example_dags/example_xcom.py
[2023-12-18T14:53:10.355+0000] {processor.py:829} INFO - Processing file /home/airflow/.local/lib/python3.8/site-packages/airflow/example_dags/example_xcom.py for tasks to queue
[2023-12-18T14:53:10.356+0000] {logging_mixin.py:154} INFO - [2023-12-18T14:53:10.356+0000] {dagbag.py:536} INFO - Filling up the DagBag from /home/airflow/.local/lib/python3.8/site-packages/airflow/example_dags/example_xcom.py
[2023-12-18T14:53:10.360+0000] {processor.py:839} INFO - DAG(s) dict_keys(['example_xcom']) retrieved from /home/airflow/.local/lib/python3.8/site-packages/airflow/example_dags/example_xcom.py
[2023-12-18T14:53:10.373+0000] {logging_mixin.py:154} INFO - [2023-12-18T14:53:10.373+0000] {dag.py:2941} INFO - Sync 1 DAGs
[2023-12-18T14:53:10.384+0000] {logging_mixin.py:154} INFO - [2023-12-18T14:53:10.384+0000] {dag.py:3722} INFO - Setting next_dagrun for example_xcom to 2021-01-01T00:00:00+00:00, run_after=2021-01-01T00:00:00+00:00
[2023-12-18T14:53:10.394+0000] {processor.py:179} INFO - Processing /home/airflow/.local/lib/python3.8/site-packages/airflow/example_dags/example_xcom.py took 0.041 seconds
[2023-12-18T14:53:41.129+0000] {processor.py:157} INFO - Started process (PID=288) to work on /home/airflow/.local/lib/python3.8/site-packages/airflow/example_dags/example_xcom.py
[2023-12-18T14:53:41.129+0000] {processor.py:829} INFO - Processing file /home/airflow/.local/lib/python3.8/site-packages/airflow/example_dags/example_xcom.py for tasks to queue
[2023-12-18T14:53:41.131+0000] {logging_mixin.py:154} INFO - [2023-12-18T14:53:41.130+0000] {dagbag.py:536} INFO - Filling up the DagBag from /home/airflow/.local/lib/python3.8/site-packages/airflow/example_dags/example_xcom.py
[2023-12-18T14:53:41.134+0000] {processor.py:839} INFO - DAG(s) dict_keys(['example_xcom']) retrieved from /home/airflow/.local/lib/python3.8/site-packages/airflow/example_dags/example_xcom.py
[2023-12-18T14:53:41.150+0000] {logging_mixin.py:154} INFO - [2023-12-18T14:53:41.150+0000] {dag.py:2941} INFO - Sync 1 DAGs
[2023-12-18T14:53:41.165+0000] {logging_mixin.py:154} INFO - [2023-12-18T14:53:41.165+0000] {dag.py:3722} INFO - Setting next_dagrun for example_xcom to 2021-01-01T00:00:00+00:00, run_after=2021-01-01T00:00:00+00:00
[2023-12-18T14:53:41.178+0000] {processor.py:179} INFO - Processing /home/airflow/.local/lib/python3.8/site-packages/airflow/example_dags/example_xcom.py took 0.051 seconds
