[2023-12-18T14:25:40.651+0000] {processor.py:157} INFO - Started process (PID=64) to work on /home/airflow/.local/lib/python3.8/site-packages/airflow/example_dags/example_external_task_marker_dag.py
[2023-12-18T14:25:40.652+0000] {processor.py:829} INFO - Processing file /home/airflow/.local/lib/python3.8/site-packages/airflow/example_dags/example_external_task_marker_dag.py for tasks to queue
[2023-12-18T14:25:40.654+0000] {logging_mixin.py:154} INFO - [2023-12-18T14:25:40.653+0000] {dagbag.py:536} INFO - Filling up the DagBag from /home/airflow/.local/lib/python3.8/site-packages/airflow/example_dags/example_external_task_marker_dag.py
[2023-12-18T14:25:40.663+0000] {processor.py:839} INFO - DAG(s) dict_keys(['example_external_task_marker_parent', 'example_external_task_marker_child']) retrieved from /home/airflow/.local/lib/python3.8/site-packages/airflow/example_dags/example_external_task_marker_dag.py
[2023-12-18T14:25:40.674+0000] {logging_mixin.py:154} INFO - [2023-12-18T14:25:40.674+0000] {dag.py:2941} INFO - Sync 2 DAGs
[2023-12-18T14:25:40.686+0000] {logging_mixin.py:154} INFO - [2023-12-18T14:25:40.686+0000] {dag.py:3722} INFO - Setting next_dagrun for example_external_task_marker_child to None, run_after=None
[2023-12-18T14:25:40.690+0000] {logging_mixin.py:154} INFO - [2023-12-18T14:25:40.690+0000] {dag.py:3722} INFO - Setting next_dagrun for example_external_task_marker_parent to None, run_after=None
[2023-12-18T14:25:40.708+0000] {processor.py:179} INFO - Processing /home/airflow/.local/lib/python3.8/site-packages/airflow/example_dags/example_external_task_marker_dag.py took 0.064 seconds
[2023-12-18T14:26:11.358+0000] {processor.py:157} INFO - Started process (PID=133) to work on /home/airflow/.local/lib/python3.8/site-packages/airflow/example_dags/example_external_task_marker_dag.py
[2023-12-18T14:26:11.358+0000] {processor.py:829} INFO - Processing file /home/airflow/.local/lib/python3.8/site-packages/airflow/example_dags/example_external_task_marker_dag.py for tasks to queue
[2023-12-18T14:26:11.360+0000] {logging_mixin.py:154} INFO - [2023-12-18T14:26:11.359+0000] {dagbag.py:536} INFO - Filling up the DagBag from /home/airflow/.local/lib/python3.8/site-packages/airflow/example_dags/example_external_task_marker_dag.py
[2023-12-18T14:26:11.363+0000] {processor.py:839} INFO - DAG(s) dict_keys(['example_external_task_marker_parent', 'example_external_task_marker_child']) retrieved from /home/airflow/.local/lib/python3.8/site-packages/airflow/example_dags/example_external_task_marker_dag.py
[2023-12-18T14:26:11.398+0000] {logging_mixin.py:154} INFO - [2023-12-18T14:26:11.398+0000] {dag.py:2941} INFO - Sync 2 DAGs
[2023-12-18T14:26:11.409+0000] {logging_mixin.py:154} INFO - [2023-12-18T14:26:11.408+0000] {dag.py:3722} INFO - Setting next_dagrun for example_external_task_marker_child to None, run_after=None
[2023-12-18T14:26:11.411+0000] {logging_mixin.py:154} INFO - [2023-12-18T14:26:11.411+0000] {dag.py:3722} INFO - Setting next_dagrun for example_external_task_marker_parent to None, run_after=None
[2023-12-18T14:26:11.422+0000] {processor.py:179} INFO - Processing /home/airflow/.local/lib/python3.8/site-packages/airflow/example_dags/example_external_task_marker_dag.py took 0.066 seconds
[2023-12-18T14:26:41.549+0000] {processor.py:157} INFO - Started process (PID=203) to work on /home/airflow/.local/lib/python3.8/site-packages/airflow/example_dags/example_external_task_marker_dag.py
[2023-12-18T14:26:41.550+0000] {processor.py:829} INFO - Processing file /home/airflow/.local/lib/python3.8/site-packages/airflow/example_dags/example_external_task_marker_dag.py for tasks to queue
[2023-12-18T14:26:41.551+0000] {logging_mixin.py:154} INFO - [2023-12-18T14:26:41.551+0000] {dagbag.py:536} INFO - Filling up the DagBag from /home/airflow/.local/lib/python3.8/site-packages/airflow/example_dags/example_external_task_marker_dag.py
[2023-12-18T14:26:41.554+0000] {processor.py:839} INFO - DAG(s) dict_keys(['example_external_task_marker_child', 'example_external_task_marker_parent']) retrieved from /home/airflow/.local/lib/python3.8/site-packages/airflow/example_dags/example_external_task_marker_dag.py
[2023-12-18T14:26:41.597+0000] {logging_mixin.py:154} INFO - [2023-12-18T14:26:41.597+0000] {dag.py:2941} INFO - Sync 2 DAGs
[2023-12-18T14:26:41.604+0000] {logging_mixin.py:154} INFO - [2023-12-18T14:26:41.604+0000] {dag.py:3722} INFO - Setting next_dagrun for example_external_task_marker_child to None, run_after=None
[2023-12-18T14:26:41.607+0000] {logging_mixin.py:154} INFO - [2023-12-18T14:26:41.606+0000] {dag.py:3722} INFO - Setting next_dagrun for example_external_task_marker_parent to None, run_after=None
[2023-12-18T14:26:41.616+0000] {processor.py:179} INFO - Processing /home/airflow/.local/lib/python3.8/site-packages/airflow/example_dags/example_external_task_marker_dag.py took 0.069 seconds
[2023-12-18T14:27:12.463+0000] {processor.py:157} INFO - Started process (PID=272) to work on /home/airflow/.local/lib/python3.8/site-packages/airflow/example_dags/example_external_task_marker_dag.py
[2023-12-18T14:27:12.464+0000] {processor.py:829} INFO - Processing file /home/airflow/.local/lib/python3.8/site-packages/airflow/example_dags/example_external_task_marker_dag.py for tasks to queue
[2023-12-18T14:27:12.481+0000] {logging_mixin.py:154} INFO - [2023-12-18T14:27:12.481+0000] {dagbag.py:536} INFO - Filling up the DagBag from /home/airflow/.local/lib/python3.8/site-packages/airflow/example_dags/example_external_task_marker_dag.py
[2023-12-18T14:27:12.485+0000] {processor.py:839} INFO - DAG(s) dict_keys(['example_external_task_marker_parent', 'example_external_task_marker_child']) retrieved from /home/airflow/.local/lib/python3.8/site-packages/airflow/example_dags/example_external_task_marker_dag.py
[2023-12-18T14:27:12.500+0000] {logging_mixin.py:154} INFO - [2023-12-18T14:27:12.500+0000] {dag.py:2941} INFO - Sync 2 DAGs
[2023-12-18T14:27:12.508+0000] {logging_mixin.py:154} INFO - [2023-12-18T14:27:12.508+0000] {dag.py:3722} INFO - Setting next_dagrun for example_external_task_marker_child to None, run_after=None
[2023-12-18T14:27:12.510+0000] {logging_mixin.py:154} INFO - [2023-12-18T14:27:12.510+0000] {dag.py:3722} INFO - Setting next_dagrun for example_external_task_marker_parent to None, run_after=None
[2023-12-18T14:27:12.520+0000] {processor.py:179} INFO - Processing /home/airflow/.local/lib/python3.8/site-packages/airflow/example_dags/example_external_task_marker_dag.py took 0.058 seconds
[2023-12-18T14:27:43.310+0000] {processor.py:157} INFO - Started process (PID=341) to work on /home/airflow/.local/lib/python3.8/site-packages/airflow/example_dags/example_external_task_marker_dag.py
[2023-12-18T14:27:43.310+0000] {processor.py:829} INFO - Processing file /home/airflow/.local/lib/python3.8/site-packages/airflow/example_dags/example_external_task_marker_dag.py for tasks to queue
[2023-12-18T14:27:43.312+0000] {logging_mixin.py:154} INFO - [2023-12-18T14:27:43.311+0000] {dagbag.py:536} INFO - Filling up the DagBag from /home/airflow/.local/lib/python3.8/site-packages/airflow/example_dags/example_external_task_marker_dag.py
[2023-12-18T14:27:43.315+0000] {processor.py:839} INFO - DAG(s) dict_keys(['example_external_task_marker_child', 'example_external_task_marker_parent']) retrieved from /home/airflow/.local/lib/python3.8/site-packages/airflow/example_dags/example_external_task_marker_dag.py
[2023-12-18T14:27:43.329+0000] {logging_mixin.py:154} INFO - [2023-12-18T14:27:43.329+0000] {dag.py:2941} INFO - Sync 2 DAGs
[2023-12-18T14:27:43.337+0000] {logging_mixin.py:154} INFO - [2023-12-18T14:27:43.336+0000] {dag.py:3722} INFO - Setting next_dagrun for example_external_task_marker_child to None, run_after=None
[2023-12-18T14:27:43.339+0000] {logging_mixin.py:154} INFO - [2023-12-18T14:27:43.339+0000] {dag.py:3722} INFO - Setting next_dagrun for example_external_task_marker_parent to None, run_after=None
[2023-12-18T14:27:43.349+0000] {processor.py:179} INFO - Processing /home/airflow/.local/lib/python3.8/site-packages/airflow/example_dags/example_external_task_marker_dag.py took 0.041 seconds
[2023-12-18T14:28:13.487+0000] {processor.py:157} INFO - Started process (PID=409) to work on /home/airflow/.local/lib/python3.8/site-packages/airflow/example_dags/example_external_task_marker_dag.py
[2023-12-18T14:28:13.487+0000] {processor.py:829} INFO - Processing file /home/airflow/.local/lib/python3.8/site-packages/airflow/example_dags/example_external_task_marker_dag.py for tasks to queue
[2023-12-18T14:28:13.488+0000] {logging_mixin.py:154} INFO - [2023-12-18T14:28:13.488+0000] {dagbag.py:536} INFO - Filling up the DagBag from /home/airflow/.local/lib/python3.8/site-packages/airflow/example_dags/example_external_task_marker_dag.py
[2023-12-18T14:28:13.492+0000] {processor.py:839} INFO - DAG(s) dict_keys(['example_external_task_marker_child', 'example_external_task_marker_parent']) retrieved from /home/airflow/.local/lib/python3.8/site-packages/airflow/example_dags/example_external_task_marker_dag.py
[2023-12-18T14:28:13.510+0000] {logging_mixin.py:154} INFO - [2023-12-18T14:28:13.509+0000] {dag.py:2941} INFO - Sync 2 DAGs
[2023-12-18T14:28:13.518+0000] {logging_mixin.py:154} INFO - [2023-12-18T14:28:13.518+0000] {dag.py:3722} INFO - Setting next_dagrun for example_external_task_marker_child to None, run_after=None
[2023-12-18T14:28:13.520+0000] {logging_mixin.py:154} INFO - [2023-12-18T14:28:13.520+0000] {dag.py:3722} INFO - Setting next_dagrun for example_external_task_marker_parent to None, run_after=None
[2023-12-18T14:28:13.530+0000] {processor.py:179} INFO - Processing /home/airflow/.local/lib/python3.8/site-packages/airflow/example_dags/example_external_task_marker_dag.py took 0.046 seconds
[2023-12-18T14:28:44.341+0000] {processor.py:157} INFO - Started process (PID=484) to work on /home/airflow/.local/lib/python3.8/site-packages/airflow/example_dags/example_external_task_marker_dag.py
[2023-12-18T14:28:44.342+0000] {processor.py:829} INFO - Processing file /home/airflow/.local/lib/python3.8/site-packages/airflow/example_dags/example_external_task_marker_dag.py for tasks to queue
[2023-12-18T14:28:44.343+0000] {logging_mixin.py:154} INFO - [2023-12-18T14:28:44.343+0000] {dagbag.py:536} INFO - Filling up the DagBag from /home/airflow/.local/lib/python3.8/site-packages/airflow/example_dags/example_external_task_marker_dag.py
[2023-12-18T14:28:44.346+0000] {processor.py:839} INFO - DAG(s) dict_keys(['example_external_task_marker_child', 'example_external_task_marker_parent']) retrieved from /home/airflow/.local/lib/python3.8/site-packages/airflow/example_dags/example_external_task_marker_dag.py
[2023-12-18T14:28:44.362+0000] {logging_mixin.py:154} INFO - [2023-12-18T14:28:44.361+0000] {dag.py:2941} INFO - Sync 2 DAGs
[2023-12-18T14:28:44.369+0000] {logging_mixin.py:154} INFO - [2023-12-18T14:28:44.369+0000] {dag.py:3722} INFO - Setting next_dagrun for example_external_task_marker_child to None, run_after=None
[2023-12-18T14:28:44.382+0000] {logging_mixin.py:154} INFO - [2023-12-18T14:28:44.382+0000] {dag.py:3722} INFO - Setting next_dagrun for example_external_task_marker_parent to None, run_after=None
[2023-12-18T14:28:44.393+0000] {processor.py:179} INFO - Processing /home/airflow/.local/lib/python3.8/site-packages/airflow/example_dags/example_external_task_marker_dag.py took 0.054 seconds
[2023-12-18T14:29:15.191+0000] {processor.py:157} INFO - Started process (PID=554) to work on /home/airflow/.local/lib/python3.8/site-packages/airflow/example_dags/example_external_task_marker_dag.py
[2023-12-18T14:29:15.191+0000] {processor.py:829} INFO - Processing file /home/airflow/.local/lib/python3.8/site-packages/airflow/example_dags/example_external_task_marker_dag.py for tasks to queue
[2023-12-18T14:29:15.193+0000] {logging_mixin.py:154} INFO - [2023-12-18T14:29:15.192+0000] {dagbag.py:536} INFO - Filling up the DagBag from /home/airflow/.local/lib/python3.8/site-packages/airflow/example_dags/example_external_task_marker_dag.py
[2023-12-18T14:29:15.196+0000] {processor.py:839} INFO - DAG(s) dict_keys(['example_external_task_marker_child', 'example_external_task_marker_parent']) retrieved from /home/airflow/.local/lib/python3.8/site-packages/airflow/example_dags/example_external_task_marker_dag.py
[2023-12-18T14:29:15.211+0000] {logging_mixin.py:154} INFO - [2023-12-18T14:29:15.211+0000] {dag.py:2941} INFO - Sync 2 DAGs
[2023-12-18T14:29:15.218+0000] {logging_mixin.py:154} INFO - [2023-12-18T14:29:15.218+0000] {dag.py:3722} INFO - Setting next_dagrun for example_external_task_marker_child to None, run_after=None
[2023-12-18T14:29:15.220+0000] {logging_mixin.py:154} INFO - [2023-12-18T14:29:15.220+0000] {dag.py:3722} INFO - Setting next_dagrun for example_external_task_marker_parent to None, run_after=None
[2023-12-18T14:29:15.229+0000] {processor.py:179} INFO - Processing /home/airflow/.local/lib/python3.8/site-packages/airflow/example_dags/example_external_task_marker_dag.py took 0.040 seconds
[2023-12-18T14:29:45.258+0000] {processor.py:157} INFO - Started process (PID=623) to work on /home/airflow/.local/lib/python3.8/site-packages/airflow/example_dags/example_external_task_marker_dag.py
[2023-12-18T14:29:45.259+0000] {processor.py:829} INFO - Processing file /home/airflow/.local/lib/python3.8/site-packages/airflow/example_dags/example_external_task_marker_dag.py for tasks to queue
[2023-12-18T14:29:45.260+0000] {logging_mixin.py:154} INFO - [2023-12-18T14:29:45.260+0000] {dagbag.py:536} INFO - Filling up the DagBag from /home/airflow/.local/lib/python3.8/site-packages/airflow/example_dags/example_external_task_marker_dag.py
[2023-12-18T14:29:45.263+0000] {processor.py:839} INFO - DAG(s) dict_keys(['example_external_task_marker_child', 'example_external_task_marker_parent']) retrieved from /home/airflow/.local/lib/python3.8/site-packages/airflow/example_dags/example_external_task_marker_dag.py
[2023-12-18T14:29:45.298+0000] {logging_mixin.py:154} INFO - [2023-12-18T14:29:45.298+0000] {dag.py:2941} INFO - Sync 2 DAGs
[2023-12-18T14:29:45.307+0000] {logging_mixin.py:154} INFO - [2023-12-18T14:29:45.306+0000] {dag.py:3722} INFO - Setting next_dagrun for example_external_task_marker_child to None, run_after=None
[2023-12-18T14:29:45.309+0000] {logging_mixin.py:154} INFO - [2023-12-18T14:29:45.309+0000] {dag.py:3722} INFO - Setting next_dagrun for example_external_task_marker_parent to None, run_after=None
[2023-12-18T14:29:45.318+0000] {processor.py:179} INFO - Processing /home/airflow/.local/lib/python3.8/site-packages/airflow/example_dags/example_external_task_marker_dag.py took 0.062 seconds
[2023-12-18T14:30:15.492+0000] {processor.py:157} INFO - Started process (PID=692) to work on /home/airflow/.local/lib/python3.8/site-packages/airflow/example_dags/example_external_task_marker_dag.py
[2023-12-18T14:30:15.492+0000] {processor.py:829} INFO - Processing file /home/airflow/.local/lib/python3.8/site-packages/airflow/example_dags/example_external_task_marker_dag.py for tasks to queue
[2023-12-18T14:30:15.494+0000] {logging_mixin.py:154} INFO - [2023-12-18T14:30:15.493+0000] {dagbag.py:536} INFO - Filling up the DagBag from /home/airflow/.local/lib/python3.8/site-packages/airflow/example_dags/example_external_task_marker_dag.py
[2023-12-18T14:30:15.497+0000] {processor.py:839} INFO - DAG(s) dict_keys(['example_external_task_marker_child', 'example_external_task_marker_parent']) retrieved from /home/airflow/.local/lib/python3.8/site-packages/airflow/example_dags/example_external_task_marker_dag.py
[2023-12-18T14:30:15.514+0000] {logging_mixin.py:154} INFO - [2023-12-18T14:30:15.514+0000] {dag.py:2941} INFO - Sync 2 DAGs
[2023-12-18T14:30:15.522+0000] {logging_mixin.py:154} INFO - [2023-12-18T14:30:15.522+0000] {dag.py:3722} INFO - Setting next_dagrun for example_external_task_marker_child to None, run_after=None
[2023-12-18T14:30:15.525+0000] {logging_mixin.py:154} INFO - [2023-12-18T14:30:15.524+0000] {dag.py:3722} INFO - Setting next_dagrun for example_external_task_marker_parent to None, run_after=None
[2023-12-18T14:30:15.534+0000] {processor.py:179} INFO - Processing /home/airflow/.local/lib/python3.8/site-packages/airflow/example_dags/example_external_task_marker_dag.py took 0.044 seconds
[2023-12-18T14:30:45.590+0000] {processor.py:157} INFO - Started process (PID=755) to work on /home/airflow/.local/lib/python3.8/site-packages/airflow/example_dags/example_external_task_marker_dag.py
[2023-12-18T14:30:45.591+0000] {processor.py:829} INFO - Processing file /home/airflow/.local/lib/python3.8/site-packages/airflow/example_dags/example_external_task_marker_dag.py for tasks to queue
[2023-12-18T14:30:45.592+0000] {logging_mixin.py:154} INFO - [2023-12-18T14:30:45.592+0000] {dagbag.py:536} INFO - Filling up the DagBag from /home/airflow/.local/lib/python3.8/site-packages/airflow/example_dags/example_external_task_marker_dag.py
[2023-12-18T14:30:45.595+0000] {processor.py:839} INFO - DAG(s) dict_keys(['example_external_task_marker_child', 'example_external_task_marker_parent']) retrieved from /home/airflow/.local/lib/python3.8/site-packages/airflow/example_dags/example_external_task_marker_dag.py
[2023-12-18T14:30:45.610+0000] {logging_mixin.py:154} INFO - [2023-12-18T14:30:45.609+0000] {dag.py:2941} INFO - Sync 2 DAGs
[2023-12-18T14:30:45.617+0000] {logging_mixin.py:154} INFO - [2023-12-18T14:30:45.617+0000] {dag.py:3722} INFO - Setting next_dagrun for example_external_task_marker_child to None, run_after=None
[2023-12-18T14:30:45.619+0000] {logging_mixin.py:154} INFO - [2023-12-18T14:30:45.619+0000] {dag.py:3722} INFO - Setting next_dagrun for example_external_task_marker_parent to None, run_after=None
[2023-12-18T14:30:45.628+0000] {processor.py:179} INFO - Processing /home/airflow/.local/lib/python3.8/site-packages/airflow/example_dags/example_external_task_marker_dag.py took 0.040 seconds
[2023-12-18T14:31:15.753+0000] {processor.py:157} INFO - Started process (PID=825) to work on /home/airflow/.local/lib/python3.8/site-packages/airflow/example_dags/example_external_task_marker_dag.py
[2023-12-18T14:31:15.754+0000] {processor.py:829} INFO - Processing file /home/airflow/.local/lib/python3.8/site-packages/airflow/example_dags/example_external_task_marker_dag.py for tasks to queue
[2023-12-18T14:31:15.755+0000] {logging_mixin.py:154} INFO - [2023-12-18T14:31:15.755+0000] {dagbag.py:536} INFO - Filling up the DagBag from /home/airflow/.local/lib/python3.8/site-packages/airflow/example_dags/example_external_task_marker_dag.py
[2023-12-18T14:31:15.759+0000] {processor.py:839} INFO - DAG(s) dict_keys(['example_external_task_marker_parent', 'example_external_task_marker_child']) retrieved from /home/airflow/.local/lib/python3.8/site-packages/airflow/example_dags/example_external_task_marker_dag.py
[2023-12-18T14:31:15.792+0000] {logging_mixin.py:154} INFO - [2023-12-18T14:31:15.792+0000] {dag.py:2941} INFO - Sync 2 DAGs
[2023-12-18T14:31:15.800+0000] {logging_mixin.py:154} INFO - [2023-12-18T14:31:15.800+0000] {dag.py:3722} INFO - Setting next_dagrun for example_external_task_marker_child to None, run_after=None
[2023-12-18T14:31:15.802+0000] {logging_mixin.py:154} INFO - [2023-12-18T14:31:15.802+0000] {dag.py:3722} INFO - Setting next_dagrun for example_external_task_marker_parent to None, run_after=None
[2023-12-18T14:31:15.811+0000] {processor.py:179} INFO - Processing /home/airflow/.local/lib/python3.8/site-packages/airflow/example_dags/example_external_task_marker_dag.py took 0.060 seconds
[2023-12-18T14:31:46.634+0000] {processor.py:157} INFO - Started process (PID=901) to work on /home/airflow/.local/lib/python3.8/site-packages/airflow/example_dags/example_external_task_marker_dag.py
[2023-12-18T14:31:46.635+0000] {processor.py:829} INFO - Processing file /home/airflow/.local/lib/python3.8/site-packages/airflow/example_dags/example_external_task_marker_dag.py for tasks to queue
[2023-12-18T14:31:46.636+0000] {logging_mixin.py:154} INFO - [2023-12-18T14:31:46.636+0000] {dagbag.py:536} INFO - Filling up the DagBag from /home/airflow/.local/lib/python3.8/site-packages/airflow/example_dags/example_external_task_marker_dag.py
[2023-12-18T14:31:46.639+0000] {processor.py:839} INFO - DAG(s) dict_keys(['example_external_task_marker_child', 'example_external_task_marker_parent']) retrieved from /home/airflow/.local/lib/python3.8/site-packages/airflow/example_dags/example_external_task_marker_dag.py
[2023-12-18T14:31:46.655+0000] {logging_mixin.py:154} INFO - [2023-12-18T14:31:46.654+0000] {dag.py:2941} INFO - Sync 2 DAGs
[2023-12-18T14:31:46.662+0000] {logging_mixin.py:154} INFO - [2023-12-18T14:31:46.662+0000] {dag.py:3722} INFO - Setting next_dagrun for example_external_task_marker_child to None, run_after=None
[2023-12-18T14:31:46.664+0000] {logging_mixin.py:154} INFO - [2023-12-18T14:31:46.664+0000] {dag.py:3722} INFO - Setting next_dagrun for example_external_task_marker_parent to None, run_after=None
[2023-12-18T14:31:46.686+0000] {processor.py:179} INFO - Processing /home/airflow/.local/lib/python3.8/site-packages/airflow/example_dags/example_external_task_marker_dag.py took 0.054 seconds
[2023-12-18T14:32:16.773+0000] {processor.py:157} INFO - Started process (PID=962) to work on /home/airflow/.local/lib/python3.8/site-packages/airflow/example_dags/example_external_task_marker_dag.py
[2023-12-18T14:32:16.774+0000] {processor.py:829} INFO - Processing file /home/airflow/.local/lib/python3.8/site-packages/airflow/example_dags/example_external_task_marker_dag.py for tasks to queue
[2023-12-18T14:32:16.776+0000] {logging_mixin.py:154} INFO - [2023-12-18T14:32:16.775+0000] {dagbag.py:536} INFO - Filling up the DagBag from /home/airflow/.local/lib/python3.8/site-packages/airflow/example_dags/example_external_task_marker_dag.py
[2023-12-18T14:32:16.780+0000] {processor.py:839} INFO - DAG(s) dict_keys(['example_external_task_marker_child', 'example_external_task_marker_parent']) retrieved from /home/airflow/.local/lib/python3.8/site-packages/airflow/example_dags/example_external_task_marker_dag.py
[2023-12-18T14:32:16.799+0000] {logging_mixin.py:154} INFO - [2023-12-18T14:32:16.799+0000] {dag.py:2941} INFO - Sync 2 DAGs
[2023-12-18T14:32:16.810+0000] {logging_mixin.py:154} INFO - [2023-12-18T14:32:16.810+0000] {dag.py:3722} INFO - Setting next_dagrun for example_external_task_marker_child to None, run_after=None
[2023-12-18T14:32:16.813+0000] {logging_mixin.py:154} INFO - [2023-12-18T14:32:16.813+0000] {dag.py:3722} INFO - Setting next_dagrun for example_external_task_marker_parent to None, run_after=None
[2023-12-18T14:32:16.885+0000] {processor.py:179} INFO - Processing /home/airflow/.local/lib/python3.8/site-packages/airflow/example_dags/example_external_task_marker_dag.py took 0.115 seconds
[2023-12-18T14:32:47.765+0000] {processor.py:157} INFO - Started process (PID=1037) to work on /home/airflow/.local/lib/python3.8/site-packages/airflow/example_dags/example_external_task_marker_dag.py
[2023-12-18T14:32:47.765+0000] {processor.py:829} INFO - Processing file /home/airflow/.local/lib/python3.8/site-packages/airflow/example_dags/example_external_task_marker_dag.py for tasks to queue
[2023-12-18T14:32:47.767+0000] {logging_mixin.py:154} INFO - [2023-12-18T14:32:47.766+0000] {dagbag.py:536} INFO - Filling up the DagBag from /home/airflow/.local/lib/python3.8/site-packages/airflow/example_dags/example_external_task_marker_dag.py
[2023-12-18T14:32:47.770+0000] {processor.py:839} INFO - DAG(s) dict_keys(['example_external_task_marker_parent', 'example_external_task_marker_child']) retrieved from /home/airflow/.local/lib/python3.8/site-packages/airflow/example_dags/example_external_task_marker_dag.py
[2023-12-18T14:32:47.784+0000] {logging_mixin.py:154} INFO - [2023-12-18T14:32:47.784+0000] {dag.py:2941} INFO - Sync 2 DAGs
[2023-12-18T14:32:47.793+0000] {logging_mixin.py:154} INFO - [2023-12-18T14:32:47.792+0000] {dag.py:3722} INFO - Setting next_dagrun for example_external_task_marker_child to None, run_after=None
[2023-12-18T14:32:47.795+0000] {logging_mixin.py:154} INFO - [2023-12-18T14:32:47.795+0000] {dag.py:3722} INFO - Setting next_dagrun for example_external_task_marker_parent to None, run_after=None
[2023-12-18T14:32:47.805+0000] {processor.py:179} INFO - Processing /home/airflow/.local/lib/python3.8/site-packages/airflow/example_dags/example_external_task_marker_dag.py took 0.042 seconds
[2023-12-18T14:33:18.421+0000] {processor.py:157} INFO - Started process (PID=1106) to work on /home/airflow/.local/lib/python3.8/site-packages/airflow/example_dags/example_external_task_marker_dag.py
[2023-12-18T14:33:18.421+0000] {processor.py:829} INFO - Processing file /home/airflow/.local/lib/python3.8/site-packages/airflow/example_dags/example_external_task_marker_dag.py for tasks to queue
[2023-12-18T14:33:18.423+0000] {logging_mixin.py:154} INFO - [2023-12-18T14:33:18.422+0000] {dagbag.py:536} INFO - Filling up the DagBag from /home/airflow/.local/lib/python3.8/site-packages/airflow/example_dags/example_external_task_marker_dag.py
[2023-12-18T14:33:18.426+0000] {processor.py:839} INFO - DAG(s) dict_keys(['example_external_task_marker_parent', 'example_external_task_marker_child']) retrieved from /home/airflow/.local/lib/python3.8/site-packages/airflow/example_dags/example_external_task_marker_dag.py
[2023-12-18T14:33:18.440+0000] {logging_mixin.py:154} INFO - [2023-12-18T14:33:18.440+0000] {dag.py:2941} INFO - Sync 2 DAGs
[2023-12-18T14:33:18.447+0000] {logging_mixin.py:154} INFO - [2023-12-18T14:33:18.447+0000] {dag.py:3722} INFO - Setting next_dagrun for example_external_task_marker_child to None, run_after=None
[2023-12-18T14:33:18.449+0000] {logging_mixin.py:154} INFO - [2023-12-18T14:33:18.449+0000] {dag.py:3722} INFO - Setting next_dagrun for example_external_task_marker_parent to None, run_after=None
[2023-12-18T14:33:18.459+0000] {processor.py:179} INFO - Processing /home/airflow/.local/lib/python3.8/site-packages/airflow/example_dags/example_external_task_marker_dag.py took 0.040 seconds
[2023-12-18T14:33:49.308+0000] {processor.py:157} INFO - Started process (PID=1175) to work on /home/airflow/.local/lib/python3.8/site-packages/airflow/example_dags/example_external_task_marker_dag.py
[2023-12-18T14:33:49.309+0000] {processor.py:829} INFO - Processing file /home/airflow/.local/lib/python3.8/site-packages/airflow/example_dags/example_external_task_marker_dag.py for tasks to queue
[2023-12-18T14:33:49.310+0000] {logging_mixin.py:154} INFO - [2023-12-18T14:33:49.310+0000] {dagbag.py:536} INFO - Filling up the DagBag from /home/airflow/.local/lib/python3.8/site-packages/airflow/example_dags/example_external_task_marker_dag.py
[2023-12-18T14:33:49.314+0000] {processor.py:839} INFO - DAG(s) dict_keys(['example_external_task_marker_child', 'example_external_task_marker_parent']) retrieved from /home/airflow/.local/lib/python3.8/site-packages/airflow/example_dags/example_external_task_marker_dag.py
[2023-12-18T14:33:49.328+0000] {logging_mixin.py:154} INFO - [2023-12-18T14:33:49.328+0000] {dag.py:2941} INFO - Sync 2 DAGs
[2023-12-18T14:33:49.335+0000] {logging_mixin.py:154} INFO - [2023-12-18T14:33:49.335+0000] {dag.py:3722} INFO - Setting next_dagrun for example_external_task_marker_child to None, run_after=None
[2023-12-18T14:33:49.337+0000] {logging_mixin.py:154} INFO - [2023-12-18T14:33:49.337+0000] {dag.py:3722} INFO - Setting next_dagrun for example_external_task_marker_parent to None, run_after=None
[2023-12-18T14:33:49.346+0000] {processor.py:179} INFO - Processing /home/airflow/.local/lib/python3.8/site-packages/airflow/example_dags/example_external_task_marker_dag.py took 0.040 seconds
[2023-12-18T14:34:19.490+0000] {processor.py:157} INFO - Started process (PID=1244) to work on /home/airflow/.local/lib/python3.8/site-packages/airflow/example_dags/example_external_task_marker_dag.py
[2023-12-18T14:34:19.491+0000] {processor.py:829} INFO - Processing file /home/airflow/.local/lib/python3.8/site-packages/airflow/example_dags/example_external_task_marker_dag.py for tasks to queue
[2023-12-18T14:34:19.492+0000] {logging_mixin.py:154} INFO - [2023-12-18T14:34:19.492+0000] {dagbag.py:536} INFO - Filling up the DagBag from /home/airflow/.local/lib/python3.8/site-packages/airflow/example_dags/example_external_task_marker_dag.py
[2023-12-18T14:34:19.496+0000] {processor.py:839} INFO - DAG(s) dict_keys(['example_external_task_marker_parent', 'example_external_task_marker_child']) retrieved from /home/airflow/.local/lib/python3.8/site-packages/airflow/example_dags/example_external_task_marker_dag.py
[2023-12-18T14:34:19.510+0000] {logging_mixin.py:154} INFO - [2023-12-18T14:34:19.510+0000] {dag.py:2941} INFO - Sync 2 DAGs
[2023-12-18T14:34:19.518+0000] {logging_mixin.py:154} INFO - [2023-12-18T14:34:19.517+0000] {dag.py:3722} INFO - Setting next_dagrun for example_external_task_marker_child to None, run_after=None
[2023-12-18T14:34:19.519+0000] {logging_mixin.py:154} INFO - [2023-12-18T14:34:19.519+0000] {dag.py:3722} INFO - Setting next_dagrun for example_external_task_marker_parent to None, run_after=None
[2023-12-18T14:34:19.529+0000] {processor.py:179} INFO - Processing /home/airflow/.local/lib/python3.8/site-packages/airflow/example_dags/example_external_task_marker_dag.py took 0.040 seconds
[2023-12-18T14:34:50.573+0000] {processor.py:157} INFO - Started process (PID=1314) to work on /home/airflow/.local/lib/python3.8/site-packages/airflow/example_dags/example_external_task_marker_dag.py
[2023-12-18T14:34:50.573+0000] {processor.py:829} INFO - Processing file /home/airflow/.local/lib/python3.8/site-packages/airflow/example_dags/example_external_task_marker_dag.py for tasks to queue
[2023-12-18T14:34:50.575+0000] {logging_mixin.py:154} INFO - [2023-12-18T14:34:50.574+0000] {dagbag.py:536} INFO - Filling up the DagBag from /home/airflow/.local/lib/python3.8/site-packages/airflow/example_dags/example_external_task_marker_dag.py
[2023-12-18T14:34:50.578+0000] {processor.py:839} INFO - DAG(s) dict_keys(['example_external_task_marker_parent', 'example_external_task_marker_child']) retrieved from /home/airflow/.local/lib/python3.8/site-packages/airflow/example_dags/example_external_task_marker_dag.py
[2023-12-18T14:34:50.592+0000] {logging_mixin.py:154} INFO - [2023-12-18T14:34:50.592+0000] {dag.py:2941} INFO - Sync 2 DAGs
[2023-12-18T14:34:50.600+0000] {logging_mixin.py:154} INFO - [2023-12-18T14:34:50.600+0000] {dag.py:3722} INFO - Setting next_dagrun for example_external_task_marker_child to None, run_after=None
[2023-12-18T14:34:50.602+0000] {logging_mixin.py:154} INFO - [2023-12-18T14:34:50.602+0000] {dag.py:3722} INFO - Setting next_dagrun for example_external_task_marker_parent to None, run_after=None
[2023-12-18T14:34:50.611+0000] {processor.py:179} INFO - Processing /home/airflow/.local/lib/python3.8/site-packages/airflow/example_dags/example_external_task_marker_dag.py took 0.040 seconds
[2023-12-18T14:35:20.682+0000] {processor.py:157} INFO - Started process (PID=1383) to work on /home/airflow/.local/lib/python3.8/site-packages/airflow/example_dags/example_external_task_marker_dag.py
[2023-12-18T14:35:20.683+0000] {processor.py:829} INFO - Processing file /home/airflow/.local/lib/python3.8/site-packages/airflow/example_dags/example_external_task_marker_dag.py for tasks to queue
[2023-12-18T14:35:20.685+0000] {logging_mixin.py:154} INFO - [2023-12-18T14:35:20.684+0000] {dagbag.py:536} INFO - Filling up the DagBag from /home/airflow/.local/lib/python3.8/site-packages/airflow/example_dags/example_external_task_marker_dag.py
[2023-12-18T14:35:20.689+0000] {processor.py:839} INFO - DAG(s) dict_keys(['example_external_task_marker_parent', 'example_external_task_marker_child']) retrieved from /home/airflow/.local/lib/python3.8/site-packages/airflow/example_dags/example_external_task_marker_dag.py
[2023-12-18T14:35:20.704+0000] {logging_mixin.py:154} INFO - [2023-12-18T14:35:20.704+0000] {dag.py:2941} INFO - Sync 2 DAGs
[2023-12-18T14:35:20.712+0000] {logging_mixin.py:154} INFO - [2023-12-18T14:35:20.712+0000] {dag.py:3722} INFO - Setting next_dagrun for example_external_task_marker_child to None, run_after=None
[2023-12-18T14:35:20.714+0000] {logging_mixin.py:154} INFO - [2023-12-18T14:35:20.714+0000] {dag.py:3722} INFO - Setting next_dagrun for example_external_task_marker_parent to None, run_after=None
[2023-12-18T14:35:20.723+0000] {processor.py:179} INFO - Processing /home/airflow/.local/lib/python3.8/site-packages/airflow/example_dags/example_external_task_marker_dag.py took 0.063 seconds
[2023-12-18T14:35:50.762+0000] {processor.py:157} INFO - Started process (PID=1451) to work on /home/airflow/.local/lib/python3.8/site-packages/airflow/example_dags/example_external_task_marker_dag.py
[2023-12-18T14:35:50.762+0000] {processor.py:829} INFO - Processing file /home/airflow/.local/lib/python3.8/site-packages/airflow/example_dags/example_external_task_marker_dag.py for tasks to queue
[2023-12-18T14:35:50.764+0000] {logging_mixin.py:154} INFO - [2023-12-18T14:35:50.763+0000] {dagbag.py:536} INFO - Filling up the DagBag from /home/airflow/.local/lib/python3.8/site-packages/airflow/example_dags/example_external_task_marker_dag.py
[2023-12-18T14:35:50.784+0000] {processor.py:839} INFO - DAG(s) dict_keys(['example_external_task_marker_child', 'example_external_task_marker_parent']) retrieved from /home/airflow/.local/lib/python3.8/site-packages/airflow/example_dags/example_external_task_marker_dag.py
[2023-12-18T14:35:50.800+0000] {logging_mixin.py:154} INFO - [2023-12-18T14:35:50.800+0000] {dag.py:2941} INFO - Sync 2 DAGs
[2023-12-18T14:35:50.807+0000] {logging_mixin.py:154} INFO - [2023-12-18T14:35:50.807+0000] {dag.py:3722} INFO - Setting next_dagrun for example_external_task_marker_child to None, run_after=None
[2023-12-18T14:35:50.809+0000] {logging_mixin.py:154} INFO - [2023-12-18T14:35:50.809+0000] {dag.py:3722} INFO - Setting next_dagrun for example_external_task_marker_parent to None, run_after=None
[2023-12-18T14:35:50.819+0000] {processor.py:179} INFO - Processing /home/airflow/.local/lib/python3.8/site-packages/airflow/example_dags/example_external_task_marker_dag.py took 0.059 seconds
[2023-12-18T14:36:20.915+0000] {processor.py:157} INFO - Started process (PID=1520) to work on /home/airflow/.local/lib/python3.8/site-packages/airflow/example_dags/example_external_task_marker_dag.py
[2023-12-18T14:36:20.916+0000] {processor.py:829} INFO - Processing file /home/airflow/.local/lib/python3.8/site-packages/airflow/example_dags/example_external_task_marker_dag.py for tasks to queue
[2023-12-18T14:36:20.917+0000] {logging_mixin.py:154} INFO - [2023-12-18T14:36:20.917+0000] {dagbag.py:536} INFO - Filling up the DagBag from /home/airflow/.local/lib/python3.8/site-packages/airflow/example_dags/example_external_task_marker_dag.py
[2023-12-18T14:36:20.920+0000] {processor.py:839} INFO - DAG(s) dict_keys(['example_external_task_marker_parent', 'example_external_task_marker_child']) retrieved from /home/airflow/.local/lib/python3.8/site-packages/airflow/example_dags/example_external_task_marker_dag.py
[2023-12-18T14:36:20.938+0000] {logging_mixin.py:154} INFO - [2023-12-18T14:36:20.938+0000] {dag.py:2941} INFO - Sync 2 DAGs
[2023-12-18T14:36:20.947+0000] {logging_mixin.py:154} INFO - [2023-12-18T14:36:20.947+0000] {dag.py:3722} INFO - Setting next_dagrun for example_external_task_marker_child to None, run_after=None
[2023-12-18T14:36:20.949+0000] {logging_mixin.py:154} INFO - [2023-12-18T14:36:20.949+0000] {dag.py:3722} INFO - Setting next_dagrun for example_external_task_marker_parent to None, run_after=None
[2023-12-18T14:36:20.963+0000] {processor.py:179} INFO - Processing /home/airflow/.local/lib/python3.8/site-packages/airflow/example_dags/example_external_task_marker_dag.py took 0.050 seconds
[2023-12-18T14:36:51.028+0000] {processor.py:157} INFO - Started process (PID=1589) to work on /home/airflow/.local/lib/python3.8/site-packages/airflow/example_dags/example_external_task_marker_dag.py
[2023-12-18T14:36:51.029+0000] {processor.py:829} INFO - Processing file /home/airflow/.local/lib/python3.8/site-packages/airflow/example_dags/example_external_task_marker_dag.py for tasks to queue
[2023-12-18T14:36:51.030+0000] {logging_mixin.py:154} INFO - [2023-12-18T14:36:51.030+0000] {dagbag.py:536} INFO - Filling up the DagBag from /home/airflow/.local/lib/python3.8/site-packages/airflow/example_dags/example_external_task_marker_dag.py
[2023-12-18T14:36:51.033+0000] {processor.py:839} INFO - DAG(s) dict_keys(['example_external_task_marker_child', 'example_external_task_marker_parent']) retrieved from /home/airflow/.local/lib/python3.8/site-packages/airflow/example_dags/example_external_task_marker_dag.py
[2023-12-18T14:36:51.047+0000] {logging_mixin.py:154} INFO - [2023-12-18T14:36:51.047+0000] {dag.py:2941} INFO - Sync 2 DAGs
[2023-12-18T14:36:51.055+0000] {logging_mixin.py:154} INFO - [2023-12-18T14:36:51.054+0000] {dag.py:3722} INFO - Setting next_dagrun for example_external_task_marker_child to None, run_after=None
[2023-12-18T14:36:51.057+0000] {logging_mixin.py:154} INFO - [2023-12-18T14:36:51.057+0000] {dag.py:3722} INFO - Setting next_dagrun for example_external_task_marker_parent to None, run_after=None
[2023-12-18T14:36:51.085+0000] {processor.py:179} INFO - Processing /home/airflow/.local/lib/python3.8/site-packages/airflow/example_dags/example_external_task_marker_dag.py took 0.059 seconds
[2023-12-18T14:37:22.081+0000] {processor.py:157} INFO - Started process (PID=1658) to work on /home/airflow/.local/lib/python3.8/site-packages/airflow/example_dags/example_external_task_marker_dag.py
[2023-12-18T14:37:22.082+0000] {processor.py:829} INFO - Processing file /home/airflow/.local/lib/python3.8/site-packages/airflow/example_dags/example_external_task_marker_dag.py for tasks to queue
[2023-12-18T14:37:22.083+0000] {logging_mixin.py:154} INFO - [2023-12-18T14:37:22.083+0000] {dagbag.py:536} INFO - Filling up the DagBag from /home/airflow/.local/lib/python3.8/site-packages/airflow/example_dags/example_external_task_marker_dag.py
[2023-12-18T14:37:22.087+0000] {processor.py:839} INFO - DAG(s) dict_keys(['example_external_task_marker_parent', 'example_external_task_marker_child']) retrieved from /home/airflow/.local/lib/python3.8/site-packages/airflow/example_dags/example_external_task_marker_dag.py
[2023-12-18T14:37:22.102+0000] {logging_mixin.py:154} INFO - [2023-12-18T14:37:22.102+0000] {dag.py:2941} INFO - Sync 2 DAGs
[2023-12-18T14:37:22.109+0000] {logging_mixin.py:154} INFO - [2023-12-18T14:37:22.109+0000] {dag.py:3722} INFO - Setting next_dagrun for example_external_task_marker_child to None, run_after=None
[2023-12-18T14:37:22.111+0000] {logging_mixin.py:154} INFO - [2023-12-18T14:37:22.111+0000] {dag.py:3722} INFO - Setting next_dagrun for example_external_task_marker_parent to None, run_after=None
[2023-12-18T14:37:22.120+0000] {processor.py:179} INFO - Processing /home/airflow/.local/lib/python3.8/site-packages/airflow/example_dags/example_external_task_marker_dag.py took 0.059 seconds
[2023-12-18T14:37:52.743+0000] {processor.py:157} INFO - Started process (PID=1727) to work on /home/airflow/.local/lib/python3.8/site-packages/airflow/example_dags/example_external_task_marker_dag.py
[2023-12-18T14:37:52.744+0000] {processor.py:829} INFO - Processing file /home/airflow/.local/lib/python3.8/site-packages/airflow/example_dags/example_external_task_marker_dag.py for tasks to queue
[2023-12-18T14:37:52.745+0000] {logging_mixin.py:154} INFO - [2023-12-18T14:37:52.745+0000] {dagbag.py:536} INFO - Filling up the DagBag from /home/airflow/.local/lib/python3.8/site-packages/airflow/example_dags/example_external_task_marker_dag.py
[2023-12-18T14:37:52.748+0000] {processor.py:839} INFO - DAG(s) dict_keys(['example_external_task_marker_child', 'example_external_task_marker_parent']) retrieved from /home/airflow/.local/lib/python3.8/site-packages/airflow/example_dags/example_external_task_marker_dag.py
[2023-12-18T14:37:52.781+0000] {logging_mixin.py:154} INFO - [2023-12-18T14:37:52.781+0000] {dag.py:2941} INFO - Sync 2 DAGs
[2023-12-18T14:37:52.791+0000] {logging_mixin.py:154} INFO - [2023-12-18T14:37:52.791+0000] {dag.py:3722} INFO - Setting next_dagrun for example_external_task_marker_child to None, run_after=None
[2023-12-18T14:37:52.794+0000] {logging_mixin.py:154} INFO - [2023-12-18T14:37:52.793+0000] {dag.py:3722} INFO - Setting next_dagrun for example_external_task_marker_parent to None, run_after=None
[2023-12-18T14:37:52.802+0000] {processor.py:179} INFO - Processing /home/airflow/.local/lib/python3.8/site-packages/airflow/example_dags/example_external_task_marker_dag.py took 0.061 seconds
[2023-12-18T14:38:23.556+0000] {processor.py:157} INFO - Started process (PID=1796) to work on /home/airflow/.local/lib/python3.8/site-packages/airflow/example_dags/example_external_task_marker_dag.py
[2023-12-18T14:38:23.557+0000] {processor.py:829} INFO - Processing file /home/airflow/.local/lib/python3.8/site-packages/airflow/example_dags/example_external_task_marker_dag.py for tasks to queue
[2023-12-18T14:38:23.558+0000] {logging_mixin.py:154} INFO - [2023-12-18T14:38:23.558+0000] {dagbag.py:536} INFO - Filling up the DagBag from /home/airflow/.local/lib/python3.8/site-packages/airflow/example_dags/example_external_task_marker_dag.py
[2023-12-18T14:38:23.561+0000] {processor.py:839} INFO - DAG(s) dict_keys(['example_external_task_marker_child', 'example_external_task_marker_parent']) retrieved from /home/airflow/.local/lib/python3.8/site-packages/airflow/example_dags/example_external_task_marker_dag.py
[2023-12-18T14:38:23.588+0000] {logging_mixin.py:154} INFO - [2023-12-18T14:38:23.588+0000] {dag.py:2941} INFO - Sync 2 DAGs
[2023-12-18T14:38:23.596+0000] {logging_mixin.py:154} INFO - [2023-12-18T14:38:23.596+0000] {dag.py:3722} INFO - Setting next_dagrun for example_external_task_marker_child to None, run_after=None
[2023-12-18T14:38:23.599+0000] {logging_mixin.py:154} INFO - [2023-12-18T14:38:23.598+0000] {dag.py:3722} INFO - Setting next_dagrun for example_external_task_marker_parent to None, run_after=None
[2023-12-18T14:38:23.609+0000] {processor.py:179} INFO - Processing /home/airflow/.local/lib/python3.8/site-packages/airflow/example_dags/example_external_task_marker_dag.py took 0.054 seconds
[2023-12-18T14:38:54.348+0000] {processor.py:157} INFO - Started process (PID=1865) to work on /home/airflow/.local/lib/python3.8/site-packages/airflow/example_dags/example_external_task_marker_dag.py
[2023-12-18T14:38:54.348+0000] {processor.py:829} INFO - Processing file /home/airflow/.local/lib/python3.8/site-packages/airflow/example_dags/example_external_task_marker_dag.py for tasks to queue
[2023-12-18T14:38:54.349+0000] {logging_mixin.py:154} INFO - [2023-12-18T14:38:54.349+0000] {dagbag.py:536} INFO - Filling up the DagBag from /home/airflow/.local/lib/python3.8/site-packages/airflow/example_dags/example_external_task_marker_dag.py
[2023-12-18T14:38:54.353+0000] {processor.py:839} INFO - DAG(s) dict_keys(['example_external_task_marker_parent', 'example_external_task_marker_child']) retrieved from /home/airflow/.local/lib/python3.8/site-packages/airflow/example_dags/example_external_task_marker_dag.py
[2023-12-18T14:38:54.388+0000] {logging_mixin.py:154} INFO - [2023-12-18T14:38:54.388+0000] {dag.py:2941} INFO - Sync 2 DAGs
[2023-12-18T14:38:54.396+0000] {logging_mixin.py:154} INFO - [2023-12-18T14:38:54.396+0000] {dag.py:3722} INFO - Setting next_dagrun for example_external_task_marker_child to None, run_after=None
[2023-12-18T14:38:54.398+0000] {logging_mixin.py:154} INFO - [2023-12-18T14:38:54.398+0000] {dag.py:3722} INFO - Setting next_dagrun for example_external_task_marker_parent to None, run_after=None
[2023-12-18T14:38:54.408+0000] {processor.py:179} INFO - Processing /home/airflow/.local/lib/python3.8/site-packages/airflow/example_dags/example_external_task_marker_dag.py took 0.062 seconds
[2023-12-18T14:39:54.831+0000] {processor.py:157} INFO - Started process (PID=64) to work on /home/airflow/.local/lib/python3.8/site-packages/airflow/example_dags/example_external_task_marker_dag.py
[2023-12-18T14:39:54.833+0000] {processor.py:829} INFO - Processing file /home/airflow/.local/lib/python3.8/site-packages/airflow/example_dags/example_external_task_marker_dag.py for tasks to queue
[2023-12-18T14:39:54.835+0000] {logging_mixin.py:154} INFO - [2023-12-18T14:39:54.835+0000] {dagbag.py:536} INFO - Filling up the DagBag from /home/airflow/.local/lib/python3.8/site-packages/airflow/example_dags/example_external_task_marker_dag.py
[2023-12-18T14:39:54.871+0000] {processor.py:839} INFO - DAG(s) dict_keys(['example_external_task_marker_parent', 'example_external_task_marker_child']) retrieved from /home/airflow/.local/lib/python3.8/site-packages/airflow/example_dags/example_external_task_marker_dag.py
[2023-12-18T14:39:54.906+0000] {logging_mixin.py:154} INFO - [2023-12-18T14:39:54.906+0000] {dag.py:2941} INFO - Sync 2 DAGs
[2023-12-18T14:39:54.945+0000] {logging_mixin.py:154} INFO - [2023-12-18T14:39:54.945+0000] {dag.py:3722} INFO - Setting next_dagrun for example_external_task_marker_child to None, run_after=None
[2023-12-18T14:39:54.962+0000] {logging_mixin.py:154} INFO - [2023-12-18T14:39:54.961+0000] {dag.py:3722} INFO - Setting next_dagrun for example_external_task_marker_parent to None, run_after=None
[2023-12-18T14:39:55.023+0000] {processor.py:179} INFO - Processing /home/airflow/.local/lib/python3.8/site-packages/airflow/example_dags/example_external_task_marker_dag.py took 0.200 seconds
[2023-12-18T14:40:25.441+0000] {processor.py:157} INFO - Started process (PID=133) to work on /home/airflow/.local/lib/python3.8/site-packages/airflow/example_dags/example_external_task_marker_dag.py
[2023-12-18T14:40:25.442+0000] {processor.py:829} INFO - Processing file /home/airflow/.local/lib/python3.8/site-packages/airflow/example_dags/example_external_task_marker_dag.py for tasks to queue
[2023-12-18T14:40:25.443+0000] {logging_mixin.py:154} INFO - [2023-12-18T14:40:25.443+0000] {dagbag.py:536} INFO - Filling up the DagBag from /home/airflow/.local/lib/python3.8/site-packages/airflow/example_dags/example_external_task_marker_dag.py
[2023-12-18T14:40:25.449+0000] {processor.py:839} INFO - DAG(s) dict_keys(['example_external_task_marker_child', 'example_external_task_marker_parent']) retrieved from /home/airflow/.local/lib/python3.8/site-packages/airflow/example_dags/example_external_task_marker_dag.py
[2023-12-18T14:40:25.467+0000] {logging_mixin.py:154} INFO - [2023-12-18T14:40:25.467+0000] {dag.py:2941} INFO - Sync 2 DAGs
[2023-12-18T14:40:25.477+0000] {logging_mixin.py:154} INFO - [2023-12-18T14:40:25.477+0000] {dag.py:3722} INFO - Setting next_dagrun for example_external_task_marker_child to None, run_after=None
[2023-12-18T14:40:25.479+0000] {logging_mixin.py:154} INFO - [2023-12-18T14:40:25.479+0000] {dag.py:3722} INFO - Setting next_dagrun for example_external_task_marker_parent to None, run_after=None
[2023-12-18T14:40:25.494+0000] {processor.py:179} INFO - Processing /home/airflow/.local/lib/python3.8/site-packages/airflow/example_dags/example_external_task_marker_dag.py took 0.055 seconds
[2023-12-18T14:40:55.628+0000] {processor.py:157} INFO - Started process (PID=202) to work on /home/airflow/.local/lib/python3.8/site-packages/airflow/example_dags/example_external_task_marker_dag.py
[2023-12-18T14:40:55.628+0000] {processor.py:829} INFO - Processing file /home/airflow/.local/lib/python3.8/site-packages/airflow/example_dags/example_external_task_marker_dag.py for tasks to queue
[2023-12-18T14:40:55.629+0000] {logging_mixin.py:154} INFO - [2023-12-18T14:40:55.629+0000] {dagbag.py:536} INFO - Filling up the DagBag from /home/airflow/.local/lib/python3.8/site-packages/airflow/example_dags/example_external_task_marker_dag.py
[2023-12-18T14:40:55.633+0000] {processor.py:839} INFO - DAG(s) dict_keys(['example_external_task_marker_child', 'example_external_task_marker_parent']) retrieved from /home/airflow/.local/lib/python3.8/site-packages/airflow/example_dags/example_external_task_marker_dag.py
[2023-12-18T14:40:55.649+0000] {logging_mixin.py:154} INFO - [2023-12-18T14:40:55.649+0000] {dag.py:2941} INFO - Sync 2 DAGs
[2023-12-18T14:40:55.658+0000] {logging_mixin.py:154} INFO - [2023-12-18T14:40:55.658+0000] {dag.py:3722} INFO - Setting next_dagrun for example_external_task_marker_child to None, run_after=None
[2023-12-18T14:40:55.660+0000] {logging_mixin.py:154} INFO - [2023-12-18T14:40:55.660+0000] {dag.py:3722} INFO - Setting next_dagrun for example_external_task_marker_parent to None, run_after=None
[2023-12-18T14:40:55.690+0000] {processor.py:179} INFO - Processing /home/airflow/.local/lib/python3.8/site-packages/airflow/example_dags/example_external_task_marker_dag.py took 0.064 seconds
[2023-12-18T14:41:26.497+0000] {processor.py:157} INFO - Started process (PID=271) to work on /home/airflow/.local/lib/python3.8/site-packages/airflow/example_dags/example_external_task_marker_dag.py
[2023-12-18T14:41:26.498+0000] {processor.py:829} INFO - Processing file /home/airflow/.local/lib/python3.8/site-packages/airflow/example_dags/example_external_task_marker_dag.py for tasks to queue
[2023-12-18T14:41:26.499+0000] {logging_mixin.py:154} INFO - [2023-12-18T14:41:26.499+0000] {dagbag.py:536} INFO - Filling up the DagBag from /home/airflow/.local/lib/python3.8/site-packages/airflow/example_dags/example_external_task_marker_dag.py
[2023-12-18T14:41:26.502+0000] {processor.py:839} INFO - DAG(s) dict_keys(['example_external_task_marker_parent', 'example_external_task_marker_child']) retrieved from /home/airflow/.local/lib/python3.8/site-packages/airflow/example_dags/example_external_task_marker_dag.py
[2023-12-18T14:41:26.517+0000] {logging_mixin.py:154} INFO - [2023-12-18T14:41:26.517+0000] {dag.py:2941} INFO - Sync 2 DAGs
[2023-12-18T14:41:26.525+0000] {logging_mixin.py:154} INFO - [2023-12-18T14:41:26.524+0000] {dag.py:3722} INFO - Setting next_dagrun for example_external_task_marker_child to None, run_after=None
[2023-12-18T14:41:26.527+0000] {logging_mixin.py:154} INFO - [2023-12-18T14:41:26.527+0000] {dag.py:3722} INFO - Setting next_dagrun for example_external_task_marker_parent to None, run_after=None
[2023-12-18T14:41:26.536+0000] {processor.py:179} INFO - Processing /home/airflow/.local/lib/python3.8/site-packages/airflow/example_dags/example_external_task_marker_dag.py took 0.041 seconds
[2023-12-18T14:41:57.282+0000] {processor.py:157} INFO - Started process (PID=341) to work on /home/airflow/.local/lib/python3.8/site-packages/airflow/example_dags/example_external_task_marker_dag.py
[2023-12-18T14:41:57.283+0000] {processor.py:829} INFO - Processing file /home/airflow/.local/lib/python3.8/site-packages/airflow/example_dags/example_external_task_marker_dag.py for tasks to queue
[2023-12-18T14:41:57.284+0000] {logging_mixin.py:154} INFO - [2023-12-18T14:41:57.284+0000] {dagbag.py:536} INFO - Filling up the DagBag from /home/airflow/.local/lib/python3.8/site-packages/airflow/example_dags/example_external_task_marker_dag.py
[2023-12-18T14:41:57.287+0000] {processor.py:839} INFO - DAG(s) dict_keys(['example_external_task_marker_parent', 'example_external_task_marker_child']) retrieved from /home/airflow/.local/lib/python3.8/site-packages/airflow/example_dags/example_external_task_marker_dag.py
[2023-12-18T14:41:57.302+0000] {logging_mixin.py:154} INFO - [2023-12-18T14:41:57.302+0000] {dag.py:2941} INFO - Sync 2 DAGs
[2023-12-18T14:41:57.310+0000] {logging_mixin.py:154} INFO - [2023-12-18T14:41:57.309+0000] {dag.py:3722} INFO - Setting next_dagrun for example_external_task_marker_child to None, run_after=None
[2023-12-18T14:41:57.312+0000] {logging_mixin.py:154} INFO - [2023-12-18T14:41:57.312+0000] {dag.py:3722} INFO - Setting next_dagrun for example_external_task_marker_parent to None, run_after=None
[2023-12-18T14:41:57.322+0000] {processor.py:179} INFO - Processing /home/airflow/.local/lib/python3.8/site-packages/airflow/example_dags/example_external_task_marker_dag.py took 0.042 seconds
[2023-12-18T14:42:28.247+0000] {processor.py:157} INFO - Started process (PID=410) to work on /home/airflow/.local/lib/python3.8/site-packages/airflow/example_dags/example_external_task_marker_dag.py
[2023-12-18T14:42:28.247+0000] {processor.py:829} INFO - Processing file /home/airflow/.local/lib/python3.8/site-packages/airflow/example_dags/example_external_task_marker_dag.py for tasks to queue
[2023-12-18T14:42:28.248+0000] {logging_mixin.py:154} INFO - [2023-12-18T14:42:28.248+0000] {dagbag.py:536} INFO - Filling up the DagBag from /home/airflow/.local/lib/python3.8/site-packages/airflow/example_dags/example_external_task_marker_dag.py
[2023-12-18T14:42:28.252+0000] {processor.py:839} INFO - DAG(s) dict_keys(['example_external_task_marker_child', 'example_external_task_marker_parent']) retrieved from /home/airflow/.local/lib/python3.8/site-packages/airflow/example_dags/example_external_task_marker_dag.py
[2023-12-18T14:42:28.268+0000] {logging_mixin.py:154} INFO - [2023-12-18T14:42:28.267+0000] {dag.py:2941} INFO - Sync 2 DAGs
[2023-12-18T14:42:28.275+0000] {logging_mixin.py:154} INFO - [2023-12-18T14:42:28.275+0000] {dag.py:3722} INFO - Setting next_dagrun for example_external_task_marker_child to None, run_after=None
[2023-12-18T14:42:28.277+0000] {logging_mixin.py:154} INFO - [2023-12-18T14:42:28.277+0000] {dag.py:3722} INFO - Setting next_dagrun for example_external_task_marker_parent to None, run_after=None
[2023-12-18T14:42:28.287+0000] {processor.py:179} INFO - Processing /home/airflow/.local/lib/python3.8/site-packages/airflow/example_dags/example_external_task_marker_dag.py took 0.042 seconds
[2023-12-18T14:42:58.403+0000] {processor.py:157} INFO - Started process (PID=479) to work on /home/airflow/.local/lib/python3.8/site-packages/airflow/example_dags/example_external_task_marker_dag.py
[2023-12-18T14:42:58.404+0000] {processor.py:829} INFO - Processing file /home/airflow/.local/lib/python3.8/site-packages/airflow/example_dags/example_external_task_marker_dag.py for tasks to queue
[2023-12-18T14:42:58.405+0000] {logging_mixin.py:154} INFO - [2023-12-18T14:42:58.405+0000] {dagbag.py:536} INFO - Filling up the DagBag from /home/airflow/.local/lib/python3.8/site-packages/airflow/example_dags/example_external_task_marker_dag.py
[2023-12-18T14:42:58.408+0000] {processor.py:839} INFO - DAG(s) dict_keys(['example_external_task_marker_child', 'example_external_task_marker_parent']) retrieved from /home/airflow/.local/lib/python3.8/site-packages/airflow/example_dags/example_external_task_marker_dag.py
[2023-12-18T14:42:58.423+0000] {logging_mixin.py:154} INFO - [2023-12-18T14:42:58.423+0000] {dag.py:2941} INFO - Sync 2 DAGs
[2023-12-18T14:42:58.431+0000] {logging_mixin.py:154} INFO - [2023-12-18T14:42:58.431+0000] {dag.py:3722} INFO - Setting next_dagrun for example_external_task_marker_child to None, run_after=None
[2023-12-18T14:42:58.433+0000] {logging_mixin.py:154} INFO - [2023-12-18T14:42:58.433+0000] {dag.py:3722} INFO - Setting next_dagrun for example_external_task_marker_parent to None, run_after=None
[2023-12-18T14:42:58.442+0000] {processor.py:179} INFO - Processing /home/airflow/.local/lib/python3.8/site-packages/airflow/example_dags/example_external_task_marker_dag.py took 0.041 seconds
[2023-12-18T14:44:35.368+0000] {processor.py:157} INFO - Started process (PID=62) to work on /home/airflow/.local/lib/python3.8/site-packages/airflow/example_dags/example_external_task_marker_dag.py
[2023-12-18T14:44:35.371+0000] {processor.py:829} INFO - Processing file /home/airflow/.local/lib/python3.8/site-packages/airflow/example_dags/example_external_task_marker_dag.py for tasks to queue
[2023-12-18T14:44:35.374+0000] {logging_mixin.py:154} INFO - [2023-12-18T14:44:35.373+0000] {dagbag.py:536} INFO - Filling up the DagBag from /home/airflow/.local/lib/python3.8/site-packages/airflow/example_dags/example_external_task_marker_dag.py
[2023-12-18T14:44:35.392+0000] {processor.py:839} INFO - DAG(s) dict_keys(['example_external_task_marker_parent', 'example_external_task_marker_child']) retrieved from /home/airflow/.local/lib/python3.8/site-packages/airflow/example_dags/example_external_task_marker_dag.py
[2023-12-18T14:44:35.416+0000] {logging_mixin.py:154} INFO - [2023-12-18T14:44:35.416+0000] {dag.py:2941} INFO - Sync 2 DAGs
[2023-12-18T14:44:35.431+0000] {logging_mixin.py:154} INFO - [2023-12-18T14:44:35.430+0000] {dag.py:3722} INFO - Setting next_dagrun for example_external_task_marker_child to None, run_after=None
[2023-12-18T14:44:35.439+0000] {logging_mixin.py:154} INFO - [2023-12-18T14:44:35.439+0000] {dag.py:3722} INFO - Setting next_dagrun for example_external_task_marker_parent to None, run_after=None
[2023-12-18T14:44:35.463+0000] {processor.py:179} INFO - Processing /home/airflow/.local/lib/python3.8/site-packages/airflow/example_dags/example_external_task_marker_dag.py took 0.099 seconds
[2023-12-18T14:45:05.961+0000] {processor.py:157} INFO - Started process (PID=131) to work on /home/airflow/.local/lib/python3.8/site-packages/airflow/example_dags/example_external_task_marker_dag.py
[2023-12-18T14:45:05.962+0000] {processor.py:829} INFO - Processing file /home/airflow/.local/lib/python3.8/site-packages/airflow/example_dags/example_external_task_marker_dag.py for tasks to queue
[2023-12-18T14:45:05.963+0000] {logging_mixin.py:154} INFO - [2023-12-18T14:45:05.963+0000] {dagbag.py:536} INFO - Filling up the DagBag from /home/airflow/.local/lib/python3.8/site-packages/airflow/example_dags/example_external_task_marker_dag.py
[2023-12-18T14:45:05.968+0000] {processor.py:839} INFO - DAG(s) dict_keys(['example_external_task_marker_parent', 'example_external_task_marker_child']) retrieved from /home/airflow/.local/lib/python3.8/site-packages/airflow/example_dags/example_external_task_marker_dag.py
[2023-12-18T14:45:05.984+0000] {logging_mixin.py:154} INFO - [2023-12-18T14:45:05.984+0000] {dag.py:2941} INFO - Sync 2 DAGs
[2023-12-18T14:45:05.993+0000] {logging_mixin.py:154} INFO - [2023-12-18T14:45:05.993+0000] {dag.py:3722} INFO - Setting next_dagrun for example_external_task_marker_child to None, run_after=None
[2023-12-18T14:45:05.996+0000] {logging_mixin.py:154} INFO - [2023-12-18T14:45:05.996+0000] {dag.py:3722} INFO - Setting next_dagrun for example_external_task_marker_parent to None, run_after=None
[2023-12-18T14:45:06.008+0000] {processor.py:179} INFO - Processing /home/airflow/.local/lib/python3.8/site-packages/airflow/example_dags/example_external_task_marker_dag.py took 0.050 seconds
[2023-12-18T14:45:36.266+0000] {processor.py:157} INFO - Started process (PID=200) to work on /home/airflow/.local/lib/python3.8/site-packages/airflow/example_dags/example_external_task_marker_dag.py
[2023-12-18T14:45:36.281+0000] {processor.py:829} INFO - Processing file /home/airflow/.local/lib/python3.8/site-packages/airflow/example_dags/example_external_task_marker_dag.py for tasks to queue
[2023-12-18T14:45:36.283+0000] {logging_mixin.py:154} INFO - [2023-12-18T14:45:36.283+0000] {dagbag.py:536} INFO - Filling up the DagBag from /home/airflow/.local/lib/python3.8/site-packages/airflow/example_dags/example_external_task_marker_dag.py
[2023-12-18T14:45:36.287+0000] {processor.py:839} INFO - DAG(s) dict_keys(['example_external_task_marker_child', 'example_external_task_marker_parent']) retrieved from /home/airflow/.local/lib/python3.8/site-packages/airflow/example_dags/example_external_task_marker_dag.py
[2023-12-18T14:45:36.302+0000] {logging_mixin.py:154} INFO - [2023-12-18T14:45:36.302+0000] {dag.py:2941} INFO - Sync 2 DAGs
[2023-12-18T14:45:36.309+0000] {logging_mixin.py:154} INFO - [2023-12-18T14:45:36.309+0000] {dag.py:3722} INFO - Setting next_dagrun for example_external_task_marker_child to None, run_after=None
[2023-12-18T14:45:36.312+0000] {logging_mixin.py:154} INFO - [2023-12-18T14:45:36.311+0000] {dag.py:3722} INFO - Setting next_dagrun for example_external_task_marker_parent to None, run_after=None
[2023-12-18T14:45:36.321+0000] {processor.py:179} INFO - Processing /home/airflow/.local/lib/python3.8/site-packages/airflow/example_dags/example_external_task_marker_dag.py took 0.057 seconds
[2023-12-18T14:46:06.424+0000] {processor.py:157} INFO - Started process (PID=269) to work on /home/airflow/.local/lib/python3.8/site-packages/airflow/example_dags/example_external_task_marker_dag.py
[2023-12-18T14:46:06.425+0000] {processor.py:829} INFO - Processing file /home/airflow/.local/lib/python3.8/site-packages/airflow/example_dags/example_external_task_marker_dag.py for tasks to queue
[2023-12-18T14:46:06.426+0000] {logging_mixin.py:154} INFO - [2023-12-18T14:46:06.426+0000] {dagbag.py:536} INFO - Filling up the DagBag from /home/airflow/.local/lib/python3.8/site-packages/airflow/example_dags/example_external_task_marker_dag.py
[2023-12-18T14:46:06.430+0000] {processor.py:839} INFO - DAG(s) dict_keys(['example_external_task_marker_child', 'example_external_task_marker_parent']) retrieved from /home/airflow/.local/lib/python3.8/site-packages/airflow/example_dags/example_external_task_marker_dag.py
[2023-12-18T14:46:06.447+0000] {logging_mixin.py:154} INFO - [2023-12-18T14:46:06.447+0000] {dag.py:2941} INFO - Sync 2 DAGs
[2023-12-18T14:46:06.456+0000] {logging_mixin.py:154} INFO - [2023-12-18T14:46:06.456+0000] {dag.py:3722} INFO - Setting next_dagrun for example_external_task_marker_child to None, run_after=None
[2023-12-18T14:46:06.459+0000] {logging_mixin.py:154} INFO - [2023-12-18T14:46:06.458+0000] {dag.py:3722} INFO - Setting next_dagrun for example_external_task_marker_parent to None, run_after=None
[2023-12-18T14:46:06.490+0000] {processor.py:179} INFO - Processing /home/airflow/.local/lib/python3.8/site-packages/airflow/example_dags/example_external_task_marker_dag.py took 0.068 seconds
[2023-12-18T14:46:37.247+0000] {processor.py:157} INFO - Started process (PID=338) to work on /home/airflow/.local/lib/python3.8/site-packages/airflow/example_dags/example_external_task_marker_dag.py
[2023-12-18T14:46:37.248+0000] {processor.py:829} INFO - Processing file /home/airflow/.local/lib/python3.8/site-packages/airflow/example_dags/example_external_task_marker_dag.py for tasks to queue
[2023-12-18T14:46:37.249+0000] {logging_mixin.py:154} INFO - [2023-12-18T14:46:37.249+0000] {dagbag.py:536} INFO - Filling up the DagBag from /home/airflow/.local/lib/python3.8/site-packages/airflow/example_dags/example_external_task_marker_dag.py
[2023-12-18T14:46:37.252+0000] {processor.py:839} INFO - DAG(s) dict_keys(['example_external_task_marker_parent', 'example_external_task_marker_child']) retrieved from /home/airflow/.local/lib/python3.8/site-packages/airflow/example_dags/example_external_task_marker_dag.py
[2023-12-18T14:46:37.284+0000] {logging_mixin.py:154} INFO - [2023-12-18T14:46:37.283+0000] {dag.py:2941} INFO - Sync 2 DAGs
[2023-12-18T14:46:37.291+0000] {logging_mixin.py:154} INFO - [2023-12-18T14:46:37.291+0000] {dag.py:3722} INFO - Setting next_dagrun for example_external_task_marker_child to None, run_after=None
[2023-12-18T14:46:37.294+0000] {logging_mixin.py:154} INFO - [2023-12-18T14:46:37.293+0000] {dag.py:3722} INFO - Setting next_dagrun for example_external_task_marker_parent to None, run_after=None
[2023-12-18T14:46:37.303+0000] {processor.py:179} INFO - Processing /home/airflow/.local/lib/python3.8/site-packages/airflow/example_dags/example_external_task_marker_dag.py took 0.058 seconds
[2023-12-18T14:47:08.094+0000] {processor.py:157} INFO - Started process (PID=407) to work on /home/airflow/.local/lib/python3.8/site-packages/airflow/example_dags/example_external_task_marker_dag.py
[2023-12-18T14:47:08.095+0000] {processor.py:829} INFO - Processing file /home/airflow/.local/lib/python3.8/site-packages/airflow/example_dags/example_external_task_marker_dag.py for tasks to queue
[2023-12-18T14:47:08.096+0000] {logging_mixin.py:154} INFO - [2023-12-18T14:47:08.096+0000] {dagbag.py:536} INFO - Filling up the DagBag from /home/airflow/.local/lib/python3.8/site-packages/airflow/example_dags/example_external_task_marker_dag.py
[2023-12-18T14:47:08.100+0000] {processor.py:839} INFO - DAG(s) dict_keys(['example_external_task_marker_parent', 'example_external_task_marker_child']) retrieved from /home/airflow/.local/lib/python3.8/site-packages/airflow/example_dags/example_external_task_marker_dag.py
[2023-12-18T14:47:08.114+0000] {logging_mixin.py:154} INFO - [2023-12-18T14:47:08.114+0000] {dag.py:2941} INFO - Sync 2 DAGs
[2023-12-18T14:47:08.122+0000] {logging_mixin.py:154} INFO - [2023-12-18T14:47:08.122+0000] {dag.py:3722} INFO - Setting next_dagrun for example_external_task_marker_child to None, run_after=None
[2023-12-18T14:47:08.124+0000] {logging_mixin.py:154} INFO - [2023-12-18T14:47:08.124+0000] {dag.py:3722} INFO - Setting next_dagrun for example_external_task_marker_parent to None, run_after=None
[2023-12-18T14:47:08.134+0000] {processor.py:179} INFO - Processing /home/airflow/.local/lib/python3.8/site-packages/airflow/example_dags/example_external_task_marker_dag.py took 0.041 seconds
[2023-12-18T14:47:38.236+0000] {processor.py:157} INFO - Started process (PID=476) to work on /home/airflow/.local/lib/python3.8/site-packages/airflow/example_dags/example_external_task_marker_dag.py
[2023-12-18T14:47:38.236+0000] {processor.py:829} INFO - Processing file /home/airflow/.local/lib/python3.8/site-packages/airflow/example_dags/example_external_task_marker_dag.py for tasks to queue
[2023-12-18T14:47:38.237+0000] {logging_mixin.py:154} INFO - [2023-12-18T14:47:38.237+0000] {dagbag.py:536} INFO - Filling up the DagBag from /home/airflow/.local/lib/python3.8/site-packages/airflow/example_dags/example_external_task_marker_dag.py
[2023-12-18T14:47:38.241+0000] {processor.py:839} INFO - DAG(s) dict_keys(['example_external_task_marker_child', 'example_external_task_marker_parent']) retrieved from /home/airflow/.local/lib/python3.8/site-packages/airflow/example_dags/example_external_task_marker_dag.py
[2023-12-18T14:47:38.255+0000] {logging_mixin.py:154} INFO - [2023-12-18T14:47:38.255+0000] {dag.py:2941} INFO - Sync 2 DAGs
[2023-12-18T14:47:38.263+0000] {logging_mixin.py:154} INFO - [2023-12-18T14:47:38.263+0000] {dag.py:3722} INFO - Setting next_dagrun for example_external_task_marker_child to None, run_after=None
[2023-12-18T14:47:38.282+0000] {logging_mixin.py:154} INFO - [2023-12-18T14:47:38.282+0000] {dag.py:3722} INFO - Setting next_dagrun for example_external_task_marker_parent to None, run_after=None
[2023-12-18T14:47:38.298+0000] {processor.py:179} INFO - Processing /home/airflow/.local/lib/python3.8/site-packages/airflow/example_dags/example_external_task_marker_dag.py took 0.065 seconds
[2023-12-18T14:48:08.493+0000] {processor.py:157} INFO - Started process (PID=546) to work on /home/airflow/.local/lib/python3.8/site-packages/airflow/example_dags/example_external_task_marker_dag.py
[2023-12-18T14:48:08.494+0000] {processor.py:829} INFO - Processing file /home/airflow/.local/lib/python3.8/site-packages/airflow/example_dags/example_external_task_marker_dag.py for tasks to queue
[2023-12-18T14:48:08.495+0000] {logging_mixin.py:154} INFO - [2023-12-18T14:48:08.495+0000] {dagbag.py:536} INFO - Filling up the DagBag from /home/airflow/.local/lib/python3.8/site-packages/airflow/example_dags/example_external_task_marker_dag.py
[2023-12-18T14:48:08.498+0000] {processor.py:839} INFO - DAG(s) dict_keys(['example_external_task_marker_parent', 'example_external_task_marker_child']) retrieved from /home/airflow/.local/lib/python3.8/site-packages/airflow/example_dags/example_external_task_marker_dag.py
[2023-12-18T14:48:08.513+0000] {logging_mixin.py:154} INFO - [2023-12-18T14:48:08.513+0000] {dag.py:2941} INFO - Sync 2 DAGs
[2023-12-18T14:48:08.521+0000] {logging_mixin.py:154} INFO - [2023-12-18T14:48:08.521+0000] {dag.py:3722} INFO - Setting next_dagrun for example_external_task_marker_child to None, run_after=None
[2023-12-18T14:48:08.524+0000] {logging_mixin.py:154} INFO - [2023-12-18T14:48:08.523+0000] {dag.py:3722} INFO - Setting next_dagrun for example_external_task_marker_parent to None, run_after=None
[2023-12-18T14:48:08.533+0000] {processor.py:179} INFO - Processing /home/airflow/.local/lib/python3.8/site-packages/airflow/example_dags/example_external_task_marker_dag.py took 0.041 seconds
[2023-12-18T14:48:39.446+0000] {processor.py:157} INFO - Started process (PID=616) to work on /home/airflow/.local/lib/python3.8/site-packages/airflow/example_dags/example_external_task_marker_dag.py
[2023-12-18T14:48:39.447+0000] {processor.py:829} INFO - Processing file /home/airflow/.local/lib/python3.8/site-packages/airflow/example_dags/example_external_task_marker_dag.py for tasks to queue
[2023-12-18T14:48:39.448+0000] {logging_mixin.py:154} INFO - [2023-12-18T14:48:39.447+0000] {dagbag.py:536} INFO - Filling up the DagBag from /home/airflow/.local/lib/python3.8/site-packages/airflow/example_dags/example_external_task_marker_dag.py
[2023-12-18T14:48:39.451+0000] {processor.py:839} INFO - DAG(s) dict_keys(['example_external_task_marker_parent', 'example_external_task_marker_child']) retrieved from /home/airflow/.local/lib/python3.8/site-packages/airflow/example_dags/example_external_task_marker_dag.py
[2023-12-18T14:48:39.483+0000] {logging_mixin.py:154} INFO - [2023-12-18T14:48:39.483+0000] {dag.py:2941} INFO - Sync 2 DAGs
[2023-12-18T14:48:39.492+0000] {logging_mixin.py:154} INFO - [2023-12-18T14:48:39.492+0000] {dag.py:3722} INFO - Setting next_dagrun for example_external_task_marker_child to None, run_after=None
[2023-12-18T14:48:39.494+0000] {logging_mixin.py:154} INFO - [2023-12-18T14:48:39.494+0000] {dag.py:3722} INFO - Setting next_dagrun for example_external_task_marker_parent to None, run_after=None
[2023-12-18T14:48:39.504+0000] {processor.py:179} INFO - Processing /home/airflow/.local/lib/python3.8/site-packages/airflow/example_dags/example_external_task_marker_dag.py took 0.060 seconds
[2023-12-18T14:52:07.794+0000] {processor.py:157} INFO - Started process (PID=63) to work on /home/airflow/.local/lib/python3.8/site-packages/airflow/example_dags/example_external_task_marker_dag.py
[2023-12-18T14:52:07.800+0000] {processor.py:829} INFO - Processing file /home/airflow/.local/lib/python3.8/site-packages/airflow/example_dags/example_external_task_marker_dag.py for tasks to queue
[2023-12-18T14:52:07.802+0000] {logging_mixin.py:154} INFO - [2023-12-18T14:52:07.801+0000] {dagbag.py:536} INFO - Filling up the DagBag from /home/airflow/.local/lib/python3.8/site-packages/airflow/example_dags/example_external_task_marker_dag.py
[2023-12-18T14:52:07.816+0000] {processor.py:839} INFO - DAG(s) dict_keys(['example_external_task_marker_child', 'example_external_task_marker_parent']) retrieved from /home/airflow/.local/lib/python3.8/site-packages/airflow/example_dags/example_external_task_marker_dag.py
[2023-12-18T14:52:07.846+0000] {logging_mixin.py:154} INFO - [2023-12-18T14:52:07.845+0000] {dag.py:2941} INFO - Sync 2 DAGs
[2023-12-18T14:52:07.872+0000] {logging_mixin.py:154} INFO - [2023-12-18T14:52:07.871+0000] {dag.py:3722} INFO - Setting next_dagrun for example_external_task_marker_child to None, run_after=None
[2023-12-18T14:52:07.878+0000] {logging_mixin.py:154} INFO - [2023-12-18T14:52:07.878+0000] {dag.py:3722} INFO - Setting next_dagrun for example_external_task_marker_parent to None, run_after=None
[2023-12-18T14:52:07.905+0000] {processor.py:179} INFO - Processing /home/airflow/.local/lib/python3.8/site-packages/airflow/example_dags/example_external_task_marker_dag.py took 0.113 seconds
[2023-12-18T14:52:38.291+0000] {processor.py:157} INFO - Started process (PID=132) to work on /home/airflow/.local/lib/python3.8/site-packages/airflow/example_dags/example_external_task_marker_dag.py
[2023-12-18T14:52:38.292+0000] {processor.py:829} INFO - Processing file /home/airflow/.local/lib/python3.8/site-packages/airflow/example_dags/example_external_task_marker_dag.py for tasks to queue
[2023-12-18T14:52:38.294+0000] {logging_mixin.py:154} INFO - [2023-12-18T14:52:38.294+0000] {dagbag.py:536} INFO - Filling up the DagBag from /home/airflow/.local/lib/python3.8/site-packages/airflow/example_dags/example_external_task_marker_dag.py
[2023-12-18T14:52:38.301+0000] {processor.py:839} INFO - DAG(s) dict_keys(['example_external_task_marker_parent', 'example_external_task_marker_child']) retrieved from /home/airflow/.local/lib/python3.8/site-packages/airflow/example_dags/example_external_task_marker_dag.py
[2023-12-18T14:52:38.318+0000] {logging_mixin.py:154} INFO - [2023-12-18T14:52:38.318+0000] {dag.py:2941} INFO - Sync 2 DAGs
[2023-12-18T14:52:38.327+0000] {logging_mixin.py:154} INFO - [2023-12-18T14:52:38.327+0000] {dag.py:3722} INFO - Setting next_dagrun for example_external_task_marker_child to None, run_after=None
[2023-12-18T14:52:38.329+0000] {logging_mixin.py:154} INFO - [2023-12-18T14:52:38.329+0000] {dag.py:3722} INFO - Setting next_dagrun for example_external_task_marker_parent to None, run_after=None
[2023-12-18T14:52:38.340+0000] {processor.py:179} INFO - Processing /home/airflow/.local/lib/python3.8/site-packages/airflow/example_dags/example_external_task_marker_dag.py took 0.051 seconds
[2023-12-18T14:53:08.661+0000] {processor.py:157} INFO - Started process (PID=202) to work on /home/airflow/.local/lib/python3.8/site-packages/airflow/example_dags/example_external_task_marker_dag.py
[2023-12-18T14:53:08.661+0000] {processor.py:829} INFO - Processing file /home/airflow/.local/lib/python3.8/site-packages/airflow/example_dags/example_external_task_marker_dag.py for tasks to queue
[2023-12-18T14:53:08.663+0000] {logging_mixin.py:154} INFO - [2023-12-18T14:53:08.662+0000] {dagbag.py:536} INFO - Filling up the DagBag from /home/airflow/.local/lib/python3.8/site-packages/airflow/example_dags/example_external_task_marker_dag.py
[2023-12-18T14:53:08.667+0000] {processor.py:839} INFO - DAG(s) dict_keys(['example_external_task_marker_parent', 'example_external_task_marker_child']) retrieved from /home/airflow/.local/lib/python3.8/site-packages/airflow/example_dags/example_external_task_marker_dag.py
[2023-12-18T14:53:08.685+0000] {logging_mixin.py:154} INFO - [2023-12-18T14:53:08.685+0000] {dag.py:2941} INFO - Sync 2 DAGs
[2023-12-18T14:53:08.692+0000] {logging_mixin.py:154} INFO - [2023-12-18T14:53:08.692+0000] {dag.py:3722} INFO - Setting next_dagrun for example_external_task_marker_child to None, run_after=None
[2023-12-18T14:53:08.694+0000] {logging_mixin.py:154} INFO - [2023-12-18T14:53:08.694+0000] {dag.py:3722} INFO - Setting next_dagrun for example_external_task_marker_parent to None, run_after=None
[2023-12-18T14:53:08.703+0000] {processor.py:179} INFO - Processing /home/airflow/.local/lib/python3.8/site-packages/airflow/example_dags/example_external_task_marker_dag.py took 0.044 seconds
[2023-12-18T14:53:39.447+0000] {processor.py:157} INFO - Started process (PID=271) to work on /home/airflow/.local/lib/python3.8/site-packages/airflow/example_dags/example_external_task_marker_dag.py
[2023-12-18T14:53:39.447+0000] {processor.py:829} INFO - Processing file /home/airflow/.local/lib/python3.8/site-packages/airflow/example_dags/example_external_task_marker_dag.py for tasks to queue
[2023-12-18T14:53:39.449+0000] {logging_mixin.py:154} INFO - [2023-12-18T14:53:39.448+0000] {dagbag.py:536} INFO - Filling up the DagBag from /home/airflow/.local/lib/python3.8/site-packages/airflow/example_dags/example_external_task_marker_dag.py
[2023-12-18T14:53:39.452+0000] {processor.py:839} INFO - DAG(s) dict_keys(['example_external_task_marker_parent', 'example_external_task_marker_child']) retrieved from /home/airflow/.local/lib/python3.8/site-packages/airflow/example_dags/example_external_task_marker_dag.py
[2023-12-18T14:53:39.485+0000] {logging_mixin.py:154} INFO - [2023-12-18T14:53:39.485+0000] {dag.py:2941} INFO - Sync 2 DAGs
[2023-12-18T14:53:39.493+0000] {logging_mixin.py:154} INFO - [2023-12-18T14:53:39.493+0000] {dag.py:3722} INFO - Setting next_dagrun for example_external_task_marker_child to None, run_after=None
[2023-12-18T14:53:39.495+0000] {logging_mixin.py:154} INFO - [2023-12-18T14:53:39.495+0000] {dag.py:3722} INFO - Setting next_dagrun for example_external_task_marker_parent to None, run_after=None
[2023-12-18T14:53:39.505+0000] {processor.py:179} INFO - Processing /home/airflow/.local/lib/python3.8/site-packages/airflow/example_dags/example_external_task_marker_dag.py took 0.060 seconds
