[2023-12-18T14:25:42.182+0000] {processor.py:157} INFO - Started process (PID=83) to work on /home/airflow/.local/lib/python3.8/site-packages/airflow/example_dags/example_branch_labels.py
[2023-12-18T14:25:42.182+0000] {processor.py:829} INFO - Processing file /home/airflow/.local/lib/python3.8/site-packages/airflow/example_dags/example_branch_labels.py for tasks to queue
[2023-12-18T14:25:42.185+0000] {logging_mixin.py:154} INFO - [2023-12-18T14:25:42.185+0000] {dagbag.py:536} INFO - Filling up the DagBag from /home/airflow/.local/lib/python3.8/site-packages/airflow/example_dags/example_branch_labels.py
[2023-12-18T14:25:42.199+0000] {processor.py:839} INFO - DAG(s) dict_keys(['example_branch_labels']) retrieved from /home/airflow/.local/lib/python3.8/site-packages/airflow/example_dags/example_branch_labels.py
[2023-12-18T14:25:42.215+0000] {logging_mixin.py:154} INFO - [2023-12-18T14:25:42.215+0000] {dag.py:2941} INFO - Sync 1 DAGs
[2023-12-18T14:25:42.250+0000] {logging_mixin.py:154} INFO - [2023-12-18T14:25:42.250+0000] {dag.py:3722} INFO - Setting next_dagrun for example_branch_labels to 2023-12-17T00:00:00+00:00, run_after=2023-12-18T00:00:00+00:00
[2023-12-18T14:25:42.337+0000] {processor.py:179} INFO - Processing /home/airflow/.local/lib/python3.8/site-packages/airflow/example_dags/example_branch_labels.py took 0.159 seconds
[2023-12-18T14:26:13.350+0000] {processor.py:157} INFO - Started process (PID=159) to work on /home/airflow/.local/lib/python3.8/site-packages/airflow/example_dags/example_branch_labels.py
[2023-12-18T14:26:13.350+0000] {processor.py:829} INFO - Processing file /home/airflow/.local/lib/python3.8/site-packages/airflow/example_dags/example_branch_labels.py for tasks to queue
[2023-12-18T14:26:13.352+0000] {logging_mixin.py:154} INFO - [2023-12-18T14:26:13.352+0000] {dagbag.py:536} INFO - Filling up the DagBag from /home/airflow/.local/lib/python3.8/site-packages/airflow/example_dags/example_branch_labels.py
[2023-12-18T14:26:13.359+0000] {processor.py:839} INFO - DAG(s) dict_keys(['example_branch_labels']) retrieved from /home/airflow/.local/lib/python3.8/site-packages/airflow/example_dags/example_branch_labels.py
[2023-12-18T14:26:13.375+0000] {logging_mixin.py:154} INFO - [2023-12-18T14:26:13.375+0000] {dag.py:2941} INFO - Sync 1 DAGs
[2023-12-18T14:26:13.402+0000] {logging_mixin.py:154} INFO - [2023-12-18T14:26:13.401+0000] {dag.py:3722} INFO - Setting next_dagrun for example_branch_labels to 2023-12-17T00:00:00+00:00, run_after=2023-12-18T00:00:00+00:00
[2023-12-18T14:26:13.421+0000] {processor.py:179} INFO - Processing /home/airflow/.local/lib/python3.8/site-packages/airflow/example_dags/example_branch_labels.py took 0.075 seconds
[2023-12-18T14:26:44.363+0000] {processor.py:157} INFO - Started process (PID=229) to work on /home/airflow/.local/lib/python3.8/site-packages/airflow/example_dags/example_branch_labels.py
[2023-12-18T14:26:44.366+0000] {processor.py:829} INFO - Processing file /home/airflow/.local/lib/python3.8/site-packages/airflow/example_dags/example_branch_labels.py for tasks to queue
[2023-12-18T14:26:44.368+0000] {logging_mixin.py:154} INFO - [2023-12-18T14:26:44.368+0000] {dagbag.py:536} INFO - Filling up the DagBag from /home/airflow/.local/lib/python3.8/site-packages/airflow/example_dags/example_branch_labels.py
[2023-12-18T14:26:44.377+0000] {processor.py:839} INFO - DAG(s) dict_keys(['example_branch_labels']) retrieved from /home/airflow/.local/lib/python3.8/site-packages/airflow/example_dags/example_branch_labels.py
[2023-12-18T14:26:44.392+0000] {logging_mixin.py:154} INFO - [2023-12-18T14:26:44.392+0000] {dag.py:2941} INFO - Sync 1 DAGs
[2023-12-18T14:26:44.407+0000] {logging_mixin.py:154} INFO - [2023-12-18T14:26:44.407+0000] {dag.py:3722} INFO - Setting next_dagrun for example_branch_labels to 2023-12-17T00:00:00+00:00, run_after=2023-12-18T00:00:00+00:00
[2023-12-18T14:26:44.417+0000] {processor.py:179} INFO - Processing /home/airflow/.local/lib/python3.8/site-packages/airflow/example_dags/example_branch_labels.py took 0.056 seconds
[2023-12-18T14:27:15.179+0000] {processor.py:157} INFO - Started process (PID=298) to work on /home/airflow/.local/lib/python3.8/site-packages/airflow/example_dags/example_branch_labels.py
[2023-12-18T14:27:15.180+0000] {processor.py:829} INFO - Processing file /home/airflow/.local/lib/python3.8/site-packages/airflow/example_dags/example_branch_labels.py for tasks to queue
[2023-12-18T14:27:15.181+0000] {logging_mixin.py:154} INFO - [2023-12-18T14:27:15.181+0000] {dagbag.py:536} INFO - Filling up the DagBag from /home/airflow/.local/lib/python3.8/site-packages/airflow/example_dags/example_branch_labels.py
[2023-12-18T14:27:15.186+0000] {processor.py:839} INFO - DAG(s) dict_keys(['example_branch_labels']) retrieved from /home/airflow/.local/lib/python3.8/site-packages/airflow/example_dags/example_branch_labels.py
[2023-12-18T14:27:15.204+0000] {logging_mixin.py:154} INFO - [2023-12-18T14:27:15.204+0000] {dag.py:2941} INFO - Sync 1 DAGs
[2023-12-18T14:27:15.222+0000] {logging_mixin.py:154} INFO - [2023-12-18T14:27:15.222+0000] {dag.py:3722} INFO - Setting next_dagrun for example_branch_labels to 2023-12-17T00:00:00+00:00, run_after=2023-12-18T00:00:00+00:00
[2023-12-18T14:27:15.235+0000] {processor.py:179} INFO - Processing /home/airflow/.local/lib/python3.8/site-packages/airflow/example_dags/example_branch_labels.py took 0.057 seconds
[2023-12-18T14:27:46.219+0000] {processor.py:157} INFO - Started process (PID=366) to work on /home/airflow/.local/lib/python3.8/site-packages/airflow/example_dags/example_branch_labels.py
[2023-12-18T14:27:46.220+0000] {processor.py:829} INFO - Processing file /home/airflow/.local/lib/python3.8/site-packages/airflow/example_dags/example_branch_labels.py for tasks to queue
[2023-12-18T14:27:46.221+0000] {logging_mixin.py:154} INFO - [2023-12-18T14:27:46.221+0000] {dagbag.py:536} INFO - Filling up the DagBag from /home/airflow/.local/lib/python3.8/site-packages/airflow/example_dags/example_branch_labels.py
[2023-12-18T14:27:46.227+0000] {processor.py:839} INFO - DAG(s) dict_keys(['example_branch_labels']) retrieved from /home/airflow/.local/lib/python3.8/site-packages/airflow/example_dags/example_branch_labels.py
[2023-12-18T14:27:46.248+0000] {logging_mixin.py:154} INFO - [2023-12-18T14:27:46.248+0000] {dag.py:2941} INFO - Sync 1 DAGs
[2023-12-18T14:27:46.265+0000] {logging_mixin.py:154} INFO - [2023-12-18T14:27:46.265+0000] {dag.py:3722} INFO - Setting next_dagrun for example_branch_labels to 2023-12-17T00:00:00+00:00, run_after=2023-12-18T00:00:00+00:00
[2023-12-18T14:27:46.278+0000] {processor.py:179} INFO - Processing /home/airflow/.local/lib/python3.8/site-packages/airflow/example_dags/example_branch_labels.py took 0.061 seconds
[2023-12-18T14:28:17.220+0000] {processor.py:157} INFO - Started process (PID=435) to work on /home/airflow/.local/lib/python3.8/site-packages/airflow/example_dags/example_branch_labels.py
[2023-12-18T14:28:17.222+0000] {processor.py:829} INFO - Processing file /home/airflow/.local/lib/python3.8/site-packages/airflow/example_dags/example_branch_labels.py for tasks to queue
[2023-12-18T14:28:17.224+0000] {logging_mixin.py:154} INFO - [2023-12-18T14:28:17.224+0000] {dagbag.py:536} INFO - Filling up the DagBag from /home/airflow/.local/lib/python3.8/site-packages/airflow/example_dags/example_branch_labels.py
[2023-12-18T14:28:17.229+0000] {processor.py:839} INFO - DAG(s) dict_keys(['example_branch_labels']) retrieved from /home/airflow/.local/lib/python3.8/site-packages/airflow/example_dags/example_branch_labels.py
[2023-12-18T14:28:17.242+0000] {logging_mixin.py:154} INFO - [2023-12-18T14:28:17.242+0000] {dag.py:2941} INFO - Sync 1 DAGs
[2023-12-18T14:28:17.258+0000] {logging_mixin.py:154} INFO - [2023-12-18T14:28:17.258+0000] {dag.py:3722} INFO - Setting next_dagrun for example_branch_labels to 2023-12-17T00:00:00+00:00, run_after=2023-12-18T00:00:00+00:00
[2023-12-18T14:28:17.269+0000] {processor.py:179} INFO - Processing /home/airflow/.local/lib/python3.8/site-packages/airflow/example_dags/example_branch_labels.py took 0.052 seconds
[2023-12-18T14:28:48.106+0000] {processor.py:157} INFO - Started process (PID=504) to work on /home/airflow/.local/lib/python3.8/site-packages/airflow/example_dags/example_branch_labels.py
[2023-12-18T14:28:48.107+0000] {processor.py:829} INFO - Processing file /home/airflow/.local/lib/python3.8/site-packages/airflow/example_dags/example_branch_labels.py for tasks to queue
[2023-12-18T14:28:48.108+0000] {logging_mixin.py:154} INFO - [2023-12-18T14:28:48.108+0000] {dagbag.py:536} INFO - Filling up the DagBag from /home/airflow/.local/lib/python3.8/site-packages/airflow/example_dags/example_branch_labels.py
[2023-12-18T14:28:48.115+0000] {processor.py:839} INFO - DAG(s) dict_keys(['example_branch_labels']) retrieved from /home/airflow/.local/lib/python3.8/site-packages/airflow/example_dags/example_branch_labels.py
[2023-12-18T14:28:48.133+0000] {logging_mixin.py:154} INFO - [2023-12-18T14:28:48.133+0000] {dag.py:2941} INFO - Sync 1 DAGs
[2023-12-18T14:28:48.154+0000] {logging_mixin.py:154} INFO - [2023-12-18T14:28:48.154+0000] {dag.py:3722} INFO - Setting next_dagrun for example_branch_labels to 2023-12-17T00:00:00+00:00, run_after=2023-12-18T00:00:00+00:00
[2023-12-18T14:28:48.168+0000] {processor.py:179} INFO - Processing /home/airflow/.local/lib/python3.8/site-packages/airflow/example_dags/example_branch_labels.py took 0.065 seconds
[2023-12-18T14:29:19.058+0000] {processor.py:157} INFO - Started process (PID=573) to work on /home/airflow/.local/lib/python3.8/site-packages/airflow/example_dags/example_branch_labels.py
[2023-12-18T14:29:19.061+0000] {processor.py:829} INFO - Processing file /home/airflow/.local/lib/python3.8/site-packages/airflow/example_dags/example_branch_labels.py for tasks to queue
[2023-12-18T14:29:19.064+0000] {logging_mixin.py:154} INFO - [2023-12-18T14:29:19.064+0000] {dagbag.py:536} INFO - Filling up the DagBag from /home/airflow/.local/lib/python3.8/site-packages/airflow/example_dags/example_branch_labels.py
[2023-12-18T14:29:19.073+0000] {processor.py:839} INFO - DAG(s) dict_keys(['example_branch_labels']) retrieved from /home/airflow/.local/lib/python3.8/site-packages/airflow/example_dags/example_branch_labels.py
[2023-12-18T14:29:19.087+0000] {logging_mixin.py:154} INFO - [2023-12-18T14:29:19.087+0000] {dag.py:2941} INFO - Sync 1 DAGs
[2023-12-18T14:29:19.101+0000] {logging_mixin.py:154} INFO - [2023-12-18T14:29:19.101+0000] {dag.py:3722} INFO - Setting next_dagrun for example_branch_labels to 2023-12-17T00:00:00+00:00, run_after=2023-12-18T00:00:00+00:00
[2023-12-18T14:29:19.111+0000] {processor.py:179} INFO - Processing /home/airflow/.local/lib/python3.8/site-packages/airflow/example_dags/example_branch_labels.py took 0.055 seconds
[2023-12-18T14:29:49.147+0000] {processor.py:157} INFO - Started process (PID=642) to work on /home/airflow/.local/lib/python3.8/site-packages/airflow/example_dags/example_branch_labels.py
[2023-12-18T14:29:49.148+0000] {processor.py:829} INFO - Processing file /home/airflow/.local/lib/python3.8/site-packages/airflow/example_dags/example_branch_labels.py for tasks to queue
[2023-12-18T14:29:49.150+0000] {logging_mixin.py:154} INFO - [2023-12-18T14:29:49.149+0000] {dagbag.py:536} INFO - Filling up the DagBag from /home/airflow/.local/lib/python3.8/site-packages/airflow/example_dags/example_branch_labels.py
[2023-12-18T14:29:49.157+0000] {processor.py:839} INFO - DAG(s) dict_keys(['example_branch_labels']) retrieved from /home/airflow/.local/lib/python3.8/site-packages/airflow/example_dags/example_branch_labels.py
[2023-12-18T14:29:49.177+0000] {logging_mixin.py:154} INFO - [2023-12-18T14:29:49.177+0000] {dag.py:2941} INFO - Sync 1 DAGs
[2023-12-18T14:29:49.201+0000] {logging_mixin.py:154} INFO - [2023-12-18T14:29:49.200+0000] {dag.py:3722} INFO - Setting next_dagrun for example_branch_labels to 2023-12-17T00:00:00+00:00, run_after=2023-12-18T00:00:00+00:00
[2023-12-18T14:29:49.218+0000] {processor.py:179} INFO - Processing /home/airflow/.local/lib/python3.8/site-packages/airflow/example_dags/example_branch_labels.py took 0.073 seconds
[2023-12-18T14:30:19.325+0000] {processor.py:157} INFO - Started process (PID=712) to work on /home/airflow/.local/lib/python3.8/site-packages/airflow/example_dags/example_branch_labels.py
[2023-12-18T14:30:19.326+0000] {processor.py:829} INFO - Processing file /home/airflow/.local/lib/python3.8/site-packages/airflow/example_dags/example_branch_labels.py for tasks to queue
[2023-12-18T14:30:19.327+0000] {logging_mixin.py:154} INFO - [2023-12-18T14:30:19.326+0000] {dagbag.py:536} INFO - Filling up the DagBag from /home/airflow/.local/lib/python3.8/site-packages/airflow/example_dags/example_branch_labels.py
[2023-12-18T14:30:19.331+0000] {processor.py:839} INFO - DAG(s) dict_keys(['example_branch_labels']) retrieved from /home/airflow/.local/lib/python3.8/site-packages/airflow/example_dags/example_branch_labels.py
[2023-12-18T14:30:19.346+0000] {logging_mixin.py:154} INFO - [2023-12-18T14:30:19.345+0000] {dag.py:2941} INFO - Sync 1 DAGs
[2023-12-18T14:30:19.361+0000] {logging_mixin.py:154} INFO - [2023-12-18T14:30:19.361+0000] {dag.py:3722} INFO - Setting next_dagrun for example_branch_labels to 2023-12-17T00:00:00+00:00, run_after=2023-12-18T00:00:00+00:00
[2023-12-18T14:30:19.393+0000] {processor.py:179} INFO - Processing /home/airflow/.local/lib/python3.8/site-packages/airflow/example_dags/example_branch_labels.py took 0.070 seconds
[2023-12-18T14:30:49.491+0000] {processor.py:157} INFO - Started process (PID=782) to work on /home/airflow/.local/lib/python3.8/site-packages/airflow/example_dags/example_branch_labels.py
[2023-12-18T14:30:49.492+0000] {processor.py:829} INFO - Processing file /home/airflow/.local/lib/python3.8/site-packages/airflow/example_dags/example_branch_labels.py for tasks to queue
[2023-12-18T14:30:49.493+0000] {logging_mixin.py:154} INFO - [2023-12-18T14:30:49.493+0000] {dagbag.py:536} INFO - Filling up the DagBag from /home/airflow/.local/lib/python3.8/site-packages/airflow/example_dags/example_branch_labels.py
[2023-12-18T14:30:49.497+0000] {processor.py:839} INFO - DAG(s) dict_keys(['example_branch_labels']) retrieved from /home/airflow/.local/lib/python3.8/site-packages/airflow/example_dags/example_branch_labels.py
[2023-12-18T14:30:49.510+0000] {logging_mixin.py:154} INFO - [2023-12-18T14:30:49.510+0000] {dag.py:2941} INFO - Sync 1 DAGs
[2023-12-18T14:30:49.524+0000] {logging_mixin.py:154} INFO - [2023-12-18T14:30:49.524+0000] {dag.py:3722} INFO - Setting next_dagrun for example_branch_labels to 2023-12-17T00:00:00+00:00, run_after=2023-12-18T00:00:00+00:00
[2023-12-18T14:30:49.535+0000] {processor.py:179} INFO - Processing /home/airflow/.local/lib/python3.8/site-packages/airflow/example_dags/example_branch_labels.py took 0.045 seconds
[2023-12-18T14:31:20.464+0000] {processor.py:157} INFO - Started process (PID=851) to work on /home/airflow/.local/lib/python3.8/site-packages/airflow/example_dags/example_branch_labels.py
[2023-12-18T14:31:20.464+0000] {processor.py:829} INFO - Processing file /home/airflow/.local/lib/python3.8/site-packages/airflow/example_dags/example_branch_labels.py for tasks to queue
[2023-12-18T14:31:20.466+0000] {logging_mixin.py:154} INFO - [2023-12-18T14:31:20.465+0000] {dagbag.py:536} INFO - Filling up the DagBag from /home/airflow/.local/lib/python3.8/site-packages/airflow/example_dags/example_branch_labels.py
[2023-12-18T14:31:20.470+0000] {processor.py:839} INFO - DAG(s) dict_keys(['example_branch_labels']) retrieved from /home/airflow/.local/lib/python3.8/site-packages/airflow/example_dags/example_branch_labels.py
[2023-12-18T14:31:20.492+0000] {logging_mixin.py:154} INFO - [2023-12-18T14:31:20.491+0000] {dag.py:2941} INFO - Sync 1 DAGs
[2023-12-18T14:31:20.506+0000] {logging_mixin.py:154} INFO - [2023-12-18T14:31:20.505+0000] {dag.py:3722} INFO - Setting next_dagrun for example_branch_labels to 2023-12-17T00:00:00+00:00, run_after=2023-12-18T00:00:00+00:00
[2023-12-18T14:31:20.516+0000] {processor.py:179} INFO - Processing /home/airflow/.local/lib/python3.8/site-packages/airflow/example_dags/example_branch_labels.py took 0.054 seconds
[2023-12-18T14:31:51.374+0000] {processor.py:157} INFO - Started process (PID=920) to work on /home/airflow/.local/lib/python3.8/site-packages/airflow/example_dags/example_branch_labels.py
[2023-12-18T14:31:51.375+0000] {processor.py:829} INFO - Processing file /home/airflow/.local/lib/python3.8/site-packages/airflow/example_dags/example_branch_labels.py for tasks to queue
[2023-12-18T14:31:51.376+0000] {logging_mixin.py:154} INFO - [2023-12-18T14:31:51.376+0000] {dagbag.py:536} INFO - Filling up the DagBag from /home/airflow/.local/lib/python3.8/site-packages/airflow/example_dags/example_branch_labels.py
[2023-12-18T14:31:51.380+0000] {processor.py:839} INFO - DAG(s) dict_keys(['example_branch_labels']) retrieved from /home/airflow/.local/lib/python3.8/site-packages/airflow/example_dags/example_branch_labels.py
[2023-12-18T14:31:51.398+0000] {logging_mixin.py:154} INFO - [2023-12-18T14:31:51.398+0000] {dag.py:2941} INFO - Sync 1 DAGs
[2023-12-18T14:31:51.411+0000] {logging_mixin.py:154} INFO - [2023-12-18T14:31:51.411+0000] {dag.py:3722} INFO - Setting next_dagrun for example_branch_labels to 2023-12-17T00:00:00+00:00, run_after=2023-12-18T00:00:00+00:00
[2023-12-18T14:31:51.422+0000] {processor.py:179} INFO - Processing /home/airflow/.local/lib/python3.8/site-packages/airflow/example_dags/example_branch_labels.py took 0.050 seconds
[2023-12-18T14:32:21.518+0000] {processor.py:157} INFO - Started process (PID=987) to work on /home/airflow/.local/lib/python3.8/site-packages/airflow/example_dags/example_branch_labels.py
[2023-12-18T14:32:21.525+0000] {processor.py:829} INFO - Processing file /home/airflow/.local/lib/python3.8/site-packages/airflow/example_dags/example_branch_labels.py for tasks to queue
[2023-12-18T14:32:21.526+0000] {logging_mixin.py:154} INFO - [2023-12-18T14:32:21.526+0000] {dagbag.py:536} INFO - Filling up the DagBag from /home/airflow/.local/lib/python3.8/site-packages/airflow/example_dags/example_branch_labels.py
[2023-12-18T14:32:21.531+0000] {processor.py:839} INFO - DAG(s) dict_keys(['example_branch_labels']) retrieved from /home/airflow/.local/lib/python3.8/site-packages/airflow/example_dags/example_branch_labels.py
[2023-12-18T14:32:21.545+0000] {logging_mixin.py:154} INFO - [2023-12-18T14:32:21.544+0000] {dag.py:2941} INFO - Sync 1 DAGs
[2023-12-18T14:32:21.558+0000] {logging_mixin.py:154} INFO - [2023-12-18T14:32:21.558+0000] {dag.py:3722} INFO - Setting next_dagrun for example_branch_labels to 2023-12-17T00:00:00+00:00, run_after=2023-12-18T00:00:00+00:00
[2023-12-18T14:32:21.569+0000] {processor.py:179} INFO - Processing /home/airflow/.local/lib/python3.8/site-packages/airflow/example_dags/example_branch_labels.py took 0.055 seconds
[2023-12-18T14:32:52.317+0000] {processor.py:157} INFO - Started process (PID=1056) to work on /home/airflow/.local/lib/python3.8/site-packages/airflow/example_dags/example_branch_labels.py
[2023-12-18T14:32:52.321+0000] {processor.py:829} INFO - Processing file /home/airflow/.local/lib/python3.8/site-packages/airflow/example_dags/example_branch_labels.py for tasks to queue
[2023-12-18T14:32:52.322+0000] {logging_mixin.py:154} INFO - [2023-12-18T14:32:52.322+0000] {dagbag.py:536} INFO - Filling up the DagBag from /home/airflow/.local/lib/python3.8/site-packages/airflow/example_dags/example_branch_labels.py
[2023-12-18T14:32:52.326+0000] {processor.py:839} INFO - DAG(s) dict_keys(['example_branch_labels']) retrieved from /home/airflow/.local/lib/python3.8/site-packages/airflow/example_dags/example_branch_labels.py
[2023-12-18T14:32:52.339+0000] {logging_mixin.py:154} INFO - [2023-12-18T14:32:52.339+0000] {dag.py:2941} INFO - Sync 1 DAGs
[2023-12-18T14:32:52.352+0000] {logging_mixin.py:154} INFO - [2023-12-18T14:32:52.352+0000] {dag.py:3722} INFO - Setting next_dagrun for example_branch_labels to 2023-12-17T00:00:00+00:00, run_after=2023-12-18T00:00:00+00:00
[2023-12-18T14:32:52.361+0000] {processor.py:179} INFO - Processing /home/airflow/.local/lib/python3.8/site-packages/airflow/example_dags/example_branch_labels.py took 0.046 seconds
[2023-12-18T14:33:23.046+0000] {processor.py:157} INFO - Started process (PID=1125) to work on /home/airflow/.local/lib/python3.8/site-packages/airflow/example_dags/example_branch_labels.py
[2023-12-18T14:33:23.049+0000] {processor.py:829} INFO - Processing file /home/airflow/.local/lib/python3.8/site-packages/airflow/example_dags/example_branch_labels.py for tasks to queue
[2023-12-18T14:33:23.051+0000] {logging_mixin.py:154} INFO - [2023-12-18T14:33:23.050+0000] {dagbag.py:536} INFO - Filling up the DagBag from /home/airflow/.local/lib/python3.8/site-packages/airflow/example_dags/example_branch_labels.py
[2023-12-18T14:33:23.055+0000] {processor.py:839} INFO - DAG(s) dict_keys(['example_branch_labels']) retrieved from /home/airflow/.local/lib/python3.8/site-packages/airflow/example_dags/example_branch_labels.py
[2023-12-18T14:33:23.072+0000] {logging_mixin.py:154} INFO - [2023-12-18T14:33:23.072+0000] {dag.py:2941} INFO - Sync 1 DAGs
[2023-12-18T14:33:23.093+0000] {logging_mixin.py:154} INFO - [2023-12-18T14:33:23.093+0000] {dag.py:3722} INFO - Setting next_dagrun for example_branch_labels to 2023-12-17T00:00:00+00:00, run_after=2023-12-18T00:00:00+00:00
[2023-12-18T14:33:23.105+0000] {processor.py:179} INFO - Processing /home/airflow/.local/lib/python3.8/site-packages/airflow/example_dags/example_branch_labels.py took 0.061 seconds
[2023-12-18T14:33:53.913+0000] {processor.py:157} INFO - Started process (PID=1194) to work on /home/airflow/.local/lib/python3.8/site-packages/airflow/example_dags/example_branch_labels.py
[2023-12-18T14:33:53.915+0000] {processor.py:829} INFO - Processing file /home/airflow/.local/lib/python3.8/site-packages/airflow/example_dags/example_branch_labels.py for tasks to queue
[2023-12-18T14:33:53.917+0000] {logging_mixin.py:154} INFO - [2023-12-18T14:33:53.917+0000] {dagbag.py:536} INFO - Filling up the DagBag from /home/airflow/.local/lib/python3.8/site-packages/airflow/example_dags/example_branch_labels.py
[2023-12-18T14:33:53.925+0000] {processor.py:839} INFO - DAG(s) dict_keys(['example_branch_labels']) retrieved from /home/airflow/.local/lib/python3.8/site-packages/airflow/example_dags/example_branch_labels.py
[2023-12-18T14:33:53.939+0000] {logging_mixin.py:154} INFO - [2023-12-18T14:33:53.938+0000] {dag.py:2941} INFO - Sync 1 DAGs
[2023-12-18T14:33:53.952+0000] {logging_mixin.py:154} INFO - [2023-12-18T14:33:53.952+0000] {dag.py:3722} INFO - Setting next_dagrun for example_branch_labels to 2023-12-17T00:00:00+00:00, run_after=2023-12-18T00:00:00+00:00
[2023-12-18T14:33:53.962+0000] {processor.py:179} INFO - Processing /home/airflow/.local/lib/python3.8/site-packages/airflow/example_dags/example_branch_labels.py took 0.052 seconds
[2023-12-18T14:34:24.116+0000] {processor.py:157} INFO - Started process (PID=1263) to work on /home/airflow/.local/lib/python3.8/site-packages/airflow/example_dags/example_branch_labels.py
[2023-12-18T14:34:24.117+0000] {processor.py:829} INFO - Processing file /home/airflow/.local/lib/python3.8/site-packages/airflow/example_dags/example_branch_labels.py for tasks to queue
[2023-12-18T14:34:24.119+0000] {logging_mixin.py:154} INFO - [2023-12-18T14:34:24.119+0000] {dagbag.py:536} INFO - Filling up the DagBag from /home/airflow/.local/lib/python3.8/site-packages/airflow/example_dags/example_branch_labels.py
[2023-12-18T14:34:24.125+0000] {processor.py:839} INFO - DAG(s) dict_keys(['example_branch_labels']) retrieved from /home/airflow/.local/lib/python3.8/site-packages/airflow/example_dags/example_branch_labels.py
[2023-12-18T14:34:24.137+0000] {logging_mixin.py:154} INFO - [2023-12-18T14:34:24.137+0000] {dag.py:2941} INFO - Sync 1 DAGs
[2023-12-18T14:34:24.150+0000] {logging_mixin.py:154} INFO - [2023-12-18T14:34:24.150+0000] {dag.py:3722} INFO - Setting next_dagrun for example_branch_labels to 2023-12-17T00:00:00+00:00, run_after=2023-12-18T00:00:00+00:00
[2023-12-18T14:34:24.160+0000] {processor.py:179} INFO - Processing /home/airflow/.local/lib/python3.8/site-packages/airflow/example_dags/example_branch_labels.py took 0.047 seconds
[2023-12-18T14:34:54.228+0000] {processor.py:157} INFO - Started process (PID=1332) to work on /home/airflow/.local/lib/python3.8/site-packages/airflow/example_dags/example_branch_labels.py
[2023-12-18T14:34:54.229+0000] {processor.py:829} INFO - Processing file /home/airflow/.local/lib/python3.8/site-packages/airflow/example_dags/example_branch_labels.py for tasks to queue
[2023-12-18T14:34:54.230+0000] {logging_mixin.py:154} INFO - [2023-12-18T14:34:54.230+0000] {dagbag.py:536} INFO - Filling up the DagBag from /home/airflow/.local/lib/python3.8/site-packages/airflow/example_dags/example_branch_labels.py
[2023-12-18T14:34:54.234+0000] {processor.py:839} INFO - DAG(s) dict_keys(['example_branch_labels']) retrieved from /home/airflow/.local/lib/python3.8/site-packages/airflow/example_dags/example_branch_labels.py
[2023-12-18T14:34:54.250+0000] {logging_mixin.py:154} INFO - [2023-12-18T14:34:54.250+0000] {dag.py:2941} INFO - Sync 1 DAGs
[2023-12-18T14:34:54.265+0000] {logging_mixin.py:154} INFO - [2023-12-18T14:34:54.265+0000] {dag.py:3722} INFO - Setting next_dagrun for example_branch_labels to 2023-12-17T00:00:00+00:00, run_after=2023-12-18T00:00:00+00:00
[2023-12-18T14:34:54.275+0000] {processor.py:179} INFO - Processing /home/airflow/.local/lib/python3.8/site-packages/airflow/example_dags/example_branch_labels.py took 0.049 seconds
[2023-12-18T14:35:24.339+0000] {processor.py:157} INFO - Started process (PID=1401) to work on /home/airflow/.local/lib/python3.8/site-packages/airflow/example_dags/example_branch_labels.py
[2023-12-18T14:35:24.347+0000] {processor.py:829} INFO - Processing file /home/airflow/.local/lib/python3.8/site-packages/airflow/example_dags/example_branch_labels.py for tasks to queue
[2023-12-18T14:35:24.350+0000] {logging_mixin.py:154} INFO - [2023-12-18T14:35:24.350+0000] {dagbag.py:536} INFO - Filling up the DagBag from /home/airflow/.local/lib/python3.8/site-packages/airflow/example_dags/example_branch_labels.py
[2023-12-18T14:35:24.360+0000] {processor.py:839} INFO - DAG(s) dict_keys(['example_branch_labels']) retrieved from /home/airflow/.local/lib/python3.8/site-packages/airflow/example_dags/example_branch_labels.py
[2023-12-18T14:35:24.374+0000] {logging_mixin.py:154} INFO - [2023-12-18T14:35:24.374+0000] {dag.py:2941} INFO - Sync 1 DAGs
[2023-12-18T14:35:24.394+0000] {logging_mixin.py:154} INFO - [2023-12-18T14:35:24.393+0000] {dag.py:3722} INFO - Setting next_dagrun for example_branch_labels to 2023-12-17T00:00:00+00:00, run_after=2023-12-18T00:00:00+00:00
[2023-12-18T14:35:24.403+0000] {processor.py:179} INFO - Processing /home/airflow/.local/lib/python3.8/site-packages/airflow/example_dags/example_branch_labels.py took 0.069 seconds
[2023-12-18T14:35:54.452+0000] {processor.py:157} INFO - Started process (PID=1469) to work on /home/airflow/.local/lib/python3.8/site-packages/airflow/example_dags/example_branch_labels.py
[2023-12-18T14:35:54.459+0000] {processor.py:829} INFO - Processing file /home/airflow/.local/lib/python3.8/site-packages/airflow/example_dags/example_branch_labels.py for tasks to queue
[2023-12-18T14:35:54.461+0000] {logging_mixin.py:154} INFO - [2023-12-18T14:35:54.461+0000] {dagbag.py:536} INFO - Filling up the DagBag from /home/airflow/.local/lib/python3.8/site-packages/airflow/example_dags/example_branch_labels.py
[2023-12-18T14:35:54.467+0000] {processor.py:839} INFO - DAG(s) dict_keys(['example_branch_labels']) retrieved from /home/airflow/.local/lib/python3.8/site-packages/airflow/example_dags/example_branch_labels.py
[2023-12-18T14:35:54.479+0000] {logging_mixin.py:154} INFO - [2023-12-18T14:35:54.479+0000] {dag.py:2941} INFO - Sync 1 DAGs
[2023-12-18T14:35:54.495+0000] {logging_mixin.py:154} INFO - [2023-12-18T14:35:54.495+0000] {dag.py:3722} INFO - Setting next_dagrun for example_branch_labels to 2023-12-17T00:00:00+00:00, run_after=2023-12-18T00:00:00+00:00
[2023-12-18T14:35:54.508+0000] {processor.py:179} INFO - Processing /home/airflow/.local/lib/python3.8/site-packages/airflow/example_dags/example_branch_labels.py took 0.059 seconds
[2023-12-18T14:36:24.565+0000] {processor.py:157} INFO - Started process (PID=1538) to work on /home/airflow/.local/lib/python3.8/site-packages/airflow/example_dags/example_branch_labels.py
[2023-12-18T14:36:24.566+0000] {processor.py:829} INFO - Processing file /home/airflow/.local/lib/python3.8/site-packages/airflow/example_dags/example_branch_labels.py for tasks to queue
[2023-12-18T14:36:24.568+0000] {logging_mixin.py:154} INFO - [2023-12-18T14:36:24.567+0000] {dagbag.py:536} INFO - Filling up the DagBag from /home/airflow/.local/lib/python3.8/site-packages/airflow/example_dags/example_branch_labels.py
[2023-12-18T14:36:24.573+0000] {processor.py:839} INFO - DAG(s) dict_keys(['example_branch_labels']) retrieved from /home/airflow/.local/lib/python3.8/site-packages/airflow/example_dags/example_branch_labels.py
[2023-12-18T14:36:24.586+0000] {logging_mixin.py:154} INFO - [2023-12-18T14:36:24.586+0000] {dag.py:2941} INFO - Sync 1 DAGs
[2023-12-18T14:36:24.600+0000] {logging_mixin.py:154} INFO - [2023-12-18T14:36:24.600+0000] {dag.py:3722} INFO - Setting next_dagrun for example_branch_labels to 2023-12-17T00:00:00+00:00, run_after=2023-12-18T00:00:00+00:00
[2023-12-18T14:36:24.610+0000] {processor.py:179} INFO - Processing /home/airflow/.local/lib/python3.8/site-packages/airflow/example_dags/example_branch_labels.py took 0.048 seconds
[2023-12-18T14:36:54.753+0000] {processor.py:157} INFO - Started process (PID=1607) to work on /home/airflow/.local/lib/python3.8/site-packages/airflow/example_dags/example_branch_labels.py
[2023-12-18T14:36:54.760+0000] {processor.py:829} INFO - Processing file /home/airflow/.local/lib/python3.8/site-packages/airflow/example_dags/example_branch_labels.py for tasks to queue
[2023-12-18T14:36:54.763+0000] {logging_mixin.py:154} INFO - [2023-12-18T14:36:54.762+0000] {dagbag.py:536} INFO - Filling up the DagBag from /home/airflow/.local/lib/python3.8/site-packages/airflow/example_dags/example_branch_labels.py
[2023-12-18T14:36:54.772+0000] {processor.py:839} INFO - DAG(s) dict_keys(['example_branch_labels']) retrieved from /home/airflow/.local/lib/python3.8/site-packages/airflow/example_dags/example_branch_labels.py
[2023-12-18T14:36:54.785+0000] {logging_mixin.py:154} INFO - [2023-12-18T14:36:54.785+0000] {dag.py:2941} INFO - Sync 1 DAGs
[2023-12-18T14:36:54.798+0000] {logging_mixin.py:154} INFO - [2023-12-18T14:36:54.797+0000] {dag.py:3722} INFO - Setting next_dagrun for example_branch_labels to 2023-12-17T00:00:00+00:00, run_after=2023-12-18T00:00:00+00:00
[2023-12-18T14:36:54.808+0000] {processor.py:179} INFO - Processing /home/airflow/.local/lib/python3.8/site-packages/airflow/example_dags/example_branch_labels.py took 0.058 seconds
[2023-12-18T14:37:25.705+0000] {processor.py:157} INFO - Started process (PID=1676) to work on /home/airflow/.local/lib/python3.8/site-packages/airflow/example_dags/example_branch_labels.py
[2023-12-18T14:37:25.706+0000] {processor.py:829} INFO - Processing file /home/airflow/.local/lib/python3.8/site-packages/airflow/example_dags/example_branch_labels.py for tasks to queue
[2023-12-18T14:37:25.708+0000] {logging_mixin.py:154} INFO - [2023-12-18T14:37:25.707+0000] {dagbag.py:536} INFO - Filling up the DagBag from /home/airflow/.local/lib/python3.8/site-packages/airflow/example_dags/example_branch_labels.py
[2023-12-18T14:37:25.714+0000] {processor.py:839} INFO - DAG(s) dict_keys(['example_branch_labels']) retrieved from /home/airflow/.local/lib/python3.8/site-packages/airflow/example_dags/example_branch_labels.py
[2023-12-18T14:37:25.728+0000] {logging_mixin.py:154} INFO - [2023-12-18T14:37:25.728+0000] {dag.py:2941} INFO - Sync 1 DAGs
[2023-12-18T14:37:25.742+0000] {logging_mixin.py:154} INFO - [2023-12-18T14:37:25.742+0000] {dag.py:3722} INFO - Setting next_dagrun for example_branch_labels to 2023-12-17T00:00:00+00:00, run_after=2023-12-18T00:00:00+00:00
[2023-12-18T14:37:25.752+0000] {processor.py:179} INFO - Processing /home/airflow/.local/lib/python3.8/site-packages/airflow/example_dags/example_branch_labels.py took 0.050 seconds
[2023-12-18T14:37:56.472+0000] {processor.py:157} INFO - Started process (PID=1745) to work on /home/airflow/.local/lib/python3.8/site-packages/airflow/example_dags/example_branch_labels.py
[2023-12-18T14:37:56.473+0000] {processor.py:829} INFO - Processing file /home/airflow/.local/lib/python3.8/site-packages/airflow/example_dags/example_branch_labels.py for tasks to queue
[2023-12-18T14:37:56.475+0000] {logging_mixin.py:154} INFO - [2023-12-18T14:37:56.475+0000] {dagbag.py:536} INFO - Filling up the DagBag from /home/airflow/.local/lib/python3.8/site-packages/airflow/example_dags/example_branch_labels.py
[2023-12-18T14:37:56.479+0000] {processor.py:839} INFO - DAG(s) dict_keys(['example_branch_labels']) retrieved from /home/airflow/.local/lib/python3.8/site-packages/airflow/example_dags/example_branch_labels.py
[2023-12-18T14:37:56.493+0000] {logging_mixin.py:154} INFO - [2023-12-18T14:37:56.493+0000] {dag.py:2941} INFO - Sync 1 DAGs
[2023-12-18T14:37:56.507+0000] {logging_mixin.py:154} INFO - [2023-12-18T14:37:56.507+0000] {dag.py:3722} INFO - Setting next_dagrun for example_branch_labels to 2023-12-17T00:00:00+00:00, run_after=2023-12-18T00:00:00+00:00
[2023-12-18T14:37:56.517+0000] {processor.py:179} INFO - Processing /home/airflow/.local/lib/python3.8/site-packages/airflow/example_dags/example_branch_labels.py took 0.048 seconds
[2023-12-18T14:38:27.177+0000] {processor.py:157} INFO - Started process (PID=1814) to work on /home/airflow/.local/lib/python3.8/site-packages/airflow/example_dags/example_branch_labels.py
[2023-12-18T14:38:27.178+0000] {processor.py:829} INFO - Processing file /home/airflow/.local/lib/python3.8/site-packages/airflow/example_dags/example_branch_labels.py for tasks to queue
[2023-12-18T14:38:27.179+0000] {logging_mixin.py:154} INFO - [2023-12-18T14:38:27.179+0000] {dagbag.py:536} INFO - Filling up the DagBag from /home/airflow/.local/lib/python3.8/site-packages/airflow/example_dags/example_branch_labels.py
[2023-12-18T14:38:27.184+0000] {processor.py:839} INFO - DAG(s) dict_keys(['example_branch_labels']) retrieved from /home/airflow/.local/lib/python3.8/site-packages/airflow/example_dags/example_branch_labels.py
[2023-12-18T14:38:27.197+0000] {logging_mixin.py:154} INFO - [2023-12-18T14:38:27.197+0000] {dag.py:2941} INFO - Sync 1 DAGs
[2023-12-18T14:38:27.211+0000] {logging_mixin.py:154} INFO - [2023-12-18T14:38:27.211+0000] {dag.py:3722} INFO - Setting next_dagrun for example_branch_labels to 2023-12-17T00:00:00+00:00, run_after=2023-12-18T00:00:00+00:00
[2023-12-18T14:38:27.221+0000] {processor.py:179} INFO - Processing /home/airflow/.local/lib/python3.8/site-packages/airflow/example_dags/example_branch_labels.py took 0.046 seconds
[2023-12-18T14:38:58.043+0000] {processor.py:157} INFO - Started process (PID=1883) to work on /home/airflow/.local/lib/python3.8/site-packages/airflow/example_dags/example_branch_labels.py
[2023-12-18T14:38:58.050+0000] {processor.py:829} INFO - Processing file /home/airflow/.local/lib/python3.8/site-packages/airflow/example_dags/example_branch_labels.py for tasks to queue
[2023-12-18T14:38:58.052+0000] {logging_mixin.py:154} INFO - [2023-12-18T14:38:58.052+0000] {dagbag.py:536} INFO - Filling up the DagBag from /home/airflow/.local/lib/python3.8/site-packages/airflow/example_dags/example_branch_labels.py
[2023-12-18T14:38:58.062+0000] {processor.py:839} INFO - DAG(s) dict_keys(['example_branch_labels']) retrieved from /home/airflow/.local/lib/python3.8/site-packages/airflow/example_dags/example_branch_labels.py
[2023-12-18T14:38:58.087+0000] {logging_mixin.py:154} INFO - [2023-12-18T14:38:58.086+0000] {dag.py:2941} INFO - Sync 1 DAGs
[2023-12-18T14:38:58.112+0000] {logging_mixin.py:154} INFO - [2023-12-18T14:38:58.111+0000] {dag.py:3722} INFO - Setting next_dagrun for example_branch_labels to 2023-12-17T00:00:00+00:00, run_after=2023-12-18T00:00:00+00:00
[2023-12-18T14:38:58.125+0000] {processor.py:179} INFO - Processing /home/airflow/.local/lib/python3.8/site-packages/airflow/example_dags/example_branch_labels.py took 0.088 seconds
[2023-12-18T14:39:56.836+0000] {processor.py:157} INFO - Started process (PID=83) to work on /home/airflow/.local/lib/python3.8/site-packages/airflow/example_dags/example_branch_labels.py
[2023-12-18T14:39:56.838+0000] {processor.py:829} INFO - Processing file /home/airflow/.local/lib/python3.8/site-packages/airflow/example_dags/example_branch_labels.py for tasks to queue
[2023-12-18T14:39:56.839+0000] {logging_mixin.py:154} INFO - [2023-12-18T14:39:56.839+0000] {dagbag.py:536} INFO - Filling up the DagBag from /home/airflow/.local/lib/python3.8/site-packages/airflow/example_dags/example_branch_labels.py
[2023-12-18T14:39:56.846+0000] {processor.py:839} INFO - DAG(s) dict_keys(['example_branch_labels']) retrieved from /home/airflow/.local/lib/python3.8/site-packages/airflow/example_dags/example_branch_labels.py
[2023-12-18T14:39:56.857+0000] {logging_mixin.py:154} INFO - [2023-12-18T14:39:56.856+0000] {dag.py:2941} INFO - Sync 1 DAGs
[2023-12-18T14:39:56.889+0000] {logging_mixin.py:154} INFO - [2023-12-18T14:39:56.888+0000] {dag.py:3722} INFO - Setting next_dagrun for example_branch_labels to 2023-12-17T00:00:00+00:00, run_after=2023-12-18T00:00:00+00:00
[2023-12-18T14:39:56.935+0000] {processor.py:179} INFO - Processing /home/airflow/.local/lib/python3.8/site-packages/airflow/example_dags/example_branch_labels.py took 0.102 seconds
[2023-12-18T14:40:27.385+0000] {processor.py:157} INFO - Started process (PID=152) to work on /home/airflow/.local/lib/python3.8/site-packages/airflow/example_dags/example_branch_labels.py
[2023-12-18T14:40:27.390+0000] {processor.py:829} INFO - Processing file /home/airflow/.local/lib/python3.8/site-packages/airflow/example_dags/example_branch_labels.py for tasks to queue
[2023-12-18T14:40:27.393+0000] {logging_mixin.py:154} INFO - [2023-12-18T14:40:27.393+0000] {dagbag.py:536} INFO - Filling up the DagBag from /home/airflow/.local/lib/python3.8/site-packages/airflow/example_dags/example_branch_labels.py
[2023-12-18T14:40:27.401+0000] {processor.py:839} INFO - DAG(s) dict_keys(['example_branch_labels']) retrieved from /home/airflow/.local/lib/python3.8/site-packages/airflow/example_dags/example_branch_labels.py
[2023-12-18T14:40:27.422+0000] {logging_mixin.py:154} INFO - [2023-12-18T14:40:27.422+0000] {dag.py:2941} INFO - Sync 1 DAGs
[2023-12-18T14:40:27.449+0000] {logging_mixin.py:154} INFO - [2023-12-18T14:40:27.449+0000] {dag.py:3722} INFO - Setting next_dagrun for example_branch_labels to 2023-12-17T00:00:00+00:00, run_after=2023-12-18T00:00:00+00:00
[2023-12-18T14:40:27.467+0000] {processor.py:179} INFO - Processing /home/airflow/.local/lib/python3.8/site-packages/airflow/example_dags/example_branch_labels.py took 0.085 seconds
[2023-12-18T14:40:58.367+0000] {processor.py:157} INFO - Started process (PID=221) to work on /home/airflow/.local/lib/python3.8/site-packages/airflow/example_dags/example_branch_labels.py
[2023-12-18T14:40:58.381+0000] {processor.py:829} INFO - Processing file /home/airflow/.local/lib/python3.8/site-packages/airflow/example_dags/example_branch_labels.py for tasks to queue
[2023-12-18T14:40:58.383+0000] {logging_mixin.py:154} INFO - [2023-12-18T14:40:58.382+0000] {dagbag.py:536} INFO - Filling up the DagBag from /home/airflow/.local/lib/python3.8/site-packages/airflow/example_dags/example_branch_labels.py
[2023-12-18T14:40:58.387+0000] {processor.py:839} INFO - DAG(s) dict_keys(['example_branch_labels']) retrieved from /home/airflow/.local/lib/python3.8/site-packages/airflow/example_dags/example_branch_labels.py
[2023-12-18T14:40:58.401+0000] {logging_mixin.py:154} INFO - [2023-12-18T14:40:58.401+0000] {dag.py:2941} INFO - Sync 1 DAGs
[2023-12-18T14:40:58.415+0000] {logging_mixin.py:154} INFO - [2023-12-18T14:40:58.414+0000] {dag.py:3722} INFO - Setting next_dagrun for example_branch_labels to 2023-12-17T00:00:00+00:00, run_after=2023-12-18T00:00:00+00:00
[2023-12-18T14:40:58.425+0000] {processor.py:179} INFO - Processing /home/airflow/.local/lib/python3.8/site-packages/airflow/example_dags/example_branch_labels.py took 0.059 seconds
[2023-12-18T14:41:29.184+0000] {processor.py:157} INFO - Started process (PID=290) to work on /home/airflow/.local/lib/python3.8/site-packages/airflow/example_dags/example_branch_labels.py
[2023-12-18T14:41:29.185+0000] {processor.py:829} INFO - Processing file /home/airflow/.local/lib/python3.8/site-packages/airflow/example_dags/example_branch_labels.py for tasks to queue
[2023-12-18T14:41:29.187+0000] {logging_mixin.py:154} INFO - [2023-12-18T14:41:29.187+0000] {dagbag.py:536} INFO - Filling up the DagBag from /home/airflow/.local/lib/python3.8/site-packages/airflow/example_dags/example_branch_labels.py
[2023-12-18T14:41:29.194+0000] {processor.py:839} INFO - DAG(s) dict_keys(['example_branch_labels']) retrieved from /home/airflow/.local/lib/python3.8/site-packages/airflow/example_dags/example_branch_labels.py
[2023-12-18T14:41:29.207+0000] {logging_mixin.py:154} INFO - [2023-12-18T14:41:29.207+0000] {dag.py:2941} INFO - Sync 1 DAGs
[2023-12-18T14:41:29.221+0000] {logging_mixin.py:154} INFO - [2023-12-18T14:41:29.221+0000] {dag.py:3722} INFO - Setting next_dagrun for example_branch_labels to 2023-12-17T00:00:00+00:00, run_after=2023-12-18T00:00:00+00:00
[2023-12-18T14:41:29.231+0000] {processor.py:179} INFO - Processing /home/airflow/.local/lib/python3.8/site-packages/airflow/example_dags/example_branch_labels.py took 0.069 seconds
[2023-12-18T14:41:59.912+0000] {processor.py:157} INFO - Started process (PID=360) to work on /home/airflow/.local/lib/python3.8/site-packages/airflow/example_dags/example_branch_labels.py
[2023-12-18T14:41:59.913+0000] {processor.py:829} INFO - Processing file /home/airflow/.local/lib/python3.8/site-packages/airflow/example_dags/example_branch_labels.py for tasks to queue
[2023-12-18T14:41:59.914+0000] {logging_mixin.py:154} INFO - [2023-12-18T14:41:59.914+0000] {dagbag.py:536} INFO - Filling up the DagBag from /home/airflow/.local/lib/python3.8/site-packages/airflow/example_dags/example_branch_labels.py
[2023-12-18T14:41:59.918+0000] {processor.py:839} INFO - DAG(s) dict_keys(['example_branch_labels']) retrieved from /home/airflow/.local/lib/python3.8/site-packages/airflow/example_dags/example_branch_labels.py
[2023-12-18T14:41:59.933+0000] {logging_mixin.py:154} INFO - [2023-12-18T14:41:59.932+0000] {dag.py:2941} INFO - Sync 1 DAGs
[2023-12-18T14:41:59.948+0000] {logging_mixin.py:154} INFO - [2023-12-18T14:41:59.947+0000] {dag.py:3722} INFO - Setting next_dagrun for example_branch_labels to 2023-12-17T00:00:00+00:00, run_after=2023-12-18T00:00:00+00:00
[2023-12-18T14:41:59.960+0000] {processor.py:179} INFO - Processing /home/airflow/.local/lib/python3.8/site-packages/airflow/example_dags/example_branch_labels.py took 0.050 seconds
[2023-12-18T14:42:30.179+0000] {processor.py:157} INFO - Started process (PID=429) to work on /home/airflow/.local/lib/python3.8/site-packages/airflow/example_dags/example_branch_labels.py
[2023-12-18T14:42:30.180+0000] {processor.py:829} INFO - Processing file /home/airflow/.local/lib/python3.8/site-packages/airflow/example_dags/example_branch_labels.py for tasks to queue
[2023-12-18T14:42:30.181+0000] {logging_mixin.py:154} INFO - [2023-12-18T14:42:30.181+0000] {dagbag.py:536} INFO - Filling up the DagBag from /home/airflow/.local/lib/python3.8/site-packages/airflow/example_dags/example_branch_labels.py
[2023-12-18T14:42:30.185+0000] {processor.py:839} INFO - DAG(s) dict_keys(['example_branch_labels']) retrieved from /home/airflow/.local/lib/python3.8/site-packages/airflow/example_dags/example_branch_labels.py
[2023-12-18T14:42:30.198+0000] {logging_mixin.py:154} INFO - [2023-12-18T14:42:30.198+0000] {dag.py:2941} INFO - Sync 1 DAGs
[2023-12-18T14:42:30.213+0000] {logging_mixin.py:154} INFO - [2023-12-18T14:42:30.213+0000] {dag.py:3722} INFO - Setting next_dagrun for example_branch_labels to 2023-12-17T00:00:00+00:00, run_after=2023-12-18T00:00:00+00:00
[2023-12-18T14:42:30.224+0000] {processor.py:179} INFO - Processing /home/airflow/.local/lib/python3.8/site-packages/airflow/example_dags/example_branch_labels.py took 0.046 seconds
[2023-12-18T14:43:01.140+0000] {processor.py:157} INFO - Started process (PID=498) to work on /home/airflow/.local/lib/python3.8/site-packages/airflow/example_dags/example_branch_labels.py
[2023-12-18T14:43:01.140+0000] {processor.py:829} INFO - Processing file /home/airflow/.local/lib/python3.8/site-packages/airflow/example_dags/example_branch_labels.py for tasks to queue
[2023-12-18T14:43:01.142+0000] {logging_mixin.py:154} INFO - [2023-12-18T14:43:01.141+0000] {dagbag.py:536} INFO - Filling up the DagBag from /home/airflow/.local/lib/python3.8/site-packages/airflow/example_dags/example_branch_labels.py
[2023-12-18T14:43:01.146+0000] {processor.py:839} INFO - DAG(s) dict_keys(['example_branch_labels']) retrieved from /home/airflow/.local/lib/python3.8/site-packages/airflow/example_dags/example_branch_labels.py
[2023-12-18T14:43:01.159+0000] {logging_mixin.py:154} INFO - [2023-12-18T14:43:01.159+0000] {dag.py:2941} INFO - Sync 1 DAGs
[2023-12-18T14:43:01.190+0000] {logging_mixin.py:154} INFO - [2023-12-18T14:43:01.190+0000] {dag.py:3722} INFO - Setting next_dagrun for example_branch_labels to 2023-12-17T00:00:00+00:00, run_after=2023-12-18T00:00:00+00:00
[2023-12-18T14:43:01.200+0000] {processor.py:179} INFO - Processing /home/airflow/.local/lib/python3.8/site-packages/airflow/example_dags/example_branch_labels.py took 0.063 seconds
[2023-12-18T14:44:37.351+0000] {processor.py:157} INFO - Started process (PID=81) to work on /home/airflow/.local/lib/python3.8/site-packages/airflow/example_dags/example_branch_labels.py
[2023-12-18T14:44:37.356+0000] {processor.py:829} INFO - Processing file /home/airflow/.local/lib/python3.8/site-packages/airflow/example_dags/example_branch_labels.py for tasks to queue
[2023-12-18T14:44:37.358+0000] {logging_mixin.py:154} INFO - [2023-12-18T14:44:37.357+0000] {dagbag.py:536} INFO - Filling up the DagBag from /home/airflow/.local/lib/python3.8/site-packages/airflow/example_dags/example_branch_labels.py
[2023-12-18T14:44:37.373+0000] {processor.py:839} INFO - DAG(s) dict_keys(['example_branch_labels']) retrieved from /home/airflow/.local/lib/python3.8/site-packages/airflow/example_dags/example_branch_labels.py
[2023-12-18T14:44:37.385+0000] {logging_mixin.py:154} INFO - [2023-12-18T14:44:37.385+0000] {dag.py:2941} INFO - Sync 1 DAGs
[2023-12-18T14:44:37.434+0000] {logging_mixin.py:154} INFO - [2023-12-18T14:44:37.434+0000] {dag.py:3722} INFO - Setting next_dagrun for example_branch_labels to 2023-12-17T00:00:00+00:00, run_after=2023-12-18T00:00:00+00:00
[2023-12-18T14:44:37.477+0000] {processor.py:179} INFO - Processing /home/airflow/.local/lib/python3.8/site-packages/airflow/example_dags/example_branch_labels.py took 0.128 seconds
[2023-12-18T14:45:08.030+0000] {processor.py:157} INFO - Started process (PID=150) to work on /home/airflow/.local/lib/python3.8/site-packages/airflow/example_dags/example_branch_labels.py
[2023-12-18T14:45:08.031+0000] {processor.py:829} INFO - Processing file /home/airflow/.local/lib/python3.8/site-packages/airflow/example_dags/example_branch_labels.py for tasks to queue
[2023-12-18T14:45:08.032+0000] {logging_mixin.py:154} INFO - [2023-12-18T14:45:08.032+0000] {dagbag.py:536} INFO - Filling up the DagBag from /home/airflow/.local/lib/python3.8/site-packages/airflow/example_dags/example_branch_labels.py
[2023-12-18T14:45:08.037+0000] {processor.py:839} INFO - DAG(s) dict_keys(['example_branch_labels']) retrieved from /home/airflow/.local/lib/python3.8/site-packages/airflow/example_dags/example_branch_labels.py
[2023-12-18T14:45:08.055+0000] {logging_mixin.py:154} INFO - [2023-12-18T14:45:08.055+0000] {dag.py:2941} INFO - Sync 1 DAGs
[2023-12-18T14:45:08.095+0000] {logging_mixin.py:154} INFO - [2023-12-18T14:45:08.095+0000] {dag.py:3722} INFO - Setting next_dagrun for example_branch_labels to 2023-12-17T00:00:00+00:00, run_after=2023-12-18T00:00:00+00:00
[2023-12-18T14:45:08.112+0000] {processor.py:179} INFO - Processing /home/airflow/.local/lib/python3.8/site-packages/airflow/example_dags/example_branch_labels.py took 0.083 seconds
[2023-12-18T14:45:38.228+0000] {processor.py:157} INFO - Started process (PID=219) to work on /home/airflow/.local/lib/python3.8/site-packages/airflow/example_dags/example_branch_labels.py
[2023-12-18T14:45:38.229+0000] {processor.py:829} INFO - Processing file /home/airflow/.local/lib/python3.8/site-packages/airflow/example_dags/example_branch_labels.py for tasks to queue
[2023-12-18T14:45:38.230+0000] {logging_mixin.py:154} INFO - [2023-12-18T14:45:38.230+0000] {dagbag.py:536} INFO - Filling up the DagBag from /home/airflow/.local/lib/python3.8/site-packages/airflow/example_dags/example_branch_labels.py
[2023-12-18T14:45:38.235+0000] {processor.py:839} INFO - DAG(s) dict_keys(['example_branch_labels']) retrieved from /home/airflow/.local/lib/python3.8/site-packages/airflow/example_dags/example_branch_labels.py
[2023-12-18T14:45:38.252+0000] {logging_mixin.py:154} INFO - [2023-12-18T14:45:38.251+0000] {dag.py:2941} INFO - Sync 1 DAGs
[2023-12-18T14:45:38.283+0000] {logging_mixin.py:154} INFO - [2023-12-18T14:45:38.283+0000] {dag.py:3722} INFO - Setting next_dagrun for example_branch_labels to 2023-12-17T00:00:00+00:00, run_after=2023-12-18T00:00:00+00:00
[2023-12-18T14:45:38.302+0000] {processor.py:179} INFO - Processing /home/airflow/.local/lib/python3.8/site-packages/airflow/example_dags/example_branch_labels.py took 0.076 seconds
[2023-12-18T14:46:09.164+0000] {processor.py:157} INFO - Started process (PID=288) to work on /home/airflow/.local/lib/python3.8/site-packages/airflow/example_dags/example_branch_labels.py
[2023-12-18T14:46:09.164+0000] {processor.py:829} INFO - Processing file /home/airflow/.local/lib/python3.8/site-packages/airflow/example_dags/example_branch_labels.py for tasks to queue
[2023-12-18T14:46:09.182+0000] {logging_mixin.py:154} INFO - [2023-12-18T14:46:09.182+0000] {dagbag.py:536} INFO - Filling up the DagBag from /home/airflow/.local/lib/python3.8/site-packages/airflow/example_dags/example_branch_labels.py
[2023-12-18T14:46:09.187+0000] {processor.py:839} INFO - DAG(s) dict_keys(['example_branch_labels']) retrieved from /home/airflow/.local/lib/python3.8/site-packages/airflow/example_dags/example_branch_labels.py
[2023-12-18T14:46:09.200+0000] {logging_mixin.py:154} INFO - [2023-12-18T14:46:09.199+0000] {dag.py:2941} INFO - Sync 1 DAGs
[2023-12-18T14:46:09.214+0000] {logging_mixin.py:154} INFO - [2023-12-18T14:46:09.214+0000] {dag.py:3722} INFO - Setting next_dagrun for example_branch_labels to 2023-12-17T00:00:00+00:00, run_after=2023-12-18T00:00:00+00:00
[2023-12-18T14:46:09.225+0000] {processor.py:179} INFO - Processing /home/airflow/.local/lib/python3.8/site-packages/airflow/example_dags/example_branch_labels.py took 0.063 seconds
[2023-12-18T14:46:39.938+0000] {processor.py:157} INFO - Started process (PID=357) to work on /home/airflow/.local/lib/python3.8/site-packages/airflow/example_dags/example_branch_labels.py
[2023-12-18T14:46:39.938+0000] {processor.py:829} INFO - Processing file /home/airflow/.local/lib/python3.8/site-packages/airflow/example_dags/example_branch_labels.py for tasks to queue
[2023-12-18T14:46:39.939+0000] {logging_mixin.py:154} INFO - [2023-12-18T14:46:39.939+0000] {dagbag.py:536} INFO - Filling up the DagBag from /home/airflow/.local/lib/python3.8/site-packages/airflow/example_dags/example_branch_labels.py
[2023-12-18T14:46:39.944+0000] {processor.py:839} INFO - DAG(s) dict_keys(['example_branch_labels']) retrieved from /home/airflow/.local/lib/python3.8/site-packages/airflow/example_dags/example_branch_labels.py
[2023-12-18T14:46:39.956+0000] {logging_mixin.py:154} INFO - [2023-12-18T14:46:39.956+0000] {dag.py:2941} INFO - Sync 1 DAGs
[2023-12-18T14:46:39.988+0000] {logging_mixin.py:154} INFO - [2023-12-18T14:46:39.988+0000] {dag.py:3722} INFO - Setting next_dagrun for example_branch_labels to 2023-12-17T00:00:00+00:00, run_after=2023-12-18T00:00:00+00:00
[2023-12-18T14:46:39.999+0000] {processor.py:179} INFO - Processing /home/airflow/.local/lib/python3.8/site-packages/airflow/example_dags/example_branch_labels.py took 0.063 seconds
[2023-12-18T14:47:10.935+0000] {processor.py:157} INFO - Started process (PID=426) to work on /home/airflow/.local/lib/python3.8/site-packages/airflow/example_dags/example_branch_labels.py
[2023-12-18T14:47:10.936+0000] {processor.py:829} INFO - Processing file /home/airflow/.local/lib/python3.8/site-packages/airflow/example_dags/example_branch_labels.py for tasks to queue
[2023-12-18T14:47:10.937+0000] {logging_mixin.py:154} INFO - [2023-12-18T14:47:10.937+0000] {dagbag.py:536} INFO - Filling up the DagBag from /home/airflow/.local/lib/python3.8/site-packages/airflow/example_dags/example_branch_labels.py
[2023-12-18T14:47:10.942+0000] {processor.py:839} INFO - DAG(s) dict_keys(['example_branch_labels']) retrieved from /home/airflow/.local/lib/python3.8/site-packages/airflow/example_dags/example_branch_labels.py
[2023-12-18T14:47:10.954+0000] {logging_mixin.py:154} INFO - [2023-12-18T14:47:10.954+0000] {dag.py:2941} INFO - Sync 1 DAGs
[2023-12-18T14:47:10.967+0000] {logging_mixin.py:154} INFO - [2023-12-18T14:47:10.967+0000] {dag.py:3722} INFO - Setting next_dagrun for example_branch_labels to 2023-12-17T00:00:00+00:00, run_after=2023-12-18T00:00:00+00:00
[2023-12-18T14:47:10.976+0000] {processor.py:179} INFO - Processing /home/airflow/.local/lib/python3.8/site-packages/airflow/example_dags/example_branch_labels.py took 0.043 seconds
[2023-12-18T14:47:41.147+0000] {processor.py:157} INFO - Started process (PID=495) to work on /home/airflow/.local/lib/python3.8/site-packages/airflow/example_dags/example_branch_labels.py
[2023-12-18T14:47:41.148+0000] {processor.py:829} INFO - Processing file /home/airflow/.local/lib/python3.8/site-packages/airflow/example_dags/example_branch_labels.py for tasks to queue
[2023-12-18T14:47:41.149+0000] {logging_mixin.py:154} INFO - [2023-12-18T14:47:41.149+0000] {dagbag.py:536} INFO - Filling up the DagBag from /home/airflow/.local/lib/python3.8/site-packages/airflow/example_dags/example_branch_labels.py
[2023-12-18T14:47:41.153+0000] {processor.py:839} INFO - DAG(s) dict_keys(['example_branch_labels']) retrieved from /home/airflow/.local/lib/python3.8/site-packages/airflow/example_dags/example_branch_labels.py
[2023-12-18T14:47:41.165+0000] {logging_mixin.py:154} INFO - [2023-12-18T14:47:41.165+0000] {dag.py:2941} INFO - Sync 1 DAGs
[2023-12-18T14:47:41.178+0000] {logging_mixin.py:154} INFO - [2023-12-18T14:47:41.178+0000] {dag.py:3722} INFO - Setting next_dagrun for example_branch_labels to 2023-12-17T00:00:00+00:00, run_after=2023-12-18T00:00:00+00:00
[2023-12-18T14:47:41.187+0000] {processor.py:179} INFO - Processing /home/airflow/.local/lib/python3.8/site-packages/airflow/example_dags/example_branch_labels.py took 0.042 seconds
[2023-12-18T14:48:11.343+0000] {processor.py:157} INFO - Started process (PID=565) to work on /home/airflow/.local/lib/python3.8/site-packages/airflow/example_dags/example_branch_labels.py
[2023-12-18T14:48:11.344+0000] {processor.py:829} INFO - Processing file /home/airflow/.local/lib/python3.8/site-packages/airflow/example_dags/example_branch_labels.py for tasks to queue
[2023-12-18T14:48:11.345+0000] {logging_mixin.py:154} INFO - [2023-12-18T14:48:11.345+0000] {dagbag.py:536} INFO - Filling up the DagBag from /home/airflow/.local/lib/python3.8/site-packages/airflow/example_dags/example_branch_labels.py
[2023-12-18T14:48:11.349+0000] {processor.py:839} INFO - DAG(s) dict_keys(['example_branch_labels']) retrieved from /home/airflow/.local/lib/python3.8/site-packages/airflow/example_dags/example_branch_labels.py
[2023-12-18T14:48:11.362+0000] {logging_mixin.py:154} INFO - [2023-12-18T14:48:11.362+0000] {dag.py:2941} INFO - Sync 1 DAGs
[2023-12-18T14:48:11.376+0000] {logging_mixin.py:154} INFO - [2023-12-18T14:48:11.376+0000] {dag.py:3722} INFO - Setting next_dagrun for example_branch_labels to 2023-12-17T00:00:00+00:00, run_after=2023-12-18T00:00:00+00:00
[2023-12-18T14:48:11.387+0000] {processor.py:179} INFO - Processing /home/airflow/.local/lib/python3.8/site-packages/airflow/example_dags/example_branch_labels.py took 0.046 seconds
[2023-12-18T14:48:42.252+0000] {processor.py:157} INFO - Started process (PID=635) to work on /home/airflow/.local/lib/python3.8/site-packages/airflow/example_dags/example_branch_labels.py
[2023-12-18T14:48:42.254+0000] {processor.py:829} INFO - Processing file /home/airflow/.local/lib/python3.8/site-packages/airflow/example_dags/example_branch_labels.py for tasks to queue
[2023-12-18T14:48:42.255+0000] {logging_mixin.py:154} INFO - [2023-12-18T14:48:42.255+0000] {dagbag.py:536} INFO - Filling up the DagBag from /home/airflow/.local/lib/python3.8/site-packages/airflow/example_dags/example_branch_labels.py
[2023-12-18T14:48:42.260+0000] {processor.py:839} INFO - DAG(s) dict_keys(['example_branch_labels']) retrieved from /home/airflow/.local/lib/python3.8/site-packages/airflow/example_dags/example_branch_labels.py
[2023-12-18T14:48:42.297+0000] {logging_mixin.py:154} INFO - [2023-12-18T14:48:42.297+0000] {dag.py:2941} INFO - Sync 1 DAGs
[2023-12-18T14:48:42.313+0000] {logging_mixin.py:154} INFO - [2023-12-18T14:48:42.313+0000] {dag.py:3722} INFO - Setting next_dagrun for example_branch_labels to 2023-12-17T00:00:00+00:00, run_after=2023-12-18T00:00:00+00:00
[2023-12-18T14:48:42.326+0000] {processor.py:179} INFO - Processing /home/airflow/.local/lib/python3.8/site-packages/airflow/example_dags/example_branch_labels.py took 0.076 seconds
[2023-12-18T14:52:09.695+0000] {processor.py:157} INFO - Started process (PID=82) to work on /home/airflow/.local/lib/python3.8/site-packages/airflow/example_dags/example_branch_labels.py
[2023-12-18T14:52:09.697+0000] {processor.py:829} INFO - Processing file /home/airflow/.local/lib/python3.8/site-packages/airflow/example_dags/example_branch_labels.py for tasks to queue
[2023-12-18T14:52:09.700+0000] {logging_mixin.py:154} INFO - [2023-12-18T14:52:09.700+0000] {dagbag.py:536} INFO - Filling up the DagBag from /home/airflow/.local/lib/python3.8/site-packages/airflow/example_dags/example_branch_labels.py
[2023-12-18T14:52:09.714+0000] {processor.py:839} INFO - DAG(s) dict_keys(['example_branch_labels']) retrieved from /home/airflow/.local/lib/python3.8/site-packages/airflow/example_dags/example_branch_labels.py
[2023-12-18T14:52:09.746+0000] {logging_mixin.py:154} INFO - [2023-12-18T14:52:09.746+0000] {dag.py:2941} INFO - Sync 1 DAGs
[2023-12-18T14:52:09.774+0000] {logging_mixin.py:154} INFO - [2023-12-18T14:52:09.774+0000] {dag.py:3722} INFO - Setting next_dagrun for example_branch_labels to 2023-12-17T00:00:00+00:00, run_after=2023-12-18T00:00:00+00:00
[2023-12-18T14:52:09.804+0000] {processor.py:179} INFO - Processing /home/airflow/.local/lib/python3.8/site-packages/airflow/example_dags/example_branch_labels.py took 0.112 seconds
[2023-12-18T14:52:40.344+0000] {processor.py:157} INFO - Started process (PID=151) to work on /home/airflow/.local/lib/python3.8/site-packages/airflow/example_dags/example_branch_labels.py
[2023-12-18T14:52:40.345+0000] {processor.py:829} INFO - Processing file /home/airflow/.local/lib/python3.8/site-packages/airflow/example_dags/example_branch_labels.py for tasks to queue
[2023-12-18T14:52:40.347+0000] {logging_mixin.py:154} INFO - [2023-12-18T14:52:40.347+0000] {dagbag.py:536} INFO - Filling up the DagBag from /home/airflow/.local/lib/python3.8/site-packages/airflow/example_dags/example_branch_labels.py
[2023-12-18T14:52:40.355+0000] {processor.py:839} INFO - DAG(s) dict_keys(['example_branch_labels']) retrieved from /home/airflow/.local/lib/python3.8/site-packages/airflow/example_dags/example_branch_labels.py
[2023-12-18T14:52:40.393+0000] {logging_mixin.py:154} INFO - [2023-12-18T14:52:40.392+0000] {dag.py:2941} INFO - Sync 1 DAGs
[2023-12-18T14:52:40.414+0000] {logging_mixin.py:154} INFO - [2023-12-18T14:52:40.414+0000] {dag.py:3722} INFO - Setting next_dagrun for example_branch_labels to 2023-12-17T00:00:00+00:00, run_after=2023-12-18T00:00:00+00:00
[2023-12-18T14:52:40.429+0000] {processor.py:179} INFO - Processing /home/airflow/.local/lib/python3.8/site-packages/airflow/example_dags/example_branch_labels.py took 0.088 seconds
[2023-12-18T14:53:11.377+0000] {processor.py:157} INFO - Started process (PID=221) to work on /home/airflow/.local/lib/python3.8/site-packages/airflow/example_dags/example_branch_labels.py
[2023-12-18T14:53:11.378+0000] {processor.py:829} INFO - Processing file /home/airflow/.local/lib/python3.8/site-packages/airflow/example_dags/example_branch_labels.py for tasks to queue
[2023-12-18T14:53:11.380+0000] {logging_mixin.py:154} INFO - [2023-12-18T14:53:11.379+0000] {dagbag.py:536} INFO - Filling up the DagBag from /home/airflow/.local/lib/python3.8/site-packages/airflow/example_dags/example_branch_labels.py
[2023-12-18T14:53:11.384+0000] {processor.py:839} INFO - DAG(s) dict_keys(['example_branch_labels']) retrieved from /home/airflow/.local/lib/python3.8/site-packages/airflow/example_dags/example_branch_labels.py
[2023-12-18T14:53:11.397+0000] {logging_mixin.py:154} INFO - [2023-12-18T14:53:11.396+0000] {dag.py:2941} INFO - Sync 1 DAGs
[2023-12-18T14:53:11.411+0000] {logging_mixin.py:154} INFO - [2023-12-18T14:53:11.410+0000] {dag.py:3722} INFO - Setting next_dagrun for example_branch_labels to 2023-12-17T00:00:00+00:00, run_after=2023-12-18T00:00:00+00:00
[2023-12-18T14:53:11.421+0000] {processor.py:179} INFO - Processing /home/airflow/.local/lib/python3.8/site-packages/airflow/example_dags/example_branch_labels.py took 0.046 seconds
[2023-12-18T14:53:42.162+0000] {processor.py:157} INFO - Started process (PID=290) to work on /home/airflow/.local/lib/python3.8/site-packages/airflow/example_dags/example_branch_labels.py
[2023-12-18T14:53:42.163+0000] {processor.py:829} INFO - Processing file /home/airflow/.local/lib/python3.8/site-packages/airflow/example_dags/example_branch_labels.py for tasks to queue
[2023-12-18T14:53:42.164+0000] {logging_mixin.py:154} INFO - [2023-12-18T14:53:42.164+0000] {dagbag.py:536} INFO - Filling up the DagBag from /home/airflow/.local/lib/python3.8/site-packages/airflow/example_dags/example_branch_labels.py
[2023-12-18T14:53:42.170+0000] {processor.py:839} INFO - DAG(s) dict_keys(['example_branch_labels']) retrieved from /home/airflow/.local/lib/python3.8/site-packages/airflow/example_dags/example_branch_labels.py
[2023-12-18T14:53:42.185+0000] {logging_mixin.py:154} INFO - [2023-12-18T14:53:42.184+0000] {dag.py:2941} INFO - Sync 1 DAGs
[2023-12-18T14:53:42.204+0000] {logging_mixin.py:154} INFO - [2023-12-18T14:53:42.204+0000] {dag.py:3722} INFO - Setting next_dagrun for example_branch_labels to 2023-12-17T00:00:00+00:00, run_after=2023-12-18T00:00:00+00:00
[2023-12-18T14:53:42.214+0000] {processor.py:179} INFO - Processing /home/airflow/.local/lib/python3.8/site-packages/airflow/example_dags/example_branch_labels.py took 0.054 seconds
