[2023-12-18T14:25:42.362+0000] {processor.py:157} INFO - Started process (PID=90) to work on /home/airflow/.local/lib/python3.8/site-packages/airflow/example_dags/example_sla_dag.py
[2023-12-18T14:25:42.363+0000] {processor.py:829} INFO - Processing file /home/airflow/.local/lib/python3.8/site-packages/airflow/example_dags/example_sla_dag.py for tasks to queue
[2023-12-18T14:25:42.364+0000] {logging_mixin.py:154} INFO - [2023-12-18T14:25:42.364+0000] {dagbag.py:536} INFO - Filling up the DagBag from /home/airflow/.local/lib/python3.8/site-packages/airflow/example_dags/example_sla_dag.py
[2023-12-18T14:25:42.370+0000] {processor.py:839} INFO - DAG(s) dict_keys(['example_sla_dag']) retrieved from /home/airflow/.local/lib/python3.8/site-packages/airflow/example_dags/example_sla_dag.py
[2023-12-18T14:25:42.412+0000] {logging_mixin.py:154} INFO - [2023-12-18T14:25:42.411+0000] {dag.py:2941} INFO - Sync 1 DAGs
[2023-12-18T14:25:42.443+0000] {logging_mixin.py:154} INFO - [2023-12-18T14:25:42.443+0000] {dag.py:3722} INFO - Setting next_dagrun for example_sla_dag to 2023-12-18T14:22:00+00:00, run_after=2023-12-18T14:24:00+00:00
[2023-12-18T14:25:42.458+0000] {processor.py:179} INFO - Processing /home/airflow/.local/lib/python3.8/site-packages/airflow/example_dags/example_sla_dag.py took 0.099 seconds
[2023-12-18T14:26:13.438+0000] {processor.py:157} INFO - Started process (PID=160) to work on /home/airflow/.local/lib/python3.8/site-packages/airflow/example_dags/example_sla_dag.py
[2023-12-18T14:26:13.439+0000] {processor.py:829} INFO - Processing file /home/airflow/.local/lib/python3.8/site-packages/airflow/example_dags/example_sla_dag.py for tasks to queue
[2023-12-18T14:26:13.440+0000] {logging_mixin.py:154} INFO - [2023-12-18T14:26:13.440+0000] {dagbag.py:536} INFO - Filling up the DagBag from /home/airflow/.local/lib/python3.8/site-packages/airflow/example_dags/example_sla_dag.py
[2023-12-18T14:26:13.447+0000] {processor.py:839} INFO - DAG(s) dict_keys(['example_sla_dag']) retrieved from /home/airflow/.local/lib/python3.8/site-packages/airflow/example_dags/example_sla_dag.py
[2023-12-18T14:26:13.484+0000] {logging_mixin.py:154} INFO - [2023-12-18T14:26:13.483+0000] {dag.py:2941} INFO - Sync 1 DAGs
[2023-12-18T14:26:13.515+0000] {logging_mixin.py:154} INFO - [2023-12-18T14:26:13.515+0000] {dag.py:3722} INFO - Setting next_dagrun for example_sla_dag to 2023-12-18T14:24:00+00:00, run_after=2023-12-18T14:26:00+00:00
[2023-12-18T14:26:13.533+0000] {processor.py:179} INFO - Processing /home/airflow/.local/lib/python3.8/site-packages/airflow/example_dags/example_sla_dag.py took 0.097 seconds
[2023-12-18T14:26:44.427+0000] {processor.py:157} INFO - Started process (PID=230) to work on /home/airflow/.local/lib/python3.8/site-packages/airflow/example_dags/example_sla_dag.py
[2023-12-18T14:26:44.427+0000] {processor.py:829} INFO - Processing file /home/airflow/.local/lib/python3.8/site-packages/airflow/example_dags/example_sla_dag.py for tasks to queue
[2023-12-18T14:26:44.428+0000] {logging_mixin.py:154} INFO - [2023-12-18T14:26:44.428+0000] {dagbag.py:536} INFO - Filling up the DagBag from /home/airflow/.local/lib/python3.8/site-packages/airflow/example_dags/example_sla_dag.py
[2023-12-18T14:26:44.433+0000] {processor.py:839} INFO - DAG(s) dict_keys(['example_sla_dag']) retrieved from /home/airflow/.local/lib/python3.8/site-packages/airflow/example_dags/example_sla_dag.py
[2023-12-18T14:26:44.444+0000] {logging_mixin.py:154} INFO - [2023-12-18T14:26:44.444+0000] {dag.py:2941} INFO - Sync 1 DAGs
[2023-12-18T14:26:44.458+0000] {logging_mixin.py:154} INFO - [2023-12-18T14:26:44.458+0000] {dag.py:3722} INFO - Setting next_dagrun for example_sla_dag to 2023-12-18T14:24:00+00:00, run_after=2023-12-18T14:26:00+00:00
[2023-12-18T14:26:44.467+0000] {processor.py:179} INFO - Processing /home/airflow/.local/lib/python3.8/site-packages/airflow/example_dags/example_sla_dag.py took 0.042 seconds
[2023-12-18T14:27:15.253+0000] {processor.py:157} INFO - Started process (PID=299) to work on /home/airflow/.local/lib/python3.8/site-packages/airflow/example_dags/example_sla_dag.py
[2023-12-18T14:27:15.253+0000] {processor.py:829} INFO - Processing file /home/airflow/.local/lib/python3.8/site-packages/airflow/example_dags/example_sla_dag.py for tasks to queue
[2023-12-18T14:27:15.255+0000] {logging_mixin.py:154} INFO - [2023-12-18T14:27:15.254+0000] {dagbag.py:536} INFO - Filling up the DagBag from /home/airflow/.local/lib/python3.8/site-packages/airflow/example_dags/example_sla_dag.py
[2023-12-18T14:27:15.262+0000] {processor.py:839} INFO - DAG(s) dict_keys(['example_sla_dag']) retrieved from /home/airflow/.local/lib/python3.8/site-packages/airflow/example_dags/example_sla_dag.py
[2023-12-18T14:27:15.288+0000] {logging_mixin.py:154} INFO - [2023-12-18T14:27:15.288+0000] {dag.py:2941} INFO - Sync 1 DAGs
[2023-12-18T14:27:15.307+0000] {logging_mixin.py:154} INFO - [2023-12-18T14:27:15.307+0000] {dag.py:3722} INFO - Setting next_dagrun for example_sla_dag to 2023-12-18T14:24:00+00:00, run_after=2023-12-18T14:26:00+00:00
[2023-12-18T14:27:15.317+0000] {processor.py:179} INFO - Processing /home/airflow/.local/lib/python3.8/site-packages/airflow/example_dags/example_sla_dag.py took 0.067 seconds
[2023-12-18T14:27:46.283+0000] {processor.py:157} INFO - Started process (PID=367) to work on /home/airflow/.local/lib/python3.8/site-packages/airflow/example_dags/example_sla_dag.py
[2023-12-18T14:27:46.283+0000] {processor.py:829} INFO - Processing file /home/airflow/.local/lib/python3.8/site-packages/airflow/example_dags/example_sla_dag.py for tasks to queue
[2023-12-18T14:27:46.285+0000] {logging_mixin.py:154} INFO - [2023-12-18T14:27:46.285+0000] {dagbag.py:536} INFO - Filling up the DagBag from /home/airflow/.local/lib/python3.8/site-packages/airflow/example_dags/example_sla_dag.py
[2023-12-18T14:27:46.291+0000] {processor.py:839} INFO - DAG(s) dict_keys(['example_sla_dag']) retrieved from /home/airflow/.local/lib/python3.8/site-packages/airflow/example_dags/example_sla_dag.py
[2023-12-18T14:27:46.307+0000] {logging_mixin.py:154} INFO - [2023-12-18T14:27:46.306+0000] {dag.py:2941} INFO - Sync 1 DAGs
[2023-12-18T14:27:46.328+0000] {logging_mixin.py:154} INFO - [2023-12-18T14:27:46.328+0000] {dag.py:3722} INFO - Setting next_dagrun for example_sla_dag to 2023-12-18T14:24:00+00:00, run_after=2023-12-18T14:26:00+00:00
[2023-12-18T14:27:46.343+0000] {processor.py:179} INFO - Processing /home/airflow/.local/lib/python3.8/site-packages/airflow/example_dags/example_sla_dag.py took 0.062 seconds
[2023-12-18T14:28:17.274+0000] {processor.py:157} INFO - Started process (PID=436) to work on /home/airflow/.local/lib/python3.8/site-packages/airflow/example_dags/example_sla_dag.py
[2023-12-18T14:28:17.274+0000] {processor.py:829} INFO - Processing file /home/airflow/.local/lib/python3.8/site-packages/airflow/example_dags/example_sla_dag.py for tasks to queue
[2023-12-18T14:28:17.275+0000] {logging_mixin.py:154} INFO - [2023-12-18T14:28:17.275+0000] {dagbag.py:536} INFO - Filling up the DagBag from /home/airflow/.local/lib/python3.8/site-packages/airflow/example_dags/example_sla_dag.py
[2023-12-18T14:28:17.280+0000] {processor.py:839} INFO - DAG(s) dict_keys(['example_sla_dag']) retrieved from /home/airflow/.local/lib/python3.8/site-packages/airflow/example_dags/example_sla_dag.py
[2023-12-18T14:28:17.292+0000] {logging_mixin.py:154} INFO - [2023-12-18T14:28:17.292+0000] {dag.py:2941} INFO - Sync 1 DAGs
[2023-12-18T14:28:17.307+0000] {logging_mixin.py:154} INFO - [2023-12-18T14:28:17.307+0000] {dag.py:3722} INFO - Setting next_dagrun for example_sla_dag to 2023-12-18T14:26:00+00:00, run_after=2023-12-18T14:28:00+00:00
[2023-12-18T14:28:17.317+0000] {processor.py:179} INFO - Processing /home/airflow/.local/lib/python3.8/site-packages/airflow/example_dags/example_sla_dag.py took 0.045 seconds
[2023-12-18T14:28:48.162+0000] {processor.py:157} INFO - Started process (PID=505) to work on /home/airflow/.local/lib/python3.8/site-packages/airflow/example_dags/example_sla_dag.py
[2023-12-18T14:28:48.163+0000] {processor.py:829} INFO - Processing file /home/airflow/.local/lib/python3.8/site-packages/airflow/example_dags/example_sla_dag.py for tasks to queue
[2023-12-18T14:28:48.164+0000] {logging_mixin.py:154} INFO - [2023-12-18T14:28:48.164+0000] {dagbag.py:536} INFO - Filling up the DagBag from /home/airflow/.local/lib/python3.8/site-packages/airflow/example_dags/example_sla_dag.py
[2023-12-18T14:28:48.169+0000] {processor.py:839} INFO - DAG(s) dict_keys(['example_sla_dag']) retrieved from /home/airflow/.local/lib/python3.8/site-packages/airflow/example_dags/example_sla_dag.py
[2023-12-18T14:28:48.192+0000] {logging_mixin.py:154} INFO - [2023-12-18T14:28:48.192+0000] {dag.py:2941} INFO - Sync 1 DAGs
[2023-12-18T14:28:48.207+0000] {logging_mixin.py:154} INFO - [2023-12-18T14:28:48.207+0000] {dag.py:3722} INFO - Setting next_dagrun for example_sla_dag to 2023-12-18T14:26:00+00:00, run_after=2023-12-18T14:28:00+00:00
[2023-12-18T14:28:48.217+0000] {processor.py:179} INFO - Processing /home/airflow/.local/lib/python3.8/site-packages/airflow/example_dags/example_sla_dag.py took 0.057 seconds
[2023-12-18T14:29:19.121+0000] {processor.py:157} INFO - Started process (PID=574) to work on /home/airflow/.local/lib/python3.8/site-packages/airflow/example_dags/example_sla_dag.py
[2023-12-18T14:29:19.121+0000] {processor.py:829} INFO - Processing file /home/airflow/.local/lib/python3.8/site-packages/airflow/example_dags/example_sla_dag.py for tasks to queue
[2023-12-18T14:29:19.123+0000] {logging_mixin.py:154} INFO - [2023-12-18T14:29:19.122+0000] {dagbag.py:536} INFO - Filling up the DagBag from /home/airflow/.local/lib/python3.8/site-packages/airflow/example_dags/example_sla_dag.py
[2023-12-18T14:29:19.127+0000] {processor.py:839} INFO - DAG(s) dict_keys(['example_sla_dag']) retrieved from /home/airflow/.local/lib/python3.8/site-packages/airflow/example_dags/example_sla_dag.py
[2023-12-18T14:29:19.139+0000] {logging_mixin.py:154} INFO - [2023-12-18T14:29:19.139+0000] {dag.py:2941} INFO - Sync 1 DAGs
[2023-12-18T14:29:19.153+0000] {logging_mixin.py:154} INFO - [2023-12-18T14:29:19.153+0000] {dag.py:3722} INFO - Setting next_dagrun for example_sla_dag to 2023-12-18T14:26:00+00:00, run_after=2023-12-18T14:28:00+00:00
[2023-12-18T14:29:19.162+0000] {processor.py:179} INFO - Processing /home/airflow/.local/lib/python3.8/site-packages/airflow/example_dags/example_sla_dag.py took 0.043 seconds
[2023-12-18T14:29:49.207+0000] {processor.py:157} INFO - Started process (PID=643) to work on /home/airflow/.local/lib/python3.8/site-packages/airflow/example_dags/example_sla_dag.py
[2023-12-18T14:29:49.208+0000] {processor.py:829} INFO - Processing file /home/airflow/.local/lib/python3.8/site-packages/airflow/example_dags/example_sla_dag.py for tasks to queue
[2023-12-18T14:29:49.209+0000] {logging_mixin.py:154} INFO - [2023-12-18T14:29:49.209+0000] {dagbag.py:536} INFO - Filling up the DagBag from /home/airflow/.local/lib/python3.8/site-packages/airflow/example_dags/example_sla_dag.py
[2023-12-18T14:29:49.215+0000] {processor.py:839} INFO - DAG(s) dict_keys(['example_sla_dag']) retrieved from /home/airflow/.local/lib/python3.8/site-packages/airflow/example_dags/example_sla_dag.py
[2023-12-18T14:29:49.233+0000] {logging_mixin.py:154} INFO - [2023-12-18T14:29:49.233+0000] {dag.py:2941} INFO - Sync 1 DAGs
[2023-12-18T14:29:49.260+0000] {logging_mixin.py:154} INFO - [2023-12-18T14:29:49.260+0000] {dag.py:3722} INFO - Setting next_dagrun for example_sla_dag to 2023-12-18T14:26:00+00:00, run_after=2023-12-18T14:28:00+00:00
[2023-12-18T14:29:49.293+0000] {processor.py:179} INFO - Processing /home/airflow/.local/lib/python3.8/site-packages/airflow/example_dags/example_sla_dag.py took 0.087 seconds
[2023-12-18T14:30:19.352+0000] {processor.py:157} INFO - Started process (PID=713) to work on /home/airflow/.local/lib/python3.8/site-packages/airflow/example_dags/example_sla_dag.py
[2023-12-18T14:30:19.353+0000] {processor.py:829} INFO - Processing file /home/airflow/.local/lib/python3.8/site-packages/airflow/example_dags/example_sla_dag.py for tasks to queue
[2023-12-18T14:30:19.354+0000] {logging_mixin.py:154} INFO - [2023-12-18T14:30:19.354+0000] {dagbag.py:536} INFO - Filling up the DagBag from /home/airflow/.local/lib/python3.8/site-packages/airflow/example_dags/example_sla_dag.py
[2023-12-18T14:30:19.358+0000] {processor.py:839} INFO - DAG(s) dict_keys(['example_sla_dag']) retrieved from /home/airflow/.local/lib/python3.8/site-packages/airflow/example_dags/example_sla_dag.py
[2023-12-18T14:30:19.392+0000] {logging_mixin.py:154} INFO - [2023-12-18T14:30:19.392+0000] {dag.py:2941} INFO - Sync 1 DAGs
[2023-12-18T14:30:19.408+0000] {logging_mixin.py:154} INFO - [2023-12-18T14:30:19.408+0000] {dag.py:3722} INFO - Setting next_dagrun for example_sla_dag to 2023-12-18T14:28:00+00:00, run_after=2023-12-18T14:30:00+00:00
[2023-12-18T14:30:19.419+0000] {processor.py:179} INFO - Processing /home/airflow/.local/lib/python3.8/site-packages/airflow/example_dags/example_sla_dag.py took 0.068 seconds
[2023-12-18T14:30:49.495+0000] {processor.py:157} INFO - Started process (PID=783) to work on /home/airflow/.local/lib/python3.8/site-packages/airflow/example_dags/example_sla_dag.py
[2023-12-18T14:30:49.496+0000] {processor.py:829} INFO - Processing file /home/airflow/.local/lib/python3.8/site-packages/airflow/example_dags/example_sla_dag.py for tasks to queue
[2023-12-18T14:30:49.497+0000] {logging_mixin.py:154} INFO - [2023-12-18T14:30:49.497+0000] {dagbag.py:536} INFO - Filling up the DagBag from /home/airflow/.local/lib/python3.8/site-packages/airflow/example_dags/example_sla_dag.py
[2023-12-18T14:30:49.502+0000] {processor.py:839} INFO - DAG(s) dict_keys(['example_sla_dag']) retrieved from /home/airflow/.local/lib/python3.8/site-packages/airflow/example_dags/example_sla_dag.py
[2023-12-18T14:30:49.513+0000] {logging_mixin.py:154} INFO - [2023-12-18T14:30:49.513+0000] {dag.py:2941} INFO - Sync 1 DAGs
[2023-12-18T14:30:49.527+0000] {logging_mixin.py:154} INFO - [2023-12-18T14:30:49.527+0000] {dag.py:3722} INFO - Setting next_dagrun for example_sla_dag to 2023-12-18T14:28:00+00:00, run_after=2023-12-18T14:30:00+00:00
[2023-12-18T14:30:49.538+0000] {processor.py:179} INFO - Processing /home/airflow/.local/lib/python3.8/site-packages/airflow/example_dags/example_sla_dag.py took 0.044 seconds
[2023-12-18T14:31:20.529+0000] {processor.py:157} INFO - Started process (PID=852) to work on /home/airflow/.local/lib/python3.8/site-packages/airflow/example_dags/example_sla_dag.py
[2023-12-18T14:31:20.530+0000] {processor.py:829} INFO - Processing file /home/airflow/.local/lib/python3.8/site-packages/airflow/example_dags/example_sla_dag.py for tasks to queue
[2023-12-18T14:31:20.531+0000] {logging_mixin.py:154} INFO - [2023-12-18T14:31:20.531+0000] {dagbag.py:536} INFO - Filling up the DagBag from /home/airflow/.local/lib/python3.8/site-packages/airflow/example_dags/example_sla_dag.py
[2023-12-18T14:31:20.535+0000] {processor.py:839} INFO - DAG(s) dict_keys(['example_sla_dag']) retrieved from /home/airflow/.local/lib/python3.8/site-packages/airflow/example_dags/example_sla_dag.py
[2023-12-18T14:31:20.547+0000] {logging_mixin.py:154} INFO - [2023-12-18T14:31:20.547+0000] {dag.py:2941} INFO - Sync 1 DAGs
[2023-12-18T14:31:20.562+0000] {logging_mixin.py:154} INFO - [2023-12-18T14:31:20.562+0000] {dag.py:3722} INFO - Setting next_dagrun for example_sla_dag to 2023-12-18T14:28:00+00:00, run_after=2023-12-18T14:30:00+00:00
[2023-12-18T14:31:20.589+0000] {processor.py:179} INFO - Processing /home/airflow/.local/lib/python3.8/site-packages/airflow/example_dags/example_sla_dag.py took 0.061 seconds
[2023-12-18T14:31:51.438+0000] {processor.py:157} INFO - Started process (PID=921) to work on /home/airflow/.local/lib/python3.8/site-packages/airflow/example_dags/example_sla_dag.py
[2023-12-18T14:31:51.439+0000] {processor.py:829} INFO - Processing file /home/airflow/.local/lib/python3.8/site-packages/airflow/example_dags/example_sla_dag.py for tasks to queue
[2023-12-18T14:31:51.440+0000] {logging_mixin.py:154} INFO - [2023-12-18T14:31:51.440+0000] {dagbag.py:536} INFO - Filling up the DagBag from /home/airflow/.local/lib/python3.8/site-packages/airflow/example_dags/example_sla_dag.py
[2023-12-18T14:31:51.445+0000] {processor.py:839} INFO - DAG(s) dict_keys(['example_sla_dag']) retrieved from /home/airflow/.local/lib/python3.8/site-packages/airflow/example_dags/example_sla_dag.py
[2023-12-18T14:31:51.456+0000] {logging_mixin.py:154} INFO - [2023-12-18T14:31:51.456+0000] {dag.py:2941} INFO - Sync 1 DAGs
[2023-12-18T14:31:51.487+0000] {logging_mixin.py:154} INFO - [2023-12-18T14:31:51.487+0000] {dag.py:3722} INFO - Setting next_dagrun for example_sla_dag to 2023-12-18T14:28:00+00:00, run_after=2023-12-18T14:30:00+00:00
[2023-12-18T14:31:51.497+0000] {processor.py:179} INFO - Processing /home/airflow/.local/lib/python3.8/site-packages/airflow/example_dags/example_sla_dag.py took 0.061 seconds
[2023-12-18T14:32:21.522+0000] {processor.py:157} INFO - Started process (PID=988) to work on /home/airflow/.local/lib/python3.8/site-packages/airflow/example_dags/example_sla_dag.py
[2023-12-18T14:32:21.525+0000] {processor.py:829} INFO - Processing file /home/airflow/.local/lib/python3.8/site-packages/airflow/example_dags/example_sla_dag.py for tasks to queue
[2023-12-18T14:32:21.526+0000] {logging_mixin.py:154} INFO - [2023-12-18T14:32:21.526+0000] {dagbag.py:536} INFO - Filling up the DagBag from /home/airflow/.local/lib/python3.8/site-packages/airflow/example_dags/example_sla_dag.py
[2023-12-18T14:32:21.532+0000] {processor.py:839} INFO - DAG(s) dict_keys(['example_sla_dag']) retrieved from /home/airflow/.local/lib/python3.8/site-packages/airflow/example_dags/example_sla_dag.py
[2023-12-18T14:32:21.544+0000] {logging_mixin.py:154} INFO - [2023-12-18T14:32:21.544+0000] {dag.py:2941} INFO - Sync 1 DAGs
[2023-12-18T14:32:21.559+0000] {logging_mixin.py:154} INFO - [2023-12-18T14:32:21.559+0000] {dag.py:3722} INFO - Setting next_dagrun for example_sla_dag to 2023-12-18T14:30:00+00:00, run_after=2023-12-18T14:32:00+00:00
[2023-12-18T14:32:21.569+0000] {processor.py:179} INFO - Processing /home/airflow/.local/lib/python3.8/site-packages/airflow/example_dags/example_sla_dag.py took 0.049 seconds
[2023-12-18T14:32:52.375+0000] {processor.py:157} INFO - Started process (PID=1057) to work on /home/airflow/.local/lib/python3.8/site-packages/airflow/example_dags/example_sla_dag.py
[2023-12-18T14:32:52.375+0000] {processor.py:829} INFO - Processing file /home/airflow/.local/lib/python3.8/site-packages/airflow/example_dags/example_sla_dag.py for tasks to queue
[2023-12-18T14:32:52.376+0000] {logging_mixin.py:154} INFO - [2023-12-18T14:32:52.376+0000] {dagbag.py:536} INFO - Filling up the DagBag from /home/airflow/.local/lib/python3.8/site-packages/airflow/example_dags/example_sla_dag.py
[2023-12-18T14:32:52.381+0000] {processor.py:839} INFO - DAG(s) dict_keys(['example_sla_dag']) retrieved from /home/airflow/.local/lib/python3.8/site-packages/airflow/example_dags/example_sla_dag.py
[2023-12-18T14:32:52.397+0000] {logging_mixin.py:154} INFO - [2023-12-18T14:32:52.396+0000] {dag.py:2941} INFO - Sync 1 DAGs
[2023-12-18T14:32:52.411+0000] {logging_mixin.py:154} INFO - [2023-12-18T14:32:52.411+0000] {dag.py:3722} INFO - Setting next_dagrun for example_sla_dag to 2023-12-18T14:30:00+00:00, run_after=2023-12-18T14:32:00+00:00
[2023-12-18T14:32:52.421+0000] {processor.py:179} INFO - Processing /home/airflow/.local/lib/python3.8/site-packages/airflow/example_dags/example_sla_dag.py took 0.048 seconds
[2023-12-18T14:33:23.118+0000] {processor.py:157} INFO - Started process (PID=1126) to work on /home/airflow/.local/lib/python3.8/site-packages/airflow/example_dags/example_sla_dag.py
[2023-12-18T14:33:23.119+0000] {processor.py:829} INFO - Processing file /home/airflow/.local/lib/python3.8/site-packages/airflow/example_dags/example_sla_dag.py for tasks to queue
[2023-12-18T14:33:23.120+0000] {logging_mixin.py:154} INFO - [2023-12-18T14:33:23.120+0000] {dagbag.py:536} INFO - Filling up the DagBag from /home/airflow/.local/lib/python3.8/site-packages/airflow/example_dags/example_sla_dag.py
[2023-12-18T14:33:23.125+0000] {processor.py:839} INFO - DAG(s) dict_keys(['example_sla_dag']) retrieved from /home/airflow/.local/lib/python3.8/site-packages/airflow/example_dags/example_sla_dag.py
[2023-12-18T14:33:23.136+0000] {logging_mixin.py:154} INFO - [2023-12-18T14:33:23.136+0000] {dag.py:2941} INFO - Sync 1 DAGs
[2023-12-18T14:33:23.151+0000] {logging_mixin.py:154} INFO - [2023-12-18T14:33:23.151+0000] {dag.py:3722} INFO - Setting next_dagrun for example_sla_dag to 2023-12-18T14:30:00+00:00, run_after=2023-12-18T14:32:00+00:00
[2023-12-18T14:33:23.161+0000] {processor.py:179} INFO - Processing /home/airflow/.local/lib/python3.8/site-packages/airflow/example_dags/example_sla_dag.py took 0.044 seconds
[2023-12-18T14:33:53.975+0000] {processor.py:157} INFO - Started process (PID=1195) to work on /home/airflow/.local/lib/python3.8/site-packages/airflow/example_dags/example_sla_dag.py
[2023-12-18T14:33:53.976+0000] {processor.py:829} INFO - Processing file /home/airflow/.local/lib/python3.8/site-packages/airflow/example_dags/example_sla_dag.py for tasks to queue
[2023-12-18T14:33:53.977+0000] {logging_mixin.py:154} INFO - [2023-12-18T14:33:53.977+0000] {dagbag.py:536} INFO - Filling up the DagBag from /home/airflow/.local/lib/python3.8/site-packages/airflow/example_dags/example_sla_dag.py
[2023-12-18T14:33:53.982+0000] {processor.py:839} INFO - DAG(s) dict_keys(['example_sla_dag']) retrieved from /home/airflow/.local/lib/python3.8/site-packages/airflow/example_dags/example_sla_dag.py
[2023-12-18T14:33:53.994+0000] {logging_mixin.py:154} INFO - [2023-12-18T14:33:53.994+0000] {dag.py:2941} INFO - Sync 1 DAGs
[2023-12-18T14:33:54.009+0000] {logging_mixin.py:154} INFO - [2023-12-18T14:33:54.009+0000] {dag.py:3722} INFO - Setting next_dagrun for example_sla_dag to 2023-12-18T14:30:00+00:00, run_after=2023-12-18T14:32:00+00:00
[2023-12-18T14:33:54.020+0000] {processor.py:179} INFO - Processing /home/airflow/.local/lib/python3.8/site-packages/airflow/example_dags/example_sla_dag.py took 0.046 seconds
[2023-12-18T14:34:24.174+0000] {processor.py:157} INFO - Started process (PID=1264) to work on /home/airflow/.local/lib/python3.8/site-packages/airflow/example_dags/example_sla_dag.py
[2023-12-18T14:34:24.174+0000] {processor.py:829} INFO - Processing file /home/airflow/.local/lib/python3.8/site-packages/airflow/example_dags/example_sla_dag.py for tasks to queue
[2023-12-18T14:34:24.175+0000] {logging_mixin.py:154} INFO - [2023-12-18T14:34:24.175+0000] {dagbag.py:536} INFO - Filling up the DagBag from /home/airflow/.local/lib/python3.8/site-packages/airflow/example_dags/example_sla_dag.py
[2023-12-18T14:34:24.180+0000] {processor.py:839} INFO - DAG(s) dict_keys(['example_sla_dag']) retrieved from /home/airflow/.local/lib/python3.8/site-packages/airflow/example_dags/example_sla_dag.py
[2023-12-18T14:34:24.191+0000] {logging_mixin.py:154} INFO - [2023-12-18T14:34:24.191+0000] {dag.py:2941} INFO - Sync 1 DAGs
[2023-12-18T14:34:24.206+0000] {logging_mixin.py:154} INFO - [2023-12-18T14:34:24.206+0000] {dag.py:3722} INFO - Setting next_dagrun for example_sla_dag to 2023-12-18T14:32:00+00:00, run_after=2023-12-18T14:34:00+00:00
[2023-12-18T14:34:24.215+0000] {processor.py:179} INFO - Processing /home/airflow/.local/lib/python3.8/site-packages/airflow/example_dags/example_sla_dag.py took 0.044 seconds
[2023-12-18T14:34:54.288+0000] {processor.py:157} INFO - Started process (PID=1334) to work on /home/airflow/.local/lib/python3.8/site-packages/airflow/example_dags/example_sla_dag.py
[2023-12-18T14:34:54.289+0000] {processor.py:829} INFO - Processing file /home/airflow/.local/lib/python3.8/site-packages/airflow/example_dags/example_sla_dag.py for tasks to queue
[2023-12-18T14:34:54.290+0000] {logging_mixin.py:154} INFO - [2023-12-18T14:34:54.290+0000] {dagbag.py:536} INFO - Filling up the DagBag from /home/airflow/.local/lib/python3.8/site-packages/airflow/example_dags/example_sla_dag.py
[2023-12-18T14:34:54.295+0000] {processor.py:839} INFO - DAG(s) dict_keys(['example_sla_dag']) retrieved from /home/airflow/.local/lib/python3.8/site-packages/airflow/example_dags/example_sla_dag.py
[2023-12-18T14:34:54.307+0000] {logging_mixin.py:154} INFO - [2023-12-18T14:34:54.307+0000] {dag.py:2941} INFO - Sync 1 DAGs
[2023-12-18T14:34:54.322+0000] {logging_mixin.py:154} INFO - [2023-12-18T14:34:54.322+0000] {dag.py:3722} INFO - Setting next_dagrun for example_sla_dag to 2023-12-18T14:32:00+00:00, run_after=2023-12-18T14:34:00+00:00
[2023-12-18T14:34:54.331+0000] {processor.py:179} INFO - Processing /home/airflow/.local/lib/python3.8/site-packages/airflow/example_dags/example_sla_dag.py took 0.045 seconds
[2023-12-18T14:35:24.366+0000] {processor.py:157} INFO - Started process (PID=1402) to work on /home/airflow/.local/lib/python3.8/site-packages/airflow/example_dags/example_sla_dag.py
[2023-12-18T14:35:24.367+0000] {processor.py:829} INFO - Processing file /home/airflow/.local/lib/python3.8/site-packages/airflow/example_dags/example_sla_dag.py for tasks to queue
[2023-12-18T14:35:24.368+0000] {logging_mixin.py:154} INFO - [2023-12-18T14:35:24.368+0000] {dagbag.py:536} INFO - Filling up the DagBag from /home/airflow/.local/lib/python3.8/site-packages/airflow/example_dags/example_sla_dag.py
[2023-12-18T14:35:24.373+0000] {processor.py:839} INFO - DAG(s) dict_keys(['example_sla_dag']) retrieved from /home/airflow/.local/lib/python3.8/site-packages/airflow/example_dags/example_sla_dag.py
[2023-12-18T14:35:24.388+0000] {logging_mixin.py:154} INFO - [2023-12-18T14:35:24.387+0000] {dag.py:2941} INFO - Sync 1 DAGs
[2023-12-18T14:35:24.405+0000] {logging_mixin.py:154} INFO - [2023-12-18T14:35:24.405+0000] {dag.py:3722} INFO - Setting next_dagrun for example_sla_dag to 2023-12-18T14:32:00+00:00, run_after=2023-12-18T14:34:00+00:00
[2023-12-18T14:35:24.416+0000] {processor.py:179} INFO - Processing /home/airflow/.local/lib/python3.8/site-packages/airflow/example_dags/example_sla_dag.py took 0.052 seconds
[2023-12-18T14:35:54.456+0000] {processor.py:157} INFO - Started process (PID=1470) to work on /home/airflow/.local/lib/python3.8/site-packages/airflow/example_dags/example_sla_dag.py
[2023-12-18T14:35:54.459+0000] {processor.py:829} INFO - Processing file /home/airflow/.local/lib/python3.8/site-packages/airflow/example_dags/example_sla_dag.py for tasks to queue
[2023-12-18T14:35:54.461+0000] {logging_mixin.py:154} INFO - [2023-12-18T14:35:54.461+0000] {dagbag.py:536} INFO - Filling up the DagBag from /home/airflow/.local/lib/python3.8/site-packages/airflow/example_dags/example_sla_dag.py
[2023-12-18T14:35:54.467+0000] {processor.py:839} INFO - DAG(s) dict_keys(['example_sla_dag']) retrieved from /home/airflow/.local/lib/python3.8/site-packages/airflow/example_dags/example_sla_dag.py
[2023-12-18T14:35:54.479+0000] {logging_mixin.py:154} INFO - [2023-12-18T14:35:54.479+0000] {dag.py:2941} INFO - Sync 1 DAGs
[2023-12-18T14:35:54.497+0000] {logging_mixin.py:154} INFO - [2023-12-18T14:35:54.497+0000] {dag.py:3722} INFO - Setting next_dagrun for example_sla_dag to 2023-12-18T14:32:00+00:00, run_after=2023-12-18T14:34:00+00:00
[2023-12-18T14:35:54.509+0000] {processor.py:179} INFO - Processing /home/airflow/.local/lib/python3.8/site-packages/airflow/example_dags/example_sla_dag.py took 0.055 seconds
[2023-12-18T14:36:24.570+0000] {processor.py:157} INFO - Started process (PID=1539) to work on /home/airflow/.local/lib/python3.8/site-packages/airflow/example_dags/example_sla_dag.py
[2023-12-18T14:36:24.570+0000] {processor.py:829} INFO - Processing file /home/airflow/.local/lib/python3.8/site-packages/airflow/example_dags/example_sla_dag.py for tasks to queue
[2023-12-18T14:36:24.572+0000] {logging_mixin.py:154} INFO - [2023-12-18T14:36:24.572+0000] {dagbag.py:536} INFO - Filling up the DagBag from /home/airflow/.local/lib/python3.8/site-packages/airflow/example_dags/example_sla_dag.py
[2023-12-18T14:36:24.577+0000] {processor.py:839} INFO - DAG(s) dict_keys(['example_sla_dag']) retrieved from /home/airflow/.local/lib/python3.8/site-packages/airflow/example_dags/example_sla_dag.py
[2023-12-18T14:36:24.589+0000] {logging_mixin.py:154} INFO - [2023-12-18T14:36:24.589+0000] {dag.py:2941} INFO - Sync 1 DAGs
[2023-12-18T14:36:24.604+0000] {logging_mixin.py:154} INFO - [2023-12-18T14:36:24.603+0000] {dag.py:3722} INFO - Setting next_dagrun for example_sla_dag to 2023-12-18T14:34:00+00:00, run_after=2023-12-18T14:36:00+00:00
[2023-12-18T14:36:24.614+0000] {processor.py:179} INFO - Processing /home/airflow/.local/lib/python3.8/site-packages/airflow/example_dags/example_sla_dag.py took 0.046 seconds
[2023-12-18T14:36:54.757+0000] {processor.py:157} INFO - Started process (PID=1608) to work on /home/airflow/.local/lib/python3.8/site-packages/airflow/example_dags/example_sla_dag.py
[2023-12-18T14:36:54.760+0000] {processor.py:829} INFO - Processing file /home/airflow/.local/lib/python3.8/site-packages/airflow/example_dags/example_sla_dag.py for tasks to queue
[2023-12-18T14:36:54.763+0000] {logging_mixin.py:154} INFO - [2023-12-18T14:36:54.762+0000] {dagbag.py:536} INFO - Filling up the DagBag from /home/airflow/.local/lib/python3.8/site-packages/airflow/example_dags/example_sla_dag.py
[2023-12-18T14:36:54.772+0000] {processor.py:839} INFO - DAG(s) dict_keys(['example_sla_dag']) retrieved from /home/airflow/.local/lib/python3.8/site-packages/airflow/example_dags/example_sla_dag.py
[2023-12-18T14:36:54.784+0000] {logging_mixin.py:154} INFO - [2023-12-18T14:36:54.784+0000] {dag.py:2941} INFO - Sync 1 DAGs
[2023-12-18T14:36:54.799+0000] {logging_mixin.py:154} INFO - [2023-12-18T14:36:54.798+0000] {dag.py:3722} INFO - Setting next_dagrun for example_sla_dag to 2023-12-18T14:34:00+00:00, run_after=2023-12-18T14:36:00+00:00
[2023-12-18T14:36:54.808+0000] {processor.py:179} INFO - Processing /home/airflow/.local/lib/python3.8/site-packages/airflow/example_dags/example_sla_dag.py took 0.053 seconds
[2023-12-18T14:37:25.710+0000] {processor.py:157} INFO - Started process (PID=1677) to work on /home/airflow/.local/lib/python3.8/site-packages/airflow/example_dags/example_sla_dag.py
[2023-12-18T14:37:25.711+0000] {processor.py:829} INFO - Processing file /home/airflow/.local/lib/python3.8/site-packages/airflow/example_dags/example_sla_dag.py for tasks to queue
[2023-12-18T14:37:25.712+0000] {logging_mixin.py:154} INFO - [2023-12-18T14:37:25.712+0000] {dagbag.py:536} INFO - Filling up the DagBag from /home/airflow/.local/lib/python3.8/site-packages/airflow/example_dags/example_sla_dag.py
[2023-12-18T14:37:25.718+0000] {processor.py:839} INFO - DAG(s) dict_keys(['example_sla_dag']) retrieved from /home/airflow/.local/lib/python3.8/site-packages/airflow/example_dags/example_sla_dag.py
[2023-12-18T14:37:25.729+0000] {logging_mixin.py:154} INFO - [2023-12-18T14:37:25.729+0000] {dag.py:2941} INFO - Sync 1 DAGs
[2023-12-18T14:37:25.743+0000] {logging_mixin.py:154} INFO - [2023-12-18T14:37:25.743+0000] {dag.py:3722} INFO - Setting next_dagrun for example_sla_dag to 2023-12-18T14:34:00+00:00, run_after=2023-12-18T14:36:00+00:00
[2023-12-18T14:37:25.753+0000] {processor.py:179} INFO - Processing /home/airflow/.local/lib/python3.8/site-packages/airflow/example_dags/example_sla_dag.py took 0.045 seconds
[2023-12-18T14:37:56.476+0000] {processor.py:157} INFO - Started process (PID=1746) to work on /home/airflow/.local/lib/python3.8/site-packages/airflow/example_dags/example_sla_dag.py
[2023-12-18T14:37:56.477+0000] {processor.py:829} INFO - Processing file /home/airflow/.local/lib/python3.8/site-packages/airflow/example_dags/example_sla_dag.py for tasks to queue
[2023-12-18T14:37:56.478+0000] {logging_mixin.py:154} INFO - [2023-12-18T14:37:56.478+0000] {dagbag.py:536} INFO - Filling up the DagBag from /home/airflow/.local/lib/python3.8/site-packages/airflow/example_dags/example_sla_dag.py
[2023-12-18T14:37:56.483+0000] {processor.py:839} INFO - DAG(s) dict_keys(['example_sla_dag']) retrieved from /home/airflow/.local/lib/python3.8/site-packages/airflow/example_dags/example_sla_dag.py
[2023-12-18T14:37:56.494+0000] {logging_mixin.py:154} INFO - [2023-12-18T14:37:56.494+0000] {dag.py:2941} INFO - Sync 1 DAGs
[2023-12-18T14:37:56.508+0000] {logging_mixin.py:154} INFO - [2023-12-18T14:37:56.508+0000] {dag.py:3722} INFO - Setting next_dagrun for example_sla_dag to 2023-12-18T14:34:00+00:00, run_after=2023-12-18T14:36:00+00:00
[2023-12-18T14:37:56.518+0000] {processor.py:179} INFO - Processing /home/airflow/.local/lib/python3.8/site-packages/airflow/example_dags/example_sla_dag.py took 0.044 seconds
[2023-12-18T14:38:27.182+0000] {processor.py:157} INFO - Started process (PID=1815) to work on /home/airflow/.local/lib/python3.8/site-packages/airflow/example_dags/example_sla_dag.py
[2023-12-18T14:38:27.183+0000] {processor.py:829} INFO - Processing file /home/airflow/.local/lib/python3.8/site-packages/airflow/example_dags/example_sla_dag.py for tasks to queue
[2023-12-18T14:38:27.184+0000] {logging_mixin.py:154} INFO - [2023-12-18T14:38:27.184+0000] {dagbag.py:536} INFO - Filling up the DagBag from /home/airflow/.local/lib/python3.8/site-packages/airflow/example_dags/example_sla_dag.py
[2023-12-18T14:38:27.190+0000] {processor.py:839} INFO - DAG(s) dict_keys(['example_sla_dag']) retrieved from /home/airflow/.local/lib/python3.8/site-packages/airflow/example_dags/example_sla_dag.py
[2023-12-18T14:38:27.201+0000] {logging_mixin.py:154} INFO - [2023-12-18T14:38:27.201+0000] {dag.py:2941} INFO - Sync 1 DAGs
[2023-12-18T14:38:27.216+0000] {logging_mixin.py:154} INFO - [2023-12-18T14:38:27.216+0000] {dag.py:3722} INFO - Setting next_dagrun for example_sla_dag to 2023-12-18T14:36:00+00:00, run_after=2023-12-18T14:38:00+00:00
[2023-12-18T14:38:27.227+0000] {processor.py:179} INFO - Processing /home/airflow/.local/lib/python3.8/site-packages/airflow/example_dags/example_sla_dag.py took 0.047 seconds
[2023-12-18T14:38:58.052+0000] {processor.py:157} INFO - Started process (PID=1884) to work on /home/airflow/.local/lib/python3.8/site-packages/airflow/example_dags/example_sla_dag.py
[2023-12-18T14:38:58.053+0000] {processor.py:829} INFO - Processing file /home/airflow/.local/lib/python3.8/site-packages/airflow/example_dags/example_sla_dag.py for tasks to queue
[2023-12-18T14:38:58.056+0000] {logging_mixin.py:154} INFO - [2023-12-18T14:38:58.056+0000] {dagbag.py:536} INFO - Filling up the DagBag from /home/airflow/.local/lib/python3.8/site-packages/airflow/example_dags/example_sla_dag.py
[2023-12-18T14:38:58.067+0000] {processor.py:839} INFO - DAG(s) dict_keys(['example_sla_dag']) retrieved from /home/airflow/.local/lib/python3.8/site-packages/airflow/example_dags/example_sla_dag.py
[2023-12-18T14:38:58.087+0000] {logging_mixin.py:154} INFO - [2023-12-18T14:38:58.086+0000] {dag.py:2941} INFO - Sync 1 DAGs
[2023-12-18T14:38:58.115+0000] {logging_mixin.py:154} INFO - [2023-12-18T14:38:58.115+0000] {dag.py:3722} INFO - Setting next_dagrun for example_sla_dag to 2023-12-18T14:36:00+00:00, run_after=2023-12-18T14:38:00+00:00
[2023-12-18T14:38:58.134+0000] {processor.py:179} INFO - Processing /home/airflow/.local/lib/python3.8/site-packages/airflow/example_dags/example_sla_dag.py took 0.085 seconds
[2023-12-18T14:39:56.880+0000] {processor.py:157} INFO - Started process (PID=84) to work on /home/airflow/.local/lib/python3.8/site-packages/airflow/example_dags/example_sla_dag.py
[2023-12-18T14:39:56.881+0000] {processor.py:829} INFO - Processing file /home/airflow/.local/lib/python3.8/site-packages/airflow/example_dags/example_sla_dag.py for tasks to queue
[2023-12-18T14:39:56.884+0000] {logging_mixin.py:154} INFO - [2023-12-18T14:39:56.883+0000] {dagbag.py:536} INFO - Filling up the DagBag from /home/airflow/.local/lib/python3.8/site-packages/airflow/example_dags/example_sla_dag.py
[2023-12-18T14:39:56.893+0000] {processor.py:839} INFO - DAG(s) dict_keys(['example_sla_dag']) retrieved from /home/airflow/.local/lib/python3.8/site-packages/airflow/example_dags/example_sla_dag.py
[2023-12-18T14:39:56.918+0000] {logging_mixin.py:154} INFO - [2023-12-18T14:39:56.918+0000] {dag.py:2941} INFO - Sync 1 DAGs
[2023-12-18T14:39:56.955+0000] {logging_mixin.py:154} INFO - [2023-12-18T14:39:56.955+0000] {dag.py:3722} INFO - Setting next_dagrun for example_sla_dag to 2023-12-18T14:36:00+00:00, run_after=2023-12-18T14:38:00+00:00
[2023-12-18T14:39:56.988+0000] {processor.py:179} INFO - Processing /home/airflow/.local/lib/python3.8/site-packages/airflow/example_dags/example_sla_dag.py took 0.112 seconds
[2023-12-18T14:40:27.499+0000] {processor.py:157} INFO - Started process (PID=153) to work on /home/airflow/.local/lib/python3.8/site-packages/airflow/example_dags/example_sla_dag.py
[2023-12-18T14:40:27.500+0000] {processor.py:829} INFO - Processing file /home/airflow/.local/lib/python3.8/site-packages/airflow/example_dags/example_sla_dag.py for tasks to queue
[2023-12-18T14:40:27.501+0000] {logging_mixin.py:154} INFO - [2023-12-18T14:40:27.501+0000] {dagbag.py:536} INFO - Filling up the DagBag from /home/airflow/.local/lib/python3.8/site-packages/airflow/example_dags/example_sla_dag.py
[2023-12-18T14:40:27.508+0000] {processor.py:839} INFO - DAG(s) dict_keys(['example_sla_dag']) retrieved from /home/airflow/.local/lib/python3.8/site-packages/airflow/example_dags/example_sla_dag.py
[2023-12-18T14:40:27.519+0000] {logging_mixin.py:154} INFO - [2023-12-18T14:40:27.519+0000] {dag.py:2941} INFO - Sync 1 DAGs
[2023-12-18T14:40:27.537+0000] {logging_mixin.py:154} INFO - [2023-12-18T14:40:27.537+0000] {dag.py:3722} INFO - Setting next_dagrun for example_sla_dag to 2023-12-18T14:38:00+00:00, run_after=2023-12-18T14:40:00+00:00
[2023-12-18T14:40:27.552+0000] {processor.py:179} INFO - Processing /home/airflow/.local/lib/python3.8/site-packages/airflow/example_dags/example_sla_dag.py took 0.055 seconds
[2023-12-18T14:40:58.393+0000] {processor.py:157} INFO - Started process (PID=222) to work on /home/airflow/.local/lib/python3.8/site-packages/airflow/example_dags/example_sla_dag.py
[2023-12-18T14:40:58.393+0000] {processor.py:829} INFO - Processing file /home/airflow/.local/lib/python3.8/site-packages/airflow/example_dags/example_sla_dag.py for tasks to queue
[2023-12-18T14:40:58.395+0000] {logging_mixin.py:154} INFO - [2023-12-18T14:40:58.394+0000] {dagbag.py:536} INFO - Filling up the DagBag from /home/airflow/.local/lib/python3.8/site-packages/airflow/example_dags/example_sla_dag.py
[2023-12-18T14:40:58.399+0000] {processor.py:839} INFO - DAG(s) dict_keys(['example_sla_dag']) retrieved from /home/airflow/.local/lib/python3.8/site-packages/airflow/example_dags/example_sla_dag.py
[2023-12-18T14:40:58.411+0000] {logging_mixin.py:154} INFO - [2023-12-18T14:40:58.411+0000] {dag.py:2941} INFO - Sync 1 DAGs
[2023-12-18T14:40:58.425+0000] {logging_mixin.py:154} INFO - [2023-12-18T14:40:58.425+0000] {dag.py:3722} INFO - Setting next_dagrun for example_sla_dag to 2023-12-18T14:38:00+00:00, run_after=2023-12-18T14:40:00+00:00
[2023-12-18T14:40:58.437+0000] {processor.py:179} INFO - Processing /home/airflow/.local/lib/python3.8/site-packages/airflow/example_dags/example_sla_dag.py took 0.046 seconds
[2023-12-18T14:41:29.204+0000] {processor.py:157} INFO - Started process (PID=291) to work on /home/airflow/.local/lib/python3.8/site-packages/airflow/example_dags/example_sla_dag.py
[2023-12-18T14:41:29.204+0000] {processor.py:829} INFO - Processing file /home/airflow/.local/lib/python3.8/site-packages/airflow/example_dags/example_sla_dag.py for tasks to queue
[2023-12-18T14:41:29.205+0000] {logging_mixin.py:154} INFO - [2023-12-18T14:41:29.205+0000] {dagbag.py:536} INFO - Filling up the DagBag from /home/airflow/.local/lib/python3.8/site-packages/airflow/example_dags/example_sla_dag.py
[2023-12-18T14:41:29.210+0000] {processor.py:839} INFO - DAG(s) dict_keys(['example_sla_dag']) retrieved from /home/airflow/.local/lib/python3.8/site-packages/airflow/example_dags/example_sla_dag.py
[2023-12-18T14:41:29.221+0000] {logging_mixin.py:154} INFO - [2023-12-18T14:41:29.221+0000] {dag.py:2941} INFO - Sync 1 DAGs
[2023-12-18T14:41:29.236+0000] {logging_mixin.py:154} INFO - [2023-12-18T14:41:29.236+0000] {dag.py:3722} INFO - Setting next_dagrun for example_sla_dag to 2023-12-18T14:38:00+00:00, run_after=2023-12-18T14:40:00+00:00
[2023-12-18T14:41:29.246+0000] {processor.py:179} INFO - Processing /home/airflow/.local/lib/python3.8/site-packages/airflow/example_dags/example_sla_dag.py took 0.045 seconds
[2023-12-18T14:41:59.941+0000] {processor.py:157} INFO - Started process (PID=361) to work on /home/airflow/.local/lib/python3.8/site-packages/airflow/example_dags/example_sla_dag.py
[2023-12-18T14:41:59.941+0000] {processor.py:829} INFO - Processing file /home/airflow/.local/lib/python3.8/site-packages/airflow/example_dags/example_sla_dag.py for tasks to queue
[2023-12-18T14:41:59.942+0000] {logging_mixin.py:154} INFO - [2023-12-18T14:41:59.942+0000] {dagbag.py:536} INFO - Filling up the DagBag from /home/airflow/.local/lib/python3.8/site-packages/airflow/example_dags/example_sla_dag.py
[2023-12-18T14:41:59.947+0000] {processor.py:839} INFO - DAG(s) dict_keys(['example_sla_dag']) retrieved from /home/airflow/.local/lib/python3.8/site-packages/airflow/example_dags/example_sla_dag.py
[2023-12-18T14:41:59.961+0000] {logging_mixin.py:154} INFO - [2023-12-18T14:41:59.960+0000] {dag.py:2941} INFO - Sync 1 DAGs
[2023-12-18T14:41:59.994+0000] {logging_mixin.py:154} INFO - [2023-12-18T14:41:59.994+0000] {dag.py:3722} INFO - Setting next_dagrun for example_sla_dag to 2023-12-18T14:38:00+00:00, run_after=2023-12-18T14:40:00+00:00
[2023-12-18T14:42:00.005+0000] {processor.py:179} INFO - Processing /home/airflow/.local/lib/python3.8/site-packages/airflow/example_dags/example_sla_dag.py took 0.066 seconds
[2023-12-18T14:42:30.183+0000] {processor.py:157} INFO - Started process (PID=430) to work on /home/airflow/.local/lib/python3.8/site-packages/airflow/example_dags/example_sla_dag.py
[2023-12-18T14:42:30.184+0000] {processor.py:829} INFO - Processing file /home/airflow/.local/lib/python3.8/site-packages/airflow/example_dags/example_sla_dag.py for tasks to queue
[2023-12-18T14:42:30.185+0000] {logging_mixin.py:154} INFO - [2023-12-18T14:42:30.185+0000] {dagbag.py:536} INFO - Filling up the DagBag from /home/airflow/.local/lib/python3.8/site-packages/airflow/example_dags/example_sla_dag.py
[2023-12-18T14:42:30.190+0000] {processor.py:839} INFO - DAG(s) dict_keys(['example_sla_dag']) retrieved from /home/airflow/.local/lib/python3.8/site-packages/airflow/example_dags/example_sla_dag.py
[2023-12-18T14:42:30.201+0000] {logging_mixin.py:154} INFO - [2023-12-18T14:42:30.201+0000] {dag.py:2941} INFO - Sync 1 DAGs
[2023-12-18T14:42:30.217+0000] {logging_mixin.py:154} INFO - [2023-12-18T14:42:30.216+0000] {dag.py:3722} INFO - Setting next_dagrun for example_sla_dag to 2023-12-18T14:40:00+00:00, run_after=2023-12-18T14:42:00+00:00
[2023-12-18T14:42:30.228+0000] {processor.py:179} INFO - Processing /home/airflow/.local/lib/python3.8/site-packages/airflow/example_dags/example_sla_dag.py took 0.046 seconds
[2023-12-18T14:43:01.149+0000] {processor.py:157} INFO - Started process (PID=499) to work on /home/airflow/.local/lib/python3.8/site-packages/airflow/example_dags/example_sla_dag.py
[2023-12-18T14:43:01.150+0000] {processor.py:829} INFO - Processing file /home/airflow/.local/lib/python3.8/site-packages/airflow/example_dags/example_sla_dag.py for tasks to queue
[2023-12-18T14:43:01.151+0000] {logging_mixin.py:154} INFO - [2023-12-18T14:43:01.150+0000] {dagbag.py:536} INFO - Filling up the DagBag from /home/airflow/.local/lib/python3.8/site-packages/airflow/example_dags/example_sla_dag.py
[2023-12-18T14:43:01.155+0000] {processor.py:839} INFO - DAG(s) dict_keys(['example_sla_dag']) retrieved from /home/airflow/.local/lib/python3.8/site-packages/airflow/example_dags/example_sla_dag.py
[2023-12-18T14:43:01.188+0000] {logging_mixin.py:154} INFO - [2023-12-18T14:43:01.187+0000] {dag.py:2941} INFO - Sync 1 DAGs
[2023-12-18T14:43:01.203+0000] {logging_mixin.py:154} INFO - [2023-12-18T14:43:01.203+0000] {dag.py:3722} INFO - Setting next_dagrun for example_sla_dag to 2023-12-18T14:40:00+00:00, run_after=2023-12-18T14:42:00+00:00
[2023-12-18T14:43:01.215+0000] {processor.py:179} INFO - Processing /home/airflow/.local/lib/python3.8/site-packages/airflow/example_dags/example_sla_dag.py took 0.068 seconds
[2023-12-18T14:44:37.449+0000] {processor.py:157} INFO - Started process (PID=82) to work on /home/airflow/.local/lib/python3.8/site-packages/airflow/example_dags/example_sla_dag.py
[2023-12-18T14:44:37.450+0000] {processor.py:829} INFO - Processing file /home/airflow/.local/lib/python3.8/site-packages/airflow/example_dags/example_sla_dag.py for tasks to queue
[2023-12-18T14:44:37.452+0000] {logging_mixin.py:154} INFO - [2023-12-18T14:44:37.452+0000] {dagbag.py:536} INFO - Filling up the DagBag from /home/airflow/.local/lib/python3.8/site-packages/airflow/example_dags/example_sla_dag.py
[2023-12-18T14:44:37.467+0000] {processor.py:839} INFO - DAG(s) dict_keys(['example_sla_dag']) retrieved from /home/airflow/.local/lib/python3.8/site-packages/airflow/example_dags/example_sla_dag.py
[2023-12-18T14:44:37.493+0000] {logging_mixin.py:154} INFO - [2023-12-18T14:44:37.493+0000] {dag.py:2941} INFO - Sync 1 DAGs
[2023-12-18T14:44:37.528+0000] {logging_mixin.py:154} INFO - [2023-12-18T14:44:37.528+0000] {dag.py:3722} INFO - Setting next_dagrun for example_sla_dag to 2023-12-18T14:42:00+00:00, run_after=2023-12-18T14:44:00+00:00
[2023-12-18T14:44:37.575+0000] {processor.py:179} INFO - Processing /home/airflow/.local/lib/python3.8/site-packages/airflow/example_dags/example_sla_dag.py took 0.132 seconds
[2023-12-18T14:45:08.129+0000] {processor.py:157} INFO - Started process (PID=151) to work on /home/airflow/.local/lib/python3.8/site-packages/airflow/example_dags/example_sla_dag.py
[2023-12-18T14:45:08.129+0000] {processor.py:829} INFO - Processing file /home/airflow/.local/lib/python3.8/site-packages/airflow/example_dags/example_sla_dag.py for tasks to queue
[2023-12-18T14:45:08.131+0000] {logging_mixin.py:154} INFO - [2023-12-18T14:45:08.131+0000] {dagbag.py:536} INFO - Filling up the DagBag from /home/airflow/.local/lib/python3.8/site-packages/airflow/example_dags/example_sla_dag.py
[2023-12-18T14:45:08.139+0000] {processor.py:839} INFO - DAG(s) dict_keys(['example_sla_dag']) retrieved from /home/airflow/.local/lib/python3.8/site-packages/airflow/example_dags/example_sla_dag.py
[2023-12-18T14:45:08.159+0000] {logging_mixin.py:154} INFO - [2023-12-18T14:45:08.158+0000] {dag.py:2941} INFO - Sync 1 DAGs
[2023-12-18T14:45:08.209+0000] {logging_mixin.py:154} INFO - [2023-12-18T14:45:08.209+0000] {dag.py:3722} INFO - Setting next_dagrun for example_sla_dag to 2023-12-18T14:42:00+00:00, run_after=2023-12-18T14:44:00+00:00
[2023-12-18T14:45:08.229+0000] {processor.py:179} INFO - Processing /home/airflow/.local/lib/python3.8/site-packages/airflow/example_dags/example_sla_dag.py took 0.102 seconds
[2023-12-18T14:45:38.288+0000] {processor.py:157} INFO - Started process (PID=220) to work on /home/airflow/.local/lib/python3.8/site-packages/airflow/example_dags/example_sla_dag.py
[2023-12-18T14:45:38.289+0000] {processor.py:829} INFO - Processing file /home/airflow/.local/lib/python3.8/site-packages/airflow/example_dags/example_sla_dag.py for tasks to queue
[2023-12-18T14:45:38.291+0000] {logging_mixin.py:154} INFO - [2023-12-18T14:45:38.291+0000] {dagbag.py:536} INFO - Filling up the DagBag from /home/airflow/.local/lib/python3.8/site-packages/airflow/example_dags/example_sla_dag.py
[2023-12-18T14:45:38.299+0000] {processor.py:839} INFO - DAG(s) dict_keys(['example_sla_dag']) retrieved from /home/airflow/.local/lib/python3.8/site-packages/airflow/example_dags/example_sla_dag.py
[2023-12-18T14:45:38.314+0000] {logging_mixin.py:154} INFO - [2023-12-18T14:45:38.314+0000] {dag.py:2941} INFO - Sync 1 DAGs
[2023-12-18T14:45:38.334+0000] {logging_mixin.py:154} INFO - [2023-12-18T14:45:38.334+0000] {dag.py:3722} INFO - Setting next_dagrun for example_sla_dag to 2023-12-18T14:42:00+00:00, run_after=2023-12-18T14:44:00+00:00
[2023-12-18T14:45:38.344+0000] {processor.py:179} INFO - Processing /home/airflow/.local/lib/python3.8/site-packages/airflow/example_dags/example_sla_dag.py took 0.058 seconds
[2023-12-18T14:46:09.193+0000] {processor.py:157} INFO - Started process (PID=289) to work on /home/airflow/.local/lib/python3.8/site-packages/airflow/example_dags/example_sla_dag.py
[2023-12-18T14:46:09.194+0000] {processor.py:829} INFO - Processing file /home/airflow/.local/lib/python3.8/site-packages/airflow/example_dags/example_sla_dag.py for tasks to queue
[2023-12-18T14:46:09.195+0000] {logging_mixin.py:154} INFO - [2023-12-18T14:46:09.195+0000] {dagbag.py:536} INFO - Filling up the DagBag from /home/airflow/.local/lib/python3.8/site-packages/airflow/example_dags/example_sla_dag.py
[2023-12-18T14:46:09.200+0000] {processor.py:839} INFO - DAG(s) dict_keys(['example_sla_dag']) retrieved from /home/airflow/.local/lib/python3.8/site-packages/airflow/example_dags/example_sla_dag.py
[2023-12-18T14:46:09.212+0000] {logging_mixin.py:154} INFO - [2023-12-18T14:46:09.212+0000] {dag.py:2941} INFO - Sync 1 DAGs
[2023-12-18T14:46:09.227+0000] {logging_mixin.py:154} INFO - [2023-12-18T14:46:09.227+0000] {dag.py:3722} INFO - Setting next_dagrun for example_sla_dag to 2023-12-18T14:44:00+00:00, run_after=2023-12-18T14:46:00+00:00
[2023-12-18T14:46:09.238+0000] {processor.py:179} INFO - Processing /home/airflow/.local/lib/python3.8/site-packages/airflow/example_dags/example_sla_dag.py took 0.047 seconds
[2023-12-18T14:46:39.990+0000] {processor.py:157} INFO - Started process (PID=358) to work on /home/airflow/.local/lib/python3.8/site-packages/airflow/example_dags/example_sla_dag.py
[2023-12-18T14:46:39.991+0000] {processor.py:829} INFO - Processing file /home/airflow/.local/lib/python3.8/site-packages/airflow/example_dags/example_sla_dag.py for tasks to queue
[2023-12-18T14:46:39.992+0000] {logging_mixin.py:154} INFO - [2023-12-18T14:46:39.992+0000] {dagbag.py:536} INFO - Filling up the DagBag from /home/airflow/.local/lib/python3.8/site-packages/airflow/example_dags/example_sla_dag.py
[2023-12-18T14:46:39.996+0000] {processor.py:839} INFO - DAG(s) dict_keys(['example_sla_dag']) retrieved from /home/airflow/.local/lib/python3.8/site-packages/airflow/example_dags/example_sla_dag.py
[2023-12-18T14:46:40.009+0000] {logging_mixin.py:154} INFO - [2023-12-18T14:46:40.009+0000] {dag.py:2941} INFO - Sync 1 DAGs
[2023-12-18T14:46:40.024+0000] {logging_mixin.py:154} INFO - [2023-12-18T14:46:40.024+0000] {dag.py:3722} INFO - Setting next_dagrun for example_sla_dag to 2023-12-18T14:44:00+00:00, run_after=2023-12-18T14:46:00+00:00
[2023-12-18T14:46:40.034+0000] {processor.py:179} INFO - Processing /home/airflow/.local/lib/python3.8/site-packages/airflow/example_dags/example_sla_dag.py took 0.046 seconds
[2023-12-18T14:47:10.990+0000] {processor.py:157} INFO - Started process (PID=427) to work on /home/airflow/.local/lib/python3.8/site-packages/airflow/example_dags/example_sla_dag.py
[2023-12-18T14:47:10.990+0000] {processor.py:829} INFO - Processing file /home/airflow/.local/lib/python3.8/site-packages/airflow/example_dags/example_sla_dag.py for tasks to queue
[2023-12-18T14:47:10.991+0000] {logging_mixin.py:154} INFO - [2023-12-18T14:47:10.991+0000] {dagbag.py:536} INFO - Filling up the DagBag from /home/airflow/.local/lib/python3.8/site-packages/airflow/example_dags/example_sla_dag.py
[2023-12-18T14:47:10.996+0000] {processor.py:839} INFO - DAG(s) dict_keys(['example_sla_dag']) retrieved from /home/airflow/.local/lib/python3.8/site-packages/airflow/example_dags/example_sla_dag.py
[2023-12-18T14:47:11.008+0000] {logging_mixin.py:154} INFO - [2023-12-18T14:47:11.008+0000] {dag.py:2941} INFO - Sync 1 DAGs
[2023-12-18T14:47:11.023+0000] {logging_mixin.py:154} INFO - [2023-12-18T14:47:11.023+0000] {dag.py:3722} INFO - Setting next_dagrun for example_sla_dag to 2023-12-18T14:44:00+00:00, run_after=2023-12-18T14:46:00+00:00
[2023-12-18T14:47:11.034+0000] {processor.py:179} INFO - Processing /home/airflow/.local/lib/python3.8/site-packages/airflow/example_dags/example_sla_dag.py took 0.046 seconds
[2023-12-18T14:47:41.200+0000] {processor.py:157} INFO - Started process (PID=496) to work on /home/airflow/.local/lib/python3.8/site-packages/airflow/example_dags/example_sla_dag.py
[2023-12-18T14:47:41.201+0000] {processor.py:829} INFO - Processing file /home/airflow/.local/lib/python3.8/site-packages/airflow/example_dags/example_sla_dag.py for tasks to queue
[2023-12-18T14:47:41.202+0000] {logging_mixin.py:154} INFO - [2023-12-18T14:47:41.202+0000] {dagbag.py:536} INFO - Filling up the DagBag from /home/airflow/.local/lib/python3.8/site-packages/airflow/example_dags/example_sla_dag.py
[2023-12-18T14:47:41.207+0000] {processor.py:839} INFO - DAG(s) dict_keys(['example_sla_dag']) retrieved from /home/airflow/.local/lib/python3.8/site-packages/airflow/example_dags/example_sla_dag.py
[2023-12-18T14:47:41.219+0000] {logging_mixin.py:154} INFO - [2023-12-18T14:47:41.218+0000] {dag.py:2941} INFO - Sync 1 DAGs
[2023-12-18T14:47:41.233+0000] {logging_mixin.py:154} INFO - [2023-12-18T14:47:41.233+0000] {dag.py:3722} INFO - Setting next_dagrun for example_sla_dag to 2023-12-18T14:44:00+00:00, run_after=2023-12-18T14:46:00+00:00
[2023-12-18T14:47:41.244+0000] {processor.py:179} INFO - Processing /home/airflow/.local/lib/python3.8/site-packages/airflow/example_dags/example_sla_dag.py took 0.045 seconds
[2023-12-18T14:48:11.401+0000] {processor.py:157} INFO - Started process (PID=566) to work on /home/airflow/.local/lib/python3.8/site-packages/airflow/example_dags/example_sla_dag.py
[2023-12-18T14:48:11.402+0000] {processor.py:829} INFO - Processing file /home/airflow/.local/lib/python3.8/site-packages/airflow/example_dags/example_sla_dag.py for tasks to queue
[2023-12-18T14:48:11.403+0000] {logging_mixin.py:154} INFO - [2023-12-18T14:48:11.403+0000] {dagbag.py:536} INFO - Filling up the DagBag from /home/airflow/.local/lib/python3.8/site-packages/airflow/example_dags/example_sla_dag.py
[2023-12-18T14:48:11.409+0000] {processor.py:839} INFO - DAG(s) dict_keys(['example_sla_dag']) retrieved from /home/airflow/.local/lib/python3.8/site-packages/airflow/example_dags/example_sla_dag.py
[2023-12-18T14:48:11.421+0000] {logging_mixin.py:154} INFO - [2023-12-18T14:48:11.421+0000] {dag.py:2941} INFO - Sync 1 DAGs
[2023-12-18T14:48:11.437+0000] {logging_mixin.py:154} INFO - [2023-12-18T14:48:11.437+0000] {dag.py:3722} INFO - Setting next_dagrun for example_sla_dag to 2023-12-18T14:46:00+00:00, run_after=2023-12-18T14:48:00+00:00
[2023-12-18T14:48:11.449+0000] {processor.py:179} INFO - Processing /home/airflow/.local/lib/python3.8/site-packages/airflow/example_dags/example_sla_dag.py took 0.049 seconds
[2023-12-18T14:48:42.287+0000] {processor.py:157} INFO - Started process (PID=636) to work on /home/airflow/.local/lib/python3.8/site-packages/airflow/example_dags/example_sla_dag.py
[2023-12-18T14:48:42.288+0000] {processor.py:829} INFO - Processing file /home/airflow/.local/lib/python3.8/site-packages/airflow/example_dags/example_sla_dag.py for tasks to queue
[2023-12-18T14:48:42.290+0000] {logging_mixin.py:154} INFO - [2023-12-18T14:48:42.289+0000] {dagbag.py:536} INFO - Filling up the DagBag from /home/airflow/.local/lib/python3.8/site-packages/airflow/example_dags/example_sla_dag.py
[2023-12-18T14:48:42.295+0000] {processor.py:839} INFO - DAG(s) dict_keys(['example_sla_dag']) retrieved from /home/airflow/.local/lib/python3.8/site-packages/airflow/example_dags/example_sla_dag.py
[2023-12-18T14:48:42.310+0000] {logging_mixin.py:154} INFO - [2023-12-18T14:48:42.309+0000] {dag.py:2941} INFO - Sync 1 DAGs
[2023-12-18T14:48:42.329+0000] {logging_mixin.py:154} INFO - [2023-12-18T14:48:42.329+0000] {dag.py:3722} INFO - Setting next_dagrun for example_sla_dag to 2023-12-18T14:46:00+00:00, run_after=2023-12-18T14:48:00+00:00
[2023-12-18T14:48:42.345+0000] {processor.py:179} INFO - Processing /home/airflow/.local/lib/python3.8/site-packages/airflow/example_dags/example_sla_dag.py took 0.062 seconds
[2023-12-18T14:52:09.779+0000] {processor.py:157} INFO - Started process (PID=83) to work on /home/airflow/.local/lib/python3.8/site-packages/airflow/example_dags/example_sla_dag.py
[2023-12-18T14:52:09.782+0000] {processor.py:829} INFO - Processing file /home/airflow/.local/lib/python3.8/site-packages/airflow/example_dags/example_sla_dag.py for tasks to queue
[2023-12-18T14:52:09.784+0000] {logging_mixin.py:154} INFO - [2023-12-18T14:52:09.784+0000] {dagbag.py:536} INFO - Filling up the DagBag from /home/airflow/.local/lib/python3.8/site-packages/airflow/example_dags/example_sla_dag.py
[2023-12-18T14:52:09.798+0000] {processor.py:839} INFO - DAG(s) dict_keys(['example_sla_dag']) retrieved from /home/airflow/.local/lib/python3.8/site-packages/airflow/example_dags/example_sla_dag.py
[2023-12-18T14:52:09.814+0000] {logging_mixin.py:154} INFO - [2023-12-18T14:52:09.814+0000] {dag.py:2941} INFO - Sync 1 DAGs
[2023-12-18T14:52:09.842+0000] {logging_mixin.py:154} INFO - [2023-12-18T14:52:09.842+0000] {dag.py:3722} INFO - Setting next_dagrun for example_sla_dag to 2023-12-18T14:50:00+00:00, run_after=2023-12-18T14:52:00+00:00
[2023-12-18T14:52:09.861+0000] {processor.py:179} INFO - Processing /home/airflow/.local/lib/python3.8/site-packages/airflow/example_dags/example_sla_dag.py took 0.085 seconds
[2023-12-18T14:52:40.490+0000] {processor.py:157} INFO - Started process (PID=152) to work on /home/airflow/.local/lib/python3.8/site-packages/airflow/example_dags/example_sla_dag.py
[2023-12-18T14:52:40.491+0000] {processor.py:829} INFO - Processing file /home/airflow/.local/lib/python3.8/site-packages/airflow/example_dags/example_sla_dag.py for tasks to queue
[2023-12-18T14:52:40.492+0000] {logging_mixin.py:154} INFO - [2023-12-18T14:52:40.492+0000] {dagbag.py:536} INFO - Filling up the DagBag from /home/airflow/.local/lib/python3.8/site-packages/airflow/example_dags/example_sla_dag.py
[2023-12-18T14:52:40.497+0000] {processor.py:839} INFO - DAG(s) dict_keys(['example_sla_dag']) retrieved from /home/airflow/.local/lib/python3.8/site-packages/airflow/example_dags/example_sla_dag.py
[2023-12-18T14:52:40.510+0000] {logging_mixin.py:154} INFO - [2023-12-18T14:52:40.510+0000] {dag.py:2941} INFO - Sync 1 DAGs
[2023-12-18T14:52:40.531+0000] {logging_mixin.py:154} INFO - [2023-12-18T14:52:40.530+0000] {dag.py:3722} INFO - Setting next_dagrun for example_sla_dag to 2023-12-18T14:50:00+00:00, run_after=2023-12-18T14:52:00+00:00
[2023-12-18T14:52:40.544+0000] {processor.py:179} INFO - Processing /home/airflow/.local/lib/python3.8/site-packages/airflow/example_dags/example_sla_dag.py took 0.056 seconds
[2023-12-18T14:53:11.429+0000] {processor.py:157} INFO - Started process (PID=222) to work on /home/airflow/.local/lib/python3.8/site-packages/airflow/example_dags/example_sla_dag.py
[2023-12-18T14:53:11.429+0000] {processor.py:829} INFO - Processing file /home/airflow/.local/lib/python3.8/site-packages/airflow/example_dags/example_sla_dag.py for tasks to queue
[2023-12-18T14:53:11.430+0000] {logging_mixin.py:154} INFO - [2023-12-18T14:53:11.430+0000] {dagbag.py:536} INFO - Filling up the DagBag from /home/airflow/.local/lib/python3.8/site-packages/airflow/example_dags/example_sla_dag.py
[2023-12-18T14:53:11.435+0000] {processor.py:839} INFO - DAG(s) dict_keys(['example_sla_dag']) retrieved from /home/airflow/.local/lib/python3.8/site-packages/airflow/example_dags/example_sla_dag.py
[2023-12-18T14:53:11.446+0000] {logging_mixin.py:154} INFO - [2023-12-18T14:53:11.446+0000] {dag.py:2941} INFO - Sync 1 DAGs
[2023-12-18T14:53:11.460+0000] {logging_mixin.py:154} INFO - [2023-12-18T14:53:11.460+0000] {dag.py:3722} INFO - Setting next_dagrun for example_sla_dag to 2023-12-18T14:50:00+00:00, run_after=2023-12-18T14:52:00+00:00
[2023-12-18T14:53:11.469+0000] {processor.py:179} INFO - Processing /home/airflow/.local/lib/python3.8/site-packages/airflow/example_dags/example_sla_dag.py took 0.042 seconds
[2023-12-18T14:53:42.226+0000] {processor.py:157} INFO - Started process (PID=291) to work on /home/airflow/.local/lib/python3.8/site-packages/airflow/example_dags/example_sla_dag.py
[2023-12-18T14:53:42.227+0000] {processor.py:829} INFO - Processing file /home/airflow/.local/lib/python3.8/site-packages/airflow/example_dags/example_sla_dag.py for tasks to queue
[2023-12-18T14:53:42.228+0000] {logging_mixin.py:154} INFO - [2023-12-18T14:53:42.228+0000] {dagbag.py:536} INFO - Filling up the DagBag from /home/airflow/.local/lib/python3.8/site-packages/airflow/example_dags/example_sla_dag.py
[2023-12-18T14:53:42.235+0000] {processor.py:839} INFO - DAG(s) dict_keys(['example_sla_dag']) retrieved from /home/airflow/.local/lib/python3.8/site-packages/airflow/example_dags/example_sla_dag.py
[2023-12-18T14:53:42.248+0000] {logging_mixin.py:154} INFO - [2023-12-18T14:53:42.247+0000] {dag.py:2941} INFO - Sync 1 DAGs
[2023-12-18T14:53:42.286+0000] {logging_mixin.py:154} INFO - [2023-12-18T14:53:42.286+0000] {dag.py:3722} INFO - Setting next_dagrun for example_sla_dag to 2023-12-18T14:50:00+00:00, run_after=2023-12-18T14:52:00+00:00
[2023-12-18T14:53:42.299+0000] {processor.py:179} INFO - Processing /home/airflow/.local/lib/python3.8/site-packages/airflow/example_dags/example_sla_dag.py took 0.075 seconds
