[2023-12-18T14:25:40.822+0000] {processor.py:157} INFO - Started process (PID=67) to work on /home/airflow/.local/lib/python3.8/site-packages/airflow/example_dags/example_setup_teardown_taskflow.py
[2023-12-18T14:25:40.823+0000] {processor.py:829} INFO - Processing file /home/airflow/.local/lib/python3.8/site-packages/airflow/example_dags/example_setup_teardown_taskflow.py for tasks to queue
[2023-12-18T14:25:40.827+0000] {logging_mixin.py:154} INFO - [2023-12-18T14:25:40.826+0000] {dagbag.py:536} INFO - Filling up the DagBag from /home/airflow/.local/lib/python3.8/site-packages/airflow/example_dags/example_setup_teardown_taskflow.py
[2023-12-18T14:25:40.842+0000] {processor.py:839} INFO - DAG(s) dict_keys(['example_setup_teardown_taskflow']) retrieved from /home/airflow/.local/lib/python3.8/site-packages/airflow/example_dags/example_setup_teardown_taskflow.py
[2023-12-18T14:25:40.852+0000] {logging_mixin.py:154} INFO - [2023-12-18T14:25:40.852+0000] {dag.py:2941} INFO - Sync 1 DAGs
[2023-12-18T14:25:40.884+0000] {logging_mixin.py:154} INFO - [2023-12-18T14:25:40.884+0000] {dag.py:3722} INFO - Setting next_dagrun for example_setup_teardown_taskflow to 2023-12-17T14:25:40.884427+00:00, run_after=2023-12-18T14:25:40.884427+00:00
[2023-12-18T14:25:40.917+0000] {processor.py:179} INFO - Processing /home/airflow/.local/lib/python3.8/site-packages/airflow/example_dags/example_setup_teardown_taskflow.py took 0.100 seconds
[2023-12-18T14:26:11.493+0000] {processor.py:157} INFO - Started process (PID=136) to work on /home/airflow/.local/lib/python3.8/site-packages/airflow/example_dags/example_setup_teardown_taskflow.py
[2023-12-18T14:26:11.493+0000] {processor.py:829} INFO - Processing file /home/airflow/.local/lib/python3.8/site-packages/airflow/example_dags/example_setup_teardown_taskflow.py for tasks to queue
[2023-12-18T14:26:11.494+0000] {logging_mixin.py:154} INFO - [2023-12-18T14:26:11.494+0000] {dagbag.py:536} INFO - Filling up the DagBag from /home/airflow/.local/lib/python3.8/site-packages/airflow/example_dags/example_setup_teardown_taskflow.py
[2023-12-18T14:26:11.500+0000] {processor.py:839} INFO - DAG(s) dict_keys(['example_setup_teardown_taskflow']) retrieved from /home/airflow/.local/lib/python3.8/site-packages/airflow/example_dags/example_setup_teardown_taskflow.py
[2023-12-18T14:26:11.513+0000] {logging_mixin.py:154} INFO - [2023-12-18T14:26:11.513+0000] {dag.py:2941} INFO - Sync 1 DAGs
[2023-12-18T14:26:11.529+0000] {logging_mixin.py:154} INFO - [2023-12-18T14:26:11.529+0000] {dag.py:3722} INFO - Setting next_dagrun for example_setup_teardown_taskflow to 2023-12-17T14:26:11.529064+00:00, run_after=2023-12-18T14:26:11.529064+00:00
[2023-12-18T14:26:11.541+0000] {processor.py:179} INFO - Processing /home/airflow/.local/lib/python3.8/site-packages/airflow/example_dags/example_setup_teardown_taskflow.py took 0.050 seconds
[2023-12-18T14:26:41.729+0000] {processor.py:157} INFO - Started process (PID=206) to work on /home/airflow/.local/lib/python3.8/site-packages/airflow/example_dags/example_setup_teardown_taskflow.py
[2023-12-18T14:26:41.730+0000] {processor.py:829} INFO - Processing file /home/airflow/.local/lib/python3.8/site-packages/airflow/example_dags/example_setup_teardown_taskflow.py for tasks to queue
[2023-12-18T14:26:41.731+0000] {logging_mixin.py:154} INFO - [2023-12-18T14:26:41.731+0000] {dagbag.py:536} INFO - Filling up the DagBag from /home/airflow/.local/lib/python3.8/site-packages/airflow/example_dags/example_setup_teardown_taskflow.py
[2023-12-18T14:26:41.736+0000] {processor.py:839} INFO - DAG(s) dict_keys(['example_setup_teardown_taskflow']) retrieved from /home/airflow/.local/lib/python3.8/site-packages/airflow/example_dags/example_setup_teardown_taskflow.py
[2023-12-18T14:26:41.750+0000] {logging_mixin.py:154} INFO - [2023-12-18T14:26:41.749+0000] {dag.py:2941} INFO - Sync 1 DAGs
[2023-12-18T14:26:41.763+0000] {logging_mixin.py:154} INFO - [2023-12-18T14:26:41.763+0000] {dag.py:3722} INFO - Setting next_dagrun for example_setup_teardown_taskflow to 2023-12-17T14:26:41.762939+00:00, run_after=2023-12-18T14:26:41.762939+00:00
[2023-12-18T14:26:41.774+0000] {processor.py:179} INFO - Processing /home/airflow/.local/lib/python3.8/site-packages/airflow/example_dags/example_setup_teardown_taskflow.py took 0.047 seconds
[2023-12-18T14:27:12.578+0000] {processor.py:157} INFO - Started process (PID=275) to work on /home/airflow/.local/lib/python3.8/site-packages/airflow/example_dags/example_setup_teardown_taskflow.py
[2023-12-18T14:27:12.579+0000] {processor.py:829} INFO - Processing file /home/airflow/.local/lib/python3.8/site-packages/airflow/example_dags/example_setup_teardown_taskflow.py for tasks to queue
[2023-12-18T14:27:12.580+0000] {logging_mixin.py:154} INFO - [2023-12-18T14:27:12.580+0000] {dagbag.py:536} INFO - Filling up the DagBag from /home/airflow/.local/lib/python3.8/site-packages/airflow/example_dags/example_setup_teardown_taskflow.py
[2023-12-18T14:27:12.585+0000] {processor.py:839} INFO - DAG(s) dict_keys(['example_setup_teardown_taskflow']) retrieved from /home/airflow/.local/lib/python3.8/site-packages/airflow/example_dags/example_setup_teardown_taskflow.py
[2023-12-18T14:27:12.597+0000] {logging_mixin.py:154} INFO - [2023-12-18T14:27:12.597+0000] {dag.py:2941} INFO - Sync 1 DAGs
[2023-12-18T14:27:12.609+0000] {logging_mixin.py:154} INFO - [2023-12-18T14:27:12.609+0000] {dag.py:3722} INFO - Setting next_dagrun for example_setup_teardown_taskflow to 2023-12-17T14:27:12.609535+00:00, run_after=2023-12-18T14:27:12.609535+00:00
[2023-12-18T14:27:12.621+0000] {processor.py:179} INFO - Processing /home/airflow/.local/lib/python3.8/site-packages/airflow/example_dags/example_setup_teardown_taskflow.py took 0.044 seconds
[2023-12-18T14:27:43.432+0000] {processor.py:157} INFO - Started process (PID=344) to work on /home/airflow/.local/lib/python3.8/site-packages/airflow/example_dags/example_setup_teardown_taskflow.py
[2023-12-18T14:27:43.432+0000] {processor.py:829} INFO - Processing file /home/airflow/.local/lib/python3.8/site-packages/airflow/example_dags/example_setup_teardown_taskflow.py for tasks to queue
[2023-12-18T14:27:43.433+0000] {logging_mixin.py:154} INFO - [2023-12-18T14:27:43.433+0000] {dagbag.py:536} INFO - Filling up the DagBag from /home/airflow/.local/lib/python3.8/site-packages/airflow/example_dags/example_setup_teardown_taskflow.py
[2023-12-18T14:27:43.438+0000] {processor.py:839} INFO - DAG(s) dict_keys(['example_setup_teardown_taskflow']) retrieved from /home/airflow/.local/lib/python3.8/site-packages/airflow/example_dags/example_setup_teardown_taskflow.py
[2023-12-18T14:27:43.453+0000] {logging_mixin.py:154} INFO - [2023-12-18T14:27:43.453+0000] {dag.py:2941} INFO - Sync 1 DAGs
[2023-12-18T14:27:43.466+0000] {logging_mixin.py:154} INFO - [2023-12-18T14:27:43.466+0000] {dag.py:3722} INFO - Setting next_dagrun for example_setup_teardown_taskflow to 2023-12-17T14:27:43.466489+00:00, run_after=2023-12-18T14:27:43.466489+00:00
[2023-12-18T14:27:43.477+0000] {processor.py:179} INFO - Processing /home/airflow/.local/lib/python3.8/site-packages/airflow/example_dags/example_setup_teardown_taskflow.py took 0.047 seconds
[2023-12-18T14:28:13.597+0000] {processor.py:157} INFO - Started process (PID=412) to work on /home/airflow/.local/lib/python3.8/site-packages/airflow/example_dags/example_setup_teardown_taskflow.py
[2023-12-18T14:28:13.598+0000] {processor.py:829} INFO - Processing file /home/airflow/.local/lib/python3.8/site-packages/airflow/example_dags/example_setup_teardown_taskflow.py for tasks to queue
[2023-12-18T14:28:13.599+0000] {logging_mixin.py:154} INFO - [2023-12-18T14:28:13.599+0000] {dagbag.py:536} INFO - Filling up the DagBag from /home/airflow/.local/lib/python3.8/site-packages/airflow/example_dags/example_setup_teardown_taskflow.py
[2023-12-18T14:28:13.604+0000] {processor.py:839} INFO - DAG(s) dict_keys(['example_setup_teardown_taskflow']) retrieved from /home/airflow/.local/lib/python3.8/site-packages/airflow/example_dags/example_setup_teardown_taskflow.py
[2023-12-18T14:28:13.621+0000] {logging_mixin.py:154} INFO - [2023-12-18T14:28:13.621+0000] {dag.py:2941} INFO - Sync 1 DAGs
[2023-12-18T14:28:13.638+0000] {logging_mixin.py:154} INFO - [2023-12-18T14:28:13.638+0000] {dag.py:3722} INFO - Setting next_dagrun for example_setup_teardown_taskflow to 2023-12-17T14:28:13.638544+00:00, run_after=2023-12-18T14:28:13.638544+00:00
[2023-12-18T14:28:13.652+0000] {processor.py:179} INFO - Processing /home/airflow/.local/lib/python3.8/site-packages/airflow/example_dags/example_setup_teardown_taskflow.py took 0.056 seconds
[2023-12-18T14:28:44.443+0000] {processor.py:157} INFO - Started process (PID=488) to work on /home/airflow/.local/lib/python3.8/site-packages/airflow/example_dags/example_setup_teardown_taskflow.py
[2023-12-18T14:28:44.443+0000] {processor.py:829} INFO - Processing file /home/airflow/.local/lib/python3.8/site-packages/airflow/example_dags/example_setup_teardown_taskflow.py for tasks to queue
[2023-12-18T14:28:44.445+0000] {logging_mixin.py:154} INFO - [2023-12-18T14:28:44.444+0000] {dagbag.py:536} INFO - Filling up the DagBag from /home/airflow/.local/lib/python3.8/site-packages/airflow/example_dags/example_setup_teardown_taskflow.py
[2023-12-18T14:28:44.450+0000] {processor.py:839} INFO - DAG(s) dict_keys(['example_setup_teardown_taskflow']) retrieved from /home/airflow/.local/lib/python3.8/site-packages/airflow/example_dags/example_setup_teardown_taskflow.py
[2023-12-18T14:28:44.464+0000] {logging_mixin.py:154} INFO - [2023-12-18T14:28:44.464+0000] {dag.py:2941} INFO - Sync 1 DAGs
[2023-12-18T14:28:44.492+0000] {logging_mixin.py:154} INFO - [2023-12-18T14:28:44.492+0000] {dag.py:3722} INFO - Setting next_dagrun for example_setup_teardown_taskflow to 2023-12-17T14:28:44.492489+00:00, run_after=2023-12-18T14:28:44.492489+00:00
[2023-12-18T14:28:44.506+0000] {processor.py:179} INFO - Processing /home/airflow/.local/lib/python3.8/site-packages/airflow/example_dags/example_setup_teardown_taskflow.py took 0.065 seconds
[2023-12-18T14:29:15.318+0000] {processor.py:157} INFO - Started process (PID=557) to work on /home/airflow/.local/lib/python3.8/site-packages/airflow/example_dags/example_setup_teardown_taskflow.py
[2023-12-18T14:29:15.318+0000] {processor.py:829} INFO - Processing file /home/airflow/.local/lib/python3.8/site-packages/airflow/example_dags/example_setup_teardown_taskflow.py for tasks to queue
[2023-12-18T14:29:15.320+0000] {logging_mixin.py:154} INFO - [2023-12-18T14:29:15.319+0000] {dagbag.py:536} INFO - Filling up the DagBag from /home/airflow/.local/lib/python3.8/site-packages/airflow/example_dags/example_setup_teardown_taskflow.py
[2023-12-18T14:29:15.327+0000] {processor.py:839} INFO - DAG(s) dict_keys(['example_setup_teardown_taskflow']) retrieved from /home/airflow/.local/lib/python3.8/site-packages/airflow/example_dags/example_setup_teardown_taskflow.py
[2023-12-18T14:29:15.349+0000] {logging_mixin.py:154} INFO - [2023-12-18T14:29:15.349+0000] {dag.py:2941} INFO - Sync 1 DAGs
[2023-12-18T14:29:15.368+0000] {logging_mixin.py:154} INFO - [2023-12-18T14:29:15.367+0000] {dag.py:3722} INFO - Setting next_dagrun for example_setup_teardown_taskflow to 2023-12-17T14:29:15.367694+00:00, run_after=2023-12-18T14:29:15.367694+00:00
[2023-12-18T14:29:15.382+0000] {processor.py:179} INFO - Processing /home/airflow/.local/lib/python3.8/site-packages/airflow/example_dags/example_setup_teardown_taskflow.py took 0.067 seconds
[2023-12-18T14:29:45.419+0000] {processor.py:157} INFO - Started process (PID=626) to work on /home/airflow/.local/lib/python3.8/site-packages/airflow/example_dags/example_setup_teardown_taskflow.py
[2023-12-18T14:29:45.420+0000] {processor.py:829} INFO - Processing file /home/airflow/.local/lib/python3.8/site-packages/airflow/example_dags/example_setup_teardown_taskflow.py for tasks to queue
[2023-12-18T14:29:45.421+0000] {logging_mixin.py:154} INFO - [2023-12-18T14:29:45.421+0000] {dagbag.py:536} INFO - Filling up the DagBag from /home/airflow/.local/lib/python3.8/site-packages/airflow/example_dags/example_setup_teardown_taskflow.py
[2023-12-18T14:29:45.426+0000] {processor.py:839} INFO - DAG(s) dict_keys(['example_setup_teardown_taskflow']) retrieved from /home/airflow/.local/lib/python3.8/site-packages/airflow/example_dags/example_setup_teardown_taskflow.py
[2023-12-18T14:29:45.439+0000] {logging_mixin.py:154} INFO - [2023-12-18T14:29:45.438+0000] {dag.py:2941} INFO - Sync 1 DAGs
[2023-12-18T14:29:45.451+0000] {logging_mixin.py:154} INFO - [2023-12-18T14:29:45.451+0000] {dag.py:3722} INFO - Setting next_dagrun for example_setup_teardown_taskflow to 2023-12-17T14:29:45.451551+00:00, run_after=2023-12-18T14:29:45.451551+00:00
[2023-12-18T14:29:45.461+0000] {processor.py:179} INFO - Processing /home/airflow/.local/lib/python3.8/site-packages/airflow/example_dags/example_setup_teardown_taskflow.py took 0.044 seconds
[2023-12-18T14:30:15.639+0000] {processor.py:157} INFO - Started process (PID=696) to work on /home/airflow/.local/lib/python3.8/site-packages/airflow/example_dags/example_setup_teardown_taskflow.py
[2023-12-18T14:30:15.640+0000] {processor.py:829} INFO - Processing file /home/airflow/.local/lib/python3.8/site-packages/airflow/example_dags/example_setup_teardown_taskflow.py for tasks to queue
[2023-12-18T14:30:15.642+0000] {logging_mixin.py:154} INFO - [2023-12-18T14:30:15.642+0000] {dagbag.py:536} INFO - Filling up the DagBag from /home/airflow/.local/lib/python3.8/site-packages/airflow/example_dags/example_setup_teardown_taskflow.py
[2023-12-18T14:30:15.651+0000] {processor.py:839} INFO - DAG(s) dict_keys(['example_setup_teardown_taskflow']) retrieved from /home/airflow/.local/lib/python3.8/site-packages/airflow/example_dags/example_setup_teardown_taskflow.py
[2023-12-18T14:30:15.664+0000] {logging_mixin.py:154} INFO - [2023-12-18T14:30:15.664+0000] {dag.py:2941} INFO - Sync 1 DAGs
[2023-12-18T14:30:15.695+0000] {logging_mixin.py:154} INFO - [2023-12-18T14:30:15.695+0000] {dag.py:3722} INFO - Setting next_dagrun for example_setup_teardown_taskflow to 2023-12-17T14:30:15.694951+00:00, run_after=2023-12-18T14:30:15.694951+00:00
[2023-12-18T14:30:15.708+0000] {processor.py:179} INFO - Processing /home/airflow/.local/lib/python3.8/site-packages/airflow/example_dags/example_setup_teardown_taskflow.py took 0.071 seconds
[2023-12-18T14:30:45.742+0000] {processor.py:157} INFO - Started process (PID=758) to work on /home/airflow/.local/lib/python3.8/site-packages/airflow/example_dags/example_setup_teardown_taskflow.py
[2023-12-18T14:30:45.742+0000] {processor.py:829} INFO - Processing file /home/airflow/.local/lib/python3.8/site-packages/airflow/example_dags/example_setup_teardown_taskflow.py for tasks to queue
[2023-12-18T14:30:45.743+0000] {logging_mixin.py:154} INFO - [2023-12-18T14:30:45.743+0000] {dagbag.py:536} INFO - Filling up the DagBag from /home/airflow/.local/lib/python3.8/site-packages/airflow/example_dags/example_setup_teardown_taskflow.py
[2023-12-18T14:30:45.749+0000] {processor.py:839} INFO - DAG(s) dict_keys(['example_setup_teardown_taskflow']) retrieved from /home/airflow/.local/lib/python3.8/site-packages/airflow/example_dags/example_setup_teardown_taskflow.py
[2023-12-18T14:30:45.768+0000] {logging_mixin.py:154} INFO - [2023-12-18T14:30:45.768+0000] {dag.py:2941} INFO - Sync 1 DAGs
[2023-12-18T14:30:45.781+0000] {logging_mixin.py:154} INFO - [2023-12-18T14:30:45.781+0000] {dag.py:3722} INFO - Setting next_dagrun for example_setup_teardown_taskflow to 2023-12-17T14:30:45.780869+00:00, run_after=2023-12-18T14:30:45.780869+00:00
[2023-12-18T14:30:45.790+0000] {processor.py:179} INFO - Processing /home/airflow/.local/lib/python3.8/site-packages/airflow/example_dags/example_setup_teardown_taskflow.py took 0.050 seconds
[2023-12-18T14:31:15.886+0000] {processor.py:157} INFO - Started process (PID=828) to work on /home/airflow/.local/lib/python3.8/site-packages/airflow/example_dags/example_setup_teardown_taskflow.py
[2023-12-18T14:31:15.886+0000] {processor.py:829} INFO - Processing file /home/airflow/.local/lib/python3.8/site-packages/airflow/example_dags/example_setup_teardown_taskflow.py for tasks to queue
[2023-12-18T14:31:15.887+0000] {logging_mixin.py:154} INFO - [2023-12-18T14:31:15.887+0000] {dagbag.py:536} INFO - Filling up the DagBag from /home/airflow/.local/lib/python3.8/site-packages/airflow/example_dags/example_setup_teardown_taskflow.py
[2023-12-18T14:31:15.893+0000] {processor.py:839} INFO - DAG(s) dict_keys(['example_setup_teardown_taskflow']) retrieved from /home/airflow/.local/lib/python3.8/site-packages/airflow/example_dags/example_setup_teardown_taskflow.py
[2023-12-18T14:31:15.905+0000] {logging_mixin.py:154} INFO - [2023-12-18T14:31:15.905+0000] {dag.py:2941} INFO - Sync 1 DAGs
[2023-12-18T14:31:15.919+0000] {logging_mixin.py:154} INFO - [2023-12-18T14:31:15.918+0000] {dag.py:3722} INFO - Setting next_dagrun for example_setup_teardown_taskflow to 2023-12-17T14:31:15.918688+00:00, run_after=2023-12-18T14:31:15.918688+00:00
[2023-12-18T14:31:15.941+0000] {processor.py:179} INFO - Processing /home/airflow/.local/lib/python3.8/site-packages/airflow/example_dags/example_setup_teardown_taskflow.py took 0.057 seconds
[2023-12-18T14:31:46.715+0000] {processor.py:157} INFO - Started process (PID=904) to work on /home/airflow/.local/lib/python3.8/site-packages/airflow/example_dags/example_setup_teardown_taskflow.py
[2023-12-18T14:31:46.716+0000] {processor.py:829} INFO - Processing file /home/airflow/.local/lib/python3.8/site-packages/airflow/example_dags/example_setup_teardown_taskflow.py for tasks to queue
[2023-12-18T14:31:46.717+0000] {logging_mixin.py:154} INFO - [2023-12-18T14:31:46.717+0000] {dagbag.py:536} INFO - Filling up the DagBag from /home/airflow/.local/lib/python3.8/site-packages/airflow/example_dags/example_setup_teardown_taskflow.py
[2023-12-18T14:31:46.722+0000] {processor.py:839} INFO - DAG(s) dict_keys(['example_setup_teardown_taskflow']) retrieved from /home/airflow/.local/lib/python3.8/site-packages/airflow/example_dags/example_setup_teardown_taskflow.py
[2023-12-18T14:31:46.735+0000] {logging_mixin.py:154} INFO - [2023-12-18T14:31:46.735+0000] {dag.py:2941} INFO - Sync 1 DAGs
[2023-12-18T14:31:46.763+0000] {logging_mixin.py:154} INFO - [2023-12-18T14:31:46.763+0000] {dag.py:3722} INFO - Setting next_dagrun for example_setup_teardown_taskflow to 2023-12-17T14:31:46.762804+00:00, run_after=2023-12-18T14:31:46.762804+00:00
[2023-12-18T14:31:46.784+0000] {processor.py:179} INFO - Processing /home/airflow/.local/lib/python3.8/site-packages/airflow/example_dags/example_setup_teardown_taskflow.py took 0.071 seconds
[2023-12-18T14:32:16.935+0000] {processor.py:157} INFO - Started process (PID=972) to work on /home/airflow/.local/lib/python3.8/site-packages/airflow/example_dags/example_setup_teardown_taskflow.py
[2023-12-18T14:32:16.936+0000] {processor.py:829} INFO - Processing file /home/airflow/.local/lib/python3.8/site-packages/airflow/example_dags/example_setup_teardown_taskflow.py for tasks to queue
[2023-12-18T14:32:16.937+0000] {logging_mixin.py:154} INFO - [2023-12-18T14:32:16.937+0000] {dagbag.py:536} INFO - Filling up the DagBag from /home/airflow/.local/lib/python3.8/site-packages/airflow/example_dags/example_setup_teardown_taskflow.py
[2023-12-18T14:32:16.988+0000] {processor.py:839} INFO - DAG(s) dict_keys(['example_setup_teardown_taskflow']) retrieved from /home/airflow/.local/lib/python3.8/site-packages/airflow/example_dags/example_setup_teardown_taskflow.py
[2023-12-18T14:32:17.002+0000] {logging_mixin.py:154} INFO - [2023-12-18T14:32:17.002+0000] {dag.py:2941} INFO - Sync 1 DAGs
[2023-12-18T14:32:17.016+0000] {logging_mixin.py:154} INFO - [2023-12-18T14:32:17.016+0000] {dag.py:3722} INFO - Setting next_dagrun for example_setup_teardown_taskflow to 2023-12-17T14:32:17.015924+00:00, run_after=2023-12-18T14:32:17.015924+00:00
[2023-12-18T14:32:17.027+0000] {processor.py:179} INFO - Processing /home/airflow/.local/lib/python3.8/site-packages/airflow/example_dags/example_setup_teardown_taskflow.py took 0.093 seconds
[2023-12-18T14:32:47.822+0000] {processor.py:157} INFO - Started process (PID=1040) to work on /home/airflow/.local/lib/python3.8/site-packages/airflow/example_dags/example_setup_teardown_taskflow.py
[2023-12-18T14:32:47.822+0000] {processor.py:829} INFO - Processing file /home/airflow/.local/lib/python3.8/site-packages/airflow/example_dags/example_setup_teardown_taskflow.py for tasks to queue
[2023-12-18T14:32:47.824+0000] {logging_mixin.py:154} INFO - [2023-12-18T14:32:47.823+0000] {dagbag.py:536} INFO - Filling up the DagBag from /home/airflow/.local/lib/python3.8/site-packages/airflow/example_dags/example_setup_teardown_taskflow.py
[2023-12-18T14:32:47.829+0000] {processor.py:839} INFO - DAG(s) dict_keys(['example_setup_teardown_taskflow']) retrieved from /home/airflow/.local/lib/python3.8/site-packages/airflow/example_dags/example_setup_teardown_taskflow.py
[2023-12-18T14:32:47.842+0000] {logging_mixin.py:154} INFO - [2023-12-18T14:32:47.841+0000] {dag.py:2941} INFO - Sync 1 DAGs
[2023-12-18T14:32:47.855+0000] {logging_mixin.py:154} INFO - [2023-12-18T14:32:47.855+0000] {dag.py:3722} INFO - Setting next_dagrun for example_setup_teardown_taskflow to 2023-12-17T14:32:47.855068+00:00, run_after=2023-12-18T14:32:47.855068+00:00
[2023-12-18T14:32:47.865+0000] {processor.py:179} INFO - Processing /home/airflow/.local/lib/python3.8/site-packages/airflow/example_dags/example_setup_teardown_taskflow.py took 0.045 seconds
[2023-12-18T14:33:18.534+0000] {processor.py:157} INFO - Started process (PID=1109) to work on /home/airflow/.local/lib/python3.8/site-packages/airflow/example_dags/example_setup_teardown_taskflow.py
[2023-12-18T14:33:18.535+0000] {processor.py:829} INFO - Processing file /home/airflow/.local/lib/python3.8/site-packages/airflow/example_dags/example_setup_teardown_taskflow.py for tasks to queue
[2023-12-18T14:33:18.536+0000] {logging_mixin.py:154} INFO - [2023-12-18T14:33:18.536+0000] {dagbag.py:536} INFO - Filling up the DagBag from /home/airflow/.local/lib/python3.8/site-packages/airflow/example_dags/example_setup_teardown_taskflow.py
[2023-12-18T14:33:18.541+0000] {processor.py:839} INFO - DAG(s) dict_keys(['example_setup_teardown_taskflow']) retrieved from /home/airflow/.local/lib/python3.8/site-packages/airflow/example_dags/example_setup_teardown_taskflow.py
[2023-12-18T14:33:18.554+0000] {logging_mixin.py:154} INFO - [2023-12-18T14:33:18.554+0000] {dag.py:2941} INFO - Sync 1 DAGs
[2023-12-18T14:33:18.584+0000] {logging_mixin.py:154} INFO - [2023-12-18T14:33:18.584+0000] {dag.py:3722} INFO - Setting next_dagrun for example_setup_teardown_taskflow to 2023-12-17T14:33:18.584572+00:00, run_after=2023-12-18T14:33:18.584572+00:00
[2023-12-18T14:33:18.596+0000] {processor.py:179} INFO - Processing /home/airflow/.local/lib/python3.8/site-packages/airflow/example_dags/example_setup_teardown_taskflow.py took 0.064 seconds
[2023-12-18T14:33:49.416+0000] {processor.py:157} INFO - Started process (PID=1178) to work on /home/airflow/.local/lib/python3.8/site-packages/airflow/example_dags/example_setup_teardown_taskflow.py
[2023-12-18T14:33:49.417+0000] {processor.py:829} INFO - Processing file /home/airflow/.local/lib/python3.8/site-packages/airflow/example_dags/example_setup_teardown_taskflow.py for tasks to queue
[2023-12-18T14:33:49.418+0000] {logging_mixin.py:154} INFO - [2023-12-18T14:33:49.418+0000] {dagbag.py:536} INFO - Filling up the DagBag from /home/airflow/.local/lib/python3.8/site-packages/airflow/example_dags/example_setup_teardown_taskflow.py
[2023-12-18T14:33:49.423+0000] {processor.py:839} INFO - DAG(s) dict_keys(['example_setup_teardown_taskflow']) retrieved from /home/airflow/.local/lib/python3.8/site-packages/airflow/example_dags/example_setup_teardown_taskflow.py
[2023-12-18T14:33:49.435+0000] {logging_mixin.py:154} INFO - [2023-12-18T14:33:49.435+0000] {dag.py:2941} INFO - Sync 1 DAGs
[2023-12-18T14:33:49.448+0000] {logging_mixin.py:154} INFO - [2023-12-18T14:33:49.448+0000] {dag.py:3722} INFO - Setting next_dagrun for example_setup_teardown_taskflow to 2023-12-17T14:33:49.448015+00:00, run_after=2023-12-18T14:33:49.448015+00:00
[2023-12-18T14:33:49.459+0000] {processor.py:179} INFO - Processing /home/airflow/.local/lib/python3.8/site-packages/airflow/example_dags/example_setup_teardown_taskflow.py took 0.045 seconds
[2023-12-18T14:34:19.600+0000] {processor.py:157} INFO - Started process (PID=1247) to work on /home/airflow/.local/lib/python3.8/site-packages/airflow/example_dags/example_setup_teardown_taskflow.py
[2023-12-18T14:34:19.600+0000] {processor.py:829} INFO - Processing file /home/airflow/.local/lib/python3.8/site-packages/airflow/example_dags/example_setup_teardown_taskflow.py for tasks to queue
[2023-12-18T14:34:19.601+0000] {logging_mixin.py:154} INFO - [2023-12-18T14:34:19.601+0000] {dagbag.py:536} INFO - Filling up the DagBag from /home/airflow/.local/lib/python3.8/site-packages/airflow/example_dags/example_setup_teardown_taskflow.py
[2023-12-18T14:34:19.607+0000] {processor.py:839} INFO - DAG(s) dict_keys(['example_setup_teardown_taskflow']) retrieved from /home/airflow/.local/lib/python3.8/site-packages/airflow/example_dags/example_setup_teardown_taskflow.py
[2023-12-18T14:34:19.620+0000] {logging_mixin.py:154} INFO - [2023-12-18T14:34:19.620+0000] {dag.py:2941} INFO - Sync 1 DAGs
[2023-12-18T14:34:19.635+0000] {logging_mixin.py:154} INFO - [2023-12-18T14:34:19.635+0000] {dag.py:3722} INFO - Setting next_dagrun for example_setup_teardown_taskflow to 2023-12-17T14:34:19.634874+00:00, run_after=2023-12-18T14:34:19.634874+00:00
[2023-12-18T14:34:19.645+0000] {processor.py:179} INFO - Processing /home/airflow/.local/lib/python3.8/site-packages/airflow/example_dags/example_setup_teardown_taskflow.py took 0.047 seconds
[2023-12-18T14:34:50.729+0000] {processor.py:157} INFO - Started process (PID=1317) to work on /home/airflow/.local/lib/python3.8/site-packages/airflow/example_dags/example_setup_teardown_taskflow.py
[2023-12-18T14:34:50.730+0000] {processor.py:829} INFO - Processing file /home/airflow/.local/lib/python3.8/site-packages/airflow/example_dags/example_setup_teardown_taskflow.py for tasks to queue
[2023-12-18T14:34:50.731+0000] {logging_mixin.py:154} INFO - [2023-12-18T14:34:50.731+0000] {dagbag.py:536} INFO - Filling up the DagBag from /home/airflow/.local/lib/python3.8/site-packages/airflow/example_dags/example_setup_teardown_taskflow.py
[2023-12-18T14:34:50.736+0000] {processor.py:839} INFO - DAG(s) dict_keys(['example_setup_teardown_taskflow']) retrieved from /home/airflow/.local/lib/python3.8/site-packages/airflow/example_dags/example_setup_teardown_taskflow.py
[2023-12-18T14:34:50.750+0000] {logging_mixin.py:154} INFO - [2023-12-18T14:34:50.750+0000] {dag.py:2941} INFO - Sync 1 DAGs
[2023-12-18T14:34:50.764+0000] {logging_mixin.py:154} INFO - [2023-12-18T14:34:50.764+0000] {dag.py:3722} INFO - Setting next_dagrun for example_setup_teardown_taskflow to 2023-12-17T14:34:50.764037+00:00, run_after=2023-12-18T14:34:50.764037+00:00
[2023-12-18T14:34:50.775+0000] {processor.py:179} INFO - Processing /home/airflow/.local/lib/python3.8/site-packages/airflow/example_dags/example_setup_teardown_taskflow.py took 0.047 seconds
[2023-12-18T14:35:20.839+0000] {processor.py:157} INFO - Started process (PID=1386) to work on /home/airflow/.local/lib/python3.8/site-packages/airflow/example_dags/example_setup_teardown_taskflow.py
[2023-12-18T14:35:20.840+0000] {processor.py:829} INFO - Processing file /home/airflow/.local/lib/python3.8/site-packages/airflow/example_dags/example_setup_teardown_taskflow.py for tasks to queue
[2023-12-18T14:35:20.841+0000] {logging_mixin.py:154} INFO - [2023-12-18T14:35:20.841+0000] {dagbag.py:536} INFO - Filling up the DagBag from /home/airflow/.local/lib/python3.8/site-packages/airflow/example_dags/example_setup_teardown_taskflow.py
[2023-12-18T14:35:20.846+0000] {processor.py:839} INFO - DAG(s) dict_keys(['example_setup_teardown_taskflow']) retrieved from /home/airflow/.local/lib/python3.8/site-packages/airflow/example_dags/example_setup_teardown_taskflow.py
[2023-12-18T14:35:20.860+0000] {logging_mixin.py:154} INFO - [2023-12-18T14:35:20.860+0000] {dag.py:2941} INFO - Sync 1 DAGs
[2023-12-18T14:35:20.873+0000] {logging_mixin.py:154} INFO - [2023-12-18T14:35:20.873+0000] {dag.py:3722} INFO - Setting next_dagrun for example_setup_teardown_taskflow to 2023-12-17T14:35:20.872995+00:00, run_after=2023-12-18T14:35:20.872995+00:00
[2023-12-18T14:35:20.883+0000] {processor.py:179} INFO - Processing /home/airflow/.local/lib/python3.8/site-packages/airflow/example_dags/example_setup_teardown_taskflow.py took 0.045 seconds
[2023-12-18T14:35:50.931+0000] {processor.py:157} INFO - Started process (PID=1454) to work on /home/airflow/.local/lib/python3.8/site-packages/airflow/example_dags/example_setup_teardown_taskflow.py
[2023-12-18T14:35:50.931+0000] {processor.py:829} INFO - Processing file /home/airflow/.local/lib/python3.8/site-packages/airflow/example_dags/example_setup_teardown_taskflow.py for tasks to queue
[2023-12-18T14:35:50.933+0000] {logging_mixin.py:154} INFO - [2023-12-18T14:35:50.933+0000] {dagbag.py:536} INFO - Filling up the DagBag from /home/airflow/.local/lib/python3.8/site-packages/airflow/example_dags/example_setup_teardown_taskflow.py
[2023-12-18T14:35:50.938+0000] {processor.py:839} INFO - DAG(s) dict_keys(['example_setup_teardown_taskflow']) retrieved from /home/airflow/.local/lib/python3.8/site-packages/airflow/example_dags/example_setup_teardown_taskflow.py
[2023-12-18T14:35:50.954+0000] {logging_mixin.py:154} INFO - [2023-12-18T14:35:50.953+0000] {dag.py:2941} INFO - Sync 1 DAGs
[2023-12-18T14:35:50.967+0000] {logging_mixin.py:154} INFO - [2023-12-18T14:35:50.967+0000] {dag.py:3722} INFO - Setting next_dagrun for example_setup_teardown_taskflow to 2023-12-17T14:35:50.967002+00:00, run_after=2023-12-18T14:35:50.967002+00:00
[2023-12-18T14:35:50.977+0000] {processor.py:179} INFO - Processing /home/airflow/.local/lib/python3.8/site-packages/airflow/example_dags/example_setup_teardown_taskflow.py took 0.048 seconds
[2023-12-18T14:36:21.031+0000] {processor.py:157} INFO - Started process (PID=1523) to work on /home/airflow/.local/lib/python3.8/site-packages/airflow/example_dags/example_setup_teardown_taskflow.py
[2023-12-18T14:36:21.032+0000] {processor.py:829} INFO - Processing file /home/airflow/.local/lib/python3.8/site-packages/airflow/example_dags/example_setup_teardown_taskflow.py for tasks to queue
[2023-12-18T14:36:21.033+0000] {logging_mixin.py:154} INFO - [2023-12-18T14:36:21.033+0000] {dagbag.py:536} INFO - Filling up the DagBag from /home/airflow/.local/lib/python3.8/site-packages/airflow/example_dags/example_setup_teardown_taskflow.py
[2023-12-18T14:36:21.038+0000] {processor.py:839} INFO - DAG(s) dict_keys(['example_setup_teardown_taskflow']) retrieved from /home/airflow/.local/lib/python3.8/site-packages/airflow/example_dags/example_setup_teardown_taskflow.py
[2023-12-18T14:36:21.051+0000] {logging_mixin.py:154} INFO - [2023-12-18T14:36:21.051+0000] {dag.py:2941} INFO - Sync 1 DAGs
[2023-12-18T14:36:21.083+0000] {logging_mixin.py:154} INFO - [2023-12-18T14:36:21.083+0000] {dag.py:3722} INFO - Setting next_dagrun for example_setup_teardown_taskflow to 2023-12-17T14:36:21.083308+00:00, run_after=2023-12-18T14:36:21.083308+00:00
[2023-12-18T14:36:21.095+0000] {processor.py:179} INFO - Processing /home/airflow/.local/lib/python3.8/site-packages/airflow/example_dags/example_setup_teardown_taskflow.py took 0.066 seconds
[2023-12-18T14:36:51.202+0000] {processor.py:157} INFO - Started process (PID=1592) to work on /home/airflow/.local/lib/python3.8/site-packages/airflow/example_dags/example_setup_teardown_taskflow.py
[2023-12-18T14:36:51.202+0000] {processor.py:829} INFO - Processing file /home/airflow/.local/lib/python3.8/site-packages/airflow/example_dags/example_setup_teardown_taskflow.py for tasks to queue
[2023-12-18T14:36:51.203+0000] {logging_mixin.py:154} INFO - [2023-12-18T14:36:51.203+0000] {dagbag.py:536} INFO - Filling up the DagBag from /home/airflow/.local/lib/python3.8/site-packages/airflow/example_dags/example_setup_teardown_taskflow.py
[2023-12-18T14:36:51.209+0000] {processor.py:839} INFO - DAG(s) dict_keys(['example_setup_teardown_taskflow']) retrieved from /home/airflow/.local/lib/python3.8/site-packages/airflow/example_dags/example_setup_teardown_taskflow.py
[2023-12-18T14:36:51.222+0000] {logging_mixin.py:154} INFO - [2023-12-18T14:36:51.222+0000] {dag.py:2941} INFO - Sync 1 DAGs
[2023-12-18T14:36:51.235+0000] {logging_mixin.py:154} INFO - [2023-12-18T14:36:51.234+0000] {dag.py:3722} INFO - Setting next_dagrun for example_setup_teardown_taskflow to 2023-12-17T14:36:51.234864+00:00, run_after=2023-12-18T14:36:51.234864+00:00
[2023-12-18T14:36:51.246+0000] {processor.py:179} INFO - Processing /home/airflow/.local/lib/python3.8/site-packages/airflow/example_dags/example_setup_teardown_taskflow.py took 0.046 seconds
[2023-12-18T14:37:22.180+0000] {processor.py:157} INFO - Started process (PID=1661) to work on /home/airflow/.local/lib/python3.8/site-packages/airflow/example_dags/example_setup_teardown_taskflow.py
[2023-12-18T14:37:22.181+0000] {processor.py:829} INFO - Processing file /home/airflow/.local/lib/python3.8/site-packages/airflow/example_dags/example_setup_teardown_taskflow.py for tasks to queue
[2023-12-18T14:37:22.182+0000] {logging_mixin.py:154} INFO - [2023-12-18T14:37:22.182+0000] {dagbag.py:536} INFO - Filling up the DagBag from /home/airflow/.local/lib/python3.8/site-packages/airflow/example_dags/example_setup_teardown_taskflow.py
[2023-12-18T14:37:22.187+0000] {processor.py:839} INFO - DAG(s) dict_keys(['example_setup_teardown_taskflow']) retrieved from /home/airflow/.local/lib/python3.8/site-packages/airflow/example_dags/example_setup_teardown_taskflow.py
[2023-12-18T14:37:22.199+0000] {logging_mixin.py:154} INFO - [2023-12-18T14:37:22.199+0000] {dag.py:2941} INFO - Sync 1 DAGs
[2023-12-18T14:37:22.212+0000] {logging_mixin.py:154} INFO - [2023-12-18T14:37:22.212+0000] {dag.py:3722} INFO - Setting next_dagrun for example_setup_teardown_taskflow to 2023-12-17T14:37:22.212312+00:00, run_after=2023-12-18T14:37:22.212312+00:00
[2023-12-18T14:37:22.223+0000] {processor.py:179} INFO - Processing /home/airflow/.local/lib/python3.8/site-packages/airflow/example_dags/example_setup_teardown_taskflow.py took 0.045 seconds
[2023-12-18T14:37:52.866+0000] {processor.py:157} INFO - Started process (PID=1730) to work on /home/airflow/.local/lib/python3.8/site-packages/airflow/example_dags/example_setup_teardown_taskflow.py
[2023-12-18T14:37:52.866+0000] {processor.py:829} INFO - Processing file /home/airflow/.local/lib/python3.8/site-packages/airflow/example_dags/example_setup_teardown_taskflow.py for tasks to queue
[2023-12-18T14:37:52.867+0000] {logging_mixin.py:154} INFO - [2023-12-18T14:37:52.867+0000] {dagbag.py:536} INFO - Filling up the DagBag from /home/airflow/.local/lib/python3.8/site-packages/airflow/example_dags/example_setup_teardown_taskflow.py
[2023-12-18T14:37:52.886+0000] {processor.py:839} INFO - DAG(s) dict_keys(['example_setup_teardown_taskflow']) retrieved from /home/airflow/.local/lib/python3.8/site-packages/airflow/example_dags/example_setup_teardown_taskflow.py
[2023-12-18T14:37:52.900+0000] {logging_mixin.py:154} INFO - [2023-12-18T14:37:52.899+0000] {dag.py:2941} INFO - Sync 1 DAGs
[2023-12-18T14:37:52.913+0000] {logging_mixin.py:154} INFO - [2023-12-18T14:37:52.913+0000] {dag.py:3722} INFO - Setting next_dagrun for example_setup_teardown_taskflow to 2023-12-17T14:37:52.913295+00:00, run_after=2023-12-18T14:37:52.913295+00:00
[2023-12-18T14:37:52.924+0000] {processor.py:179} INFO - Processing /home/airflow/.local/lib/python3.8/site-packages/airflow/example_dags/example_setup_teardown_taskflow.py took 0.060 seconds
[2023-12-18T14:38:23.684+0000] {processor.py:157} INFO - Started process (PID=1799) to work on /home/airflow/.local/lib/python3.8/site-packages/airflow/example_dags/example_setup_teardown_taskflow.py
[2023-12-18T14:38:23.685+0000] {processor.py:829} INFO - Processing file /home/airflow/.local/lib/python3.8/site-packages/airflow/example_dags/example_setup_teardown_taskflow.py for tasks to queue
[2023-12-18T14:38:23.686+0000] {logging_mixin.py:154} INFO - [2023-12-18T14:38:23.686+0000] {dagbag.py:536} INFO - Filling up the DagBag from /home/airflow/.local/lib/python3.8/site-packages/airflow/example_dags/example_setup_teardown_taskflow.py
[2023-12-18T14:38:23.691+0000] {processor.py:839} INFO - DAG(s) dict_keys(['example_setup_teardown_taskflow']) retrieved from /home/airflow/.local/lib/python3.8/site-packages/airflow/example_dags/example_setup_teardown_taskflow.py
[2023-12-18T14:38:23.705+0000] {logging_mixin.py:154} INFO - [2023-12-18T14:38:23.705+0000] {dag.py:2941} INFO - Sync 1 DAGs
[2023-12-18T14:38:23.719+0000] {logging_mixin.py:154} INFO - [2023-12-18T14:38:23.718+0000] {dag.py:3722} INFO - Setting next_dagrun for example_setup_teardown_taskflow to 2023-12-17T14:38:23.718804+00:00, run_after=2023-12-18T14:38:23.718804+00:00
[2023-12-18T14:38:23.729+0000] {processor.py:179} INFO - Processing /home/airflow/.local/lib/python3.8/site-packages/airflow/example_dags/example_setup_teardown_taskflow.py took 0.047 seconds
[2023-12-18T14:38:54.472+0000] {processor.py:157} INFO - Started process (PID=1868) to work on /home/airflow/.local/lib/python3.8/site-packages/airflow/example_dags/example_setup_teardown_taskflow.py
[2023-12-18T14:38:54.473+0000] {processor.py:829} INFO - Processing file /home/airflow/.local/lib/python3.8/site-packages/airflow/example_dags/example_setup_teardown_taskflow.py for tasks to queue
[2023-12-18T14:38:54.474+0000] {logging_mixin.py:154} INFO - [2023-12-18T14:38:54.474+0000] {dagbag.py:536} INFO - Filling up the DagBag from /home/airflow/.local/lib/python3.8/site-packages/airflow/example_dags/example_setup_teardown_taskflow.py
[2023-12-18T14:38:54.479+0000] {processor.py:839} INFO - DAG(s) dict_keys(['example_setup_teardown_taskflow']) retrieved from /home/airflow/.local/lib/python3.8/site-packages/airflow/example_dags/example_setup_teardown_taskflow.py
[2023-12-18T14:38:54.492+0000] {logging_mixin.py:154} INFO - [2023-12-18T14:38:54.492+0000] {dag.py:2941} INFO - Sync 1 DAGs
[2023-12-18T14:38:54.505+0000] {logging_mixin.py:154} INFO - [2023-12-18T14:38:54.505+0000] {dag.py:3722} INFO - Setting next_dagrun for example_setup_teardown_taskflow to 2023-12-17T14:38:54.505331+00:00, run_after=2023-12-18T14:38:54.505331+00:00
[2023-12-18T14:38:54.517+0000] {processor.py:179} INFO - Processing /home/airflow/.local/lib/python3.8/site-packages/airflow/example_dags/example_setup_teardown_taskflow.py took 0.047 seconds
[2023-12-18T14:39:55.147+0000] {processor.py:157} INFO - Started process (PID=67) to work on /home/airflow/.local/lib/python3.8/site-packages/airflow/example_dags/example_setup_teardown_taskflow.py
[2023-12-18T14:39:55.149+0000] {processor.py:829} INFO - Processing file /home/airflow/.local/lib/python3.8/site-packages/airflow/example_dags/example_setup_teardown_taskflow.py for tasks to queue
[2023-12-18T14:39:55.151+0000] {logging_mixin.py:154} INFO - [2023-12-18T14:39:55.151+0000] {dagbag.py:536} INFO - Filling up the DagBag from /home/airflow/.local/lib/python3.8/site-packages/airflow/example_dags/example_setup_teardown_taskflow.py
[2023-12-18T14:39:55.165+0000] {processor.py:839} INFO - DAG(s) dict_keys(['example_setup_teardown_taskflow']) retrieved from /home/airflow/.local/lib/python3.8/site-packages/airflow/example_dags/example_setup_teardown_taskflow.py
[2023-12-18T14:39:55.182+0000] {logging_mixin.py:154} INFO - [2023-12-18T14:39:55.181+0000] {dag.py:2941} INFO - Sync 1 DAGs
[2023-12-18T14:39:55.231+0000] {logging_mixin.py:154} INFO - [2023-12-18T14:39:55.231+0000] {dag.py:3722} INFO - Setting next_dagrun for example_setup_teardown_taskflow to 2023-12-17T14:39:55.231020+00:00, run_after=2023-12-18T14:39:55.231020+00:00
[2023-12-18T14:39:55.270+0000] {processor.py:179} INFO - Processing /home/airflow/.local/lib/python3.8/site-packages/airflow/example_dags/example_setup_teardown_taskflow.py took 0.126 seconds
[2023-12-18T14:40:25.531+0000] {processor.py:157} INFO - Started process (PID=136) to work on /home/airflow/.local/lib/python3.8/site-packages/airflow/example_dags/example_setup_teardown_taskflow.py
[2023-12-18T14:40:25.532+0000] {processor.py:829} INFO - Processing file /home/airflow/.local/lib/python3.8/site-packages/airflow/example_dags/example_setup_teardown_taskflow.py for tasks to queue
[2023-12-18T14:40:25.534+0000] {logging_mixin.py:154} INFO - [2023-12-18T14:40:25.534+0000] {dagbag.py:536} INFO - Filling up the DagBag from /home/airflow/.local/lib/python3.8/site-packages/airflow/example_dags/example_setup_teardown_taskflow.py
[2023-12-18T14:40:25.543+0000] {processor.py:839} INFO - DAG(s) dict_keys(['example_setup_teardown_taskflow']) retrieved from /home/airflow/.local/lib/python3.8/site-packages/airflow/example_dags/example_setup_teardown_taskflow.py
[2023-12-18T14:40:25.566+0000] {logging_mixin.py:154} INFO - [2023-12-18T14:40:25.566+0000] {dag.py:2941} INFO - Sync 1 DAGs
[2023-12-18T14:40:25.593+0000] {logging_mixin.py:154} INFO - [2023-12-18T14:40:25.593+0000] {dag.py:3722} INFO - Setting next_dagrun for example_setup_teardown_taskflow to 2023-12-17T14:40:25.593174+00:00, run_after=2023-12-18T14:40:25.593174+00:00
[2023-12-18T14:40:25.614+0000] {processor.py:179} INFO - Processing /home/airflow/.local/lib/python3.8/site-packages/airflow/example_dags/example_setup_teardown_taskflow.py took 0.084 seconds
[2023-12-18T14:40:55.810+0000] {processor.py:157} INFO - Started process (PID=205) to work on /home/airflow/.local/lib/python3.8/site-packages/airflow/example_dags/example_setup_teardown_taskflow.py
[2023-12-18T14:40:55.811+0000] {processor.py:829} INFO - Processing file /home/airflow/.local/lib/python3.8/site-packages/airflow/example_dags/example_setup_teardown_taskflow.py for tasks to queue
[2023-12-18T14:40:55.812+0000] {logging_mixin.py:154} INFO - [2023-12-18T14:40:55.812+0000] {dagbag.py:536} INFO - Filling up the DagBag from /home/airflow/.local/lib/python3.8/site-packages/airflow/example_dags/example_setup_teardown_taskflow.py
[2023-12-18T14:40:55.818+0000] {processor.py:839} INFO - DAG(s) dict_keys(['example_setup_teardown_taskflow']) retrieved from /home/airflow/.local/lib/python3.8/site-packages/airflow/example_dags/example_setup_teardown_taskflow.py
[2023-12-18T14:40:55.834+0000] {logging_mixin.py:154} INFO - [2023-12-18T14:40:55.834+0000] {dag.py:2941} INFO - Sync 1 DAGs
[2023-12-18T14:40:55.848+0000] {logging_mixin.py:154} INFO - [2023-12-18T14:40:55.848+0000] {dag.py:3722} INFO - Setting next_dagrun for example_setup_teardown_taskflow to 2023-12-17T14:40:55.848588+00:00, run_after=2023-12-18T14:40:55.848588+00:00
[2023-12-18T14:40:55.860+0000] {processor.py:179} INFO - Processing /home/airflow/.local/lib/python3.8/site-packages/airflow/example_dags/example_setup_teardown_taskflow.py took 0.052 seconds
[2023-12-18T14:41:26.605+0000] {processor.py:157} INFO - Started process (PID=274) to work on /home/airflow/.local/lib/python3.8/site-packages/airflow/example_dags/example_setup_teardown_taskflow.py
[2023-12-18T14:41:26.605+0000] {processor.py:829} INFO - Processing file /home/airflow/.local/lib/python3.8/site-packages/airflow/example_dags/example_setup_teardown_taskflow.py for tasks to queue
[2023-12-18T14:41:26.606+0000] {logging_mixin.py:154} INFO - [2023-12-18T14:41:26.606+0000] {dagbag.py:536} INFO - Filling up the DagBag from /home/airflow/.local/lib/python3.8/site-packages/airflow/example_dags/example_setup_teardown_taskflow.py
[2023-12-18T14:41:26.611+0000] {processor.py:839} INFO - DAG(s) dict_keys(['example_setup_teardown_taskflow']) retrieved from /home/airflow/.local/lib/python3.8/site-packages/airflow/example_dags/example_setup_teardown_taskflow.py
[2023-12-18T14:41:26.624+0000] {logging_mixin.py:154} INFO - [2023-12-18T14:41:26.624+0000] {dag.py:2941} INFO - Sync 1 DAGs
[2023-12-18T14:41:26.637+0000] {logging_mixin.py:154} INFO - [2023-12-18T14:41:26.637+0000] {dag.py:3722} INFO - Setting next_dagrun for example_setup_teardown_taskflow to 2023-12-17T14:41:26.637276+00:00, run_after=2023-12-18T14:41:26.637276+00:00
[2023-12-18T14:41:26.648+0000] {processor.py:179} INFO - Processing /home/airflow/.local/lib/python3.8/site-packages/airflow/example_dags/example_setup_teardown_taskflow.py took 0.045 seconds
[2023-12-18T14:41:57.393+0000] {processor.py:157} INFO - Started process (PID=344) to work on /home/airflow/.local/lib/python3.8/site-packages/airflow/example_dags/example_setup_teardown_taskflow.py
[2023-12-18T14:41:57.393+0000] {processor.py:829} INFO - Processing file /home/airflow/.local/lib/python3.8/site-packages/airflow/example_dags/example_setup_teardown_taskflow.py for tasks to queue
[2023-12-18T14:41:57.394+0000] {logging_mixin.py:154} INFO - [2023-12-18T14:41:57.394+0000] {dagbag.py:536} INFO - Filling up the DagBag from /home/airflow/.local/lib/python3.8/site-packages/airflow/example_dags/example_setup_teardown_taskflow.py
[2023-12-18T14:41:57.399+0000] {processor.py:839} INFO - DAG(s) dict_keys(['example_setup_teardown_taskflow']) retrieved from /home/airflow/.local/lib/python3.8/site-packages/airflow/example_dags/example_setup_teardown_taskflow.py
[2023-12-18T14:41:57.413+0000] {logging_mixin.py:154} INFO - [2023-12-18T14:41:57.412+0000] {dag.py:2941} INFO - Sync 1 DAGs
[2023-12-18T14:41:57.428+0000] {logging_mixin.py:154} INFO - [2023-12-18T14:41:57.428+0000] {dag.py:3722} INFO - Setting next_dagrun for example_setup_teardown_taskflow to 2023-12-17T14:41:57.428394+00:00, run_after=2023-12-18T14:41:57.428394+00:00
[2023-12-18T14:41:57.442+0000] {processor.py:179} INFO - Processing /home/airflow/.local/lib/python3.8/site-packages/airflow/example_dags/example_setup_teardown_taskflow.py took 0.051 seconds
[2023-12-18T14:42:28.363+0000] {processor.py:157} INFO - Started process (PID=413) to work on /home/airflow/.local/lib/python3.8/site-packages/airflow/example_dags/example_setup_teardown_taskflow.py
[2023-12-18T14:42:28.364+0000] {processor.py:829} INFO - Processing file /home/airflow/.local/lib/python3.8/site-packages/airflow/example_dags/example_setup_teardown_taskflow.py for tasks to queue
[2023-12-18T14:42:28.365+0000] {logging_mixin.py:154} INFO - [2023-12-18T14:42:28.365+0000] {dagbag.py:536} INFO - Filling up the DagBag from /home/airflow/.local/lib/python3.8/site-packages/airflow/example_dags/example_setup_teardown_taskflow.py
[2023-12-18T14:42:28.370+0000] {processor.py:839} INFO - DAG(s) dict_keys(['example_setup_teardown_taskflow']) retrieved from /home/airflow/.local/lib/python3.8/site-packages/airflow/example_dags/example_setup_teardown_taskflow.py
[2023-12-18T14:42:28.384+0000] {logging_mixin.py:154} INFO - [2023-12-18T14:42:28.383+0000] {dag.py:2941} INFO - Sync 1 DAGs
[2023-12-18T14:42:28.398+0000] {logging_mixin.py:154} INFO - [2023-12-18T14:42:28.398+0000] {dag.py:3722} INFO - Setting next_dagrun for example_setup_teardown_taskflow to 2023-12-17T14:42:28.398303+00:00, run_after=2023-12-18T14:42:28.398303+00:00
[2023-12-18T14:42:28.412+0000] {processor.py:179} INFO - Processing /home/airflow/.local/lib/python3.8/site-packages/airflow/example_dags/example_setup_teardown_taskflow.py took 0.050 seconds
[2023-12-18T14:42:58.575+0000] {processor.py:157} INFO - Started process (PID=482) to work on /home/airflow/.local/lib/python3.8/site-packages/airflow/example_dags/example_setup_teardown_taskflow.py
[2023-12-18T14:42:58.576+0000] {processor.py:829} INFO - Processing file /home/airflow/.local/lib/python3.8/site-packages/airflow/example_dags/example_setup_teardown_taskflow.py for tasks to queue
[2023-12-18T14:42:58.577+0000] {logging_mixin.py:154} INFO - [2023-12-18T14:42:58.577+0000] {dagbag.py:536} INFO - Filling up the DagBag from /home/airflow/.local/lib/python3.8/site-packages/airflow/example_dags/example_setup_teardown_taskflow.py
[2023-12-18T14:42:58.582+0000] {processor.py:839} INFO - DAG(s) dict_keys(['example_setup_teardown_taskflow']) retrieved from /home/airflow/.local/lib/python3.8/site-packages/airflow/example_dags/example_setup_teardown_taskflow.py
[2023-12-18T14:42:58.598+0000] {logging_mixin.py:154} INFO - [2023-12-18T14:42:58.598+0000] {dag.py:2941} INFO - Sync 1 DAGs
[2023-12-18T14:42:58.617+0000] {logging_mixin.py:154} INFO - [2023-12-18T14:42:58.616+0000] {dag.py:3722} INFO - Setting next_dagrun for example_setup_teardown_taskflow to 2023-12-17T14:42:58.616788+00:00, run_after=2023-12-18T14:42:58.616788+00:00
[2023-12-18T14:42:58.630+0000] {processor.py:179} INFO - Processing /home/airflow/.local/lib/python3.8/site-packages/airflow/example_dags/example_setup_teardown_taskflow.py took 0.057 seconds
[2023-12-18T14:44:35.640+0000] {processor.py:157} INFO - Started process (PID=65) to work on /home/airflow/.local/lib/python3.8/site-packages/airflow/example_dags/example_setup_teardown_taskflow.py
[2023-12-18T14:44:35.644+0000] {processor.py:829} INFO - Processing file /home/airflow/.local/lib/python3.8/site-packages/airflow/example_dags/example_setup_teardown_taskflow.py for tasks to queue
[2023-12-18T14:44:35.647+0000] {logging_mixin.py:154} INFO - [2023-12-18T14:44:35.646+0000] {dagbag.py:536} INFO - Filling up the DagBag from /home/airflow/.local/lib/python3.8/site-packages/airflow/example_dags/example_setup_teardown_taskflow.py
[2023-12-18T14:44:35.663+0000] {processor.py:839} INFO - DAG(s) dict_keys(['example_setup_teardown_taskflow']) retrieved from /home/airflow/.local/lib/python3.8/site-packages/airflow/example_dags/example_setup_teardown_taskflow.py
[2023-12-18T14:44:35.693+0000] {logging_mixin.py:154} INFO - [2023-12-18T14:44:35.693+0000] {dag.py:2941} INFO - Sync 1 DAGs
[2023-12-18T14:44:35.728+0000] {logging_mixin.py:154} INFO - [2023-12-18T14:44:35.728+0000] {dag.py:3722} INFO - Setting next_dagrun for example_setup_teardown_taskflow to 2023-12-17T14:44:35.727972+00:00, run_after=2023-12-18T14:44:35.727972+00:00
[2023-12-18T14:44:35.775+0000] {processor.py:179} INFO - Processing /home/airflow/.local/lib/python3.8/site-packages/airflow/example_dags/example_setup_teardown_taskflow.py took 0.139 seconds
[2023-12-18T14:45:06.154+0000] {processor.py:157} INFO - Started process (PID=134) to work on /home/airflow/.local/lib/python3.8/site-packages/airflow/example_dags/example_setup_teardown_taskflow.py
[2023-12-18T14:45:06.154+0000] {processor.py:829} INFO - Processing file /home/airflow/.local/lib/python3.8/site-packages/airflow/example_dags/example_setup_teardown_taskflow.py for tasks to queue
[2023-12-18T14:45:06.156+0000] {logging_mixin.py:154} INFO - [2023-12-18T14:45:06.155+0000] {dagbag.py:536} INFO - Filling up the DagBag from /home/airflow/.local/lib/python3.8/site-packages/airflow/example_dags/example_setup_teardown_taskflow.py
[2023-12-18T14:45:06.164+0000] {processor.py:839} INFO - DAG(s) dict_keys(['example_setup_teardown_taskflow']) retrieved from /home/airflow/.local/lib/python3.8/site-packages/airflow/example_dags/example_setup_teardown_taskflow.py
[2023-12-18T14:45:06.180+0000] {logging_mixin.py:154} INFO - [2023-12-18T14:45:06.180+0000] {dag.py:2941} INFO - Sync 1 DAGs
[2023-12-18T14:45:06.200+0000] {logging_mixin.py:154} INFO - [2023-12-18T14:45:06.200+0000] {dag.py:3722} INFO - Setting next_dagrun for example_setup_teardown_taskflow to 2023-12-17T14:45:06.200334+00:00, run_after=2023-12-18T14:45:06.200334+00:00
[2023-12-18T14:45:06.222+0000] {processor.py:179} INFO - Processing /home/airflow/.local/lib/python3.8/site-packages/airflow/example_dags/example_setup_teardown_taskflow.py took 0.070 seconds
[2023-12-18T14:45:36.360+0000] {processor.py:157} INFO - Started process (PID=203) to work on /home/airflow/.local/lib/python3.8/site-packages/airflow/example_dags/example_setup_teardown_taskflow.py
[2023-12-18T14:45:36.360+0000] {processor.py:829} INFO - Processing file /home/airflow/.local/lib/python3.8/site-packages/airflow/example_dags/example_setup_teardown_taskflow.py for tasks to queue
[2023-12-18T14:45:36.362+0000] {logging_mixin.py:154} INFO - [2023-12-18T14:45:36.362+0000] {dagbag.py:536} INFO - Filling up the DagBag from /home/airflow/.local/lib/python3.8/site-packages/airflow/example_dags/example_setup_teardown_taskflow.py
[2023-12-18T14:45:36.367+0000] {processor.py:839} INFO - DAG(s) dict_keys(['example_setup_teardown_taskflow']) retrieved from /home/airflow/.local/lib/python3.8/site-packages/airflow/example_dags/example_setup_teardown_taskflow.py
[2023-12-18T14:45:36.397+0000] {logging_mixin.py:154} INFO - [2023-12-18T14:45:36.396+0000] {dag.py:2941} INFO - Sync 1 DAGs
[2023-12-18T14:45:36.412+0000] {logging_mixin.py:154} INFO - [2023-12-18T14:45:36.412+0000] {dag.py:3722} INFO - Setting next_dagrun for example_setup_teardown_taskflow to 2023-12-17T14:45:36.411879+00:00, run_after=2023-12-18T14:45:36.411879+00:00
[2023-12-18T14:45:36.424+0000] {processor.py:179} INFO - Processing /home/airflow/.local/lib/python3.8/site-packages/airflow/example_dags/example_setup_teardown_taskflow.py took 0.066 seconds
[2023-12-18T14:46:06.527+0000] {processor.py:157} INFO - Started process (PID=272) to work on /home/airflow/.local/lib/python3.8/site-packages/airflow/example_dags/example_setup_teardown_taskflow.py
[2023-12-18T14:46:06.527+0000] {processor.py:829} INFO - Processing file /home/airflow/.local/lib/python3.8/site-packages/airflow/example_dags/example_setup_teardown_taskflow.py for tasks to queue
[2023-12-18T14:46:06.528+0000] {logging_mixin.py:154} INFO - [2023-12-18T14:46:06.528+0000] {dagbag.py:536} INFO - Filling up the DagBag from /home/airflow/.local/lib/python3.8/site-packages/airflow/example_dags/example_setup_teardown_taskflow.py
[2023-12-18T14:46:06.534+0000] {processor.py:839} INFO - DAG(s) dict_keys(['example_setup_teardown_taskflow']) retrieved from /home/airflow/.local/lib/python3.8/site-packages/airflow/example_dags/example_setup_teardown_taskflow.py
[2023-12-18T14:46:06.547+0000] {logging_mixin.py:154} INFO - [2023-12-18T14:46:06.547+0000] {dag.py:2941} INFO - Sync 1 DAGs
[2023-12-18T14:46:06.582+0000] {logging_mixin.py:154} INFO - [2023-12-18T14:46:06.582+0000] {dag.py:3722} INFO - Setting next_dagrun for example_setup_teardown_taskflow to 2023-12-17T14:46:06.581932+00:00, run_after=2023-12-18T14:46:06.581932+00:00
[2023-12-18T14:46:06.596+0000] {processor.py:179} INFO - Processing /home/airflow/.local/lib/python3.8/site-packages/airflow/example_dags/example_setup_teardown_taskflow.py took 0.071 seconds
[2023-12-18T14:46:37.340+0000] {processor.py:157} INFO - Started process (PID=341) to work on /home/airflow/.local/lib/python3.8/site-packages/airflow/example_dags/example_setup_teardown_taskflow.py
[2023-12-18T14:46:37.341+0000] {processor.py:829} INFO - Processing file /home/airflow/.local/lib/python3.8/site-packages/airflow/example_dags/example_setup_teardown_taskflow.py for tasks to queue
[2023-12-18T14:46:37.342+0000] {logging_mixin.py:154} INFO - [2023-12-18T14:46:37.342+0000] {dagbag.py:536} INFO - Filling up the DagBag from /home/airflow/.local/lib/python3.8/site-packages/airflow/example_dags/example_setup_teardown_taskflow.py
[2023-12-18T14:46:37.347+0000] {processor.py:839} INFO - DAG(s) dict_keys(['example_setup_teardown_taskflow']) retrieved from /home/airflow/.local/lib/python3.8/site-packages/airflow/example_dags/example_setup_teardown_taskflow.py
[2023-12-18T14:46:37.360+0000] {logging_mixin.py:154} INFO - [2023-12-18T14:46:37.360+0000] {dag.py:2941} INFO - Sync 1 DAGs
[2023-12-18T14:46:37.390+0000] {logging_mixin.py:154} INFO - [2023-12-18T14:46:37.390+0000] {dag.py:3722} INFO - Setting next_dagrun for example_setup_teardown_taskflow to 2023-12-17T14:46:37.390222+00:00, run_after=2023-12-18T14:46:37.390222+00:00
[2023-12-18T14:46:37.403+0000] {processor.py:179} INFO - Processing /home/airflow/.local/lib/python3.8/site-packages/airflow/example_dags/example_setup_teardown_taskflow.py took 0.065 seconds
[2023-12-18T14:47:08.206+0000] {processor.py:157} INFO - Started process (PID=410) to work on /home/airflow/.local/lib/python3.8/site-packages/airflow/example_dags/example_setup_teardown_taskflow.py
[2023-12-18T14:47:08.206+0000] {processor.py:829} INFO - Processing file /home/airflow/.local/lib/python3.8/site-packages/airflow/example_dags/example_setup_teardown_taskflow.py for tasks to queue
[2023-12-18T14:47:08.207+0000] {logging_mixin.py:154} INFO - [2023-12-18T14:47:08.207+0000] {dagbag.py:536} INFO - Filling up the DagBag from /home/airflow/.local/lib/python3.8/site-packages/airflow/example_dags/example_setup_teardown_taskflow.py
[2023-12-18T14:47:08.213+0000] {processor.py:839} INFO - DAG(s) dict_keys(['example_setup_teardown_taskflow']) retrieved from /home/airflow/.local/lib/python3.8/site-packages/airflow/example_dags/example_setup_teardown_taskflow.py
[2023-12-18T14:47:08.228+0000] {logging_mixin.py:154} INFO - [2023-12-18T14:47:08.228+0000] {dag.py:2941} INFO - Sync 1 DAGs
[2023-12-18T14:47:08.243+0000] {logging_mixin.py:154} INFO - [2023-12-18T14:47:08.243+0000] {dag.py:3722} INFO - Setting next_dagrun for example_setup_teardown_taskflow to 2023-12-17T14:47:08.243136+00:00, run_after=2023-12-18T14:47:08.243136+00:00
[2023-12-18T14:47:08.255+0000] {processor.py:179} INFO - Processing /home/airflow/.local/lib/python3.8/site-packages/airflow/example_dags/example_setup_teardown_taskflow.py took 0.051 seconds
[2023-12-18T14:47:38.340+0000] {processor.py:157} INFO - Started process (PID=479) to work on /home/airflow/.local/lib/python3.8/site-packages/airflow/example_dags/example_setup_teardown_taskflow.py
[2023-12-18T14:47:38.340+0000] {processor.py:829} INFO - Processing file /home/airflow/.local/lib/python3.8/site-packages/airflow/example_dags/example_setup_teardown_taskflow.py for tasks to queue
[2023-12-18T14:47:38.341+0000] {logging_mixin.py:154} INFO - [2023-12-18T14:47:38.341+0000] {dagbag.py:536} INFO - Filling up the DagBag from /home/airflow/.local/lib/python3.8/site-packages/airflow/example_dags/example_setup_teardown_taskflow.py
[2023-12-18T14:47:38.347+0000] {processor.py:839} INFO - DAG(s) dict_keys(['example_setup_teardown_taskflow']) retrieved from /home/airflow/.local/lib/python3.8/site-packages/airflow/example_dags/example_setup_teardown_taskflow.py
[2023-12-18T14:47:38.359+0000] {logging_mixin.py:154} INFO - [2023-12-18T14:47:38.359+0000] {dag.py:2941} INFO - Sync 1 DAGs
[2023-12-18T14:47:38.384+0000] {logging_mixin.py:154} INFO - [2023-12-18T14:47:38.384+0000] {dag.py:3722} INFO - Setting next_dagrun for example_setup_teardown_taskflow to 2023-12-17T14:47:38.384192+00:00, run_after=2023-12-18T14:47:38.384192+00:00
[2023-12-18T14:47:38.396+0000] {processor.py:179} INFO - Processing /home/airflow/.local/lib/python3.8/site-packages/airflow/example_dags/example_setup_teardown_taskflow.py took 0.058 seconds
[2023-12-18T14:48:08.589+0000] {processor.py:157} INFO - Started process (PID=549) to work on /home/airflow/.local/lib/python3.8/site-packages/airflow/example_dags/example_setup_teardown_taskflow.py
[2023-12-18T14:48:08.590+0000] {processor.py:829} INFO - Processing file /home/airflow/.local/lib/python3.8/site-packages/airflow/example_dags/example_setup_teardown_taskflow.py for tasks to queue
[2023-12-18T14:48:08.591+0000] {logging_mixin.py:154} INFO - [2023-12-18T14:48:08.591+0000] {dagbag.py:536} INFO - Filling up the DagBag from /home/airflow/.local/lib/python3.8/site-packages/airflow/example_dags/example_setup_teardown_taskflow.py
[2023-12-18T14:48:08.596+0000] {processor.py:839} INFO - DAG(s) dict_keys(['example_setup_teardown_taskflow']) retrieved from /home/airflow/.local/lib/python3.8/site-packages/airflow/example_dags/example_setup_teardown_taskflow.py
[2023-12-18T14:48:08.612+0000] {logging_mixin.py:154} INFO - [2023-12-18T14:48:08.611+0000] {dag.py:2941} INFO - Sync 1 DAGs
[2023-12-18T14:48:08.626+0000] {logging_mixin.py:154} INFO - [2023-12-18T14:48:08.626+0000] {dag.py:3722} INFO - Setting next_dagrun for example_setup_teardown_taskflow to 2023-12-17T14:48:08.625912+00:00, run_after=2023-12-18T14:48:08.625912+00:00
[2023-12-18T14:48:08.638+0000] {processor.py:179} INFO - Processing /home/airflow/.local/lib/python3.8/site-packages/airflow/example_dags/example_setup_teardown_taskflow.py took 0.050 seconds
[2023-12-18T14:48:39.533+0000] {processor.py:157} INFO - Started process (PID=619) to work on /home/airflow/.local/lib/python3.8/site-packages/airflow/example_dags/example_setup_teardown_taskflow.py
[2023-12-18T14:48:39.533+0000] {processor.py:829} INFO - Processing file /home/airflow/.local/lib/python3.8/site-packages/airflow/example_dags/example_setup_teardown_taskflow.py for tasks to queue
[2023-12-18T14:48:39.535+0000] {logging_mixin.py:154} INFO - [2023-12-18T14:48:39.535+0000] {dagbag.py:536} INFO - Filling up the DagBag from /home/airflow/.local/lib/python3.8/site-packages/airflow/example_dags/example_setup_teardown_taskflow.py
[2023-12-18T14:48:39.540+0000] {processor.py:839} INFO - DAG(s) dict_keys(['example_setup_teardown_taskflow']) retrieved from /home/airflow/.local/lib/python3.8/site-packages/airflow/example_dags/example_setup_teardown_taskflow.py
[2023-12-18T14:48:39.553+0000] {logging_mixin.py:154} INFO - [2023-12-18T14:48:39.553+0000] {dag.py:2941} INFO - Sync 1 DAGs
[2023-12-18T14:48:39.586+0000] {logging_mixin.py:154} INFO - [2023-12-18T14:48:39.586+0000] {dag.py:3722} INFO - Setting next_dagrun for example_setup_teardown_taskflow to 2023-12-17T14:48:39.585896+00:00, run_after=2023-12-18T14:48:39.585896+00:00
[2023-12-18T14:48:39.600+0000] {processor.py:179} INFO - Processing /home/airflow/.local/lib/python3.8/site-packages/airflow/example_dags/example_setup_teardown_taskflow.py took 0.069 seconds
[2023-12-18T14:52:08.067+0000] {processor.py:157} INFO - Started process (PID=66) to work on /home/airflow/.local/lib/python3.8/site-packages/airflow/example_dags/example_setup_teardown_taskflow.py
[2023-12-18T14:52:08.073+0000] {processor.py:829} INFO - Processing file /home/airflow/.local/lib/python3.8/site-packages/airflow/example_dags/example_setup_teardown_taskflow.py for tasks to queue
[2023-12-18T14:52:08.077+0000] {logging_mixin.py:154} INFO - [2023-12-18T14:52:08.077+0000] {dagbag.py:536} INFO - Filling up the DagBag from /home/airflow/.local/lib/python3.8/site-packages/airflow/example_dags/example_setup_teardown_taskflow.py
[2023-12-18T14:52:08.108+0000] {processor.py:839} INFO - DAG(s) dict_keys(['example_setup_teardown_taskflow']) retrieved from /home/airflow/.local/lib/python3.8/site-packages/airflow/example_dags/example_setup_teardown_taskflow.py
[2023-12-18T14:52:08.164+0000] {logging_mixin.py:154} INFO - [2023-12-18T14:52:08.164+0000] {dag.py:2941} INFO - Sync 1 DAGs
[2023-12-18T14:52:08.231+0000] {logging_mixin.py:154} INFO - [2023-12-18T14:52:08.230+0000] {dag.py:3722} INFO - Setting next_dagrun for example_setup_teardown_taskflow to 2023-12-17T14:52:08.230666+00:00, run_after=2023-12-18T14:52:08.230666+00:00
[2023-12-18T14:52:08.288+0000] {processor.py:179} INFO - Processing /home/airflow/.local/lib/python3.8/site-packages/airflow/example_dags/example_setup_teardown_taskflow.py took 0.227 seconds
[2023-12-18T14:52:38.410+0000] {processor.py:157} INFO - Started process (PID=135) to work on /home/airflow/.local/lib/python3.8/site-packages/airflow/example_dags/example_setup_teardown_taskflow.py
[2023-12-18T14:52:38.411+0000] {processor.py:829} INFO - Processing file /home/airflow/.local/lib/python3.8/site-packages/airflow/example_dags/example_setup_teardown_taskflow.py for tasks to queue
[2023-12-18T14:52:38.412+0000] {logging_mixin.py:154} INFO - [2023-12-18T14:52:38.412+0000] {dagbag.py:536} INFO - Filling up the DagBag from /home/airflow/.local/lib/python3.8/site-packages/airflow/example_dags/example_setup_teardown_taskflow.py
[2023-12-18T14:52:38.418+0000] {processor.py:839} INFO - DAG(s) dict_keys(['example_setup_teardown_taskflow']) retrieved from /home/airflow/.local/lib/python3.8/site-packages/airflow/example_dags/example_setup_teardown_taskflow.py
[2023-12-18T14:52:38.435+0000] {logging_mixin.py:154} INFO - [2023-12-18T14:52:38.435+0000] {dag.py:2941} INFO - Sync 1 DAGs
[2023-12-18T14:52:38.453+0000] {logging_mixin.py:154} INFO - [2023-12-18T14:52:38.453+0000] {dag.py:3722} INFO - Setting next_dagrun for example_setup_teardown_taskflow to 2023-12-17T14:52:38.453040+00:00, run_after=2023-12-18T14:52:38.453040+00:00
[2023-12-18T14:52:38.467+0000] {processor.py:179} INFO - Processing /home/airflow/.local/lib/python3.8/site-packages/airflow/example_dags/example_setup_teardown_taskflow.py took 0.059 seconds
[2023-12-18T14:53:08.766+0000] {processor.py:157} INFO - Started process (PID=205) to work on /home/airflow/.local/lib/python3.8/site-packages/airflow/example_dags/example_setup_teardown_taskflow.py
[2023-12-18T14:53:08.767+0000] {processor.py:829} INFO - Processing file /home/airflow/.local/lib/python3.8/site-packages/airflow/example_dags/example_setup_teardown_taskflow.py for tasks to queue
[2023-12-18T14:53:08.768+0000] {logging_mixin.py:154} INFO - [2023-12-18T14:53:08.768+0000] {dagbag.py:536} INFO - Filling up the DagBag from /home/airflow/.local/lib/python3.8/site-packages/airflow/example_dags/example_setup_teardown_taskflow.py
[2023-12-18T14:53:08.773+0000] {processor.py:839} INFO - DAG(s) dict_keys(['example_setup_teardown_taskflow']) retrieved from /home/airflow/.local/lib/python3.8/site-packages/airflow/example_dags/example_setup_teardown_taskflow.py
[2023-12-18T14:53:08.786+0000] {logging_mixin.py:154} INFO - [2023-12-18T14:53:08.786+0000] {dag.py:2941} INFO - Sync 1 DAGs
[2023-12-18T14:53:08.798+0000] {logging_mixin.py:154} INFO - [2023-12-18T14:53:08.798+0000] {dag.py:3722} INFO - Setting next_dagrun for example_setup_teardown_taskflow to 2023-12-17T14:53:08.798333+00:00, run_after=2023-12-18T14:53:08.798333+00:00
[2023-12-18T14:53:08.808+0000] {processor.py:179} INFO - Processing /home/airflow/.local/lib/python3.8/site-packages/airflow/example_dags/example_setup_teardown_taskflow.py took 0.044 seconds
[2023-12-18T14:53:39.566+0000] {processor.py:157} INFO - Started process (PID=274) to work on /home/airflow/.local/lib/python3.8/site-packages/airflow/example_dags/example_setup_teardown_taskflow.py
[2023-12-18T14:53:39.566+0000] {processor.py:829} INFO - Processing file /home/airflow/.local/lib/python3.8/site-packages/airflow/example_dags/example_setup_teardown_taskflow.py for tasks to queue
[2023-12-18T14:53:39.567+0000] {logging_mixin.py:154} INFO - [2023-12-18T14:53:39.567+0000] {dagbag.py:536} INFO - Filling up the DagBag from /home/airflow/.local/lib/python3.8/site-packages/airflow/example_dags/example_setup_teardown_taskflow.py
[2023-12-18T14:53:39.573+0000] {processor.py:839} INFO - DAG(s) dict_keys(['example_setup_teardown_taskflow']) retrieved from /home/airflow/.local/lib/python3.8/site-packages/airflow/example_dags/example_setup_teardown_taskflow.py
[2023-12-18T14:53:39.585+0000] {logging_mixin.py:154} INFO - [2023-12-18T14:53:39.585+0000] {dag.py:2941} INFO - Sync 1 DAGs
[2023-12-18T14:53:39.598+0000] {logging_mixin.py:154} INFO - [2023-12-18T14:53:39.598+0000] {dag.py:3722} INFO - Setting next_dagrun for example_setup_teardown_taskflow to 2023-12-17T14:53:39.598142+00:00, run_after=2023-12-18T14:53:39.598142+00:00
[2023-12-18T14:53:39.608+0000] {processor.py:179} INFO - Processing /home/airflow/.local/lib/python3.8/site-packages/airflow/example_dags/example_setup_teardown_taskflow.py took 0.045 seconds
