[2023-12-18T14:25:39.791+0000] {processor.py:157} INFO - Started process (PID=54) to work on /home/airflow/.local/lib/python3.8/site-packages/airflow/example_dags/example_sensor_decorator.py
[2023-12-18T14:25:39.791+0000] {processor.py:829} INFO - Processing file /home/airflow/.local/lib/python3.8/site-packages/airflow/example_dags/example_sensor_decorator.py for tasks to queue
[2023-12-18T14:25:39.793+0000] {logging_mixin.py:154} INFO - [2023-12-18T14:25:39.793+0000] {dagbag.py:536} INFO - Filling up the DagBag from /home/airflow/.local/lib/python3.8/site-packages/airflow/example_dags/example_sensor_decorator.py
[2023-12-18T14:25:39.800+0000] {processor.py:839} INFO - DAG(s) dict_keys(['example_sensor_decorator']) retrieved from /home/airflow/.local/lib/python3.8/site-packages/airflow/example_dags/example_sensor_decorator.py
[2023-12-18T14:25:39.810+0000] {logging_mixin.py:154} INFO - [2023-12-18T14:25:39.810+0000] {dag.py:2941} INFO - Sync 1 DAGs
[2023-12-18T14:25:39.830+0000] {logging_mixin.py:154} INFO - [2023-12-18T14:25:39.830+0000] {dag.py:3722} INFO - Setting next_dagrun for example_sensor_decorator to None, run_after=None
[2023-12-18T14:25:39.848+0000] {processor.py:179} INFO - Processing /home/airflow/.local/lib/python3.8/site-packages/airflow/example_dags/example_sensor_decorator.py took 0.060 seconds
[2023-12-18T14:26:09.934+0000] {processor.py:157} INFO - Started process (PID=123) to work on /home/airflow/.local/lib/python3.8/site-packages/airflow/example_dags/example_sensor_decorator.py
[2023-12-18T14:26:09.935+0000] {processor.py:829} INFO - Processing file /home/airflow/.local/lib/python3.8/site-packages/airflow/example_dags/example_sensor_decorator.py for tasks to queue
[2023-12-18T14:26:09.937+0000] {logging_mixin.py:154} INFO - [2023-12-18T14:26:09.937+0000] {dagbag.py:536} INFO - Filling up the DagBag from /home/airflow/.local/lib/python3.8/site-packages/airflow/example_dags/example_sensor_decorator.py
[2023-12-18T14:26:09.942+0000] {processor.py:839} INFO - DAG(s) dict_keys(['example_sensor_decorator']) retrieved from /home/airflow/.local/lib/python3.8/site-packages/airflow/example_dags/example_sensor_decorator.py
[2023-12-18T14:26:09.961+0000] {logging_mixin.py:154} INFO - [2023-12-18T14:26:09.961+0000] {dag.py:2941} INFO - Sync 1 DAGs
[2023-12-18T14:26:09.975+0000] {logging_mixin.py:154} INFO - [2023-12-18T14:26:09.975+0000] {dag.py:3722} INFO - Setting next_dagrun for example_sensor_decorator to None, run_after=None
[2023-12-18T14:26:09.997+0000] {processor.py:179} INFO - Processing /home/airflow/.local/lib/python3.8/site-packages/airflow/example_dags/example_sensor_decorator.py took 0.067 seconds
[2023-12-18T14:26:40.222+0000] {processor.py:157} INFO - Started process (PID=193) to work on /home/airflow/.local/lib/python3.8/site-packages/airflow/example_dags/example_sensor_decorator.py
[2023-12-18T14:26:40.222+0000] {processor.py:829} INFO - Processing file /home/airflow/.local/lib/python3.8/site-packages/airflow/example_dags/example_sensor_decorator.py for tasks to queue
[2023-12-18T14:26:40.223+0000] {logging_mixin.py:154} INFO - [2023-12-18T14:26:40.223+0000] {dagbag.py:536} INFO - Filling up the DagBag from /home/airflow/.local/lib/python3.8/site-packages/airflow/example_dags/example_sensor_decorator.py
[2023-12-18T14:26:40.227+0000] {processor.py:839} INFO - DAG(s) dict_keys(['example_sensor_decorator']) retrieved from /home/airflow/.local/lib/python3.8/site-packages/airflow/example_dags/example_sensor_decorator.py
[2023-12-18T14:26:40.238+0000] {logging_mixin.py:154} INFO - [2023-12-18T14:26:40.238+0000] {dag.py:2941} INFO - Sync 1 DAGs
[2023-12-18T14:26:40.245+0000] {logging_mixin.py:154} INFO - [2023-12-18T14:26:40.244+0000] {dag.py:3722} INFO - Setting next_dagrun for example_sensor_decorator to None, run_after=None
[2023-12-18T14:26:40.254+0000] {processor.py:179} INFO - Processing /home/airflow/.local/lib/python3.8/site-packages/airflow/example_dags/example_sensor_decorator.py took 0.034 seconds
[2023-12-18T14:27:11.139+0000] {processor.py:157} INFO - Started process (PID=262) to work on /home/airflow/.local/lib/python3.8/site-packages/airflow/example_dags/example_sensor_decorator.py
[2023-12-18T14:27:11.140+0000] {processor.py:829} INFO - Processing file /home/airflow/.local/lib/python3.8/site-packages/airflow/example_dags/example_sensor_decorator.py for tasks to queue
[2023-12-18T14:27:11.141+0000] {logging_mixin.py:154} INFO - [2023-12-18T14:27:11.141+0000] {dagbag.py:536} INFO - Filling up the DagBag from /home/airflow/.local/lib/python3.8/site-packages/airflow/example_dags/example_sensor_decorator.py
[2023-12-18T14:27:11.145+0000] {processor.py:839} INFO - DAG(s) dict_keys(['example_sensor_decorator']) retrieved from /home/airflow/.local/lib/python3.8/site-packages/airflow/example_dags/example_sensor_decorator.py
[2023-12-18T14:27:11.157+0000] {logging_mixin.py:154} INFO - [2023-12-18T14:27:11.157+0000] {dag.py:2941} INFO - Sync 1 DAGs
[2023-12-18T14:27:11.166+0000] {logging_mixin.py:154} INFO - [2023-12-18T14:27:11.166+0000] {dag.py:3722} INFO - Setting next_dagrun for example_sensor_decorator to None, run_after=None
[2023-12-18T14:27:11.192+0000] {processor.py:179} INFO - Processing /home/airflow/.local/lib/python3.8/site-packages/airflow/example_dags/example_sensor_decorator.py took 0.054 seconds
[2023-12-18T14:27:41.984+0000] {processor.py:157} INFO - Started process (PID=331) to work on /home/airflow/.local/lib/python3.8/site-packages/airflow/example_dags/example_sensor_decorator.py
[2023-12-18T14:27:41.985+0000] {processor.py:829} INFO - Processing file /home/airflow/.local/lib/python3.8/site-packages/airflow/example_dags/example_sensor_decorator.py for tasks to queue
[2023-12-18T14:27:41.986+0000] {logging_mixin.py:154} INFO - [2023-12-18T14:27:41.986+0000] {dagbag.py:536} INFO - Filling up the DagBag from /home/airflow/.local/lib/python3.8/site-packages/airflow/example_dags/example_sensor_decorator.py
[2023-12-18T14:27:41.990+0000] {processor.py:839} INFO - DAG(s) dict_keys(['example_sensor_decorator']) retrieved from /home/airflow/.local/lib/python3.8/site-packages/airflow/example_dags/example_sensor_decorator.py
[2023-12-18T14:27:42.003+0000] {logging_mixin.py:154} INFO - [2023-12-18T14:27:42.003+0000] {dag.py:2941} INFO - Sync 1 DAGs
[2023-12-18T14:27:42.011+0000] {logging_mixin.py:154} INFO - [2023-12-18T14:27:42.010+0000] {dag.py:3722} INFO - Setting next_dagrun for example_sensor_decorator to None, run_after=None
[2023-12-18T14:27:42.021+0000] {processor.py:179} INFO - Processing /home/airflow/.local/lib/python3.8/site-packages/airflow/example_dags/example_sensor_decorator.py took 0.039 seconds
[2023-12-18T14:28:12.153+0000] {processor.py:157} INFO - Started process (PID=399) to work on /home/airflow/.local/lib/python3.8/site-packages/airflow/example_dags/example_sensor_decorator.py
[2023-12-18T14:28:12.154+0000] {processor.py:829} INFO - Processing file /home/airflow/.local/lib/python3.8/site-packages/airflow/example_dags/example_sensor_decorator.py for tasks to queue
[2023-12-18T14:28:12.155+0000] {logging_mixin.py:154} INFO - [2023-12-18T14:28:12.155+0000] {dagbag.py:536} INFO - Filling up the DagBag from /home/airflow/.local/lib/python3.8/site-packages/airflow/example_dags/example_sensor_decorator.py
[2023-12-18T14:28:12.159+0000] {processor.py:839} INFO - DAG(s) dict_keys(['example_sensor_decorator']) retrieved from /home/airflow/.local/lib/python3.8/site-packages/airflow/example_dags/example_sensor_decorator.py
[2023-12-18T14:28:12.189+0000] {logging_mixin.py:154} INFO - [2023-12-18T14:28:12.188+0000] {dag.py:2941} INFO - Sync 1 DAGs
[2023-12-18T14:28:12.197+0000] {logging_mixin.py:154} INFO - [2023-12-18T14:28:12.197+0000] {dag.py:3722} INFO - Setting next_dagrun for example_sensor_decorator to None, run_after=None
[2023-12-18T14:28:12.207+0000] {processor.py:179} INFO - Processing /home/airflow/.local/lib/python3.8/site-packages/airflow/example_dags/example_sensor_decorator.py took 0.056 seconds
[2023-12-18T14:28:42.947+0000] {processor.py:157} INFO - Started process (PID=468) to work on /home/airflow/.local/lib/python3.8/site-packages/airflow/example_dags/example_sensor_decorator.py
[2023-12-18T14:28:42.948+0000] {processor.py:829} INFO - Processing file /home/airflow/.local/lib/python3.8/site-packages/airflow/example_dags/example_sensor_decorator.py for tasks to queue
[2023-12-18T14:28:42.949+0000] {logging_mixin.py:154} INFO - [2023-12-18T14:28:42.949+0000] {dagbag.py:536} INFO - Filling up the DagBag from /home/airflow/.local/lib/python3.8/site-packages/airflow/example_dags/example_sensor_decorator.py
[2023-12-18T14:28:42.953+0000] {processor.py:839} INFO - DAG(s) dict_keys(['example_sensor_decorator']) retrieved from /home/airflow/.local/lib/python3.8/site-packages/airflow/example_dags/example_sensor_decorator.py
[2023-12-18T14:28:42.988+0000] {logging_mixin.py:154} INFO - [2023-12-18T14:28:42.987+0000] {dag.py:2941} INFO - Sync 1 DAGs
[2023-12-18T14:28:42.996+0000] {logging_mixin.py:154} INFO - [2023-12-18T14:28:42.996+0000] {dag.py:3722} INFO - Setting next_dagrun for example_sensor_decorator to None, run_after=None
[2023-12-18T14:28:43.007+0000] {processor.py:179} INFO - Processing /home/airflow/.local/lib/python3.8/site-packages/airflow/example_dags/example_sensor_decorator.py took 0.062 seconds
[2023-12-18T14:29:13.852+0000] {processor.py:157} INFO - Started process (PID=537) to work on /home/airflow/.local/lib/python3.8/site-packages/airflow/example_dags/example_sensor_decorator.py
[2023-12-18T14:29:13.852+0000] {processor.py:829} INFO - Processing file /home/airflow/.local/lib/python3.8/site-packages/airflow/example_dags/example_sensor_decorator.py for tasks to queue
[2023-12-18T14:29:13.853+0000] {logging_mixin.py:154} INFO - [2023-12-18T14:29:13.853+0000] {dagbag.py:536} INFO - Filling up the DagBag from /home/airflow/.local/lib/python3.8/site-packages/airflow/example_dags/example_sensor_decorator.py
[2023-12-18T14:29:13.857+0000] {processor.py:839} INFO - DAG(s) dict_keys(['example_sensor_decorator']) retrieved from /home/airflow/.local/lib/python3.8/site-packages/airflow/example_dags/example_sensor_decorator.py
[2023-12-18T14:29:13.882+0000] {logging_mixin.py:154} INFO - [2023-12-18T14:29:13.881+0000] {dag.py:2941} INFO - Sync 1 DAGs
[2023-12-18T14:29:13.890+0000] {logging_mixin.py:154} INFO - [2023-12-18T14:29:13.890+0000] {dag.py:3722} INFO - Setting next_dagrun for example_sensor_decorator to None, run_after=None
[2023-12-18T14:29:13.903+0000] {processor.py:179} INFO - Processing /home/airflow/.local/lib/python3.8/site-packages/airflow/example_dags/example_sensor_decorator.py took 0.053 seconds
[2023-12-18T14:29:43.951+0000] {processor.py:157} INFO - Started process (PID=606) to work on /home/airflow/.local/lib/python3.8/site-packages/airflow/example_dags/example_sensor_decorator.py
[2023-12-18T14:29:43.951+0000] {processor.py:829} INFO - Processing file /home/airflow/.local/lib/python3.8/site-packages/airflow/example_dags/example_sensor_decorator.py for tasks to queue
[2023-12-18T14:29:43.953+0000] {logging_mixin.py:154} INFO - [2023-12-18T14:29:43.952+0000] {dagbag.py:536} INFO - Filling up the DagBag from /home/airflow/.local/lib/python3.8/site-packages/airflow/example_dags/example_sensor_decorator.py
[2023-12-18T14:29:43.956+0000] {processor.py:839} INFO - DAG(s) dict_keys(['example_sensor_decorator']) retrieved from /home/airflow/.local/lib/python3.8/site-packages/airflow/example_dags/example_sensor_decorator.py
[2023-12-18T14:29:43.982+0000] {logging_mixin.py:154} INFO - [2023-12-18T14:29:43.981+0000] {dag.py:2941} INFO - Sync 1 DAGs
[2023-12-18T14:29:43.991+0000] {logging_mixin.py:154} INFO - [2023-12-18T14:29:43.990+0000] {dag.py:3722} INFO - Setting next_dagrun for example_sensor_decorator to None, run_after=None
[2023-12-18T14:29:44.001+0000] {processor.py:179} INFO - Processing /home/airflow/.local/lib/python3.8/site-packages/airflow/example_dags/example_sensor_decorator.py took 0.052 seconds
[2023-12-18T14:30:14.131+0000] {processor.py:157} INFO - Started process (PID=676) to work on /home/airflow/.local/lib/python3.8/site-packages/airflow/example_dags/example_sensor_decorator.py
[2023-12-18T14:30:14.131+0000] {processor.py:829} INFO - Processing file /home/airflow/.local/lib/python3.8/site-packages/airflow/example_dags/example_sensor_decorator.py for tasks to queue
[2023-12-18T14:30:14.133+0000] {logging_mixin.py:154} INFO - [2023-12-18T14:30:14.132+0000] {dagbag.py:536} INFO - Filling up the DagBag from /home/airflow/.local/lib/python3.8/site-packages/airflow/example_dags/example_sensor_decorator.py
[2023-12-18T14:30:14.136+0000] {processor.py:839} INFO - DAG(s) dict_keys(['example_sensor_decorator']) retrieved from /home/airflow/.local/lib/python3.8/site-packages/airflow/example_dags/example_sensor_decorator.py
[2023-12-18T14:30:14.147+0000] {logging_mixin.py:154} INFO - [2023-12-18T14:30:14.147+0000] {dag.py:2941} INFO - Sync 1 DAGs
[2023-12-18T14:30:14.155+0000] {logging_mixin.py:154} INFO - [2023-12-18T14:30:14.154+0000] {dag.py:3722} INFO - Setting next_dagrun for example_sensor_decorator to None, run_after=None
[2023-12-18T14:30:14.164+0000] {processor.py:179} INFO - Processing /home/airflow/.local/lib/python3.8/site-packages/airflow/example_dags/example_sensor_decorator.py took 0.035 seconds
[2023-12-18T14:30:44.238+0000] {processor.py:157} INFO - Started process (PID=745) to work on /home/airflow/.local/lib/python3.8/site-packages/airflow/example_dags/example_sensor_decorator.py
[2023-12-18T14:30:44.239+0000] {processor.py:829} INFO - Processing file /home/airflow/.local/lib/python3.8/site-packages/airflow/example_dags/example_sensor_decorator.py for tasks to queue
[2023-12-18T14:30:44.240+0000] {logging_mixin.py:154} INFO - [2023-12-18T14:30:44.240+0000] {dagbag.py:536} INFO - Filling up the DagBag from /home/airflow/.local/lib/python3.8/site-packages/airflow/example_dags/example_sensor_decorator.py
[2023-12-18T14:30:44.243+0000] {processor.py:839} INFO - DAG(s) dict_keys(['example_sensor_decorator']) retrieved from /home/airflow/.local/lib/python3.8/site-packages/airflow/example_dags/example_sensor_decorator.py
[2023-12-18T14:30:44.255+0000] {logging_mixin.py:154} INFO - [2023-12-18T14:30:44.255+0000] {dag.py:2941} INFO - Sync 1 DAGs
[2023-12-18T14:30:44.263+0000] {logging_mixin.py:154} INFO - [2023-12-18T14:30:44.263+0000] {dag.py:3722} INFO - Setting next_dagrun for example_sensor_decorator to None, run_after=None
[2023-12-18T14:30:44.289+0000] {processor.py:179} INFO - Processing /home/airflow/.local/lib/python3.8/site-packages/airflow/example_dags/example_sensor_decorator.py took 0.053 seconds
[2023-12-18T14:31:14.442+0000] {processor.py:157} INFO - Started process (PID=815) to work on /home/airflow/.local/lib/python3.8/site-packages/airflow/example_dags/example_sensor_decorator.py
[2023-12-18T14:31:14.443+0000] {processor.py:829} INFO - Processing file /home/airflow/.local/lib/python3.8/site-packages/airflow/example_dags/example_sensor_decorator.py for tasks to queue
[2023-12-18T14:31:14.444+0000] {logging_mixin.py:154} INFO - [2023-12-18T14:31:14.444+0000] {dagbag.py:536} INFO - Filling up the DagBag from /home/airflow/.local/lib/python3.8/site-packages/airflow/example_dags/example_sensor_decorator.py
[2023-12-18T14:31:14.447+0000] {processor.py:839} INFO - DAG(s) dict_keys(['example_sensor_decorator']) retrieved from /home/airflow/.local/lib/python3.8/site-packages/airflow/example_dags/example_sensor_decorator.py
[2023-12-18T14:31:14.459+0000] {logging_mixin.py:154} INFO - [2023-12-18T14:31:14.458+0000] {dag.py:2941} INFO - Sync 1 DAGs
[2023-12-18T14:31:14.465+0000] {logging_mixin.py:154} INFO - [2023-12-18T14:31:14.465+0000] {dag.py:3722} INFO - Setting next_dagrun for example_sensor_decorator to None, run_after=None
[2023-12-18T14:31:14.474+0000] {processor.py:179} INFO - Processing /home/airflow/.local/lib/python3.8/site-packages/airflow/example_dags/example_sensor_decorator.py took 0.034 seconds
[2023-12-18T14:31:45.238+0000] {processor.py:157} INFO - Started process (PID=884) to work on /home/airflow/.local/lib/python3.8/site-packages/airflow/example_dags/example_sensor_decorator.py
[2023-12-18T14:31:45.239+0000] {processor.py:829} INFO - Processing file /home/airflow/.local/lib/python3.8/site-packages/airflow/example_dags/example_sensor_decorator.py for tasks to queue
[2023-12-18T14:31:45.240+0000] {logging_mixin.py:154} INFO - [2023-12-18T14:31:45.240+0000] {dagbag.py:536} INFO - Filling up the DagBag from /home/airflow/.local/lib/python3.8/site-packages/airflow/example_dags/example_sensor_decorator.py
[2023-12-18T14:31:45.244+0000] {processor.py:839} INFO - DAG(s) dict_keys(['example_sensor_decorator']) retrieved from /home/airflow/.local/lib/python3.8/site-packages/airflow/example_dags/example_sensor_decorator.py
[2023-12-18T14:31:45.255+0000] {logging_mixin.py:154} INFO - [2023-12-18T14:31:45.255+0000] {dag.py:2941} INFO - Sync 1 DAGs
[2023-12-18T14:31:45.263+0000] {logging_mixin.py:154} INFO - [2023-12-18T14:31:45.263+0000] {dag.py:3722} INFO - Setting next_dagrun for example_sensor_decorator to None, run_after=None
[2023-12-18T14:31:45.291+0000] {processor.py:179} INFO - Processing /home/airflow/.local/lib/python3.8/site-packages/airflow/example_dags/example_sensor_decorator.py took 0.054 seconds
[2023-12-18T14:32:15.381+0000] {processor.py:157} INFO - Started process (PID=952) to work on /home/airflow/.local/lib/python3.8/site-packages/airflow/example_dags/example_sensor_decorator.py
[2023-12-18T14:32:15.384+0000] {processor.py:829} INFO - Processing file /home/airflow/.local/lib/python3.8/site-packages/airflow/example_dags/example_sensor_decorator.py for tasks to queue
[2023-12-18T14:32:15.387+0000] {logging_mixin.py:154} INFO - [2023-12-18T14:32:15.387+0000] {dagbag.py:536} INFO - Filling up the DagBag from /home/airflow/.local/lib/python3.8/site-packages/airflow/example_dags/example_sensor_decorator.py
[2023-12-18T14:32:15.393+0000] {processor.py:839} INFO - DAG(s) dict_keys(['example_sensor_decorator']) retrieved from /home/airflow/.local/lib/python3.8/site-packages/airflow/example_dags/example_sensor_decorator.py
[2023-12-18T14:32:15.405+0000] {logging_mixin.py:154} INFO - [2023-12-18T14:32:15.404+0000] {dag.py:2941} INFO - Sync 1 DAGs
[2023-12-18T14:32:15.412+0000] {logging_mixin.py:154} INFO - [2023-12-18T14:32:15.412+0000] {dag.py:3722} INFO - Setting next_dagrun for example_sensor_decorator to None, run_after=None
[2023-12-18T14:32:15.422+0000] {processor.py:179} INFO - Processing /home/airflow/.local/lib/python3.8/site-packages/airflow/example_dags/example_sensor_decorator.py took 0.051 seconds
[2023-12-18T14:32:46.358+0000] {processor.py:157} INFO - Started process (PID=1020) to work on /home/airflow/.local/lib/python3.8/site-packages/airflow/example_dags/example_sensor_decorator.py
[2023-12-18T14:32:46.359+0000] {processor.py:829} INFO - Processing file /home/airflow/.local/lib/python3.8/site-packages/airflow/example_dags/example_sensor_decorator.py for tasks to queue
[2023-12-18T14:32:46.360+0000] {logging_mixin.py:154} INFO - [2023-12-18T14:32:46.360+0000] {dagbag.py:536} INFO - Filling up the DagBag from /home/airflow/.local/lib/python3.8/site-packages/airflow/example_dags/example_sensor_decorator.py
[2023-12-18T14:32:46.364+0000] {processor.py:839} INFO - DAG(s) dict_keys(['example_sensor_decorator']) retrieved from /home/airflow/.local/lib/python3.8/site-packages/airflow/example_dags/example_sensor_decorator.py
[2023-12-18T14:32:46.396+0000] {logging_mixin.py:154} INFO - [2023-12-18T14:32:46.396+0000] {dag.py:2941} INFO - Sync 1 DAGs
[2023-12-18T14:32:46.404+0000] {logging_mixin.py:154} INFO - [2023-12-18T14:32:46.403+0000] {dag.py:3722} INFO - Setting next_dagrun for example_sensor_decorator to None, run_after=None
[2023-12-18T14:32:46.414+0000] {processor.py:179} INFO - Processing /home/airflow/.local/lib/python3.8/site-packages/airflow/example_dags/example_sensor_decorator.py took 0.057 seconds
[2023-12-18T14:33:17.110+0000] {processor.py:157} INFO - Started process (PID=1089) to work on /home/airflow/.local/lib/python3.8/site-packages/airflow/example_dags/example_sensor_decorator.py
[2023-12-18T14:33:17.111+0000] {processor.py:829} INFO - Processing file /home/airflow/.local/lib/python3.8/site-packages/airflow/example_dags/example_sensor_decorator.py for tasks to queue
[2023-12-18T14:33:17.112+0000] {logging_mixin.py:154} INFO - [2023-12-18T14:33:17.112+0000] {dagbag.py:536} INFO - Filling up the DagBag from /home/airflow/.local/lib/python3.8/site-packages/airflow/example_dags/example_sensor_decorator.py
[2023-12-18T14:33:17.115+0000] {processor.py:839} INFO - DAG(s) dict_keys(['example_sensor_decorator']) retrieved from /home/airflow/.local/lib/python3.8/site-packages/airflow/example_dags/example_sensor_decorator.py
[2023-12-18T14:33:17.127+0000] {logging_mixin.py:154} INFO - [2023-12-18T14:33:17.127+0000] {dag.py:2941} INFO - Sync 1 DAGs
[2023-12-18T14:33:17.134+0000] {logging_mixin.py:154} INFO - [2023-12-18T14:33:17.134+0000] {dag.py:3722} INFO - Setting next_dagrun for example_sensor_decorator to None, run_after=None
[2023-12-18T14:33:17.144+0000] {processor.py:179} INFO - Processing /home/airflow/.local/lib/python3.8/site-packages/airflow/example_dags/example_sensor_decorator.py took 0.036 seconds
[2023-12-18T14:33:47.955+0000] {processor.py:157} INFO - Started process (PID=1165) to work on /home/airflow/.local/lib/python3.8/site-packages/airflow/example_dags/example_sensor_decorator.py
[2023-12-18T14:33:47.956+0000] {processor.py:829} INFO - Processing file /home/airflow/.local/lib/python3.8/site-packages/airflow/example_dags/example_sensor_decorator.py for tasks to queue
[2023-12-18T14:33:47.957+0000] {logging_mixin.py:154} INFO - [2023-12-18T14:33:47.957+0000] {dagbag.py:536} INFO - Filling up the DagBag from /home/airflow/.local/lib/python3.8/site-packages/airflow/example_dags/example_sensor_decorator.py
[2023-12-18T14:33:47.962+0000] {processor.py:839} INFO - DAG(s) dict_keys(['example_sensor_decorator']) retrieved from /home/airflow/.local/lib/python3.8/site-packages/airflow/example_dags/example_sensor_decorator.py
[2023-12-18T14:33:47.989+0000] {logging_mixin.py:154} INFO - [2023-12-18T14:33:47.989+0000] {dag.py:2941} INFO - Sync 1 DAGs
[2023-12-18T14:33:47.999+0000] {logging_mixin.py:154} INFO - [2023-12-18T14:33:47.999+0000] {dag.py:3722} INFO - Setting next_dagrun for example_sensor_decorator to None, run_after=None
[2023-12-18T14:33:48.009+0000] {processor.py:179} INFO - Processing /home/airflow/.local/lib/python3.8/site-packages/airflow/example_dags/example_sensor_decorator.py took 0.056 seconds
[2023-12-18T14:34:18.091+0000] {processor.py:157} INFO - Started process (PID=1233) to work on /home/airflow/.local/lib/python3.8/site-packages/airflow/example_dags/example_sensor_decorator.py
[2023-12-18T14:34:18.092+0000] {processor.py:829} INFO - Processing file /home/airflow/.local/lib/python3.8/site-packages/airflow/example_dags/example_sensor_decorator.py for tasks to queue
[2023-12-18T14:34:18.093+0000] {logging_mixin.py:154} INFO - [2023-12-18T14:34:18.093+0000] {dagbag.py:536} INFO - Filling up the DagBag from /home/airflow/.local/lib/python3.8/site-packages/airflow/example_dags/example_sensor_decorator.py
[2023-12-18T14:34:18.098+0000] {processor.py:839} INFO - DAG(s) dict_keys(['example_sensor_decorator']) retrieved from /home/airflow/.local/lib/python3.8/site-packages/airflow/example_dags/example_sensor_decorator.py
[2023-12-18T14:34:18.111+0000] {logging_mixin.py:154} INFO - [2023-12-18T14:34:18.111+0000] {dag.py:2941} INFO - Sync 1 DAGs
[2023-12-18T14:34:18.120+0000] {logging_mixin.py:154} INFO - [2023-12-18T14:34:18.119+0000] {dag.py:3722} INFO - Setting next_dagrun for example_sensor_decorator to None, run_after=None
[2023-12-18T14:34:18.130+0000] {processor.py:179} INFO - Processing /home/airflow/.local/lib/python3.8/site-packages/airflow/example_dags/example_sensor_decorator.py took 0.041 seconds
[2023-12-18T14:34:48.182+0000] {processor.py:157} INFO - Started process (PID=1297) to work on /home/airflow/.local/lib/python3.8/site-packages/airflow/example_dags/example_sensor_decorator.py
[2023-12-18T14:34:48.182+0000] {processor.py:829} INFO - Processing file /home/airflow/.local/lib/python3.8/site-packages/airflow/example_dags/example_sensor_decorator.py for tasks to queue
[2023-12-18T14:34:48.184+0000] {logging_mixin.py:154} INFO - [2023-12-18T14:34:48.183+0000] {dagbag.py:536} INFO - Filling up the DagBag from /home/airflow/.local/lib/python3.8/site-packages/airflow/example_dags/example_sensor_decorator.py
[2023-12-18T14:34:48.187+0000] {processor.py:839} INFO - DAG(s) dict_keys(['example_sensor_decorator']) retrieved from /home/airflow/.local/lib/python3.8/site-packages/airflow/example_dags/example_sensor_decorator.py
[2023-12-18T14:34:48.198+0000] {logging_mixin.py:154} INFO - [2023-12-18T14:34:48.198+0000] {dag.py:2941} INFO - Sync 1 DAGs
[2023-12-18T14:34:48.207+0000] {logging_mixin.py:154} INFO - [2023-12-18T14:34:48.206+0000] {dag.py:3722} INFO - Setting next_dagrun for example_sensor_decorator to None, run_after=None
[2023-12-18T14:34:48.217+0000] {processor.py:179} INFO - Processing /home/airflow/.local/lib/python3.8/site-packages/airflow/example_dags/example_sensor_decorator.py took 0.037 seconds
[2023-12-18T14:35:18.310+0000] {processor.py:157} INFO - Started process (PID=1366) to work on /home/airflow/.local/lib/python3.8/site-packages/airflow/example_dags/example_sensor_decorator.py
[2023-12-18T14:35:18.311+0000] {processor.py:829} INFO - Processing file /home/airflow/.local/lib/python3.8/site-packages/airflow/example_dags/example_sensor_decorator.py for tasks to queue
[2023-12-18T14:35:18.312+0000] {logging_mixin.py:154} INFO - [2023-12-18T14:35:18.312+0000] {dagbag.py:536} INFO - Filling up the DagBag from /home/airflow/.local/lib/python3.8/site-packages/airflow/example_dags/example_sensor_decorator.py
[2023-12-18T14:35:18.315+0000] {processor.py:839} INFO - DAG(s) dict_keys(['example_sensor_decorator']) retrieved from /home/airflow/.local/lib/python3.8/site-packages/airflow/example_dags/example_sensor_decorator.py
[2023-12-18T14:35:18.327+0000] {logging_mixin.py:154} INFO - [2023-12-18T14:35:18.327+0000] {dag.py:2941} INFO - Sync 1 DAGs
[2023-12-18T14:35:18.334+0000] {logging_mixin.py:154} INFO - [2023-12-18T14:35:18.334+0000] {dag.py:3722} INFO - Setting next_dagrun for example_sensor_decorator to None, run_after=None
[2023-12-18T14:35:18.345+0000] {processor.py:179} INFO - Processing /home/airflow/.local/lib/python3.8/site-packages/airflow/example_dags/example_sensor_decorator.py took 0.036 seconds
[2023-12-18T14:35:49.396+0000] {processor.py:157} INFO - Started process (PID=1441) to work on /home/airflow/.local/lib/python3.8/site-packages/airflow/example_dags/example_sensor_decorator.py
[2023-12-18T14:35:49.396+0000] {processor.py:829} INFO - Processing file /home/airflow/.local/lib/python3.8/site-packages/airflow/example_dags/example_sensor_decorator.py for tasks to queue
[2023-12-18T14:35:49.398+0000] {logging_mixin.py:154} INFO - [2023-12-18T14:35:49.398+0000] {dagbag.py:536} INFO - Filling up the DagBag from /home/airflow/.local/lib/python3.8/site-packages/airflow/example_dags/example_sensor_decorator.py
[2023-12-18T14:35:49.402+0000] {processor.py:839} INFO - DAG(s) dict_keys(['example_sensor_decorator']) retrieved from /home/airflow/.local/lib/python3.8/site-packages/airflow/example_dags/example_sensor_decorator.py
[2023-12-18T14:35:49.413+0000] {logging_mixin.py:154} INFO - [2023-12-18T14:35:49.413+0000] {dag.py:2941} INFO - Sync 1 DAGs
[2023-12-18T14:35:49.420+0000] {logging_mixin.py:154} INFO - [2023-12-18T14:35:49.420+0000] {dag.py:3722} INFO - Setting next_dagrun for example_sensor_decorator to None, run_after=None
[2023-12-18T14:35:49.429+0000] {processor.py:179} INFO - Processing /home/airflow/.local/lib/python3.8/site-packages/airflow/example_dags/example_sensor_decorator.py took 0.036 seconds
[2023-12-18T14:36:19.468+0000] {processor.py:157} INFO - Started process (PID=1503) to work on /home/airflow/.local/lib/python3.8/site-packages/airflow/example_dags/example_sensor_decorator.py
[2023-12-18T14:36:19.481+0000] {processor.py:829} INFO - Processing file /home/airflow/.local/lib/python3.8/site-packages/airflow/example_dags/example_sensor_decorator.py for tasks to queue
[2023-12-18T14:36:19.483+0000] {logging_mixin.py:154} INFO - [2023-12-18T14:36:19.483+0000] {dagbag.py:536} INFO - Filling up the DagBag from /home/airflow/.local/lib/python3.8/site-packages/airflow/example_dags/example_sensor_decorator.py
[2023-12-18T14:36:19.487+0000] {processor.py:839} INFO - DAG(s) dict_keys(['example_sensor_decorator']) retrieved from /home/airflow/.local/lib/python3.8/site-packages/airflow/example_dags/example_sensor_decorator.py
[2023-12-18T14:36:19.499+0000] {logging_mixin.py:154} INFO - [2023-12-18T14:36:19.499+0000] {dag.py:2941} INFO - Sync 1 DAGs
[2023-12-18T14:36:19.507+0000] {logging_mixin.py:154} INFO - [2023-12-18T14:36:19.506+0000] {dag.py:3722} INFO - Setting next_dagrun for example_sensor_decorator to None, run_after=None
[2023-12-18T14:36:19.517+0000] {processor.py:179} INFO - Processing /home/airflow/.local/lib/python3.8/site-packages/airflow/example_dags/example_sensor_decorator.py took 0.050 seconds
[2023-12-18T14:36:49.591+0000] {processor.py:157} INFO - Started process (PID=1572) to work on /home/airflow/.local/lib/python3.8/site-packages/airflow/example_dags/example_sensor_decorator.py
[2023-12-18T14:36:49.592+0000] {processor.py:829} INFO - Processing file /home/airflow/.local/lib/python3.8/site-packages/airflow/example_dags/example_sensor_decorator.py for tasks to queue
[2023-12-18T14:36:49.594+0000] {logging_mixin.py:154} INFO - [2023-12-18T14:36:49.594+0000] {dagbag.py:536} INFO - Filling up the DagBag from /home/airflow/.local/lib/python3.8/site-packages/airflow/example_dags/example_sensor_decorator.py
[2023-12-18T14:36:49.600+0000] {processor.py:839} INFO - DAG(s) dict_keys(['example_sensor_decorator']) retrieved from /home/airflow/.local/lib/python3.8/site-packages/airflow/example_dags/example_sensor_decorator.py
[2023-12-18T14:36:49.614+0000] {logging_mixin.py:154} INFO - [2023-12-18T14:36:49.613+0000] {dag.py:2941} INFO - Sync 1 DAGs
[2023-12-18T14:36:49.620+0000] {logging_mixin.py:154} INFO - [2023-12-18T14:36:49.620+0000] {dag.py:3722} INFO - Setting next_dagrun for example_sensor_decorator to None, run_after=None
[2023-12-18T14:36:49.630+0000] {processor.py:179} INFO - Processing /home/airflow/.local/lib/python3.8/site-packages/airflow/example_dags/example_sensor_decorator.py took 0.041 seconds
[2023-12-18T14:37:19.719+0000] {processor.py:157} INFO - Started process (PID=1641) to work on /home/airflow/.local/lib/python3.8/site-packages/airflow/example_dags/example_sensor_decorator.py
[2023-12-18T14:37:19.720+0000] {processor.py:829} INFO - Processing file /home/airflow/.local/lib/python3.8/site-packages/airflow/example_dags/example_sensor_decorator.py for tasks to queue
[2023-12-18T14:37:19.721+0000] {logging_mixin.py:154} INFO - [2023-12-18T14:37:19.721+0000] {dagbag.py:536} INFO - Filling up the DagBag from /home/airflow/.local/lib/python3.8/site-packages/airflow/example_dags/example_sensor_decorator.py
[2023-12-18T14:37:19.724+0000] {processor.py:839} INFO - DAG(s) dict_keys(['example_sensor_decorator']) retrieved from /home/airflow/.local/lib/python3.8/site-packages/airflow/example_dags/example_sensor_decorator.py
[2023-12-18T14:37:19.736+0000] {logging_mixin.py:154} INFO - [2023-12-18T14:37:19.736+0000] {dag.py:2941} INFO - Sync 1 DAGs
[2023-12-18T14:37:19.743+0000] {logging_mixin.py:154} INFO - [2023-12-18T14:37:19.743+0000] {dag.py:3722} INFO - Setting next_dagrun for example_sensor_decorator to None, run_after=None
[2023-12-18T14:37:19.753+0000] {processor.py:179} INFO - Processing /home/airflow/.local/lib/python3.8/site-packages/airflow/example_dags/example_sensor_decorator.py took 0.036 seconds
[2023-12-18T14:37:50.464+0000] {processor.py:157} INFO - Started process (PID=1710) to work on /home/airflow/.local/lib/python3.8/site-packages/airflow/example_dags/example_sensor_decorator.py
[2023-12-18T14:37:50.464+0000] {processor.py:829} INFO - Processing file /home/airflow/.local/lib/python3.8/site-packages/airflow/example_dags/example_sensor_decorator.py for tasks to queue
[2023-12-18T14:37:50.465+0000] {logging_mixin.py:154} INFO - [2023-12-18T14:37:50.465+0000] {dagbag.py:536} INFO - Filling up the DagBag from /home/airflow/.local/lib/python3.8/site-packages/airflow/example_dags/example_sensor_decorator.py
[2023-12-18T14:37:50.469+0000] {processor.py:839} INFO - DAG(s) dict_keys(['example_sensor_decorator']) retrieved from /home/airflow/.local/lib/python3.8/site-packages/airflow/example_dags/example_sensor_decorator.py
[2023-12-18T14:37:50.498+0000] {logging_mixin.py:154} INFO - [2023-12-18T14:37:50.498+0000] {dag.py:2941} INFO - Sync 1 DAGs
[2023-12-18T14:37:50.506+0000] {logging_mixin.py:154} INFO - [2023-12-18T14:37:50.506+0000] {dag.py:3722} INFO - Setting next_dagrun for example_sensor_decorator to None, run_after=None
[2023-12-18T14:37:50.519+0000] {processor.py:179} INFO - Processing /home/airflow/.local/lib/python3.8/site-packages/airflow/example_dags/example_sensor_decorator.py took 0.057 seconds
[2023-12-18T14:38:21.222+0000] {processor.py:157} INFO - Started process (PID=1786) to work on /home/airflow/.local/lib/python3.8/site-packages/airflow/example_dags/example_sensor_decorator.py
[2023-12-18T14:38:21.222+0000] {processor.py:829} INFO - Processing file /home/airflow/.local/lib/python3.8/site-packages/airflow/example_dags/example_sensor_decorator.py for tasks to queue
[2023-12-18T14:38:21.223+0000] {logging_mixin.py:154} INFO - [2023-12-18T14:38:21.223+0000] {dagbag.py:536} INFO - Filling up the DagBag from /home/airflow/.local/lib/python3.8/site-packages/airflow/example_dags/example_sensor_decorator.py
[2023-12-18T14:38:21.226+0000] {processor.py:839} INFO - DAG(s) dict_keys(['example_sensor_decorator']) retrieved from /home/airflow/.local/lib/python3.8/site-packages/airflow/example_dags/example_sensor_decorator.py
[2023-12-18T14:38:21.238+0000] {logging_mixin.py:154} INFO - [2023-12-18T14:38:21.238+0000] {dag.py:2941} INFO - Sync 1 DAGs
[2023-12-18T14:38:21.245+0000] {logging_mixin.py:154} INFO - [2023-12-18T14:38:21.244+0000] {dag.py:3722} INFO - Setting next_dagrun for example_sensor_decorator to None, run_after=None
[2023-12-18T14:38:21.254+0000] {processor.py:179} INFO - Processing /home/airflow/.local/lib/python3.8/site-packages/airflow/example_dags/example_sensor_decorator.py took 0.034 seconds
[2023-12-18T14:38:52.046+0000] {processor.py:157} INFO - Started process (PID=1855) to work on /home/airflow/.local/lib/python3.8/site-packages/airflow/example_dags/example_sensor_decorator.py
[2023-12-18T14:38:52.046+0000] {processor.py:829} INFO - Processing file /home/airflow/.local/lib/python3.8/site-packages/airflow/example_dags/example_sensor_decorator.py for tasks to queue
[2023-12-18T14:38:52.048+0000] {logging_mixin.py:154} INFO - [2023-12-18T14:38:52.047+0000] {dagbag.py:536} INFO - Filling up the DagBag from /home/airflow/.local/lib/python3.8/site-packages/airflow/example_dags/example_sensor_decorator.py
[2023-12-18T14:38:52.051+0000] {processor.py:839} INFO - DAG(s) dict_keys(['example_sensor_decorator']) retrieved from /home/airflow/.local/lib/python3.8/site-packages/airflow/example_dags/example_sensor_decorator.py
[2023-12-18T14:38:52.062+0000] {logging_mixin.py:154} INFO - [2023-12-18T14:38:52.062+0000] {dag.py:2941} INFO - Sync 1 DAGs
[2023-12-18T14:38:52.071+0000] {logging_mixin.py:154} INFO - [2023-12-18T14:38:52.071+0000] {dag.py:3722} INFO - Setting next_dagrun for example_sensor_decorator to None, run_after=None
[2023-12-18T14:38:52.083+0000] {processor.py:179} INFO - Processing /home/airflow/.local/lib/python3.8/site-packages/airflow/example_dags/example_sensor_decorator.py took 0.039 seconds
[2023-12-18T14:39:53.455+0000] {processor.py:157} INFO - Started process (PID=54) to work on /home/airflow/.local/lib/python3.8/site-packages/airflow/example_dags/example_sensor_decorator.py
[2023-12-18T14:39:53.461+0000] {processor.py:829} INFO - Processing file /home/airflow/.local/lib/python3.8/site-packages/airflow/example_dags/example_sensor_decorator.py for tasks to queue
[2023-12-18T14:39:53.464+0000] {logging_mixin.py:154} INFO - [2023-12-18T14:39:53.464+0000] {dagbag.py:536} INFO - Filling up the DagBag from /home/airflow/.local/lib/python3.8/site-packages/airflow/example_dags/example_sensor_decorator.py
[2023-12-18T14:39:53.501+0000] {processor.py:839} INFO - DAG(s) dict_keys(['example_sensor_decorator']) retrieved from /home/airflow/.local/lib/python3.8/site-packages/airflow/example_dags/example_sensor_decorator.py
[2023-12-18T14:39:53.574+0000] {logging_mixin.py:154} INFO - [2023-12-18T14:39:53.574+0000] {dag.py:2941} INFO - Sync 1 DAGs
[2023-12-18T14:39:53.598+0000] {logging_mixin.py:154} INFO - [2023-12-18T14:39:53.597+0000] {dag.py:3722} INFO - Setting next_dagrun for example_sensor_decorator to None, run_after=None
[2023-12-18T14:39:53.645+0000] {processor.py:179} INFO - Processing /home/airflow/.local/lib/python3.8/site-packages/airflow/example_dags/example_sensor_decorator.py took 0.194 seconds
[2023-12-18T14:40:23.983+0000] {processor.py:157} INFO - Started process (PID=123) to work on /home/airflow/.local/lib/python3.8/site-packages/airflow/example_dags/example_sensor_decorator.py
[2023-12-18T14:40:23.983+0000] {processor.py:829} INFO - Processing file /home/airflow/.local/lib/python3.8/site-packages/airflow/example_dags/example_sensor_decorator.py for tasks to queue
[2023-12-18T14:40:23.984+0000] {logging_mixin.py:154} INFO - [2023-12-18T14:40:23.984+0000] {dagbag.py:536} INFO - Filling up the DagBag from /home/airflow/.local/lib/python3.8/site-packages/airflow/example_dags/example_sensor_decorator.py
[2023-12-18T14:40:23.988+0000] {processor.py:839} INFO - DAG(s) dict_keys(['example_sensor_decorator']) retrieved from /home/airflow/.local/lib/python3.8/site-packages/airflow/example_dags/example_sensor_decorator.py
[2023-12-18T14:40:24.000+0000] {logging_mixin.py:154} INFO - [2023-12-18T14:40:24.000+0000] {dag.py:2941} INFO - Sync 1 DAGs
[2023-12-18T14:40:24.009+0000] {logging_mixin.py:154} INFO - [2023-12-18T14:40:24.009+0000] {dag.py:3722} INFO - Setting next_dagrun for example_sensor_decorator to None, run_after=None
[2023-12-18T14:40:24.020+0000] {processor.py:179} INFO - Processing /home/airflow/.local/lib/python3.8/site-packages/airflow/example_dags/example_sensor_decorator.py took 0.047 seconds
[2023-12-18T14:40:54.258+0000] {processor.py:157} INFO - Started process (PID=192) to work on /home/airflow/.local/lib/python3.8/site-packages/airflow/example_dags/example_sensor_decorator.py
[2023-12-18T14:40:54.259+0000] {processor.py:829} INFO - Processing file /home/airflow/.local/lib/python3.8/site-packages/airflow/example_dags/example_sensor_decorator.py for tasks to queue
[2023-12-18T14:40:54.260+0000] {logging_mixin.py:154} INFO - [2023-12-18T14:40:54.260+0000] {dagbag.py:536} INFO - Filling up the DagBag from /home/airflow/.local/lib/python3.8/site-packages/airflow/example_dags/example_sensor_decorator.py
[2023-12-18T14:40:54.263+0000] {processor.py:839} INFO - DAG(s) dict_keys(['example_sensor_decorator']) retrieved from /home/airflow/.local/lib/python3.8/site-packages/airflow/example_dags/example_sensor_decorator.py
[2023-12-18T14:40:54.290+0000] {logging_mixin.py:154} INFO - [2023-12-18T14:40:54.290+0000] {dag.py:2941} INFO - Sync 1 DAGs
[2023-12-18T14:40:54.297+0000] {logging_mixin.py:154} INFO - [2023-12-18T14:40:54.297+0000] {dag.py:3722} INFO - Setting next_dagrun for example_sensor_decorator to None, run_after=None
[2023-12-18T14:40:54.307+0000] {processor.py:179} INFO - Processing /home/airflow/.local/lib/python3.8/site-packages/airflow/example_dags/example_sensor_decorator.py took 0.051 seconds
[2023-12-18T14:41:25.124+0000] {processor.py:157} INFO - Started process (PID=261) to work on /home/airflow/.local/lib/python3.8/site-packages/airflow/example_dags/example_sensor_decorator.py
[2023-12-18T14:41:25.125+0000] {processor.py:829} INFO - Processing file /home/airflow/.local/lib/python3.8/site-packages/airflow/example_dags/example_sensor_decorator.py for tasks to queue
[2023-12-18T14:41:25.126+0000] {logging_mixin.py:154} INFO - [2023-12-18T14:41:25.126+0000] {dagbag.py:536} INFO - Filling up the DagBag from /home/airflow/.local/lib/python3.8/site-packages/airflow/example_dags/example_sensor_decorator.py
[2023-12-18T14:41:25.129+0000] {processor.py:839} INFO - DAG(s) dict_keys(['example_sensor_decorator']) retrieved from /home/airflow/.local/lib/python3.8/site-packages/airflow/example_dags/example_sensor_decorator.py
[2023-12-18T14:41:25.140+0000] {logging_mixin.py:154} INFO - [2023-12-18T14:41:25.140+0000] {dag.py:2941} INFO - Sync 1 DAGs
[2023-12-18T14:41:25.147+0000] {logging_mixin.py:154} INFO - [2023-12-18T14:41:25.147+0000] {dag.py:3722} INFO - Setting next_dagrun for example_sensor_decorator to None, run_after=None
[2023-12-18T14:41:25.156+0000] {processor.py:179} INFO - Processing /home/airflow/.local/lib/python3.8/site-packages/airflow/example_dags/example_sensor_decorator.py took 0.034 seconds
[2023-12-18T14:41:55.907+0000] {processor.py:157} INFO - Started process (PID=331) to work on /home/airflow/.local/lib/python3.8/site-packages/airflow/example_dags/example_sensor_decorator.py
[2023-12-18T14:41:55.908+0000] {processor.py:829} INFO - Processing file /home/airflow/.local/lib/python3.8/site-packages/airflow/example_dags/example_sensor_decorator.py for tasks to queue
[2023-12-18T14:41:55.909+0000] {logging_mixin.py:154} INFO - [2023-12-18T14:41:55.909+0000] {dagbag.py:536} INFO - Filling up the DagBag from /home/airflow/.local/lib/python3.8/site-packages/airflow/example_dags/example_sensor_decorator.py
[2023-12-18T14:41:55.913+0000] {processor.py:839} INFO - DAG(s) dict_keys(['example_sensor_decorator']) retrieved from /home/airflow/.local/lib/python3.8/site-packages/airflow/example_dags/example_sensor_decorator.py
[2023-12-18T14:41:55.925+0000] {logging_mixin.py:154} INFO - [2023-12-18T14:41:55.925+0000] {dag.py:2941} INFO - Sync 1 DAGs
[2023-12-18T14:41:55.933+0000] {logging_mixin.py:154} INFO - [2023-12-18T14:41:55.932+0000] {dag.py:3722} INFO - Setting next_dagrun for example_sensor_decorator to None, run_after=None
[2023-12-18T14:41:55.943+0000] {processor.py:179} INFO - Processing /home/airflow/.local/lib/python3.8/site-packages/airflow/example_dags/example_sensor_decorator.py took 0.038 seconds
[2023-12-18T14:42:26.797+0000] {processor.py:157} INFO - Started process (PID=400) to work on /home/airflow/.local/lib/python3.8/site-packages/airflow/example_dags/example_sensor_decorator.py
[2023-12-18T14:42:26.798+0000] {processor.py:829} INFO - Processing file /home/airflow/.local/lib/python3.8/site-packages/airflow/example_dags/example_sensor_decorator.py for tasks to queue
[2023-12-18T14:42:26.800+0000] {logging_mixin.py:154} INFO - [2023-12-18T14:42:26.800+0000] {dagbag.py:536} INFO - Filling up the DagBag from /home/airflow/.local/lib/python3.8/site-packages/airflow/example_dags/example_sensor_decorator.py
[2023-12-18T14:42:26.805+0000] {processor.py:839} INFO - DAG(s) dict_keys(['example_sensor_decorator']) retrieved from /home/airflow/.local/lib/python3.8/site-packages/airflow/example_dags/example_sensor_decorator.py
[2023-12-18T14:42:26.820+0000] {logging_mixin.py:154} INFO - [2023-12-18T14:42:26.820+0000] {dag.py:2941} INFO - Sync 1 DAGs
[2023-12-18T14:42:26.830+0000] {logging_mixin.py:154} INFO - [2023-12-18T14:42:26.830+0000] {dag.py:3722} INFO - Setting next_dagrun for example_sensor_decorator to None, run_after=None
[2023-12-18T14:42:26.841+0000] {processor.py:179} INFO - Processing /home/airflow/.local/lib/python3.8/site-packages/airflow/example_dags/example_sensor_decorator.py took 0.046 seconds
[2023-12-18T14:42:57.066+0000] {processor.py:157} INFO - Started process (PID=469) to work on /home/airflow/.local/lib/python3.8/site-packages/airflow/example_dags/example_sensor_decorator.py
[2023-12-18T14:42:57.067+0000] {processor.py:829} INFO - Processing file /home/airflow/.local/lib/python3.8/site-packages/airflow/example_dags/example_sensor_decorator.py for tasks to queue
[2023-12-18T14:42:57.068+0000] {logging_mixin.py:154} INFO - [2023-12-18T14:42:57.068+0000] {dagbag.py:536} INFO - Filling up the DagBag from /home/airflow/.local/lib/python3.8/site-packages/airflow/example_dags/example_sensor_decorator.py
[2023-12-18T14:42:57.085+0000] {processor.py:839} INFO - DAG(s) dict_keys(['example_sensor_decorator']) retrieved from /home/airflow/.local/lib/python3.8/site-packages/airflow/example_dags/example_sensor_decorator.py
[2023-12-18T14:42:57.100+0000] {logging_mixin.py:154} INFO - [2023-12-18T14:42:57.100+0000] {dag.py:2941} INFO - Sync 1 DAGs
[2023-12-18T14:42:57.107+0000] {logging_mixin.py:154} INFO - [2023-12-18T14:42:57.107+0000] {dag.py:3722} INFO - Setting next_dagrun for example_sensor_decorator to None, run_after=None
[2023-12-18T14:42:57.118+0000] {processor.py:179} INFO - Processing /home/airflow/.local/lib/python3.8/site-packages/airflow/example_dags/example_sensor_decorator.py took 0.053 seconds
[2023-12-18T14:44:33.844+0000] {processor.py:157} INFO - Started process (PID=52) to work on /home/airflow/.local/lib/python3.8/site-packages/airflow/example_dags/example_sensor_decorator.py
[2023-12-18T14:44:33.845+0000] {processor.py:829} INFO - Processing file /home/airflow/.local/lib/python3.8/site-packages/airflow/example_dags/example_sensor_decorator.py for tasks to queue
[2023-12-18T14:44:33.847+0000] {logging_mixin.py:154} INFO - [2023-12-18T14:44:33.847+0000] {dagbag.py:536} INFO - Filling up the DagBag from /home/airflow/.local/lib/python3.8/site-packages/airflow/example_dags/example_sensor_decorator.py
[2023-12-18T14:44:33.856+0000] {processor.py:839} INFO - DAG(s) dict_keys(['example_sensor_decorator']) retrieved from /home/airflow/.local/lib/python3.8/site-packages/airflow/example_dags/example_sensor_decorator.py
[2023-12-18T14:44:33.883+0000] {logging_mixin.py:154} INFO - [2023-12-18T14:44:33.883+0000] {dag.py:2941} INFO - Sync 1 DAGs
[2023-12-18T14:44:33.894+0000] {logging_mixin.py:154} INFO - [2023-12-18T14:44:33.894+0000] {dag.py:3722} INFO - Setting next_dagrun for example_sensor_decorator to None, run_after=None
[2023-12-18T14:44:33.922+0000] {processor.py:179} INFO - Processing /home/airflow/.local/lib/python3.8/site-packages/airflow/example_dags/example_sensor_decorator.py took 0.081 seconds
[2023-12-18T14:45:04.535+0000] {processor.py:157} INFO - Started process (PID=121) to work on /home/airflow/.local/lib/python3.8/site-packages/airflow/example_dags/example_sensor_decorator.py
[2023-12-18T14:45:04.536+0000] {processor.py:829} INFO - Processing file /home/airflow/.local/lib/python3.8/site-packages/airflow/example_dags/example_sensor_decorator.py for tasks to queue
[2023-12-18T14:45:04.538+0000] {logging_mixin.py:154} INFO - [2023-12-18T14:45:04.538+0000] {dagbag.py:536} INFO - Filling up the DagBag from /home/airflow/.local/lib/python3.8/site-packages/airflow/example_dags/example_sensor_decorator.py
[2023-12-18T14:45:04.542+0000] {processor.py:839} INFO - DAG(s) dict_keys(['example_sensor_decorator']) retrieved from /home/airflow/.local/lib/python3.8/site-packages/airflow/example_dags/example_sensor_decorator.py
[2023-12-18T14:45:04.554+0000] {logging_mixin.py:154} INFO - [2023-12-18T14:45:04.554+0000] {dag.py:2941} INFO - Sync 1 DAGs
[2023-12-18T14:45:04.561+0000] {logging_mixin.py:154} INFO - [2023-12-18T14:45:04.561+0000] {dag.py:3722} INFO - Setting next_dagrun for example_sensor_decorator to None, run_after=None
[2023-12-18T14:45:04.572+0000] {processor.py:179} INFO - Processing /home/airflow/.local/lib/python3.8/site-packages/airflow/example_dags/example_sensor_decorator.py took 0.039 seconds
[2023-12-18T14:45:34.906+0000] {processor.py:157} INFO - Started process (PID=190) to work on /home/airflow/.local/lib/python3.8/site-packages/airflow/example_dags/example_sensor_decorator.py
[2023-12-18T14:45:34.907+0000] {processor.py:829} INFO - Processing file /home/airflow/.local/lib/python3.8/site-packages/airflow/example_dags/example_sensor_decorator.py for tasks to queue
[2023-12-18T14:45:34.908+0000] {logging_mixin.py:154} INFO - [2023-12-18T14:45:34.908+0000] {dagbag.py:536} INFO - Filling up the DagBag from /home/airflow/.local/lib/python3.8/site-packages/airflow/example_dags/example_sensor_decorator.py
[2023-12-18T14:45:34.911+0000] {processor.py:839} INFO - DAG(s) dict_keys(['example_sensor_decorator']) retrieved from /home/airflow/.local/lib/python3.8/site-packages/airflow/example_dags/example_sensor_decorator.py
[2023-12-18T14:45:34.924+0000] {logging_mixin.py:154} INFO - [2023-12-18T14:45:34.924+0000] {dag.py:2941} INFO - Sync 1 DAGs
[2023-12-18T14:45:34.931+0000] {logging_mixin.py:154} INFO - [2023-12-18T14:45:34.931+0000] {dag.py:3722} INFO - Setting next_dagrun for example_sensor_decorator to None, run_after=None
[2023-12-18T14:45:34.942+0000] {processor.py:179} INFO - Processing /home/airflow/.local/lib/python3.8/site-packages/airflow/example_dags/example_sensor_decorator.py took 0.037 seconds
[2023-12-18T14:46:05.022+0000] {processor.py:157} INFO - Started process (PID=259) to work on /home/airflow/.local/lib/python3.8/site-packages/airflow/example_dags/example_sensor_decorator.py
[2023-12-18T14:46:05.022+0000] {processor.py:829} INFO - Processing file /home/airflow/.local/lib/python3.8/site-packages/airflow/example_dags/example_sensor_decorator.py for tasks to queue
[2023-12-18T14:46:05.023+0000] {logging_mixin.py:154} INFO - [2023-12-18T14:46:05.023+0000] {dagbag.py:536} INFO - Filling up the DagBag from /home/airflow/.local/lib/python3.8/site-packages/airflow/example_dags/example_sensor_decorator.py
[2023-12-18T14:46:05.027+0000] {processor.py:839} INFO - DAG(s) dict_keys(['example_sensor_decorator']) retrieved from /home/airflow/.local/lib/python3.8/site-packages/airflow/example_dags/example_sensor_decorator.py
[2023-12-18T14:46:05.038+0000] {logging_mixin.py:154} INFO - [2023-12-18T14:46:05.038+0000] {dag.py:2941} INFO - Sync 1 DAGs
[2023-12-18T14:46:05.046+0000] {logging_mixin.py:154} INFO - [2023-12-18T14:46:05.046+0000] {dag.py:3722} INFO - Setting next_dagrun for example_sensor_decorator to None, run_after=None
[2023-12-18T14:46:05.058+0000] {processor.py:179} INFO - Processing /home/airflow/.local/lib/python3.8/site-packages/airflow/example_dags/example_sensor_decorator.py took 0.038 seconds
[2023-12-18T14:46:35.914+0000] {processor.py:157} INFO - Started process (PID=328) to work on /home/airflow/.local/lib/python3.8/site-packages/airflow/example_dags/example_sensor_decorator.py
[2023-12-18T14:46:35.915+0000] {processor.py:829} INFO - Processing file /home/airflow/.local/lib/python3.8/site-packages/airflow/example_dags/example_sensor_decorator.py for tasks to queue
[2023-12-18T14:46:35.916+0000] {logging_mixin.py:154} INFO - [2023-12-18T14:46:35.916+0000] {dagbag.py:536} INFO - Filling up the DagBag from /home/airflow/.local/lib/python3.8/site-packages/airflow/example_dags/example_sensor_decorator.py
[2023-12-18T14:46:35.920+0000] {processor.py:839} INFO - DAG(s) dict_keys(['example_sensor_decorator']) retrieved from /home/airflow/.local/lib/python3.8/site-packages/airflow/example_dags/example_sensor_decorator.py
[2023-12-18T14:46:35.931+0000] {logging_mixin.py:154} INFO - [2023-12-18T14:46:35.931+0000] {dag.py:2941} INFO - Sync 1 DAGs
[2023-12-18T14:46:35.939+0000] {logging_mixin.py:154} INFO - [2023-12-18T14:46:35.939+0000] {dag.py:3722} INFO - Setting next_dagrun for example_sensor_decorator to None, run_after=None
[2023-12-18T14:46:35.950+0000] {processor.py:179} INFO - Processing /home/airflow/.local/lib/python3.8/site-packages/airflow/example_dags/example_sensor_decorator.py took 0.038 seconds
[2023-12-18T14:47:06.699+0000] {processor.py:157} INFO - Started process (PID=397) to work on /home/airflow/.local/lib/python3.8/site-packages/airflow/example_dags/example_sensor_decorator.py
[2023-12-18T14:47:06.700+0000] {processor.py:829} INFO - Processing file /home/airflow/.local/lib/python3.8/site-packages/airflow/example_dags/example_sensor_decorator.py for tasks to queue
[2023-12-18T14:47:06.702+0000] {logging_mixin.py:154} INFO - [2023-12-18T14:47:06.702+0000] {dagbag.py:536} INFO - Filling up the DagBag from /home/airflow/.local/lib/python3.8/site-packages/airflow/example_dags/example_sensor_decorator.py
[2023-12-18T14:47:06.708+0000] {processor.py:839} INFO - DAG(s) dict_keys(['example_sensor_decorator']) retrieved from /home/airflow/.local/lib/python3.8/site-packages/airflow/example_dags/example_sensor_decorator.py
[2023-12-18T14:47:06.722+0000] {logging_mixin.py:154} INFO - [2023-12-18T14:47:06.721+0000] {dag.py:2941} INFO - Sync 1 DAGs
[2023-12-18T14:47:06.729+0000] {logging_mixin.py:154} INFO - [2023-12-18T14:47:06.729+0000] {dag.py:3722} INFO - Setting next_dagrun for example_sensor_decorator to None, run_after=None
[2023-12-18T14:47:06.742+0000] {processor.py:179} INFO - Processing /home/airflow/.local/lib/python3.8/site-packages/airflow/example_dags/example_sensor_decorator.py took 0.044 seconds
[2023-12-18T14:47:36.811+0000] {processor.py:157} INFO - Started process (PID=466) to work on /home/airflow/.local/lib/python3.8/site-packages/airflow/example_dags/example_sensor_decorator.py
[2023-12-18T14:47:36.812+0000] {processor.py:829} INFO - Processing file /home/airflow/.local/lib/python3.8/site-packages/airflow/example_dags/example_sensor_decorator.py for tasks to queue
[2023-12-18T14:47:36.813+0000] {logging_mixin.py:154} INFO - [2023-12-18T14:47:36.813+0000] {dagbag.py:536} INFO - Filling up the DagBag from /home/airflow/.local/lib/python3.8/site-packages/airflow/example_dags/example_sensor_decorator.py
[2023-12-18T14:47:36.816+0000] {processor.py:839} INFO - DAG(s) dict_keys(['example_sensor_decorator']) retrieved from /home/airflow/.local/lib/python3.8/site-packages/airflow/example_dags/example_sensor_decorator.py
[2023-12-18T14:47:36.829+0000] {logging_mixin.py:154} INFO - [2023-12-18T14:47:36.829+0000] {dag.py:2941} INFO - Sync 1 DAGs
[2023-12-18T14:47:36.838+0000] {logging_mixin.py:154} INFO - [2023-12-18T14:47:36.838+0000] {dag.py:3722} INFO - Setting next_dagrun for example_sensor_decorator to None, run_after=None
[2023-12-18T14:47:36.850+0000] {processor.py:179} INFO - Processing /home/airflow/.local/lib/python3.8/site-packages/airflow/example_dags/example_sensor_decorator.py took 0.041 seconds
[2023-12-18T14:48:06.989+0000] {processor.py:157} INFO - Started process (PID=536) to work on /home/airflow/.local/lib/python3.8/site-packages/airflow/example_dags/example_sensor_decorator.py
[2023-12-18T14:48:06.990+0000] {processor.py:829} INFO - Processing file /home/airflow/.local/lib/python3.8/site-packages/airflow/example_dags/example_sensor_decorator.py for tasks to queue
[2023-12-18T14:48:06.991+0000] {logging_mixin.py:154} INFO - [2023-12-18T14:48:06.991+0000] {dagbag.py:536} INFO - Filling up the DagBag from /home/airflow/.local/lib/python3.8/site-packages/airflow/example_dags/example_sensor_decorator.py
[2023-12-18T14:48:06.996+0000] {processor.py:839} INFO - DAG(s) dict_keys(['example_sensor_decorator']) retrieved from /home/airflow/.local/lib/python3.8/site-packages/airflow/example_dags/example_sensor_decorator.py
[2023-12-18T14:48:07.013+0000] {logging_mixin.py:154} INFO - [2023-12-18T14:48:07.013+0000] {dag.py:2941} INFO - Sync 1 DAGs
[2023-12-18T14:48:07.022+0000] {logging_mixin.py:154} INFO - [2023-12-18T14:48:07.022+0000] {dag.py:3722} INFO - Setting next_dagrun for example_sensor_decorator to None, run_after=None
[2023-12-18T14:48:07.036+0000] {processor.py:179} INFO - Processing /home/airflow/.local/lib/python3.8/site-packages/airflow/example_dags/example_sensor_decorator.py took 0.049 seconds
[2023-12-18T14:48:37.082+0000] {processor.py:157} INFO - Started process (PID=606) to work on /home/airflow/.local/lib/python3.8/site-packages/airflow/example_dags/example_sensor_decorator.py
[2023-12-18T14:48:37.083+0000] {processor.py:829} INFO - Processing file /home/airflow/.local/lib/python3.8/site-packages/airflow/example_dags/example_sensor_decorator.py for tasks to queue
[2023-12-18T14:48:37.084+0000] {logging_mixin.py:154} INFO - [2023-12-18T14:48:37.084+0000] {dagbag.py:536} INFO - Filling up the DagBag from /home/airflow/.local/lib/python3.8/site-packages/airflow/example_dags/example_sensor_decorator.py
[2023-12-18T14:48:37.088+0000] {processor.py:839} INFO - DAG(s) dict_keys(['example_sensor_decorator']) retrieved from /home/airflow/.local/lib/python3.8/site-packages/airflow/example_dags/example_sensor_decorator.py
[2023-12-18T14:48:37.099+0000] {logging_mixin.py:154} INFO - [2023-12-18T14:48:37.099+0000] {dag.py:2941} INFO - Sync 1 DAGs
[2023-12-18T14:48:37.107+0000] {logging_mixin.py:154} INFO - [2023-12-18T14:48:37.107+0000] {dag.py:3722} INFO - Setting next_dagrun for example_sensor_decorator to None, run_after=None
[2023-12-18T14:48:37.120+0000] {processor.py:179} INFO - Processing /home/airflow/.local/lib/python3.8/site-packages/airflow/example_dags/example_sensor_decorator.py took 0.040 seconds
[2023-12-18T14:52:06.898+0000] {processor.py:157} INFO - Started process (PID=53) to work on /home/airflow/.local/lib/python3.8/site-packages/airflow/example_dags/example_sensor_decorator.py
[2023-12-18T14:52:06.901+0000] {processor.py:829} INFO - Processing file /home/airflow/.local/lib/python3.8/site-packages/airflow/example_dags/example_sensor_decorator.py for tasks to queue
[2023-12-18T14:52:06.903+0000] {logging_mixin.py:154} INFO - [2023-12-18T14:52:06.903+0000] {dagbag.py:536} INFO - Filling up the DagBag from /home/airflow/.local/lib/python3.8/site-packages/airflow/example_dags/example_sensor_decorator.py
[2023-12-18T14:52:06.911+0000] {processor.py:839} INFO - DAG(s) dict_keys(['example_sensor_decorator']) retrieved from /home/airflow/.local/lib/python3.8/site-packages/airflow/example_dags/example_sensor_decorator.py
[2023-12-18T14:52:06.952+0000] {logging_mixin.py:154} INFO - [2023-12-18T14:52:06.952+0000] {dag.py:2941} INFO - Sync 1 DAGs
[2023-12-18T14:52:06.965+0000] {logging_mixin.py:154} INFO - [2023-12-18T14:52:06.965+0000] {dag.py:3722} INFO - Setting next_dagrun for example_sensor_decorator to None, run_after=None
[2023-12-18T14:52:06.996+0000] {processor.py:179} INFO - Processing /home/airflow/.local/lib/python3.8/site-packages/airflow/example_dags/example_sensor_decorator.py took 0.101 seconds
[2023-12-18T14:52:37.712+0000] {processor.py:157} INFO - Started process (PID=122) to work on /home/airflow/.local/lib/python3.8/site-packages/airflow/example_dags/example_sensor_decorator.py
[2023-12-18T14:52:37.713+0000] {processor.py:829} INFO - Processing file /home/airflow/.local/lib/python3.8/site-packages/airflow/example_dags/example_sensor_decorator.py for tasks to queue
[2023-12-18T14:52:37.715+0000] {logging_mixin.py:154} INFO - [2023-12-18T14:52:37.715+0000] {dagbag.py:536} INFO - Filling up the DagBag from /home/airflow/.local/lib/python3.8/site-packages/airflow/example_dags/example_sensor_decorator.py
[2023-12-18T14:52:37.721+0000] {processor.py:839} INFO - DAG(s) dict_keys(['example_sensor_decorator']) retrieved from /home/airflow/.local/lib/python3.8/site-packages/airflow/example_dags/example_sensor_decorator.py
[2023-12-18T14:52:37.737+0000] {logging_mixin.py:154} INFO - [2023-12-18T14:52:37.737+0000] {dag.py:2941} INFO - Sync 1 DAGs
[2023-12-18T14:52:37.750+0000] {logging_mixin.py:154} INFO - [2023-12-18T14:52:37.750+0000] {dag.py:3722} INFO - Setting next_dagrun for example_sensor_decorator to None, run_after=None
[2023-12-18T14:52:37.786+0000] {processor.py:179} INFO - Processing /home/airflow/.local/lib/python3.8/site-packages/airflow/example_dags/example_sensor_decorator.py took 0.077 seconds
[2023-12-18T14:53:08.239+0000] {processor.py:157} INFO - Started process (PID=192) to work on /home/airflow/.local/lib/python3.8/site-packages/airflow/example_dags/example_sensor_decorator.py
[2023-12-18T14:53:08.240+0000] {processor.py:829} INFO - Processing file /home/airflow/.local/lib/python3.8/site-packages/airflow/example_dags/example_sensor_decorator.py for tasks to queue
[2023-12-18T14:53:08.241+0000] {logging_mixin.py:154} INFO - [2023-12-18T14:53:08.241+0000] {dagbag.py:536} INFO - Filling up the DagBag from /home/airflow/.local/lib/python3.8/site-packages/airflow/example_dags/example_sensor_decorator.py
[2023-12-18T14:53:08.245+0000] {processor.py:839} INFO - DAG(s) dict_keys(['example_sensor_decorator']) retrieved from /home/airflow/.local/lib/python3.8/site-packages/airflow/example_dags/example_sensor_decorator.py
[2023-12-18T14:53:08.261+0000] {logging_mixin.py:154} INFO - [2023-12-18T14:53:08.260+0000] {dag.py:2941} INFO - Sync 1 DAGs
[2023-12-18T14:53:08.270+0000] {logging_mixin.py:154} INFO - [2023-12-18T14:53:08.270+0000] {dag.py:3722} INFO - Setting next_dagrun for example_sensor_decorator to None, run_after=None
[2023-12-18T14:53:08.291+0000] {processor.py:179} INFO - Processing /home/airflow/.local/lib/python3.8/site-packages/airflow/example_dags/example_sensor_decorator.py took 0.053 seconds
[2023-12-18T14:53:39.111+0000] {processor.py:157} INFO - Started process (PID=261) to work on /home/airflow/.local/lib/python3.8/site-packages/airflow/example_dags/example_sensor_decorator.py
[2023-12-18T14:53:39.112+0000] {processor.py:829} INFO - Processing file /home/airflow/.local/lib/python3.8/site-packages/airflow/example_dags/example_sensor_decorator.py for tasks to queue
[2023-12-18T14:53:39.113+0000] {logging_mixin.py:154} INFO - [2023-12-18T14:53:39.112+0000] {dagbag.py:536} INFO - Filling up the DagBag from /home/airflow/.local/lib/python3.8/site-packages/airflow/example_dags/example_sensor_decorator.py
[2023-12-18T14:53:39.116+0000] {processor.py:839} INFO - DAG(s) dict_keys(['example_sensor_decorator']) retrieved from /home/airflow/.local/lib/python3.8/site-packages/airflow/example_dags/example_sensor_decorator.py
[2023-12-18T14:53:39.129+0000] {logging_mixin.py:154} INFO - [2023-12-18T14:53:39.129+0000] {dag.py:2941} INFO - Sync 1 DAGs
[2023-12-18T14:53:39.137+0000] {logging_mixin.py:154} INFO - [2023-12-18T14:53:39.137+0000] {dag.py:3722} INFO - Setting next_dagrun for example_sensor_decorator to None, run_after=None
[2023-12-18T14:53:39.148+0000] {processor.py:179} INFO - Processing /home/airflow/.local/lib/python3.8/site-packages/airflow/example_dags/example_sensor_decorator.py took 0.039 seconds
