[2023-12-18T14:25:39.822+0000] {processor.py:157} INFO - Started process (PID=55) to work on /home/airflow/.local/lib/python3.8/site-packages/airflow/example_dags/example_latest_only_with_trigger.py
[2023-12-18T14:25:39.823+0000] {processor.py:829} INFO - Processing file /home/airflow/.local/lib/python3.8/site-packages/airflow/example_dags/example_latest_only_with_trigger.py for tasks to queue
[2023-12-18T14:25:39.826+0000] {logging_mixin.py:154} INFO - [2023-12-18T14:25:39.826+0000] {dagbag.py:536} INFO - Filling up the DagBag from /home/airflow/.local/lib/python3.8/site-packages/airflow/example_dags/example_latest_only_with_trigger.py
[2023-12-18T14:25:39.840+0000] {processor.py:839} INFO - DAG(s) dict_keys(['latest_only_with_trigger']) retrieved from /home/airflow/.local/lib/python3.8/site-packages/airflow/example_dags/example_latest_only_with_trigger.py
[2023-12-18T14:25:39.852+0000] {logging_mixin.py:154} INFO - [2023-12-18T14:25:39.851+0000] {dag.py:2941} INFO - Sync 1 DAGs
[2023-12-18T14:25:39.872+0000] {logging_mixin.py:154} INFO - [2023-12-18T14:25:39.872+0000] {dag.py:3722} INFO - Setting next_dagrun for latest_only_with_trigger to 2023-12-18T10:25:39.872189+00:00, run_after=2023-12-18T14:25:39.872189+00:00
[2023-12-18T14:25:39.894+0000] {processor.py:179} INFO - Processing /home/airflow/.local/lib/python3.8/site-packages/airflow/example_dags/example_latest_only_with_trigger.py took 0.075 seconds
[2023-12-18T14:26:10.009+0000] {processor.py:157} INFO - Started process (PID=124) to work on /home/airflow/.local/lib/python3.8/site-packages/airflow/example_dags/example_latest_only_with_trigger.py
[2023-12-18T14:26:10.010+0000] {processor.py:829} INFO - Processing file /home/airflow/.local/lib/python3.8/site-packages/airflow/example_dags/example_latest_only_with_trigger.py for tasks to queue
[2023-12-18T14:26:10.011+0000] {logging_mixin.py:154} INFO - [2023-12-18T14:26:10.011+0000] {dagbag.py:536} INFO - Filling up the DagBag from /home/airflow/.local/lib/python3.8/site-packages/airflow/example_dags/example_latest_only_with_trigger.py
[2023-12-18T14:26:10.017+0000] {processor.py:839} INFO - DAG(s) dict_keys(['latest_only_with_trigger']) retrieved from /home/airflow/.local/lib/python3.8/site-packages/airflow/example_dags/example_latest_only_with_trigger.py
[2023-12-18T14:26:10.037+0000] {logging_mixin.py:154} INFO - [2023-12-18T14:26:10.037+0000] {dag.py:2941} INFO - Sync 1 DAGs
[2023-12-18T14:26:10.059+0000] {logging_mixin.py:154} INFO - [2023-12-18T14:26:10.059+0000] {dag.py:3722} INFO - Setting next_dagrun for latest_only_with_trigger to 2023-12-18T10:26:10.059391+00:00, run_after=2023-12-18T14:26:10.059391+00:00
[2023-12-18T14:26:10.086+0000] {processor.py:179} INFO - Processing /home/airflow/.local/lib/python3.8/site-packages/airflow/example_dags/example_latest_only_with_trigger.py took 0.080 seconds
[2023-12-18T14:26:40.266+0000] {processor.py:157} INFO - Started process (PID=194) to work on /home/airflow/.local/lib/python3.8/site-packages/airflow/example_dags/example_latest_only_with_trigger.py
[2023-12-18T14:26:40.267+0000] {processor.py:829} INFO - Processing file /home/airflow/.local/lib/python3.8/site-packages/airflow/example_dags/example_latest_only_with_trigger.py for tasks to queue
[2023-12-18T14:26:40.268+0000] {logging_mixin.py:154} INFO - [2023-12-18T14:26:40.268+0000] {dagbag.py:536} INFO - Filling up the DagBag from /home/airflow/.local/lib/python3.8/site-packages/airflow/example_dags/example_latest_only_with_trigger.py
[2023-12-18T14:26:40.271+0000] {processor.py:839} INFO - DAG(s) dict_keys(['latest_only_with_trigger']) retrieved from /home/airflow/.local/lib/python3.8/site-packages/airflow/example_dags/example_latest_only_with_trigger.py
[2023-12-18T14:26:40.285+0000] {logging_mixin.py:154} INFO - [2023-12-18T14:26:40.285+0000] {dag.py:2941} INFO - Sync 1 DAGs
[2023-12-18T14:26:40.297+0000] {logging_mixin.py:154} INFO - [2023-12-18T14:26:40.297+0000] {dag.py:3722} INFO - Setting next_dagrun for latest_only_with_trigger to 2023-12-18T10:26:40.297367+00:00, run_after=2023-12-18T14:26:40.297367+00:00
[2023-12-18T14:26:40.307+0000] {processor.py:179} INFO - Processing /home/airflow/.local/lib/python3.8/site-packages/airflow/example_dags/example_latest_only_with_trigger.py took 0.043 seconds
[2023-12-18T14:27:11.154+0000] {processor.py:157} INFO - Started process (PID=263) to work on /home/airflow/.local/lib/python3.8/site-packages/airflow/example_dags/example_latest_only_with_trigger.py
[2023-12-18T14:27:11.154+0000] {processor.py:829} INFO - Processing file /home/airflow/.local/lib/python3.8/site-packages/airflow/example_dags/example_latest_only_with_trigger.py for tasks to queue
[2023-12-18T14:27:11.155+0000] {logging_mixin.py:154} INFO - [2023-12-18T14:27:11.155+0000] {dagbag.py:536} INFO - Filling up the DagBag from /home/airflow/.local/lib/python3.8/site-packages/airflow/example_dags/example_latest_only_with_trigger.py
[2023-12-18T14:27:11.159+0000] {processor.py:839} INFO - DAG(s) dict_keys(['latest_only_with_trigger']) retrieved from /home/airflow/.local/lib/python3.8/site-packages/airflow/example_dags/example_latest_only_with_trigger.py
[2023-12-18T14:27:11.190+0000] {logging_mixin.py:154} INFO - [2023-12-18T14:27:11.189+0000] {dag.py:2941} INFO - Sync 1 DAGs
[2023-12-18T14:27:11.205+0000] {logging_mixin.py:154} INFO - [2023-12-18T14:27:11.205+0000] {dag.py:3722} INFO - Setting next_dagrun for latest_only_with_trigger to 2023-12-18T10:27:11.205062+00:00, run_after=2023-12-18T14:27:11.205062+00:00
[2023-12-18T14:27:11.216+0000] {processor.py:179} INFO - Processing /home/airflow/.local/lib/python3.8/site-packages/airflow/example_dags/example_latest_only_with_trigger.py took 0.064 seconds
[2023-12-18T14:27:42.001+0000] {processor.py:157} INFO - Started process (PID=332) to work on /home/airflow/.local/lib/python3.8/site-packages/airflow/example_dags/example_latest_only_with_trigger.py
[2023-12-18T14:27:42.002+0000] {processor.py:829} INFO - Processing file /home/airflow/.local/lib/python3.8/site-packages/airflow/example_dags/example_latest_only_with_trigger.py for tasks to queue
[2023-12-18T14:27:42.003+0000] {logging_mixin.py:154} INFO - [2023-12-18T14:27:42.003+0000] {dagbag.py:536} INFO - Filling up the DagBag from /home/airflow/.local/lib/python3.8/site-packages/airflow/example_dags/example_latest_only_with_trigger.py
[2023-12-18T14:27:42.006+0000] {processor.py:839} INFO - DAG(s) dict_keys(['latest_only_with_trigger']) retrieved from /home/airflow/.local/lib/python3.8/site-packages/airflow/example_dags/example_latest_only_with_trigger.py
[2023-12-18T14:27:42.019+0000] {logging_mixin.py:154} INFO - [2023-12-18T14:27:42.019+0000] {dag.py:2941} INFO - Sync 1 DAGs
[2023-12-18T14:27:42.033+0000] {logging_mixin.py:154} INFO - [2023-12-18T14:27:42.033+0000] {dag.py:3722} INFO - Setting next_dagrun for latest_only_with_trigger to 2023-12-18T10:27:42.033250+00:00, run_after=2023-12-18T14:27:42.033250+00:00
[2023-12-18T14:27:42.044+0000] {processor.py:179} INFO - Processing /home/airflow/.local/lib/python3.8/site-packages/airflow/example_dags/example_latest_only_with_trigger.py took 0.045 seconds
[2023-12-18T14:28:12.160+0000] {processor.py:157} INFO - Started process (PID=400) to work on /home/airflow/.local/lib/python3.8/site-packages/airflow/example_dags/example_latest_only_with_trigger.py
[2023-12-18T14:28:12.161+0000] {processor.py:829} INFO - Processing file /home/airflow/.local/lib/python3.8/site-packages/airflow/example_dags/example_latest_only_with_trigger.py for tasks to queue
[2023-12-18T14:28:12.162+0000] {logging_mixin.py:154} INFO - [2023-12-18T14:28:12.162+0000] {dagbag.py:536} INFO - Filling up the DagBag from /home/airflow/.local/lib/python3.8/site-packages/airflow/example_dags/example_latest_only_with_trigger.py
[2023-12-18T14:28:12.182+0000] {processor.py:839} INFO - DAG(s) dict_keys(['latest_only_with_trigger']) retrieved from /home/airflow/.local/lib/python3.8/site-packages/airflow/example_dags/example_latest_only_with_trigger.py
[2023-12-18T14:28:12.197+0000] {logging_mixin.py:154} INFO - [2023-12-18T14:28:12.197+0000] {dag.py:2941} INFO - Sync 1 DAGs
[2023-12-18T14:28:12.210+0000] {logging_mixin.py:154} INFO - [2023-12-18T14:28:12.210+0000] {dag.py:3722} INFO - Setting next_dagrun for latest_only_with_trigger to 2023-12-18T10:28:12.210118+00:00, run_after=2023-12-18T14:28:12.210118+00:00
[2023-12-18T14:28:12.222+0000] {processor.py:179} INFO - Processing /home/airflow/.local/lib/python3.8/site-packages/airflow/example_dags/example_latest_only_with_trigger.py took 0.063 seconds
[2023-12-18T14:28:42.958+0000] {processor.py:157} INFO - Started process (PID=469) to work on /home/airflow/.local/lib/python3.8/site-packages/airflow/example_dags/example_latest_only_with_trigger.py
[2023-12-18T14:28:42.959+0000] {processor.py:829} INFO - Processing file /home/airflow/.local/lib/python3.8/site-packages/airflow/example_dags/example_latest_only_with_trigger.py for tasks to queue
[2023-12-18T14:28:42.960+0000] {logging_mixin.py:154} INFO - [2023-12-18T14:28:42.960+0000] {dagbag.py:536} INFO - Filling up the DagBag from /home/airflow/.local/lib/python3.8/site-packages/airflow/example_dags/example_latest_only_with_trigger.py
[2023-12-18T14:28:42.963+0000] {processor.py:839} INFO - DAG(s) dict_keys(['latest_only_with_trigger']) retrieved from /home/airflow/.local/lib/python3.8/site-packages/airflow/example_dags/example_latest_only_with_trigger.py
[2023-12-18T14:28:42.992+0000] {logging_mixin.py:154} INFO - [2023-12-18T14:28:42.992+0000] {dag.py:2941} INFO - Sync 1 DAGs
[2023-12-18T14:28:43.006+0000] {logging_mixin.py:154} INFO - [2023-12-18T14:28:43.006+0000] {dag.py:3722} INFO - Setting next_dagrun for latest_only_with_trigger to 2023-12-18T10:28:43.006268+00:00, run_after=2023-12-18T14:28:43.006268+00:00
[2023-12-18T14:28:43.018+0000] {processor.py:179} INFO - Processing /home/airflow/.local/lib/python3.8/site-packages/airflow/example_dags/example_latest_only_with_trigger.py took 0.062 seconds
[2023-12-18T14:29:13.867+0000] {processor.py:157} INFO - Started process (PID=538) to work on /home/airflow/.local/lib/python3.8/site-packages/airflow/example_dags/example_latest_only_with_trigger.py
[2023-12-18T14:29:13.881+0000] {processor.py:829} INFO - Processing file /home/airflow/.local/lib/python3.8/site-packages/airflow/example_dags/example_latest_only_with_trigger.py for tasks to queue
[2023-12-18T14:29:13.883+0000] {logging_mixin.py:154} INFO - [2023-12-18T14:29:13.882+0000] {dagbag.py:536} INFO - Filling up the DagBag from /home/airflow/.local/lib/python3.8/site-packages/airflow/example_dags/example_latest_only_with_trigger.py
[2023-12-18T14:29:13.886+0000] {processor.py:839} INFO - DAG(s) dict_keys(['latest_only_with_trigger']) retrieved from /home/airflow/.local/lib/python3.8/site-packages/airflow/example_dags/example_latest_only_with_trigger.py
[2023-12-18T14:29:13.900+0000] {logging_mixin.py:154} INFO - [2023-12-18T14:29:13.900+0000] {dag.py:2941} INFO - Sync 1 DAGs
[2023-12-18T14:29:13.919+0000] {logging_mixin.py:154} INFO - [2023-12-18T14:29:13.919+0000] {dag.py:3722} INFO - Setting next_dagrun for latest_only_with_trigger to 2023-12-18T10:29:13.919281+00:00, run_after=2023-12-18T14:29:13.919281+00:00
[2023-12-18T14:29:13.933+0000] {processor.py:179} INFO - Processing /home/airflow/.local/lib/python3.8/site-packages/airflow/example_dags/example_latest_only_with_trigger.py took 0.068 seconds
[2023-12-18T14:29:43.962+0000] {processor.py:157} INFO - Started process (PID=607) to work on /home/airflow/.local/lib/python3.8/site-packages/airflow/example_dags/example_latest_only_with_trigger.py
[2023-12-18T14:29:43.963+0000] {processor.py:829} INFO - Processing file /home/airflow/.local/lib/python3.8/site-packages/airflow/example_dags/example_latest_only_with_trigger.py for tasks to queue
[2023-12-18T14:29:43.964+0000] {logging_mixin.py:154} INFO - [2023-12-18T14:29:43.964+0000] {dagbag.py:536} INFO - Filling up the DagBag from /home/airflow/.local/lib/python3.8/site-packages/airflow/example_dags/example_latest_only_with_trigger.py
[2023-12-18T14:29:43.985+0000] {processor.py:839} INFO - DAG(s) dict_keys(['latest_only_with_trigger']) retrieved from /home/airflow/.local/lib/python3.8/site-packages/airflow/example_dags/example_latest_only_with_trigger.py
[2023-12-18T14:29:43.998+0000] {logging_mixin.py:154} INFO - [2023-12-18T14:29:43.998+0000] {dag.py:2941} INFO - Sync 1 DAGs
[2023-12-18T14:29:44.011+0000] {logging_mixin.py:154} INFO - [2023-12-18T14:29:44.011+0000] {dag.py:3722} INFO - Setting next_dagrun for latest_only_with_trigger to 2023-12-18T10:29:44.011351+00:00, run_after=2023-12-18T14:29:44.011351+00:00
[2023-12-18T14:29:44.022+0000] {processor.py:179} INFO - Processing /home/airflow/.local/lib/python3.8/site-packages/airflow/example_dags/example_latest_only_with_trigger.py took 0.061 seconds
[2023-12-18T14:30:14.140+0000] {processor.py:157} INFO - Started process (PID=677) to work on /home/airflow/.local/lib/python3.8/site-packages/airflow/example_dags/example_latest_only_with_trigger.py
[2023-12-18T14:30:14.141+0000] {processor.py:829} INFO - Processing file /home/airflow/.local/lib/python3.8/site-packages/airflow/example_dags/example_latest_only_with_trigger.py for tasks to queue
[2023-12-18T14:30:14.142+0000] {logging_mixin.py:154} INFO - [2023-12-18T14:30:14.142+0000] {dagbag.py:536} INFO - Filling up the DagBag from /home/airflow/.local/lib/python3.8/site-packages/airflow/example_dags/example_latest_only_with_trigger.py
[2023-12-18T14:30:14.145+0000] {processor.py:839} INFO - DAG(s) dict_keys(['latest_only_with_trigger']) retrieved from /home/airflow/.local/lib/python3.8/site-packages/airflow/example_dags/example_latest_only_with_trigger.py
[2023-12-18T14:30:14.158+0000] {logging_mixin.py:154} INFO - [2023-12-18T14:30:14.158+0000] {dag.py:2941} INFO - Sync 1 DAGs
[2023-12-18T14:30:14.184+0000] {logging_mixin.py:154} INFO - [2023-12-18T14:30:14.184+0000] {dag.py:3722} INFO - Setting next_dagrun for latest_only_with_trigger to 2023-12-18T10:30:14.184081+00:00, run_after=2023-12-18T14:30:14.184081+00:00
[2023-12-18T14:30:14.195+0000] {processor.py:179} INFO - Processing /home/airflow/.local/lib/python3.8/site-packages/airflow/example_dags/example_latest_only_with_trigger.py took 0.057 seconds
[2023-12-18T14:30:44.248+0000] {processor.py:157} INFO - Started process (PID=746) to work on /home/airflow/.local/lib/python3.8/site-packages/airflow/example_dags/example_latest_only_with_trigger.py
[2023-12-18T14:30:44.248+0000] {processor.py:829} INFO - Processing file /home/airflow/.local/lib/python3.8/site-packages/airflow/example_dags/example_latest_only_with_trigger.py for tasks to queue
[2023-12-18T14:30:44.250+0000] {logging_mixin.py:154} INFO - [2023-12-18T14:30:44.249+0000] {dagbag.py:536} INFO - Filling up the DagBag from /home/airflow/.local/lib/python3.8/site-packages/airflow/example_dags/example_latest_only_with_trigger.py
[2023-12-18T14:30:44.253+0000] {processor.py:839} INFO - DAG(s) dict_keys(['latest_only_with_trigger']) retrieved from /home/airflow/.local/lib/python3.8/site-packages/airflow/example_dags/example_latest_only_with_trigger.py
[2023-12-18T14:30:44.282+0000] {logging_mixin.py:154} INFO - [2023-12-18T14:30:44.281+0000] {dag.py:2941} INFO - Sync 1 DAGs
[2023-12-18T14:30:44.297+0000] {logging_mixin.py:154} INFO - [2023-12-18T14:30:44.297+0000] {dag.py:3722} INFO - Setting next_dagrun for latest_only_with_trigger to 2023-12-18T10:30:44.296887+00:00, run_after=2023-12-18T14:30:44.296887+00:00
[2023-12-18T14:30:44.307+0000] {processor.py:179} INFO - Processing /home/airflow/.local/lib/python3.8/site-packages/airflow/example_dags/example_latest_only_with_trigger.py took 0.061 seconds
[2023-12-18T14:31:14.487+0000] {processor.py:157} INFO - Started process (PID=816) to work on /home/airflow/.local/lib/python3.8/site-packages/airflow/example_dags/example_latest_only_with_trigger.py
[2023-12-18T14:31:14.488+0000] {processor.py:829} INFO - Processing file /home/airflow/.local/lib/python3.8/site-packages/airflow/example_dags/example_latest_only_with_trigger.py for tasks to queue
[2023-12-18T14:31:14.489+0000] {logging_mixin.py:154} INFO - [2023-12-18T14:31:14.488+0000] {dagbag.py:536} INFO - Filling up the DagBag from /home/airflow/.local/lib/python3.8/site-packages/airflow/example_dags/example_latest_only_with_trigger.py
[2023-12-18T14:31:14.492+0000] {processor.py:839} INFO - DAG(s) dict_keys(['latest_only_with_trigger']) retrieved from /home/airflow/.local/lib/python3.8/site-packages/airflow/example_dags/example_latest_only_with_trigger.py
[2023-12-18T14:31:14.504+0000] {logging_mixin.py:154} INFO - [2023-12-18T14:31:14.503+0000] {dag.py:2941} INFO - Sync 1 DAGs
[2023-12-18T14:31:14.515+0000] {logging_mixin.py:154} INFO - [2023-12-18T14:31:14.515+0000] {dag.py:3722} INFO - Setting next_dagrun for latest_only_with_trigger to 2023-12-18T10:31:14.515357+00:00, run_after=2023-12-18T14:31:14.515357+00:00
[2023-12-18T14:31:14.525+0000] {processor.py:179} INFO - Processing /home/airflow/.local/lib/python3.8/site-packages/airflow/example_dags/example_latest_only_with_trigger.py took 0.039 seconds
[2023-12-18T14:31:45.254+0000] {processor.py:157} INFO - Started process (PID=885) to work on /home/airflow/.local/lib/python3.8/site-packages/airflow/example_dags/example_latest_only_with_trigger.py
[2023-12-18T14:31:45.254+0000] {processor.py:829} INFO - Processing file /home/airflow/.local/lib/python3.8/site-packages/airflow/example_dags/example_latest_only_with_trigger.py for tasks to queue
[2023-12-18T14:31:45.256+0000] {logging_mixin.py:154} INFO - [2023-12-18T14:31:45.255+0000] {dagbag.py:536} INFO - Filling up the DagBag from /home/airflow/.local/lib/python3.8/site-packages/airflow/example_dags/example_latest_only_with_trigger.py
[2023-12-18T14:31:45.259+0000] {processor.py:839} INFO - DAG(s) dict_keys(['latest_only_with_trigger']) retrieved from /home/airflow/.local/lib/python3.8/site-packages/airflow/example_dags/example_latest_only_with_trigger.py
[2023-12-18T14:31:45.289+0000] {logging_mixin.py:154} INFO - [2023-12-18T14:31:45.289+0000] {dag.py:2941} INFO - Sync 1 DAGs
[2023-12-18T14:31:45.304+0000] {logging_mixin.py:154} INFO - [2023-12-18T14:31:45.304+0000] {dag.py:3722} INFO - Setting next_dagrun for latest_only_with_trigger to 2023-12-18T10:31:45.303782+00:00, run_after=2023-12-18T14:31:45.303782+00:00
[2023-12-18T14:31:45.314+0000] {processor.py:179} INFO - Processing /home/airflow/.local/lib/python3.8/site-packages/airflow/example_dags/example_latest_only_with_trigger.py took 0.062 seconds
[2023-12-18T14:32:15.400+0000] {processor.py:157} INFO - Started process (PID=953) to work on /home/airflow/.local/lib/python3.8/site-packages/airflow/example_dags/example_latest_only_with_trigger.py
[2023-12-18T14:32:15.401+0000] {processor.py:829} INFO - Processing file /home/airflow/.local/lib/python3.8/site-packages/airflow/example_dags/example_latest_only_with_trigger.py for tasks to queue
[2023-12-18T14:32:15.402+0000] {logging_mixin.py:154} INFO - [2023-12-18T14:32:15.402+0000] {dagbag.py:536} INFO - Filling up the DagBag from /home/airflow/.local/lib/python3.8/site-packages/airflow/example_dags/example_latest_only_with_trigger.py
[2023-12-18T14:32:15.405+0000] {processor.py:839} INFO - DAG(s) dict_keys(['latest_only_with_trigger']) retrieved from /home/airflow/.local/lib/python3.8/site-packages/airflow/example_dags/example_latest_only_with_trigger.py
[2023-12-18T14:32:15.417+0000] {logging_mixin.py:154} INFO - [2023-12-18T14:32:15.417+0000] {dag.py:2941} INFO - Sync 1 DAGs
[2023-12-18T14:32:15.431+0000] {logging_mixin.py:154} INFO - [2023-12-18T14:32:15.431+0000] {dag.py:3722} INFO - Setting next_dagrun for latest_only_with_trigger to 2023-12-18T10:32:15.430865+00:00, run_after=2023-12-18T14:32:15.430865+00:00
[2023-12-18T14:32:15.442+0000] {processor.py:179} INFO - Processing /home/airflow/.local/lib/python3.8/site-packages/airflow/example_dags/example_latest_only_with_trigger.py took 0.044 seconds
[2023-12-18T14:32:46.383+0000] {processor.py:157} INFO - Started process (PID=1021) to work on /home/airflow/.local/lib/python3.8/site-packages/airflow/example_dags/example_latest_only_with_trigger.py
[2023-12-18T14:32:46.386+0000] {processor.py:829} INFO - Processing file /home/airflow/.local/lib/python3.8/site-packages/airflow/example_dags/example_latest_only_with_trigger.py for tasks to queue
[2023-12-18T14:32:46.388+0000] {logging_mixin.py:154} INFO - [2023-12-18T14:32:46.388+0000] {dagbag.py:536} INFO - Filling up the DagBag from /home/airflow/.local/lib/python3.8/site-packages/airflow/example_dags/example_latest_only_with_trigger.py
[2023-12-18T14:32:46.392+0000] {processor.py:839} INFO - DAG(s) dict_keys(['latest_only_with_trigger']) retrieved from /home/airflow/.local/lib/python3.8/site-packages/airflow/example_dags/example_latest_only_with_trigger.py
[2023-12-18T14:32:46.405+0000] {logging_mixin.py:154} INFO - [2023-12-18T14:32:46.405+0000] {dag.py:2941} INFO - Sync 1 DAGs
[2023-12-18T14:32:46.418+0000] {logging_mixin.py:154} INFO - [2023-12-18T14:32:46.418+0000] {dag.py:3722} INFO - Setting next_dagrun for latest_only_with_trigger to 2023-12-18T10:32:46.418244+00:00, run_after=2023-12-18T14:32:46.418244+00:00
[2023-12-18T14:32:46.429+0000] {processor.py:179} INFO - Processing /home/airflow/.local/lib/python3.8/site-packages/airflow/example_dags/example_latest_only_with_trigger.py took 0.061 seconds
[2023-12-18T14:33:17.124+0000] {processor.py:157} INFO - Started process (PID=1090) to work on /home/airflow/.local/lib/python3.8/site-packages/airflow/example_dags/example_latest_only_with_trigger.py
[2023-12-18T14:33:17.124+0000] {processor.py:829} INFO - Processing file /home/airflow/.local/lib/python3.8/site-packages/airflow/example_dags/example_latest_only_with_trigger.py for tasks to queue
[2023-12-18T14:33:17.126+0000] {logging_mixin.py:154} INFO - [2023-12-18T14:33:17.125+0000] {dagbag.py:536} INFO - Filling up the DagBag from /home/airflow/.local/lib/python3.8/site-packages/airflow/example_dags/example_latest_only_with_trigger.py
[2023-12-18T14:33:17.129+0000] {processor.py:839} INFO - DAG(s) dict_keys(['latest_only_with_trigger']) retrieved from /home/airflow/.local/lib/python3.8/site-packages/airflow/example_dags/example_latest_only_with_trigger.py
[2023-12-18T14:33:17.141+0000] {logging_mixin.py:154} INFO - [2023-12-18T14:33:17.141+0000] {dag.py:2941} INFO - Sync 1 DAGs
[2023-12-18T14:33:17.155+0000] {logging_mixin.py:154} INFO - [2023-12-18T14:33:17.155+0000] {dag.py:3722} INFO - Setting next_dagrun for latest_only_with_trigger to 2023-12-18T10:33:17.154967+00:00, run_after=2023-12-18T14:33:17.154967+00:00
[2023-12-18T14:33:17.165+0000] {processor.py:179} INFO - Processing /home/airflow/.local/lib/python3.8/site-packages/airflow/example_dags/example_latest_only_with_trigger.py took 0.043 seconds
[2023-12-18T14:33:47.992+0000] {processor.py:157} INFO - Started process (PID=1166) to work on /home/airflow/.local/lib/python3.8/site-packages/airflow/example_dags/example_latest_only_with_trigger.py
[2023-12-18T14:33:47.992+0000] {processor.py:829} INFO - Processing file /home/airflow/.local/lib/python3.8/site-packages/airflow/example_dags/example_latest_only_with_trigger.py for tasks to queue
[2023-12-18T14:33:47.993+0000] {logging_mixin.py:154} INFO - [2023-12-18T14:33:47.993+0000] {dagbag.py:536} INFO - Filling up the DagBag from /home/airflow/.local/lib/python3.8/site-packages/airflow/example_dags/example_latest_only_with_trigger.py
[2023-12-18T14:33:47.998+0000] {processor.py:839} INFO - DAG(s) dict_keys(['latest_only_with_trigger']) retrieved from /home/airflow/.local/lib/python3.8/site-packages/airflow/example_dags/example_latest_only_with_trigger.py
[2023-12-18T14:33:48.015+0000] {logging_mixin.py:154} INFO - [2023-12-18T14:33:48.015+0000] {dag.py:2941} INFO - Sync 1 DAGs
[2023-12-18T14:33:48.035+0000] {logging_mixin.py:154} INFO - [2023-12-18T14:33:48.035+0000] {dag.py:3722} INFO - Setting next_dagrun for latest_only_with_trigger to 2023-12-18T10:33:48.035051+00:00, run_after=2023-12-18T14:33:48.035051+00:00
[2023-12-18T14:33:48.050+0000] {processor.py:179} INFO - Processing /home/airflow/.local/lib/python3.8/site-packages/airflow/example_dags/example_latest_only_with_trigger.py took 0.060 seconds
[2023-12-18T14:34:18.137+0000] {processor.py:157} INFO - Started process (PID=1234) to work on /home/airflow/.local/lib/python3.8/site-packages/airflow/example_dags/example_latest_only_with_trigger.py
[2023-12-18T14:34:18.138+0000] {processor.py:829} INFO - Processing file /home/airflow/.local/lib/python3.8/site-packages/airflow/example_dags/example_latest_only_with_trigger.py for tasks to queue
[2023-12-18T14:34:18.139+0000] {logging_mixin.py:154} INFO - [2023-12-18T14:34:18.139+0000] {dagbag.py:536} INFO - Filling up the DagBag from /home/airflow/.local/lib/python3.8/site-packages/airflow/example_dags/example_latest_only_with_trigger.py
[2023-12-18T14:34:18.142+0000] {processor.py:839} INFO - DAG(s) dict_keys(['latest_only_with_trigger']) retrieved from /home/airflow/.local/lib/python3.8/site-packages/airflow/example_dags/example_latest_only_with_trigger.py
[2023-12-18T14:34:18.182+0000] {logging_mixin.py:154} INFO - [2023-12-18T14:34:18.182+0000] {dag.py:2941} INFO - Sync 1 DAGs
[2023-12-18T14:34:18.210+0000] {logging_mixin.py:154} INFO - [2023-12-18T14:34:18.210+0000] {dag.py:3722} INFO - Setting next_dagrun for latest_only_with_trigger to 2023-12-18T10:34:18.210464+00:00, run_after=2023-12-18T14:34:18.210464+00:00
[2023-12-18T14:34:18.224+0000] {processor.py:179} INFO - Processing /home/airflow/.local/lib/python3.8/site-packages/airflow/example_dags/example_latest_only_with_trigger.py took 0.088 seconds
[2023-12-18T14:34:49.228+0000] {processor.py:157} INFO - Started process (PID=1305) to work on /home/airflow/.local/lib/python3.8/site-packages/airflow/example_dags/example_latest_only_with_trigger.py
[2023-12-18T14:34:49.229+0000] {processor.py:829} INFO - Processing file /home/airflow/.local/lib/python3.8/site-packages/airflow/example_dags/example_latest_only_with_trigger.py for tasks to queue
[2023-12-18T14:34:49.231+0000] {logging_mixin.py:154} INFO - [2023-12-18T14:34:49.231+0000] {dagbag.py:536} INFO - Filling up the DagBag from /home/airflow/.local/lib/python3.8/site-packages/airflow/example_dags/example_latest_only_with_trigger.py
[2023-12-18T14:34:49.234+0000] {processor.py:839} INFO - DAG(s) dict_keys(['latest_only_with_trigger']) retrieved from /home/airflow/.local/lib/python3.8/site-packages/airflow/example_dags/example_latest_only_with_trigger.py
[2023-12-18T14:34:49.247+0000] {logging_mixin.py:154} INFO - [2023-12-18T14:34:49.247+0000] {dag.py:2941} INFO - Sync 1 DAGs
[2023-12-18T14:34:49.259+0000] {logging_mixin.py:154} INFO - [2023-12-18T14:34:49.259+0000] {dag.py:3722} INFO - Setting next_dagrun for latest_only_with_trigger to 2023-12-18T10:34:49.259340+00:00, run_after=2023-12-18T14:34:49.259340+00:00
[2023-12-18T14:34:49.269+0000] {processor.py:179} INFO - Processing /home/airflow/.local/lib/python3.8/site-packages/airflow/example_dags/example_latest_only_with_trigger.py took 0.045 seconds
[2023-12-18T14:35:19.357+0000] {processor.py:157} INFO - Started process (PID=1374) to work on /home/airflow/.local/lib/python3.8/site-packages/airflow/example_dags/example_latest_only_with_trigger.py
[2023-12-18T14:35:19.358+0000] {processor.py:829} INFO - Processing file /home/airflow/.local/lib/python3.8/site-packages/airflow/example_dags/example_latest_only_with_trigger.py for tasks to queue
[2023-12-18T14:35:19.359+0000] {logging_mixin.py:154} INFO - [2023-12-18T14:35:19.359+0000] {dagbag.py:536} INFO - Filling up the DagBag from /home/airflow/.local/lib/python3.8/site-packages/airflow/example_dags/example_latest_only_with_trigger.py
[2023-12-18T14:35:19.362+0000] {processor.py:839} INFO - DAG(s) dict_keys(['latest_only_with_trigger']) retrieved from /home/airflow/.local/lib/python3.8/site-packages/airflow/example_dags/example_latest_only_with_trigger.py
[2023-12-18T14:35:19.391+0000] {logging_mixin.py:154} INFO - [2023-12-18T14:35:19.391+0000] {dag.py:2941} INFO - Sync 1 DAGs
[2023-12-18T14:35:19.411+0000] {logging_mixin.py:154} INFO - [2023-12-18T14:35:19.411+0000] {dag.py:3722} INFO - Setting next_dagrun for latest_only_with_trigger to 2023-12-18T10:35:19.410402+00:00, run_after=2023-12-18T14:35:19.410402+00:00
[2023-12-18T14:35:19.424+0000] {processor.py:179} INFO - Processing /home/airflow/.local/lib/python3.8/site-packages/airflow/example_dags/example_latest_only_with_trigger.py took 0.069 seconds
[2023-12-18T14:35:49.442+0000] {processor.py:157} INFO - Started process (PID=1442) to work on /home/airflow/.local/lib/python3.8/site-packages/airflow/example_dags/example_latest_only_with_trigger.py
[2023-12-18T14:35:49.443+0000] {processor.py:829} INFO - Processing file /home/airflow/.local/lib/python3.8/site-packages/airflow/example_dags/example_latest_only_with_trigger.py for tasks to queue
[2023-12-18T14:35:49.444+0000] {logging_mixin.py:154} INFO - [2023-12-18T14:35:49.444+0000] {dagbag.py:536} INFO - Filling up the DagBag from /home/airflow/.local/lib/python3.8/site-packages/airflow/example_dags/example_latest_only_with_trigger.py
[2023-12-18T14:35:49.447+0000] {processor.py:839} INFO - DAG(s) dict_keys(['latest_only_with_trigger']) retrieved from /home/airflow/.local/lib/python3.8/site-packages/airflow/example_dags/example_latest_only_with_trigger.py
[2023-12-18T14:35:49.459+0000] {logging_mixin.py:154} INFO - [2023-12-18T14:35:49.458+0000] {dag.py:2941} INFO - Sync 1 DAGs
[2023-12-18T14:35:49.470+0000] {logging_mixin.py:154} INFO - [2023-12-18T14:35:49.470+0000] {dag.py:3722} INFO - Setting next_dagrun for latest_only_with_trigger to 2023-12-18T10:35:49.470644+00:00, run_after=2023-12-18T14:35:49.470644+00:00
[2023-12-18T14:35:49.480+0000] {processor.py:179} INFO - Processing /home/airflow/.local/lib/python3.8/site-packages/airflow/example_dags/example_latest_only_with_trigger.py took 0.040 seconds
[2023-12-18T14:36:19.495+0000] {processor.py:157} INFO - Started process (PID=1504) to work on /home/airflow/.local/lib/python3.8/site-packages/airflow/example_dags/example_latest_only_with_trigger.py
[2023-12-18T14:36:19.496+0000] {processor.py:829} INFO - Processing file /home/airflow/.local/lib/python3.8/site-packages/airflow/example_dags/example_latest_only_with_trigger.py for tasks to queue
[2023-12-18T14:36:19.497+0000] {logging_mixin.py:154} INFO - [2023-12-18T14:36:19.497+0000] {dagbag.py:536} INFO - Filling up the DagBag from /home/airflow/.local/lib/python3.8/site-packages/airflow/example_dags/example_latest_only_with_trigger.py
[2023-12-18T14:36:19.501+0000] {processor.py:839} INFO - DAG(s) dict_keys(['latest_only_with_trigger']) retrieved from /home/airflow/.local/lib/python3.8/site-packages/airflow/example_dags/example_latest_only_with_trigger.py
[2023-12-18T14:36:19.513+0000] {logging_mixin.py:154} INFO - [2023-12-18T14:36:19.513+0000] {dag.py:2941} INFO - Sync 1 DAGs
[2023-12-18T14:36:19.526+0000] {logging_mixin.py:154} INFO - [2023-12-18T14:36:19.526+0000] {dag.py:3722} INFO - Setting next_dagrun for latest_only_with_trigger to 2023-12-18T10:36:19.526121+00:00, run_after=2023-12-18T14:36:19.526121+00:00
[2023-12-18T14:36:19.535+0000] {processor.py:179} INFO - Processing /home/airflow/.local/lib/python3.8/site-packages/airflow/example_dags/example_latest_only_with_trigger.py took 0.042 seconds
[2023-12-18T14:36:49.642+0000] {processor.py:157} INFO - Started process (PID=1573) to work on /home/airflow/.local/lib/python3.8/site-packages/airflow/example_dags/example_latest_only_with_trigger.py
[2023-12-18T14:36:49.643+0000] {processor.py:829} INFO - Processing file /home/airflow/.local/lib/python3.8/site-packages/airflow/example_dags/example_latest_only_with_trigger.py for tasks to queue
[2023-12-18T14:36:49.644+0000] {logging_mixin.py:154} INFO - [2023-12-18T14:36:49.644+0000] {dagbag.py:536} INFO - Filling up the DagBag from /home/airflow/.local/lib/python3.8/site-packages/airflow/example_dags/example_latest_only_with_trigger.py
[2023-12-18T14:36:49.647+0000] {processor.py:839} INFO - DAG(s) dict_keys(['latest_only_with_trigger']) retrieved from /home/airflow/.local/lib/python3.8/site-packages/airflow/example_dags/example_latest_only_with_trigger.py
[2023-12-18T14:36:49.659+0000] {logging_mixin.py:154} INFO - [2023-12-18T14:36:49.659+0000] {dag.py:2941} INFO - Sync 1 DAGs
[2023-12-18T14:36:49.671+0000] {logging_mixin.py:154} INFO - [2023-12-18T14:36:49.671+0000] {dag.py:3722} INFO - Setting next_dagrun for latest_only_with_trigger to 2023-12-18T10:36:49.671703+00:00, run_after=2023-12-18T14:36:49.671703+00:00
[2023-12-18T14:36:49.681+0000] {processor.py:179} INFO - Processing /home/airflow/.local/lib/python3.8/site-packages/airflow/example_dags/example_latest_only_with_trigger.py took 0.040 seconds
[2023-12-18T14:37:19.726+0000] {processor.py:157} INFO - Started process (PID=1642) to work on /home/airflow/.local/lib/python3.8/site-packages/airflow/example_dags/example_latest_only_with_trigger.py
[2023-12-18T14:37:19.727+0000] {processor.py:829} INFO - Processing file /home/airflow/.local/lib/python3.8/site-packages/airflow/example_dags/example_latest_only_with_trigger.py for tasks to queue
[2023-12-18T14:37:19.728+0000] {logging_mixin.py:154} INFO - [2023-12-18T14:37:19.728+0000] {dagbag.py:536} INFO - Filling up the DagBag from /home/airflow/.local/lib/python3.8/site-packages/airflow/example_dags/example_latest_only_with_trigger.py
[2023-12-18T14:37:19.731+0000] {processor.py:839} INFO - DAG(s) dict_keys(['latest_only_with_trigger']) retrieved from /home/airflow/.local/lib/python3.8/site-packages/airflow/example_dags/example_latest_only_with_trigger.py
[2023-12-18T14:37:19.744+0000] {logging_mixin.py:154} INFO - [2023-12-18T14:37:19.743+0000] {dag.py:2941} INFO - Sync 1 DAGs
[2023-12-18T14:37:19.757+0000] {logging_mixin.py:154} INFO - [2023-12-18T14:37:19.756+0000] {dag.py:3722} INFO - Setting next_dagrun for latest_only_with_trigger to 2023-12-18T10:37:19.756664+00:00, run_after=2023-12-18T14:37:19.756664+00:00
[2023-12-18T14:37:19.783+0000] {processor.py:179} INFO - Processing /home/airflow/.local/lib/python3.8/site-packages/airflow/example_dags/example_latest_only_with_trigger.py took 0.059 seconds
[2023-12-18T14:37:50.497+0000] {processor.py:157} INFO - Started process (PID=1711) to work on /home/airflow/.local/lib/python3.8/site-packages/airflow/example_dags/example_latest_only_with_trigger.py
[2023-12-18T14:37:50.498+0000] {processor.py:829} INFO - Processing file /home/airflow/.local/lib/python3.8/site-packages/airflow/example_dags/example_latest_only_with_trigger.py for tasks to queue
[2023-12-18T14:37:50.499+0000] {logging_mixin.py:154} INFO - [2023-12-18T14:37:50.499+0000] {dagbag.py:536} INFO - Filling up the DagBag from /home/airflow/.local/lib/python3.8/site-packages/airflow/example_dags/example_latest_only_with_trigger.py
[2023-12-18T14:37:50.502+0000] {processor.py:839} INFO - DAG(s) dict_keys(['latest_only_with_trigger']) retrieved from /home/airflow/.local/lib/python3.8/site-packages/airflow/example_dags/example_latest_only_with_trigger.py
[2023-12-18T14:37:50.515+0000] {logging_mixin.py:154} INFO - [2023-12-18T14:37:50.515+0000] {dag.py:2941} INFO - Sync 1 DAGs
[2023-12-18T14:37:50.530+0000] {logging_mixin.py:154} INFO - [2023-12-18T14:37:50.530+0000] {dag.py:3722} INFO - Setting next_dagrun for latest_only_with_trigger to 2023-12-18T10:37:50.529755+00:00, run_after=2023-12-18T14:37:50.529755+00:00
[2023-12-18T14:37:50.548+0000] {processor.py:179} INFO - Processing /home/airflow/.local/lib/python3.8/site-packages/airflow/example_dags/example_latest_only_with_trigger.py took 0.053 seconds
[2023-12-18T14:38:21.267+0000] {processor.py:157} INFO - Started process (PID=1787) to work on /home/airflow/.local/lib/python3.8/site-packages/airflow/example_dags/example_latest_only_with_trigger.py
[2023-12-18T14:38:21.267+0000] {processor.py:829} INFO - Processing file /home/airflow/.local/lib/python3.8/site-packages/airflow/example_dags/example_latest_only_with_trigger.py for tasks to queue
[2023-12-18T14:38:21.269+0000] {logging_mixin.py:154} INFO - [2023-12-18T14:38:21.268+0000] {dagbag.py:536} INFO - Filling up the DagBag from /home/airflow/.local/lib/python3.8/site-packages/airflow/example_dags/example_latest_only_with_trigger.py
[2023-12-18T14:38:21.272+0000] {processor.py:839} INFO - DAG(s) dict_keys(['latest_only_with_trigger']) retrieved from /home/airflow/.local/lib/python3.8/site-packages/airflow/example_dags/example_latest_only_with_trigger.py
[2023-12-18T14:38:21.284+0000] {logging_mixin.py:154} INFO - [2023-12-18T14:38:21.284+0000] {dag.py:2941} INFO - Sync 1 DAGs
[2023-12-18T14:38:21.297+0000] {logging_mixin.py:154} INFO - [2023-12-18T14:38:21.297+0000] {dag.py:3722} INFO - Setting next_dagrun for latest_only_with_trigger to 2023-12-18T10:38:21.297238+00:00, run_after=2023-12-18T14:38:21.297238+00:00
[2023-12-18T14:38:21.307+0000] {processor.py:179} INFO - Processing /home/airflow/.local/lib/python3.8/site-packages/airflow/example_dags/example_latest_only_with_trigger.py took 0.042 seconds
[2023-12-18T14:38:52.102+0000] {processor.py:157} INFO - Started process (PID=1856) to work on /home/airflow/.local/lib/python3.8/site-packages/airflow/example_dags/example_latest_only_with_trigger.py
[2023-12-18T14:38:52.102+0000] {processor.py:829} INFO - Processing file /home/airflow/.local/lib/python3.8/site-packages/airflow/example_dags/example_latest_only_with_trigger.py for tasks to queue
[2023-12-18T14:38:52.104+0000] {logging_mixin.py:154} INFO - [2023-12-18T14:38:52.104+0000] {dagbag.py:536} INFO - Filling up the DagBag from /home/airflow/.local/lib/python3.8/site-packages/airflow/example_dags/example_latest_only_with_trigger.py
[2023-12-18T14:38:52.108+0000] {processor.py:839} INFO - DAG(s) dict_keys(['latest_only_with_trigger']) retrieved from /home/airflow/.local/lib/python3.8/site-packages/airflow/example_dags/example_latest_only_with_trigger.py
[2023-12-18T14:38:52.124+0000] {logging_mixin.py:154} INFO - [2023-12-18T14:38:52.124+0000] {dag.py:2941} INFO - Sync 1 DAGs
[2023-12-18T14:38:52.139+0000] {logging_mixin.py:154} INFO - [2023-12-18T14:38:52.139+0000] {dag.py:3722} INFO - Setting next_dagrun for latest_only_with_trigger to 2023-12-18T10:38:52.139218+00:00, run_after=2023-12-18T14:38:52.139218+00:00
[2023-12-18T14:38:52.149+0000] {processor.py:179} INFO - Processing /home/airflow/.local/lib/python3.8/site-packages/airflow/example_dags/example_latest_only_with_trigger.py took 0.050 seconds
[2023-12-18T14:39:53.653+0000] {processor.py:157} INFO - Started process (PID=55) to work on /home/airflow/.local/lib/python3.8/site-packages/airflow/example_dags/example_latest_only_with_trigger.py
[2023-12-18T14:39:53.656+0000] {processor.py:829} INFO - Processing file /home/airflow/.local/lib/python3.8/site-packages/airflow/example_dags/example_latest_only_with_trigger.py for tasks to queue
[2023-12-18T14:39:53.658+0000] {logging_mixin.py:154} INFO - [2023-12-18T14:39:53.658+0000] {dagbag.py:536} INFO - Filling up the DagBag from /home/airflow/.local/lib/python3.8/site-packages/airflow/example_dags/example_latest_only_with_trigger.py
[2023-12-18T14:39:53.668+0000] {processor.py:839} INFO - DAG(s) dict_keys(['latest_only_with_trigger']) retrieved from /home/airflow/.local/lib/python3.8/site-packages/airflow/example_dags/example_latest_only_with_trigger.py
[2023-12-18T14:39:53.701+0000] {logging_mixin.py:154} INFO - [2023-12-18T14:39:53.701+0000] {dag.py:2941} INFO - Sync 1 DAGs
[2023-12-18T14:39:53.727+0000] {logging_mixin.py:154} INFO - [2023-12-18T14:39:53.727+0000] {dag.py:3722} INFO - Setting next_dagrun for latest_only_with_trigger to 2023-12-18T10:39:53.727249+00:00, run_after=2023-12-18T14:39:53.727249+00:00
[2023-12-18T14:39:53.760+0000] {processor.py:179} INFO - Processing /home/airflow/.local/lib/python3.8/site-packages/airflow/example_dags/example_latest_only_with_trigger.py took 0.113 seconds
[2023-12-18T14:40:24.005+0000] {processor.py:157} INFO - Started process (PID=124) to work on /home/airflow/.local/lib/python3.8/site-packages/airflow/example_dags/example_latest_only_with_trigger.py
[2023-12-18T14:40:24.006+0000] {processor.py:829} INFO - Processing file /home/airflow/.local/lib/python3.8/site-packages/airflow/example_dags/example_latest_only_with_trigger.py for tasks to queue
[2023-12-18T14:40:24.007+0000] {logging_mixin.py:154} INFO - [2023-12-18T14:40:24.007+0000] {dagbag.py:536} INFO - Filling up the DagBag from /home/airflow/.local/lib/python3.8/site-packages/airflow/example_dags/example_latest_only_with_trigger.py
[2023-12-18T14:40:24.011+0000] {processor.py:839} INFO - DAG(s) dict_keys(['latest_only_with_trigger']) retrieved from /home/airflow/.local/lib/python3.8/site-packages/airflow/example_dags/example_latest_only_with_trigger.py
[2023-12-18T14:40:24.024+0000] {logging_mixin.py:154} INFO - [2023-12-18T14:40:24.024+0000] {dag.py:2941} INFO - Sync 1 DAGs
[2023-12-18T14:40:24.040+0000] {logging_mixin.py:154} INFO - [2023-12-18T14:40:24.040+0000] {dag.py:3722} INFO - Setting next_dagrun for latest_only_with_trigger to 2023-12-18T10:40:24.040157+00:00, run_after=2023-12-18T14:40:24.040157+00:00
[2023-12-18T14:40:24.053+0000] {processor.py:179} INFO - Processing /home/airflow/.local/lib/python3.8/site-packages/airflow/example_dags/example_latest_only_with_trigger.py took 0.050 seconds
[2023-12-18T14:40:54.322+0000] {processor.py:157} INFO - Started process (PID=193) to work on /home/airflow/.local/lib/python3.8/site-packages/airflow/example_dags/example_latest_only_with_trigger.py
[2023-12-18T14:40:54.322+0000] {processor.py:829} INFO - Processing file /home/airflow/.local/lib/python3.8/site-packages/airflow/example_dags/example_latest_only_with_trigger.py for tasks to queue
[2023-12-18T14:40:54.323+0000] {logging_mixin.py:154} INFO - [2023-12-18T14:40:54.323+0000] {dagbag.py:536} INFO - Filling up the DagBag from /home/airflow/.local/lib/python3.8/site-packages/airflow/example_dags/example_latest_only_with_trigger.py
[2023-12-18T14:40:54.326+0000] {processor.py:839} INFO - DAG(s) dict_keys(['latest_only_with_trigger']) retrieved from /home/airflow/.local/lib/python3.8/site-packages/airflow/example_dags/example_latest_only_with_trigger.py
[2023-12-18T14:40:54.339+0000] {logging_mixin.py:154} INFO - [2023-12-18T14:40:54.339+0000] {dag.py:2941} INFO - Sync 1 DAGs
[2023-12-18T14:40:54.352+0000] {logging_mixin.py:154} INFO - [2023-12-18T14:40:54.352+0000] {dag.py:3722} INFO - Setting next_dagrun for latest_only_with_trigger to 2023-12-18T10:40:54.351969+00:00, run_after=2023-12-18T14:40:54.351969+00:00
[2023-12-18T14:40:54.362+0000] {processor.py:179} INFO - Processing /home/airflow/.local/lib/python3.8/site-packages/airflow/example_dags/example_latest_only_with_trigger.py took 0.042 seconds
[2023-12-18T14:41:25.169+0000] {processor.py:157} INFO - Started process (PID=262) to work on /home/airflow/.local/lib/python3.8/site-packages/airflow/example_dags/example_latest_only_with_trigger.py
[2023-12-18T14:41:25.170+0000] {processor.py:829} INFO - Processing file /home/airflow/.local/lib/python3.8/site-packages/airflow/example_dags/example_latest_only_with_trigger.py for tasks to queue
[2023-12-18T14:41:25.171+0000] {logging_mixin.py:154} INFO - [2023-12-18T14:41:25.171+0000] {dagbag.py:536} INFO - Filling up the DagBag from /home/airflow/.local/lib/python3.8/site-packages/airflow/example_dags/example_latest_only_with_trigger.py
[2023-12-18T14:41:25.174+0000] {processor.py:839} INFO - DAG(s) dict_keys(['latest_only_with_trigger']) retrieved from /home/airflow/.local/lib/python3.8/site-packages/airflow/example_dags/example_latest_only_with_trigger.py
[2023-12-18T14:41:25.187+0000] {logging_mixin.py:154} INFO - [2023-12-18T14:41:25.187+0000] {dag.py:2941} INFO - Sync 1 DAGs
[2023-12-18T14:41:25.200+0000] {logging_mixin.py:154} INFO - [2023-12-18T14:41:25.200+0000] {dag.py:3722} INFO - Setting next_dagrun for latest_only_with_trigger to 2023-12-18T10:41:25.200235+00:00, run_after=2023-12-18T14:41:25.200235+00:00
[2023-12-18T14:41:25.210+0000] {processor.py:179} INFO - Processing /home/airflow/.local/lib/python3.8/site-packages/airflow/example_dags/example_latest_only_with_trigger.py took 0.043 seconds
[2023-12-18T14:41:55.922+0000] {processor.py:157} INFO - Started process (PID=332) to work on /home/airflow/.local/lib/python3.8/site-packages/airflow/example_dags/example_latest_only_with_trigger.py
[2023-12-18T14:41:55.923+0000] {processor.py:829} INFO - Processing file /home/airflow/.local/lib/python3.8/site-packages/airflow/example_dags/example_latest_only_with_trigger.py for tasks to queue
[2023-12-18T14:41:55.924+0000] {logging_mixin.py:154} INFO - [2023-12-18T14:41:55.923+0000] {dagbag.py:536} INFO - Filling up the DagBag from /home/airflow/.local/lib/python3.8/site-packages/airflow/example_dags/example_latest_only_with_trigger.py
[2023-12-18T14:41:55.927+0000] {processor.py:839} INFO - DAG(s) dict_keys(['latest_only_with_trigger']) retrieved from /home/airflow/.local/lib/python3.8/site-packages/airflow/example_dags/example_latest_only_with_trigger.py
[2023-12-18T14:41:55.939+0000] {logging_mixin.py:154} INFO - [2023-12-18T14:41:55.939+0000] {dag.py:2941} INFO - Sync 1 DAGs
[2023-12-18T14:41:55.954+0000] {logging_mixin.py:154} INFO - [2023-12-18T14:41:55.954+0000] {dag.py:3722} INFO - Setting next_dagrun for latest_only_with_trigger to 2023-12-18T10:41:55.954016+00:00, run_after=2023-12-18T14:41:55.954016+00:00
[2023-12-18T14:41:55.965+0000] {processor.py:179} INFO - Processing /home/airflow/.local/lib/python3.8/site-packages/airflow/example_dags/example_latest_only_with_trigger.py took 0.045 seconds
[2023-12-18T14:42:26.824+0000] {processor.py:157} INFO - Started process (PID=401) to work on /home/airflow/.local/lib/python3.8/site-packages/airflow/example_dags/example_latest_only_with_trigger.py
[2023-12-18T14:42:26.824+0000] {processor.py:829} INFO - Processing file /home/airflow/.local/lib/python3.8/site-packages/airflow/example_dags/example_latest_only_with_trigger.py for tasks to queue
[2023-12-18T14:42:26.826+0000] {logging_mixin.py:154} INFO - [2023-12-18T14:42:26.826+0000] {dagbag.py:536} INFO - Filling up the DagBag from /home/airflow/.local/lib/python3.8/site-packages/airflow/example_dags/example_latest_only_with_trigger.py
[2023-12-18T14:42:26.829+0000] {processor.py:839} INFO - DAG(s) dict_keys(['latest_only_with_trigger']) retrieved from /home/airflow/.local/lib/python3.8/site-packages/airflow/example_dags/example_latest_only_with_trigger.py
[2023-12-18T14:42:26.842+0000] {logging_mixin.py:154} INFO - [2023-12-18T14:42:26.842+0000] {dag.py:2941} INFO - Sync 1 DAGs
[2023-12-18T14:42:26.856+0000] {logging_mixin.py:154} INFO - [2023-12-18T14:42:26.856+0000] {dag.py:3722} INFO - Setting next_dagrun for latest_only_with_trigger to 2023-12-18T10:42:26.856159+00:00, run_after=2023-12-18T14:42:26.856159+00:00
[2023-12-18T14:42:26.888+0000] {processor.py:179} INFO - Processing /home/airflow/.local/lib/python3.8/site-packages/airflow/example_dags/example_latest_only_with_trigger.py took 0.067 seconds
[2023-12-18T14:42:57.131+0000] {processor.py:157} INFO - Started process (PID=470) to work on /home/airflow/.local/lib/python3.8/site-packages/airflow/example_dags/example_latest_only_with_trigger.py
[2023-12-18T14:42:57.132+0000] {processor.py:829} INFO - Processing file /home/airflow/.local/lib/python3.8/site-packages/airflow/example_dags/example_latest_only_with_trigger.py for tasks to queue
[2023-12-18T14:42:57.133+0000] {logging_mixin.py:154} INFO - [2023-12-18T14:42:57.133+0000] {dagbag.py:536} INFO - Filling up the DagBag from /home/airflow/.local/lib/python3.8/site-packages/airflow/example_dags/example_latest_only_with_trigger.py
[2023-12-18T14:42:57.136+0000] {processor.py:839} INFO - DAG(s) dict_keys(['latest_only_with_trigger']) retrieved from /home/airflow/.local/lib/python3.8/site-packages/airflow/example_dags/example_latest_only_with_trigger.py
[2023-12-18T14:42:57.149+0000] {logging_mixin.py:154} INFO - [2023-12-18T14:42:57.149+0000] {dag.py:2941} INFO - Sync 1 DAGs
[2023-12-18T14:42:57.162+0000] {logging_mixin.py:154} INFO - [2023-12-18T14:42:57.162+0000] {dag.py:3722} INFO - Setting next_dagrun for latest_only_with_trigger to 2023-12-18T10:42:57.162193+00:00, run_after=2023-12-18T14:42:57.162193+00:00
[2023-12-18T14:42:57.172+0000] {processor.py:179} INFO - Processing /home/airflow/.local/lib/python3.8/site-packages/airflow/example_dags/example_latest_only_with_trigger.py took 0.043 seconds
[2023-12-18T14:44:33.948+0000] {processor.py:157} INFO - Started process (PID=53) to work on /home/airflow/.local/lib/python3.8/site-packages/airflow/example_dags/example_latest_only_with_trigger.py
[2023-12-18T14:44:33.950+0000] {processor.py:829} INFO - Processing file /home/airflow/.local/lib/python3.8/site-packages/airflow/example_dags/example_latest_only_with_trigger.py for tasks to queue
[2023-12-18T14:44:33.952+0000] {logging_mixin.py:154} INFO - [2023-12-18T14:44:33.952+0000] {dagbag.py:536} INFO - Filling up the DagBag from /home/airflow/.local/lib/python3.8/site-packages/airflow/example_dags/example_latest_only_with_trigger.py
[2023-12-18T14:44:33.961+0000] {processor.py:839} INFO - DAG(s) dict_keys(['latest_only_with_trigger']) retrieved from /home/airflow/.local/lib/python3.8/site-packages/airflow/example_dags/example_latest_only_with_trigger.py
[2023-12-18T14:44:34.012+0000] {logging_mixin.py:154} INFO - [2023-12-18T14:44:34.012+0000] {dag.py:2941} INFO - Sync 1 DAGs
[2023-12-18T14:44:34.035+0000] {logging_mixin.py:154} INFO - [2023-12-18T14:44:34.035+0000] {dag.py:3722} INFO - Setting next_dagrun for latest_only_with_trigger to 2023-12-18T10:44:34.035269+00:00, run_after=2023-12-18T14:44:34.035269+00:00
[2023-12-18T14:44:34.062+0000] {processor.py:179} INFO - Processing /home/airflow/.local/lib/python3.8/site-packages/airflow/example_dags/example_latest_only_with_trigger.py took 0.117 seconds
[2023-12-18T14:45:04.581+0000] {processor.py:157} INFO - Started process (PID=122) to work on /home/airflow/.local/lib/python3.8/site-packages/airflow/example_dags/example_latest_only_with_trigger.py
[2023-12-18T14:45:04.582+0000] {processor.py:829} INFO - Processing file /home/airflow/.local/lib/python3.8/site-packages/airflow/example_dags/example_latest_only_with_trigger.py for tasks to queue
[2023-12-18T14:45:04.583+0000] {logging_mixin.py:154} INFO - [2023-12-18T14:45:04.583+0000] {dagbag.py:536} INFO - Filling up the DagBag from /home/airflow/.local/lib/python3.8/site-packages/airflow/example_dags/example_latest_only_with_trigger.py
[2023-12-18T14:45:04.586+0000] {processor.py:839} INFO - DAG(s) dict_keys(['latest_only_with_trigger']) retrieved from /home/airflow/.local/lib/python3.8/site-packages/airflow/example_dags/example_latest_only_with_trigger.py
[2023-12-18T14:45:04.598+0000] {logging_mixin.py:154} INFO - [2023-12-18T14:45:04.598+0000] {dag.py:2941} INFO - Sync 1 DAGs
[2023-12-18T14:45:04.610+0000] {logging_mixin.py:154} INFO - [2023-12-18T14:45:04.609+0000] {dag.py:3722} INFO - Setting next_dagrun for latest_only_with_trigger to 2023-12-18T10:45:04.609829+00:00, run_after=2023-12-18T14:45:04.609829+00:00
[2023-12-18T14:45:04.619+0000] {processor.py:179} INFO - Processing /home/airflow/.local/lib/python3.8/site-packages/airflow/example_dags/example_latest_only_with_trigger.py took 0.040 seconds
[2023-12-18T14:45:34.953+0000] {processor.py:157} INFO - Started process (PID=191) to work on /home/airflow/.local/lib/python3.8/site-packages/airflow/example_dags/example_latest_only_with_trigger.py
[2023-12-18T14:45:34.953+0000] {processor.py:829} INFO - Processing file /home/airflow/.local/lib/python3.8/site-packages/airflow/example_dags/example_latest_only_with_trigger.py for tasks to queue
[2023-12-18T14:45:34.955+0000] {logging_mixin.py:154} INFO - [2023-12-18T14:45:34.954+0000] {dagbag.py:536} INFO - Filling up the DagBag from /home/airflow/.local/lib/python3.8/site-packages/airflow/example_dags/example_latest_only_with_trigger.py
[2023-12-18T14:45:34.958+0000] {processor.py:839} INFO - DAG(s) dict_keys(['latest_only_with_trigger']) retrieved from /home/airflow/.local/lib/python3.8/site-packages/airflow/example_dags/example_latest_only_with_trigger.py
[2023-12-18T14:45:34.970+0000] {logging_mixin.py:154} INFO - [2023-12-18T14:45:34.970+0000] {dag.py:2941} INFO - Sync 1 DAGs
[2023-12-18T14:45:34.984+0000] {logging_mixin.py:154} INFO - [2023-12-18T14:45:34.984+0000] {dag.py:3722} INFO - Setting next_dagrun for latest_only_with_trigger to 2023-12-18T10:45:34.984103+00:00, run_after=2023-12-18T14:45:34.984103+00:00
[2023-12-18T14:45:34.994+0000] {processor.py:179} INFO - Processing /home/airflow/.local/lib/python3.8/site-packages/airflow/example_dags/example_latest_only_with_trigger.py took 0.044 seconds
[2023-12-18T14:46:05.077+0000] {processor.py:157} INFO - Started process (PID=260) to work on /home/airflow/.local/lib/python3.8/site-packages/airflow/example_dags/example_latest_only_with_trigger.py
[2023-12-18T14:46:05.078+0000] {processor.py:829} INFO - Processing file /home/airflow/.local/lib/python3.8/site-packages/airflow/example_dags/example_latest_only_with_trigger.py for tasks to queue
[2023-12-18T14:46:05.079+0000] {logging_mixin.py:154} INFO - [2023-12-18T14:46:05.079+0000] {dagbag.py:536} INFO - Filling up the DagBag from /home/airflow/.local/lib/python3.8/site-packages/airflow/example_dags/example_latest_only_with_trigger.py
[2023-12-18T14:46:05.082+0000] {processor.py:839} INFO - DAG(s) dict_keys(['latest_only_with_trigger']) retrieved from /home/airflow/.local/lib/python3.8/site-packages/airflow/example_dags/example_latest_only_with_trigger.py
[2023-12-18T14:46:05.096+0000] {logging_mixin.py:154} INFO - [2023-12-18T14:46:05.095+0000] {dag.py:2941} INFO - Sync 1 DAGs
[2023-12-18T14:46:05.108+0000] {logging_mixin.py:154} INFO - [2023-12-18T14:46:05.108+0000] {dag.py:3722} INFO - Setting next_dagrun for latest_only_with_trigger to 2023-12-18T10:46:05.108651+00:00, run_after=2023-12-18T14:46:05.108651+00:00
[2023-12-18T14:46:05.120+0000] {processor.py:179} INFO - Processing /home/airflow/.local/lib/python3.8/site-packages/airflow/example_dags/example_latest_only_with_trigger.py took 0.044 seconds
[2023-12-18T14:46:35.957+0000] {processor.py:157} INFO - Started process (PID=329) to work on /home/airflow/.local/lib/python3.8/site-packages/airflow/example_dags/example_latest_only_with_trigger.py
[2023-12-18T14:46:35.958+0000] {processor.py:829} INFO - Processing file /home/airflow/.local/lib/python3.8/site-packages/airflow/example_dags/example_latest_only_with_trigger.py for tasks to queue
[2023-12-18T14:46:35.959+0000] {logging_mixin.py:154} INFO - [2023-12-18T14:46:35.959+0000] {dagbag.py:536} INFO - Filling up the DagBag from /home/airflow/.local/lib/python3.8/site-packages/airflow/example_dags/example_latest_only_with_trigger.py
[2023-12-18T14:46:35.962+0000] {processor.py:839} INFO - DAG(s) dict_keys(['latest_only_with_trigger']) retrieved from /home/airflow/.local/lib/python3.8/site-packages/airflow/example_dags/example_latest_only_with_trigger.py
[2023-12-18T14:46:35.975+0000] {logging_mixin.py:154} INFO - [2023-12-18T14:46:35.974+0000] {dag.py:2941} INFO - Sync 1 DAGs
[2023-12-18T14:46:35.987+0000] {logging_mixin.py:154} INFO - [2023-12-18T14:46:35.987+0000] {dag.py:3722} INFO - Setting next_dagrun for latest_only_with_trigger to 2023-12-18T10:46:35.987418+00:00, run_after=2023-12-18T14:46:35.987418+00:00
[2023-12-18T14:46:35.997+0000] {processor.py:179} INFO - Processing /home/airflow/.local/lib/python3.8/site-packages/airflow/example_dags/example_latest_only_with_trigger.py took 0.042 seconds
[2023-12-18T14:47:06.753+0000] {processor.py:157} INFO - Started process (PID=398) to work on /home/airflow/.local/lib/python3.8/site-packages/airflow/example_dags/example_latest_only_with_trigger.py
[2023-12-18T14:47:06.753+0000] {processor.py:829} INFO - Processing file /home/airflow/.local/lib/python3.8/site-packages/airflow/example_dags/example_latest_only_with_trigger.py for tasks to queue
[2023-12-18T14:47:06.755+0000] {logging_mixin.py:154} INFO - [2023-12-18T14:47:06.754+0000] {dagbag.py:536} INFO - Filling up the DagBag from /home/airflow/.local/lib/python3.8/site-packages/airflow/example_dags/example_latest_only_with_trigger.py
[2023-12-18T14:47:06.759+0000] {processor.py:839} INFO - DAG(s) dict_keys(['latest_only_with_trigger']) retrieved from /home/airflow/.local/lib/python3.8/site-packages/airflow/example_dags/example_latest_only_with_trigger.py
[2023-12-18T14:47:06.772+0000] {logging_mixin.py:154} INFO - [2023-12-18T14:47:06.772+0000] {dag.py:2941} INFO - Sync 1 DAGs
[2023-12-18T14:47:06.787+0000] {logging_mixin.py:154} INFO - [2023-12-18T14:47:06.787+0000] {dag.py:3722} INFO - Setting next_dagrun for latest_only_with_trigger to 2023-12-18T10:47:06.786830+00:00, run_after=2023-12-18T14:47:06.786830+00:00
[2023-12-18T14:47:06.798+0000] {processor.py:179} INFO - Processing /home/airflow/.local/lib/python3.8/site-packages/airflow/example_dags/example_latest_only_with_trigger.py took 0.047 seconds
[2023-12-18T14:47:36.864+0000] {processor.py:157} INFO - Started process (PID=467) to work on /home/airflow/.local/lib/python3.8/site-packages/airflow/example_dags/example_latest_only_with_trigger.py
[2023-12-18T14:47:36.864+0000] {processor.py:829} INFO - Processing file /home/airflow/.local/lib/python3.8/site-packages/airflow/example_dags/example_latest_only_with_trigger.py for tasks to queue
[2023-12-18T14:47:36.866+0000] {logging_mixin.py:154} INFO - [2023-12-18T14:47:36.865+0000] {dagbag.py:536} INFO - Filling up the DagBag from /home/airflow/.local/lib/python3.8/site-packages/airflow/example_dags/example_latest_only_with_trigger.py
[2023-12-18T14:47:36.869+0000] {processor.py:839} INFO - DAG(s) dict_keys(['latest_only_with_trigger']) retrieved from /home/airflow/.local/lib/python3.8/site-packages/airflow/example_dags/example_latest_only_with_trigger.py
[2023-12-18T14:47:36.882+0000] {logging_mixin.py:154} INFO - [2023-12-18T14:47:36.882+0000] {dag.py:2941} INFO - Sync 1 DAGs
[2023-12-18T14:47:36.896+0000] {logging_mixin.py:154} INFO - [2023-12-18T14:47:36.896+0000] {dag.py:3722} INFO - Setting next_dagrun for latest_only_with_trigger to 2023-12-18T10:47:36.896085+00:00, run_after=2023-12-18T14:47:36.896085+00:00
[2023-12-18T14:47:36.906+0000] {processor.py:179} INFO - Processing /home/airflow/.local/lib/python3.8/site-packages/airflow/example_dags/example_latest_only_with_trigger.py took 0.044 seconds
[2023-12-18T14:48:07.047+0000] {processor.py:157} INFO - Started process (PID=537) to work on /home/airflow/.local/lib/python3.8/site-packages/airflow/example_dags/example_latest_only_with_trigger.py
[2023-12-18T14:48:07.047+0000] {processor.py:829} INFO - Processing file /home/airflow/.local/lib/python3.8/site-packages/airflow/example_dags/example_latest_only_with_trigger.py for tasks to queue
[2023-12-18T14:48:07.048+0000] {logging_mixin.py:154} INFO - [2023-12-18T14:48:07.048+0000] {dagbag.py:536} INFO - Filling up the DagBag from /home/airflow/.local/lib/python3.8/site-packages/airflow/example_dags/example_latest_only_with_trigger.py
[2023-12-18T14:48:07.052+0000] {processor.py:839} INFO - DAG(s) dict_keys(['latest_only_with_trigger']) retrieved from /home/airflow/.local/lib/python3.8/site-packages/airflow/example_dags/example_latest_only_with_trigger.py
[2023-12-18T14:48:07.070+0000] {logging_mixin.py:154} INFO - [2023-12-18T14:48:07.070+0000] {dag.py:2941} INFO - Sync 1 DAGs
[2023-12-18T14:48:07.095+0000] {logging_mixin.py:154} INFO - [2023-12-18T14:48:07.094+0000] {dag.py:3722} INFO - Setting next_dagrun for latest_only_with_trigger to 2023-12-18T10:48:07.094760+00:00, run_after=2023-12-18T14:48:07.094760+00:00
[2023-12-18T14:48:07.109+0000] {processor.py:179} INFO - Processing /home/airflow/.local/lib/python3.8/site-packages/airflow/example_dags/example_latest_only_with_trigger.py took 0.064 seconds
[2023-12-18T14:48:37.131+0000] {processor.py:157} INFO - Started process (PID=607) to work on /home/airflow/.local/lib/python3.8/site-packages/airflow/example_dags/example_latest_only_with_trigger.py
[2023-12-18T14:48:37.131+0000] {processor.py:829} INFO - Processing file /home/airflow/.local/lib/python3.8/site-packages/airflow/example_dags/example_latest_only_with_trigger.py for tasks to queue
[2023-12-18T14:48:37.132+0000] {logging_mixin.py:154} INFO - [2023-12-18T14:48:37.132+0000] {dagbag.py:536} INFO - Filling up the DagBag from /home/airflow/.local/lib/python3.8/site-packages/airflow/example_dags/example_latest_only_with_trigger.py
[2023-12-18T14:48:37.135+0000] {processor.py:839} INFO - DAG(s) dict_keys(['latest_only_with_trigger']) retrieved from /home/airflow/.local/lib/python3.8/site-packages/airflow/example_dags/example_latest_only_with_trigger.py
[2023-12-18T14:48:37.147+0000] {logging_mixin.py:154} INFO - [2023-12-18T14:48:37.147+0000] {dag.py:2941} INFO - Sync 1 DAGs
[2023-12-18T14:48:37.160+0000] {logging_mixin.py:154} INFO - [2023-12-18T14:48:37.160+0000] {dag.py:3722} INFO - Setting next_dagrun for latest_only_with_trigger to 2023-12-18T10:48:37.160518+00:00, run_after=2023-12-18T14:48:37.160518+00:00
[2023-12-18T14:48:37.170+0000] {processor.py:179} INFO - Processing /home/airflow/.local/lib/python3.8/site-packages/airflow/example_dags/example_latest_only_with_trigger.py took 0.041 seconds
[2023-12-18T14:52:06.987+0000] {processor.py:157} INFO - Started process (PID=54) to work on /home/airflow/.local/lib/python3.8/site-packages/airflow/example_dags/example_latest_only_with_trigger.py
[2023-12-18T14:52:06.994+0000] {processor.py:829} INFO - Processing file /home/airflow/.local/lib/python3.8/site-packages/airflow/example_dags/example_latest_only_with_trigger.py for tasks to queue
[2023-12-18T14:52:06.997+0000] {logging_mixin.py:154} INFO - [2023-12-18T14:52:06.996+0000] {dagbag.py:536} INFO - Filling up the DagBag from /home/airflow/.local/lib/python3.8/site-packages/airflow/example_dags/example_latest_only_with_trigger.py
[2023-12-18T14:52:07.004+0000] {processor.py:839} INFO - DAG(s) dict_keys(['latest_only_with_trigger']) retrieved from /home/airflow/.local/lib/python3.8/site-packages/airflow/example_dags/example_latest_only_with_trigger.py
[2023-12-18T14:52:07.075+0000] {logging_mixin.py:154} INFO - [2023-12-18T14:52:07.074+0000] {dag.py:2941} INFO - Sync 1 DAGs
[2023-12-18T14:52:07.105+0000] {logging_mixin.py:154} INFO - [2023-12-18T14:52:07.105+0000] {dag.py:3722} INFO - Setting next_dagrun for latest_only_with_trigger to 2023-12-18T10:52:07.105370+00:00, run_after=2023-12-18T14:52:07.105370+00:00
[2023-12-18T14:52:07.137+0000] {processor.py:179} INFO - Processing /home/airflow/.local/lib/python3.8/site-packages/airflow/example_dags/example_latest_only_with_trigger.py took 0.165 seconds
[2023-12-18T14:52:37.757+0000] {processor.py:157} INFO - Started process (PID=123) to work on /home/airflow/.local/lib/python3.8/site-packages/airflow/example_dags/example_latest_only_with_trigger.py
[2023-12-18T14:52:37.758+0000] {processor.py:829} INFO - Processing file /home/airflow/.local/lib/python3.8/site-packages/airflow/example_dags/example_latest_only_with_trigger.py for tasks to queue
[2023-12-18T14:52:37.761+0000] {logging_mixin.py:154} INFO - [2023-12-18T14:52:37.761+0000] {dagbag.py:536} INFO - Filling up the DagBag from /home/airflow/.local/lib/python3.8/site-packages/airflow/example_dags/example_latest_only_with_trigger.py
[2023-12-18T14:52:37.767+0000] {processor.py:839} INFO - DAG(s) dict_keys(['latest_only_with_trigger']) retrieved from /home/airflow/.local/lib/python3.8/site-packages/airflow/example_dags/example_latest_only_with_trigger.py
[2023-12-18T14:52:37.797+0000] {logging_mixin.py:154} INFO - [2023-12-18T14:52:37.797+0000] {dag.py:2941} INFO - Sync 1 DAGs
[2023-12-18T14:52:37.821+0000] {logging_mixin.py:154} INFO - [2023-12-18T14:52:37.821+0000] {dag.py:3722} INFO - Setting next_dagrun for latest_only_with_trigger to 2023-12-18T10:52:37.820833+00:00, run_after=2023-12-18T14:52:37.820833+00:00
[2023-12-18T14:52:37.850+0000] {processor.py:179} INFO - Processing /home/airflow/.local/lib/python3.8/site-packages/airflow/example_dags/example_latest_only_with_trigger.py took 0.095 seconds
[2023-12-18T14:53:08.290+0000] {processor.py:157} INFO - Started process (PID=193) to work on /home/airflow/.local/lib/python3.8/site-packages/airflow/example_dags/example_latest_only_with_trigger.py
[2023-12-18T14:53:08.290+0000] {processor.py:829} INFO - Processing file /home/airflow/.local/lib/python3.8/site-packages/airflow/example_dags/example_latest_only_with_trigger.py for tasks to queue
[2023-12-18T14:53:08.292+0000] {logging_mixin.py:154} INFO - [2023-12-18T14:53:08.291+0000] {dagbag.py:536} INFO - Filling up the DagBag from /home/airflow/.local/lib/python3.8/site-packages/airflow/example_dags/example_latest_only_with_trigger.py
[2023-12-18T14:53:08.295+0000] {processor.py:839} INFO - DAG(s) dict_keys(['latest_only_with_trigger']) retrieved from /home/airflow/.local/lib/python3.8/site-packages/airflow/example_dags/example_latest_only_with_trigger.py
[2023-12-18T14:53:08.310+0000] {logging_mixin.py:154} INFO - [2023-12-18T14:53:08.309+0000] {dag.py:2941} INFO - Sync 1 DAGs
[2023-12-18T14:53:08.323+0000] {logging_mixin.py:154} INFO - [2023-12-18T14:53:08.323+0000] {dag.py:3722} INFO - Setting next_dagrun for latest_only_with_trigger to 2023-12-18T10:53:08.323429+00:00, run_after=2023-12-18T14:53:08.323429+00:00
[2023-12-18T14:53:08.334+0000] {processor.py:179} INFO - Processing /home/airflow/.local/lib/python3.8/site-packages/airflow/example_dags/example_latest_only_with_trigger.py took 0.046 seconds
[2023-12-18T14:53:39.140+0000] {processor.py:157} INFO - Started process (PID=262) to work on /home/airflow/.local/lib/python3.8/site-packages/airflow/example_dags/example_latest_only_with_trigger.py
[2023-12-18T14:53:39.141+0000] {processor.py:829} INFO - Processing file /home/airflow/.local/lib/python3.8/site-packages/airflow/example_dags/example_latest_only_with_trigger.py for tasks to queue
[2023-12-18T14:53:39.142+0000] {logging_mixin.py:154} INFO - [2023-12-18T14:53:39.142+0000] {dagbag.py:536} INFO - Filling up the DagBag from /home/airflow/.local/lib/python3.8/site-packages/airflow/example_dags/example_latest_only_with_trigger.py
[2023-12-18T14:53:39.145+0000] {processor.py:839} INFO - DAG(s) dict_keys(['latest_only_with_trigger']) retrieved from /home/airflow/.local/lib/python3.8/site-packages/airflow/example_dags/example_latest_only_with_trigger.py
[2023-12-18T14:53:39.158+0000] {logging_mixin.py:154} INFO - [2023-12-18T14:53:39.158+0000] {dag.py:2941} INFO - Sync 1 DAGs
[2023-12-18T14:53:39.184+0000] {logging_mixin.py:154} INFO - [2023-12-18T14:53:39.184+0000] {dag.py:3722} INFO - Setting next_dagrun for latest_only_with_trigger to 2023-12-18T10:53:39.184548+00:00, run_after=2023-12-18T14:53:39.184548+00:00
[2023-12-18T14:53:39.196+0000] {processor.py:179} INFO - Processing /home/airflow/.local/lib/python3.8/site-packages/airflow/example_dags/example_latest_only_with_trigger.py took 0.057 seconds
