[2023-12-18T14:25:40.277+0000] {processor.py:157} INFO - Started process (PID=61) to work on /home/airflow/.local/lib/python3.8/site-packages/airflow/example_dags/example_params_trigger_ui.py
[2023-12-18T14:25:40.277+0000] {processor.py:829} INFO - Processing file /home/airflow/.local/lib/python3.8/site-packages/airflow/example_dags/example_params_trigger_ui.py for tasks to queue
[2023-12-18T14:25:40.279+0000] {logging_mixin.py:154} INFO - [2023-12-18T14:25:40.278+0000] {dagbag.py:536} INFO - Filling up the DagBag from /home/airflow/.local/lib/python3.8/site-packages/airflow/example_dags/example_params_trigger_ui.py
[2023-12-18T14:25:40.365+0000] {processor.py:839} INFO - DAG(s) dict_keys(['example_params_trigger_ui']) retrieved from /home/airflow/.local/lib/python3.8/site-packages/airflow/example_dags/example_params_trigger_ui.py
[2023-12-18T14:25:40.415+0000] {logging_mixin.py:154} INFO - [2023-12-18T14:25:40.415+0000] {dag.py:2941} INFO - Sync 1 DAGs
[2023-12-18T14:25:40.438+0000] {logging_mixin.py:154} INFO - [2023-12-18T14:25:40.438+0000] {dag.py:3722} INFO - Setting next_dagrun for example_params_trigger_ui to None, run_after=None
[2023-12-18T14:25:40.465+0000] {processor.py:179} INFO - Processing /home/airflow/.local/lib/python3.8/site-packages/airflow/example_dags/example_params_trigger_ui.py took 0.191 seconds
[2023-12-18T14:26:11.280+0000] {processor.py:157} INFO - Started process (PID=130) to work on /home/airflow/.local/lib/python3.8/site-packages/airflow/example_dags/example_params_trigger_ui.py
[2023-12-18T14:26:11.281+0000] {processor.py:829} INFO - Processing file /home/airflow/.local/lib/python3.8/site-packages/airflow/example_dags/example_params_trigger_ui.py for tasks to queue
[2023-12-18T14:26:11.282+0000] {logging_mixin.py:154} INFO - [2023-12-18T14:26:11.282+0000] {dagbag.py:536} INFO - Filling up the DagBag from /home/airflow/.local/lib/python3.8/site-packages/airflow/example_dags/example_params_trigger_ui.py
[2023-12-18T14:26:11.292+0000] {processor.py:839} INFO - DAG(s) dict_keys(['example_params_trigger_ui']) retrieved from /home/airflow/.local/lib/python3.8/site-packages/airflow/example_dags/example_params_trigger_ui.py
[2023-12-18T14:26:11.323+0000] {logging_mixin.py:154} INFO - [2023-12-18T14:26:11.323+0000] {dag.py:2941} INFO - Sync 1 DAGs
[2023-12-18T14:26:11.333+0000] {logging_mixin.py:154} INFO - [2023-12-18T14:26:11.333+0000] {dag.py:3722} INFO - Setting next_dagrun for example_params_trigger_ui to None, run_after=None
[2023-12-18T14:26:11.344+0000] {processor.py:179} INFO - Processing /home/airflow/.local/lib/python3.8/site-packages/airflow/example_dags/example_params_trigger_ui.py took 0.065 seconds
[2023-12-18T14:26:41.471+0000] {processor.py:157} INFO - Started process (PID=200) to work on /home/airflow/.local/lib/python3.8/site-packages/airflow/example_dags/example_params_trigger_ui.py
[2023-12-18T14:26:41.471+0000] {processor.py:829} INFO - Processing file /home/airflow/.local/lib/python3.8/site-packages/airflow/example_dags/example_params_trigger_ui.py for tasks to queue
[2023-12-18T14:26:41.472+0000] {logging_mixin.py:154} INFO - [2023-12-18T14:26:41.472+0000] {dagbag.py:536} INFO - Filling up the DagBag from /home/airflow/.local/lib/python3.8/site-packages/airflow/example_dags/example_params_trigger_ui.py
[2023-12-18T14:26:41.482+0000] {processor.py:839} INFO - DAG(s) dict_keys(['example_params_trigger_ui']) retrieved from /home/airflow/.local/lib/python3.8/site-packages/airflow/example_dags/example_params_trigger_ui.py
[2023-12-18T14:26:41.514+0000] {logging_mixin.py:154} INFO - [2023-12-18T14:26:41.514+0000] {dag.py:2941} INFO - Sync 1 DAGs
[2023-12-18T14:26:41.522+0000] {logging_mixin.py:154} INFO - [2023-12-18T14:26:41.522+0000] {dag.py:3722} INFO - Setting next_dagrun for example_params_trigger_ui to None, run_after=None
[2023-12-18T14:26:41.535+0000] {processor.py:179} INFO - Processing /home/airflow/.local/lib/python3.8/site-packages/airflow/example_dags/example_params_trigger_ui.py took 0.066 seconds
[2023-12-18T14:27:12.388+0000] {processor.py:157} INFO - Started process (PID=269) to work on /home/airflow/.local/lib/python3.8/site-packages/airflow/example_dags/example_params_trigger_ui.py
[2023-12-18T14:27:12.389+0000] {processor.py:829} INFO - Processing file /home/airflow/.local/lib/python3.8/site-packages/airflow/example_dags/example_params_trigger_ui.py for tasks to queue
[2023-12-18T14:27:12.390+0000] {logging_mixin.py:154} INFO - [2023-12-18T14:27:12.390+0000] {dagbag.py:536} INFO - Filling up the DagBag from /home/airflow/.local/lib/python3.8/site-packages/airflow/example_dags/example_params_trigger_ui.py
[2023-12-18T14:27:12.400+0000] {processor.py:839} INFO - DAG(s) dict_keys(['example_params_trigger_ui']) retrieved from /home/airflow/.local/lib/python3.8/site-packages/airflow/example_dags/example_params_trigger_ui.py
[2023-12-18T14:27:12.431+0000] {logging_mixin.py:154} INFO - [2023-12-18T14:27:12.431+0000] {dag.py:2941} INFO - Sync 1 DAGs
[2023-12-18T14:27:12.438+0000] {logging_mixin.py:154} INFO - [2023-12-18T14:27:12.438+0000] {dag.py:3722} INFO - Setting next_dagrun for example_params_trigger_ui to None, run_after=None
[2023-12-18T14:27:12.449+0000] {processor.py:179} INFO - Processing /home/airflow/.local/lib/python3.8/site-packages/airflow/example_dags/example_params_trigger_ui.py took 0.063 seconds
[2023-12-18T14:27:43.215+0000] {processor.py:157} INFO - Started process (PID=338) to work on /home/airflow/.local/lib/python3.8/site-packages/airflow/example_dags/example_params_trigger_ui.py
[2023-12-18T14:27:43.216+0000] {processor.py:829} INFO - Processing file /home/airflow/.local/lib/python3.8/site-packages/airflow/example_dags/example_params_trigger_ui.py for tasks to queue
[2023-12-18T14:27:43.217+0000] {logging_mixin.py:154} INFO - [2023-12-18T14:27:43.217+0000] {dagbag.py:536} INFO - Filling up the DagBag from /home/airflow/.local/lib/python3.8/site-packages/airflow/example_dags/example_params_trigger_ui.py
[2023-12-18T14:27:43.227+0000] {processor.py:839} INFO - DAG(s) dict_keys(['example_params_trigger_ui']) retrieved from /home/airflow/.local/lib/python3.8/site-packages/airflow/example_dags/example_params_trigger_ui.py
[2023-12-18T14:27:43.259+0000] {logging_mixin.py:154} INFO - [2023-12-18T14:27:43.259+0000] {dag.py:2941} INFO - Sync 1 DAGs
[2023-12-18T14:27:43.267+0000] {logging_mixin.py:154} INFO - [2023-12-18T14:27:43.267+0000] {dag.py:3722} INFO - Setting next_dagrun for example_params_trigger_ui to None, run_after=None
[2023-12-18T14:27:43.293+0000] {processor.py:179} INFO - Processing /home/airflow/.local/lib/python3.8/site-packages/airflow/example_dags/example_params_trigger_ui.py took 0.080 seconds
[2023-12-18T14:28:13.385+0000] {processor.py:157} INFO - Started process (PID=406) to work on /home/airflow/.local/lib/python3.8/site-packages/airflow/example_dags/example_params_trigger_ui.py
[2023-12-18T14:28:13.385+0000] {processor.py:829} INFO - Processing file /home/airflow/.local/lib/python3.8/site-packages/airflow/example_dags/example_params_trigger_ui.py for tasks to queue
[2023-12-18T14:28:13.386+0000] {logging_mixin.py:154} INFO - [2023-12-18T14:28:13.386+0000] {dagbag.py:536} INFO - Filling up the DagBag from /home/airflow/.local/lib/python3.8/site-packages/airflow/example_dags/example_params_trigger_ui.py
[2023-12-18T14:28:13.397+0000] {processor.py:839} INFO - DAG(s) dict_keys(['example_params_trigger_ui']) retrieved from /home/airflow/.local/lib/python3.8/site-packages/airflow/example_dags/example_params_trigger_ui.py
[2023-12-18T14:28:13.430+0000] {logging_mixin.py:154} INFO - [2023-12-18T14:28:13.429+0000] {dag.py:2941} INFO - Sync 1 DAGs
[2023-12-18T14:28:13.437+0000] {logging_mixin.py:154} INFO - [2023-12-18T14:28:13.437+0000] {dag.py:3722} INFO - Setting next_dagrun for example_params_trigger_ui to None, run_after=None
[2023-12-18T14:28:13.450+0000] {processor.py:179} INFO - Processing /home/airflow/.local/lib/python3.8/site-packages/airflow/example_dags/example_params_trigger_ui.py took 0.067 seconds
[2023-12-18T14:28:44.198+0000] {processor.py:157} INFO - Started process (PID=475) to work on /home/airflow/.local/lib/python3.8/site-packages/airflow/example_dags/example_params_trigger_ui.py
[2023-12-18T14:28:44.198+0000] {processor.py:829} INFO - Processing file /home/airflow/.local/lib/python3.8/site-packages/airflow/example_dags/example_params_trigger_ui.py for tasks to queue
[2023-12-18T14:28:44.199+0000] {logging_mixin.py:154} INFO - [2023-12-18T14:28:44.199+0000] {dagbag.py:536} INFO - Filling up the DagBag from /home/airflow/.local/lib/python3.8/site-packages/airflow/example_dags/example_params_trigger_ui.py
[2023-12-18T14:28:44.209+0000] {processor.py:839} INFO - DAG(s) dict_keys(['example_params_trigger_ui']) retrieved from /home/airflow/.local/lib/python3.8/site-packages/airflow/example_dags/example_params_trigger_ui.py
[2023-12-18T14:28:44.240+0000] {logging_mixin.py:154} INFO - [2023-12-18T14:28:44.240+0000] {dag.py:2941} INFO - Sync 1 DAGs
[2023-12-18T14:28:44.257+0000] {logging_mixin.py:154} INFO - [2023-12-18T14:28:44.256+0000] {dag.py:3722} INFO - Setting next_dagrun for example_params_trigger_ui to None, run_after=None
[2023-12-18T14:28:44.285+0000] {processor.py:179} INFO - Processing /home/airflow/.local/lib/python3.8/site-packages/airflow/example_dags/example_params_trigger_ui.py took 0.090 seconds
[2023-12-18T14:29:15.096+0000] {processor.py:157} INFO - Started process (PID=551) to work on /home/airflow/.local/lib/python3.8/site-packages/airflow/example_dags/example_params_trigger_ui.py
[2023-12-18T14:29:15.096+0000] {processor.py:829} INFO - Processing file /home/airflow/.local/lib/python3.8/site-packages/airflow/example_dags/example_params_trigger_ui.py for tasks to queue
[2023-12-18T14:29:15.097+0000] {logging_mixin.py:154} INFO - [2023-12-18T14:29:15.097+0000] {dagbag.py:536} INFO - Filling up the DagBag from /home/airflow/.local/lib/python3.8/site-packages/airflow/example_dags/example_params_trigger_ui.py
[2023-12-18T14:29:15.107+0000] {processor.py:839} INFO - DAG(s) dict_keys(['example_params_trigger_ui']) retrieved from /home/airflow/.local/lib/python3.8/site-packages/airflow/example_dags/example_params_trigger_ui.py
[2023-12-18T14:29:15.138+0000] {logging_mixin.py:154} INFO - [2023-12-18T14:29:15.138+0000] {dag.py:2941} INFO - Sync 1 DAGs
[2023-12-18T14:29:15.146+0000] {logging_mixin.py:154} INFO - [2023-12-18T14:29:15.146+0000] {dag.py:3722} INFO - Setting next_dagrun for example_params_trigger_ui to None, run_after=None
[2023-12-18T14:29:15.157+0000] {processor.py:179} INFO - Processing /home/airflow/.local/lib/python3.8/site-packages/airflow/example_dags/example_params_trigger_ui.py took 0.063 seconds
[2023-12-18T14:29:45.179+0000] {processor.py:157} INFO - Started process (PID=620) to work on /home/airflow/.local/lib/python3.8/site-packages/airflow/example_dags/example_params_trigger_ui.py
[2023-12-18T14:29:45.180+0000] {processor.py:829} INFO - Processing file /home/airflow/.local/lib/python3.8/site-packages/airflow/example_dags/example_params_trigger_ui.py for tasks to queue
[2023-12-18T14:29:45.181+0000] {logging_mixin.py:154} INFO - [2023-12-18T14:29:45.181+0000] {dagbag.py:536} INFO - Filling up the DagBag from /home/airflow/.local/lib/python3.8/site-packages/airflow/example_dags/example_params_trigger_ui.py
[2023-12-18T14:29:45.190+0000] {processor.py:839} INFO - DAG(s) dict_keys(['example_params_trigger_ui']) retrieved from /home/airflow/.local/lib/python3.8/site-packages/airflow/example_dags/example_params_trigger_ui.py
[2023-12-18T14:29:45.225+0000] {logging_mixin.py:154} INFO - [2023-12-18T14:29:45.225+0000] {dag.py:2941} INFO - Sync 1 DAGs
[2023-12-18T14:29:45.232+0000] {logging_mixin.py:154} INFO - [2023-12-18T14:29:45.232+0000] {dag.py:3722} INFO - Setting next_dagrun for example_params_trigger_ui to None, run_after=None
[2023-12-18T14:29:45.244+0000] {processor.py:179} INFO - Processing /home/airflow/.local/lib/python3.8/site-packages/airflow/example_dags/example_params_trigger_ui.py took 0.067 seconds
[2023-12-18T14:30:15.353+0000] {processor.py:157} INFO - Started process (PID=683) to work on /home/airflow/.local/lib/python3.8/site-packages/airflow/example_dags/example_params_trigger_ui.py
[2023-12-18T14:30:15.353+0000] {processor.py:829} INFO - Processing file /home/airflow/.local/lib/python3.8/site-packages/airflow/example_dags/example_params_trigger_ui.py for tasks to queue
[2023-12-18T14:30:15.354+0000] {logging_mixin.py:154} INFO - [2023-12-18T14:30:15.354+0000] {dagbag.py:536} INFO - Filling up the DagBag from /home/airflow/.local/lib/python3.8/site-packages/airflow/example_dags/example_params_trigger_ui.py
[2023-12-18T14:30:15.364+0000] {processor.py:839} INFO - DAG(s) dict_keys(['example_params_trigger_ui']) retrieved from /home/airflow/.local/lib/python3.8/site-packages/airflow/example_dags/example_params_trigger_ui.py
[2023-12-18T14:30:15.439+0000] {logging_mixin.py:154} INFO - [2023-12-18T14:30:15.439+0000] {dag.py:2941} INFO - Sync 1 DAGs
[2023-12-18T14:30:15.450+0000] {logging_mixin.py:154} INFO - [2023-12-18T14:30:15.449+0000] {dag.py:3722} INFO - Setting next_dagrun for example_params_trigger_ui to None, run_after=None
[2023-12-18T14:30:15.461+0000] {processor.py:179} INFO - Processing /home/airflow/.local/lib/python3.8/site-packages/airflow/example_dags/example_params_trigger_ui.py took 0.110 seconds
[2023-12-18T14:30:45.517+0000] {processor.py:157} INFO - Started process (PID=753) to work on /home/airflow/.local/lib/python3.8/site-packages/airflow/example_dags/example_params_trigger_ui.py
[2023-12-18T14:30:45.517+0000] {processor.py:829} INFO - Processing file /home/airflow/.local/lib/python3.8/site-packages/airflow/example_dags/example_params_trigger_ui.py for tasks to queue
[2023-12-18T14:30:45.518+0000] {logging_mixin.py:154} INFO - [2023-12-18T14:30:45.518+0000] {dagbag.py:536} INFO - Filling up the DagBag from /home/airflow/.local/lib/python3.8/site-packages/airflow/example_dags/example_params_trigger_ui.py
[2023-12-18T14:30:45.527+0000] {processor.py:839} INFO - DAG(s) dict_keys(['example_params_trigger_ui']) retrieved from /home/airflow/.local/lib/python3.8/site-packages/airflow/example_dags/example_params_trigger_ui.py
[2023-12-18T14:30:45.555+0000] {logging_mixin.py:154} INFO - [2023-12-18T14:30:45.555+0000] {dag.py:2941} INFO - Sync 1 DAGs
[2023-12-18T14:30:45.562+0000] {logging_mixin.py:154} INFO - [2023-12-18T14:30:45.562+0000] {dag.py:3722} INFO - Setting next_dagrun for example_params_trigger_ui to None, run_after=None
[2023-12-18T14:30:45.572+0000] {processor.py:179} INFO - Processing /home/airflow/.local/lib/python3.8/site-packages/airflow/example_dags/example_params_trigger_ui.py took 0.057 seconds
[2023-12-18T14:31:15.675+0000] {processor.py:157} INFO - Started process (PID=822) to work on /home/airflow/.local/lib/python3.8/site-packages/airflow/example_dags/example_params_trigger_ui.py
[2023-12-18T14:31:15.675+0000] {processor.py:829} INFO - Processing file /home/airflow/.local/lib/python3.8/site-packages/airflow/example_dags/example_params_trigger_ui.py for tasks to queue
[2023-12-18T14:31:15.676+0000] {logging_mixin.py:154} INFO - [2023-12-18T14:31:15.676+0000] {dagbag.py:536} INFO - Filling up the DagBag from /home/airflow/.local/lib/python3.8/site-packages/airflow/example_dags/example_params_trigger_ui.py
[2023-12-18T14:31:15.686+0000] {processor.py:839} INFO - DAG(s) dict_keys(['example_params_trigger_ui']) retrieved from /home/airflow/.local/lib/python3.8/site-packages/airflow/example_dags/example_params_trigger_ui.py
[2023-12-18T14:31:15.717+0000] {logging_mixin.py:154} INFO - [2023-12-18T14:31:15.717+0000] {dag.py:2941} INFO - Sync 1 DAGs
[2023-12-18T14:31:15.726+0000] {logging_mixin.py:154} INFO - [2023-12-18T14:31:15.726+0000] {dag.py:3722} INFO - Setting next_dagrun for example_params_trigger_ui to None, run_after=None
[2023-12-18T14:31:15.738+0000] {processor.py:179} INFO - Processing /home/airflow/.local/lib/python3.8/site-packages/airflow/example_dags/example_params_trigger_ui.py took 0.065 seconds
[2023-12-18T14:31:46.515+0000] {processor.py:157} INFO - Started process (PID=897) to work on /home/airflow/.local/lib/python3.8/site-packages/airflow/example_dags/example_params_trigger_ui.py
[2023-12-18T14:31:46.515+0000] {processor.py:829} INFO - Processing file /home/airflow/.local/lib/python3.8/site-packages/airflow/example_dags/example_params_trigger_ui.py for tasks to queue
[2023-12-18T14:31:46.516+0000] {logging_mixin.py:154} INFO - [2023-12-18T14:31:46.516+0000] {dagbag.py:536} INFO - Filling up the DagBag from /home/airflow/.local/lib/python3.8/site-packages/airflow/example_dags/example_params_trigger_ui.py
[2023-12-18T14:31:46.526+0000] {processor.py:839} INFO - DAG(s) dict_keys(['example_params_trigger_ui']) retrieved from /home/airflow/.local/lib/python3.8/site-packages/airflow/example_dags/example_params_trigger_ui.py
[2023-12-18T14:31:46.556+0000] {logging_mixin.py:154} INFO - [2023-12-18T14:31:46.556+0000] {dag.py:2941} INFO - Sync 1 DAGs
[2023-12-18T14:31:46.563+0000] {logging_mixin.py:154} INFO - [2023-12-18T14:31:46.563+0000] {dag.py:3722} INFO - Setting next_dagrun for example_params_trigger_ui to None, run_after=None
[2023-12-18T14:31:46.572+0000] {processor.py:179} INFO - Processing /home/airflow/.local/lib/python3.8/site-packages/airflow/example_dags/example_params_trigger_ui.py took 0.060 seconds
[2023-12-18T14:32:16.613+0000] {processor.py:157} INFO - Started process (PID=959) to work on /home/airflow/.local/lib/python3.8/site-packages/airflow/example_dags/example_params_trigger_ui.py
[2023-12-18T14:32:16.613+0000] {processor.py:829} INFO - Processing file /home/airflow/.local/lib/python3.8/site-packages/airflow/example_dags/example_params_trigger_ui.py for tasks to queue
[2023-12-18T14:32:16.614+0000] {logging_mixin.py:154} INFO - [2023-12-18T14:32:16.614+0000] {dagbag.py:536} INFO - Filling up the DagBag from /home/airflow/.local/lib/python3.8/site-packages/airflow/example_dags/example_params_trigger_ui.py
[2023-12-18T14:32:16.625+0000] {processor.py:839} INFO - DAG(s) dict_keys(['example_params_trigger_ui']) retrieved from /home/airflow/.local/lib/python3.8/site-packages/airflow/example_dags/example_params_trigger_ui.py
[2023-12-18T14:32:16.658+0000] {logging_mixin.py:154} INFO - [2023-12-18T14:32:16.658+0000] {dag.py:2941} INFO - Sync 1 DAGs
[2023-12-18T14:32:16.666+0000] {logging_mixin.py:154} INFO - [2023-12-18T14:32:16.666+0000] {dag.py:3722} INFO - Setting next_dagrun for example_params_trigger_ui to None, run_after=None
[2023-12-18T14:32:16.677+0000] {processor.py:179} INFO - Processing /home/airflow/.local/lib/python3.8/site-packages/airflow/example_dags/example_params_trigger_ui.py took 0.066 seconds
[2023-12-18T14:32:47.610+0000] {processor.py:157} INFO - Started process (PID=1034) to work on /home/airflow/.local/lib/python3.8/site-packages/airflow/example_dags/example_params_trigger_ui.py
[2023-12-18T14:32:47.610+0000] {processor.py:829} INFO - Processing file /home/airflow/.local/lib/python3.8/site-packages/airflow/example_dags/example_params_trigger_ui.py for tasks to queue
[2023-12-18T14:32:47.612+0000] {logging_mixin.py:154} INFO - [2023-12-18T14:32:47.612+0000] {dagbag.py:536} INFO - Filling up the DagBag from /home/airflow/.local/lib/python3.8/site-packages/airflow/example_dags/example_params_trigger_ui.py
[2023-12-18T14:32:47.626+0000] {processor.py:839} INFO - DAG(s) dict_keys(['example_params_trigger_ui']) retrieved from /home/airflow/.local/lib/python3.8/site-packages/airflow/example_dags/example_params_trigger_ui.py
[2023-12-18T14:32:47.656+0000] {logging_mixin.py:154} INFO - [2023-12-18T14:32:47.656+0000] {dag.py:2941} INFO - Sync 1 DAGs
[2023-12-18T14:32:47.663+0000] {logging_mixin.py:154} INFO - [2023-12-18T14:32:47.663+0000] {dag.py:3722} INFO - Setting next_dagrun for example_params_trigger_ui to None, run_after=None
[2023-12-18T14:32:47.693+0000] {processor.py:179} INFO - Processing /home/airflow/.local/lib/python3.8/site-packages/airflow/example_dags/example_params_trigger_ui.py took 0.085 seconds
[2023-12-18T14:33:18.330+0000] {processor.py:157} INFO - Started process (PID=1103) to work on /home/airflow/.local/lib/python3.8/site-packages/airflow/example_dags/example_params_trigger_ui.py
[2023-12-18T14:33:18.331+0000] {processor.py:829} INFO - Processing file /home/airflow/.local/lib/python3.8/site-packages/airflow/example_dags/example_params_trigger_ui.py for tasks to queue
[2023-12-18T14:33:18.332+0000] {logging_mixin.py:154} INFO - [2023-12-18T14:33:18.332+0000] {dagbag.py:536} INFO - Filling up the DagBag from /home/airflow/.local/lib/python3.8/site-packages/airflow/example_dags/example_params_trigger_ui.py
[2023-12-18T14:33:18.342+0000] {processor.py:839} INFO - DAG(s) dict_keys(['example_params_trigger_ui']) retrieved from /home/airflow/.local/lib/python3.8/site-packages/airflow/example_dags/example_params_trigger_ui.py
[2023-12-18T14:33:18.388+0000] {logging_mixin.py:154} INFO - [2023-12-18T14:33:18.388+0000] {dag.py:2941} INFO - Sync 1 DAGs
[2023-12-18T14:33:18.396+0000] {logging_mixin.py:154} INFO - [2023-12-18T14:33:18.396+0000] {dag.py:3722} INFO - Setting next_dagrun for example_params_trigger_ui to None, run_after=None
[2023-12-18T14:33:18.406+0000] {processor.py:179} INFO - Processing /home/airflow/.local/lib/python3.8/site-packages/airflow/example_dags/example_params_trigger_ui.py took 0.078 seconds
[2023-12-18T14:33:49.219+0000] {processor.py:157} INFO - Started process (PID=1172) to work on /home/airflow/.local/lib/python3.8/site-packages/airflow/example_dags/example_params_trigger_ui.py
[2023-12-18T14:33:49.219+0000] {processor.py:829} INFO - Processing file /home/airflow/.local/lib/python3.8/site-packages/airflow/example_dags/example_params_trigger_ui.py for tasks to queue
[2023-12-18T14:33:49.220+0000] {logging_mixin.py:154} INFO - [2023-12-18T14:33:49.220+0000] {dagbag.py:536} INFO - Filling up the DagBag from /home/airflow/.local/lib/python3.8/site-packages/airflow/example_dags/example_params_trigger_ui.py
[2023-12-18T14:33:49.230+0000] {processor.py:839} INFO - DAG(s) dict_keys(['example_params_trigger_ui']) retrieved from /home/airflow/.local/lib/python3.8/site-packages/airflow/example_dags/example_params_trigger_ui.py
[2023-12-18T14:33:49.260+0000] {logging_mixin.py:154} INFO - [2023-12-18T14:33:49.260+0000] {dag.py:2941} INFO - Sync 1 DAGs
[2023-12-18T14:33:49.283+0000] {logging_mixin.py:154} INFO - [2023-12-18T14:33:49.282+0000] {dag.py:3722} INFO - Setting next_dagrun for example_params_trigger_ui to None, run_after=None
[2023-12-18T14:33:49.294+0000] {processor.py:179} INFO - Processing /home/airflow/.local/lib/python3.8/site-packages/airflow/example_dags/example_params_trigger_ui.py took 0.077 seconds
[2023-12-18T14:34:19.399+0000] {processor.py:157} INFO - Started process (PID=1241) to work on /home/airflow/.local/lib/python3.8/site-packages/airflow/example_dags/example_params_trigger_ui.py
[2023-12-18T14:34:19.399+0000] {processor.py:829} INFO - Processing file /home/airflow/.local/lib/python3.8/site-packages/airflow/example_dags/example_params_trigger_ui.py for tasks to queue
[2023-12-18T14:34:19.401+0000] {logging_mixin.py:154} INFO - [2023-12-18T14:34:19.400+0000] {dagbag.py:536} INFO - Filling up the DagBag from /home/airflow/.local/lib/python3.8/site-packages/airflow/example_dags/example_params_trigger_ui.py
[2023-12-18T14:34:19.411+0000] {processor.py:839} INFO - DAG(s) dict_keys(['example_params_trigger_ui']) retrieved from /home/airflow/.local/lib/python3.8/site-packages/airflow/example_dags/example_params_trigger_ui.py
[2023-12-18T14:34:19.441+0000] {logging_mixin.py:154} INFO - [2023-12-18T14:34:19.441+0000] {dag.py:2941} INFO - Sync 1 DAGs
[2023-12-18T14:34:19.448+0000] {logging_mixin.py:154} INFO - [2023-12-18T14:34:19.448+0000] {dag.py:3722} INFO - Setting next_dagrun for example_params_trigger_ui to None, run_after=None
[2023-12-18T14:34:19.459+0000] {processor.py:179} INFO - Processing /home/airflow/.local/lib/python3.8/site-packages/airflow/example_dags/example_params_trigger_ui.py took 0.062 seconds
[2023-12-18T14:34:50.419+0000] {processor.py:157} INFO - Started process (PID=1311) to work on /home/airflow/.local/lib/python3.8/site-packages/airflow/example_dags/example_params_trigger_ui.py
[2023-12-18T14:34:50.420+0000] {processor.py:829} INFO - Processing file /home/airflow/.local/lib/python3.8/site-packages/airflow/example_dags/example_params_trigger_ui.py for tasks to queue
[2023-12-18T14:34:50.421+0000] {logging_mixin.py:154} INFO - [2023-12-18T14:34:50.421+0000] {dagbag.py:536} INFO - Filling up the DagBag from /home/airflow/.local/lib/python3.8/site-packages/airflow/example_dags/example_params_trigger_ui.py
[2023-12-18T14:34:50.431+0000] {processor.py:839} INFO - DAG(s) dict_keys(['example_params_trigger_ui']) retrieved from /home/airflow/.local/lib/python3.8/site-packages/airflow/example_dags/example_params_trigger_ui.py
[2023-12-18T14:34:50.461+0000] {logging_mixin.py:154} INFO - [2023-12-18T14:34:50.461+0000] {dag.py:2941} INFO - Sync 1 DAGs
[2023-12-18T14:34:50.486+0000] {logging_mixin.py:154} INFO - [2023-12-18T14:34:50.486+0000] {dag.py:3722} INFO - Setting next_dagrun for example_params_trigger_ui to None, run_after=None
[2023-12-18T14:34:50.496+0000] {processor.py:179} INFO - Processing /home/airflow/.local/lib/python3.8/site-packages/airflow/example_dags/example_params_trigger_ui.py took 0.079 seconds
[2023-12-18T14:35:20.586+0000] {processor.py:157} INFO - Started process (PID=1380) to work on /home/airflow/.local/lib/python3.8/site-packages/airflow/example_dags/example_params_trigger_ui.py
[2023-12-18T14:35:20.587+0000] {processor.py:829} INFO - Processing file /home/airflow/.local/lib/python3.8/site-packages/airflow/example_dags/example_params_trigger_ui.py for tasks to queue
[2023-12-18T14:35:20.588+0000] {logging_mixin.py:154} INFO - [2023-12-18T14:35:20.588+0000] {dagbag.py:536} INFO - Filling up the DagBag from /home/airflow/.local/lib/python3.8/site-packages/airflow/example_dags/example_params_trigger_ui.py
[2023-12-18T14:35:20.598+0000] {processor.py:839} INFO - DAG(s) dict_keys(['example_params_trigger_ui']) retrieved from /home/airflow/.local/lib/python3.8/site-packages/airflow/example_dags/example_params_trigger_ui.py
[2023-12-18T14:35:20.628+0000] {logging_mixin.py:154} INFO - [2023-12-18T14:35:20.628+0000] {dag.py:2941} INFO - Sync 1 DAGs
[2023-12-18T14:35:20.636+0000] {logging_mixin.py:154} INFO - [2023-12-18T14:35:20.636+0000] {dag.py:3722} INFO - Setting next_dagrun for example_params_trigger_ui to None, run_after=None
[2023-12-18T14:35:20.647+0000] {processor.py:179} INFO - Processing /home/airflow/.local/lib/python3.8/site-packages/airflow/example_dags/example_params_trigger_ui.py took 0.062 seconds
[2023-12-18T14:35:50.687+0000] {processor.py:157} INFO - Started process (PID=1448) to work on /home/airflow/.local/lib/python3.8/site-packages/airflow/example_dags/example_params_trigger_ui.py
[2023-12-18T14:35:50.688+0000] {processor.py:829} INFO - Processing file /home/airflow/.local/lib/python3.8/site-packages/airflow/example_dags/example_params_trigger_ui.py for tasks to queue
[2023-12-18T14:35:50.689+0000] {logging_mixin.py:154} INFO - [2023-12-18T14:35:50.689+0000] {dagbag.py:536} INFO - Filling up the DagBag from /home/airflow/.local/lib/python3.8/site-packages/airflow/example_dags/example_params_trigger_ui.py
[2023-12-18T14:35:50.699+0000] {processor.py:839} INFO - DAG(s) dict_keys(['example_params_trigger_ui']) retrieved from /home/airflow/.local/lib/python3.8/site-packages/airflow/example_dags/example_params_trigger_ui.py
[2023-12-18T14:35:50.729+0000] {logging_mixin.py:154} INFO - [2023-12-18T14:35:50.728+0000] {dag.py:2941} INFO - Sync 1 DAGs
[2023-12-18T14:35:50.736+0000] {logging_mixin.py:154} INFO - [2023-12-18T14:35:50.736+0000] {dag.py:3722} INFO - Setting next_dagrun for example_params_trigger_ui to None, run_after=None
[2023-12-18T14:35:50.747+0000] {processor.py:179} INFO - Processing /home/airflow/.local/lib/python3.8/site-packages/airflow/example_dags/example_params_trigger_ui.py took 0.062 seconds
[2023-12-18T14:36:20.813+0000] {processor.py:157} INFO - Started process (PID=1517) to work on /home/airflow/.local/lib/python3.8/site-packages/airflow/example_dags/example_params_trigger_ui.py
[2023-12-18T14:36:20.813+0000] {processor.py:829} INFO - Processing file /home/airflow/.local/lib/python3.8/site-packages/airflow/example_dags/example_params_trigger_ui.py for tasks to queue
[2023-12-18T14:36:20.815+0000] {logging_mixin.py:154} INFO - [2023-12-18T14:36:20.814+0000] {dagbag.py:536} INFO - Filling up the DagBag from /home/airflow/.local/lib/python3.8/site-packages/airflow/example_dags/example_params_trigger_ui.py
[2023-12-18T14:36:20.825+0000] {processor.py:839} INFO - DAG(s) dict_keys(['example_params_trigger_ui']) retrieved from /home/airflow/.local/lib/python3.8/site-packages/airflow/example_dags/example_params_trigger_ui.py
[2023-12-18T14:36:20.860+0000] {logging_mixin.py:154} INFO - [2023-12-18T14:36:20.860+0000] {dag.py:2941} INFO - Sync 1 DAGs
[2023-12-18T14:36:20.885+0000] {logging_mixin.py:154} INFO - [2023-12-18T14:36:20.885+0000] {dag.py:3722} INFO - Setting next_dagrun for example_params_trigger_ui to None, run_after=None
[2023-12-18T14:36:20.899+0000] {processor.py:179} INFO - Processing /home/airflow/.local/lib/python3.8/site-packages/airflow/example_dags/example_params_trigger_ui.py took 0.089 seconds
[2023-12-18T14:36:50.942+0000] {processor.py:157} INFO - Started process (PID=1586) to work on /home/airflow/.local/lib/python3.8/site-packages/airflow/example_dags/example_params_trigger_ui.py
[2023-12-18T14:36:50.943+0000] {processor.py:829} INFO - Processing file /home/airflow/.local/lib/python3.8/site-packages/airflow/example_dags/example_params_trigger_ui.py for tasks to queue
[2023-12-18T14:36:50.944+0000] {logging_mixin.py:154} INFO - [2023-12-18T14:36:50.944+0000] {dagbag.py:536} INFO - Filling up the DagBag from /home/airflow/.local/lib/python3.8/site-packages/airflow/example_dags/example_params_trigger_ui.py
[2023-12-18T14:36:50.953+0000] {processor.py:839} INFO - DAG(s) dict_keys(['example_params_trigger_ui']) retrieved from /home/airflow/.local/lib/python3.8/site-packages/airflow/example_dags/example_params_trigger_ui.py
[2023-12-18T14:36:50.996+0000] {logging_mixin.py:154} INFO - [2023-12-18T14:36:50.996+0000] {dag.py:2941} INFO - Sync 1 DAGs
[2023-12-18T14:36:51.003+0000] {logging_mixin.py:154} INFO - [2023-12-18T14:36:51.003+0000] {dag.py:3722} INFO - Setting next_dagrun for example_params_trigger_ui to None, run_after=None
[2023-12-18T14:36:51.014+0000] {processor.py:179} INFO - Processing /home/airflow/.local/lib/python3.8/site-packages/airflow/example_dags/example_params_trigger_ui.py took 0.074 seconds
[2023-12-18T14:37:21.986+0000] {processor.py:157} INFO - Started process (PID=1655) to work on /home/airflow/.local/lib/python3.8/site-packages/airflow/example_dags/example_params_trigger_ui.py
[2023-12-18T14:37:21.986+0000] {processor.py:829} INFO - Processing file /home/airflow/.local/lib/python3.8/site-packages/airflow/example_dags/example_params_trigger_ui.py for tasks to queue
[2023-12-18T14:37:21.988+0000] {logging_mixin.py:154} INFO - [2023-12-18T14:37:21.988+0000] {dagbag.py:536} INFO - Filling up the DagBag from /home/airflow/.local/lib/python3.8/site-packages/airflow/example_dags/example_params_trigger_ui.py
[2023-12-18T14:37:21.997+0000] {processor.py:839} INFO - DAG(s) dict_keys(['example_params_trigger_ui']) retrieved from /home/airflow/.local/lib/python3.8/site-packages/airflow/example_dags/example_params_trigger_ui.py
[2023-12-18T14:37:22.030+0000] {logging_mixin.py:154} INFO - [2023-12-18T14:37:22.030+0000] {dag.py:2941} INFO - Sync 1 DAGs
[2023-12-18T14:37:22.038+0000] {logging_mixin.py:154} INFO - [2023-12-18T14:37:22.038+0000] {dag.py:3722} INFO - Setting next_dagrun for example_params_trigger_ui to None, run_after=None
[2023-12-18T14:37:22.049+0000] {processor.py:179} INFO - Processing /home/airflow/.local/lib/python3.8/site-packages/airflow/example_dags/example_params_trigger_ui.py took 0.065 seconds
[2023-12-18T14:37:52.669+0000] {processor.py:157} INFO - Started process (PID=1724) to work on /home/airflow/.local/lib/python3.8/site-packages/airflow/example_dags/example_params_trigger_ui.py
[2023-12-18T14:37:52.670+0000] {processor.py:829} INFO - Processing file /home/airflow/.local/lib/python3.8/site-packages/airflow/example_dags/example_params_trigger_ui.py for tasks to queue
[2023-12-18T14:37:52.671+0000] {logging_mixin.py:154} INFO - [2023-12-18T14:37:52.671+0000] {dagbag.py:536} INFO - Filling up the DagBag from /home/airflow/.local/lib/python3.8/site-packages/airflow/example_dags/example_params_trigger_ui.py
[2023-12-18T14:37:52.680+0000] {processor.py:839} INFO - DAG(s) dict_keys(['example_params_trigger_ui']) retrieved from /home/airflow/.local/lib/python3.8/site-packages/airflow/example_dags/example_params_trigger_ui.py
[2023-12-18T14:37:52.711+0000] {logging_mixin.py:154} INFO - [2023-12-18T14:37:52.710+0000] {dag.py:2941} INFO - Sync 1 DAGs
[2023-12-18T14:37:52.718+0000] {logging_mixin.py:154} INFO - [2023-12-18T14:37:52.718+0000] {dag.py:3722} INFO - Setting next_dagrun for example_params_trigger_ui to None, run_after=None
[2023-12-18T14:37:52.729+0000] {processor.py:179} INFO - Processing /home/airflow/.local/lib/python3.8/site-packages/airflow/example_dags/example_params_trigger_ui.py took 0.062 seconds
[2023-12-18T14:38:23.481+0000] {processor.py:157} INFO - Started process (PID=1793) to work on /home/airflow/.local/lib/python3.8/site-packages/airflow/example_dags/example_params_trigger_ui.py
[2023-12-18T14:38:23.482+0000] {processor.py:829} INFO - Processing file /home/airflow/.local/lib/python3.8/site-packages/airflow/example_dags/example_params_trigger_ui.py for tasks to queue
[2023-12-18T14:38:23.483+0000] {logging_mixin.py:154} INFO - [2023-12-18T14:38:23.483+0000] {dagbag.py:536} INFO - Filling up the DagBag from /home/airflow/.local/lib/python3.8/site-packages/airflow/example_dags/example_params_trigger_ui.py
[2023-12-18T14:38:23.493+0000] {processor.py:839} INFO - DAG(s) dict_keys(['example_params_trigger_ui']) retrieved from /home/airflow/.local/lib/python3.8/site-packages/airflow/example_dags/example_params_trigger_ui.py
[2023-12-18T14:38:23.523+0000] {logging_mixin.py:154} INFO - [2023-12-18T14:38:23.523+0000] {dag.py:2941} INFO - Sync 1 DAGs
[2023-12-18T14:38:23.531+0000] {logging_mixin.py:154} INFO - [2023-12-18T14:38:23.531+0000] {dag.py:3722} INFO - Setting next_dagrun for example_params_trigger_ui to None, run_after=None
[2023-12-18T14:38:23.542+0000] {processor.py:179} INFO - Processing /home/airflow/.local/lib/python3.8/site-packages/airflow/example_dags/example_params_trigger_ui.py took 0.062 seconds
[2023-12-18T14:38:54.259+0000] {processor.py:157} INFO - Started process (PID=1862) to work on /home/airflow/.local/lib/python3.8/site-packages/airflow/example_dags/example_params_trigger_ui.py
[2023-12-18T14:38:54.259+0000] {processor.py:829} INFO - Processing file /home/airflow/.local/lib/python3.8/site-packages/airflow/example_dags/example_params_trigger_ui.py for tasks to queue
[2023-12-18T14:38:54.261+0000] {logging_mixin.py:154} INFO - [2023-12-18T14:38:54.260+0000] {dagbag.py:536} INFO - Filling up the DagBag from /home/airflow/.local/lib/python3.8/site-packages/airflow/example_dags/example_params_trigger_ui.py
[2023-12-18T14:38:54.271+0000] {processor.py:839} INFO - DAG(s) dict_keys(['example_params_trigger_ui']) retrieved from /home/airflow/.local/lib/python3.8/site-packages/airflow/example_dags/example_params_trigger_ui.py
[2023-12-18T14:38:54.314+0000] {logging_mixin.py:154} INFO - [2023-12-18T14:38:54.314+0000] {dag.py:2941} INFO - Sync 1 DAGs
[2023-12-18T14:38:54.321+0000] {logging_mixin.py:154} INFO - [2023-12-18T14:38:54.321+0000] {dag.py:3722} INFO - Setting next_dagrun for example_params_trigger_ui to None, run_after=None
[2023-12-18T14:38:54.332+0000] {processor.py:179} INFO - Processing /home/airflow/.local/lib/python3.8/site-packages/airflow/example_dags/example_params_trigger_ui.py took 0.075 seconds
[2023-12-18T14:39:54.219+0000] {processor.py:157} INFO - Started process (PID=61) to work on /home/airflow/.local/lib/python3.8/site-packages/airflow/example_dags/example_params_trigger_ui.py
[2023-12-18T14:39:54.222+0000] {processor.py:829} INFO - Processing file /home/airflow/.local/lib/python3.8/site-packages/airflow/example_dags/example_params_trigger_ui.py for tasks to queue
[2023-12-18T14:39:54.224+0000] {logging_mixin.py:154} INFO - [2023-12-18T14:39:54.223+0000] {dagbag.py:536} INFO - Filling up the DagBag from /home/airflow/.local/lib/python3.8/site-packages/airflow/example_dags/example_params_trigger_ui.py
[2023-12-18T14:39:54.262+0000] {processor.py:839} INFO - DAG(s) dict_keys(['example_params_trigger_ui']) retrieved from /home/airflow/.local/lib/python3.8/site-packages/airflow/example_dags/example_params_trigger_ui.py
[2023-12-18T14:39:54.363+0000] {logging_mixin.py:154} INFO - [2023-12-18T14:39:54.362+0000] {dag.py:2941} INFO - Sync 1 DAGs
[2023-12-18T14:39:54.667+0000] {logging_mixin.py:154} INFO - [2023-12-18T14:39:54.667+0000] {dag.py:3722} INFO - Setting next_dagrun for example_params_trigger_ui to None, run_after=None
[2023-12-18T14:39:54.718+0000] {processor.py:179} INFO - Processing /home/airflow/.local/lib/python3.8/site-packages/airflow/example_dags/example_params_trigger_ui.py took 0.503 seconds
[2023-12-18T14:40:25.238+0000] {processor.py:157} INFO - Started process (PID=130) to work on /home/airflow/.local/lib/python3.8/site-packages/airflow/example_dags/example_params_trigger_ui.py
[2023-12-18T14:40:25.238+0000] {processor.py:829} INFO - Processing file /home/airflow/.local/lib/python3.8/site-packages/airflow/example_dags/example_params_trigger_ui.py for tasks to queue
[2023-12-18T14:40:25.239+0000] {logging_mixin.py:154} INFO - [2023-12-18T14:40:25.239+0000] {dagbag.py:536} INFO - Filling up the DagBag from /home/airflow/.local/lib/python3.8/site-packages/airflow/example_dags/example_params_trigger_ui.py
[2023-12-18T14:40:25.251+0000] {processor.py:839} INFO - DAG(s) dict_keys(['example_params_trigger_ui']) retrieved from /home/airflow/.local/lib/python3.8/site-packages/airflow/example_dags/example_params_trigger_ui.py
[2023-12-18T14:40:25.312+0000] {logging_mixin.py:154} INFO - [2023-12-18T14:40:25.311+0000] {dag.py:2941} INFO - Sync 1 DAGs
[2023-12-18T14:40:25.323+0000] {logging_mixin.py:154} INFO - [2023-12-18T14:40:25.323+0000] {dag.py:3722} INFO - Setting next_dagrun for example_params_trigger_ui to None, run_after=None
[2023-12-18T14:40:25.342+0000] {processor.py:179} INFO - Processing /home/airflow/.local/lib/python3.8/site-packages/airflow/example_dags/example_params_trigger_ui.py took 0.106 seconds
[2023-12-18T14:40:55.531+0000] {processor.py:157} INFO - Started process (PID=199) to work on /home/airflow/.local/lib/python3.8/site-packages/airflow/example_dags/example_params_trigger_ui.py
[2023-12-18T14:40:55.532+0000] {processor.py:829} INFO - Processing file /home/airflow/.local/lib/python3.8/site-packages/airflow/example_dags/example_params_trigger_ui.py for tasks to queue
[2023-12-18T14:40:55.533+0000] {logging_mixin.py:154} INFO - [2023-12-18T14:40:55.533+0000] {dagbag.py:536} INFO - Filling up the DagBag from /home/airflow/.local/lib/python3.8/site-packages/airflow/example_dags/example_params_trigger_ui.py
[2023-12-18T14:40:55.544+0000] {processor.py:839} INFO - DAG(s) dict_keys(['example_params_trigger_ui']) retrieved from /home/airflow/.local/lib/python3.8/site-packages/airflow/example_dags/example_params_trigger_ui.py
[2023-12-18T14:40:55.589+0000] {logging_mixin.py:154} INFO - [2023-12-18T14:40:55.589+0000] {dag.py:2941} INFO - Sync 1 DAGs
[2023-12-18T14:40:55.597+0000] {logging_mixin.py:154} INFO - [2023-12-18T14:40:55.597+0000] {dag.py:3722} INFO - Setting next_dagrun for example_params_trigger_ui to None, run_after=None
[2023-12-18T14:40:55.611+0000] {processor.py:179} INFO - Processing /home/airflow/.local/lib/python3.8/site-packages/airflow/example_dags/example_params_trigger_ui.py took 0.082 seconds
[2023-12-18T14:41:26.347+0000] {processor.py:157} INFO - Started process (PID=268) to work on /home/airflow/.local/lib/python3.8/site-packages/airflow/example_dags/example_params_trigger_ui.py
[2023-12-18T14:41:26.348+0000] {processor.py:829} INFO - Processing file /home/airflow/.local/lib/python3.8/site-packages/airflow/example_dags/example_params_trigger_ui.py for tasks to queue
[2023-12-18T14:41:26.349+0000] {logging_mixin.py:154} INFO - [2023-12-18T14:41:26.349+0000] {dagbag.py:536} INFO - Filling up the DagBag from /home/airflow/.local/lib/python3.8/site-packages/airflow/example_dags/example_params_trigger_ui.py
[2023-12-18T14:41:26.359+0000] {processor.py:839} INFO - DAG(s) dict_keys(['example_params_trigger_ui']) retrieved from /home/airflow/.local/lib/python3.8/site-packages/airflow/example_dags/example_params_trigger_ui.py
[2023-12-18T14:41:26.402+0000] {logging_mixin.py:154} INFO - [2023-12-18T14:41:26.402+0000] {dag.py:2941} INFO - Sync 1 DAGs
[2023-12-18T14:41:26.410+0000] {logging_mixin.py:154} INFO - [2023-12-18T14:41:26.410+0000] {dag.py:3722} INFO - Setting next_dagrun for example_params_trigger_ui to None, run_after=None
[2023-12-18T14:41:26.422+0000] {processor.py:179} INFO - Processing /home/airflow/.local/lib/python3.8/site-packages/airflow/example_dags/example_params_trigger_ui.py took 0.077 seconds
[2023-12-18T14:41:57.139+0000] {processor.py:157} INFO - Started process (PID=338) to work on /home/airflow/.local/lib/python3.8/site-packages/airflow/example_dags/example_params_trigger_ui.py
[2023-12-18T14:41:57.140+0000] {processor.py:829} INFO - Processing file /home/airflow/.local/lib/python3.8/site-packages/airflow/example_dags/example_params_trigger_ui.py for tasks to queue
[2023-12-18T14:41:57.141+0000] {logging_mixin.py:154} INFO - [2023-12-18T14:41:57.140+0000] {dagbag.py:536} INFO - Filling up the DagBag from /home/airflow/.local/lib/python3.8/site-packages/airflow/example_dags/example_params_trigger_ui.py
[2023-12-18T14:41:57.152+0000] {processor.py:839} INFO - DAG(s) dict_keys(['example_params_trigger_ui']) retrieved from /home/airflow/.local/lib/python3.8/site-packages/airflow/example_dags/example_params_trigger_ui.py
[2023-12-18T14:41:57.195+0000] {logging_mixin.py:154} INFO - [2023-12-18T14:41:57.195+0000] {dag.py:2941} INFO - Sync 1 DAGs
[2023-12-18T14:41:57.202+0000] {logging_mixin.py:154} INFO - [2023-12-18T14:41:57.202+0000] {dag.py:3722} INFO - Setting next_dagrun for example_params_trigger_ui to None, run_after=None
[2023-12-18T14:41:57.212+0000] {processor.py:179} INFO - Processing /home/airflow/.local/lib/python3.8/site-packages/airflow/example_dags/example_params_trigger_ui.py took 0.075 seconds
[2023-12-18T14:42:28.064+0000] {processor.py:157} INFO - Started process (PID=407) to work on /home/airflow/.local/lib/python3.8/site-packages/airflow/example_dags/example_params_trigger_ui.py
[2023-12-18T14:42:28.064+0000] {processor.py:829} INFO - Processing file /home/airflow/.local/lib/python3.8/site-packages/airflow/example_dags/example_params_trigger_ui.py for tasks to queue
[2023-12-18T14:42:28.065+0000] {logging_mixin.py:154} INFO - [2023-12-18T14:42:28.065+0000] {dagbag.py:536} INFO - Filling up the DagBag from /home/airflow/.local/lib/python3.8/site-packages/airflow/example_dags/example_params_trigger_ui.py
[2023-12-18T14:42:28.089+0000] {processor.py:839} INFO - DAG(s) dict_keys(['example_params_trigger_ui']) retrieved from /home/airflow/.local/lib/python3.8/site-packages/airflow/example_dags/example_params_trigger_ui.py
[2023-12-18T14:42:28.130+0000] {logging_mixin.py:154} INFO - [2023-12-18T14:42:28.130+0000] {dag.py:2941} INFO - Sync 1 DAGs
[2023-12-18T14:42:28.140+0000] {logging_mixin.py:154} INFO - [2023-12-18T14:42:28.140+0000] {dag.py:3722} INFO - Setting next_dagrun for example_params_trigger_ui to None, run_after=None
[2023-12-18T14:42:28.155+0000] {processor.py:179} INFO - Processing /home/airflow/.local/lib/python3.8/site-packages/airflow/example_dags/example_params_trigger_ui.py took 0.093 seconds
[2023-12-18T14:42:58.314+0000] {processor.py:157} INFO - Started process (PID=476) to work on /home/airflow/.local/lib/python3.8/site-packages/airflow/example_dags/example_params_trigger_ui.py
[2023-12-18T14:42:58.314+0000] {processor.py:829} INFO - Processing file /home/airflow/.local/lib/python3.8/site-packages/airflow/example_dags/example_params_trigger_ui.py for tasks to queue
[2023-12-18T14:42:58.315+0000] {logging_mixin.py:154} INFO - [2023-12-18T14:42:58.315+0000] {dagbag.py:536} INFO - Filling up the DagBag from /home/airflow/.local/lib/python3.8/site-packages/airflow/example_dags/example_params_trigger_ui.py
[2023-12-18T14:42:58.325+0000] {processor.py:839} INFO - DAG(s) dict_keys(['example_params_trigger_ui']) retrieved from /home/airflow/.local/lib/python3.8/site-packages/airflow/example_dags/example_params_trigger_ui.py
[2023-12-18T14:42:58.356+0000] {logging_mixin.py:154} INFO - [2023-12-18T14:42:58.356+0000] {dag.py:2941} INFO - Sync 1 DAGs
[2023-12-18T14:42:58.364+0000] {logging_mixin.py:154} INFO - [2023-12-18T14:42:58.364+0000] {dag.py:3722} INFO - Setting next_dagrun for example_params_trigger_ui to None, run_after=None
[2023-12-18T14:42:58.388+0000] {processor.py:179} INFO - Processing /home/airflow/.local/lib/python3.8/site-packages/airflow/example_dags/example_params_trigger_ui.py took 0.076 seconds
[2023-12-18T14:44:34.563+0000] {processor.py:157} INFO - Started process (PID=59) to work on /home/airflow/.local/lib/python3.8/site-packages/airflow/example_dags/example_params_trigger_ui.py
[2023-12-18T14:44:34.565+0000] {processor.py:829} INFO - Processing file /home/airflow/.local/lib/python3.8/site-packages/airflow/example_dags/example_params_trigger_ui.py for tasks to queue
[2023-12-18T14:44:34.568+0000] {logging_mixin.py:154} INFO - [2023-12-18T14:44:34.567+0000] {dagbag.py:536} INFO - Filling up the DagBag from /home/airflow/.local/lib/python3.8/site-packages/airflow/example_dags/example_params_trigger_ui.py
[2023-12-18T14:44:34.596+0000] {processor.py:839} INFO - DAG(s) dict_keys(['example_params_trigger_ui']) retrieved from /home/airflow/.local/lib/python3.8/site-packages/airflow/example_dags/example_params_trigger_ui.py
[2023-12-18T14:44:34.723+0000] {logging_mixin.py:154} INFO - [2023-12-18T14:44:34.723+0000] {dag.py:2941} INFO - Sync 1 DAGs
[2023-12-18T14:44:35.101+0000] {logging_mixin.py:154} INFO - [2023-12-18T14:44:35.100+0000] {dag.py:3722} INFO - Setting next_dagrun for example_params_trigger_ui to None, run_after=None
[2023-12-18T14:44:35.146+0000] {processor.py:179} INFO - Processing /home/airflow/.local/lib/python3.8/site-packages/airflow/example_dags/example_params_trigger_ui.py took 0.589 seconds
[2023-12-18T14:45:05.762+0000] {processor.py:157} INFO - Started process (PID=128) to work on /home/airflow/.local/lib/python3.8/site-packages/airflow/example_dags/example_params_trigger_ui.py
[2023-12-18T14:45:05.765+0000] {processor.py:829} INFO - Processing file /home/airflow/.local/lib/python3.8/site-packages/airflow/example_dags/example_params_trigger_ui.py for tasks to queue
[2023-12-18T14:45:05.767+0000] {logging_mixin.py:154} INFO - [2023-12-18T14:45:05.766+0000] {dagbag.py:536} INFO - Filling up the DagBag from /home/airflow/.local/lib/python3.8/site-packages/airflow/example_dags/example_params_trigger_ui.py
[2023-12-18T14:45:05.780+0000] {processor.py:839} INFO - DAG(s) dict_keys(['example_params_trigger_ui']) retrieved from /home/airflow/.local/lib/python3.8/site-packages/airflow/example_dags/example_params_trigger_ui.py
[2023-12-18T14:45:05.817+0000] {logging_mixin.py:154} INFO - [2023-12-18T14:45:05.817+0000] {dag.py:2941} INFO - Sync 1 DAGs
[2023-12-18T14:45:05.834+0000] {logging_mixin.py:154} INFO - [2023-12-18T14:45:05.833+0000] {dag.py:3722} INFO - Setting next_dagrun for example_params_trigger_ui to None, run_after=None
[2023-12-18T14:45:05.857+0000] {processor.py:179} INFO - Processing /home/airflow/.local/lib/python3.8/site-packages/airflow/example_dags/example_params_trigger_ui.py took 0.097 seconds
[2023-12-18T14:45:36.149+0000] {processor.py:157} INFO - Started process (PID=197) to work on /home/airflow/.local/lib/python3.8/site-packages/airflow/example_dags/example_params_trigger_ui.py
[2023-12-18T14:45:36.150+0000] {processor.py:829} INFO - Processing file /home/airflow/.local/lib/python3.8/site-packages/airflow/example_dags/example_params_trigger_ui.py for tasks to queue
[2023-12-18T14:45:36.153+0000] {logging_mixin.py:154} INFO - [2023-12-18T14:45:36.152+0000] {dagbag.py:536} INFO - Filling up the DagBag from /home/airflow/.local/lib/python3.8/site-packages/airflow/example_dags/example_params_trigger_ui.py
[2023-12-18T14:45:36.164+0000] {processor.py:839} INFO - DAG(s) dict_keys(['example_params_trigger_ui']) retrieved from /home/airflow/.local/lib/python3.8/site-packages/airflow/example_dags/example_params_trigger_ui.py
[2023-12-18T14:45:36.194+0000] {logging_mixin.py:154} INFO - [2023-12-18T14:45:36.194+0000] {dag.py:2941} INFO - Sync 1 DAGs
[2023-12-18T14:45:36.201+0000] {logging_mixin.py:154} INFO - [2023-12-18T14:45:36.201+0000] {dag.py:3722} INFO - Setting next_dagrun for example_params_trigger_ui to None, run_after=None
[2023-12-18T14:45:36.212+0000] {processor.py:179} INFO - Processing /home/airflow/.local/lib/python3.8/site-packages/airflow/example_dags/example_params_trigger_ui.py took 0.065 seconds
[2023-12-18T14:46:06.269+0000] {processor.py:157} INFO - Started process (PID=266) to work on /home/airflow/.local/lib/python3.8/site-packages/airflow/example_dags/example_params_trigger_ui.py
[2023-12-18T14:46:06.272+0000] {processor.py:829} INFO - Processing file /home/airflow/.local/lib/python3.8/site-packages/airflow/example_dags/example_params_trigger_ui.py for tasks to queue
[2023-12-18T14:46:06.274+0000] {logging_mixin.py:154} INFO - [2023-12-18T14:46:06.274+0000] {dagbag.py:536} INFO - Filling up the DagBag from /home/airflow/.local/lib/python3.8/site-packages/airflow/example_dags/example_params_trigger_ui.py
[2023-12-18T14:46:06.288+0000] {processor.py:839} INFO - DAG(s) dict_keys(['example_params_trigger_ui']) retrieved from /home/airflow/.local/lib/python3.8/site-packages/airflow/example_dags/example_params_trigger_ui.py
[2023-12-18T14:46:06.321+0000] {logging_mixin.py:154} INFO - [2023-12-18T14:46:06.321+0000] {dag.py:2941} INFO - Sync 1 DAGs
[2023-12-18T14:46:06.331+0000] {logging_mixin.py:154} INFO - [2023-12-18T14:46:06.330+0000] {dag.py:3722} INFO - Setting next_dagrun for example_params_trigger_ui to None, run_after=None
[2023-12-18T14:46:06.344+0000] {processor.py:179} INFO - Processing /home/airflow/.local/lib/python3.8/site-packages/airflow/example_dags/example_params_trigger_ui.py took 0.076 seconds
[2023-12-18T14:46:37.122+0000] {processor.py:157} INFO - Started process (PID=335) to work on /home/airflow/.local/lib/python3.8/site-packages/airflow/example_dags/example_params_trigger_ui.py
[2023-12-18T14:46:37.123+0000] {processor.py:829} INFO - Processing file /home/airflow/.local/lib/python3.8/site-packages/airflow/example_dags/example_params_trigger_ui.py for tasks to queue
[2023-12-18T14:46:37.124+0000] {logging_mixin.py:154} INFO - [2023-12-18T14:46:37.124+0000] {dagbag.py:536} INFO - Filling up the DagBag from /home/airflow/.local/lib/python3.8/site-packages/airflow/example_dags/example_params_trigger_ui.py
[2023-12-18T14:46:37.136+0000] {processor.py:839} INFO - DAG(s) dict_keys(['example_params_trigger_ui']) retrieved from /home/airflow/.local/lib/python3.8/site-packages/airflow/example_dags/example_params_trigger_ui.py
[2023-12-18T14:46:37.170+0000] {logging_mixin.py:154} INFO - [2023-12-18T14:46:37.170+0000] {dag.py:2941} INFO - Sync 1 DAGs
[2023-12-18T14:46:37.177+0000] {logging_mixin.py:154} INFO - [2023-12-18T14:46:37.177+0000] {dag.py:3722} INFO - Setting next_dagrun for example_params_trigger_ui to None, run_after=None
[2023-12-18T14:46:37.189+0000] {processor.py:179} INFO - Processing /home/airflow/.local/lib/python3.8/site-packages/airflow/example_dags/example_params_trigger_ui.py took 0.068 seconds
[2023-12-18T14:47:07.971+0000] {processor.py:157} INFO - Started process (PID=404) to work on /home/airflow/.local/lib/python3.8/site-packages/airflow/example_dags/example_params_trigger_ui.py
[2023-12-18T14:47:07.973+0000] {processor.py:829} INFO - Processing file /home/airflow/.local/lib/python3.8/site-packages/airflow/example_dags/example_params_trigger_ui.py for tasks to queue
[2023-12-18T14:47:07.975+0000] {logging_mixin.py:154} INFO - [2023-12-18T14:47:07.974+0000] {dagbag.py:536} INFO - Filling up the DagBag from /home/airflow/.local/lib/python3.8/site-packages/airflow/example_dags/example_params_trigger_ui.py
[2023-12-18T14:47:07.985+0000] {processor.py:839} INFO - DAG(s) dict_keys(['example_params_trigger_ui']) retrieved from /home/airflow/.local/lib/python3.8/site-packages/airflow/example_dags/example_params_trigger_ui.py
[2023-12-18T14:47:08.014+0000] {logging_mixin.py:154} INFO - [2023-12-18T14:47:08.014+0000] {dag.py:2941} INFO - Sync 1 DAGs
[2023-12-18T14:47:08.021+0000] {logging_mixin.py:154} INFO - [2023-12-18T14:47:08.021+0000] {dag.py:3722} INFO - Setting next_dagrun for example_params_trigger_ui to None, run_after=None
[2023-12-18T14:47:08.032+0000] {processor.py:179} INFO - Processing /home/airflow/.local/lib/python3.8/site-packages/airflow/example_dags/example_params_trigger_ui.py took 0.063 seconds
[2023-12-18T14:47:38.091+0000] {processor.py:157} INFO - Started process (PID=473) to work on /home/airflow/.local/lib/python3.8/site-packages/airflow/example_dags/example_params_trigger_ui.py
[2023-12-18T14:47:38.092+0000] {processor.py:829} INFO - Processing file /home/airflow/.local/lib/python3.8/site-packages/airflow/example_dags/example_params_trigger_ui.py for tasks to queue
[2023-12-18T14:47:38.093+0000] {logging_mixin.py:154} INFO - [2023-12-18T14:47:38.093+0000] {dagbag.py:536} INFO - Filling up the DagBag from /home/airflow/.local/lib/python3.8/site-packages/airflow/example_dags/example_params_trigger_ui.py
[2023-12-18T14:47:38.103+0000] {processor.py:839} INFO - DAG(s) dict_keys(['example_params_trigger_ui']) retrieved from /home/airflow/.local/lib/python3.8/site-packages/airflow/example_dags/example_params_trigger_ui.py
[2023-12-18T14:47:38.134+0000] {logging_mixin.py:154} INFO - [2023-12-18T14:47:38.134+0000] {dag.py:2941} INFO - Sync 1 DAGs
[2023-12-18T14:47:38.141+0000] {logging_mixin.py:154} INFO - [2023-12-18T14:47:38.141+0000] {dag.py:3722} INFO - Setting next_dagrun for example_params_trigger_ui to None, run_after=None
[2023-12-18T14:47:38.153+0000] {processor.py:179} INFO - Processing /home/airflow/.local/lib/python3.8/site-packages/airflow/example_dags/example_params_trigger_ui.py took 0.064 seconds
[2023-12-18T14:48:08.361+0000] {processor.py:157} INFO - Started process (PID=543) to work on /home/airflow/.local/lib/python3.8/site-packages/airflow/example_dags/example_params_trigger_ui.py
[2023-12-18T14:48:08.362+0000] {processor.py:829} INFO - Processing file /home/airflow/.local/lib/python3.8/site-packages/airflow/example_dags/example_params_trigger_ui.py for tasks to queue
[2023-12-18T14:48:08.364+0000] {logging_mixin.py:154} INFO - [2023-12-18T14:48:08.363+0000] {dagbag.py:536} INFO - Filling up the DagBag from /home/airflow/.local/lib/python3.8/site-packages/airflow/example_dags/example_params_trigger_ui.py
[2023-12-18T14:48:08.374+0000] {processor.py:839} INFO - DAG(s) dict_keys(['example_params_trigger_ui']) retrieved from /home/airflow/.local/lib/python3.8/site-packages/airflow/example_dags/example_params_trigger_ui.py
[2023-12-18T14:48:08.404+0000] {logging_mixin.py:154} INFO - [2023-12-18T14:48:08.404+0000] {dag.py:2941} INFO - Sync 1 DAGs
[2023-12-18T14:48:08.412+0000] {logging_mixin.py:154} INFO - [2023-12-18T14:48:08.411+0000] {dag.py:3722} INFO - Setting next_dagrun for example_params_trigger_ui to None, run_after=None
[2023-12-18T14:48:08.422+0000] {processor.py:179} INFO - Processing /home/airflow/.local/lib/python3.8/site-packages/airflow/example_dags/example_params_trigger_ui.py took 0.063 seconds
[2023-12-18T14:48:39.321+0000] {processor.py:157} INFO - Started process (PID=613) to work on /home/airflow/.local/lib/python3.8/site-packages/airflow/example_dags/example_params_trigger_ui.py
[2023-12-18T14:48:39.323+0000] {processor.py:829} INFO - Processing file /home/airflow/.local/lib/python3.8/site-packages/airflow/example_dags/example_params_trigger_ui.py for tasks to queue
[2023-12-18T14:48:39.325+0000] {logging_mixin.py:154} INFO - [2023-12-18T14:48:39.325+0000] {dagbag.py:536} INFO - Filling up the DagBag from /home/airflow/.local/lib/python3.8/site-packages/airflow/example_dags/example_params_trigger_ui.py
[2023-12-18T14:48:39.336+0000] {processor.py:839} INFO - DAG(s) dict_keys(['example_params_trigger_ui']) retrieved from /home/airflow/.local/lib/python3.8/site-packages/airflow/example_dags/example_params_trigger_ui.py
[2023-12-18T14:48:39.366+0000] {logging_mixin.py:154} INFO - [2023-12-18T14:48:39.365+0000] {dag.py:2941} INFO - Sync 1 DAGs
[2023-12-18T14:48:39.375+0000] {logging_mixin.py:154} INFO - [2023-12-18T14:48:39.375+0000] {dag.py:3722} INFO - Setting next_dagrun for example_params_trigger_ui to None, run_after=None
[2023-12-18T14:48:39.388+0000] {processor.py:179} INFO - Processing /home/airflow/.local/lib/python3.8/site-packages/airflow/example_dags/example_params_trigger_ui.py took 0.069 seconds
[2023-12-18T14:52:07.546+0000] {processor.py:157} INFO - Started process (PID=60) to work on /home/airflow/.local/lib/python3.8/site-packages/airflow/example_dags/example_params_trigger_ui.py
[2023-12-18T14:52:07.547+0000] {processor.py:829} INFO - Processing file /home/airflow/.local/lib/python3.8/site-packages/airflow/example_dags/example_params_trigger_ui.py for tasks to queue
[2023-12-18T14:52:07.549+0000] {logging_mixin.py:154} INFO - [2023-12-18T14:52:07.549+0000] {dagbag.py:536} INFO - Filling up the DagBag from /home/airflow/.local/lib/python3.8/site-packages/airflow/example_dags/example_params_trigger_ui.py
[2023-12-18T14:52:07.570+0000] {processor.py:839} INFO - DAG(s) dict_keys(['example_params_trigger_ui']) retrieved from /home/airflow/.local/lib/python3.8/site-packages/airflow/example_dags/example_params_trigger_ui.py
[2023-12-18T14:52:07.665+0000] {logging_mixin.py:154} INFO - [2023-12-18T14:52:07.665+0000] {dag.py:2941} INFO - Sync 1 DAGs
[2023-12-18T14:52:07.706+0000] {logging_mixin.py:154} INFO - [2023-12-18T14:52:07.706+0000] {dag.py:3722} INFO - Setting next_dagrun for example_params_trigger_ui to None, run_after=None
[2023-12-18T14:52:07.753+0000] {processor.py:179} INFO - Processing /home/airflow/.local/lib/python3.8/site-packages/airflow/example_dags/example_params_trigger_ui.py took 0.210 seconds
[2023-12-18T14:52:38.124+0000] {processor.py:157} INFO - Started process (PID=129) to work on /home/airflow/.local/lib/python3.8/site-packages/airflow/example_dags/example_params_trigger_ui.py
[2023-12-18T14:52:38.124+0000] {processor.py:829} INFO - Processing file /home/airflow/.local/lib/python3.8/site-packages/airflow/example_dags/example_params_trigger_ui.py for tasks to queue
[2023-12-18T14:52:38.126+0000] {logging_mixin.py:154} INFO - [2023-12-18T14:52:38.125+0000] {dagbag.py:536} INFO - Filling up the DagBag from /home/airflow/.local/lib/python3.8/site-packages/airflow/example_dags/example_params_trigger_ui.py
[2023-12-18T14:52:38.137+0000] {processor.py:839} INFO - DAG(s) dict_keys(['example_params_trigger_ui']) retrieved from /home/airflow/.local/lib/python3.8/site-packages/airflow/example_dags/example_params_trigger_ui.py
[2023-12-18T14:52:38.202+0000] {logging_mixin.py:154} INFO - [2023-12-18T14:52:38.202+0000] {dag.py:2941} INFO - Sync 1 DAGs
[2023-12-18T14:52:38.210+0000] {logging_mixin.py:154} INFO - [2023-12-18T14:52:38.210+0000] {dag.py:3722} INFO - Setting next_dagrun for example_params_trigger_ui to None, run_after=None
[2023-12-18T14:52:38.224+0000] {processor.py:179} INFO - Processing /home/airflow/.local/lib/python3.8/site-packages/airflow/example_dags/example_params_trigger_ui.py took 0.103 seconds
[2023-12-18T14:53:08.511+0000] {processor.py:157} INFO - Started process (PID=199) to work on /home/airflow/.local/lib/python3.8/site-packages/airflow/example_dags/example_params_trigger_ui.py
[2023-12-18T14:53:08.512+0000] {processor.py:829} INFO - Processing file /home/airflow/.local/lib/python3.8/site-packages/airflow/example_dags/example_params_trigger_ui.py for tasks to queue
[2023-12-18T14:53:08.513+0000] {logging_mixin.py:154} INFO - [2023-12-18T14:53:08.513+0000] {dagbag.py:536} INFO - Filling up the DagBag from /home/airflow/.local/lib/python3.8/site-packages/airflow/example_dags/example_params_trigger_ui.py
[2023-12-18T14:53:08.522+0000] {processor.py:839} INFO - DAG(s) dict_keys(['example_params_trigger_ui']) retrieved from /home/airflow/.local/lib/python3.8/site-packages/airflow/example_dags/example_params_trigger_ui.py
[2023-12-18T14:53:08.552+0000] {logging_mixin.py:154} INFO - [2023-12-18T14:53:08.552+0000] {dag.py:2941} INFO - Sync 1 DAGs
[2023-12-18T14:53:08.559+0000] {logging_mixin.py:154} INFO - [2023-12-18T14:53:08.559+0000] {dag.py:3722} INFO - Setting next_dagrun for example_params_trigger_ui to None, run_after=None
[2023-12-18T14:53:08.586+0000] {processor.py:179} INFO - Processing /home/airflow/.local/lib/python3.8/site-packages/airflow/example_dags/example_params_trigger_ui.py took 0.076 seconds
[2023-12-18T14:53:39.344+0000] {processor.py:157} INFO - Started process (PID=268) to work on /home/airflow/.local/lib/python3.8/site-packages/airflow/example_dags/example_params_trigger_ui.py
[2023-12-18T14:53:39.345+0000] {processor.py:829} INFO - Processing file /home/airflow/.local/lib/python3.8/site-packages/airflow/example_dags/example_params_trigger_ui.py for tasks to queue
[2023-12-18T14:53:39.346+0000] {logging_mixin.py:154} INFO - [2023-12-18T14:53:39.346+0000] {dagbag.py:536} INFO - Filling up the DagBag from /home/airflow/.local/lib/python3.8/site-packages/airflow/example_dags/example_params_trigger_ui.py
[2023-12-18T14:53:39.355+0000] {processor.py:839} INFO - DAG(s) dict_keys(['example_params_trigger_ui']) retrieved from /home/airflow/.local/lib/python3.8/site-packages/airflow/example_dags/example_params_trigger_ui.py
[2023-12-18T14:53:39.398+0000] {logging_mixin.py:154} INFO - [2023-12-18T14:53:39.398+0000] {dag.py:2941} INFO - Sync 1 DAGs
[2023-12-18T14:53:39.405+0000] {logging_mixin.py:154} INFO - [2023-12-18T14:53:39.405+0000] {dag.py:3722} INFO - Setting next_dagrun for example_params_trigger_ui to None, run_after=None
[2023-12-18T14:53:39.416+0000] {processor.py:179} INFO - Processing /home/airflow/.local/lib/python3.8/site-packages/airflow/example_dags/example_params_trigger_ui.py took 0.074 seconds
