[2023-12-18T14:25:39.133+0000] {processor.py:157} INFO - Started process (PID=45) to work on /home/airflow/.local/lib/python3.8/site-packages/airflow/example_dags/example_complex.py
[2023-12-18T14:25:39.133+0000] {processor.py:829} INFO - Processing file /home/airflow/.local/lib/python3.8/site-packages/airflow/example_dags/example_complex.py for tasks to queue
[2023-12-18T14:25:39.135+0000] {logging_mixin.py:154} INFO - [2023-12-18T14:25:39.135+0000] {dagbag.py:536} INFO - Filling up the DagBag from /home/airflow/.local/lib/python3.8/site-packages/airflow/example_dags/example_complex.py
[2023-12-18T14:25:39.149+0000] {processor.py:839} INFO - DAG(s) dict_keys(['example_complex']) retrieved from /home/airflow/.local/lib/python3.8/site-packages/airflow/example_dags/example_complex.py
[2023-12-18T14:25:39.174+0000] {logging_mixin.py:154} INFO - [2023-12-18T14:25:39.174+0000] {dag.py:2941} INFO - Sync 1 DAGs
[2023-12-18T14:25:39.194+0000] {logging_mixin.py:154} INFO - [2023-12-18T14:25:39.193+0000] {dag.py:3722} INFO - Setting next_dagrun for example_complex to None, run_after=None
[2023-12-18T14:25:39.214+0000] {processor.py:179} INFO - Processing /home/airflow/.local/lib/python3.8/site-packages/airflow/example_dags/example_complex.py took 0.084 seconds
[2023-12-18T14:26:09.330+0000] {processor.py:157} INFO - Started process (PID=114) to work on /home/airflow/.local/lib/python3.8/site-packages/airflow/example_dags/example_complex.py
[2023-12-18T14:26:09.331+0000] {processor.py:829} INFO - Processing file /home/airflow/.local/lib/python3.8/site-packages/airflow/example_dags/example_complex.py for tasks to queue
[2023-12-18T14:26:09.332+0000] {logging_mixin.py:154} INFO - [2023-12-18T14:26:09.332+0000] {dagbag.py:536} INFO - Filling up the DagBag from /home/airflow/.local/lib/python3.8/site-packages/airflow/example_dags/example_complex.py
[2023-12-18T14:26:09.339+0000] {processor.py:839} INFO - DAG(s) dict_keys(['example_complex']) retrieved from /home/airflow/.local/lib/python3.8/site-packages/airflow/example_dags/example_complex.py
[2023-12-18T14:26:09.358+0000] {logging_mixin.py:154} INFO - [2023-12-18T14:26:09.358+0000] {dag.py:2941} INFO - Sync 1 DAGs
[2023-12-18T14:26:09.368+0000] {logging_mixin.py:154} INFO - [2023-12-18T14:26:09.368+0000] {dag.py:3722} INFO - Setting next_dagrun for example_complex to None, run_after=None
[2023-12-18T14:26:09.387+0000] {processor.py:179} INFO - Processing /home/airflow/.local/lib/python3.8/site-packages/airflow/example_dags/example_complex.py took 0.058 seconds
[2023-12-18T14:26:39.872+0000] {processor.py:157} INFO - Started process (PID=184) to work on /home/airflow/.local/lib/python3.8/site-packages/airflow/example_dags/example_complex.py
[2023-12-18T14:26:39.875+0000] {processor.py:829} INFO - Processing file /home/airflow/.local/lib/python3.8/site-packages/airflow/example_dags/example_complex.py for tasks to queue
[2023-12-18T14:26:39.876+0000] {logging_mixin.py:154} INFO - [2023-12-18T14:26:39.876+0000] {dagbag.py:536} INFO - Filling up the DagBag from /home/airflow/.local/lib/python3.8/site-packages/airflow/example_dags/example_complex.py
[2023-12-18T14:26:39.882+0000] {processor.py:839} INFO - DAG(s) dict_keys(['example_complex']) retrieved from /home/airflow/.local/lib/python3.8/site-packages/airflow/example_dags/example_complex.py
[2023-12-18T14:26:39.900+0000] {logging_mixin.py:154} INFO - [2023-12-18T14:26:39.900+0000] {dag.py:2941} INFO - Sync 1 DAGs
[2023-12-18T14:26:39.908+0000] {logging_mixin.py:154} INFO - [2023-12-18T14:26:39.907+0000] {dag.py:3722} INFO - Setting next_dagrun for example_complex to None, run_after=None
[2023-12-18T14:26:39.918+0000] {processor.py:179} INFO - Processing /home/airflow/.local/lib/python3.8/site-packages/airflow/example_dags/example_complex.py took 0.048 seconds
[2023-12-18T14:27:10.763+0000] {processor.py:157} INFO - Started process (PID=253) to work on /home/airflow/.local/lib/python3.8/site-packages/airflow/example_dags/example_complex.py
[2023-12-18T14:27:10.765+0000] {processor.py:829} INFO - Processing file /home/airflow/.local/lib/python3.8/site-packages/airflow/example_dags/example_complex.py for tasks to queue
[2023-12-18T14:27:10.766+0000] {logging_mixin.py:154} INFO - [2023-12-18T14:27:10.766+0000] {dagbag.py:536} INFO - Filling up the DagBag from /home/airflow/.local/lib/python3.8/site-packages/airflow/example_dags/example_complex.py
[2023-12-18T14:27:10.773+0000] {processor.py:839} INFO - DAG(s) dict_keys(['example_complex']) retrieved from /home/airflow/.local/lib/python3.8/site-packages/airflow/example_dags/example_complex.py
[2023-12-18T14:27:10.790+0000] {logging_mixin.py:154} INFO - [2023-12-18T14:27:10.790+0000] {dag.py:2941} INFO - Sync 1 DAGs
[2023-12-18T14:27:10.798+0000] {logging_mixin.py:154} INFO - [2023-12-18T14:27:10.798+0000] {dag.py:3722} INFO - Setting next_dagrun for example_complex to None, run_after=None
[2023-12-18T14:27:10.809+0000] {processor.py:179} INFO - Processing /home/airflow/.local/lib/python3.8/site-packages/airflow/example_dags/example_complex.py took 0.048 seconds
[2023-12-18T14:27:41.613+0000] {processor.py:157} INFO - Started process (PID=322) to work on /home/airflow/.local/lib/python3.8/site-packages/airflow/example_dags/example_complex.py
[2023-12-18T14:27:41.615+0000] {processor.py:829} INFO - Processing file /home/airflow/.local/lib/python3.8/site-packages/airflow/example_dags/example_complex.py for tasks to queue
[2023-12-18T14:27:41.616+0000] {logging_mixin.py:154} INFO - [2023-12-18T14:27:41.616+0000] {dagbag.py:536} INFO - Filling up the DagBag from /home/airflow/.local/lib/python3.8/site-packages/airflow/example_dags/example_complex.py
[2023-12-18T14:27:41.623+0000] {processor.py:839} INFO - DAG(s) dict_keys(['example_complex']) retrieved from /home/airflow/.local/lib/python3.8/site-packages/airflow/example_dags/example_complex.py
[2023-12-18T14:27:41.640+0000] {logging_mixin.py:154} INFO - [2023-12-18T14:27:41.640+0000] {dag.py:2941} INFO - Sync 1 DAGs
[2023-12-18T14:27:41.648+0000] {logging_mixin.py:154} INFO - [2023-12-18T14:27:41.648+0000] {dag.py:3722} INFO - Setting next_dagrun for example_complex to None, run_after=None
[2023-12-18T14:27:41.660+0000] {processor.py:179} INFO - Processing /home/airflow/.local/lib/python3.8/site-packages/airflow/example_dags/example_complex.py took 0.049 seconds
[2023-12-18T14:28:11.777+0000] {processor.py:157} INFO - Started process (PID=390) to work on /home/airflow/.local/lib/python3.8/site-packages/airflow/example_dags/example_complex.py
[2023-12-18T14:28:11.780+0000] {processor.py:829} INFO - Processing file /home/airflow/.local/lib/python3.8/site-packages/airflow/example_dags/example_complex.py for tasks to queue
[2023-12-18T14:28:11.781+0000] {logging_mixin.py:154} INFO - [2023-12-18T14:28:11.781+0000] {dagbag.py:536} INFO - Filling up the DagBag from /home/airflow/.local/lib/python3.8/site-packages/airflow/example_dags/example_complex.py
[2023-12-18T14:28:11.793+0000] {processor.py:839} INFO - DAG(s) dict_keys(['example_complex']) retrieved from /home/airflow/.local/lib/python3.8/site-packages/airflow/example_dags/example_complex.py
[2023-12-18T14:28:11.815+0000] {logging_mixin.py:154} INFO - [2023-12-18T14:28:11.815+0000] {dag.py:2941} INFO - Sync 1 DAGs
[2023-12-18T14:28:11.824+0000] {logging_mixin.py:154} INFO - [2023-12-18T14:28:11.823+0000] {dag.py:3722} INFO - Setting next_dagrun for example_complex to None, run_after=None
[2023-12-18T14:28:11.836+0000] {processor.py:179} INFO - Processing /home/airflow/.local/lib/python3.8/site-packages/airflow/example_dags/example_complex.py took 0.061 seconds
[2023-12-18T14:28:42.584+0000] {processor.py:157} INFO - Started process (PID=459) to work on /home/airflow/.local/lib/python3.8/site-packages/airflow/example_dags/example_complex.py
[2023-12-18T14:28:42.586+0000] {processor.py:829} INFO - Processing file /home/airflow/.local/lib/python3.8/site-packages/airflow/example_dags/example_complex.py for tasks to queue
[2023-12-18T14:28:42.588+0000] {logging_mixin.py:154} INFO - [2023-12-18T14:28:42.588+0000] {dagbag.py:536} INFO - Filling up the DagBag from /home/airflow/.local/lib/python3.8/site-packages/airflow/example_dags/example_complex.py
[2023-12-18T14:28:42.599+0000] {processor.py:839} INFO - DAG(s) dict_keys(['example_complex']) retrieved from /home/airflow/.local/lib/python3.8/site-packages/airflow/example_dags/example_complex.py
[2023-12-18T14:28:42.617+0000] {logging_mixin.py:154} INFO - [2023-12-18T14:28:42.617+0000] {dag.py:2941} INFO - Sync 1 DAGs
[2023-12-18T14:28:42.624+0000] {logging_mixin.py:154} INFO - [2023-12-18T14:28:42.624+0000] {dag.py:3722} INFO - Setting next_dagrun for example_complex to None, run_after=None
[2023-12-18T14:28:42.635+0000] {processor.py:179} INFO - Processing /home/airflow/.local/lib/python3.8/site-packages/airflow/example_dags/example_complex.py took 0.053 seconds
[2023-12-18T14:29:13.506+0000] {processor.py:157} INFO - Started process (PID=528) to work on /home/airflow/.local/lib/python3.8/site-packages/airflow/example_dags/example_complex.py
[2023-12-18T14:29:13.508+0000] {processor.py:829} INFO - Processing file /home/airflow/.local/lib/python3.8/site-packages/airflow/example_dags/example_complex.py for tasks to queue
[2023-12-18T14:29:13.510+0000] {logging_mixin.py:154} INFO - [2023-12-18T14:29:13.510+0000] {dagbag.py:536} INFO - Filling up the DagBag from /home/airflow/.local/lib/python3.8/site-packages/airflow/example_dags/example_complex.py
[2023-12-18T14:29:13.521+0000] {processor.py:839} INFO - DAG(s) dict_keys(['example_complex']) retrieved from /home/airflow/.local/lib/python3.8/site-packages/airflow/example_dags/example_complex.py
[2023-12-18T14:29:13.540+0000] {logging_mixin.py:154} INFO - [2023-12-18T14:29:13.540+0000] {dag.py:2941} INFO - Sync 1 DAGs
[2023-12-18T14:29:13.547+0000] {logging_mixin.py:154} INFO - [2023-12-18T14:29:13.547+0000] {dag.py:3722} INFO - Setting next_dagrun for example_complex to None, run_after=None
[2023-12-18T14:29:13.558+0000] {processor.py:179} INFO - Processing /home/airflow/.local/lib/python3.8/site-packages/airflow/example_dags/example_complex.py took 0.054 seconds
[2023-12-18T14:29:43.619+0000] {processor.py:157} INFO - Started process (PID=597) to work on /home/airflow/.local/lib/python3.8/site-packages/airflow/example_dags/example_complex.py
[2023-12-18T14:29:43.620+0000] {processor.py:829} INFO - Processing file /home/airflow/.local/lib/python3.8/site-packages/airflow/example_dags/example_complex.py for tasks to queue
[2023-12-18T14:29:43.622+0000] {logging_mixin.py:154} INFO - [2023-12-18T14:29:43.622+0000] {dagbag.py:536} INFO - Filling up the DagBag from /home/airflow/.local/lib/python3.8/site-packages/airflow/example_dags/example_complex.py
[2023-12-18T14:29:43.629+0000] {processor.py:839} INFO - DAG(s) dict_keys(['example_complex']) retrieved from /home/airflow/.local/lib/python3.8/site-packages/airflow/example_dags/example_complex.py
[2023-12-18T14:29:43.647+0000] {logging_mixin.py:154} INFO - [2023-12-18T14:29:43.646+0000] {dag.py:2941} INFO - Sync 1 DAGs
[2023-12-18T14:29:43.654+0000] {logging_mixin.py:154} INFO - [2023-12-18T14:29:43.654+0000] {dag.py:3722} INFO - Setting next_dagrun for example_complex to None, run_after=None
[2023-12-18T14:29:43.665+0000] {processor.py:179} INFO - Processing /home/airflow/.local/lib/python3.8/site-packages/airflow/example_dags/example_complex.py took 0.048 seconds
[2023-12-18T14:30:13.764+0000] {processor.py:157} INFO - Started process (PID=667) to work on /home/airflow/.local/lib/python3.8/site-packages/airflow/example_dags/example_complex.py
[2023-12-18T14:30:13.765+0000] {processor.py:829} INFO - Processing file /home/airflow/.local/lib/python3.8/site-packages/airflow/example_dags/example_complex.py for tasks to queue
[2023-12-18T14:30:13.766+0000] {logging_mixin.py:154} INFO - [2023-12-18T14:30:13.766+0000] {dagbag.py:536} INFO - Filling up the DagBag from /home/airflow/.local/lib/python3.8/site-packages/airflow/example_dags/example_complex.py
[2023-12-18T14:30:13.775+0000] {processor.py:839} INFO - DAG(s) dict_keys(['example_complex']) retrieved from /home/airflow/.local/lib/python3.8/site-packages/airflow/example_dags/example_complex.py
[2023-12-18T14:30:13.793+0000] {logging_mixin.py:154} INFO - [2023-12-18T14:30:13.793+0000] {dag.py:2941} INFO - Sync 1 DAGs
[2023-12-18T14:30:13.804+0000] {logging_mixin.py:154} INFO - [2023-12-18T14:30:13.803+0000] {dag.py:3722} INFO - Setting next_dagrun for example_complex to None, run_after=None
[2023-12-18T14:30:13.822+0000] {processor.py:179} INFO - Processing /home/airflow/.local/lib/python3.8/site-packages/airflow/example_dags/example_complex.py took 0.060 seconds
[2023-12-18T14:30:43.906+0000] {processor.py:157} INFO - Started process (PID=736) to work on /home/airflow/.local/lib/python3.8/site-packages/airflow/example_dags/example_complex.py
[2023-12-18T14:30:43.907+0000] {processor.py:829} INFO - Processing file /home/airflow/.local/lib/python3.8/site-packages/airflow/example_dags/example_complex.py for tasks to queue
[2023-12-18T14:30:43.908+0000] {logging_mixin.py:154} INFO - [2023-12-18T14:30:43.908+0000] {dagbag.py:536} INFO - Filling up the DagBag from /home/airflow/.local/lib/python3.8/site-packages/airflow/example_dags/example_complex.py
[2023-12-18T14:30:43.914+0000] {processor.py:839} INFO - DAG(s) dict_keys(['example_complex']) retrieved from /home/airflow/.local/lib/python3.8/site-packages/airflow/example_dags/example_complex.py
[2023-12-18T14:30:43.931+0000] {logging_mixin.py:154} INFO - [2023-12-18T14:30:43.931+0000] {dag.py:2941} INFO - Sync 1 DAGs
[2023-12-18T14:30:43.938+0000] {logging_mixin.py:154} INFO - [2023-12-18T14:30:43.938+0000] {dag.py:3722} INFO - Setting next_dagrun for example_complex to None, run_after=None
[2023-12-18T14:30:43.948+0000] {processor.py:179} INFO - Processing /home/airflow/.local/lib/python3.8/site-packages/airflow/example_dags/example_complex.py took 0.043 seconds
[2023-12-18T14:31:14.082+0000] {processor.py:157} INFO - Started process (PID=806) to work on /home/airflow/.local/lib/python3.8/site-packages/airflow/example_dags/example_complex.py
[2023-12-18T14:31:14.083+0000] {processor.py:829} INFO - Processing file /home/airflow/.local/lib/python3.8/site-packages/airflow/example_dags/example_complex.py for tasks to queue
[2023-12-18T14:31:14.085+0000] {logging_mixin.py:154} INFO - [2023-12-18T14:31:14.085+0000] {dagbag.py:536} INFO - Filling up the DagBag from /home/airflow/.local/lib/python3.8/site-packages/airflow/example_dags/example_complex.py
[2023-12-18T14:31:14.093+0000] {processor.py:839} INFO - DAG(s) dict_keys(['example_complex']) retrieved from /home/airflow/.local/lib/python3.8/site-packages/airflow/example_dags/example_complex.py
[2023-12-18T14:31:14.111+0000] {logging_mixin.py:154} INFO - [2023-12-18T14:31:14.111+0000] {dag.py:2941} INFO - Sync 1 DAGs
[2023-12-18T14:31:14.118+0000] {logging_mixin.py:154} INFO - [2023-12-18T14:31:14.118+0000] {dag.py:3722} INFO - Setting next_dagrun for example_complex to None, run_after=None
[2023-12-18T14:31:14.130+0000] {processor.py:179} INFO - Processing /home/airflow/.local/lib/python3.8/site-packages/airflow/example_dags/example_complex.py took 0.050 seconds
[2023-12-18T14:31:44.893+0000] {processor.py:157} INFO - Started process (PID=875) to work on /home/airflow/.local/lib/python3.8/site-packages/airflow/example_dags/example_complex.py
[2023-12-18T14:31:44.895+0000] {processor.py:829} INFO - Processing file /home/airflow/.local/lib/python3.8/site-packages/airflow/example_dags/example_complex.py for tasks to queue
[2023-12-18T14:31:44.897+0000] {logging_mixin.py:154} INFO - [2023-12-18T14:31:44.897+0000] {dagbag.py:536} INFO - Filling up the DagBag from /home/airflow/.local/lib/python3.8/site-packages/airflow/example_dags/example_complex.py
[2023-12-18T14:31:44.908+0000] {processor.py:839} INFO - DAG(s) dict_keys(['example_complex']) retrieved from /home/airflow/.local/lib/python3.8/site-packages/airflow/example_dags/example_complex.py
[2023-12-18T14:31:44.927+0000] {logging_mixin.py:154} INFO - [2023-12-18T14:31:44.927+0000] {dag.py:2941} INFO - Sync 1 DAGs
[2023-12-18T14:31:44.934+0000] {logging_mixin.py:154} INFO - [2023-12-18T14:31:44.934+0000] {dag.py:3722} INFO - Setting next_dagrun for example_complex to None, run_after=None
[2023-12-18T14:31:44.946+0000] {processor.py:179} INFO - Processing /home/airflow/.local/lib/python3.8/site-packages/airflow/example_dags/example_complex.py took 0.055 seconds
[2023-12-18T14:32:15.038+0000] {processor.py:157} INFO - Started process (PID=943) to work on /home/airflow/.local/lib/python3.8/site-packages/airflow/example_dags/example_complex.py
[2023-12-18T14:32:15.039+0000] {processor.py:829} INFO - Processing file /home/airflow/.local/lib/python3.8/site-packages/airflow/example_dags/example_complex.py for tasks to queue
[2023-12-18T14:32:15.040+0000] {logging_mixin.py:154} INFO - [2023-12-18T14:32:15.040+0000] {dagbag.py:536} INFO - Filling up the DagBag from /home/airflow/.local/lib/python3.8/site-packages/airflow/example_dags/example_complex.py
[2023-12-18T14:32:15.048+0000] {processor.py:839} INFO - DAG(s) dict_keys(['example_complex']) retrieved from /home/airflow/.local/lib/python3.8/site-packages/airflow/example_dags/example_complex.py
[2023-12-18T14:32:15.067+0000] {logging_mixin.py:154} INFO - [2023-12-18T14:32:15.066+0000] {dag.py:2941} INFO - Sync 1 DAGs
[2023-12-18T14:32:15.074+0000] {logging_mixin.py:154} INFO - [2023-12-18T14:32:15.074+0000] {dag.py:3722} INFO - Setting next_dagrun for example_complex to None, run_after=None
[2023-12-18T14:32:15.087+0000] {processor.py:179} INFO - Processing /home/airflow/.local/lib/python3.8/site-packages/airflow/example_dags/example_complex.py took 0.051 seconds
[2023-12-18T14:32:45.993+0000] {processor.py:157} INFO - Started process (PID=1011) to work on /home/airflow/.local/lib/python3.8/site-packages/airflow/example_dags/example_complex.py
[2023-12-18T14:32:45.994+0000] {processor.py:829} INFO - Processing file /home/airflow/.local/lib/python3.8/site-packages/airflow/example_dags/example_complex.py for tasks to queue
[2023-12-18T14:32:45.996+0000] {logging_mixin.py:154} INFO - [2023-12-18T14:32:45.996+0000] {dagbag.py:536} INFO - Filling up the DagBag from /home/airflow/.local/lib/python3.8/site-packages/airflow/example_dags/example_complex.py
[2023-12-18T14:32:46.006+0000] {processor.py:839} INFO - DAG(s) dict_keys(['example_complex']) retrieved from /home/airflow/.local/lib/python3.8/site-packages/airflow/example_dags/example_complex.py
[2023-12-18T14:32:46.024+0000] {logging_mixin.py:154} INFO - [2023-12-18T14:32:46.024+0000] {dag.py:2941} INFO - Sync 1 DAGs
[2023-12-18T14:32:46.032+0000] {logging_mixin.py:154} INFO - [2023-12-18T14:32:46.031+0000] {dag.py:3722} INFO - Setting next_dagrun for example_complex to None, run_after=None
[2023-12-18T14:32:46.043+0000] {processor.py:179} INFO - Processing /home/airflow/.local/lib/python3.8/site-packages/airflow/example_dags/example_complex.py took 0.052 seconds
[2023-12-18T14:33:16.729+0000] {processor.py:157} INFO - Started process (PID=1080) to work on /home/airflow/.local/lib/python3.8/site-packages/airflow/example_dags/example_complex.py
[2023-12-18T14:33:16.730+0000] {processor.py:829} INFO - Processing file /home/airflow/.local/lib/python3.8/site-packages/airflow/example_dags/example_complex.py for tasks to queue
[2023-12-18T14:33:16.731+0000] {logging_mixin.py:154} INFO - [2023-12-18T14:33:16.731+0000] {dagbag.py:536} INFO - Filling up the DagBag from /home/airflow/.local/lib/python3.8/site-packages/airflow/example_dags/example_complex.py
[2023-12-18T14:33:16.739+0000] {processor.py:839} INFO - DAG(s) dict_keys(['example_complex']) retrieved from /home/airflow/.local/lib/python3.8/site-packages/airflow/example_dags/example_complex.py
[2023-12-18T14:33:16.758+0000] {logging_mixin.py:154} INFO - [2023-12-18T14:33:16.758+0000] {dag.py:2941} INFO - Sync 1 DAGs
[2023-12-18T14:33:16.766+0000] {logging_mixin.py:154} INFO - [2023-12-18T14:33:16.766+0000] {dag.py:3722} INFO - Setting next_dagrun for example_complex to None, run_after=None
[2023-12-18T14:33:16.777+0000] {processor.py:179} INFO - Processing /home/airflow/.local/lib/python3.8/site-packages/airflow/example_dags/example_complex.py took 0.050 seconds
[2023-12-18T14:33:47.587+0000] {processor.py:157} INFO - Started process (PID=1149) to work on /home/airflow/.local/lib/python3.8/site-packages/airflow/example_dags/example_complex.py
[2023-12-18T14:33:47.589+0000] {processor.py:829} INFO - Processing file /home/airflow/.local/lib/python3.8/site-packages/airflow/example_dags/example_complex.py for tasks to queue
[2023-12-18T14:33:47.591+0000] {logging_mixin.py:154} INFO - [2023-12-18T14:33:47.590+0000] {dagbag.py:536} INFO - Filling up the DagBag from /home/airflow/.local/lib/python3.8/site-packages/airflow/example_dags/example_complex.py
[2023-12-18T14:33:47.598+0000] {processor.py:839} INFO - DAG(s) dict_keys(['example_complex']) retrieved from /home/airflow/.local/lib/python3.8/site-packages/airflow/example_dags/example_complex.py
[2023-12-18T14:33:47.617+0000] {logging_mixin.py:154} INFO - [2023-12-18T14:33:47.617+0000] {dag.py:2941} INFO - Sync 1 DAGs
[2023-12-18T14:33:47.624+0000] {logging_mixin.py:154} INFO - [2023-12-18T14:33:47.624+0000] {dag.py:3722} INFO - Setting next_dagrun for example_complex to None, run_after=None
[2023-12-18T14:33:47.635+0000] {processor.py:179} INFO - Processing /home/airflow/.local/lib/python3.8/site-packages/airflow/example_dags/example_complex.py took 0.049 seconds
[2023-12-18T14:34:17.667+0000] {processor.py:157} INFO - Started process (PID=1218) to work on /home/airflow/.local/lib/python3.8/site-packages/airflow/example_dags/example_complex.py
[2023-12-18T14:34:17.668+0000] {processor.py:829} INFO - Processing file /home/airflow/.local/lib/python3.8/site-packages/airflow/example_dags/example_complex.py for tasks to queue
[2023-12-18T14:34:17.671+0000] {logging_mixin.py:154} INFO - [2023-12-18T14:34:17.671+0000] {dagbag.py:536} INFO - Filling up the DagBag from /home/airflow/.local/lib/python3.8/site-packages/airflow/example_dags/example_complex.py
[2023-12-18T14:34:17.680+0000] {processor.py:839} INFO - DAG(s) dict_keys(['example_complex']) retrieved from /home/airflow/.local/lib/python3.8/site-packages/airflow/example_dags/example_complex.py
[2023-12-18T14:34:17.698+0000] {logging_mixin.py:154} INFO - [2023-12-18T14:34:17.698+0000] {dag.py:2941} INFO - Sync 1 DAGs
[2023-12-18T14:34:17.705+0000] {logging_mixin.py:154} INFO - [2023-12-18T14:34:17.705+0000] {dag.py:3722} INFO - Setting next_dagrun for example_complex to None, run_after=None
[2023-12-18T14:34:17.716+0000] {processor.py:179} INFO - Processing /home/airflow/.local/lib/python3.8/site-packages/airflow/example_dags/example_complex.py took 0.053 seconds
[2023-12-18T14:34:47.801+0000] {processor.py:157} INFO - Started process (PID=1288) to work on /home/airflow/.local/lib/python3.8/site-packages/airflow/example_dags/example_complex.py
[2023-12-18T14:34:47.802+0000] {processor.py:829} INFO - Processing file /home/airflow/.local/lib/python3.8/site-packages/airflow/example_dags/example_complex.py for tasks to queue
[2023-12-18T14:34:47.804+0000] {logging_mixin.py:154} INFO - [2023-12-18T14:34:47.804+0000] {dagbag.py:536} INFO - Filling up the DagBag from /home/airflow/.local/lib/python3.8/site-packages/airflow/example_dags/example_complex.py
[2023-12-18T14:34:47.815+0000] {processor.py:839} INFO - DAG(s) dict_keys(['example_complex']) retrieved from /home/airflow/.local/lib/python3.8/site-packages/airflow/example_dags/example_complex.py
[2023-12-18T14:34:47.833+0000] {logging_mixin.py:154} INFO - [2023-12-18T14:34:47.833+0000] {dag.py:2941} INFO - Sync 1 DAGs
[2023-12-18T14:34:47.840+0000] {logging_mixin.py:154} INFO - [2023-12-18T14:34:47.840+0000] {dag.py:3722} INFO - Setting next_dagrun for example_complex to None, run_after=None
[2023-12-18T14:34:47.852+0000] {processor.py:179} INFO - Processing /home/airflow/.local/lib/python3.8/site-packages/airflow/example_dags/example_complex.py took 0.054 seconds
[2023-12-18T14:35:17.904+0000] {processor.py:157} INFO - Started process (PID=1357) to work on /home/airflow/.local/lib/python3.8/site-packages/airflow/example_dags/example_complex.py
[2023-12-18T14:35:17.905+0000] {processor.py:829} INFO - Processing file /home/airflow/.local/lib/python3.8/site-packages/airflow/example_dags/example_complex.py for tasks to queue
[2023-12-18T14:35:17.906+0000] {logging_mixin.py:154} INFO - [2023-12-18T14:35:17.906+0000] {dagbag.py:536} INFO - Filling up the DagBag from /home/airflow/.local/lib/python3.8/site-packages/airflow/example_dags/example_complex.py
[2023-12-18T14:35:17.912+0000] {processor.py:839} INFO - DAG(s) dict_keys(['example_complex']) retrieved from /home/airflow/.local/lib/python3.8/site-packages/airflow/example_dags/example_complex.py
[2023-12-18T14:35:17.936+0000] {logging_mixin.py:154} INFO - [2023-12-18T14:35:17.936+0000] {dag.py:2941} INFO - Sync 1 DAGs
[2023-12-18T14:35:17.945+0000] {logging_mixin.py:154} INFO - [2023-12-18T14:35:17.945+0000] {dag.py:3722} INFO - Setting next_dagrun for example_complex to None, run_after=None
[2023-12-18T14:35:17.956+0000] {processor.py:179} INFO - Processing /home/airflow/.local/lib/python3.8/site-packages/airflow/example_dags/example_complex.py took 0.054 seconds
[2023-12-18T14:35:48.008+0000] {processor.py:157} INFO - Started process (PID=1426) to work on /home/airflow/.local/lib/python3.8/site-packages/airflow/example_dags/example_complex.py
[2023-12-18T14:35:48.009+0000] {processor.py:829} INFO - Processing file /home/airflow/.local/lib/python3.8/site-packages/airflow/example_dags/example_complex.py for tasks to queue
[2023-12-18T14:35:48.010+0000] {logging_mixin.py:154} INFO - [2023-12-18T14:35:48.010+0000] {dagbag.py:536} INFO - Filling up the DagBag from /home/airflow/.local/lib/python3.8/site-packages/airflow/example_dags/example_complex.py
[2023-12-18T14:35:48.016+0000] {processor.py:839} INFO - DAG(s) dict_keys(['example_complex']) retrieved from /home/airflow/.local/lib/python3.8/site-packages/airflow/example_dags/example_complex.py
[2023-12-18T14:35:48.035+0000] {logging_mixin.py:154} INFO - [2023-12-18T14:35:48.035+0000] {dag.py:2941} INFO - Sync 1 DAGs
[2023-12-18T14:35:48.043+0000] {logging_mixin.py:154} INFO - [2023-12-18T14:35:48.043+0000] {dag.py:3722} INFO - Setting next_dagrun for example_complex to None, run_after=None
[2023-12-18T14:35:48.056+0000] {processor.py:179} INFO - Processing /home/airflow/.local/lib/python3.8/site-packages/airflow/example_dags/example_complex.py took 0.050 seconds
[2023-12-18T14:36:18.144+0000] {processor.py:157} INFO - Started process (PID=1494) to work on /home/airflow/.local/lib/python3.8/site-packages/airflow/example_dags/example_complex.py
[2023-12-18T14:36:18.145+0000] {processor.py:829} INFO - Processing file /home/airflow/.local/lib/python3.8/site-packages/airflow/example_dags/example_complex.py for tasks to queue
[2023-12-18T14:36:18.146+0000] {logging_mixin.py:154} INFO - [2023-12-18T14:36:18.146+0000] {dagbag.py:536} INFO - Filling up the DagBag from /home/airflow/.local/lib/python3.8/site-packages/airflow/example_dags/example_complex.py
[2023-12-18T14:36:18.153+0000] {processor.py:839} INFO - DAG(s) dict_keys(['example_complex']) retrieved from /home/airflow/.local/lib/python3.8/site-packages/airflow/example_dags/example_complex.py
[2023-12-18T14:36:18.170+0000] {logging_mixin.py:154} INFO - [2023-12-18T14:36:18.170+0000] {dag.py:2941} INFO - Sync 1 DAGs
[2023-12-18T14:36:18.177+0000] {logging_mixin.py:154} INFO - [2023-12-18T14:36:18.177+0000] {dag.py:3722} INFO - Setting next_dagrun for example_complex to None, run_after=None
[2023-12-18T14:36:18.188+0000] {processor.py:179} INFO - Processing /home/airflow/.local/lib/python3.8/site-packages/airflow/example_dags/example_complex.py took 0.045 seconds
[2023-12-18T14:36:48.262+0000] {processor.py:157} INFO - Started process (PID=1563) to work on /home/airflow/.local/lib/python3.8/site-packages/airflow/example_dags/example_complex.py
[2023-12-18T14:36:48.262+0000] {processor.py:829} INFO - Processing file /home/airflow/.local/lib/python3.8/site-packages/airflow/example_dags/example_complex.py for tasks to queue
[2023-12-18T14:36:48.264+0000] {logging_mixin.py:154} INFO - [2023-12-18T14:36:48.263+0000] {dagbag.py:536} INFO - Filling up the DagBag from /home/airflow/.local/lib/python3.8/site-packages/airflow/example_dags/example_complex.py
[2023-12-18T14:36:48.271+0000] {processor.py:839} INFO - DAG(s) dict_keys(['example_complex']) retrieved from /home/airflow/.local/lib/python3.8/site-packages/airflow/example_dags/example_complex.py
[2023-12-18T14:36:48.290+0000] {logging_mixin.py:154} INFO - [2023-12-18T14:36:48.290+0000] {dag.py:2941} INFO - Sync 1 DAGs
[2023-12-18T14:36:48.298+0000] {logging_mixin.py:154} INFO - [2023-12-18T14:36:48.298+0000] {dag.py:3722} INFO - Setting next_dagrun for example_complex to None, run_after=None
[2023-12-18T14:36:48.308+0000] {processor.py:179} INFO - Processing /home/airflow/.local/lib/python3.8/site-packages/airflow/example_dags/example_complex.py took 0.048 seconds
[2023-12-18T14:37:18.395+0000] {processor.py:157} INFO - Started process (PID=1632) to work on /home/airflow/.local/lib/python3.8/site-packages/airflow/example_dags/example_complex.py
[2023-12-18T14:37:18.396+0000] {processor.py:829} INFO - Processing file /home/airflow/.local/lib/python3.8/site-packages/airflow/example_dags/example_complex.py for tasks to queue
[2023-12-18T14:37:18.397+0000] {logging_mixin.py:154} INFO - [2023-12-18T14:37:18.397+0000] {dagbag.py:536} INFO - Filling up the DagBag from /home/airflow/.local/lib/python3.8/site-packages/airflow/example_dags/example_complex.py
[2023-12-18T14:37:18.403+0000] {processor.py:839} INFO - DAG(s) dict_keys(['example_complex']) retrieved from /home/airflow/.local/lib/python3.8/site-packages/airflow/example_dags/example_complex.py
[2023-12-18T14:37:18.421+0000] {logging_mixin.py:154} INFO - [2023-12-18T14:37:18.421+0000] {dag.py:2941} INFO - Sync 1 DAGs
[2023-12-18T14:37:18.430+0000] {logging_mixin.py:154} INFO - [2023-12-18T14:37:18.430+0000] {dag.py:3722} INFO - Setting next_dagrun for example_complex to None, run_after=None
[2023-12-18T14:37:18.440+0000] {processor.py:179} INFO - Processing /home/airflow/.local/lib/python3.8/site-packages/airflow/example_dags/example_complex.py took 0.047 seconds
[2023-12-18T14:37:49.121+0000] {processor.py:157} INFO - Started process (PID=1701) to work on /home/airflow/.local/lib/python3.8/site-packages/airflow/example_dags/example_complex.py
[2023-12-18T14:37:49.124+0000] {processor.py:829} INFO - Processing file /home/airflow/.local/lib/python3.8/site-packages/airflow/example_dags/example_complex.py for tasks to queue
[2023-12-18T14:37:49.126+0000] {logging_mixin.py:154} INFO - [2023-12-18T14:37:49.125+0000] {dagbag.py:536} INFO - Filling up the DagBag from /home/airflow/.local/lib/python3.8/site-packages/airflow/example_dags/example_complex.py
[2023-12-18T14:37:49.137+0000] {processor.py:839} INFO - DAG(s) dict_keys(['example_complex']) retrieved from /home/airflow/.local/lib/python3.8/site-packages/airflow/example_dags/example_complex.py
[2023-12-18T14:37:49.156+0000] {logging_mixin.py:154} INFO - [2023-12-18T14:37:49.156+0000] {dag.py:2941} INFO - Sync 1 DAGs
[2023-12-18T14:37:49.163+0000] {logging_mixin.py:154} INFO - [2023-12-18T14:37:49.163+0000] {dag.py:3722} INFO - Setting next_dagrun for example_complex to None, run_after=None
[2023-12-18T14:37:49.175+0000] {processor.py:179} INFO - Processing /home/airflow/.local/lib/python3.8/site-packages/airflow/example_dags/example_complex.py took 0.055 seconds
[2023-12-18T14:38:19.874+0000] {processor.py:157} INFO - Started process (PID=1770) to work on /home/airflow/.local/lib/python3.8/site-packages/airflow/example_dags/example_complex.py
[2023-12-18T14:38:19.876+0000] {processor.py:829} INFO - Processing file /home/airflow/.local/lib/python3.8/site-packages/airflow/example_dags/example_complex.py for tasks to queue
[2023-12-18T14:38:19.878+0000] {logging_mixin.py:154} INFO - [2023-12-18T14:38:19.877+0000] {dagbag.py:536} INFO - Filling up the DagBag from /home/airflow/.local/lib/python3.8/site-packages/airflow/example_dags/example_complex.py
[2023-12-18T14:38:19.889+0000] {processor.py:839} INFO - DAG(s) dict_keys(['example_complex']) retrieved from /home/airflow/.local/lib/python3.8/site-packages/airflow/example_dags/example_complex.py
[2023-12-18T14:38:19.907+0000] {logging_mixin.py:154} INFO - [2023-12-18T14:38:19.907+0000] {dag.py:2941} INFO - Sync 1 DAGs
[2023-12-18T14:38:19.914+0000] {logging_mixin.py:154} INFO - [2023-12-18T14:38:19.914+0000] {dag.py:3722} INFO - Setting next_dagrun for example_complex to None, run_after=None
[2023-12-18T14:38:19.925+0000] {processor.py:179} INFO - Processing /home/airflow/.local/lib/python3.8/site-packages/airflow/example_dags/example_complex.py took 0.053 seconds
[2023-12-18T14:38:50.618+0000] {processor.py:157} INFO - Started process (PID=1839) to work on /home/airflow/.local/lib/python3.8/site-packages/airflow/example_dags/example_complex.py
[2023-12-18T14:38:50.618+0000] {processor.py:829} INFO - Processing file /home/airflow/.local/lib/python3.8/site-packages/airflow/example_dags/example_complex.py for tasks to queue
[2023-12-18T14:38:50.621+0000] {logging_mixin.py:154} INFO - [2023-12-18T14:38:50.620+0000] {dagbag.py:536} INFO - Filling up the DagBag from /home/airflow/.local/lib/python3.8/site-packages/airflow/example_dags/example_complex.py
[2023-12-18T14:38:50.631+0000] {processor.py:839} INFO - DAG(s) dict_keys(['example_complex']) retrieved from /home/airflow/.local/lib/python3.8/site-packages/airflow/example_dags/example_complex.py
[2023-12-18T14:38:50.659+0000] {logging_mixin.py:154} INFO - [2023-12-18T14:38:50.659+0000] {dag.py:2941} INFO - Sync 1 DAGs
[2023-12-18T14:38:50.673+0000] {logging_mixin.py:154} INFO - [2023-12-18T14:38:50.672+0000] {dag.py:3722} INFO - Setting next_dagrun for example_complex to None, run_after=None
[2023-12-18T14:38:50.694+0000] {processor.py:179} INFO - Processing /home/airflow/.local/lib/python3.8/site-packages/airflow/example_dags/example_complex.py took 0.079 seconds
[2023-12-18T14:39:52.462+0000] {processor.py:157} INFO - Started process (PID=45) to work on /home/airflow/.local/lib/python3.8/site-packages/airflow/example_dags/example_complex.py
[2023-12-18T14:39:52.463+0000] {processor.py:829} INFO - Processing file /home/airflow/.local/lib/python3.8/site-packages/airflow/example_dags/example_complex.py for tasks to queue
[2023-12-18T14:39:52.465+0000] {logging_mixin.py:154} INFO - [2023-12-18T14:39:52.464+0000] {dagbag.py:536} INFO - Filling up the DagBag from /home/airflow/.local/lib/python3.8/site-packages/airflow/example_dags/example_complex.py
[2023-12-18T14:39:52.475+0000] {processor.py:839} INFO - DAG(s) dict_keys(['example_complex']) retrieved from /home/airflow/.local/lib/python3.8/site-packages/airflow/example_dags/example_complex.py
[2023-12-18T14:39:52.542+0000] {logging_mixin.py:154} INFO - [2023-12-18T14:39:52.542+0000] {dag.py:2941} INFO - Sync 1 DAGs
[2023-12-18T14:39:52.555+0000] {logging_mixin.py:154} INFO - [2023-12-18T14:39:52.555+0000] {dag.py:3722} INFO - Setting next_dagrun for example_complex to None, run_after=None
[2023-12-18T14:39:52.574+0000] {processor.py:179} INFO - Processing /home/airflow/.local/lib/python3.8/site-packages/airflow/example_dags/example_complex.py took 0.114 seconds
[2023-12-18T14:40:22.639+0000] {processor.py:157} INFO - Started process (PID=114) to work on /home/airflow/.local/lib/python3.8/site-packages/airflow/example_dags/example_complex.py
[2023-12-18T14:40:22.639+0000] {processor.py:829} INFO - Processing file /home/airflow/.local/lib/python3.8/site-packages/airflow/example_dags/example_complex.py for tasks to queue
[2023-12-18T14:40:22.640+0000] {logging_mixin.py:154} INFO - [2023-12-18T14:40:22.640+0000] {dagbag.py:536} INFO - Filling up the DagBag from /home/airflow/.local/lib/python3.8/site-packages/airflow/example_dags/example_complex.py
[2023-12-18T14:40:22.646+0000] {processor.py:839} INFO - DAG(s) dict_keys(['example_complex']) retrieved from /home/airflow/.local/lib/python3.8/site-packages/airflow/example_dags/example_complex.py
[2023-12-18T14:40:22.663+0000] {logging_mixin.py:154} INFO - [2023-12-18T14:40:22.663+0000] {dag.py:2941} INFO - Sync 1 DAGs
[2023-12-18T14:40:22.670+0000] {logging_mixin.py:154} INFO - [2023-12-18T14:40:22.670+0000] {dag.py:3722} INFO - Setting next_dagrun for example_complex to None, run_after=None
[2023-12-18T14:40:22.680+0000] {processor.py:179} INFO - Processing /home/airflow/.local/lib/python3.8/site-packages/airflow/example_dags/example_complex.py took 0.043 seconds
[2023-12-18T14:40:52.948+0000] {processor.py:157} INFO - Started process (PID=183) to work on /home/airflow/.local/lib/python3.8/site-packages/airflow/example_dags/example_complex.py
[2023-12-18T14:40:52.949+0000] {processor.py:829} INFO - Processing file /home/airflow/.local/lib/python3.8/site-packages/airflow/example_dags/example_complex.py for tasks to queue
[2023-12-18T14:40:52.950+0000] {logging_mixin.py:154} INFO - [2023-12-18T14:40:52.950+0000] {dagbag.py:536} INFO - Filling up the DagBag from /home/airflow/.local/lib/python3.8/site-packages/airflow/example_dags/example_complex.py
[2023-12-18T14:40:52.956+0000] {processor.py:839} INFO - DAG(s) dict_keys(['example_complex']) retrieved from /home/airflow/.local/lib/python3.8/site-packages/airflow/example_dags/example_complex.py
[2023-12-18T14:40:52.974+0000] {logging_mixin.py:154} INFO - [2023-12-18T14:40:52.974+0000] {dag.py:2941} INFO - Sync 1 DAGs
[2023-12-18T14:40:52.982+0000] {logging_mixin.py:154} INFO - [2023-12-18T14:40:52.982+0000] {dag.py:3722} INFO - Setting next_dagrun for example_complex to None, run_after=None
[2023-12-18T14:40:52.993+0000] {processor.py:179} INFO - Processing /home/airflow/.local/lib/python3.8/site-packages/airflow/example_dags/example_complex.py took 0.047 seconds
[2023-12-18T14:41:23.758+0000] {processor.py:157} INFO - Started process (PID=252) to work on /home/airflow/.local/lib/python3.8/site-packages/airflow/example_dags/example_complex.py
[2023-12-18T14:41:23.760+0000] {processor.py:829} INFO - Processing file /home/airflow/.local/lib/python3.8/site-packages/airflow/example_dags/example_complex.py for tasks to queue
[2023-12-18T14:41:23.761+0000] {logging_mixin.py:154} INFO - [2023-12-18T14:41:23.761+0000] {dagbag.py:536} INFO - Filling up the DagBag from /home/airflow/.local/lib/python3.8/site-packages/airflow/example_dags/example_complex.py
[2023-12-18T14:41:23.768+0000] {processor.py:839} INFO - DAG(s) dict_keys(['example_complex']) retrieved from /home/airflow/.local/lib/python3.8/site-packages/airflow/example_dags/example_complex.py
[2023-12-18T14:41:23.785+0000] {logging_mixin.py:154} INFO - [2023-12-18T14:41:23.785+0000] {dag.py:2941} INFO - Sync 1 DAGs
[2023-12-18T14:41:23.793+0000] {logging_mixin.py:154} INFO - [2023-12-18T14:41:23.793+0000] {dag.py:3722} INFO - Setting next_dagrun for example_complex to None, run_after=None
[2023-12-18T14:41:23.807+0000] {processor.py:179} INFO - Processing /home/airflow/.local/lib/python3.8/site-packages/airflow/example_dags/example_complex.py took 0.051 seconds
[2023-12-18T14:41:54.573+0000] {processor.py:157} INFO - Started process (PID=322) to work on /home/airflow/.local/lib/python3.8/site-packages/airflow/example_dags/example_complex.py
[2023-12-18T14:41:54.573+0000] {processor.py:829} INFO - Processing file /home/airflow/.local/lib/python3.8/site-packages/airflow/example_dags/example_complex.py for tasks to queue
[2023-12-18T14:41:54.574+0000] {logging_mixin.py:154} INFO - [2023-12-18T14:41:54.574+0000] {dagbag.py:536} INFO - Filling up the DagBag from /home/airflow/.local/lib/python3.8/site-packages/airflow/example_dags/example_complex.py
[2023-12-18T14:41:54.581+0000] {processor.py:839} INFO - DAG(s) dict_keys(['example_complex']) retrieved from /home/airflow/.local/lib/python3.8/site-packages/airflow/example_dags/example_complex.py
[2023-12-18T14:41:54.599+0000] {logging_mixin.py:154} INFO - [2023-12-18T14:41:54.599+0000] {dag.py:2941} INFO - Sync 1 DAGs
[2023-12-18T14:41:54.606+0000] {logging_mixin.py:154} INFO - [2023-12-18T14:41:54.606+0000] {dag.py:3722} INFO - Setting next_dagrun for example_complex to None, run_after=None
[2023-12-18T14:41:54.617+0000] {processor.py:179} INFO - Processing /home/airflow/.local/lib/python3.8/site-packages/airflow/example_dags/example_complex.py took 0.046 seconds
[2023-12-18T14:42:25.312+0000] {processor.py:157} INFO - Started process (PID=391) to work on /home/airflow/.local/lib/python3.8/site-packages/airflow/example_dags/example_complex.py
[2023-12-18T14:42:25.314+0000] {processor.py:829} INFO - Processing file /home/airflow/.local/lib/python3.8/site-packages/airflow/example_dags/example_complex.py for tasks to queue
[2023-12-18T14:42:25.315+0000] {logging_mixin.py:154} INFO - [2023-12-18T14:42:25.315+0000] {dagbag.py:536} INFO - Filling up the DagBag from /home/airflow/.local/lib/python3.8/site-packages/airflow/example_dags/example_complex.py
[2023-12-18T14:42:25.322+0000] {processor.py:839} INFO - DAG(s) dict_keys(['example_complex']) retrieved from /home/airflow/.local/lib/python3.8/site-packages/airflow/example_dags/example_complex.py
[2023-12-18T14:42:25.340+0000] {logging_mixin.py:154} INFO - [2023-12-18T14:42:25.340+0000] {dag.py:2941} INFO - Sync 1 DAGs
[2023-12-18T14:42:25.347+0000] {logging_mixin.py:154} INFO - [2023-12-18T14:42:25.347+0000] {dag.py:3722} INFO - Setting next_dagrun for example_complex to None, run_after=None
[2023-12-18T14:42:25.358+0000] {processor.py:179} INFO - Processing /home/airflow/.local/lib/python3.8/site-packages/airflow/example_dags/example_complex.py took 0.048 seconds
[2023-12-18T14:42:55.693+0000] {processor.py:157} INFO - Started process (PID=460) to work on /home/airflow/.local/lib/python3.8/site-packages/airflow/example_dags/example_complex.py
[2023-12-18T14:42:55.694+0000] {processor.py:829} INFO - Processing file /home/airflow/.local/lib/python3.8/site-packages/airflow/example_dags/example_complex.py for tasks to queue
[2023-12-18T14:42:55.695+0000] {logging_mixin.py:154} INFO - [2023-12-18T14:42:55.694+0000] {dagbag.py:536} INFO - Filling up the DagBag from /home/airflow/.local/lib/python3.8/site-packages/airflow/example_dags/example_complex.py
[2023-12-18T14:42:55.701+0000] {processor.py:839} INFO - DAG(s) dict_keys(['example_complex']) retrieved from /home/airflow/.local/lib/python3.8/site-packages/airflow/example_dags/example_complex.py
[2023-12-18T14:42:55.719+0000] {logging_mixin.py:154} INFO - [2023-12-18T14:42:55.719+0000] {dag.py:2941} INFO - Sync 1 DAGs
[2023-12-18T14:42:55.727+0000] {logging_mixin.py:154} INFO - [2023-12-18T14:42:55.727+0000] {dag.py:3722} INFO - Setting next_dagrun for example_complex to None, run_after=None
[2023-12-18T14:42:55.737+0000] {processor.py:179} INFO - Processing /home/airflow/.local/lib/python3.8/site-packages/airflow/example_dags/example_complex.py took 0.047 seconds
[2023-12-18T14:44:32.735+0000] {processor.py:157} INFO - Started process (PID=43) to work on /home/airflow/.local/lib/python3.8/site-packages/airflow/example_dags/example_complex.py
[2023-12-18T14:44:32.736+0000] {processor.py:829} INFO - Processing file /home/airflow/.local/lib/python3.8/site-packages/airflow/example_dags/example_complex.py for tasks to queue
[2023-12-18T14:44:32.739+0000] {logging_mixin.py:154} INFO - [2023-12-18T14:44:32.739+0000] {dagbag.py:536} INFO - Filling up the DagBag from /home/airflow/.local/lib/python3.8/site-packages/airflow/example_dags/example_complex.py
[2023-12-18T14:44:32.756+0000] {processor.py:839} INFO - DAG(s) dict_keys(['example_complex']) retrieved from /home/airflow/.local/lib/python3.8/site-packages/airflow/example_dags/example_complex.py
[2023-12-18T14:44:32.834+0000] {logging_mixin.py:154} INFO - [2023-12-18T14:44:32.834+0000] {dag.py:2941} INFO - Sync 1 DAGs
[2023-12-18T14:44:32.848+0000] {logging_mixin.py:154} INFO - [2023-12-18T14:44:32.848+0000] {dag.py:3722} INFO - Setting next_dagrun for example_complex to None, run_after=None
[2023-12-18T14:44:32.866+0000] {processor.py:179} INFO - Processing /home/airflow/.local/lib/python3.8/site-packages/airflow/example_dags/example_complex.py took 0.138 seconds
[2023-12-18T14:45:03.068+0000] {processor.py:157} INFO - Started process (PID=112) to work on /home/airflow/.local/lib/python3.8/site-packages/airflow/example_dags/example_complex.py
[2023-12-18T14:45:03.069+0000] {processor.py:829} INFO - Processing file /home/airflow/.local/lib/python3.8/site-packages/airflow/example_dags/example_complex.py for tasks to queue
[2023-12-18T14:45:03.070+0000] {logging_mixin.py:154} INFO - [2023-12-18T14:45:03.070+0000] {dagbag.py:536} INFO - Filling up the DagBag from /home/airflow/.local/lib/python3.8/site-packages/airflow/example_dags/example_complex.py
[2023-12-18T14:45:03.080+0000] {processor.py:839} INFO - DAG(s) dict_keys(['example_complex']) retrieved from /home/airflow/.local/lib/python3.8/site-packages/airflow/example_dags/example_complex.py
[2023-12-18T14:45:03.110+0000] {logging_mixin.py:154} INFO - [2023-12-18T14:45:03.110+0000] {dag.py:2941} INFO - Sync 1 DAGs
[2023-12-18T14:45:03.121+0000] {logging_mixin.py:154} INFO - [2023-12-18T14:45:03.121+0000] {dag.py:3722} INFO - Setting next_dagrun for example_complex to None, run_after=None
[2023-12-18T14:45:03.140+0000] {processor.py:179} INFO - Processing /home/airflow/.local/lib/python3.8/site-packages/airflow/example_dags/example_complex.py took 0.074 seconds
[2023-12-18T14:45:33.545+0000] {processor.py:157} INFO - Started process (PID=181) to work on /home/airflow/.local/lib/python3.8/site-packages/airflow/example_dags/example_complex.py
[2023-12-18T14:45:33.546+0000] {processor.py:829} INFO - Processing file /home/airflow/.local/lib/python3.8/site-packages/airflow/example_dags/example_complex.py for tasks to queue
[2023-12-18T14:45:33.547+0000] {logging_mixin.py:154} INFO - [2023-12-18T14:45:33.547+0000] {dagbag.py:536} INFO - Filling up the DagBag from /home/airflow/.local/lib/python3.8/site-packages/airflow/example_dags/example_complex.py
[2023-12-18T14:45:33.553+0000] {processor.py:839} INFO - DAG(s) dict_keys(['example_complex']) retrieved from /home/airflow/.local/lib/python3.8/site-packages/airflow/example_dags/example_complex.py
[2023-12-18T14:45:33.571+0000] {logging_mixin.py:154} INFO - [2023-12-18T14:45:33.571+0000] {dag.py:2941} INFO - Sync 1 DAGs
[2023-12-18T14:45:33.579+0000] {logging_mixin.py:154} INFO - [2023-12-18T14:45:33.579+0000] {dag.py:3722} INFO - Setting next_dagrun for example_complex to None, run_after=None
[2023-12-18T14:45:33.591+0000] {processor.py:179} INFO - Processing /home/airflow/.local/lib/python3.8/site-packages/airflow/example_dags/example_complex.py took 0.048 seconds
[2023-12-18T14:46:03.647+0000] {processor.py:157} INFO - Started process (PID=250) to work on /home/airflow/.local/lib/python3.8/site-packages/airflow/example_dags/example_complex.py
[2023-12-18T14:46:03.648+0000] {processor.py:829} INFO - Processing file /home/airflow/.local/lib/python3.8/site-packages/airflow/example_dags/example_complex.py for tasks to queue
[2023-12-18T14:46:03.649+0000] {logging_mixin.py:154} INFO - [2023-12-18T14:46:03.649+0000] {dagbag.py:536} INFO - Filling up the DagBag from /home/airflow/.local/lib/python3.8/site-packages/airflow/example_dags/example_complex.py
[2023-12-18T14:46:03.656+0000] {processor.py:839} INFO - DAG(s) dict_keys(['example_complex']) retrieved from /home/airflow/.local/lib/python3.8/site-packages/airflow/example_dags/example_complex.py
[2023-12-18T14:46:03.679+0000] {logging_mixin.py:154} INFO - [2023-12-18T14:46:03.678+0000] {dag.py:2941} INFO - Sync 1 DAGs
[2023-12-18T14:46:03.688+0000] {logging_mixin.py:154} INFO - [2023-12-18T14:46:03.688+0000] {dag.py:3722} INFO - Setting next_dagrun for example_complex to None, run_after=None
[2023-12-18T14:46:03.699+0000] {processor.py:179} INFO - Processing /home/airflow/.local/lib/python3.8/site-packages/airflow/example_dags/example_complex.py took 0.054 seconds
[2023-12-18T14:46:34.536+0000] {processor.py:157} INFO - Started process (PID=319) to work on /home/airflow/.local/lib/python3.8/site-packages/airflow/example_dags/example_complex.py
[2023-12-18T14:46:34.537+0000] {processor.py:829} INFO - Processing file /home/airflow/.local/lib/python3.8/site-packages/airflow/example_dags/example_complex.py for tasks to queue
[2023-12-18T14:46:34.539+0000] {logging_mixin.py:154} INFO - [2023-12-18T14:46:34.539+0000] {dagbag.py:536} INFO - Filling up the DagBag from /home/airflow/.local/lib/python3.8/site-packages/airflow/example_dags/example_complex.py
[2023-12-18T14:46:34.546+0000] {processor.py:839} INFO - DAG(s) dict_keys(['example_complex']) retrieved from /home/airflow/.local/lib/python3.8/site-packages/airflow/example_dags/example_complex.py
[2023-12-18T14:46:34.566+0000] {logging_mixin.py:154} INFO - [2023-12-18T14:46:34.566+0000] {dag.py:2941} INFO - Sync 1 DAGs
[2023-12-18T14:46:34.573+0000] {logging_mixin.py:154} INFO - [2023-12-18T14:46:34.573+0000] {dag.py:3722} INFO - Setting next_dagrun for example_complex to None, run_after=None
[2023-12-18T14:46:34.584+0000] {processor.py:179} INFO - Processing /home/airflow/.local/lib/python3.8/site-packages/airflow/example_dags/example_complex.py took 0.051 seconds
[2023-12-18T14:47:05.311+0000] {processor.py:157} INFO - Started process (PID=388) to work on /home/airflow/.local/lib/python3.8/site-packages/airflow/example_dags/example_complex.py
[2023-12-18T14:47:05.312+0000] {processor.py:829} INFO - Processing file /home/airflow/.local/lib/python3.8/site-packages/airflow/example_dags/example_complex.py for tasks to queue
[2023-12-18T14:47:05.313+0000] {logging_mixin.py:154} INFO - [2023-12-18T14:47:05.313+0000] {dagbag.py:536} INFO - Filling up the DagBag from /home/airflow/.local/lib/python3.8/site-packages/airflow/example_dags/example_complex.py
[2023-12-18T14:47:05.319+0000] {processor.py:839} INFO - DAG(s) dict_keys(['example_complex']) retrieved from /home/airflow/.local/lib/python3.8/site-packages/airflow/example_dags/example_complex.py
[2023-12-18T14:47:05.340+0000] {logging_mixin.py:154} INFO - [2023-12-18T14:47:05.340+0000] {dag.py:2941} INFO - Sync 1 DAGs
[2023-12-18T14:47:05.349+0000] {logging_mixin.py:154} INFO - [2023-12-18T14:47:05.349+0000] {dag.py:3722} INFO - Setting next_dagrun for example_complex to None, run_after=None
[2023-12-18T14:47:05.361+0000] {processor.py:179} INFO - Processing /home/airflow/.local/lib/python3.8/site-packages/airflow/example_dags/example_complex.py took 0.052 seconds
[2023-12-18T14:47:35.420+0000] {processor.py:157} INFO - Started process (PID=457) to work on /home/airflow/.local/lib/python3.8/site-packages/airflow/example_dags/example_complex.py
[2023-12-18T14:47:35.421+0000] {processor.py:829} INFO - Processing file /home/airflow/.local/lib/python3.8/site-packages/airflow/example_dags/example_complex.py for tasks to queue
[2023-12-18T14:47:35.422+0000] {logging_mixin.py:154} INFO - [2023-12-18T14:47:35.422+0000] {dagbag.py:536} INFO - Filling up the DagBag from /home/airflow/.local/lib/python3.8/site-packages/airflow/example_dags/example_complex.py
[2023-12-18T14:47:35.428+0000] {processor.py:839} INFO - DAG(s) dict_keys(['example_complex']) retrieved from /home/airflow/.local/lib/python3.8/site-packages/airflow/example_dags/example_complex.py
[2023-12-18T14:47:35.447+0000] {logging_mixin.py:154} INFO - [2023-12-18T14:47:35.446+0000] {dag.py:2941} INFO - Sync 1 DAGs
[2023-12-18T14:47:35.455+0000] {logging_mixin.py:154} INFO - [2023-12-18T14:47:35.455+0000] {dag.py:3722} INFO - Setting next_dagrun for example_complex to None, run_after=None
[2023-12-18T14:47:35.467+0000] {processor.py:179} INFO - Processing /home/airflow/.local/lib/python3.8/site-packages/airflow/example_dags/example_complex.py took 0.048 seconds
[2023-12-18T14:48:05.488+0000] {processor.py:157} INFO - Started process (PID=527) to work on /home/airflow/.local/lib/python3.8/site-packages/airflow/example_dags/example_complex.py
[2023-12-18T14:48:05.489+0000] {processor.py:829} INFO - Processing file /home/airflow/.local/lib/python3.8/site-packages/airflow/example_dags/example_complex.py for tasks to queue
[2023-12-18T14:48:05.490+0000] {logging_mixin.py:154} INFO - [2023-12-18T14:48:05.490+0000] {dagbag.py:536} INFO - Filling up the DagBag from /home/airflow/.local/lib/python3.8/site-packages/airflow/example_dags/example_complex.py
[2023-12-18T14:48:05.499+0000] {processor.py:839} INFO - DAG(s) dict_keys(['example_complex']) retrieved from /home/airflow/.local/lib/python3.8/site-packages/airflow/example_dags/example_complex.py
[2023-12-18T14:48:05.523+0000] {logging_mixin.py:154} INFO - [2023-12-18T14:48:05.523+0000] {dag.py:2941} INFO - Sync 1 DAGs
[2023-12-18T14:48:05.543+0000] {logging_mixin.py:154} INFO - [2023-12-18T14:48:05.541+0000] {dag.py:3722} INFO - Setting next_dagrun for example_complex to None, run_after=None
[2023-12-18T14:48:05.593+0000] {processor.py:179} INFO - Processing /home/airflow/.local/lib/python3.8/site-packages/airflow/example_dags/example_complex.py took 0.107 seconds
[2023-12-18T14:48:35.726+0000] {processor.py:157} INFO - Started process (PID=597) to work on /home/airflow/.local/lib/python3.8/site-packages/airflow/example_dags/example_complex.py
[2023-12-18T14:48:35.727+0000] {processor.py:829} INFO - Processing file /home/airflow/.local/lib/python3.8/site-packages/airflow/example_dags/example_complex.py for tasks to queue
[2023-12-18T14:48:35.728+0000] {logging_mixin.py:154} INFO - [2023-12-18T14:48:35.728+0000] {dagbag.py:536} INFO - Filling up the DagBag from /home/airflow/.local/lib/python3.8/site-packages/airflow/example_dags/example_complex.py
[2023-12-18T14:48:35.740+0000] {processor.py:839} INFO - DAG(s) dict_keys(['example_complex']) retrieved from /home/airflow/.local/lib/python3.8/site-packages/airflow/example_dags/example_complex.py
[2023-12-18T14:48:35.761+0000] {logging_mixin.py:154} INFO - [2023-12-18T14:48:35.761+0000] {dag.py:2941} INFO - Sync 1 DAGs
[2023-12-18T14:48:35.771+0000] {logging_mixin.py:154} INFO - [2023-12-18T14:48:35.771+0000] {dag.py:3722} INFO - Setting next_dagrun for example_complex to None, run_after=None
[2023-12-18T14:48:35.783+0000] {processor.py:179} INFO - Processing /home/airflow/.local/lib/python3.8/site-packages/airflow/example_dags/example_complex.py took 0.062 seconds
[2023-12-18T14:52:05.958+0000] {processor.py:157} INFO - Started process (PID=44) to work on /home/airflow/.local/lib/python3.8/site-packages/airflow/example_dags/example_complex.py
[2023-12-18T14:52:05.959+0000] {processor.py:829} INFO - Processing file /home/airflow/.local/lib/python3.8/site-packages/airflow/example_dags/example_complex.py for tasks to queue
[2023-12-18T14:52:05.960+0000] {logging_mixin.py:154} INFO - [2023-12-18T14:52:05.960+0000] {dagbag.py:536} INFO - Filling up the DagBag from /home/airflow/.local/lib/python3.8/site-packages/airflow/example_dags/example_complex.py
[2023-12-18T14:52:05.983+0000] {processor.py:839} INFO - DAG(s) dict_keys(['example_complex']) retrieved from /home/airflow/.local/lib/python3.8/site-packages/airflow/example_dags/example_complex.py
[2023-12-18T14:52:06.067+0000] {logging_mixin.py:154} INFO - [2023-12-18T14:52:06.067+0000] {dag.py:2941} INFO - Sync 1 DAGs
[2023-12-18T14:52:06.080+0000] {logging_mixin.py:154} INFO - [2023-12-18T14:52:06.080+0000] {dag.py:3722} INFO - Setting next_dagrun for example_complex to None, run_after=None
[2023-12-18T14:52:06.115+0000] {processor.py:179} INFO - Processing /home/airflow/.local/lib/python3.8/site-packages/airflow/example_dags/example_complex.py took 0.160 seconds
[2023-12-18T14:52:36.331+0000] {processor.py:157} INFO - Started process (PID=113) to work on /home/airflow/.local/lib/python3.8/site-packages/airflow/example_dags/example_complex.py
[2023-12-18T14:52:36.331+0000] {processor.py:829} INFO - Processing file /home/airflow/.local/lib/python3.8/site-packages/airflow/example_dags/example_complex.py for tasks to queue
[2023-12-18T14:52:36.332+0000] {logging_mixin.py:154} INFO - [2023-12-18T14:52:36.332+0000] {dagbag.py:536} INFO - Filling up the DagBag from /home/airflow/.local/lib/python3.8/site-packages/airflow/example_dags/example_complex.py
[2023-12-18T14:52:36.339+0000] {processor.py:839} INFO - DAG(s) dict_keys(['example_complex']) retrieved from /home/airflow/.local/lib/python3.8/site-packages/airflow/example_dags/example_complex.py
[2023-12-18T14:52:36.358+0000] {logging_mixin.py:154} INFO - [2023-12-18T14:52:36.358+0000] {dag.py:2941} INFO - Sync 1 DAGs
[2023-12-18T14:52:36.365+0000] {logging_mixin.py:154} INFO - [2023-12-18T14:52:36.365+0000] {dag.py:3722} INFO - Setting next_dagrun for example_complex to None, run_after=None
[2023-12-18T14:52:36.376+0000] {processor.py:179} INFO - Processing /home/airflow/.local/lib/python3.8/site-packages/airflow/example_dags/example_complex.py took 0.047 seconds
[2023-12-18T14:53:06.893+0000] {processor.py:157} INFO - Started process (PID=183) to work on /home/airflow/.local/lib/python3.8/site-packages/airflow/example_dags/example_complex.py
[2023-12-18T14:53:06.896+0000] {processor.py:829} INFO - Processing file /home/airflow/.local/lib/python3.8/site-packages/airflow/example_dags/example_complex.py for tasks to queue
[2023-12-18T14:53:06.897+0000] {logging_mixin.py:154} INFO - [2023-12-18T14:53:06.896+0000] {dagbag.py:536} INFO - Filling up the DagBag from /home/airflow/.local/lib/python3.8/site-packages/airflow/example_dags/example_complex.py
[2023-12-18T14:53:06.903+0000] {processor.py:839} INFO - DAG(s) dict_keys(['example_complex']) retrieved from /home/airflow/.local/lib/python3.8/site-packages/airflow/example_dags/example_complex.py
[2023-12-18T14:53:06.921+0000] {logging_mixin.py:154} INFO - [2023-12-18T14:53:06.921+0000] {dag.py:2941} INFO - Sync 1 DAGs
[2023-12-18T14:53:06.928+0000] {logging_mixin.py:154} INFO - [2023-12-18T14:53:06.928+0000] {dag.py:3722} INFO - Setting next_dagrun for example_complex to None, run_after=None
[2023-12-18T14:53:06.940+0000] {processor.py:179} INFO - Processing /home/airflow/.local/lib/python3.8/site-packages/airflow/example_dags/example_complex.py took 0.049 seconds
[2023-12-18T14:53:37.782+0000] {processor.py:157} INFO - Started process (PID=252) to work on /home/airflow/.local/lib/python3.8/site-packages/airflow/example_dags/example_complex.py
[2023-12-18T14:53:37.783+0000] {processor.py:829} INFO - Processing file /home/airflow/.local/lib/python3.8/site-packages/airflow/example_dags/example_complex.py for tasks to queue
[2023-12-18T14:53:37.784+0000] {logging_mixin.py:154} INFO - [2023-12-18T14:53:37.784+0000] {dagbag.py:536} INFO - Filling up the DagBag from /home/airflow/.local/lib/python3.8/site-packages/airflow/example_dags/example_complex.py
[2023-12-18T14:53:37.790+0000] {processor.py:839} INFO - DAG(s) dict_keys(['example_complex']) retrieved from /home/airflow/.local/lib/python3.8/site-packages/airflow/example_dags/example_complex.py
[2023-12-18T14:53:37.809+0000] {logging_mixin.py:154} INFO - [2023-12-18T14:53:37.809+0000] {dag.py:2941} INFO - Sync 1 DAGs
[2023-12-18T14:53:37.817+0000] {logging_mixin.py:154} INFO - [2023-12-18T14:53:37.816+0000] {dag.py:3722} INFO - Setting next_dagrun for example_complex to None, run_after=None
[2023-12-18T14:53:37.828+0000] {processor.py:179} INFO - Processing /home/airflow/.local/lib/python3.8/site-packages/airflow/example_dags/example_complex.py took 0.048 seconds
