[2023-12-18T14:25:40.097+0000] {processor.py:157} INFO - Started process (PID=59) to work on /home/airflow/.local/lib/python3.8/site-packages/airflow/example_dags/example_latest_only.py
[2023-12-18T14:25:40.098+0000] {processor.py:829} INFO - Processing file /home/airflow/.local/lib/python3.8/site-packages/airflow/example_dags/example_latest_only.py for tasks to queue
[2023-12-18T14:25:40.101+0000] {logging_mixin.py:154} INFO - [2023-12-18T14:25:40.100+0000] {dagbag.py:536} INFO - Filling up the DagBag from /home/airflow/.local/lib/python3.8/site-packages/airflow/example_dags/example_latest_only.py
[2023-12-18T14:25:40.146+0000] {processor.py:839} INFO - DAG(s) dict_keys(['latest_only']) retrieved from /home/airflow/.local/lib/python3.8/site-packages/airflow/example_dags/example_latest_only.py
[2023-12-18T14:25:40.164+0000] {logging_mixin.py:154} INFO - [2023-12-18T14:25:40.164+0000] {dag.py:2941} INFO - Sync 1 DAGs
[2023-12-18T14:25:40.215+0000] {logging_mixin.py:154} INFO - [2023-12-18T14:25:40.215+0000] {dag.py:3722} INFO - Setting next_dagrun for latest_only to 2023-12-18T10:25:40.214693+00:00, run_after=2023-12-18T14:25:40.214693+00:00
[2023-12-18T14:25:40.259+0000] {processor.py:179} INFO - Processing /home/airflow/.local/lib/python3.8/site-packages/airflow/example_dags/example_latest_only.py took 0.166 seconds
[2023-12-18T14:26:11.207+0000] {processor.py:157} INFO - Started process (PID=128) to work on /home/airflow/.local/lib/python3.8/site-packages/airflow/example_dags/example_latest_only.py
[2023-12-18T14:26:11.208+0000] {processor.py:829} INFO - Processing file /home/airflow/.local/lib/python3.8/site-packages/airflow/example_dags/example_latest_only.py for tasks to queue
[2023-12-18T14:26:11.210+0000] {logging_mixin.py:154} INFO - [2023-12-18T14:26:11.210+0000] {dagbag.py:536} INFO - Filling up the DagBag from /home/airflow/.local/lib/python3.8/site-packages/airflow/example_dags/example_latest_only.py
[2023-12-18T14:26:11.214+0000] {processor.py:839} INFO - DAG(s) dict_keys(['latest_only']) retrieved from /home/airflow/.local/lib/python3.8/site-packages/airflow/example_dags/example_latest_only.py
[2023-12-18T14:26:11.227+0000] {logging_mixin.py:154} INFO - [2023-12-18T14:26:11.226+0000] {dag.py:2941} INFO - Sync 1 DAGs
[2023-12-18T14:26:11.240+0000] {logging_mixin.py:154} INFO - [2023-12-18T14:26:11.240+0000] {dag.py:3722} INFO - Setting next_dagrun for latest_only to 2023-12-18T10:26:11.239982+00:00, run_after=2023-12-18T14:26:11.239982+00:00
[2023-12-18T14:26:11.250+0000] {processor.py:179} INFO - Processing /home/airflow/.local/lib/python3.8/site-packages/airflow/example_dags/example_latest_only.py took 0.047 seconds
[2023-12-18T14:26:41.406+0000] {processor.py:157} INFO - Started process (PID=198) to work on /home/airflow/.local/lib/python3.8/site-packages/airflow/example_dags/example_latest_only.py
[2023-12-18T14:26:41.413+0000] {processor.py:829} INFO - Processing file /home/airflow/.local/lib/python3.8/site-packages/airflow/example_dags/example_latest_only.py for tasks to queue
[2023-12-18T14:26:41.416+0000] {logging_mixin.py:154} INFO - [2023-12-18T14:26:41.415+0000] {dagbag.py:536} INFO - Filling up the DagBag from /home/airflow/.local/lib/python3.8/site-packages/airflow/example_dags/example_latest_only.py
[2023-12-18T14:26:41.420+0000] {processor.py:839} INFO - DAG(s) dict_keys(['latest_only']) retrieved from /home/airflow/.local/lib/python3.8/site-packages/airflow/example_dags/example_latest_only.py
[2023-12-18T14:26:41.434+0000] {logging_mixin.py:154} INFO - [2023-12-18T14:26:41.434+0000] {dag.py:2941} INFO - Sync 1 DAGs
[2023-12-18T14:26:41.447+0000] {logging_mixin.py:154} INFO - [2023-12-18T14:26:41.447+0000] {dag.py:3722} INFO - Setting next_dagrun for latest_only to 2023-12-18T10:26:41.447635+00:00, run_after=2023-12-18T14:26:41.447635+00:00
[2023-12-18T14:26:41.457+0000] {processor.py:179} INFO - Processing /home/airflow/.local/lib/python3.8/site-packages/airflow/example_dags/example_latest_only.py took 0.055 seconds
[2023-12-18T14:27:12.323+0000] {processor.py:157} INFO - Started process (PID=267) to work on /home/airflow/.local/lib/python3.8/site-packages/airflow/example_dags/example_latest_only.py
[2023-12-18T14:27:12.331+0000] {processor.py:829} INFO - Processing file /home/airflow/.local/lib/python3.8/site-packages/airflow/example_dags/example_latest_only.py for tasks to queue
[2023-12-18T14:27:12.333+0000] {logging_mixin.py:154} INFO - [2023-12-18T14:27:12.333+0000] {dagbag.py:536} INFO - Filling up the DagBag from /home/airflow/.local/lib/python3.8/site-packages/airflow/example_dags/example_latest_only.py
[2023-12-18T14:27:12.337+0000] {processor.py:839} INFO - DAG(s) dict_keys(['latest_only']) retrieved from /home/airflow/.local/lib/python3.8/site-packages/airflow/example_dags/example_latest_only.py
[2023-12-18T14:27:12.352+0000] {logging_mixin.py:154} INFO - [2023-12-18T14:27:12.351+0000] {dag.py:2941} INFO - Sync 1 DAGs
[2023-12-18T14:27:12.364+0000] {logging_mixin.py:154} INFO - [2023-12-18T14:27:12.364+0000] {dag.py:3722} INFO - Setting next_dagrun for latest_only to 2023-12-18T10:27:12.364402+00:00, run_after=2023-12-18T14:27:12.364402+00:00
[2023-12-18T14:27:12.374+0000] {processor.py:179} INFO - Processing /home/airflow/.local/lib/python3.8/site-packages/airflow/example_dags/example_latest_only.py took 0.053 seconds
[2023-12-18T14:27:43.153+0000] {processor.py:157} INFO - Started process (PID=336) to work on /home/airflow/.local/lib/python3.8/site-packages/airflow/example_dags/example_latest_only.py
[2023-12-18T14:27:43.154+0000] {processor.py:829} INFO - Processing file /home/airflow/.local/lib/python3.8/site-packages/airflow/example_dags/example_latest_only.py for tasks to queue
[2023-12-18T14:27:43.156+0000] {logging_mixin.py:154} INFO - [2023-12-18T14:27:43.155+0000] {dagbag.py:536} INFO - Filling up the DagBag from /home/airflow/.local/lib/python3.8/site-packages/airflow/example_dags/example_latest_only.py
[2023-12-18T14:27:43.159+0000] {processor.py:839} INFO - DAG(s) dict_keys(['latest_only']) retrieved from /home/airflow/.local/lib/python3.8/site-packages/airflow/example_dags/example_latest_only.py
[2023-12-18T14:27:43.171+0000] {logging_mixin.py:154} INFO - [2023-12-18T14:27:43.171+0000] {dag.py:2941} INFO - Sync 1 DAGs
[2023-12-18T14:27:43.186+0000] {logging_mixin.py:154} INFO - [2023-12-18T14:27:43.186+0000] {dag.py:3722} INFO - Setting next_dagrun for latest_only to 2023-12-18T10:27:43.185919+00:00, run_after=2023-12-18T14:27:43.185919+00:00
[2023-12-18T14:27:43.200+0000] {processor.py:179} INFO - Processing /home/airflow/.local/lib/python3.8/site-packages/airflow/example_dags/example_latest_only.py took 0.051 seconds
[2023-12-18T14:28:13.328+0000] {processor.py:157} INFO - Started process (PID=404) to work on /home/airflow/.local/lib/python3.8/site-packages/airflow/example_dags/example_latest_only.py
[2023-12-18T14:28:13.329+0000] {processor.py:829} INFO - Processing file /home/airflow/.local/lib/python3.8/site-packages/airflow/example_dags/example_latest_only.py for tasks to queue
[2023-12-18T14:28:13.331+0000] {logging_mixin.py:154} INFO - [2023-12-18T14:28:13.331+0000] {dagbag.py:536} INFO - Filling up the DagBag from /home/airflow/.local/lib/python3.8/site-packages/airflow/example_dags/example_latest_only.py
[2023-12-18T14:28:13.334+0000] {processor.py:839} INFO - DAG(s) dict_keys(['latest_only']) retrieved from /home/airflow/.local/lib/python3.8/site-packages/airflow/example_dags/example_latest_only.py
[2023-12-18T14:28:13.348+0000] {logging_mixin.py:154} INFO - [2023-12-18T14:28:13.348+0000] {dag.py:2941} INFO - Sync 1 DAGs
[2023-12-18T14:28:13.361+0000] {logging_mixin.py:154} INFO - [2023-12-18T14:28:13.361+0000] {dag.py:3722} INFO - Setting next_dagrun for latest_only to 2023-12-18T10:28:13.360993+00:00, run_after=2023-12-18T14:28:13.360993+00:00
[2023-12-18T14:28:13.371+0000] {processor.py:179} INFO - Processing /home/airflow/.local/lib/python3.8/site-packages/airflow/example_dags/example_latest_only.py took 0.047 seconds
[2023-12-18T14:28:44.130+0000] {processor.py:157} INFO - Started process (PID=473) to work on /home/airflow/.local/lib/python3.8/site-packages/airflow/example_dags/example_latest_only.py
[2023-12-18T14:28:44.138+0000] {processor.py:829} INFO - Processing file /home/airflow/.local/lib/python3.8/site-packages/airflow/example_dags/example_latest_only.py for tasks to queue
[2023-12-18T14:28:44.141+0000] {logging_mixin.py:154} INFO - [2023-12-18T14:28:44.140+0000] {dagbag.py:536} INFO - Filling up the DagBag from /home/airflow/.local/lib/python3.8/site-packages/airflow/example_dags/example_latest_only.py
[2023-12-18T14:28:44.145+0000] {processor.py:839} INFO - DAG(s) dict_keys(['latest_only']) retrieved from /home/airflow/.local/lib/python3.8/site-packages/airflow/example_dags/example_latest_only.py
[2023-12-18T14:28:44.159+0000] {logging_mixin.py:154} INFO - [2023-12-18T14:28:44.159+0000] {dag.py:2941} INFO - Sync 1 DAGs
[2023-12-18T14:28:44.173+0000] {logging_mixin.py:154} INFO - [2023-12-18T14:28:44.173+0000] {dag.py:3722} INFO - Setting next_dagrun for latest_only to 2023-12-18T10:28:44.172923+00:00, run_after=2023-12-18T14:28:44.172923+00:00
[2023-12-18T14:28:44.183+0000] {processor.py:179} INFO - Processing /home/airflow/.local/lib/python3.8/site-packages/airflow/example_dags/example_latest_only.py took 0.056 seconds
[2023-12-18T14:29:15.038+0000] {processor.py:157} INFO - Started process (PID=549) to work on /home/airflow/.local/lib/python3.8/site-packages/airflow/example_dags/example_latest_only.py
[2023-12-18T14:29:15.039+0000] {processor.py:829} INFO - Processing file /home/airflow/.local/lib/python3.8/site-packages/airflow/example_dags/example_latest_only.py for tasks to queue
[2023-12-18T14:29:15.042+0000] {logging_mixin.py:154} INFO - [2023-12-18T14:29:15.041+0000] {dagbag.py:536} INFO - Filling up the DagBag from /home/airflow/.local/lib/python3.8/site-packages/airflow/example_dags/example_latest_only.py
[2023-12-18T14:29:15.045+0000] {processor.py:839} INFO - DAG(s) dict_keys(['latest_only']) retrieved from /home/airflow/.local/lib/python3.8/site-packages/airflow/example_dags/example_latest_only.py
[2023-12-18T14:29:15.057+0000] {logging_mixin.py:154} INFO - [2023-12-18T14:29:15.057+0000] {dag.py:2941} INFO - Sync 1 DAGs
[2023-12-18T14:29:15.071+0000] {logging_mixin.py:154} INFO - [2023-12-18T14:29:15.070+0000] {dag.py:3722} INFO - Setting next_dagrun for latest_only to 2023-12-18T10:29:15.070845+00:00, run_after=2023-12-18T14:29:15.070845+00:00
[2023-12-18T14:29:15.081+0000] {processor.py:179} INFO - Processing /home/airflow/.local/lib/python3.8/site-packages/airflow/example_dags/example_latest_only.py took 0.045 seconds
[2023-12-18T14:29:45.124+0000] {processor.py:157} INFO - Started process (PID=618) to work on /home/airflow/.local/lib/python3.8/site-packages/airflow/example_dags/example_latest_only.py
[2023-12-18T14:29:45.124+0000] {processor.py:829} INFO - Processing file /home/airflow/.local/lib/python3.8/site-packages/airflow/example_dags/example_latest_only.py for tasks to queue
[2023-12-18T14:29:45.126+0000] {logging_mixin.py:154} INFO - [2023-12-18T14:29:45.126+0000] {dagbag.py:536} INFO - Filling up the DagBag from /home/airflow/.local/lib/python3.8/site-packages/airflow/example_dags/example_latest_only.py
[2023-12-18T14:29:45.129+0000] {processor.py:839} INFO - DAG(s) dict_keys(['latest_only']) retrieved from /home/airflow/.local/lib/python3.8/site-packages/airflow/example_dags/example_latest_only.py
[2023-12-18T14:29:45.142+0000] {logging_mixin.py:154} INFO - [2023-12-18T14:29:45.142+0000] {dag.py:2941} INFO - Sync 1 DAGs
[2023-12-18T14:29:45.155+0000] {logging_mixin.py:154} INFO - [2023-12-18T14:29:45.155+0000] {dag.py:3722} INFO - Setting next_dagrun for latest_only to 2023-12-18T10:29:45.155447+00:00, run_after=2023-12-18T14:29:45.155447+00:00
[2023-12-18T14:29:45.165+0000] {processor.py:179} INFO - Processing /home/airflow/.local/lib/python3.8/site-packages/airflow/example_dags/example_latest_only.py took 0.045 seconds
[2023-12-18T14:30:15.285+0000] {processor.py:157} INFO - Started process (PID=681) to work on /home/airflow/.local/lib/python3.8/site-packages/airflow/example_dags/example_latest_only.py
[2023-12-18T14:30:15.292+0000] {processor.py:829} INFO - Processing file /home/airflow/.local/lib/python3.8/site-packages/airflow/example_dags/example_latest_only.py for tasks to queue
[2023-12-18T14:30:15.295+0000] {logging_mixin.py:154} INFO - [2023-12-18T14:30:15.294+0000] {dagbag.py:536} INFO - Filling up the DagBag from /home/airflow/.local/lib/python3.8/site-packages/airflow/example_dags/example_latest_only.py
[2023-12-18T14:30:15.300+0000] {processor.py:839} INFO - DAG(s) dict_keys(['latest_only']) retrieved from /home/airflow/.local/lib/python3.8/site-packages/airflow/example_dags/example_latest_only.py
[2023-12-18T14:30:15.314+0000] {logging_mixin.py:154} INFO - [2023-12-18T14:30:15.314+0000] {dag.py:2941} INFO - Sync 1 DAGs
[2023-12-18T14:30:15.327+0000] {logging_mixin.py:154} INFO - [2023-12-18T14:30:15.327+0000] {dag.py:3722} INFO - Setting next_dagrun for latest_only to 2023-12-18T10:30:15.326889+00:00, run_after=2023-12-18T14:30:15.326889+00:00
[2023-12-18T14:30:15.338+0000] {processor.py:179} INFO - Processing /home/airflow/.local/lib/python3.8/site-packages/airflow/example_dags/example_latest_only.py took 0.055 seconds
[2023-12-18T14:30:45.410+0000] {processor.py:157} INFO - Started process (PID=750) to work on /home/airflow/.local/lib/python3.8/site-packages/airflow/example_dags/example_latest_only.py
[2023-12-18T14:30:45.417+0000] {processor.py:829} INFO - Processing file /home/airflow/.local/lib/python3.8/site-packages/airflow/example_dags/example_latest_only.py for tasks to queue
[2023-12-18T14:30:45.419+0000] {logging_mixin.py:154} INFO - [2023-12-18T14:30:45.419+0000] {dagbag.py:536} INFO - Filling up the DagBag from /home/airflow/.local/lib/python3.8/site-packages/airflow/example_dags/example_latest_only.py
[2023-12-18T14:30:45.422+0000] {processor.py:839} INFO - DAG(s) dict_keys(['latest_only']) retrieved from /home/airflow/.local/lib/python3.8/site-packages/airflow/example_dags/example_latest_only.py
[2023-12-18T14:30:45.434+0000] {logging_mixin.py:154} INFO - [2023-12-18T14:30:45.434+0000] {dag.py:2941} INFO - Sync 1 DAGs
[2023-12-18T14:30:45.447+0000] {logging_mixin.py:154} INFO - [2023-12-18T14:30:45.447+0000] {dag.py:3722} INFO - Setting next_dagrun for latest_only to 2023-12-18T10:30:45.447032+00:00, run_after=2023-12-18T14:30:45.447032+00:00
[2023-12-18T14:30:45.457+0000] {processor.py:179} INFO - Processing /home/airflow/.local/lib/python3.8/site-packages/airflow/example_dags/example_latest_only.py took 0.050 seconds
[2023-12-18T14:31:15.616+0000] {processor.py:157} INFO - Started process (PID=820) to work on /home/airflow/.local/lib/python3.8/site-packages/airflow/example_dags/example_latest_only.py
[2023-12-18T14:31:15.618+0000] {processor.py:829} INFO - Processing file /home/airflow/.local/lib/python3.8/site-packages/airflow/example_dags/example_latest_only.py for tasks to queue
[2023-12-18T14:31:15.620+0000] {logging_mixin.py:154} INFO - [2023-12-18T14:31:15.620+0000] {dagbag.py:536} INFO - Filling up the DagBag from /home/airflow/.local/lib/python3.8/site-packages/airflow/example_dags/example_latest_only.py
[2023-12-18T14:31:15.624+0000] {processor.py:839} INFO - DAG(s) dict_keys(['latest_only']) retrieved from /home/airflow/.local/lib/python3.8/site-packages/airflow/example_dags/example_latest_only.py
[2023-12-18T14:31:15.638+0000] {logging_mixin.py:154} INFO - [2023-12-18T14:31:15.638+0000] {dag.py:2941} INFO - Sync 1 DAGs
[2023-12-18T14:31:15.651+0000] {logging_mixin.py:154} INFO - [2023-12-18T14:31:15.651+0000] {dag.py:3722} INFO - Setting next_dagrun for latest_only to 2023-12-18T10:31:15.651503+00:00, run_after=2023-12-18T14:31:15.651503+00:00
[2023-12-18T14:31:15.661+0000] {processor.py:179} INFO - Processing /home/airflow/.local/lib/python3.8/site-packages/airflow/example_dags/example_latest_only.py took 0.049 seconds
[2023-12-18T14:31:46.432+0000] {processor.py:157} INFO - Started process (PID=889) to work on /home/airflow/.local/lib/python3.8/site-packages/airflow/example_dags/example_latest_only.py
[2023-12-18T14:31:46.439+0000] {processor.py:829} INFO - Processing file /home/airflow/.local/lib/python3.8/site-packages/airflow/example_dags/example_latest_only.py for tasks to queue
[2023-12-18T14:31:46.440+0000] {logging_mixin.py:154} INFO - [2023-12-18T14:31:46.440+0000] {dagbag.py:536} INFO - Filling up the DagBag from /home/airflow/.local/lib/python3.8/site-packages/airflow/example_dags/example_latest_only.py
[2023-12-18T14:31:46.444+0000] {processor.py:839} INFO - DAG(s) dict_keys(['latest_only']) retrieved from /home/airflow/.local/lib/python3.8/site-packages/airflow/example_dags/example_latest_only.py
[2023-12-18T14:31:46.459+0000] {logging_mixin.py:154} INFO - [2023-12-18T14:31:46.459+0000] {dag.py:2941} INFO - Sync 1 DAGs
[2023-12-18T14:31:46.477+0000] {logging_mixin.py:154} INFO - [2023-12-18T14:31:46.476+0000] {dag.py:3722} INFO - Setting next_dagrun for latest_only to 2023-12-18T10:31:46.476658+00:00, run_after=2023-12-18T14:31:46.476658+00:00
[2023-12-18T14:31:46.488+0000] {processor.py:179} INFO - Processing /home/airflow/.local/lib/python3.8/site-packages/airflow/example_dags/example_latest_only.py took 0.060 seconds
[2023-12-18T14:32:16.549+0000] {processor.py:157} INFO - Started process (PID=957) to work on /home/airflow/.local/lib/python3.8/site-packages/airflow/example_dags/example_latest_only.py
[2023-12-18T14:32:16.549+0000] {processor.py:829} INFO - Processing file /home/airflow/.local/lib/python3.8/site-packages/airflow/example_dags/example_latest_only.py for tasks to queue
[2023-12-18T14:32:16.551+0000] {logging_mixin.py:154} INFO - [2023-12-18T14:32:16.551+0000] {dagbag.py:536} INFO - Filling up the DagBag from /home/airflow/.local/lib/python3.8/site-packages/airflow/example_dags/example_latest_only.py
[2023-12-18T14:32:16.554+0000] {processor.py:839} INFO - DAG(s) dict_keys(['latest_only']) retrieved from /home/airflow/.local/lib/python3.8/site-packages/airflow/example_dags/example_latest_only.py
[2023-12-18T14:32:16.571+0000] {logging_mixin.py:154} INFO - [2023-12-18T14:32:16.571+0000] {dag.py:2941} INFO - Sync 1 DAGs
[2023-12-18T14:32:16.585+0000] {logging_mixin.py:154} INFO - [2023-12-18T14:32:16.585+0000] {dag.py:3722} INFO - Setting next_dagrun for latest_only to 2023-12-18T10:32:16.585170+00:00, run_after=2023-12-18T14:32:16.585170+00:00
[2023-12-18T14:32:16.595+0000] {processor.py:179} INFO - Processing /home/airflow/.local/lib/python3.8/site-packages/airflow/example_dags/example_latest_only.py took 0.049 seconds
[2023-12-18T14:32:47.525+0000] {processor.py:157} INFO - Started process (PID=1032) to work on /home/airflow/.local/lib/python3.8/site-packages/airflow/example_dags/example_latest_only.py
[2023-12-18T14:32:47.525+0000] {processor.py:829} INFO - Processing file /home/airflow/.local/lib/python3.8/site-packages/airflow/example_dags/example_latest_only.py for tasks to queue
[2023-12-18T14:32:47.527+0000] {logging_mixin.py:154} INFO - [2023-12-18T14:32:47.526+0000] {dagbag.py:536} INFO - Filling up the DagBag from /home/airflow/.local/lib/python3.8/site-packages/airflow/example_dags/example_latest_only.py
[2023-12-18T14:32:47.529+0000] {processor.py:839} INFO - DAG(s) dict_keys(['latest_only']) retrieved from /home/airflow/.local/lib/python3.8/site-packages/airflow/example_dags/example_latest_only.py
[2023-12-18T14:32:47.565+0000] {logging_mixin.py:154} INFO - [2023-12-18T14:32:47.565+0000] {dag.py:2941} INFO - Sync 1 DAGs
[2023-12-18T14:32:47.580+0000] {logging_mixin.py:154} INFO - [2023-12-18T14:32:47.580+0000] {dag.py:3722} INFO - Setting next_dagrun for latest_only to 2023-12-18T10:32:47.580143+00:00, run_after=2023-12-18T14:32:47.580143+00:00
[2023-12-18T14:32:47.595+0000] {processor.py:179} INFO - Processing /home/airflow/.local/lib/python3.8/site-packages/airflow/example_dags/example_latest_only.py took 0.072 seconds
[2023-12-18T14:33:18.263+0000] {processor.py:157} INFO - Started process (PID=1101) to work on /home/airflow/.local/lib/python3.8/site-packages/airflow/example_dags/example_latest_only.py
[2023-12-18T14:33:18.264+0000] {processor.py:829} INFO - Processing file /home/airflow/.local/lib/python3.8/site-packages/airflow/example_dags/example_latest_only.py for tasks to queue
[2023-12-18T14:33:18.266+0000] {logging_mixin.py:154} INFO - [2023-12-18T14:33:18.266+0000] {dagbag.py:536} INFO - Filling up the DagBag from /home/airflow/.local/lib/python3.8/site-packages/airflow/example_dags/example_latest_only.py
[2023-12-18T14:33:18.269+0000] {processor.py:839} INFO - DAG(s) dict_keys(['latest_only']) retrieved from /home/airflow/.local/lib/python3.8/site-packages/airflow/example_dags/example_latest_only.py
[2023-12-18T14:33:18.290+0000] {logging_mixin.py:154} INFO - [2023-12-18T14:33:18.290+0000] {dag.py:2941} INFO - Sync 1 DAGs
[2023-12-18T14:33:18.303+0000] {logging_mixin.py:154} INFO - [2023-12-18T14:33:18.303+0000] {dag.py:3722} INFO - Setting next_dagrun for latest_only to 2023-12-18T10:33:18.303485+00:00, run_after=2023-12-18T14:33:18.303485+00:00
[2023-12-18T14:33:18.314+0000] {processor.py:179} INFO - Processing /home/airflow/.local/lib/python3.8/site-packages/airflow/example_dags/example_latest_only.py took 0.053 seconds
[2023-12-18T14:33:49.161+0000] {processor.py:157} INFO - Started process (PID=1170) to work on /home/airflow/.local/lib/python3.8/site-packages/airflow/example_dags/example_latest_only.py
[2023-12-18T14:33:49.163+0000] {processor.py:829} INFO - Processing file /home/airflow/.local/lib/python3.8/site-packages/airflow/example_dags/example_latest_only.py for tasks to queue
[2023-12-18T14:33:49.165+0000] {logging_mixin.py:154} INFO - [2023-12-18T14:33:49.165+0000] {dagbag.py:536} INFO - Filling up the DagBag from /home/airflow/.local/lib/python3.8/site-packages/airflow/example_dags/example_latest_only.py
[2023-12-18T14:33:49.168+0000] {processor.py:839} INFO - DAG(s) dict_keys(['latest_only']) retrieved from /home/airflow/.local/lib/python3.8/site-packages/airflow/example_dags/example_latest_only.py
[2023-12-18T14:33:49.180+0000] {logging_mixin.py:154} INFO - [2023-12-18T14:33:49.180+0000] {dag.py:2941} INFO - Sync 1 DAGs
[2023-12-18T14:33:49.193+0000] {logging_mixin.py:154} INFO - [2023-12-18T14:33:49.193+0000] {dag.py:3722} INFO - Setting next_dagrun for latest_only to 2023-12-18T10:33:49.193099+00:00, run_after=2023-12-18T14:33:49.193099+00:00
[2023-12-18T14:33:49.204+0000] {processor.py:179} INFO - Processing /home/airflow/.local/lib/python3.8/site-packages/airflow/example_dags/example_latest_only.py took 0.046 seconds
[2023-12-18T14:34:19.331+0000] {processor.py:157} INFO - Started process (PID=1239) to work on /home/airflow/.local/lib/python3.8/site-packages/airflow/example_dags/example_latest_only.py
[2023-12-18T14:34:19.339+0000] {processor.py:829} INFO - Processing file /home/airflow/.local/lib/python3.8/site-packages/airflow/example_dags/example_latest_only.py for tasks to queue
[2023-12-18T14:34:19.340+0000] {logging_mixin.py:154} INFO - [2023-12-18T14:34:19.340+0000] {dagbag.py:536} INFO - Filling up the DagBag from /home/airflow/.local/lib/python3.8/site-packages/airflow/example_dags/example_latest_only.py
[2023-12-18T14:34:19.343+0000] {processor.py:839} INFO - DAG(s) dict_keys(['latest_only']) retrieved from /home/airflow/.local/lib/python3.8/site-packages/airflow/example_dags/example_latest_only.py
[2023-12-18T14:34:19.356+0000] {logging_mixin.py:154} INFO - [2023-12-18T14:34:19.356+0000] {dag.py:2941} INFO - Sync 1 DAGs
[2023-12-18T14:34:19.370+0000] {logging_mixin.py:154} INFO - [2023-12-18T14:34:19.370+0000] {dag.py:3722} INFO - Setting next_dagrun for latest_only to 2023-12-18T10:34:19.370620+00:00, run_after=2023-12-18T14:34:19.370620+00:00
[2023-12-18T14:34:19.381+0000] {processor.py:179} INFO - Processing /home/airflow/.local/lib/python3.8/site-packages/airflow/example_dags/example_latest_only.py took 0.051 seconds
[2023-12-18T14:34:50.355+0000] {processor.py:157} INFO - Started process (PID=1309) to work on /home/airflow/.local/lib/python3.8/site-packages/airflow/example_dags/example_latest_only.py
[2023-12-18T14:34:50.357+0000] {processor.py:829} INFO - Processing file /home/airflow/.local/lib/python3.8/site-packages/airflow/example_dags/example_latest_only.py for tasks to queue
[2023-12-18T14:34:50.359+0000] {logging_mixin.py:154} INFO - [2023-12-18T14:34:50.358+0000] {dagbag.py:536} INFO - Filling up the DagBag from /home/airflow/.local/lib/python3.8/site-packages/airflow/example_dags/example_latest_only.py
[2023-12-18T14:34:50.362+0000] {processor.py:839} INFO - DAG(s) dict_keys(['latest_only']) retrieved from /home/airflow/.local/lib/python3.8/site-packages/airflow/example_dags/example_latest_only.py
[2023-12-18T14:34:50.376+0000] {logging_mixin.py:154} INFO - [2023-12-18T14:34:50.376+0000] {dag.py:2941} INFO - Sync 1 DAGs
[2023-12-18T14:34:50.395+0000] {logging_mixin.py:154} INFO - [2023-12-18T14:34:50.395+0000] {dag.py:3722} INFO - Setting next_dagrun for latest_only to 2023-12-18T10:34:50.395705+00:00, run_after=2023-12-18T14:34:50.395705+00:00
[2023-12-18T14:34:50.405+0000] {processor.py:179} INFO - Processing /home/airflow/.local/lib/python3.8/site-packages/airflow/example_dags/example_latest_only.py took 0.053 seconds
[2023-12-18T14:35:20.530+0000] {processor.py:157} INFO - Started process (PID=1378) to work on /home/airflow/.local/lib/python3.8/site-packages/airflow/example_dags/example_latest_only.py
[2023-12-18T14:35:20.531+0000] {processor.py:829} INFO - Processing file /home/airflow/.local/lib/python3.8/site-packages/airflow/example_dags/example_latest_only.py for tasks to queue
[2023-12-18T14:35:20.533+0000] {logging_mixin.py:154} INFO - [2023-12-18T14:35:20.533+0000] {dagbag.py:536} INFO - Filling up the DagBag from /home/airflow/.local/lib/python3.8/site-packages/airflow/example_dags/example_latest_only.py
[2023-12-18T14:35:20.536+0000] {processor.py:839} INFO - DAG(s) dict_keys(['latest_only']) retrieved from /home/airflow/.local/lib/python3.8/site-packages/airflow/example_dags/example_latest_only.py
[2023-12-18T14:35:20.549+0000] {logging_mixin.py:154} INFO - [2023-12-18T14:35:20.549+0000] {dag.py:2941} INFO - Sync 1 DAGs
[2023-12-18T14:35:20.562+0000] {logging_mixin.py:154} INFO - [2023-12-18T14:35:20.562+0000] {dag.py:3722} INFO - Setting next_dagrun for latest_only to 2023-12-18T10:35:20.562467+00:00, run_after=2023-12-18T14:35:20.562467+00:00
[2023-12-18T14:35:20.572+0000] {processor.py:179} INFO - Processing /home/airflow/.local/lib/python3.8/site-packages/airflow/example_dags/example_latest_only.py took 0.046 seconds
[2023-12-18T14:35:50.621+0000] {processor.py:157} INFO - Started process (PID=1446) to work on /home/airflow/.local/lib/python3.8/site-packages/airflow/example_dags/example_latest_only.py
[2023-12-18T14:35:50.628+0000] {processor.py:829} INFO - Processing file /home/airflow/.local/lib/python3.8/site-packages/airflow/example_dags/example_latest_only.py for tasks to queue
[2023-12-18T14:35:50.630+0000] {logging_mixin.py:154} INFO - [2023-12-18T14:35:50.630+0000] {dagbag.py:536} INFO - Filling up the DagBag from /home/airflow/.local/lib/python3.8/site-packages/airflow/example_dags/example_latest_only.py
[2023-12-18T14:35:50.635+0000] {processor.py:839} INFO - DAG(s) dict_keys(['latest_only']) retrieved from /home/airflow/.local/lib/python3.8/site-packages/airflow/example_dags/example_latest_only.py
[2023-12-18T14:35:50.648+0000] {logging_mixin.py:154} INFO - [2023-12-18T14:35:50.648+0000] {dag.py:2941} INFO - Sync 1 DAGs
[2023-12-18T14:35:50.661+0000] {logging_mixin.py:154} INFO - [2023-12-18T14:35:50.661+0000] {dag.py:3722} INFO - Setting next_dagrun for latest_only to 2023-12-18T10:35:50.660841+00:00, run_after=2023-12-18T14:35:50.660841+00:00
[2023-12-18T14:35:50.671+0000] {processor.py:179} INFO - Processing /home/airflow/.local/lib/python3.8/site-packages/airflow/example_dags/example_latest_only.py took 0.054 seconds
[2023-12-18T14:36:20.745+0000] {processor.py:157} INFO - Started process (PID=1515) to work on /home/airflow/.local/lib/python3.8/site-packages/airflow/example_dags/example_latest_only.py
[2023-12-18T14:36:20.753+0000] {processor.py:829} INFO - Processing file /home/airflow/.local/lib/python3.8/site-packages/airflow/example_dags/example_latest_only.py for tasks to queue
[2023-12-18T14:36:20.755+0000] {logging_mixin.py:154} INFO - [2023-12-18T14:36:20.755+0000] {dagbag.py:536} INFO - Filling up the DagBag from /home/airflow/.local/lib/python3.8/site-packages/airflow/example_dags/example_latest_only.py
[2023-12-18T14:36:20.761+0000] {processor.py:839} INFO - DAG(s) dict_keys(['latest_only']) retrieved from /home/airflow/.local/lib/python3.8/site-packages/airflow/example_dags/example_latest_only.py
[2023-12-18T14:36:20.775+0000] {logging_mixin.py:154} INFO - [2023-12-18T14:36:20.775+0000] {dag.py:2941} INFO - Sync 1 DAGs
[2023-12-18T14:36:20.788+0000] {logging_mixin.py:154} INFO - [2023-12-18T14:36:20.788+0000] {dag.py:3722} INFO - Setting next_dagrun for latest_only to 2023-12-18T10:36:20.788081+00:00, run_after=2023-12-18T14:36:20.788081+00:00
[2023-12-18T14:36:20.798+0000] {processor.py:179} INFO - Processing /home/airflow/.local/lib/python3.8/site-packages/airflow/example_dags/example_latest_only.py took 0.056 seconds
[2023-12-18T14:36:50.872+0000] {processor.py:157} INFO - Started process (PID=1584) to work on /home/airflow/.local/lib/python3.8/site-packages/airflow/example_dags/example_latest_only.py
[2023-12-18T14:36:50.879+0000] {processor.py:829} INFO - Processing file /home/airflow/.local/lib/python3.8/site-packages/airflow/example_dags/example_latest_only.py for tasks to queue
[2023-12-18T14:36:50.881+0000] {logging_mixin.py:154} INFO - [2023-12-18T14:36:50.881+0000] {dagbag.py:536} INFO - Filling up the DagBag from /home/airflow/.local/lib/python3.8/site-packages/airflow/example_dags/example_latest_only.py
[2023-12-18T14:36:50.886+0000] {processor.py:839} INFO - DAG(s) dict_keys(['latest_only']) retrieved from /home/airflow/.local/lib/python3.8/site-packages/airflow/example_dags/example_latest_only.py
[2023-12-18T14:36:50.901+0000] {logging_mixin.py:154} INFO - [2023-12-18T14:36:50.901+0000] {dag.py:2941} INFO - Sync 1 DAGs
[2023-12-18T14:36:50.916+0000] {logging_mixin.py:154} INFO - [2023-12-18T14:36:50.916+0000] {dag.py:3722} INFO - Setting next_dagrun for latest_only to 2023-12-18T10:36:50.916608+00:00, run_after=2023-12-18T14:36:50.916608+00:00
[2023-12-18T14:36:50.927+0000] {processor.py:179} INFO - Processing /home/airflow/.local/lib/python3.8/site-packages/airflow/example_dags/example_latest_only.py took 0.059 seconds
[2023-12-18T14:37:21.915+0000] {processor.py:157} INFO - Started process (PID=1653) to work on /home/airflow/.local/lib/python3.8/site-packages/airflow/example_dags/example_latest_only.py
[2023-12-18T14:37:21.923+0000] {processor.py:829} INFO - Processing file /home/airflow/.local/lib/python3.8/site-packages/airflow/example_dags/example_latest_only.py for tasks to queue
[2023-12-18T14:37:21.924+0000] {logging_mixin.py:154} INFO - [2023-12-18T14:37:21.924+0000] {dagbag.py:536} INFO - Filling up the DagBag from /home/airflow/.local/lib/python3.8/site-packages/airflow/example_dags/example_latest_only.py
[2023-12-18T14:37:21.927+0000] {processor.py:839} INFO - DAG(s) dict_keys(['latest_only']) retrieved from /home/airflow/.local/lib/python3.8/site-packages/airflow/example_dags/example_latest_only.py
[2023-12-18T14:37:21.942+0000] {logging_mixin.py:154} INFO - [2023-12-18T14:37:21.942+0000] {dag.py:2941} INFO - Sync 1 DAGs
[2023-12-18T14:37:21.959+0000] {logging_mixin.py:154} INFO - [2023-12-18T14:37:21.959+0000] {dag.py:3722} INFO - Setting next_dagrun for latest_only to 2023-12-18T10:37:21.959540+00:00, run_after=2023-12-18T14:37:21.959540+00:00
[2023-12-18T14:37:21.972+0000] {processor.py:179} INFO - Processing /home/airflow/.local/lib/python3.8/site-packages/airflow/example_dags/example_latest_only.py took 0.059 seconds
[2023-12-18T14:37:52.602+0000] {processor.py:157} INFO - Started process (PID=1722) to work on /home/airflow/.local/lib/python3.8/site-packages/airflow/example_dags/example_latest_only.py
[2023-12-18T14:37:52.610+0000] {processor.py:829} INFO - Processing file /home/airflow/.local/lib/python3.8/site-packages/airflow/example_dags/example_latest_only.py for tasks to queue
[2023-12-18T14:37:52.612+0000] {logging_mixin.py:154} INFO - [2023-12-18T14:37:52.612+0000] {dagbag.py:536} INFO - Filling up the DagBag from /home/airflow/.local/lib/python3.8/site-packages/airflow/example_dags/example_latest_only.py
[2023-12-18T14:37:52.616+0000] {processor.py:839} INFO - DAG(s) dict_keys(['latest_only']) retrieved from /home/airflow/.local/lib/python3.8/site-packages/airflow/example_dags/example_latest_only.py
[2023-12-18T14:37:52.631+0000] {logging_mixin.py:154} INFO - [2023-12-18T14:37:52.631+0000] {dag.py:2941} INFO - Sync 1 DAGs
[2023-12-18T14:37:52.644+0000] {logging_mixin.py:154} INFO - [2023-12-18T14:37:52.644+0000] {dag.py:3722} INFO - Setting next_dagrun for latest_only to 2023-12-18T10:37:52.644703+00:00, run_after=2023-12-18T14:37:52.644703+00:00
[2023-12-18T14:37:52.655+0000] {processor.py:179} INFO - Processing /home/airflow/.local/lib/python3.8/site-packages/airflow/example_dags/example_latest_only.py took 0.055 seconds
[2023-12-18T14:38:23.413+0000] {processor.py:157} INFO - Started process (PID=1791) to work on /home/airflow/.local/lib/python3.8/site-packages/airflow/example_dags/example_latest_only.py
[2023-12-18T14:38:23.414+0000] {processor.py:829} INFO - Processing file /home/airflow/.local/lib/python3.8/site-packages/airflow/example_dags/example_latest_only.py for tasks to queue
[2023-12-18T14:38:23.416+0000] {logging_mixin.py:154} INFO - [2023-12-18T14:38:23.416+0000] {dagbag.py:536} INFO - Filling up the DagBag from /home/airflow/.local/lib/python3.8/site-packages/airflow/example_dags/example_latest_only.py
[2023-12-18T14:38:23.419+0000] {processor.py:839} INFO - DAG(s) dict_keys(['latest_only']) retrieved from /home/airflow/.local/lib/python3.8/site-packages/airflow/example_dags/example_latest_only.py
[2023-12-18T14:38:23.433+0000] {logging_mixin.py:154} INFO - [2023-12-18T14:38:23.433+0000] {dag.py:2941} INFO - Sync 1 DAGs
[2023-12-18T14:38:23.450+0000] {logging_mixin.py:154} INFO - [2023-12-18T14:38:23.450+0000] {dag.py:3722} INFO - Setting next_dagrun for latest_only to 2023-12-18T10:38:23.450419+00:00, run_after=2023-12-18T14:38:23.450419+00:00
[2023-12-18T14:38:23.464+0000] {processor.py:179} INFO - Processing /home/airflow/.local/lib/python3.8/site-packages/airflow/example_dags/example_latest_only.py took 0.053 seconds
[2023-12-18T14:38:54.193+0000] {processor.py:157} INFO - Started process (PID=1860) to work on /home/airflow/.local/lib/python3.8/site-packages/airflow/example_dags/example_latest_only.py
[2023-12-18T14:38:54.201+0000] {processor.py:829} INFO - Processing file /home/airflow/.local/lib/python3.8/site-packages/airflow/example_dags/example_latest_only.py for tasks to queue
[2023-12-18T14:38:54.203+0000] {logging_mixin.py:154} INFO - [2023-12-18T14:38:54.203+0000] {dagbag.py:536} INFO - Filling up the DagBag from /home/airflow/.local/lib/python3.8/site-packages/airflow/example_dags/example_latest_only.py
[2023-12-18T14:38:54.207+0000] {processor.py:839} INFO - DAG(s) dict_keys(['latest_only']) retrieved from /home/airflow/.local/lib/python3.8/site-packages/airflow/example_dags/example_latest_only.py
[2023-12-18T14:38:54.221+0000] {logging_mixin.py:154} INFO - [2023-12-18T14:38:54.221+0000] {dag.py:2941} INFO - Sync 1 DAGs
[2023-12-18T14:38:54.234+0000] {logging_mixin.py:154} INFO - [2023-12-18T14:38:54.234+0000] {dag.py:3722} INFO - Setting next_dagrun for latest_only to 2023-12-18T10:38:54.234375+00:00, run_after=2023-12-18T14:38:54.234375+00:00
[2023-12-18T14:38:54.244+0000] {processor.py:179} INFO - Processing /home/airflow/.local/lib/python3.8/site-packages/airflow/example_dags/example_latest_only.py took 0.054 seconds
[2023-12-18T14:39:53.966+0000] {processor.py:157} INFO - Started process (PID=59) to work on /home/airflow/.local/lib/python3.8/site-packages/airflow/example_dags/example_latest_only.py
[2023-12-18T14:39:53.967+0000] {processor.py:829} INFO - Processing file /home/airflow/.local/lib/python3.8/site-packages/airflow/example_dags/example_latest_only.py for tasks to queue
[2023-12-18T14:39:53.969+0000] {logging_mixin.py:154} INFO - [2023-12-18T14:39:53.968+0000] {dagbag.py:536} INFO - Filling up the DagBag from /home/airflow/.local/lib/python3.8/site-packages/airflow/example_dags/example_latest_only.py
[2023-12-18T14:39:53.998+0000] {processor.py:839} INFO - DAG(s) dict_keys(['latest_only']) retrieved from /home/airflow/.local/lib/python3.8/site-packages/airflow/example_dags/example_latest_only.py
[2023-12-18T14:39:54.069+0000] {logging_mixin.py:154} INFO - [2023-12-18T14:39:54.068+0000] {dag.py:2941} INFO - Sync 1 DAGs
[2023-12-18T14:39:54.126+0000] {logging_mixin.py:154} INFO - [2023-12-18T14:39:54.126+0000] {dag.py:3722} INFO - Setting next_dagrun for latest_only to 2023-12-18T10:39:54.126182+00:00, run_after=2023-12-18T14:39:54.126182+00:00
[2023-12-18T14:39:54.166+0000] {processor.py:179} INFO - Processing /home/airflow/.local/lib/python3.8/site-packages/airflow/example_dags/example_latest_only.py took 0.204 seconds
[2023-12-18T14:40:25.167+0000] {processor.py:157} INFO - Started process (PID=128) to work on /home/airflow/.local/lib/python3.8/site-packages/airflow/example_dags/example_latest_only.py
[2023-12-18T14:40:25.168+0000] {processor.py:829} INFO - Processing file /home/airflow/.local/lib/python3.8/site-packages/airflow/example_dags/example_latest_only.py for tasks to queue
[2023-12-18T14:40:25.170+0000] {logging_mixin.py:154} INFO - [2023-12-18T14:40:25.170+0000] {dagbag.py:536} INFO - Filling up the DagBag from /home/airflow/.local/lib/python3.8/site-packages/airflow/example_dags/example_latest_only.py
[2023-12-18T14:40:25.173+0000] {processor.py:839} INFO - DAG(s) dict_keys(['latest_only']) retrieved from /home/airflow/.local/lib/python3.8/site-packages/airflow/example_dags/example_latest_only.py
[2023-12-18T14:40:25.189+0000] {logging_mixin.py:154} INFO - [2023-12-18T14:40:25.189+0000] {dag.py:2941} INFO - Sync 1 DAGs
[2023-12-18T14:40:25.205+0000] {logging_mixin.py:154} INFO - [2023-12-18T14:40:25.204+0000] {dag.py:3722} INFO - Setting next_dagrun for latest_only to 2023-12-18T10:40:25.204713+00:00, run_after=2023-12-18T14:40:25.204713+00:00
[2023-12-18T14:40:25.218+0000] {processor.py:179} INFO - Processing /home/airflow/.local/lib/python3.8/site-packages/airflow/example_dags/example_latest_only.py took 0.054 seconds
[2023-12-18T14:40:55.465+0000] {processor.py:157} INFO - Started process (PID=197) to work on /home/airflow/.local/lib/python3.8/site-packages/airflow/example_dags/example_latest_only.py
[2023-12-18T14:40:55.473+0000] {processor.py:829} INFO - Processing file /home/airflow/.local/lib/python3.8/site-packages/airflow/example_dags/example_latest_only.py for tasks to queue
[2023-12-18T14:40:55.475+0000] {logging_mixin.py:154} INFO - [2023-12-18T14:40:55.475+0000] {dagbag.py:536} INFO - Filling up the DagBag from /home/airflow/.local/lib/python3.8/site-packages/airflow/example_dags/example_latest_only.py
[2023-12-18T14:40:55.478+0000] {processor.py:839} INFO - DAG(s) dict_keys(['latest_only']) retrieved from /home/airflow/.local/lib/python3.8/site-packages/airflow/example_dags/example_latest_only.py
[2023-12-18T14:40:55.492+0000] {logging_mixin.py:154} INFO - [2023-12-18T14:40:55.492+0000] {dag.py:2941} INFO - Sync 1 DAGs
[2023-12-18T14:40:55.506+0000] {logging_mixin.py:154} INFO - [2023-12-18T14:40:55.505+0000] {dag.py:3722} INFO - Setting next_dagrun for latest_only to 2023-12-18T10:40:55.505822+00:00, run_after=2023-12-18T14:40:55.505822+00:00
[2023-12-18T14:40:55.516+0000] {processor.py:179} INFO - Processing /home/airflow/.local/lib/python3.8/site-packages/airflow/example_dags/example_latest_only.py took 0.054 seconds
[2023-12-18T14:41:26.293+0000] {processor.py:157} INFO - Started process (PID=266) to work on /home/airflow/.local/lib/python3.8/site-packages/airflow/example_dags/example_latest_only.py
[2023-12-18T14:41:26.294+0000] {processor.py:829} INFO - Processing file /home/airflow/.local/lib/python3.8/site-packages/airflow/example_dags/example_latest_only.py for tasks to queue
[2023-12-18T14:41:26.296+0000] {logging_mixin.py:154} INFO - [2023-12-18T14:41:26.295+0000] {dagbag.py:536} INFO - Filling up the DagBag from /home/airflow/.local/lib/python3.8/site-packages/airflow/example_dags/example_latest_only.py
[2023-12-18T14:41:26.298+0000] {processor.py:839} INFO - DAG(s) dict_keys(['latest_only']) retrieved from /home/airflow/.local/lib/python3.8/site-packages/airflow/example_dags/example_latest_only.py
[2023-12-18T14:41:26.310+0000] {logging_mixin.py:154} INFO - [2023-12-18T14:41:26.310+0000] {dag.py:2941} INFO - Sync 1 DAGs
[2023-12-18T14:41:26.323+0000] {logging_mixin.py:154} INFO - [2023-12-18T14:41:26.323+0000] {dag.py:3722} INFO - Setting next_dagrun for latest_only to 2023-12-18T10:41:26.323649+00:00, run_after=2023-12-18T14:41:26.323649+00:00
[2023-12-18T14:41:26.334+0000] {processor.py:179} INFO - Processing /home/airflow/.local/lib/python3.8/site-packages/airflow/example_dags/example_latest_only.py took 0.044 seconds
[2023-12-18T14:41:57.073+0000] {processor.py:157} INFO - Started process (PID=336) to work on /home/airflow/.local/lib/python3.8/site-packages/airflow/example_dags/example_latest_only.py
[2023-12-18T14:41:57.080+0000] {processor.py:829} INFO - Processing file /home/airflow/.local/lib/python3.8/site-packages/airflow/example_dags/example_latest_only.py for tasks to queue
[2023-12-18T14:41:57.083+0000] {logging_mixin.py:154} INFO - [2023-12-18T14:41:57.082+0000] {dagbag.py:536} INFO - Filling up the DagBag from /home/airflow/.local/lib/python3.8/site-packages/airflow/example_dags/example_latest_only.py
[2023-12-18T14:41:57.088+0000] {processor.py:839} INFO - DAG(s) dict_keys(['latest_only']) retrieved from /home/airflow/.local/lib/python3.8/site-packages/airflow/example_dags/example_latest_only.py
[2023-12-18T14:41:57.101+0000] {logging_mixin.py:154} INFO - [2023-12-18T14:41:57.101+0000] {dag.py:2941} INFO - Sync 1 DAGs
[2023-12-18T14:41:57.115+0000] {logging_mixin.py:154} INFO - [2023-12-18T14:41:57.115+0000] {dag.py:3722} INFO - Setting next_dagrun for latest_only to 2023-12-18T10:41:57.114941+00:00, run_after=2023-12-18T14:41:57.114941+00:00
[2023-12-18T14:41:57.125+0000] {processor.py:179} INFO - Processing /home/airflow/.local/lib/python3.8/site-packages/airflow/example_dags/example_latest_only.py took 0.056 seconds
[2023-12-18T14:42:27.984+0000] {processor.py:157} INFO - Started process (PID=405) to work on /home/airflow/.local/lib/python3.8/site-packages/airflow/example_dags/example_latest_only.py
[2023-12-18T14:42:27.992+0000] {processor.py:829} INFO - Processing file /home/airflow/.local/lib/python3.8/site-packages/airflow/example_dags/example_latest_only.py for tasks to queue
[2023-12-18T14:42:27.994+0000] {logging_mixin.py:154} INFO - [2023-12-18T14:42:27.994+0000] {dagbag.py:536} INFO - Filling up the DagBag from /home/airflow/.local/lib/python3.8/site-packages/airflow/example_dags/example_latest_only.py
[2023-12-18T14:42:27.999+0000] {processor.py:839} INFO - DAG(s) dict_keys(['latest_only']) retrieved from /home/airflow/.local/lib/python3.8/site-packages/airflow/example_dags/example_latest_only.py
[2023-12-18T14:42:28.015+0000] {logging_mixin.py:154} INFO - [2023-12-18T14:42:28.015+0000] {dag.py:2941} INFO - Sync 1 DAGs
[2023-12-18T14:42:28.033+0000] {logging_mixin.py:154} INFO - [2023-12-18T14:42:28.032+0000] {dag.py:3722} INFO - Setting next_dagrun for latest_only to 2023-12-18T10:42:28.032644+00:00, run_after=2023-12-18T14:42:28.032644+00:00
[2023-12-18T14:42:28.045+0000] {processor.py:179} INFO - Processing /home/airflow/.local/lib/python3.8/site-packages/airflow/example_dags/example_latest_only.py took 0.065 seconds
[2023-12-18T14:42:58.257+0000] {processor.py:157} INFO - Started process (PID=474) to work on /home/airflow/.local/lib/python3.8/site-packages/airflow/example_dags/example_latest_only.py
[2023-12-18T14:42:58.257+0000] {processor.py:829} INFO - Processing file /home/airflow/.local/lib/python3.8/site-packages/airflow/example_dags/example_latest_only.py for tasks to queue
[2023-12-18T14:42:58.259+0000] {logging_mixin.py:154} INFO - [2023-12-18T14:42:58.259+0000] {dagbag.py:536} INFO - Filling up the DagBag from /home/airflow/.local/lib/python3.8/site-packages/airflow/example_dags/example_latest_only.py
[2023-12-18T14:42:58.262+0000] {processor.py:839} INFO - DAG(s) dict_keys(['latest_only']) retrieved from /home/airflow/.local/lib/python3.8/site-packages/airflow/example_dags/example_latest_only.py
[2023-12-18T14:42:58.276+0000] {logging_mixin.py:154} INFO - [2023-12-18T14:42:58.275+0000] {dag.py:2941} INFO - Sync 1 DAGs
[2023-12-18T14:42:58.288+0000] {logging_mixin.py:154} INFO - [2023-12-18T14:42:58.288+0000] {dag.py:3722} INFO - Setting next_dagrun for latest_only to 2023-12-18T10:42:58.288699+00:00, run_after=2023-12-18T14:42:58.288699+00:00
[2023-12-18T14:42:58.299+0000] {processor.py:179} INFO - Processing /home/airflow/.local/lib/python3.8/site-packages/airflow/example_dags/example_latest_only.py took 0.045 seconds
[2023-12-18T14:44:34.302+0000] {processor.py:157} INFO - Started process (PID=57) to work on /home/airflow/.local/lib/python3.8/site-packages/airflow/example_dags/example_latest_only.py
[2023-12-18T14:44:34.303+0000] {processor.py:829} INFO - Processing file /home/airflow/.local/lib/python3.8/site-packages/airflow/example_dags/example_latest_only.py for tasks to queue
[2023-12-18T14:44:34.305+0000] {logging_mixin.py:154} INFO - [2023-12-18T14:44:34.305+0000] {dagbag.py:536} INFO - Filling up the DagBag from /home/airflow/.local/lib/python3.8/site-packages/airflow/example_dags/example_latest_only.py
[2023-12-18T14:44:34.314+0000] {processor.py:839} INFO - DAG(s) dict_keys(['latest_only']) retrieved from /home/airflow/.local/lib/python3.8/site-packages/airflow/example_dags/example_latest_only.py
[2023-12-18T14:44:34.376+0000] {logging_mixin.py:154} INFO - [2023-12-18T14:44:34.376+0000] {dag.py:2941} INFO - Sync 1 DAGs
[2023-12-18T14:44:34.447+0000] {logging_mixin.py:154} INFO - [2023-12-18T14:44:34.447+0000] {dag.py:3722} INFO - Setting next_dagrun for latest_only to 2023-12-18T10:44:34.446955+00:00, run_after=2023-12-18T14:44:34.446955+00:00
[2023-12-18T14:44:34.507+0000] {processor.py:179} INFO - Processing /home/airflow/.local/lib/python3.8/site-packages/airflow/example_dags/example_latest_only.py took 0.208 seconds
[2023-12-18T14:45:04.697+0000] {processor.py:157} INFO - Started process (PID=126) to work on /home/airflow/.local/lib/python3.8/site-packages/airflow/example_dags/example_latest_only.py
[2023-12-18T14:45:04.697+0000] {processor.py:829} INFO - Processing file /home/airflow/.local/lib/python3.8/site-packages/airflow/example_dags/example_latest_only.py for tasks to queue
[2023-12-18T14:45:04.699+0000] {logging_mixin.py:154} INFO - [2023-12-18T14:45:04.699+0000] {dagbag.py:536} INFO - Filling up the DagBag from /home/airflow/.local/lib/python3.8/site-packages/airflow/example_dags/example_latest_only.py
[2023-12-18T14:45:04.702+0000] {processor.py:839} INFO - DAG(s) dict_keys(['latest_only']) retrieved from /home/airflow/.local/lib/python3.8/site-packages/airflow/example_dags/example_latest_only.py
[2023-12-18T14:45:04.714+0000] {logging_mixin.py:154} INFO - [2023-12-18T14:45:04.714+0000] {dag.py:2941} INFO - Sync 1 DAGs
[2023-12-18T14:45:04.726+0000] {logging_mixin.py:154} INFO - [2023-12-18T14:45:04.726+0000] {dag.py:3722} INFO - Setting next_dagrun for latest_only to 2023-12-18T10:45:04.726602+00:00, run_after=2023-12-18T14:45:04.726602+00:00
[2023-12-18T14:45:04.737+0000] {processor.py:179} INFO - Processing /home/airflow/.local/lib/python3.8/site-packages/airflow/example_dags/example_latest_only.py took 0.042 seconds
[2023-12-18T14:45:35.084+0000] {processor.py:157} INFO - Started process (PID=195) to work on /home/airflow/.local/lib/python3.8/site-packages/airflow/example_dags/example_latest_only.py
[2023-12-18T14:45:35.085+0000] {processor.py:829} INFO - Processing file /home/airflow/.local/lib/python3.8/site-packages/airflow/example_dags/example_latest_only.py for tasks to queue
[2023-12-18T14:45:35.086+0000] {logging_mixin.py:154} INFO - [2023-12-18T14:45:35.086+0000] {dagbag.py:536} INFO - Filling up the DagBag from /home/airflow/.local/lib/python3.8/site-packages/airflow/example_dags/example_latest_only.py
[2023-12-18T14:45:35.089+0000] {processor.py:839} INFO - DAG(s) dict_keys(['latest_only']) retrieved from /home/airflow/.local/lib/python3.8/site-packages/airflow/example_dags/example_latest_only.py
[2023-12-18T14:45:35.102+0000] {logging_mixin.py:154} INFO - [2023-12-18T14:45:35.101+0000] {dag.py:2941} INFO - Sync 1 DAGs
[2023-12-18T14:45:35.116+0000] {logging_mixin.py:154} INFO - [2023-12-18T14:45:35.116+0000] {dag.py:3722} INFO - Setting next_dagrun for latest_only to 2023-12-18T10:45:35.115977+00:00, run_after=2023-12-18T14:45:35.115977+00:00
[2023-12-18T14:45:35.128+0000] {processor.py:179} INFO - Processing /home/airflow/.local/lib/python3.8/site-packages/airflow/example_dags/example_latest_only.py took 0.046 seconds
[2023-12-18T14:46:05.197+0000] {processor.py:157} INFO - Started process (PID=264) to work on /home/airflow/.local/lib/python3.8/site-packages/airflow/example_dags/example_latest_only.py
[2023-12-18T14:46:05.198+0000] {processor.py:829} INFO - Processing file /home/airflow/.local/lib/python3.8/site-packages/airflow/example_dags/example_latest_only.py for tasks to queue
[2023-12-18T14:46:05.199+0000] {logging_mixin.py:154} INFO - [2023-12-18T14:46:05.199+0000] {dagbag.py:536} INFO - Filling up the DagBag from /home/airflow/.local/lib/python3.8/site-packages/airflow/example_dags/example_latest_only.py
[2023-12-18T14:46:05.202+0000] {processor.py:839} INFO - DAG(s) dict_keys(['latest_only']) retrieved from /home/airflow/.local/lib/python3.8/site-packages/airflow/example_dags/example_latest_only.py
[2023-12-18T14:46:05.213+0000] {logging_mixin.py:154} INFO - [2023-12-18T14:46:05.213+0000] {dag.py:2941} INFO - Sync 1 DAGs
[2023-12-18T14:46:05.226+0000] {logging_mixin.py:154} INFO - [2023-12-18T14:46:05.226+0000] {dag.py:3722} INFO - Setting next_dagrun for latest_only to 2023-12-18T10:46:05.226300+00:00, run_after=2023-12-18T14:46:05.226300+00:00
[2023-12-18T14:46:05.236+0000] {processor.py:179} INFO - Processing /home/airflow/.local/lib/python3.8/site-packages/airflow/example_dags/example_latest_only.py took 0.041 seconds
[2023-12-18T14:46:36.072+0000] {processor.py:157} INFO - Started process (PID=333) to work on /home/airflow/.local/lib/python3.8/site-packages/airflow/example_dags/example_latest_only.py
[2023-12-18T14:46:36.081+0000] {processor.py:829} INFO - Processing file /home/airflow/.local/lib/python3.8/site-packages/airflow/example_dags/example_latest_only.py for tasks to queue
[2023-12-18T14:46:36.083+0000] {logging_mixin.py:154} INFO - [2023-12-18T14:46:36.083+0000] {dagbag.py:536} INFO - Filling up the DagBag from /home/airflow/.local/lib/python3.8/site-packages/airflow/example_dags/example_latest_only.py
[2023-12-18T14:46:36.085+0000] {processor.py:839} INFO - DAG(s) dict_keys(['latest_only']) retrieved from /home/airflow/.local/lib/python3.8/site-packages/airflow/example_dags/example_latest_only.py
[2023-12-18T14:46:36.097+0000] {logging_mixin.py:154} INFO - [2023-12-18T14:46:36.097+0000] {dag.py:2941} INFO - Sync 1 DAGs
[2023-12-18T14:46:36.109+0000] {logging_mixin.py:154} INFO - [2023-12-18T14:46:36.109+0000] {dag.py:3722} INFO - Setting next_dagrun for latest_only to 2023-12-18T10:46:36.109329+00:00, run_after=2023-12-18T14:46:36.109329+00:00
[2023-12-18T14:46:36.119+0000] {processor.py:179} INFO - Processing /home/airflow/.local/lib/python3.8/site-packages/airflow/example_dags/example_latest_only.py took 0.048 seconds
[2023-12-18T14:47:06.899+0000] {processor.py:157} INFO - Started process (PID=402) to work on /home/airflow/.local/lib/python3.8/site-packages/airflow/example_dags/example_latest_only.py
[2023-12-18T14:47:06.901+0000] {processor.py:829} INFO - Processing file /home/airflow/.local/lib/python3.8/site-packages/airflow/example_dags/example_latest_only.py for tasks to queue
[2023-12-18T14:47:06.904+0000] {logging_mixin.py:154} INFO - [2023-12-18T14:47:06.903+0000] {dagbag.py:536} INFO - Filling up the DagBag from /home/airflow/.local/lib/python3.8/site-packages/airflow/example_dags/example_latest_only.py
[2023-12-18T14:47:06.907+0000] {processor.py:839} INFO - DAG(s) dict_keys(['latest_only']) retrieved from /home/airflow/.local/lib/python3.8/site-packages/airflow/example_dags/example_latest_only.py
[2023-12-18T14:47:06.922+0000] {logging_mixin.py:154} INFO - [2023-12-18T14:47:06.922+0000] {dag.py:2941} INFO - Sync 1 DAGs
[2023-12-18T14:47:06.937+0000] {logging_mixin.py:154} INFO - [2023-12-18T14:47:06.937+0000] {dag.py:3722} INFO - Setting next_dagrun for latest_only to 2023-12-18T10:47:06.936870+00:00, run_after=2023-12-18T14:47:06.936870+00:00
[2023-12-18T14:47:06.949+0000] {processor.py:179} INFO - Processing /home/airflow/.local/lib/python3.8/site-packages/airflow/example_dags/example_latest_only.py took 0.053 seconds
[2023-12-18T14:47:36.996+0000] {processor.py:157} INFO - Started process (PID=471) to work on /home/airflow/.local/lib/python3.8/site-packages/airflow/example_dags/example_latest_only.py
[2023-12-18T14:47:36.996+0000] {processor.py:829} INFO - Processing file /home/airflow/.local/lib/python3.8/site-packages/airflow/example_dags/example_latest_only.py for tasks to queue
[2023-12-18T14:47:36.998+0000] {logging_mixin.py:154} INFO - [2023-12-18T14:47:36.998+0000] {dagbag.py:536} INFO - Filling up the DagBag from /home/airflow/.local/lib/python3.8/site-packages/airflow/example_dags/example_latest_only.py
[2023-12-18T14:47:37.001+0000] {processor.py:839} INFO - DAG(s) dict_keys(['latest_only']) retrieved from /home/airflow/.local/lib/python3.8/site-packages/airflow/example_dags/example_latest_only.py
[2023-12-18T14:47:37.017+0000] {logging_mixin.py:154} INFO - [2023-12-18T14:47:37.017+0000] {dag.py:2941} INFO - Sync 1 DAGs
[2023-12-18T14:47:37.039+0000] {logging_mixin.py:154} INFO - [2023-12-18T14:47:37.039+0000] {dag.py:3722} INFO - Setting next_dagrun for latest_only to 2023-12-18T10:47:37.039266+00:00, run_after=2023-12-18T14:47:37.039266+00:00
[2023-12-18T14:47:37.056+0000] {processor.py:179} INFO - Processing /home/airflow/.local/lib/python3.8/site-packages/airflow/example_dags/example_latest_only.py took 0.063 seconds
[2023-12-18T14:48:07.337+0000] {processor.py:157} INFO - Started process (PID=541) to work on /home/airflow/.local/lib/python3.8/site-packages/airflow/example_dags/example_latest_only.py
[2023-12-18T14:48:07.337+0000] {processor.py:829} INFO - Processing file /home/airflow/.local/lib/python3.8/site-packages/airflow/example_dags/example_latest_only.py for tasks to queue
[2023-12-18T14:48:07.340+0000] {logging_mixin.py:154} INFO - [2023-12-18T14:48:07.340+0000] {dagbag.py:536} INFO - Filling up the DagBag from /home/airflow/.local/lib/python3.8/site-packages/airflow/example_dags/example_latest_only.py
[2023-12-18T14:48:07.343+0000] {processor.py:839} INFO - DAG(s) dict_keys(['latest_only']) retrieved from /home/airflow/.local/lib/python3.8/site-packages/airflow/example_dags/example_latest_only.py
[2023-12-18T14:48:07.357+0000] {logging_mixin.py:154} INFO - [2023-12-18T14:48:07.357+0000] {dag.py:2941} INFO - Sync 1 DAGs
[2023-12-18T14:48:07.371+0000] {logging_mixin.py:154} INFO - [2023-12-18T14:48:07.371+0000] {dag.py:3722} INFO - Setting next_dagrun for latest_only to 2023-12-18T10:48:07.371039+00:00, run_after=2023-12-18T14:48:07.371039+00:00
[2023-12-18T14:48:07.383+0000] {processor.py:179} INFO - Processing /home/airflow/.local/lib/python3.8/site-packages/airflow/example_dags/example_latest_only.py took 0.048 seconds
[2023-12-18T14:48:38.235+0000] {processor.py:157} INFO - Started process (PID=611) to work on /home/airflow/.local/lib/python3.8/site-packages/airflow/example_dags/example_latest_only.py
[2023-12-18T14:48:38.236+0000] {processor.py:829} INFO - Processing file /home/airflow/.local/lib/python3.8/site-packages/airflow/example_dags/example_latest_only.py for tasks to queue
[2023-12-18T14:48:38.237+0000] {logging_mixin.py:154} INFO - [2023-12-18T14:48:38.237+0000] {dagbag.py:536} INFO - Filling up the DagBag from /home/airflow/.local/lib/python3.8/site-packages/airflow/example_dags/example_latest_only.py
[2023-12-18T14:48:38.240+0000] {processor.py:839} INFO - DAG(s) dict_keys(['latest_only']) retrieved from /home/airflow/.local/lib/python3.8/site-packages/airflow/example_dags/example_latest_only.py
[2023-12-18T14:48:38.259+0000] {logging_mixin.py:154} INFO - [2023-12-18T14:48:38.258+0000] {dag.py:2941} INFO - Sync 1 DAGs
[2023-12-18T14:48:38.290+0000] {logging_mixin.py:154} INFO - [2023-12-18T14:48:38.290+0000] {dag.py:3722} INFO - Setting next_dagrun for latest_only to 2023-12-18T10:48:38.290479+00:00, run_after=2023-12-18T14:48:38.290479+00:00
[2023-12-18T14:48:38.303+0000] {processor.py:179} INFO - Processing /home/airflow/.local/lib/python3.8/site-packages/airflow/example_dags/example_latest_only.py took 0.070 seconds
[2023-12-18T14:52:07.342+0000] {processor.py:157} INFO - Started process (PID=58) to work on /home/airflow/.local/lib/python3.8/site-packages/airflow/example_dags/example_latest_only.py
[2023-12-18T14:52:07.357+0000] {processor.py:829} INFO - Processing file /home/airflow/.local/lib/python3.8/site-packages/airflow/example_dags/example_latest_only.py for tasks to queue
[2023-12-18T14:52:07.366+0000] {logging_mixin.py:154} INFO - [2023-12-18T14:52:07.365+0000] {dagbag.py:536} INFO - Filling up the DagBag from /home/airflow/.local/lib/python3.8/site-packages/airflow/example_dags/example_latest_only.py
[2023-12-18T14:52:07.393+0000] {processor.py:839} INFO - DAG(s) dict_keys(['latest_only']) retrieved from /home/airflow/.local/lib/python3.8/site-packages/airflow/example_dags/example_latest_only.py
[2023-12-18T14:52:07.446+0000] {logging_mixin.py:154} INFO - [2023-12-18T14:52:07.446+0000] {dag.py:2941} INFO - Sync 1 DAGs
[2023-12-18T14:52:07.476+0000] {logging_mixin.py:154} INFO - [2023-12-18T14:52:07.476+0000] {dag.py:3722} INFO - Setting next_dagrun for latest_only to 2023-12-18T10:52:07.475916+00:00, run_after=2023-12-18T14:52:07.475916+00:00
[2023-12-18T14:52:07.512+0000] {processor.py:179} INFO - Processing /home/airflow/.local/lib/python3.8/site-packages/airflow/example_dags/example_latest_only.py took 0.173 seconds
[2023-12-18T14:52:38.012+0000] {processor.py:157} INFO - Started process (PID=127) to work on /home/airflow/.local/lib/python3.8/site-packages/airflow/example_dags/example_latest_only.py
[2023-12-18T14:52:38.013+0000] {processor.py:829} INFO - Processing file /home/airflow/.local/lib/python3.8/site-packages/airflow/example_dags/example_latest_only.py for tasks to queue
[2023-12-18T14:52:38.020+0000] {logging_mixin.py:154} INFO - [2023-12-18T14:52:38.019+0000] {dagbag.py:536} INFO - Filling up the DagBag from /home/airflow/.local/lib/python3.8/site-packages/airflow/example_dags/example_latest_only.py
[2023-12-18T14:52:38.027+0000] {processor.py:839} INFO - DAG(s) dict_keys(['latest_only']) retrieved from /home/airflow/.local/lib/python3.8/site-packages/airflow/example_dags/example_latest_only.py
[2023-12-18T14:52:38.052+0000] {logging_mixin.py:154} INFO - [2023-12-18T14:52:38.051+0000] {dag.py:2941} INFO - Sync 1 DAGs
[2023-12-18T14:52:38.082+0000] {logging_mixin.py:154} INFO - [2023-12-18T14:52:38.082+0000] {dag.py:3722} INFO - Setting next_dagrun for latest_only to 2023-12-18T10:52:38.082061+00:00, run_after=2023-12-18T14:52:38.082061+00:00
[2023-12-18T14:52:38.100+0000] {processor.py:179} INFO - Processing /home/airflow/.local/lib/python3.8/site-packages/airflow/example_dags/example_latest_only.py took 0.092 seconds
[2023-12-18T14:53:08.427+0000] {processor.py:157} INFO - Started process (PID=197) to work on /home/airflow/.local/lib/python3.8/site-packages/airflow/example_dags/example_latest_only.py
[2023-12-18T14:53:08.428+0000] {processor.py:829} INFO - Processing file /home/airflow/.local/lib/python3.8/site-packages/airflow/example_dags/example_latest_only.py for tasks to queue
[2023-12-18T14:53:08.429+0000] {logging_mixin.py:154} INFO - [2023-12-18T14:53:08.429+0000] {dagbag.py:536} INFO - Filling up the DagBag from /home/airflow/.local/lib/python3.8/site-packages/airflow/example_dags/example_latest_only.py
[2023-12-18T14:53:08.432+0000] {processor.py:839} INFO - DAG(s) dict_keys(['latest_only']) retrieved from /home/airflow/.local/lib/python3.8/site-packages/airflow/example_dags/example_latest_only.py
[2023-12-18T14:53:08.444+0000] {logging_mixin.py:154} INFO - [2023-12-18T14:53:08.444+0000] {dag.py:2941} INFO - Sync 1 DAGs
[2023-12-18T14:53:08.458+0000] {logging_mixin.py:154} INFO - [2023-12-18T14:53:08.457+0000] {dag.py:3722} INFO - Setting next_dagrun for latest_only to 2023-12-18T10:53:08.457790+00:00, run_after=2023-12-18T14:53:08.457790+00:00
[2023-12-18T14:53:08.496+0000] {processor.py:179} INFO - Processing /home/airflow/.local/lib/python3.8/site-packages/airflow/example_dags/example_latest_only.py took 0.071 seconds
[2023-12-18T14:53:39.288+0000] {processor.py:157} INFO - Started process (PID=266) to work on /home/airflow/.local/lib/python3.8/site-packages/airflow/example_dags/example_latest_only.py
[2023-12-18T14:53:39.288+0000] {processor.py:829} INFO - Processing file /home/airflow/.local/lib/python3.8/site-packages/airflow/example_dags/example_latest_only.py for tasks to queue
[2023-12-18T14:53:39.290+0000] {logging_mixin.py:154} INFO - [2023-12-18T14:53:39.290+0000] {dagbag.py:536} INFO - Filling up the DagBag from /home/airflow/.local/lib/python3.8/site-packages/airflow/example_dags/example_latest_only.py
[2023-12-18T14:53:39.292+0000] {processor.py:839} INFO - DAG(s) dict_keys(['latest_only']) retrieved from /home/airflow/.local/lib/python3.8/site-packages/airflow/example_dags/example_latest_only.py
[2023-12-18T14:53:39.305+0000] {logging_mixin.py:154} INFO - [2023-12-18T14:53:39.305+0000] {dag.py:2941} INFO - Sync 1 DAGs
[2023-12-18T14:53:39.319+0000] {logging_mixin.py:154} INFO - [2023-12-18T14:53:39.319+0000] {dag.py:3722} INFO - Setting next_dagrun for latest_only to 2023-12-18T10:53:39.319494+00:00, run_after=2023-12-18T14:53:39.319494+00:00
[2023-12-18T14:53:39.330+0000] {processor.py:179} INFO - Processing /home/airflow/.local/lib/python3.8/site-packages/airflow/example_dags/example_latest_only.py took 0.044 seconds
