[2023-12-18T14:25:40.945+0000] {processor.py:157} INFO - Started process (PID=69) to work on /home/airflow/.local/lib/python3.8/site-packages/airflow/example_dags/example_branch_python_dop_operator_3.py
[2023-12-18T14:25:40.946+0000] {processor.py:829} INFO - Processing file /home/airflow/.local/lib/python3.8/site-packages/airflow/example_dags/example_branch_python_dop_operator_3.py for tasks to queue
[2023-12-18T14:25:40.947+0000] {logging_mixin.py:154} INFO - [2023-12-18T14:25:40.947+0000] {dagbag.py:536} INFO - Filling up the DagBag from /home/airflow/.local/lib/python3.8/site-packages/airflow/example_dags/example_branch_python_dop_operator_3.py
[2023-12-18T14:25:40.959+0000] {processor.py:839} INFO - DAG(s) dict_keys(['example_branch_dop_operator_v3']) retrieved from /home/airflow/.local/lib/python3.8/site-packages/airflow/example_dags/example_branch_python_dop_operator_3.py
[2023-12-18T14:25:40.973+0000] {logging_mixin.py:154} INFO - [2023-12-18T14:25:40.973+0000] {dag.py:2941} INFO - Sync 1 DAGs
[2023-12-18T14:25:41.009+0000] {logging_mixin.py:154} INFO - [2023-12-18T14:25:41.009+0000] {dag.py:3722} INFO - Setting next_dagrun for example_branch_dop_operator_v3 to 2023-12-18T14:24:00+00:00, run_after=2023-12-18T14:25:00+00:00
[2023-12-18T14:25:41.032+0000] {processor.py:179} INFO - Processing /home/airflow/.local/lib/python3.8/site-packages/airflow/example_dags/example_branch_python_dop_operator_3.py took 0.089 seconds
[2023-12-18T14:26:11.557+0000] {processor.py:157} INFO - Started process (PID=138) to work on /home/airflow/.local/lib/python3.8/site-packages/airflow/example_dags/example_branch_python_dop_operator_3.py
[2023-12-18T14:26:11.558+0000] {processor.py:829} INFO - Processing file /home/airflow/.local/lib/python3.8/site-packages/airflow/example_dags/example_branch_python_dop_operator_3.py for tasks to queue
[2023-12-18T14:26:11.559+0000] {logging_mixin.py:154} INFO - [2023-12-18T14:26:11.559+0000] {dagbag.py:536} INFO - Filling up the DagBag from /home/airflow/.local/lib/python3.8/site-packages/airflow/example_dags/example_branch_python_dop_operator_3.py
[2023-12-18T14:26:11.564+0000] {processor.py:839} INFO - DAG(s) dict_keys(['example_branch_dop_operator_v3']) retrieved from /home/airflow/.local/lib/python3.8/site-packages/airflow/example_dags/example_branch_python_dop_operator_3.py
[2023-12-18T14:26:11.600+0000] {logging_mixin.py:154} INFO - [2023-12-18T14:26:11.600+0000] {dag.py:2941} INFO - Sync 1 DAGs
[2023-12-18T14:26:11.617+0000] {logging_mixin.py:154} INFO - [2023-12-18T14:26:11.616+0000] {dag.py:3722} INFO - Setting next_dagrun for example_branch_dop_operator_v3 to 2023-12-18T14:25:00+00:00, run_after=2023-12-18T14:26:00+00:00
[2023-12-18T14:26:11.629+0000] {processor.py:179} INFO - Processing /home/airflow/.local/lib/python3.8/site-packages/airflow/example_dags/example_branch_python_dop_operator_3.py took 0.074 seconds
[2023-12-18T14:26:41.786+0000] {processor.py:157} INFO - Started process (PID=208) to work on /home/airflow/.local/lib/python3.8/site-packages/airflow/example_dags/example_branch_python_dop_operator_3.py
[2023-12-18T14:26:41.787+0000] {processor.py:829} INFO - Processing file /home/airflow/.local/lib/python3.8/site-packages/airflow/example_dags/example_branch_python_dop_operator_3.py for tasks to queue
[2023-12-18T14:26:41.788+0000] {logging_mixin.py:154} INFO - [2023-12-18T14:26:41.788+0000] {dagbag.py:536} INFO - Filling up the DagBag from /home/airflow/.local/lib/python3.8/site-packages/airflow/example_dags/example_branch_python_dop_operator_3.py
[2023-12-18T14:26:41.792+0000] {processor.py:839} INFO - DAG(s) dict_keys(['example_branch_dop_operator_v3']) retrieved from /home/airflow/.local/lib/python3.8/site-packages/airflow/example_dags/example_branch_python_dop_operator_3.py
[2023-12-18T14:26:41.804+0000] {logging_mixin.py:154} INFO - [2023-12-18T14:26:41.804+0000] {dag.py:2941} INFO - Sync 1 DAGs
[2023-12-18T14:26:41.819+0000] {logging_mixin.py:154} INFO - [2023-12-18T14:26:41.819+0000] {dag.py:3722} INFO - Setting next_dagrun for example_branch_dop_operator_v3 to 2023-12-18T14:25:00+00:00, run_after=2023-12-18T14:26:00+00:00
[2023-12-18T14:26:41.828+0000] {processor.py:179} INFO - Processing /home/airflow/.local/lib/python3.8/site-packages/airflow/example_dags/example_branch_python_dop_operator_3.py took 0.044 seconds
[2023-12-18T14:27:12.683+0000] {processor.py:157} INFO - Started process (PID=277) to work on /home/airflow/.local/lib/python3.8/site-packages/airflow/example_dags/example_branch_python_dop_operator_3.py
[2023-12-18T14:27:12.683+0000] {processor.py:829} INFO - Processing file /home/airflow/.local/lib/python3.8/site-packages/airflow/example_dags/example_branch_python_dop_operator_3.py for tasks to queue
[2023-12-18T14:27:12.684+0000] {logging_mixin.py:154} INFO - [2023-12-18T14:27:12.684+0000] {dagbag.py:536} INFO - Filling up the DagBag from /home/airflow/.local/lib/python3.8/site-packages/airflow/example_dags/example_branch_python_dop_operator_3.py
[2023-12-18T14:27:12.689+0000] {processor.py:839} INFO - DAG(s) dict_keys(['example_branch_dop_operator_v3']) retrieved from /home/airflow/.local/lib/python3.8/site-packages/airflow/example_dags/example_branch_python_dop_operator_3.py
[2023-12-18T14:27:12.702+0000] {logging_mixin.py:154} INFO - [2023-12-18T14:27:12.702+0000] {dag.py:2941} INFO - Sync 1 DAGs
[2023-12-18T14:27:12.718+0000] {logging_mixin.py:154} INFO - [2023-12-18T14:27:12.718+0000] {dag.py:3722} INFO - Setting next_dagrun for example_branch_dop_operator_v3 to 2023-12-18T14:26:00+00:00, run_after=2023-12-18T14:27:00+00:00
[2023-12-18T14:27:12.729+0000] {processor.py:179} INFO - Processing /home/airflow/.local/lib/python3.8/site-packages/airflow/example_dags/example_branch_python_dop_operator_3.py took 0.048 seconds
[2023-12-18T14:27:43.547+0000] {processor.py:157} INFO - Started process (PID=346) to work on /home/airflow/.local/lib/python3.8/site-packages/airflow/example_dags/example_branch_python_dop_operator_3.py
[2023-12-18T14:27:43.548+0000] {processor.py:829} INFO - Processing file /home/airflow/.local/lib/python3.8/site-packages/airflow/example_dags/example_branch_python_dop_operator_3.py for tasks to queue
[2023-12-18T14:27:43.549+0000] {logging_mixin.py:154} INFO - [2023-12-18T14:27:43.549+0000] {dagbag.py:536} INFO - Filling up the DagBag from /home/airflow/.local/lib/python3.8/site-packages/airflow/example_dags/example_branch_python_dop_operator_3.py
[2023-12-18T14:27:43.555+0000] {processor.py:839} INFO - DAG(s) dict_keys(['example_branch_dop_operator_v3']) retrieved from /home/airflow/.local/lib/python3.8/site-packages/airflow/example_dags/example_branch_python_dop_operator_3.py
[2023-12-18T14:27:43.568+0000] {logging_mixin.py:154} INFO - [2023-12-18T14:27:43.568+0000] {dag.py:2941} INFO - Sync 1 DAGs
[2023-12-18T14:27:43.598+0000] {logging_mixin.py:154} INFO - [2023-12-18T14:27:43.597+0000] {dag.py:3722} INFO - Setting next_dagrun for example_branch_dop_operator_v3 to 2023-12-18T14:26:00+00:00, run_after=2023-12-18T14:27:00+00:00
[2023-12-18T14:27:43.614+0000] {processor.py:179} INFO - Processing /home/airflow/.local/lib/python3.8/site-packages/airflow/example_dags/example_branch_python_dop_operator_3.py took 0.068 seconds
[2023-12-18T14:28:13.727+0000] {processor.py:157} INFO - Started process (PID=414) to work on /home/airflow/.local/lib/python3.8/site-packages/airflow/example_dags/example_branch_python_dop_operator_3.py
[2023-12-18T14:28:13.728+0000] {processor.py:829} INFO - Processing file /home/airflow/.local/lib/python3.8/site-packages/airflow/example_dags/example_branch_python_dop_operator_3.py for tasks to queue
[2023-12-18T14:28:13.729+0000] {logging_mixin.py:154} INFO - [2023-12-18T14:28:13.729+0000] {dagbag.py:536} INFO - Filling up the DagBag from /home/airflow/.local/lib/python3.8/site-packages/airflow/example_dags/example_branch_python_dop_operator_3.py
[2023-12-18T14:28:13.736+0000] {processor.py:839} INFO - DAG(s) dict_keys(['example_branch_dop_operator_v3']) retrieved from /home/airflow/.local/lib/python3.8/site-packages/airflow/example_dags/example_branch_python_dop_operator_3.py
[2023-12-18T14:28:13.753+0000] {logging_mixin.py:154} INFO - [2023-12-18T14:28:13.752+0000] {dag.py:2941} INFO - Sync 1 DAGs
[2023-12-18T14:28:13.776+0000] {logging_mixin.py:154} INFO - [2023-12-18T14:28:13.775+0000] {dag.py:3722} INFO - Setting next_dagrun for example_branch_dop_operator_v3 to 2023-12-18T14:27:00+00:00, run_after=2023-12-18T14:28:00+00:00
[2023-12-18T14:28:13.788+0000] {processor.py:179} INFO - Processing /home/airflow/.local/lib/python3.8/site-packages/airflow/example_dags/example_branch_python_dop_operator_3.py took 0.063 seconds
[2023-12-18T14:28:44.534+0000] {processor.py:157} INFO - Started process (PID=490) to work on /home/airflow/.local/lib/python3.8/site-packages/airflow/example_dags/example_branch_python_dop_operator_3.py
[2023-12-18T14:28:44.535+0000] {processor.py:829} INFO - Processing file /home/airflow/.local/lib/python3.8/site-packages/airflow/example_dags/example_branch_python_dop_operator_3.py for tasks to queue
[2023-12-18T14:28:44.536+0000] {logging_mixin.py:154} INFO - [2023-12-18T14:28:44.536+0000] {dagbag.py:536} INFO - Filling up the DagBag from /home/airflow/.local/lib/python3.8/site-packages/airflow/example_dags/example_branch_python_dop_operator_3.py
[2023-12-18T14:28:44.541+0000] {processor.py:839} INFO - DAG(s) dict_keys(['example_branch_dop_operator_v3']) retrieved from /home/airflow/.local/lib/python3.8/site-packages/airflow/example_dags/example_branch_python_dop_operator_3.py
[2023-12-18T14:28:44.616+0000] {logging_mixin.py:154} INFO - [2023-12-18T14:28:44.616+0000] {dag.py:2941} INFO - Sync 1 DAGs
[2023-12-18T14:28:44.653+0000] {logging_mixin.py:154} INFO - [2023-12-18T14:28:44.653+0000] {dag.py:3722} INFO - Setting next_dagrun for example_branch_dop_operator_v3 to 2023-12-18T14:27:00+00:00, run_after=2023-12-18T14:28:00+00:00
[2023-12-18T14:28:44.667+0000] {processor.py:179} INFO - Processing /home/airflow/.local/lib/python3.8/site-packages/airflow/example_dags/example_branch_python_dop_operator_3.py took 0.135 seconds
[2023-12-18T14:29:15.458+0000] {processor.py:157} INFO - Started process (PID=559) to work on /home/airflow/.local/lib/python3.8/site-packages/airflow/example_dags/example_branch_python_dop_operator_3.py
[2023-12-18T14:29:15.459+0000] {processor.py:829} INFO - Processing file /home/airflow/.local/lib/python3.8/site-packages/airflow/example_dags/example_branch_python_dop_operator_3.py for tasks to queue
[2023-12-18T14:29:15.460+0000] {logging_mixin.py:154} INFO - [2023-12-18T14:29:15.460+0000] {dagbag.py:536} INFO - Filling up the DagBag from /home/airflow/.local/lib/python3.8/site-packages/airflow/example_dags/example_branch_python_dop_operator_3.py
[2023-12-18T14:29:15.465+0000] {processor.py:839} INFO - DAG(s) dict_keys(['example_branch_dop_operator_v3']) retrieved from /home/airflow/.local/lib/python3.8/site-packages/airflow/example_dags/example_branch_python_dop_operator_3.py
[2023-12-18T14:29:15.481+0000] {logging_mixin.py:154} INFO - [2023-12-18T14:29:15.481+0000] {dag.py:2941} INFO - Sync 1 DAGs
[2023-12-18T14:29:15.504+0000] {logging_mixin.py:154} INFO - [2023-12-18T14:29:15.504+0000] {dag.py:3722} INFO - Setting next_dagrun for example_branch_dop_operator_v3 to 2023-12-18T14:28:00+00:00, run_after=2023-12-18T14:29:00+00:00
[2023-12-18T14:29:15.516+0000] {processor.py:179} INFO - Processing /home/airflow/.local/lib/python3.8/site-packages/airflow/example_dags/example_branch_python_dop_operator_3.py took 0.060 seconds
[2023-12-18T14:29:45.577+0000] {processor.py:157} INFO - Started process (PID=629) to work on /home/airflow/.local/lib/python3.8/site-packages/airflow/example_dags/example_branch_python_dop_operator_3.py
[2023-12-18T14:29:45.578+0000] {processor.py:829} INFO - Processing file /home/airflow/.local/lib/python3.8/site-packages/airflow/example_dags/example_branch_python_dop_operator_3.py for tasks to queue
[2023-12-18T14:29:45.579+0000] {logging_mixin.py:154} INFO - [2023-12-18T14:29:45.578+0000] {dagbag.py:536} INFO - Filling up the DagBag from /home/airflow/.local/lib/python3.8/site-packages/airflow/example_dags/example_branch_python_dop_operator_3.py
[2023-12-18T14:29:45.583+0000] {processor.py:839} INFO - DAG(s) dict_keys(['example_branch_dop_operator_v3']) retrieved from /home/airflow/.local/lib/python3.8/site-packages/airflow/example_dags/example_branch_python_dop_operator_3.py
[2023-12-18T14:29:45.595+0000] {logging_mixin.py:154} INFO - [2023-12-18T14:29:45.595+0000] {dag.py:2941} INFO - Sync 1 DAGs
[2023-12-18T14:29:45.609+0000] {logging_mixin.py:154} INFO - [2023-12-18T14:29:45.609+0000] {dag.py:3722} INFO - Setting next_dagrun for example_branch_dop_operator_v3 to 2023-12-18T14:28:00+00:00, run_after=2023-12-18T14:29:00+00:00
[2023-12-18T14:29:45.619+0000] {processor.py:179} INFO - Processing /home/airflow/.local/lib/python3.8/site-packages/airflow/example_dags/example_branch_python_dop_operator_3.py took 0.044 seconds
[2023-12-18T14:30:15.729+0000] {processor.py:157} INFO - Started process (PID=698) to work on /home/airflow/.local/lib/python3.8/site-packages/airflow/example_dags/example_branch_python_dop_operator_3.py
[2023-12-18T14:30:15.730+0000] {processor.py:829} INFO - Processing file /home/airflow/.local/lib/python3.8/site-packages/airflow/example_dags/example_branch_python_dop_operator_3.py for tasks to queue
[2023-12-18T14:30:15.731+0000] {logging_mixin.py:154} INFO - [2023-12-18T14:30:15.731+0000] {dagbag.py:536} INFO - Filling up the DagBag from /home/airflow/.local/lib/python3.8/site-packages/airflow/example_dags/example_branch_python_dop_operator_3.py
[2023-12-18T14:30:15.738+0000] {processor.py:839} INFO - DAG(s) dict_keys(['example_branch_dop_operator_v3']) retrieved from /home/airflow/.local/lib/python3.8/site-packages/airflow/example_dags/example_branch_python_dop_operator_3.py
[2023-12-18T14:30:15.752+0000] {logging_mixin.py:154} INFO - [2023-12-18T14:30:15.752+0000] {dag.py:2941} INFO - Sync 1 DAGs
[2023-12-18T14:30:15.769+0000] {logging_mixin.py:154} INFO - [2023-12-18T14:30:15.769+0000] {dag.py:3722} INFO - Setting next_dagrun for example_branch_dop_operator_v3 to 2023-12-18T14:29:00+00:00, run_after=2023-12-18T14:30:00+00:00
[2023-12-18T14:30:15.791+0000] {processor.py:179} INFO - Processing /home/airflow/.local/lib/python3.8/site-packages/airflow/example_dags/example_branch_python_dop_operator_3.py took 0.064 seconds
[2023-12-18T14:30:45.819+0000] {processor.py:157} INFO - Started process (PID=768) to work on /home/airflow/.local/lib/python3.8/site-packages/airflow/example_dags/example_branch_python_dop_operator_3.py
[2023-12-18T14:30:45.819+0000] {processor.py:829} INFO - Processing file /home/airflow/.local/lib/python3.8/site-packages/airflow/example_dags/example_branch_python_dop_operator_3.py for tasks to queue
[2023-12-18T14:30:45.820+0000] {logging_mixin.py:154} INFO - [2023-12-18T14:30:45.820+0000] {dagbag.py:536} INFO - Filling up the DagBag from /home/airflow/.local/lib/python3.8/site-packages/airflow/example_dags/example_branch_python_dop_operator_3.py
[2023-12-18T14:30:45.826+0000] {processor.py:839} INFO - DAG(s) dict_keys(['example_branch_dop_operator_v3']) retrieved from /home/airflow/.local/lib/python3.8/site-packages/airflow/example_dags/example_branch_python_dop_operator_3.py
[2023-12-18T14:30:45.841+0000] {logging_mixin.py:154} INFO - [2023-12-18T14:30:45.841+0000] {dag.py:2941} INFO - Sync 1 DAGs
[2023-12-18T14:30:45.861+0000] {logging_mixin.py:154} INFO - [2023-12-18T14:30:45.861+0000] {dag.py:3722} INFO - Setting next_dagrun for example_branch_dop_operator_v3 to 2023-12-18T14:29:00+00:00, run_after=2023-12-18T14:30:00+00:00
[2023-12-18T14:30:45.873+0000] {processor.py:179} INFO - Processing /home/airflow/.local/lib/python3.8/site-packages/airflow/example_dags/example_branch_python_dop_operator_3.py took 0.056 seconds
[2023-12-18T14:31:15.965+0000] {processor.py:157} INFO - Started process (PID=830) to work on /home/airflow/.local/lib/python3.8/site-packages/airflow/example_dags/example_branch_python_dop_operator_3.py
[2023-12-18T14:31:15.966+0000] {processor.py:829} INFO - Processing file /home/airflow/.local/lib/python3.8/site-packages/airflow/example_dags/example_branch_python_dop_operator_3.py for tasks to queue
[2023-12-18T14:31:15.967+0000] {logging_mixin.py:154} INFO - [2023-12-18T14:31:15.967+0000] {dagbag.py:536} INFO - Filling up the DagBag from /home/airflow/.local/lib/python3.8/site-packages/airflow/example_dags/example_branch_python_dop_operator_3.py
[2023-12-18T14:31:15.972+0000] {processor.py:839} INFO - DAG(s) dict_keys(['example_branch_dop_operator_v3']) retrieved from /home/airflow/.local/lib/python3.8/site-packages/airflow/example_dags/example_branch_python_dop_operator_3.py
[2023-12-18T14:31:15.996+0000] {logging_mixin.py:154} INFO - [2023-12-18T14:31:15.996+0000] {dag.py:2941} INFO - Sync 1 DAGs
[2023-12-18T14:31:16.013+0000] {logging_mixin.py:154} INFO - [2023-12-18T14:31:16.013+0000] {dag.py:3722} INFO - Setting next_dagrun for example_branch_dop_operator_v3 to 2023-12-18T14:30:00+00:00, run_after=2023-12-18T14:31:00+00:00
[2023-12-18T14:31:16.024+0000] {processor.py:179} INFO - Processing /home/airflow/.local/lib/python3.8/site-packages/airflow/example_dags/example_branch_python_dop_operator_3.py took 0.061 seconds
[2023-12-18T14:31:46.880+0000] {processor.py:157} INFO - Started process (PID=906) to work on /home/airflow/.local/lib/python3.8/site-packages/airflow/example_dags/example_branch_python_dop_operator_3.py
[2023-12-18T14:31:46.882+0000] {processor.py:829} INFO - Processing file /home/airflow/.local/lib/python3.8/site-packages/airflow/example_dags/example_branch_python_dop_operator_3.py for tasks to queue
[2023-12-18T14:31:46.886+0000] {logging_mixin.py:154} INFO - [2023-12-18T14:31:46.886+0000] {dagbag.py:536} INFO - Filling up the DagBag from /home/airflow/.local/lib/python3.8/site-packages/airflow/example_dags/example_branch_python_dop_operator_3.py
[2023-12-18T14:31:46.901+0000] {processor.py:839} INFO - DAG(s) dict_keys(['example_branch_dop_operator_v3']) retrieved from /home/airflow/.local/lib/python3.8/site-packages/airflow/example_dags/example_branch_python_dop_operator_3.py
[2023-12-18T14:31:46.919+0000] {logging_mixin.py:154} INFO - [2023-12-18T14:31:46.919+0000] {dag.py:2941} INFO - Sync 1 DAGs
[2023-12-18T14:31:46.935+0000] {logging_mixin.py:154} INFO - [2023-12-18T14:31:46.935+0000] {dag.py:3722} INFO - Setting next_dagrun for example_branch_dop_operator_v3 to 2023-12-18T14:30:00+00:00, run_after=2023-12-18T14:31:00+00:00
[2023-12-18T14:31:46.946+0000] {processor.py:179} INFO - Processing /home/airflow/.local/lib/python3.8/site-packages/airflow/example_dags/example_branch_python_dop_operator_3.py took 0.073 seconds
[2023-12-18T14:32:17.041+0000] {processor.py:157} INFO - Started process (PID=974) to work on /home/airflow/.local/lib/python3.8/site-packages/airflow/example_dags/example_branch_python_dop_operator_3.py
[2023-12-18T14:32:17.041+0000] {processor.py:829} INFO - Processing file /home/airflow/.local/lib/python3.8/site-packages/airflow/example_dags/example_branch_python_dop_operator_3.py for tasks to queue
[2023-12-18T14:32:17.042+0000] {logging_mixin.py:154} INFO - [2023-12-18T14:32:17.042+0000] {dagbag.py:536} INFO - Filling up the DagBag from /home/airflow/.local/lib/python3.8/site-packages/airflow/example_dags/example_branch_python_dop_operator_3.py
[2023-12-18T14:32:17.047+0000] {processor.py:839} INFO - DAG(s) dict_keys(['example_branch_dop_operator_v3']) retrieved from /home/airflow/.local/lib/python3.8/site-packages/airflow/example_dags/example_branch_python_dop_operator_3.py
[2023-12-18T14:32:17.059+0000] {logging_mixin.py:154} INFO - [2023-12-18T14:32:17.058+0000] {dag.py:2941} INFO - Sync 1 DAGs
[2023-12-18T14:32:17.087+0000] {logging_mixin.py:154} INFO - [2023-12-18T14:32:17.087+0000] {dag.py:3722} INFO - Setting next_dagrun for example_branch_dop_operator_v3 to 2023-12-18T14:31:00+00:00, run_after=2023-12-18T14:32:00+00:00
[2023-12-18T14:32:17.098+0000] {processor.py:179} INFO - Processing /home/airflow/.local/lib/python3.8/site-packages/airflow/example_dags/example_branch_python_dop_operator_3.py took 0.059 seconds
[2023-12-18T14:32:47.941+0000] {processor.py:157} INFO - Started process (PID=1042) to work on /home/airflow/.local/lib/python3.8/site-packages/airflow/example_dags/example_branch_python_dop_operator_3.py
[2023-12-18T14:32:47.942+0000] {processor.py:829} INFO - Processing file /home/airflow/.local/lib/python3.8/site-packages/airflow/example_dags/example_branch_python_dop_operator_3.py for tasks to queue
[2023-12-18T14:32:47.943+0000] {logging_mixin.py:154} INFO - [2023-12-18T14:32:47.943+0000] {dagbag.py:536} INFO - Filling up the DagBag from /home/airflow/.local/lib/python3.8/site-packages/airflow/example_dags/example_branch_python_dop_operator_3.py
[2023-12-18T14:32:47.948+0000] {processor.py:839} INFO - DAG(s) dict_keys(['example_branch_dop_operator_v3']) retrieved from /home/airflow/.local/lib/python3.8/site-packages/airflow/example_dags/example_branch_python_dop_operator_3.py
[2023-12-18T14:32:47.962+0000] {logging_mixin.py:154} INFO - [2023-12-18T14:32:47.962+0000] {dag.py:2941} INFO - Sync 1 DAGs
[2023-12-18T14:32:47.980+0000] {logging_mixin.py:154} INFO - [2023-12-18T14:32:47.979+0000] {dag.py:3722} INFO - Setting next_dagrun for example_branch_dop_operator_v3 to 2023-12-18T14:31:00+00:00, run_after=2023-12-18T14:32:00+00:00
[2023-12-18T14:32:47.990+0000] {processor.py:179} INFO - Processing /home/airflow/.local/lib/python3.8/site-packages/airflow/example_dags/example_branch_python_dop_operator_3.py took 0.051 seconds
[2023-12-18T14:33:18.611+0000] {processor.py:157} INFO - Started process (PID=1111) to work on /home/airflow/.local/lib/python3.8/site-packages/airflow/example_dags/example_branch_python_dop_operator_3.py
[2023-12-18T14:33:18.611+0000] {processor.py:829} INFO - Processing file /home/airflow/.local/lib/python3.8/site-packages/airflow/example_dags/example_branch_python_dop_operator_3.py for tasks to queue
[2023-12-18T14:33:18.612+0000] {logging_mixin.py:154} INFO - [2023-12-18T14:33:18.612+0000] {dagbag.py:536} INFO - Filling up the DagBag from /home/airflow/.local/lib/python3.8/site-packages/airflow/example_dags/example_branch_python_dop_operator_3.py
[2023-12-18T14:33:18.617+0000] {processor.py:839} INFO - DAG(s) dict_keys(['example_branch_dop_operator_v3']) retrieved from /home/airflow/.local/lib/python3.8/site-packages/airflow/example_dags/example_branch_python_dop_operator_3.py
[2023-12-18T14:33:18.631+0000] {logging_mixin.py:154} INFO - [2023-12-18T14:33:18.631+0000] {dag.py:2941} INFO - Sync 1 DAGs
[2023-12-18T14:33:18.648+0000] {logging_mixin.py:154} INFO - [2023-12-18T14:33:18.648+0000] {dag.py:3722} INFO - Setting next_dagrun for example_branch_dop_operator_v3 to 2023-12-18T14:32:00+00:00, run_after=2023-12-18T14:33:00+00:00
[2023-12-18T14:33:18.659+0000] {processor.py:179} INFO - Processing /home/airflow/.local/lib/python3.8/site-packages/airflow/example_dags/example_branch_python_dop_operator_3.py took 0.050 seconds
[2023-12-18T14:33:49.476+0000] {processor.py:157} INFO - Started process (PID=1180) to work on /home/airflow/.local/lib/python3.8/site-packages/airflow/example_dags/example_branch_python_dop_operator_3.py
[2023-12-18T14:33:49.477+0000] {processor.py:829} INFO - Processing file /home/airflow/.local/lib/python3.8/site-packages/airflow/example_dags/example_branch_python_dop_operator_3.py for tasks to queue
[2023-12-18T14:33:49.478+0000] {logging_mixin.py:154} INFO - [2023-12-18T14:33:49.478+0000] {dagbag.py:536} INFO - Filling up the DagBag from /home/airflow/.local/lib/python3.8/site-packages/airflow/example_dags/example_branch_python_dop_operator_3.py
[2023-12-18T14:33:49.483+0000] {processor.py:839} INFO - DAG(s) dict_keys(['example_branch_dop_operator_v3']) retrieved from /home/airflow/.local/lib/python3.8/site-packages/airflow/example_dags/example_branch_python_dop_operator_3.py
[2023-12-18T14:33:49.495+0000] {logging_mixin.py:154} INFO - [2023-12-18T14:33:49.495+0000] {dag.py:2941} INFO - Sync 1 DAGs
[2023-12-18T14:33:49.512+0000] {logging_mixin.py:154} INFO - [2023-12-18T14:33:49.512+0000] {dag.py:3722} INFO - Setting next_dagrun for example_branch_dop_operator_v3 to 2023-12-18T14:32:00+00:00, run_after=2023-12-18T14:33:00+00:00
[2023-12-18T14:33:49.523+0000] {processor.py:179} INFO - Processing /home/airflow/.local/lib/python3.8/site-packages/airflow/example_dags/example_branch_python_dop_operator_3.py took 0.049 seconds
[2023-12-18T14:34:19.659+0000] {processor.py:157} INFO - Started process (PID=1249) to work on /home/airflow/.local/lib/python3.8/site-packages/airflow/example_dags/example_branch_python_dop_operator_3.py
[2023-12-18T14:34:19.660+0000] {processor.py:829} INFO - Processing file /home/airflow/.local/lib/python3.8/site-packages/airflow/example_dags/example_branch_python_dop_operator_3.py for tasks to queue
[2023-12-18T14:34:19.661+0000] {logging_mixin.py:154} INFO - [2023-12-18T14:34:19.661+0000] {dagbag.py:536} INFO - Filling up the DagBag from /home/airflow/.local/lib/python3.8/site-packages/airflow/example_dags/example_branch_python_dop_operator_3.py
[2023-12-18T14:34:19.683+0000] {processor.py:839} INFO - DAG(s) dict_keys(['example_branch_dop_operator_v3']) retrieved from /home/airflow/.local/lib/python3.8/site-packages/airflow/example_dags/example_branch_python_dop_operator_3.py
[2023-12-18T14:34:19.696+0000] {logging_mixin.py:154} INFO - [2023-12-18T14:34:19.695+0000] {dag.py:2941} INFO - Sync 1 DAGs
[2023-12-18T14:34:19.716+0000] {logging_mixin.py:154} INFO - [2023-12-18T14:34:19.716+0000] {dag.py:3722} INFO - Setting next_dagrun for example_branch_dop_operator_v3 to 2023-12-18T14:33:00+00:00, run_after=2023-12-18T14:34:00+00:00
[2023-12-18T14:34:19.729+0000] {processor.py:179} INFO - Processing /home/airflow/.local/lib/python3.8/site-packages/airflow/example_dags/example_branch_python_dop_operator_3.py took 0.072 seconds
[2023-12-18T14:34:50.787+0000] {processor.py:157} INFO - Started process (PID=1319) to work on /home/airflow/.local/lib/python3.8/site-packages/airflow/example_dags/example_branch_python_dop_operator_3.py
[2023-12-18T14:34:50.787+0000] {processor.py:829} INFO - Processing file /home/airflow/.local/lib/python3.8/site-packages/airflow/example_dags/example_branch_python_dop_operator_3.py for tasks to queue
[2023-12-18T14:34:50.788+0000] {logging_mixin.py:154} INFO - [2023-12-18T14:34:50.788+0000] {dagbag.py:536} INFO - Filling up the DagBag from /home/airflow/.local/lib/python3.8/site-packages/airflow/example_dags/example_branch_python_dop_operator_3.py
[2023-12-18T14:34:50.793+0000] {processor.py:839} INFO - DAG(s) dict_keys(['example_branch_dop_operator_v3']) retrieved from /home/airflow/.local/lib/python3.8/site-packages/airflow/example_dags/example_branch_python_dop_operator_3.py
[2023-12-18T14:34:50.804+0000] {logging_mixin.py:154} INFO - [2023-12-18T14:34:50.804+0000] {dag.py:2941} INFO - Sync 1 DAGs
[2023-12-18T14:34:50.818+0000] {logging_mixin.py:154} INFO - [2023-12-18T14:34:50.818+0000] {dag.py:3722} INFO - Setting next_dagrun for example_branch_dop_operator_v3 to 2023-12-18T14:33:00+00:00, run_after=2023-12-18T14:34:00+00:00
[2023-12-18T14:34:50.828+0000] {processor.py:179} INFO - Processing /home/airflow/.local/lib/python3.8/site-packages/airflow/example_dags/example_branch_python_dop_operator_3.py took 0.042 seconds
[2023-12-18T14:35:20.896+0000] {processor.py:157} INFO - Started process (PID=1388) to work on /home/airflow/.local/lib/python3.8/site-packages/airflow/example_dags/example_branch_python_dop_operator_3.py
[2023-12-18T14:35:20.896+0000] {processor.py:829} INFO - Processing file /home/airflow/.local/lib/python3.8/site-packages/airflow/example_dags/example_branch_python_dop_operator_3.py for tasks to queue
[2023-12-18T14:35:20.898+0000] {logging_mixin.py:154} INFO - [2023-12-18T14:35:20.897+0000] {dagbag.py:536} INFO - Filling up the DagBag from /home/airflow/.local/lib/python3.8/site-packages/airflow/example_dags/example_branch_python_dop_operator_3.py
[2023-12-18T14:35:20.902+0000] {processor.py:839} INFO - DAG(s) dict_keys(['example_branch_dop_operator_v3']) retrieved from /home/airflow/.local/lib/python3.8/site-packages/airflow/example_dags/example_branch_python_dop_operator_3.py
[2023-12-18T14:35:20.914+0000] {logging_mixin.py:154} INFO - [2023-12-18T14:35:20.914+0000] {dag.py:2941} INFO - Sync 1 DAGs
[2023-12-18T14:35:20.929+0000] {logging_mixin.py:154} INFO - [2023-12-18T14:35:20.929+0000] {dag.py:3722} INFO - Setting next_dagrun for example_branch_dop_operator_v3 to 2023-12-18T14:34:00+00:00, run_after=2023-12-18T14:35:00+00:00
[2023-12-18T14:35:20.940+0000] {processor.py:179} INFO - Processing /home/airflow/.local/lib/python3.8/site-packages/airflow/example_dags/example_branch_python_dop_operator_3.py took 0.045 seconds
[2023-12-18T14:35:50.991+0000] {processor.py:157} INFO - Started process (PID=1456) to work on /home/airflow/.local/lib/python3.8/site-packages/airflow/example_dags/example_branch_python_dop_operator_3.py
[2023-12-18T14:35:50.992+0000] {processor.py:829} INFO - Processing file /home/airflow/.local/lib/python3.8/site-packages/airflow/example_dags/example_branch_python_dop_operator_3.py for tasks to queue
[2023-12-18T14:35:50.993+0000] {logging_mixin.py:154} INFO - [2023-12-18T14:35:50.992+0000] {dagbag.py:536} INFO - Filling up the DagBag from /home/airflow/.local/lib/python3.8/site-packages/airflow/example_dags/example_branch_python_dop_operator_3.py
[2023-12-18T14:35:50.997+0000] {processor.py:839} INFO - DAG(s) dict_keys(['example_branch_dop_operator_v3']) retrieved from /home/airflow/.local/lib/python3.8/site-packages/airflow/example_dags/example_branch_python_dop_operator_3.py
[2023-12-18T14:35:51.009+0000] {logging_mixin.py:154} INFO - [2023-12-18T14:35:51.009+0000] {dag.py:2941} INFO - Sync 1 DAGs
[2023-12-18T14:35:51.024+0000] {logging_mixin.py:154} INFO - [2023-12-18T14:35:51.024+0000] {dag.py:3722} INFO - Setting next_dagrun for example_branch_dop_operator_v3 to 2023-12-18T14:34:00+00:00, run_after=2023-12-18T14:35:00+00:00
[2023-12-18T14:35:51.033+0000] {processor.py:179} INFO - Processing /home/airflow/.local/lib/python3.8/site-packages/airflow/example_dags/example_branch_python_dop_operator_3.py took 0.043 seconds
[2023-12-18T14:36:21.110+0000] {processor.py:157} INFO - Started process (PID=1525) to work on /home/airflow/.local/lib/python3.8/site-packages/airflow/example_dags/example_branch_python_dop_operator_3.py
[2023-12-18T14:36:21.110+0000] {processor.py:829} INFO - Processing file /home/airflow/.local/lib/python3.8/site-packages/airflow/example_dags/example_branch_python_dop_operator_3.py for tasks to queue
[2023-12-18T14:36:21.112+0000] {logging_mixin.py:154} INFO - [2023-12-18T14:36:21.111+0000] {dagbag.py:536} INFO - Filling up the DagBag from /home/airflow/.local/lib/python3.8/site-packages/airflow/example_dags/example_branch_python_dop_operator_3.py
[2023-12-18T14:36:21.117+0000] {processor.py:839} INFO - DAG(s) dict_keys(['example_branch_dop_operator_v3']) retrieved from /home/airflow/.local/lib/python3.8/site-packages/airflow/example_dags/example_branch_python_dop_operator_3.py
[2023-12-18T14:36:21.129+0000] {logging_mixin.py:154} INFO - [2023-12-18T14:36:21.129+0000] {dag.py:2941} INFO - Sync 1 DAGs
[2023-12-18T14:36:21.145+0000] {logging_mixin.py:154} INFO - [2023-12-18T14:36:21.145+0000] {dag.py:3722} INFO - Setting next_dagrun for example_branch_dop_operator_v3 to 2023-12-18T14:35:00+00:00, run_after=2023-12-18T14:36:00+00:00
[2023-12-18T14:36:21.156+0000] {processor.py:179} INFO - Processing /home/airflow/.local/lib/python3.8/site-packages/airflow/example_dags/example_branch_python_dop_operator_3.py took 0.048 seconds
[2023-12-18T14:36:51.258+0000] {processor.py:157} INFO - Started process (PID=1594) to work on /home/airflow/.local/lib/python3.8/site-packages/airflow/example_dags/example_branch_python_dop_operator_3.py
[2023-12-18T14:36:51.258+0000] {processor.py:829} INFO - Processing file /home/airflow/.local/lib/python3.8/site-packages/airflow/example_dags/example_branch_python_dop_operator_3.py for tasks to queue
[2023-12-18T14:36:51.259+0000] {logging_mixin.py:154} INFO - [2023-12-18T14:36:51.259+0000] {dagbag.py:536} INFO - Filling up the DagBag from /home/airflow/.local/lib/python3.8/site-packages/airflow/example_dags/example_branch_python_dop_operator_3.py
[2023-12-18T14:36:51.264+0000] {processor.py:839} INFO - DAG(s) dict_keys(['example_branch_dop_operator_v3']) retrieved from /home/airflow/.local/lib/python3.8/site-packages/airflow/example_dags/example_branch_python_dop_operator_3.py
[2023-12-18T14:36:51.275+0000] {logging_mixin.py:154} INFO - [2023-12-18T14:36:51.275+0000] {dag.py:2941} INFO - Sync 1 DAGs
[2023-12-18T14:36:51.289+0000] {logging_mixin.py:154} INFO - [2023-12-18T14:36:51.289+0000] {dag.py:3722} INFO - Setting next_dagrun for example_branch_dop_operator_v3 to 2023-12-18T14:35:00+00:00, run_after=2023-12-18T14:36:00+00:00
[2023-12-18T14:36:51.299+0000] {processor.py:179} INFO - Processing /home/airflow/.local/lib/python3.8/site-packages/airflow/example_dags/example_branch_python_dop_operator_3.py took 0.043 seconds
[2023-12-18T14:37:22.286+0000] {processor.py:157} INFO - Started process (PID=1663) to work on /home/airflow/.local/lib/python3.8/site-packages/airflow/example_dags/example_branch_python_dop_operator_3.py
[2023-12-18T14:37:22.287+0000] {processor.py:829} INFO - Processing file /home/airflow/.local/lib/python3.8/site-packages/airflow/example_dags/example_branch_python_dop_operator_3.py for tasks to queue
[2023-12-18T14:37:22.288+0000] {logging_mixin.py:154} INFO - [2023-12-18T14:37:22.288+0000] {dagbag.py:536} INFO - Filling up the DagBag from /home/airflow/.local/lib/python3.8/site-packages/airflow/example_dags/example_branch_python_dop_operator_3.py
[2023-12-18T14:37:22.293+0000] {processor.py:839} INFO - DAG(s) dict_keys(['example_branch_dop_operator_v3']) retrieved from /home/airflow/.local/lib/python3.8/site-packages/airflow/example_dags/example_branch_python_dop_operator_3.py
[2023-12-18T14:37:22.306+0000] {logging_mixin.py:154} INFO - [2023-12-18T14:37:22.306+0000] {dag.py:2941} INFO - Sync 1 DAGs
[2023-12-18T14:37:22.322+0000] {logging_mixin.py:154} INFO - [2023-12-18T14:37:22.321+0000] {dag.py:3722} INFO - Setting next_dagrun for example_branch_dop_operator_v3 to 2023-12-18T14:36:00+00:00, run_after=2023-12-18T14:37:00+00:00
[2023-12-18T14:37:22.332+0000] {processor.py:179} INFO - Processing /home/airflow/.local/lib/python3.8/site-packages/airflow/example_dags/example_branch_python_dop_operator_3.py took 0.047 seconds
[2023-12-18T14:37:52.938+0000] {processor.py:157} INFO - Started process (PID=1732) to work on /home/airflow/.local/lib/python3.8/site-packages/airflow/example_dags/example_branch_python_dop_operator_3.py
[2023-12-18T14:37:52.938+0000] {processor.py:829} INFO - Processing file /home/airflow/.local/lib/python3.8/site-packages/airflow/example_dags/example_branch_python_dop_operator_3.py for tasks to queue
[2023-12-18T14:37:52.940+0000] {logging_mixin.py:154} INFO - [2023-12-18T14:37:52.939+0000] {dagbag.py:536} INFO - Filling up the DagBag from /home/airflow/.local/lib/python3.8/site-packages/airflow/example_dags/example_branch_python_dop_operator_3.py
[2023-12-18T14:37:52.944+0000] {processor.py:839} INFO - DAG(s) dict_keys(['example_branch_dop_operator_v3']) retrieved from /home/airflow/.local/lib/python3.8/site-packages/airflow/example_dags/example_branch_python_dop_operator_3.py
[2023-12-18T14:37:52.956+0000] {logging_mixin.py:154} INFO - [2023-12-18T14:37:52.956+0000] {dag.py:2941} INFO - Sync 1 DAGs
[2023-12-18T14:37:52.990+0000] {logging_mixin.py:154} INFO - [2023-12-18T14:37:52.990+0000] {dag.py:3722} INFO - Setting next_dagrun for example_branch_dop_operator_v3 to 2023-12-18T14:36:00+00:00, run_after=2023-12-18T14:37:00+00:00
[2023-12-18T14:37:53.000+0000] {processor.py:179} INFO - Processing /home/airflow/.local/lib/python3.8/site-packages/airflow/example_dags/example_branch_python_dop_operator_3.py took 0.064 seconds
[2023-12-18T14:38:23.743+0000] {processor.py:157} INFO - Started process (PID=1801) to work on /home/airflow/.local/lib/python3.8/site-packages/airflow/example_dags/example_branch_python_dop_operator_3.py
[2023-12-18T14:38:23.744+0000] {processor.py:829} INFO - Processing file /home/airflow/.local/lib/python3.8/site-packages/airflow/example_dags/example_branch_python_dop_operator_3.py for tasks to queue
[2023-12-18T14:38:23.745+0000] {logging_mixin.py:154} INFO - [2023-12-18T14:38:23.744+0000] {dagbag.py:536} INFO - Filling up the DagBag from /home/airflow/.local/lib/python3.8/site-packages/airflow/example_dags/example_branch_python_dop_operator_3.py
[2023-12-18T14:38:23.750+0000] {processor.py:839} INFO - DAG(s) dict_keys(['example_branch_dop_operator_v3']) retrieved from /home/airflow/.local/lib/python3.8/site-packages/airflow/example_dags/example_branch_python_dop_operator_3.py
[2023-12-18T14:38:23.762+0000] {logging_mixin.py:154} INFO - [2023-12-18T14:38:23.761+0000] {dag.py:2941} INFO - Sync 1 DAGs
[2023-12-18T14:38:23.787+0000] {logging_mixin.py:154} INFO - [2023-12-18T14:38:23.787+0000] {dag.py:3722} INFO - Setting next_dagrun for example_branch_dop_operator_v3 to 2023-12-18T14:37:00+00:00, run_after=2023-12-18T14:38:00+00:00
[2023-12-18T14:38:23.798+0000] {processor.py:179} INFO - Processing /home/airflow/.local/lib/python3.8/site-packages/airflow/example_dags/example_branch_python_dop_operator_3.py took 0.057 seconds
[2023-12-18T14:38:54.581+0000] {processor.py:157} INFO - Started process (PID=1870) to work on /home/airflow/.local/lib/python3.8/site-packages/airflow/example_dags/example_branch_python_dop_operator_3.py
[2023-12-18T14:38:54.582+0000] {processor.py:829} INFO - Processing file /home/airflow/.local/lib/python3.8/site-packages/airflow/example_dags/example_branch_python_dop_operator_3.py for tasks to queue
[2023-12-18T14:38:54.583+0000] {logging_mixin.py:154} INFO - [2023-12-18T14:38:54.583+0000] {dagbag.py:536} INFO - Filling up the DagBag from /home/airflow/.local/lib/python3.8/site-packages/airflow/example_dags/example_branch_python_dop_operator_3.py
[2023-12-18T14:38:54.588+0000] {processor.py:839} INFO - DAG(s) dict_keys(['example_branch_dop_operator_v3']) retrieved from /home/airflow/.local/lib/python3.8/site-packages/airflow/example_dags/example_branch_python_dop_operator_3.py
[2023-12-18T14:38:54.601+0000] {logging_mixin.py:154} INFO - [2023-12-18T14:38:54.601+0000] {dag.py:2941} INFO - Sync 1 DAGs
[2023-12-18T14:38:54.617+0000] {logging_mixin.py:154} INFO - [2023-12-18T14:38:54.616+0000] {dag.py:3722} INFO - Setting next_dagrun for example_branch_dop_operator_v3 to 2023-12-18T14:37:00+00:00, run_after=2023-12-18T14:38:00+00:00
[2023-12-18T14:38:54.627+0000] {processor.py:179} INFO - Processing /home/airflow/.local/lib/python3.8/site-packages/airflow/example_dags/example_branch_python_dop_operator_3.py took 0.048 seconds
[2023-12-18T14:39:55.318+0000] {processor.py:157} INFO - Started process (PID=69) to work on /home/airflow/.local/lib/python3.8/site-packages/airflow/example_dags/example_branch_python_dop_operator_3.py
[2023-12-18T14:39:55.319+0000] {processor.py:829} INFO - Processing file /home/airflow/.local/lib/python3.8/site-packages/airflow/example_dags/example_branch_python_dop_operator_3.py for tasks to queue
[2023-12-18T14:39:55.322+0000] {logging_mixin.py:154} INFO - [2023-12-18T14:39:55.321+0000] {dagbag.py:536} INFO - Filling up the DagBag from /home/airflow/.local/lib/python3.8/site-packages/airflow/example_dags/example_branch_python_dop_operator_3.py
[2023-12-18T14:39:55.337+0000] {processor.py:839} INFO - DAG(s) dict_keys(['example_branch_dop_operator_v3']) retrieved from /home/airflow/.local/lib/python3.8/site-packages/airflow/example_dags/example_branch_python_dop_operator_3.py
[2023-12-18T14:39:55.377+0000] {logging_mixin.py:154} INFO - [2023-12-18T14:39:55.376+0000] {dag.py:2941} INFO - Sync 1 DAGs
[2023-12-18T14:39:55.451+0000] {logging_mixin.py:154} INFO - [2023-12-18T14:39:55.450+0000] {dag.py:3722} INFO - Setting next_dagrun for example_branch_dop_operator_v3 to 2023-12-18T14:38:00+00:00, run_after=2023-12-18T14:39:00+00:00
[2023-12-18T14:39:55.491+0000] {processor.py:179} INFO - Processing /home/airflow/.local/lib/python3.8/site-packages/airflow/example_dags/example_branch_python_dop_operator_3.py took 0.176 seconds
[2023-12-18T14:40:25.635+0000] {processor.py:157} INFO - Started process (PID=138) to work on /home/airflow/.local/lib/python3.8/site-packages/airflow/example_dags/example_branch_python_dop_operator_3.py
[2023-12-18T14:40:25.637+0000] {processor.py:829} INFO - Processing file /home/airflow/.local/lib/python3.8/site-packages/airflow/example_dags/example_branch_python_dop_operator_3.py for tasks to queue
[2023-12-18T14:40:25.639+0000] {logging_mixin.py:154} INFO - [2023-12-18T14:40:25.639+0000] {dagbag.py:536} INFO - Filling up the DagBag from /home/airflow/.local/lib/python3.8/site-packages/airflow/example_dags/example_branch_python_dop_operator_3.py
[2023-12-18T14:40:25.646+0000] {processor.py:839} INFO - DAG(s) dict_keys(['example_branch_dop_operator_v3']) retrieved from /home/airflow/.local/lib/python3.8/site-packages/airflow/example_dags/example_branch_python_dop_operator_3.py
[2023-12-18T14:40:25.664+0000] {logging_mixin.py:154} INFO - [2023-12-18T14:40:25.664+0000] {dag.py:2941} INFO - Sync 1 DAGs
[2023-12-18T14:40:25.704+0000] {logging_mixin.py:154} INFO - [2023-12-18T14:40:25.703+0000] {dag.py:3722} INFO - Setting next_dagrun for example_branch_dop_operator_v3 to 2023-12-18T14:39:00+00:00, run_after=2023-12-18T14:40:00+00:00
[2023-12-18T14:40:25.721+0000] {processor.py:179} INFO - Processing /home/airflow/.local/lib/python3.8/site-packages/airflow/example_dags/example_branch_python_dop_operator_3.py took 0.088 seconds
[2023-12-18T14:40:55.876+0000] {processor.py:157} INFO - Started process (PID=207) to work on /home/airflow/.local/lib/python3.8/site-packages/airflow/example_dags/example_branch_python_dop_operator_3.py
[2023-12-18T14:40:55.877+0000] {processor.py:829} INFO - Processing file /home/airflow/.local/lib/python3.8/site-packages/airflow/example_dags/example_branch_python_dop_operator_3.py for tasks to queue
[2023-12-18T14:40:55.878+0000] {logging_mixin.py:154} INFO - [2023-12-18T14:40:55.878+0000] {dagbag.py:536} INFO - Filling up the DagBag from /home/airflow/.local/lib/python3.8/site-packages/airflow/example_dags/example_branch_python_dop_operator_3.py
[2023-12-18T14:40:55.883+0000] {processor.py:839} INFO - DAG(s) dict_keys(['example_branch_dop_operator_v3']) retrieved from /home/airflow/.local/lib/python3.8/site-packages/airflow/example_dags/example_branch_python_dop_operator_3.py
[2023-12-18T14:40:55.898+0000] {logging_mixin.py:154} INFO - [2023-12-18T14:40:55.898+0000] {dag.py:2941} INFO - Sync 1 DAGs
[2023-12-18T14:40:55.916+0000] {logging_mixin.py:154} INFO - [2023-12-18T14:40:55.916+0000] {dag.py:3722} INFO - Setting next_dagrun for example_branch_dop_operator_v3 to 2023-12-18T14:39:00+00:00, run_after=2023-12-18T14:40:00+00:00
[2023-12-18T14:40:55.930+0000] {processor.py:179} INFO - Processing /home/airflow/.local/lib/python3.8/site-packages/airflow/example_dags/example_branch_python_dop_operator_3.py took 0.057 seconds
[2023-12-18T14:41:26.660+0000] {processor.py:157} INFO - Started process (PID=276) to work on /home/airflow/.local/lib/python3.8/site-packages/airflow/example_dags/example_branch_python_dop_operator_3.py
[2023-12-18T14:41:26.661+0000] {processor.py:829} INFO - Processing file /home/airflow/.local/lib/python3.8/site-packages/airflow/example_dags/example_branch_python_dop_operator_3.py for tasks to queue
[2023-12-18T14:41:26.662+0000] {logging_mixin.py:154} INFO - [2023-12-18T14:41:26.662+0000] {dagbag.py:536} INFO - Filling up the DagBag from /home/airflow/.local/lib/python3.8/site-packages/airflow/example_dags/example_branch_python_dop_operator_3.py
[2023-12-18T14:41:26.667+0000] {processor.py:839} INFO - DAG(s) dict_keys(['example_branch_dop_operator_v3']) retrieved from /home/airflow/.local/lib/python3.8/site-packages/airflow/example_dags/example_branch_python_dop_operator_3.py
[2023-12-18T14:41:26.678+0000] {logging_mixin.py:154} INFO - [2023-12-18T14:41:26.678+0000] {dag.py:2941} INFO - Sync 1 DAGs
[2023-12-18T14:41:26.693+0000] {logging_mixin.py:154} INFO - [2023-12-18T14:41:26.693+0000] {dag.py:3722} INFO - Setting next_dagrun for example_branch_dop_operator_v3 to 2023-12-18T14:40:00+00:00, run_after=2023-12-18T14:41:00+00:00
[2023-12-18T14:41:26.703+0000] {processor.py:179} INFO - Processing /home/airflow/.local/lib/python3.8/site-packages/airflow/example_dags/example_branch_python_dop_operator_3.py took 0.045 seconds
[2023-12-18T14:41:57.457+0000] {processor.py:157} INFO - Started process (PID=346) to work on /home/airflow/.local/lib/python3.8/site-packages/airflow/example_dags/example_branch_python_dop_operator_3.py
[2023-12-18T14:41:57.458+0000] {processor.py:829} INFO - Processing file /home/airflow/.local/lib/python3.8/site-packages/airflow/example_dags/example_branch_python_dop_operator_3.py for tasks to queue
[2023-12-18T14:41:57.459+0000] {logging_mixin.py:154} INFO - [2023-12-18T14:41:57.459+0000] {dagbag.py:536} INFO - Filling up the DagBag from /home/airflow/.local/lib/python3.8/site-packages/airflow/example_dags/example_branch_python_dop_operator_3.py
[2023-12-18T14:41:57.464+0000] {processor.py:839} INFO - DAG(s) dict_keys(['example_branch_dop_operator_v3']) retrieved from /home/airflow/.local/lib/python3.8/site-packages/airflow/example_dags/example_branch_python_dop_operator_3.py
[2023-12-18T14:41:57.492+0000] {logging_mixin.py:154} INFO - [2023-12-18T14:41:57.491+0000] {dag.py:2941} INFO - Sync 1 DAGs
[2023-12-18T14:41:57.507+0000] {logging_mixin.py:154} INFO - [2023-12-18T14:41:57.507+0000] {dag.py:3722} INFO - Setting next_dagrun for example_branch_dop_operator_v3 to 2023-12-18T14:40:00+00:00, run_after=2023-12-18T14:41:00+00:00
[2023-12-18T14:41:57.517+0000] {processor.py:179} INFO - Processing /home/airflow/.local/lib/python3.8/site-packages/airflow/example_dags/example_branch_python_dop_operator_3.py took 0.062 seconds
[2023-12-18T14:42:28.426+0000] {processor.py:157} INFO - Started process (PID=415) to work on /home/airflow/.local/lib/python3.8/site-packages/airflow/example_dags/example_branch_python_dop_operator_3.py
[2023-12-18T14:42:28.427+0000] {processor.py:829} INFO - Processing file /home/airflow/.local/lib/python3.8/site-packages/airflow/example_dags/example_branch_python_dop_operator_3.py for tasks to queue
[2023-12-18T14:42:28.428+0000] {logging_mixin.py:154} INFO - [2023-12-18T14:42:28.428+0000] {dagbag.py:536} INFO - Filling up the DagBag from /home/airflow/.local/lib/python3.8/site-packages/airflow/example_dags/example_branch_python_dop_operator_3.py
[2023-12-18T14:42:28.433+0000] {processor.py:839} INFO - DAG(s) dict_keys(['example_branch_dop_operator_v3']) retrieved from /home/airflow/.local/lib/python3.8/site-packages/airflow/example_dags/example_branch_python_dop_operator_3.py
[2023-12-18T14:42:28.447+0000] {logging_mixin.py:154} INFO - [2023-12-18T14:42:28.446+0000] {dag.py:2941} INFO - Sync 1 DAGs
[2023-12-18T14:42:28.467+0000] {logging_mixin.py:154} INFO - [2023-12-18T14:42:28.467+0000] {dag.py:3722} INFO - Setting next_dagrun for example_branch_dop_operator_v3 to 2023-12-18T14:41:00+00:00, run_after=2023-12-18T14:42:00+00:00
[2023-12-18T14:42:28.493+0000] {processor.py:179} INFO - Processing /home/airflow/.local/lib/python3.8/site-packages/airflow/example_dags/example_branch_python_dop_operator_3.py took 0.069 seconds
[2023-12-18T14:42:58.644+0000] {processor.py:157} INFO - Started process (PID=484) to work on /home/airflow/.local/lib/python3.8/site-packages/airflow/example_dags/example_branch_python_dop_operator_3.py
[2023-12-18T14:42:58.645+0000] {processor.py:829} INFO - Processing file /home/airflow/.local/lib/python3.8/site-packages/airflow/example_dags/example_branch_python_dop_operator_3.py for tasks to queue
[2023-12-18T14:42:58.646+0000] {logging_mixin.py:154} INFO - [2023-12-18T14:42:58.646+0000] {dagbag.py:536} INFO - Filling up the DagBag from /home/airflow/.local/lib/python3.8/site-packages/airflow/example_dags/example_branch_python_dop_operator_3.py
[2023-12-18T14:42:58.651+0000] {processor.py:839} INFO - DAG(s) dict_keys(['example_branch_dop_operator_v3']) retrieved from /home/airflow/.local/lib/python3.8/site-packages/airflow/example_dags/example_branch_python_dop_operator_3.py
[2023-12-18T14:42:58.664+0000] {logging_mixin.py:154} INFO - [2023-12-18T14:42:58.663+0000] {dag.py:2941} INFO - Sync 1 DAGs
[2023-12-18T14:42:58.688+0000] {logging_mixin.py:154} INFO - [2023-12-18T14:42:58.688+0000] {dag.py:3722} INFO - Setting next_dagrun for example_branch_dop_operator_v3 to 2023-12-18T14:41:00+00:00, run_after=2023-12-18T14:42:00+00:00
[2023-12-18T14:42:58.699+0000] {processor.py:179} INFO - Processing /home/airflow/.local/lib/python3.8/site-packages/airflow/example_dags/example_branch_python_dop_operator_3.py took 0.057 seconds
[2023-12-18T14:44:35.856+0000] {processor.py:157} INFO - Started process (PID=67) to work on /home/airflow/.local/lib/python3.8/site-packages/airflow/example_dags/example_branch_python_dop_operator_3.py
[2023-12-18T14:44:35.857+0000] {processor.py:829} INFO - Processing file /home/airflow/.local/lib/python3.8/site-packages/airflow/example_dags/example_branch_python_dop_operator_3.py for tasks to queue
[2023-12-18T14:44:35.859+0000] {logging_mixin.py:154} INFO - [2023-12-18T14:44:35.859+0000] {dagbag.py:536} INFO - Filling up the DagBag from /home/airflow/.local/lib/python3.8/site-packages/airflow/example_dags/example_branch_python_dop_operator_3.py
[2023-12-18T14:44:35.889+0000] {processor.py:839} INFO - DAG(s) dict_keys(['example_branch_dop_operator_v3']) retrieved from /home/airflow/.local/lib/python3.8/site-packages/airflow/example_dags/example_branch_python_dop_operator_3.py
[2023-12-18T14:44:35.946+0000] {logging_mixin.py:154} INFO - [2023-12-18T14:44:35.945+0000] {dag.py:2941} INFO - Sync 1 DAGs
[2023-12-18T14:44:36.049+0000] {logging_mixin.py:154} INFO - [2023-12-18T14:44:36.049+0000] {dag.py:3722} INFO - Setting next_dagrun for example_branch_dop_operator_v3 to 2023-12-18T14:43:00+00:00, run_after=2023-12-18T14:44:00+00:00
[2023-12-18T14:44:36.079+0000] {processor.py:179} INFO - Processing /home/airflow/.local/lib/python3.8/site-packages/airflow/example_dags/example_branch_python_dop_operator_3.py took 0.226 seconds
[2023-12-18T14:45:06.237+0000] {processor.py:157} INFO - Started process (PID=136) to work on /home/airflow/.local/lib/python3.8/site-packages/airflow/example_dags/example_branch_python_dop_operator_3.py
[2023-12-18T14:45:06.238+0000] {processor.py:829} INFO - Processing file /home/airflow/.local/lib/python3.8/site-packages/airflow/example_dags/example_branch_python_dop_operator_3.py for tasks to queue
[2023-12-18T14:45:06.239+0000] {logging_mixin.py:154} INFO - [2023-12-18T14:45:06.239+0000] {dagbag.py:536} INFO - Filling up the DagBag from /home/airflow/.local/lib/python3.8/site-packages/airflow/example_dags/example_branch_python_dop_operator_3.py
[2023-12-18T14:45:06.244+0000] {processor.py:839} INFO - DAG(s) dict_keys(['example_branch_dop_operator_v3']) retrieved from /home/airflow/.local/lib/python3.8/site-packages/airflow/example_dags/example_branch_python_dop_operator_3.py
[2023-12-18T14:45:06.260+0000] {logging_mixin.py:154} INFO - [2023-12-18T14:45:06.260+0000] {dag.py:2941} INFO - Sync 1 DAGs
[2023-12-18T14:45:06.285+0000] {logging_mixin.py:154} INFO - [2023-12-18T14:45:06.285+0000] {dag.py:3722} INFO - Setting next_dagrun for example_branch_dop_operator_v3 to 2023-12-18T14:44:00+00:00, run_after=2023-12-18T14:45:00+00:00
[2023-12-18T14:45:06.303+0000] {processor.py:179} INFO - Processing /home/airflow/.local/lib/python3.8/site-packages/airflow/example_dags/example_branch_python_dop_operator_3.py took 0.068 seconds
[2023-12-18T14:45:36.439+0000] {processor.py:157} INFO - Started process (PID=205) to work on /home/airflow/.local/lib/python3.8/site-packages/airflow/example_dags/example_branch_python_dop_operator_3.py
[2023-12-18T14:45:36.440+0000] {processor.py:829} INFO - Processing file /home/airflow/.local/lib/python3.8/site-packages/airflow/example_dags/example_branch_python_dop_operator_3.py for tasks to queue
[2023-12-18T14:45:36.441+0000] {logging_mixin.py:154} INFO - [2023-12-18T14:45:36.441+0000] {dagbag.py:536} INFO - Filling up the DagBag from /home/airflow/.local/lib/python3.8/site-packages/airflow/example_dags/example_branch_python_dop_operator_3.py
[2023-12-18T14:45:36.446+0000] {processor.py:839} INFO - DAG(s) dict_keys(['example_branch_dop_operator_v3']) retrieved from /home/airflow/.local/lib/python3.8/site-packages/airflow/example_dags/example_branch_python_dop_operator_3.py
[2023-12-18T14:45:36.460+0000] {logging_mixin.py:154} INFO - [2023-12-18T14:45:36.460+0000] {dag.py:2941} INFO - Sync 1 DAGs
[2023-12-18T14:45:36.494+0000] {logging_mixin.py:154} INFO - [2023-12-18T14:45:36.494+0000] {dag.py:3722} INFO - Setting next_dagrun for example_branch_dop_operator_v3 to 2023-12-18T14:44:00+00:00, run_after=2023-12-18T14:45:00+00:00
[2023-12-18T14:45:36.506+0000] {processor.py:179} INFO - Processing /home/airflow/.local/lib/python3.8/site-packages/airflow/example_dags/example_branch_python_dop_operator_3.py took 0.068 seconds
[2023-12-18T14:46:06.610+0000] {processor.py:157} INFO - Started process (PID=274) to work on /home/airflow/.local/lib/python3.8/site-packages/airflow/example_dags/example_branch_python_dop_operator_3.py
[2023-12-18T14:46:06.611+0000] {processor.py:829} INFO - Processing file /home/airflow/.local/lib/python3.8/site-packages/airflow/example_dags/example_branch_python_dop_operator_3.py for tasks to queue
[2023-12-18T14:46:06.612+0000] {logging_mixin.py:154} INFO - [2023-12-18T14:46:06.612+0000] {dagbag.py:536} INFO - Filling up the DagBag from /home/airflow/.local/lib/python3.8/site-packages/airflow/example_dags/example_branch_python_dop_operator_3.py
[2023-12-18T14:46:06.617+0000] {processor.py:839} INFO - DAG(s) dict_keys(['example_branch_dop_operator_v3']) retrieved from /home/airflow/.local/lib/python3.8/site-packages/airflow/example_dags/example_branch_python_dop_operator_3.py
[2023-12-18T14:46:06.629+0000] {logging_mixin.py:154} INFO - [2023-12-18T14:46:06.629+0000] {dag.py:2941} INFO - Sync 1 DAGs
[2023-12-18T14:46:06.646+0000] {logging_mixin.py:154} INFO - [2023-12-18T14:46:06.646+0000] {dag.py:3722} INFO - Setting next_dagrun for example_branch_dop_operator_v3 to 2023-12-18T14:45:00+00:00, run_after=2023-12-18T14:46:00+00:00
[2023-12-18T14:46:06.657+0000] {processor.py:179} INFO - Processing /home/airflow/.local/lib/python3.8/site-packages/airflow/example_dags/example_branch_python_dop_operator_3.py took 0.049 seconds
[2023-12-18T14:46:37.419+0000] {processor.py:157} INFO - Started process (PID=343) to work on /home/airflow/.local/lib/python3.8/site-packages/airflow/example_dags/example_branch_python_dop_operator_3.py
[2023-12-18T14:46:37.420+0000] {processor.py:829} INFO - Processing file /home/airflow/.local/lib/python3.8/site-packages/airflow/example_dags/example_branch_python_dop_operator_3.py for tasks to queue
[2023-12-18T14:46:37.421+0000] {logging_mixin.py:154} INFO - [2023-12-18T14:46:37.421+0000] {dagbag.py:536} INFO - Filling up the DagBag from /home/airflow/.local/lib/python3.8/site-packages/airflow/example_dags/example_branch_python_dop_operator_3.py
[2023-12-18T14:46:37.426+0000] {processor.py:839} INFO - DAG(s) dict_keys(['example_branch_dop_operator_v3']) retrieved from /home/airflow/.local/lib/python3.8/site-packages/airflow/example_dags/example_branch_python_dop_operator_3.py
[2023-12-18T14:46:37.438+0000] {logging_mixin.py:154} INFO - [2023-12-18T14:46:37.438+0000] {dag.py:2941} INFO - Sync 1 DAGs
[2023-12-18T14:46:37.459+0000] {logging_mixin.py:154} INFO - [2023-12-18T14:46:37.459+0000] {dag.py:3722} INFO - Setting next_dagrun for example_branch_dop_operator_v3 to 2023-12-18T14:45:00+00:00, run_after=2023-12-18T14:46:00+00:00
[2023-12-18T14:46:37.491+0000] {processor.py:179} INFO - Processing /home/airflow/.local/lib/python3.8/site-packages/airflow/example_dags/example_branch_python_dop_operator_3.py took 0.074 seconds
[2023-12-18T14:47:08.288+0000] {processor.py:157} INFO - Started process (PID=412) to work on /home/airflow/.local/lib/python3.8/site-packages/airflow/example_dags/example_branch_python_dop_operator_3.py
[2023-12-18T14:47:08.289+0000] {processor.py:829} INFO - Processing file /home/airflow/.local/lib/python3.8/site-packages/airflow/example_dags/example_branch_python_dop_operator_3.py for tasks to queue
[2023-12-18T14:47:08.291+0000] {logging_mixin.py:154} INFO - [2023-12-18T14:47:08.291+0000] {dagbag.py:536} INFO - Filling up the DagBag from /home/airflow/.local/lib/python3.8/site-packages/airflow/example_dags/example_branch_python_dop_operator_3.py
[2023-12-18T14:47:08.300+0000] {processor.py:839} INFO - DAG(s) dict_keys(['example_branch_dop_operator_v3']) retrieved from /home/airflow/.local/lib/python3.8/site-packages/airflow/example_dags/example_branch_python_dop_operator_3.py
[2023-12-18T14:47:08.317+0000] {logging_mixin.py:154} INFO - [2023-12-18T14:47:08.317+0000] {dag.py:2941} INFO - Sync 1 DAGs
[2023-12-18T14:47:08.334+0000] {logging_mixin.py:154} INFO - [2023-12-18T14:47:08.334+0000] {dag.py:3722} INFO - Setting next_dagrun for example_branch_dop_operator_v3 to 2023-12-18T14:46:00+00:00, run_after=2023-12-18T14:47:00+00:00
[2023-12-18T14:47:08.345+0000] {processor.py:179} INFO - Processing /home/airflow/.local/lib/python3.8/site-packages/airflow/example_dags/example_branch_python_dop_operator_3.py took 0.060 seconds
[2023-12-18T14:47:38.411+0000] {processor.py:157} INFO - Started process (PID=481) to work on /home/airflow/.local/lib/python3.8/site-packages/airflow/example_dags/example_branch_python_dop_operator_3.py
[2023-12-18T14:47:38.411+0000] {processor.py:829} INFO - Processing file /home/airflow/.local/lib/python3.8/site-packages/airflow/example_dags/example_branch_python_dop_operator_3.py for tasks to queue
[2023-12-18T14:47:38.412+0000] {logging_mixin.py:154} INFO - [2023-12-18T14:47:38.412+0000] {dagbag.py:536} INFO - Filling up the DagBag from /home/airflow/.local/lib/python3.8/site-packages/airflow/example_dags/example_branch_python_dop_operator_3.py
[2023-12-18T14:47:38.417+0000] {processor.py:839} INFO - DAG(s) dict_keys(['example_branch_dop_operator_v3']) retrieved from /home/airflow/.local/lib/python3.8/site-packages/airflow/example_dags/example_branch_python_dop_operator_3.py
[2023-12-18T14:47:38.429+0000] {logging_mixin.py:154} INFO - [2023-12-18T14:47:38.428+0000] {dag.py:2941} INFO - Sync 1 DAGs
[2023-12-18T14:47:38.445+0000] {logging_mixin.py:154} INFO - [2023-12-18T14:47:38.445+0000] {dag.py:3722} INFO - Setting next_dagrun for example_branch_dop_operator_v3 to 2023-12-18T14:46:00+00:00, run_after=2023-12-18T14:47:00+00:00
[2023-12-18T14:47:38.458+0000] {processor.py:179} INFO - Processing /home/airflow/.local/lib/python3.8/site-packages/airflow/example_dags/example_branch_python_dop_operator_3.py took 0.049 seconds
[2023-12-18T14:48:08.653+0000] {processor.py:157} INFO - Started process (PID=551) to work on /home/airflow/.local/lib/python3.8/site-packages/airflow/example_dags/example_branch_python_dop_operator_3.py
[2023-12-18T14:48:08.653+0000] {processor.py:829} INFO - Processing file /home/airflow/.local/lib/python3.8/site-packages/airflow/example_dags/example_branch_python_dop_operator_3.py for tasks to queue
[2023-12-18T14:48:08.654+0000] {logging_mixin.py:154} INFO - [2023-12-18T14:48:08.654+0000] {dagbag.py:536} INFO - Filling up the DagBag from /home/airflow/.local/lib/python3.8/site-packages/airflow/example_dags/example_branch_python_dop_operator_3.py
[2023-12-18T14:48:08.660+0000] {processor.py:839} INFO - DAG(s) dict_keys(['example_branch_dop_operator_v3']) retrieved from /home/airflow/.local/lib/python3.8/site-packages/airflow/example_dags/example_branch_python_dop_operator_3.py
[2023-12-18T14:48:08.693+0000] {logging_mixin.py:154} INFO - [2023-12-18T14:48:08.693+0000] {dag.py:2941} INFO - Sync 1 DAGs
[2023-12-18T14:48:08.713+0000] {logging_mixin.py:154} INFO - [2023-12-18T14:48:08.713+0000] {dag.py:3722} INFO - Setting next_dagrun for example_branch_dop_operator_v3 to 2023-12-18T14:47:00+00:00, run_after=2023-12-18T14:48:00+00:00
[2023-12-18T14:48:08.724+0000] {processor.py:179} INFO - Processing /home/airflow/.local/lib/python3.8/site-packages/airflow/example_dags/example_branch_python_dop_operator_3.py took 0.073 seconds
[2023-12-18T14:48:39.619+0000] {processor.py:157} INFO - Started process (PID=621) to work on /home/airflow/.local/lib/python3.8/site-packages/airflow/example_dags/example_branch_python_dop_operator_3.py
[2023-12-18T14:48:39.619+0000] {processor.py:829} INFO - Processing file /home/airflow/.local/lib/python3.8/site-packages/airflow/example_dags/example_branch_python_dop_operator_3.py for tasks to queue
[2023-12-18T14:48:39.620+0000] {logging_mixin.py:154} INFO - [2023-12-18T14:48:39.620+0000] {dagbag.py:536} INFO - Filling up the DagBag from /home/airflow/.local/lib/python3.8/site-packages/airflow/example_dags/example_branch_python_dop_operator_3.py
[2023-12-18T14:48:39.626+0000] {processor.py:839} INFO - DAG(s) dict_keys(['example_branch_dop_operator_v3']) retrieved from /home/airflow/.local/lib/python3.8/site-packages/airflow/example_dags/example_branch_python_dop_operator_3.py
[2023-12-18T14:48:39.641+0000] {logging_mixin.py:154} INFO - [2023-12-18T14:48:39.641+0000] {dag.py:2941} INFO - Sync 1 DAGs
[2023-12-18T14:48:39.659+0000] {logging_mixin.py:154} INFO - [2023-12-18T14:48:39.658+0000] {dag.py:3722} INFO - Setting next_dagrun for example_branch_dop_operator_v3 to 2023-12-18T14:47:00+00:00, run_after=2023-12-18T14:48:00+00:00
[2023-12-18T14:48:39.691+0000] {processor.py:179} INFO - Processing /home/airflow/.local/lib/python3.8/site-packages/airflow/example_dags/example_branch_python_dop_operator_3.py took 0.074 seconds
[2023-12-18T14:52:08.342+0000] {processor.py:157} INFO - Started process (PID=68) to work on /home/airflow/.local/lib/python3.8/site-packages/airflow/example_dags/example_branch_python_dop_operator_3.py
[2023-12-18T14:52:08.353+0000] {processor.py:829} INFO - Processing file /home/airflow/.local/lib/python3.8/site-packages/airflow/example_dags/example_branch_python_dop_operator_3.py for tasks to queue
[2023-12-18T14:52:08.355+0000] {logging_mixin.py:154} INFO - [2023-12-18T14:52:08.355+0000] {dagbag.py:536} INFO - Filling up the DagBag from /home/airflow/.local/lib/python3.8/site-packages/airflow/example_dags/example_branch_python_dop_operator_3.py
[2023-12-18T14:52:08.367+0000] {processor.py:839} INFO - DAG(s) dict_keys(['example_branch_dop_operator_v3']) retrieved from /home/airflow/.local/lib/python3.8/site-packages/airflow/example_dags/example_branch_python_dop_operator_3.py
[2023-12-18T14:52:08.395+0000] {logging_mixin.py:154} INFO - [2023-12-18T14:52:08.395+0000] {dag.py:2941} INFO - Sync 1 DAGs
[2023-12-18T14:52:08.713+0000] {logging_mixin.py:154} INFO - [2023-12-18T14:52:08.713+0000] {dag.py:3722} INFO - Setting next_dagrun for example_branch_dop_operator_v3 to 2023-12-18T14:51:00+00:00, run_after=2023-12-18T14:52:00+00:00
[2023-12-18T14:52:08.744+0000] {processor.py:179} INFO - Processing /home/airflow/.local/lib/python3.8/site-packages/airflow/example_dags/example_branch_python_dop_operator_3.py took 0.405 seconds
[2023-12-18T14:52:39.489+0000] {processor.py:157} INFO - Started process (PID=137) to work on /home/airflow/.local/lib/python3.8/site-packages/airflow/example_dags/example_branch_python_dop_operator_3.py
[2023-12-18T14:52:39.491+0000] {processor.py:829} INFO - Processing file /home/airflow/.local/lib/python3.8/site-packages/airflow/example_dags/example_branch_python_dop_operator_3.py for tasks to queue
[2023-12-18T14:52:39.493+0000] {logging_mixin.py:154} INFO - [2023-12-18T14:52:39.492+0000] {dagbag.py:536} INFO - Filling up the DagBag from /home/airflow/.local/lib/python3.8/site-packages/airflow/example_dags/example_branch_python_dop_operator_3.py
[2023-12-18T14:52:39.498+0000] {processor.py:839} INFO - DAG(s) dict_keys(['example_branch_dop_operator_v3']) retrieved from /home/airflow/.local/lib/python3.8/site-packages/airflow/example_dags/example_branch_python_dop_operator_3.py
[2023-12-18T14:52:39.512+0000] {logging_mixin.py:154} INFO - [2023-12-18T14:52:39.512+0000] {dag.py:2941} INFO - Sync 1 DAGs
[2023-12-18T14:52:39.537+0000] {logging_mixin.py:154} INFO - [2023-12-18T14:52:39.537+0000] {dag.py:3722} INFO - Setting next_dagrun for example_branch_dop_operator_v3 to 2023-12-18T14:51:00+00:00, run_after=2023-12-18T14:52:00+00:00
[2023-12-18T14:52:39.552+0000] {processor.py:179} INFO - Processing /home/airflow/.local/lib/python3.8/site-packages/airflow/example_dags/example_branch_python_dop_operator_3.py took 0.065 seconds
[2023-12-18T14:53:09.804+0000] {processor.py:157} INFO - Started process (PID=207) to work on /home/airflow/.local/lib/python3.8/site-packages/airflow/example_dags/example_branch_python_dop_operator_3.py
[2023-12-18T14:53:09.807+0000] {processor.py:829} INFO - Processing file /home/airflow/.local/lib/python3.8/site-packages/airflow/example_dags/example_branch_python_dop_operator_3.py for tasks to queue
[2023-12-18T14:53:09.809+0000] {logging_mixin.py:154} INFO - [2023-12-18T14:53:09.809+0000] {dagbag.py:536} INFO - Filling up the DagBag from /home/airflow/.local/lib/python3.8/site-packages/airflow/example_dags/example_branch_python_dop_operator_3.py
[2023-12-18T14:53:09.819+0000] {processor.py:839} INFO - DAG(s) dict_keys(['example_branch_dop_operator_v3']) retrieved from /home/airflow/.local/lib/python3.8/site-packages/airflow/example_dags/example_branch_python_dop_operator_3.py
[2023-12-18T14:53:09.830+0000] {logging_mixin.py:154} INFO - [2023-12-18T14:53:09.830+0000] {dag.py:2941} INFO - Sync 1 DAGs
[2023-12-18T14:53:09.846+0000] {logging_mixin.py:154} INFO - [2023-12-18T14:53:09.846+0000] {dag.py:3722} INFO - Setting next_dagrun for example_branch_dop_operator_v3 to 2023-12-18T14:52:00+00:00, run_after=2023-12-18T14:53:00+00:00
[2023-12-18T14:53:09.858+0000] {processor.py:179} INFO - Processing /home/airflow/.local/lib/python3.8/site-packages/airflow/example_dags/example_branch_python_dop_operator_3.py took 0.056 seconds
[2023-12-18T14:53:40.588+0000] {processor.py:157} INFO - Started process (PID=276) to work on /home/airflow/.local/lib/python3.8/site-packages/airflow/example_dags/example_branch_python_dop_operator_3.py
[2023-12-18T14:53:40.589+0000] {processor.py:829} INFO - Processing file /home/airflow/.local/lib/python3.8/site-packages/airflow/example_dags/example_branch_python_dop_operator_3.py for tasks to queue
[2023-12-18T14:53:40.591+0000] {logging_mixin.py:154} INFO - [2023-12-18T14:53:40.591+0000] {dagbag.py:536} INFO - Filling up the DagBag from /home/airflow/.local/lib/python3.8/site-packages/airflow/example_dags/example_branch_python_dop_operator_3.py
[2023-12-18T14:53:40.597+0000] {processor.py:839} INFO - DAG(s) dict_keys(['example_branch_dop_operator_v3']) retrieved from /home/airflow/.local/lib/python3.8/site-packages/airflow/example_dags/example_branch_python_dop_operator_3.py
[2023-12-18T14:53:40.609+0000] {logging_mixin.py:154} INFO - [2023-12-18T14:53:40.608+0000] {dag.py:2941} INFO - Sync 1 DAGs
[2023-12-18T14:53:40.625+0000] {logging_mixin.py:154} INFO - [2023-12-18T14:53:40.625+0000] {dag.py:3722} INFO - Setting next_dagrun for example_branch_dop_operator_v3 to 2023-12-18T14:52:00+00:00, run_after=2023-12-18T14:53:00+00:00
[2023-12-18T14:53:40.636+0000] {processor.py:179} INFO - Processing /home/airflow/.local/lib/python3.8/site-packages/airflow/example_dags/example_branch_python_dop_operator_3.py took 0.050 seconds
