[2023-12-18T14:25:41.178+0000] {processor.py:157} INFO - Started process (PID=74) to work on /home/airflow/.local/lib/python3.8/site-packages/airflow/example_dags/tutorial.py
[2023-12-18T14:25:41.190+0000] {processor.py:829} INFO - Processing file /home/airflow/.local/lib/python3.8/site-packages/airflow/example_dags/tutorial.py for tasks to queue
[2023-12-18T14:25:41.193+0000] {logging_mixin.py:154} INFO - [2023-12-18T14:25:41.192+0000] {dagbag.py:536} INFO - Filling up the DagBag from /home/airflow/.local/lib/python3.8/site-packages/airflow/example_dags/tutorial.py
[2023-12-18T14:25:41.203+0000] {processor.py:839} INFO - DAG(s) dict_keys(['tutorial']) retrieved from /home/airflow/.local/lib/python3.8/site-packages/airflow/example_dags/tutorial.py
[2023-12-18T14:25:41.215+0000] {logging_mixin.py:154} INFO - [2023-12-18T14:25:41.214+0000] {dag.py:2941} INFO - Sync 1 DAGs
[2023-12-18T14:25:41.244+0000] {logging_mixin.py:154} INFO - [2023-12-18T14:25:41.243+0000] {dag.py:3722} INFO - Setting next_dagrun for tutorial to 2023-12-17T14:25:41.243740+00:00, run_after=2023-12-18T14:25:41.243740+00:00
[2023-12-18T14:25:41.260+0000] {processor.py:179} INFO - Processing /home/airflow/.local/lib/python3.8/site-packages/airflow/example_dags/tutorial.py took 0.084 seconds
[2023-12-18T14:26:11.764+0000] {processor.py:157} INFO - Started process (PID=143) to work on /home/airflow/.local/lib/python3.8/site-packages/airflow/example_dags/tutorial.py
[2023-12-18T14:26:11.765+0000] {processor.py:829} INFO - Processing file /home/airflow/.local/lib/python3.8/site-packages/airflow/example_dags/tutorial.py for tasks to queue
[2023-12-18T14:26:11.766+0000] {logging_mixin.py:154} INFO - [2023-12-18T14:26:11.766+0000] {dagbag.py:536} INFO - Filling up the DagBag from /home/airflow/.local/lib/python3.8/site-packages/airflow/example_dags/tutorial.py
[2023-12-18T14:26:11.769+0000] {processor.py:839} INFO - DAG(s) dict_keys(['tutorial']) retrieved from /home/airflow/.local/lib/python3.8/site-packages/airflow/example_dags/tutorial.py
[2023-12-18T14:26:11.787+0000] {logging_mixin.py:154} INFO - [2023-12-18T14:26:11.787+0000] {dag.py:2941} INFO - Sync 1 DAGs
[2023-12-18T14:26:11.803+0000] {logging_mixin.py:154} INFO - [2023-12-18T14:26:11.803+0000] {dag.py:3722} INFO - Setting next_dagrun for tutorial to 2023-12-17T14:26:11.803529+00:00, run_after=2023-12-18T14:26:11.803529+00:00
[2023-12-18T14:26:11.817+0000] {processor.py:179} INFO - Processing /home/airflow/.local/lib/python3.8/site-packages/airflow/example_dags/tutorial.py took 0.055 seconds
[2023-12-18T14:26:42.019+0000] {processor.py:157} INFO - Started process (PID=213) to work on /home/airflow/.local/lib/python3.8/site-packages/airflow/example_dags/tutorial.py
[2023-12-18T14:26:42.019+0000] {processor.py:829} INFO - Processing file /home/airflow/.local/lib/python3.8/site-packages/airflow/example_dags/tutorial.py for tasks to queue
[2023-12-18T14:26:42.020+0000] {logging_mixin.py:154} INFO - [2023-12-18T14:26:42.020+0000] {dagbag.py:536} INFO - Filling up the DagBag from /home/airflow/.local/lib/python3.8/site-packages/airflow/example_dags/tutorial.py
[2023-12-18T14:26:42.023+0000] {processor.py:839} INFO - DAG(s) dict_keys(['tutorial']) retrieved from /home/airflow/.local/lib/python3.8/site-packages/airflow/example_dags/tutorial.py
[2023-12-18T14:26:42.035+0000] {logging_mixin.py:154} INFO - [2023-12-18T14:26:42.035+0000] {dag.py:2941} INFO - Sync 1 DAGs
[2023-12-18T14:26:42.047+0000] {logging_mixin.py:154} INFO - [2023-12-18T14:26:42.046+0000] {dag.py:3722} INFO - Setting next_dagrun for tutorial to 2023-12-17T14:26:42.046789+00:00, run_after=2023-12-18T14:26:42.046789+00:00
[2023-12-18T14:26:42.055+0000] {processor.py:179} INFO - Processing /home/airflow/.local/lib/python3.8/site-packages/airflow/example_dags/tutorial.py took 0.039 seconds
[2023-12-18T14:27:12.857+0000] {processor.py:157} INFO - Started process (PID=282) to work on /home/airflow/.local/lib/python3.8/site-packages/airflow/example_dags/tutorial.py
[2023-12-18T14:27:12.857+0000] {processor.py:829} INFO - Processing file /home/airflow/.local/lib/python3.8/site-packages/airflow/example_dags/tutorial.py for tasks to queue
[2023-12-18T14:27:12.859+0000] {logging_mixin.py:154} INFO - [2023-12-18T14:27:12.858+0000] {dagbag.py:536} INFO - Filling up the DagBag from /home/airflow/.local/lib/python3.8/site-packages/airflow/example_dags/tutorial.py
[2023-12-18T14:27:12.862+0000] {processor.py:839} INFO - DAG(s) dict_keys(['tutorial']) retrieved from /home/airflow/.local/lib/python3.8/site-packages/airflow/example_dags/tutorial.py
[2023-12-18T14:27:12.874+0000] {logging_mixin.py:154} INFO - [2023-12-18T14:27:12.874+0000] {dag.py:2941} INFO - Sync 1 DAGs
[2023-12-18T14:27:12.892+0000] {logging_mixin.py:154} INFO - [2023-12-18T14:27:12.892+0000] {dag.py:3722} INFO - Setting next_dagrun for tutorial to 2023-12-17T14:27:12.892314+00:00, run_after=2023-12-18T14:27:12.892314+00:00
[2023-12-18T14:27:12.903+0000] {processor.py:179} INFO - Processing /home/airflow/.local/lib/python3.8/site-packages/airflow/example_dags/tutorial.py took 0.048 seconds
[2023-12-18T14:27:43.761+0000] {processor.py:157} INFO - Started process (PID=357) to work on /home/airflow/.local/lib/python3.8/site-packages/airflow/example_dags/tutorial.py
[2023-12-18T14:27:43.762+0000] {processor.py:829} INFO - Processing file /home/airflow/.local/lib/python3.8/site-packages/airflow/example_dags/tutorial.py for tasks to queue
[2023-12-18T14:27:43.763+0000] {logging_mixin.py:154} INFO - [2023-12-18T14:27:43.763+0000] {dagbag.py:536} INFO - Filling up the DagBag from /home/airflow/.local/lib/python3.8/site-packages/airflow/example_dags/tutorial.py
[2023-12-18T14:27:43.767+0000] {processor.py:839} INFO - DAG(s) dict_keys(['tutorial']) retrieved from /home/airflow/.local/lib/python3.8/site-packages/airflow/example_dags/tutorial.py
[2023-12-18T14:27:43.789+0000] {logging_mixin.py:154} INFO - [2023-12-18T14:27:43.789+0000] {dag.py:2941} INFO - Sync 1 DAGs
[2023-12-18T14:27:43.810+0000] {logging_mixin.py:154} INFO - [2023-12-18T14:27:43.809+0000] {dag.py:3722} INFO - Setting next_dagrun for tutorial to 2023-12-17T14:27:43.809737+00:00, run_after=2023-12-18T14:27:43.809737+00:00
[2023-12-18T14:27:43.824+0000] {processor.py:179} INFO - Processing /home/airflow/.local/lib/python3.8/site-packages/airflow/example_dags/tutorial.py took 0.065 seconds
[2023-12-18T14:28:13.929+0000] {processor.py:157} INFO - Started process (PID=419) to work on /home/airflow/.local/lib/python3.8/site-packages/airflow/example_dags/tutorial.py
[2023-12-18T14:28:13.930+0000] {processor.py:829} INFO - Processing file /home/airflow/.local/lib/python3.8/site-packages/airflow/example_dags/tutorial.py for tasks to queue
[2023-12-18T14:28:13.933+0000] {logging_mixin.py:154} INFO - [2023-12-18T14:28:13.932+0000] {dagbag.py:536} INFO - Filling up the DagBag from /home/airflow/.local/lib/python3.8/site-packages/airflow/example_dags/tutorial.py
[2023-12-18T14:28:13.937+0000] {processor.py:839} INFO - DAG(s) dict_keys(['tutorial']) retrieved from /home/airflow/.local/lib/python3.8/site-packages/airflow/example_dags/tutorial.py
[2023-12-18T14:28:13.951+0000] {logging_mixin.py:154} INFO - [2023-12-18T14:28:13.951+0000] {dag.py:2941} INFO - Sync 1 DAGs
[2023-12-18T14:28:13.964+0000] {logging_mixin.py:154} INFO - [2023-12-18T14:28:13.964+0000] {dag.py:3722} INFO - Setting next_dagrun for tutorial to 2023-12-17T14:28:13.963995+00:00, run_after=2023-12-18T14:28:13.963995+00:00
[2023-12-18T14:28:13.986+0000] {processor.py:179} INFO - Processing /home/airflow/.local/lib/python3.8/site-packages/airflow/example_dags/tutorial.py took 0.062 seconds
[2023-12-18T14:28:44.837+0000] {processor.py:157} INFO - Started process (PID=495) to work on /home/airflow/.local/lib/python3.8/site-packages/airflow/example_dags/tutorial.py
[2023-12-18T14:28:44.838+0000] {processor.py:829} INFO - Processing file /home/airflow/.local/lib/python3.8/site-packages/airflow/example_dags/tutorial.py for tasks to queue
[2023-12-18T14:28:44.839+0000] {logging_mixin.py:154} INFO - [2023-12-18T14:28:44.839+0000] {dagbag.py:536} INFO - Filling up the DagBag from /home/airflow/.local/lib/python3.8/site-packages/airflow/example_dags/tutorial.py
[2023-12-18T14:28:44.842+0000] {processor.py:839} INFO - DAG(s) dict_keys(['tutorial']) retrieved from /home/airflow/.local/lib/python3.8/site-packages/airflow/example_dags/tutorial.py
[2023-12-18T14:28:44.855+0000] {logging_mixin.py:154} INFO - [2023-12-18T14:28:44.855+0000] {dag.py:2941} INFO - Sync 1 DAGs
[2023-12-18T14:28:44.867+0000] {logging_mixin.py:154} INFO - [2023-12-18T14:28:44.867+0000] {dag.py:3722} INFO - Setting next_dagrun for tutorial to 2023-12-17T14:28:44.867663+00:00, run_after=2023-12-18T14:28:44.867663+00:00
[2023-12-18T14:28:44.877+0000] {processor.py:179} INFO - Processing /home/airflow/.local/lib/python3.8/site-packages/airflow/example_dags/tutorial.py took 0.042 seconds
[2023-12-18T14:29:15.740+0000] {processor.py:157} INFO - Started process (PID=564) to work on /home/airflow/.local/lib/python3.8/site-packages/airflow/example_dags/tutorial.py
[2023-12-18T14:29:15.741+0000] {processor.py:829} INFO - Processing file /home/airflow/.local/lib/python3.8/site-packages/airflow/example_dags/tutorial.py for tasks to queue
[2023-12-18T14:29:15.742+0000] {logging_mixin.py:154} INFO - [2023-12-18T14:29:15.742+0000] {dagbag.py:536} INFO - Filling up the DagBag from /home/airflow/.local/lib/python3.8/site-packages/airflow/example_dags/tutorial.py
[2023-12-18T14:29:15.746+0000] {processor.py:839} INFO - DAG(s) dict_keys(['tutorial']) retrieved from /home/airflow/.local/lib/python3.8/site-packages/airflow/example_dags/tutorial.py
[2023-12-18T14:29:15.759+0000] {logging_mixin.py:154} INFO - [2023-12-18T14:29:15.759+0000] {dag.py:2941} INFO - Sync 1 DAGs
[2023-12-18T14:29:15.778+0000] {logging_mixin.py:154} INFO - [2023-12-18T14:29:15.778+0000] {dag.py:3722} INFO - Setting next_dagrun for tutorial to 2023-12-17T14:29:15.778296+00:00, run_after=2023-12-18T14:29:15.778296+00:00
[2023-12-18T14:29:15.790+0000] {processor.py:179} INFO - Processing /home/airflow/.local/lib/python3.8/site-packages/airflow/example_dags/tutorial.py took 0.053 seconds
[2023-12-18T14:29:46.718+0000] {processor.py:157} INFO - Started process (PID=633) to work on /home/airflow/.local/lib/python3.8/site-packages/airflow/example_dags/tutorial.py
[2023-12-18T14:29:46.718+0000] {processor.py:829} INFO - Processing file /home/airflow/.local/lib/python3.8/site-packages/airflow/example_dags/tutorial.py for tasks to queue
[2023-12-18T14:29:46.720+0000] {logging_mixin.py:154} INFO - [2023-12-18T14:29:46.720+0000] {dagbag.py:536} INFO - Filling up the DagBag from /home/airflow/.local/lib/python3.8/site-packages/airflow/example_dags/tutorial.py
[2023-12-18T14:29:46.723+0000] {processor.py:839} INFO - DAG(s) dict_keys(['tutorial']) retrieved from /home/airflow/.local/lib/python3.8/site-packages/airflow/example_dags/tutorial.py
[2023-12-18T14:29:46.734+0000] {logging_mixin.py:154} INFO - [2023-12-18T14:29:46.734+0000] {dag.py:2941} INFO - Sync 1 DAGs
[2023-12-18T14:29:46.746+0000] {logging_mixin.py:154} INFO - [2023-12-18T14:29:46.746+0000] {dag.py:3722} INFO - Setting next_dagrun for tutorial to 2023-12-17T14:29:46.746515+00:00, run_after=2023-12-18T14:29:46.746515+00:00
[2023-12-18T14:29:46.755+0000] {processor.py:179} INFO - Processing /home/airflow/.local/lib/python3.8/site-packages/airflow/example_dags/tutorial.py took 0.039 seconds
[2023-12-18T14:30:16.953+0000] {processor.py:157} INFO - Started process (PID=703) to work on /home/airflow/.local/lib/python3.8/site-packages/airflow/example_dags/tutorial.py
[2023-12-18T14:30:16.954+0000] {processor.py:829} INFO - Processing file /home/airflow/.local/lib/python3.8/site-packages/airflow/example_dags/tutorial.py for tasks to queue
[2023-12-18T14:30:16.955+0000] {logging_mixin.py:154} INFO - [2023-12-18T14:30:16.955+0000] {dagbag.py:536} INFO - Filling up the DagBag from /home/airflow/.local/lib/python3.8/site-packages/airflow/example_dags/tutorial.py
[2023-12-18T14:30:16.958+0000] {processor.py:839} INFO - DAG(s) dict_keys(['tutorial']) retrieved from /home/airflow/.local/lib/python3.8/site-packages/airflow/example_dags/tutorial.py
[2023-12-18T14:30:16.969+0000] {logging_mixin.py:154} INFO - [2023-12-18T14:30:16.969+0000] {dag.py:2941} INFO - Sync 1 DAGs
[2023-12-18T14:30:16.982+0000] {logging_mixin.py:154} INFO - [2023-12-18T14:30:16.982+0000] {dag.py:3722} INFO - Setting next_dagrun for tutorial to 2023-12-17T14:30:16.981926+00:00, run_after=2023-12-18T14:30:16.981926+00:00
[2023-12-18T14:30:16.991+0000] {processor.py:179} INFO - Processing /home/airflow/.local/lib/python3.8/site-packages/airflow/example_dags/tutorial.py took 0.040 seconds
[2023-12-18T14:30:47.077+0000] {processor.py:157} INFO - Started process (PID=773) to work on /home/airflow/.local/lib/python3.8/site-packages/airflow/example_dags/tutorial.py
[2023-12-18T14:30:47.077+0000] {processor.py:829} INFO - Processing file /home/airflow/.local/lib/python3.8/site-packages/airflow/example_dags/tutorial.py for tasks to queue
[2023-12-18T14:30:47.079+0000] {logging_mixin.py:154} INFO - [2023-12-18T14:30:47.078+0000] {dagbag.py:536} INFO - Filling up the DagBag from /home/airflow/.local/lib/python3.8/site-packages/airflow/example_dags/tutorial.py
[2023-12-18T14:30:47.082+0000] {processor.py:839} INFO - DAG(s) dict_keys(['tutorial']) retrieved from /home/airflow/.local/lib/python3.8/site-packages/airflow/example_dags/tutorial.py
[2023-12-18T14:30:47.095+0000] {logging_mixin.py:154} INFO - [2023-12-18T14:30:47.095+0000] {dag.py:2941} INFO - Sync 1 DAGs
[2023-12-18T14:30:47.108+0000] {logging_mixin.py:154} INFO - [2023-12-18T14:30:47.108+0000] {dag.py:3722} INFO - Setting next_dagrun for tutorial to 2023-12-17T14:30:47.107891+00:00, run_after=2023-12-18T14:30:47.107891+00:00
[2023-12-18T14:30:47.117+0000] {processor.py:179} INFO - Processing /home/airflow/.local/lib/python3.8/site-packages/airflow/example_dags/tutorial.py took 0.042 seconds
[2023-12-18T14:31:17.183+0000] {processor.py:157} INFO - Started process (PID=842) to work on /home/airflow/.local/lib/python3.8/site-packages/airflow/example_dags/tutorial.py
[2023-12-18T14:31:17.183+0000] {processor.py:829} INFO - Processing file /home/airflow/.local/lib/python3.8/site-packages/airflow/example_dags/tutorial.py for tasks to queue
[2023-12-18T14:31:17.184+0000] {logging_mixin.py:154} INFO - [2023-12-18T14:31:17.184+0000] {dagbag.py:536} INFO - Filling up the DagBag from /home/airflow/.local/lib/python3.8/site-packages/airflow/example_dags/tutorial.py
[2023-12-18T14:31:17.187+0000] {processor.py:839} INFO - DAG(s) dict_keys(['tutorial']) retrieved from /home/airflow/.local/lib/python3.8/site-packages/airflow/example_dags/tutorial.py
[2023-12-18T14:31:17.199+0000] {logging_mixin.py:154} INFO - [2023-12-18T14:31:17.198+0000] {dag.py:2941} INFO - Sync 1 DAGs
[2023-12-18T14:31:17.211+0000] {logging_mixin.py:154} INFO - [2023-12-18T14:31:17.210+0000] {dag.py:3722} INFO - Setting next_dagrun for tutorial to 2023-12-17T14:31:17.210752+00:00, run_after=2023-12-18T14:31:17.210752+00:00
[2023-12-18T14:31:17.220+0000] {processor.py:179} INFO - Processing /home/airflow/.local/lib/python3.8/site-packages/airflow/example_dags/tutorial.py took 0.039 seconds
[2023-12-18T14:31:48.107+0000] {processor.py:157} INFO - Started process (PID=911) to work on /home/airflow/.local/lib/python3.8/site-packages/airflow/example_dags/tutorial.py
[2023-12-18T14:31:48.108+0000] {processor.py:829} INFO - Processing file /home/airflow/.local/lib/python3.8/site-packages/airflow/example_dags/tutorial.py for tasks to queue
[2023-12-18T14:31:48.109+0000] {logging_mixin.py:154} INFO - [2023-12-18T14:31:48.109+0000] {dagbag.py:536} INFO - Filling up the DagBag from /home/airflow/.local/lib/python3.8/site-packages/airflow/example_dags/tutorial.py
[2023-12-18T14:31:48.112+0000] {processor.py:839} INFO - DAG(s) dict_keys(['tutorial']) retrieved from /home/airflow/.local/lib/python3.8/site-packages/airflow/example_dags/tutorial.py
[2023-12-18T14:31:48.125+0000] {logging_mixin.py:154} INFO - [2023-12-18T14:31:48.125+0000] {dag.py:2941} INFO - Sync 1 DAGs
[2023-12-18T14:31:48.138+0000] {logging_mixin.py:154} INFO - [2023-12-18T14:31:48.138+0000] {dag.py:3722} INFO - Setting next_dagrun for tutorial to 2023-12-17T14:31:48.138678+00:00, run_after=2023-12-18T14:31:48.138678+00:00
[2023-12-18T14:31:48.149+0000] {processor.py:179} INFO - Processing /home/airflow/.local/lib/python3.8/site-packages/airflow/example_dags/tutorial.py took 0.044 seconds
[2023-12-18T14:32:18.227+0000] {processor.py:157} INFO - Started process (PID=979) to work on /home/airflow/.local/lib/python3.8/site-packages/airflow/example_dags/tutorial.py
[2023-12-18T14:32:18.227+0000] {processor.py:829} INFO - Processing file /home/airflow/.local/lib/python3.8/site-packages/airflow/example_dags/tutorial.py for tasks to queue
[2023-12-18T14:32:18.229+0000] {logging_mixin.py:154} INFO - [2023-12-18T14:32:18.229+0000] {dagbag.py:536} INFO - Filling up the DagBag from /home/airflow/.local/lib/python3.8/site-packages/airflow/example_dags/tutorial.py
[2023-12-18T14:32:18.232+0000] {processor.py:839} INFO - DAG(s) dict_keys(['tutorial']) retrieved from /home/airflow/.local/lib/python3.8/site-packages/airflow/example_dags/tutorial.py
[2023-12-18T14:32:18.243+0000] {logging_mixin.py:154} INFO - [2023-12-18T14:32:18.243+0000] {dag.py:2941} INFO - Sync 1 DAGs
[2023-12-18T14:32:18.257+0000] {logging_mixin.py:154} INFO - [2023-12-18T14:32:18.257+0000] {dag.py:3722} INFO - Setting next_dagrun for tutorial to 2023-12-17T14:32:18.257392+00:00, run_after=2023-12-18T14:32:18.257392+00:00
[2023-12-18T14:32:18.267+0000] {processor.py:179} INFO - Processing /home/airflow/.local/lib/python3.8/site-packages/airflow/example_dags/tutorial.py took 0.042 seconds
[2023-12-18T14:32:49.083+0000] {processor.py:157} INFO - Started process (PID=1047) to work on /home/airflow/.local/lib/python3.8/site-packages/airflow/example_dags/tutorial.py
[2023-12-18T14:32:49.083+0000] {processor.py:829} INFO - Processing file /home/airflow/.local/lib/python3.8/site-packages/airflow/example_dags/tutorial.py for tasks to queue
[2023-12-18T14:32:49.085+0000] {logging_mixin.py:154} INFO - [2023-12-18T14:32:49.085+0000] {dagbag.py:536} INFO - Filling up the DagBag from /home/airflow/.local/lib/python3.8/site-packages/airflow/example_dags/tutorial.py
[2023-12-18T14:32:49.088+0000] {processor.py:839} INFO - DAG(s) dict_keys(['tutorial']) retrieved from /home/airflow/.local/lib/python3.8/site-packages/airflow/example_dags/tutorial.py
[2023-12-18T14:32:49.099+0000] {logging_mixin.py:154} INFO - [2023-12-18T14:32:49.099+0000] {dag.py:2941} INFO - Sync 1 DAGs
[2023-12-18T14:32:49.112+0000] {logging_mixin.py:154} INFO - [2023-12-18T14:32:49.112+0000] {dag.py:3722} INFO - Setting next_dagrun for tutorial to 2023-12-17T14:32:49.112122+00:00, run_after=2023-12-18T14:32:49.112122+00:00
[2023-12-18T14:32:49.121+0000] {processor.py:179} INFO - Processing /home/airflow/.local/lib/python3.8/site-packages/airflow/example_dags/tutorial.py took 0.040 seconds
[2023-12-18T14:33:19.787+0000] {processor.py:157} INFO - Started process (PID=1116) to work on /home/airflow/.local/lib/python3.8/site-packages/airflow/example_dags/tutorial.py
[2023-12-18T14:33:19.787+0000] {processor.py:829} INFO - Processing file /home/airflow/.local/lib/python3.8/site-packages/airflow/example_dags/tutorial.py for tasks to queue
[2023-12-18T14:33:19.788+0000] {logging_mixin.py:154} INFO - [2023-12-18T14:33:19.788+0000] {dagbag.py:536} INFO - Filling up the DagBag from /home/airflow/.local/lib/python3.8/site-packages/airflow/example_dags/tutorial.py
[2023-12-18T14:33:19.791+0000] {processor.py:839} INFO - DAG(s) dict_keys(['tutorial']) retrieved from /home/airflow/.local/lib/python3.8/site-packages/airflow/example_dags/tutorial.py
[2023-12-18T14:33:19.803+0000] {logging_mixin.py:154} INFO - [2023-12-18T14:33:19.802+0000] {dag.py:2941} INFO - Sync 1 DAGs
[2023-12-18T14:33:19.815+0000] {logging_mixin.py:154} INFO - [2023-12-18T14:33:19.814+0000] {dag.py:3722} INFO - Setting next_dagrun for tutorial to 2023-12-17T14:33:19.814777+00:00, run_after=2023-12-18T14:33:19.814777+00:00
[2023-12-18T14:33:19.824+0000] {processor.py:179} INFO - Processing /home/airflow/.local/lib/python3.8/site-packages/airflow/example_dags/tutorial.py took 0.039 seconds
[2023-12-18T14:33:50.673+0000] {processor.py:157} INFO - Started process (PID=1185) to work on /home/airflow/.local/lib/python3.8/site-packages/airflow/example_dags/tutorial.py
[2023-12-18T14:33:50.673+0000] {processor.py:829} INFO - Processing file /home/airflow/.local/lib/python3.8/site-packages/airflow/example_dags/tutorial.py for tasks to queue
[2023-12-18T14:33:50.675+0000] {logging_mixin.py:154} INFO - [2023-12-18T14:33:50.675+0000] {dagbag.py:536} INFO - Filling up the DagBag from /home/airflow/.local/lib/python3.8/site-packages/airflow/example_dags/tutorial.py
[2023-12-18T14:33:50.678+0000] {processor.py:839} INFO - DAG(s) dict_keys(['tutorial']) retrieved from /home/airflow/.local/lib/python3.8/site-packages/airflow/example_dags/tutorial.py
[2023-12-18T14:33:50.690+0000] {logging_mixin.py:154} INFO - [2023-12-18T14:33:50.690+0000] {dag.py:2941} INFO - Sync 1 DAGs
[2023-12-18T14:33:50.704+0000] {logging_mixin.py:154} INFO - [2023-12-18T14:33:50.703+0000] {dag.py:3722} INFO - Setting next_dagrun for tutorial to 2023-12-17T14:33:50.703760+00:00, run_after=2023-12-18T14:33:50.703760+00:00
[2023-12-18T14:33:50.714+0000] {processor.py:179} INFO - Processing /home/airflow/.local/lib/python3.8/site-packages/airflow/example_dags/tutorial.py took 0.043 seconds
[2023-12-18T14:34:20.835+0000] {processor.py:157} INFO - Started process (PID=1254) to work on /home/airflow/.local/lib/python3.8/site-packages/airflow/example_dags/tutorial.py
[2023-12-18T14:34:20.836+0000] {processor.py:829} INFO - Processing file /home/airflow/.local/lib/python3.8/site-packages/airflow/example_dags/tutorial.py for tasks to queue
[2023-12-18T14:34:20.837+0000] {logging_mixin.py:154} INFO - [2023-12-18T14:34:20.837+0000] {dagbag.py:536} INFO - Filling up the DagBag from /home/airflow/.local/lib/python3.8/site-packages/airflow/example_dags/tutorial.py
[2023-12-18T14:34:20.840+0000] {processor.py:839} INFO - DAG(s) dict_keys(['tutorial']) retrieved from /home/airflow/.local/lib/python3.8/site-packages/airflow/example_dags/tutorial.py
[2023-12-18T14:34:20.851+0000] {logging_mixin.py:154} INFO - [2023-12-18T14:34:20.851+0000] {dag.py:2941} INFO - Sync 1 DAGs
[2023-12-18T14:34:20.864+0000] {logging_mixin.py:154} INFO - [2023-12-18T14:34:20.863+0000] {dag.py:3722} INFO - Setting next_dagrun for tutorial to 2023-12-17T14:34:20.863830+00:00, run_after=2023-12-18T14:34:20.863830+00:00
[2023-12-18T14:34:20.873+0000] {processor.py:179} INFO - Processing /home/airflow/.local/lib/python3.8/site-packages/airflow/example_dags/tutorial.py took 0.040 seconds
[2023-12-18T14:34:50.963+0000] {processor.py:157} INFO - Started process (PID=1324) to work on /home/airflow/.local/lib/python3.8/site-packages/airflow/example_dags/tutorial.py
[2023-12-18T14:34:50.964+0000] {processor.py:829} INFO - Processing file /home/airflow/.local/lib/python3.8/site-packages/airflow/example_dags/tutorial.py for tasks to queue
[2023-12-18T14:34:50.965+0000] {logging_mixin.py:154} INFO - [2023-12-18T14:34:50.964+0000] {dagbag.py:536} INFO - Filling up the DagBag from /home/airflow/.local/lib/python3.8/site-packages/airflow/example_dags/tutorial.py
[2023-12-18T14:34:50.987+0000] {processor.py:839} INFO - DAG(s) dict_keys(['tutorial']) retrieved from /home/airflow/.local/lib/python3.8/site-packages/airflow/example_dags/tutorial.py
[2023-12-18T14:34:51.004+0000] {logging_mixin.py:154} INFO - [2023-12-18T14:34:51.004+0000] {dag.py:2941} INFO - Sync 1 DAGs
[2023-12-18T14:34:51.017+0000] {logging_mixin.py:154} INFO - [2023-12-18T14:34:51.017+0000] {dag.py:3722} INFO - Setting next_dagrun for tutorial to 2023-12-17T14:34:51.017106+00:00, run_after=2023-12-18T14:34:51.017106+00:00
[2023-12-18T14:34:51.030+0000] {processor.py:179} INFO - Processing /home/airflow/.local/lib/python3.8/site-packages/airflow/example_dags/tutorial.py took 0.069 seconds
[2023-12-18T14:35:21.067+0000] {processor.py:157} INFO - Started process (PID=1393) to work on /home/airflow/.local/lib/python3.8/site-packages/airflow/example_dags/tutorial.py
[2023-12-18T14:35:21.067+0000] {processor.py:829} INFO - Processing file /home/airflow/.local/lib/python3.8/site-packages/airflow/example_dags/tutorial.py for tasks to queue
[2023-12-18T14:35:21.068+0000] {logging_mixin.py:154} INFO - [2023-12-18T14:35:21.068+0000] {dagbag.py:536} INFO - Filling up the DagBag from /home/airflow/.local/lib/python3.8/site-packages/airflow/example_dags/tutorial.py
[2023-12-18T14:35:21.072+0000] {processor.py:839} INFO - DAG(s) dict_keys(['tutorial']) retrieved from /home/airflow/.local/lib/python3.8/site-packages/airflow/example_dags/tutorial.py
[2023-12-18T14:35:21.091+0000] {logging_mixin.py:154} INFO - [2023-12-18T14:35:21.091+0000] {dag.py:2941} INFO - Sync 1 DAGs
[2023-12-18T14:35:21.105+0000] {logging_mixin.py:154} INFO - [2023-12-18T14:35:21.104+0000] {dag.py:3722} INFO - Setting next_dagrun for tutorial to 2023-12-17T14:35:21.104812+00:00, run_after=2023-12-18T14:35:21.104812+00:00
[2023-12-18T14:35:21.115+0000] {processor.py:179} INFO - Processing /home/airflow/.local/lib/python3.8/site-packages/airflow/example_dags/tutorial.py took 0.052 seconds
[2023-12-18T14:35:51.156+0000] {processor.py:157} INFO - Started process (PID=1461) to work on /home/airflow/.local/lib/python3.8/site-packages/airflow/example_dags/tutorial.py
[2023-12-18T14:35:51.157+0000] {processor.py:829} INFO - Processing file /home/airflow/.local/lib/python3.8/site-packages/airflow/example_dags/tutorial.py for tasks to queue
[2023-12-18T14:35:51.158+0000] {logging_mixin.py:154} INFO - [2023-12-18T14:35:51.158+0000] {dagbag.py:536} INFO - Filling up the DagBag from /home/airflow/.local/lib/python3.8/site-packages/airflow/example_dags/tutorial.py
[2023-12-18T14:35:51.161+0000] {processor.py:839} INFO - DAG(s) dict_keys(['tutorial']) retrieved from /home/airflow/.local/lib/python3.8/site-packages/airflow/example_dags/tutorial.py
[2023-12-18T14:35:51.182+0000] {logging_mixin.py:154} INFO - [2023-12-18T14:35:51.181+0000] {dag.py:2941} INFO - Sync 1 DAGs
[2023-12-18T14:35:51.195+0000] {logging_mixin.py:154} INFO - [2023-12-18T14:35:51.195+0000] {dag.py:3722} INFO - Setting next_dagrun for tutorial to 2023-12-17T14:35:51.195618+00:00, run_after=2023-12-18T14:35:51.195618+00:00
[2023-12-18T14:35:51.206+0000] {processor.py:179} INFO - Processing /home/airflow/.local/lib/python3.8/site-packages/airflow/example_dags/tutorial.py took 0.052 seconds
[2023-12-18T14:36:21.262+0000] {processor.py:157} INFO - Started process (PID=1530) to work on /home/airflow/.local/lib/python3.8/site-packages/airflow/example_dags/tutorial.py
[2023-12-18T14:36:21.263+0000] {processor.py:829} INFO - Processing file /home/airflow/.local/lib/python3.8/site-packages/airflow/example_dags/tutorial.py for tasks to queue
[2023-12-18T14:36:21.264+0000] {logging_mixin.py:154} INFO - [2023-12-18T14:36:21.264+0000] {dagbag.py:536} INFO - Filling up the DagBag from /home/airflow/.local/lib/python3.8/site-packages/airflow/example_dags/tutorial.py
[2023-12-18T14:36:21.267+0000] {processor.py:839} INFO - DAG(s) dict_keys(['tutorial']) retrieved from /home/airflow/.local/lib/python3.8/site-packages/airflow/example_dags/tutorial.py
[2023-12-18T14:36:21.293+0000] {logging_mixin.py:154} INFO - [2023-12-18T14:36:21.292+0000] {dag.py:2941} INFO - Sync 1 DAGs
[2023-12-18T14:36:21.306+0000] {logging_mixin.py:154} INFO - [2023-12-18T14:36:21.306+0000] {dag.py:3722} INFO - Setting next_dagrun for tutorial to 2023-12-17T14:36:21.306158+00:00, run_after=2023-12-18T14:36:21.306158+00:00
[2023-12-18T14:36:21.316+0000] {processor.py:179} INFO - Processing /home/airflow/.local/lib/python3.8/site-packages/airflow/example_dags/tutorial.py took 0.056 seconds
[2023-12-18T14:36:51.453+0000] {processor.py:157} INFO - Started process (PID=1599) to work on /home/airflow/.local/lib/python3.8/site-packages/airflow/example_dags/tutorial.py
[2023-12-18T14:36:51.454+0000] {processor.py:829} INFO - Processing file /home/airflow/.local/lib/python3.8/site-packages/airflow/example_dags/tutorial.py for tasks to queue
[2023-12-18T14:36:51.456+0000] {logging_mixin.py:154} INFO - [2023-12-18T14:36:51.455+0000] {dagbag.py:536} INFO - Filling up the DagBag from /home/airflow/.local/lib/python3.8/site-packages/airflow/example_dags/tutorial.py
[2023-12-18T14:36:51.460+0000] {processor.py:839} INFO - DAG(s) dict_keys(['tutorial']) retrieved from /home/airflow/.local/lib/python3.8/site-packages/airflow/example_dags/tutorial.py
[2023-12-18T14:36:51.491+0000] {logging_mixin.py:154} INFO - [2023-12-18T14:36:51.491+0000] {dag.py:2941} INFO - Sync 1 DAGs
[2023-12-18T14:36:51.505+0000] {logging_mixin.py:154} INFO - [2023-12-18T14:36:51.505+0000] {dag.py:3722} INFO - Setting next_dagrun for tutorial to 2023-12-17T14:36:51.505107+00:00, run_after=2023-12-18T14:36:51.505107+00:00
[2023-12-18T14:36:51.518+0000] {processor.py:179} INFO - Processing /home/airflow/.local/lib/python3.8/site-packages/airflow/example_dags/tutorial.py took 0.067 seconds
[2023-12-18T14:37:22.457+0000] {processor.py:157} INFO - Started process (PID=1668) to work on /home/airflow/.local/lib/python3.8/site-packages/airflow/example_dags/tutorial.py
[2023-12-18T14:37:22.458+0000] {processor.py:829} INFO - Processing file /home/airflow/.local/lib/python3.8/site-packages/airflow/example_dags/tutorial.py for tasks to queue
[2023-12-18T14:37:22.459+0000] {logging_mixin.py:154} INFO - [2023-12-18T14:37:22.459+0000] {dagbag.py:536} INFO - Filling up the DagBag from /home/airflow/.local/lib/python3.8/site-packages/airflow/example_dags/tutorial.py
[2023-12-18T14:37:22.462+0000] {processor.py:839} INFO - DAG(s) dict_keys(['tutorial']) retrieved from /home/airflow/.local/lib/python3.8/site-packages/airflow/example_dags/tutorial.py
[2023-12-18T14:37:22.474+0000] {logging_mixin.py:154} INFO - [2023-12-18T14:37:22.474+0000] {dag.py:2941} INFO - Sync 1 DAGs
[2023-12-18T14:37:22.491+0000] {logging_mixin.py:154} INFO - [2023-12-18T14:37:22.491+0000] {dag.py:3722} INFO - Setting next_dagrun for tutorial to 2023-12-17T14:37:22.491660+00:00, run_after=2023-12-18T14:37:22.491660+00:00
[2023-12-18T14:37:22.502+0000] {processor.py:179} INFO - Processing /home/airflow/.local/lib/python3.8/site-packages/airflow/example_dags/tutorial.py took 0.046 seconds
[2023-12-18T14:37:53.139+0000] {processor.py:157} INFO - Started process (PID=1737) to work on /home/airflow/.local/lib/python3.8/site-packages/airflow/example_dags/tutorial.py
[2023-12-18T14:37:53.139+0000] {processor.py:829} INFO - Processing file /home/airflow/.local/lib/python3.8/site-packages/airflow/example_dags/tutorial.py for tasks to queue
[2023-12-18T14:37:53.141+0000] {logging_mixin.py:154} INFO - [2023-12-18T14:37:53.140+0000] {dagbag.py:536} INFO - Filling up the DagBag from /home/airflow/.local/lib/python3.8/site-packages/airflow/example_dags/tutorial.py
[2023-12-18T14:37:53.144+0000] {processor.py:839} INFO - DAG(s) dict_keys(['tutorial']) retrieved from /home/airflow/.local/lib/python3.8/site-packages/airflow/example_dags/tutorial.py
[2023-12-18T14:37:53.157+0000] {logging_mixin.py:154} INFO - [2023-12-18T14:37:53.157+0000] {dag.py:2941} INFO - Sync 1 DAGs
[2023-12-18T14:37:53.194+0000] {logging_mixin.py:154} INFO - [2023-12-18T14:37:53.194+0000] {dag.py:3722} INFO - Setting next_dagrun for tutorial to 2023-12-17T14:37:53.194202+00:00, run_after=2023-12-18T14:37:53.194202+00:00
[2023-12-18T14:37:53.206+0000] {processor.py:179} INFO - Processing /home/airflow/.local/lib/python3.8/site-packages/airflow/example_dags/tutorial.py took 0.069 seconds
[2023-12-18T14:38:23.907+0000] {processor.py:157} INFO - Started process (PID=1806) to work on /home/airflow/.local/lib/python3.8/site-packages/airflow/example_dags/tutorial.py
[2023-12-18T14:38:23.908+0000] {processor.py:829} INFO - Processing file /home/airflow/.local/lib/python3.8/site-packages/airflow/example_dags/tutorial.py for tasks to queue
[2023-12-18T14:38:23.909+0000] {logging_mixin.py:154} INFO - [2023-12-18T14:38:23.909+0000] {dagbag.py:536} INFO - Filling up the DagBag from /home/airflow/.local/lib/python3.8/site-packages/airflow/example_dags/tutorial.py
[2023-12-18T14:38:23.912+0000] {processor.py:839} INFO - DAG(s) dict_keys(['tutorial']) retrieved from /home/airflow/.local/lib/python3.8/site-packages/airflow/example_dags/tutorial.py
[2023-12-18T14:38:23.925+0000] {logging_mixin.py:154} INFO - [2023-12-18T14:38:23.925+0000] {dag.py:2941} INFO - Sync 1 DAGs
[2023-12-18T14:38:23.939+0000] {logging_mixin.py:154} INFO - [2023-12-18T14:38:23.939+0000] {dag.py:3722} INFO - Setting next_dagrun for tutorial to 2023-12-17T14:38:23.938880+00:00, run_after=2023-12-18T14:38:23.938880+00:00
[2023-12-18T14:38:23.949+0000] {processor.py:179} INFO - Processing /home/airflow/.local/lib/python3.8/site-packages/airflow/example_dags/tutorial.py took 0.044 seconds
[2023-12-18T14:38:54.751+0000] {processor.py:157} INFO - Started process (PID=1875) to work on /home/airflow/.local/lib/python3.8/site-packages/airflow/example_dags/tutorial.py
[2023-12-18T14:38:54.751+0000] {processor.py:829} INFO - Processing file /home/airflow/.local/lib/python3.8/site-packages/airflow/example_dags/tutorial.py for tasks to queue
[2023-12-18T14:38:54.752+0000] {logging_mixin.py:154} INFO - [2023-12-18T14:38:54.752+0000] {dagbag.py:536} INFO - Filling up the DagBag from /home/airflow/.local/lib/python3.8/site-packages/airflow/example_dags/tutorial.py
[2023-12-18T14:38:54.756+0000] {processor.py:839} INFO - DAG(s) dict_keys(['tutorial']) retrieved from /home/airflow/.local/lib/python3.8/site-packages/airflow/example_dags/tutorial.py
[2023-12-18T14:38:54.768+0000] {logging_mixin.py:154} INFO - [2023-12-18T14:38:54.768+0000] {dag.py:2941} INFO - Sync 1 DAGs
[2023-12-18T14:38:54.790+0000] {logging_mixin.py:154} INFO - [2023-12-18T14:38:54.789+0000] {dag.py:3722} INFO - Setting next_dagrun for tutorial to 2023-12-17T14:38:54.789746+00:00, run_after=2023-12-18T14:38:54.789746+00:00
[2023-12-18T14:38:54.800+0000] {processor.py:179} INFO - Processing /home/airflow/.local/lib/python3.8/site-packages/airflow/example_dags/tutorial.py took 0.051 seconds
[2023-12-18T14:39:55.849+0000] {processor.py:157} INFO - Started process (PID=74) to work on /home/airflow/.local/lib/python3.8/site-packages/airflow/example_dags/tutorial.py
[2023-12-18T14:39:55.851+0000] {processor.py:829} INFO - Processing file /home/airflow/.local/lib/python3.8/site-packages/airflow/example_dags/tutorial.py for tasks to queue
[2023-12-18T14:39:55.853+0000] {logging_mixin.py:154} INFO - [2023-12-18T14:39:55.853+0000] {dagbag.py:536} INFO - Filling up the DagBag from /home/airflow/.local/lib/python3.8/site-packages/airflow/example_dags/tutorial.py
[2023-12-18T14:39:55.862+0000] {processor.py:839} INFO - DAG(s) dict_keys(['tutorial']) retrieved from /home/airflow/.local/lib/python3.8/site-packages/airflow/example_dags/tutorial.py
[2023-12-18T14:39:55.878+0000] {logging_mixin.py:154} INFO - [2023-12-18T14:39:55.878+0000] {dag.py:2941} INFO - Sync 1 DAGs
[2023-12-18T14:39:55.906+0000] {logging_mixin.py:154} INFO - [2023-12-18T14:39:55.906+0000] {dag.py:3722} INFO - Setting next_dagrun for tutorial to 2023-12-17T14:39:55.905742+00:00, run_after=2023-12-18T14:39:55.905742+00:00
[2023-12-18T14:39:56.004+0000] {processor.py:179} INFO - Processing /home/airflow/.local/lib/python3.8/site-packages/airflow/example_dags/tutorial.py took 0.159 seconds
[2023-12-18T14:40:26.870+0000] {processor.py:157} INFO - Started process (PID=143) to work on /home/airflow/.local/lib/python3.8/site-packages/airflow/example_dags/tutorial.py
[2023-12-18T14:40:26.871+0000] {processor.py:829} INFO - Processing file /home/airflow/.local/lib/python3.8/site-packages/airflow/example_dags/tutorial.py for tasks to queue
[2023-12-18T14:40:26.873+0000] {logging_mixin.py:154} INFO - [2023-12-18T14:40:26.872+0000] {dagbag.py:536} INFO - Filling up the DagBag from /home/airflow/.local/lib/python3.8/site-packages/airflow/example_dags/tutorial.py
[2023-12-18T14:40:26.877+0000] {processor.py:839} INFO - DAG(s) dict_keys(['tutorial']) retrieved from /home/airflow/.local/lib/python3.8/site-packages/airflow/example_dags/tutorial.py
[2023-12-18T14:40:26.897+0000] {logging_mixin.py:154} INFO - [2023-12-18T14:40:26.897+0000] {dag.py:2941} INFO - Sync 1 DAGs
[2023-12-18T14:40:26.917+0000] {logging_mixin.py:154} INFO - [2023-12-18T14:40:26.917+0000] {dag.py:3722} INFO - Setting next_dagrun for tutorial to 2023-12-17T14:40:26.917369+00:00, run_after=2023-12-18T14:40:26.917369+00:00
[2023-12-18T14:40:26.932+0000] {processor.py:179} INFO - Processing /home/airflow/.local/lib/python3.8/site-packages/airflow/example_dags/tutorial.py took 0.063 seconds
[2023-12-18T14:40:57.027+0000] {processor.py:157} INFO - Started process (PID=212) to work on /home/airflow/.local/lib/python3.8/site-packages/airflow/example_dags/tutorial.py
[2023-12-18T14:40:57.028+0000] {processor.py:829} INFO - Processing file /home/airflow/.local/lib/python3.8/site-packages/airflow/example_dags/tutorial.py for tasks to queue
[2023-12-18T14:40:57.029+0000] {logging_mixin.py:154} INFO - [2023-12-18T14:40:57.029+0000] {dagbag.py:536} INFO - Filling up the DagBag from /home/airflow/.local/lib/python3.8/site-packages/airflow/example_dags/tutorial.py
[2023-12-18T14:40:57.033+0000] {processor.py:839} INFO - DAG(s) dict_keys(['tutorial']) retrieved from /home/airflow/.local/lib/python3.8/site-packages/airflow/example_dags/tutorial.py
[2023-12-18T14:40:57.044+0000] {logging_mixin.py:154} INFO - [2023-12-18T14:40:57.044+0000] {dag.py:2941} INFO - Sync 1 DAGs
[2023-12-18T14:40:57.057+0000] {logging_mixin.py:154} INFO - [2023-12-18T14:40:57.057+0000] {dag.py:3722} INFO - Setting next_dagrun for tutorial to 2023-12-17T14:40:57.057400+00:00, run_after=2023-12-18T14:40:57.057400+00:00
[2023-12-18T14:40:57.068+0000] {processor.py:179} INFO - Processing /home/airflow/.local/lib/python3.8/site-packages/airflow/example_dags/tutorial.py took 0.043 seconds
[2023-12-18T14:41:27.799+0000] {processor.py:157} INFO - Started process (PID=281) to work on /home/airflow/.local/lib/python3.8/site-packages/airflow/example_dags/tutorial.py
[2023-12-18T14:41:27.802+0000] {processor.py:829} INFO - Processing file /home/airflow/.local/lib/python3.8/site-packages/airflow/example_dags/tutorial.py for tasks to queue
[2023-12-18T14:41:27.804+0000] {logging_mixin.py:154} INFO - [2023-12-18T14:41:27.803+0000] {dagbag.py:536} INFO - Filling up the DagBag from /home/airflow/.local/lib/python3.8/site-packages/airflow/example_dags/tutorial.py
[2023-12-18T14:41:27.808+0000] {processor.py:839} INFO - DAG(s) dict_keys(['tutorial']) retrieved from /home/airflow/.local/lib/python3.8/site-packages/airflow/example_dags/tutorial.py
[2023-12-18T14:41:27.821+0000] {logging_mixin.py:154} INFO - [2023-12-18T14:41:27.820+0000] {dag.py:2941} INFO - Sync 1 DAGs
[2023-12-18T14:41:27.834+0000] {logging_mixin.py:154} INFO - [2023-12-18T14:41:27.834+0000] {dag.py:3722} INFO - Setting next_dagrun for tutorial to 2023-12-17T14:41:27.834120+00:00, run_after=2023-12-18T14:41:27.834120+00:00
[2023-12-18T14:41:27.847+0000] {processor.py:179} INFO - Processing /home/airflow/.local/lib/python3.8/site-packages/airflow/example_dags/tutorial.py took 0.050 seconds
[2023-12-18T14:41:58.607+0000] {processor.py:157} INFO - Started process (PID=351) to work on /home/airflow/.local/lib/python3.8/site-packages/airflow/example_dags/tutorial.py
[2023-12-18T14:41:58.607+0000] {processor.py:829} INFO - Processing file /home/airflow/.local/lib/python3.8/site-packages/airflow/example_dags/tutorial.py for tasks to queue
[2023-12-18T14:41:58.609+0000] {logging_mixin.py:154} INFO - [2023-12-18T14:41:58.609+0000] {dagbag.py:536} INFO - Filling up the DagBag from /home/airflow/.local/lib/python3.8/site-packages/airflow/example_dags/tutorial.py
[2023-12-18T14:41:58.613+0000] {processor.py:839} INFO - DAG(s) dict_keys(['tutorial']) retrieved from /home/airflow/.local/lib/python3.8/site-packages/airflow/example_dags/tutorial.py
[2023-12-18T14:41:58.625+0000] {logging_mixin.py:154} INFO - [2023-12-18T14:41:58.625+0000] {dag.py:2941} INFO - Sync 1 DAGs
[2023-12-18T14:41:58.638+0000] {logging_mixin.py:154} INFO - [2023-12-18T14:41:58.638+0000] {dag.py:3722} INFO - Setting next_dagrun for tutorial to 2023-12-17T14:41:58.638222+00:00, run_after=2023-12-18T14:41:58.638222+00:00
[2023-12-18T14:41:58.649+0000] {processor.py:179} INFO - Processing /home/airflow/.local/lib/python3.8/site-packages/airflow/example_dags/tutorial.py took 0.045 seconds
[2023-12-18T14:42:29.607+0000] {processor.py:157} INFO - Started process (PID=420) to work on /home/airflow/.local/lib/python3.8/site-packages/airflow/example_dags/tutorial.py
[2023-12-18T14:42:29.607+0000] {processor.py:829} INFO - Processing file /home/airflow/.local/lib/python3.8/site-packages/airflow/example_dags/tutorial.py for tasks to queue
[2023-12-18T14:42:29.608+0000] {logging_mixin.py:154} INFO - [2023-12-18T14:42:29.608+0000] {dagbag.py:536} INFO - Filling up the DagBag from /home/airflow/.local/lib/python3.8/site-packages/airflow/example_dags/tutorial.py
[2023-12-18T14:42:29.611+0000] {processor.py:839} INFO - DAG(s) dict_keys(['tutorial']) retrieved from /home/airflow/.local/lib/python3.8/site-packages/airflow/example_dags/tutorial.py
[2023-12-18T14:42:29.623+0000] {logging_mixin.py:154} INFO - [2023-12-18T14:42:29.623+0000] {dag.py:2941} INFO - Sync 1 DAGs
[2023-12-18T14:42:29.638+0000] {logging_mixin.py:154} INFO - [2023-12-18T14:42:29.638+0000] {dag.py:3722} INFO - Setting next_dagrun for tutorial to 2023-12-17T14:42:29.638310+00:00, run_after=2023-12-18T14:42:29.638310+00:00
[2023-12-18T14:42:29.658+0000] {processor.py:179} INFO - Processing /home/airflow/.local/lib/python3.8/site-packages/airflow/example_dags/tutorial.py took 0.053 seconds
[2023-12-18T14:42:59.794+0000] {processor.py:157} INFO - Started process (PID=489) to work on /home/airflow/.local/lib/python3.8/site-packages/airflow/example_dags/tutorial.py
[2023-12-18T14:42:59.795+0000] {processor.py:829} INFO - Processing file /home/airflow/.local/lib/python3.8/site-packages/airflow/example_dags/tutorial.py for tasks to queue
[2023-12-18T14:42:59.796+0000] {logging_mixin.py:154} INFO - [2023-12-18T14:42:59.796+0000] {dagbag.py:536} INFO - Filling up the DagBag from /home/airflow/.local/lib/python3.8/site-packages/airflow/example_dags/tutorial.py
[2023-12-18T14:42:59.801+0000] {processor.py:839} INFO - DAG(s) dict_keys(['tutorial']) retrieved from /home/airflow/.local/lib/python3.8/site-packages/airflow/example_dags/tutorial.py
[2023-12-18T14:42:59.813+0000] {logging_mixin.py:154} INFO - [2023-12-18T14:42:59.813+0000] {dag.py:2941} INFO - Sync 1 DAGs
[2023-12-18T14:42:59.826+0000] {logging_mixin.py:154} INFO - [2023-12-18T14:42:59.826+0000] {dag.py:3722} INFO - Setting next_dagrun for tutorial to 2023-12-17T14:42:59.826094+00:00, run_after=2023-12-18T14:42:59.826094+00:00
[2023-12-18T14:42:59.840+0000] {processor.py:179} INFO - Processing /home/airflow/.local/lib/python3.8/site-packages/airflow/example_dags/tutorial.py took 0.047 seconds
[2023-12-18T14:44:36.550+0000] {processor.py:157} INFO - Started process (PID=72) to work on /home/airflow/.local/lib/python3.8/site-packages/airflow/example_dags/tutorial.py
[2023-12-18T14:44:36.559+0000] {processor.py:829} INFO - Processing file /home/airflow/.local/lib/python3.8/site-packages/airflow/example_dags/tutorial.py for tasks to queue
[2023-12-18T14:44:36.561+0000] {logging_mixin.py:154} INFO - [2023-12-18T14:44:36.560+0000] {dagbag.py:536} INFO - Filling up the DagBag from /home/airflow/.local/lib/python3.8/site-packages/airflow/example_dags/tutorial.py
[2023-12-18T14:44:36.568+0000] {processor.py:839} INFO - DAG(s) dict_keys(['tutorial']) retrieved from /home/airflow/.local/lib/python3.8/site-packages/airflow/example_dags/tutorial.py
[2023-12-18T14:44:36.589+0000] {logging_mixin.py:154} INFO - [2023-12-18T14:44:36.589+0000] {dag.py:2941} INFO - Sync 1 DAGs
[2023-12-18T14:44:36.616+0000] {logging_mixin.py:154} INFO - [2023-12-18T14:44:36.616+0000] {dag.py:3722} INFO - Setting next_dagrun for tutorial to 2023-12-17T14:44:36.615794+00:00, run_after=2023-12-18T14:44:36.615794+00:00
[2023-12-18T14:44:36.651+0000] {processor.py:179} INFO - Processing /home/airflow/.local/lib/python3.8/site-packages/airflow/example_dags/tutorial.py took 0.109 seconds
[2023-12-18T14:45:07.515+0000] {processor.py:157} INFO - Started process (PID=141) to work on /home/airflow/.local/lib/python3.8/site-packages/airflow/example_dags/tutorial.py
[2023-12-18T14:45:07.515+0000] {processor.py:829} INFO - Processing file /home/airflow/.local/lib/python3.8/site-packages/airflow/example_dags/tutorial.py for tasks to queue
[2023-12-18T14:45:07.517+0000] {logging_mixin.py:154} INFO - [2023-12-18T14:45:07.516+0000] {dagbag.py:536} INFO - Filling up the DagBag from /home/airflow/.local/lib/python3.8/site-packages/airflow/example_dags/tutorial.py
[2023-12-18T14:45:07.523+0000] {processor.py:839} INFO - DAG(s) dict_keys(['tutorial']) retrieved from /home/airflow/.local/lib/python3.8/site-packages/airflow/example_dags/tutorial.py
[2023-12-18T14:45:07.539+0000] {logging_mixin.py:154} INFO - [2023-12-18T14:45:07.539+0000] {dag.py:2941} INFO - Sync 1 DAGs
[2023-12-18T14:45:07.560+0000] {logging_mixin.py:154} INFO - [2023-12-18T14:45:07.560+0000] {dag.py:3722} INFO - Setting next_dagrun for tutorial to 2023-12-17T14:45:07.560610+00:00, run_after=2023-12-18T14:45:07.560610+00:00
[2023-12-18T14:45:07.585+0000] {processor.py:179} INFO - Processing /home/airflow/.local/lib/python3.8/site-packages/airflow/example_dags/tutorial.py took 0.072 seconds
[2023-12-18T14:45:37.640+0000] {processor.py:157} INFO - Started process (PID=210) to work on /home/airflow/.local/lib/python3.8/site-packages/airflow/example_dags/tutorial.py
[2023-12-18T14:45:37.640+0000] {processor.py:829} INFO - Processing file /home/airflow/.local/lib/python3.8/site-packages/airflow/example_dags/tutorial.py for tasks to queue
[2023-12-18T14:45:37.642+0000] {logging_mixin.py:154} INFO - [2023-12-18T14:45:37.641+0000] {dagbag.py:536} INFO - Filling up the DagBag from /home/airflow/.local/lib/python3.8/site-packages/airflow/example_dags/tutorial.py
[2023-12-18T14:45:37.645+0000] {processor.py:839} INFO - DAG(s) dict_keys(['tutorial']) retrieved from /home/airflow/.local/lib/python3.8/site-packages/airflow/example_dags/tutorial.py
[2023-12-18T14:45:37.657+0000] {logging_mixin.py:154} INFO - [2023-12-18T14:45:37.657+0000] {dag.py:2941} INFO - Sync 1 DAGs
[2023-12-18T14:45:37.671+0000] {logging_mixin.py:154} INFO - [2023-12-18T14:45:37.670+0000] {dag.py:3722} INFO - Setting next_dagrun for tutorial to 2023-12-17T14:45:37.670837+00:00, run_after=2023-12-18T14:45:37.670837+00:00
[2023-12-18T14:45:37.681+0000] {processor.py:179} INFO - Processing /home/airflow/.local/lib/python3.8/site-packages/airflow/example_dags/tutorial.py took 0.043 seconds
[2023-12-18T14:46:07.814+0000] {processor.py:157} INFO - Started process (PID=279) to work on /home/airflow/.local/lib/python3.8/site-packages/airflow/example_dags/tutorial.py
[2023-12-18T14:46:07.815+0000] {processor.py:829} INFO - Processing file /home/airflow/.local/lib/python3.8/site-packages/airflow/example_dags/tutorial.py for tasks to queue
[2023-12-18T14:46:07.816+0000] {logging_mixin.py:154} INFO - [2023-12-18T14:46:07.816+0000] {dagbag.py:536} INFO - Filling up the DagBag from /home/airflow/.local/lib/python3.8/site-packages/airflow/example_dags/tutorial.py
[2023-12-18T14:46:07.820+0000] {processor.py:839} INFO - DAG(s) dict_keys(['tutorial']) retrieved from /home/airflow/.local/lib/python3.8/site-packages/airflow/example_dags/tutorial.py
[2023-12-18T14:46:07.832+0000] {logging_mixin.py:154} INFO - [2023-12-18T14:46:07.832+0000] {dag.py:2941} INFO - Sync 1 DAGs
[2023-12-18T14:46:07.846+0000] {logging_mixin.py:154} INFO - [2023-12-18T14:46:07.846+0000] {dag.py:3722} INFO - Setting next_dagrun for tutorial to 2023-12-17T14:46:07.846065+00:00, run_after=2023-12-18T14:46:07.846065+00:00
[2023-12-18T14:46:07.859+0000] {processor.py:179} INFO - Processing /home/airflow/.local/lib/python3.8/site-packages/airflow/example_dags/tutorial.py took 0.046 seconds
[2023-12-18T14:46:38.612+0000] {processor.py:157} INFO - Started process (PID=348) to work on /home/airflow/.local/lib/python3.8/site-packages/airflow/example_dags/tutorial.py
[2023-12-18T14:46:38.613+0000] {processor.py:829} INFO - Processing file /home/airflow/.local/lib/python3.8/site-packages/airflow/example_dags/tutorial.py for tasks to queue
[2023-12-18T14:46:38.614+0000] {logging_mixin.py:154} INFO - [2023-12-18T14:46:38.614+0000] {dagbag.py:536} INFO - Filling up the DagBag from /home/airflow/.local/lib/python3.8/site-packages/airflow/example_dags/tutorial.py
[2023-12-18T14:46:38.618+0000] {processor.py:839} INFO - DAG(s) dict_keys(['tutorial']) retrieved from /home/airflow/.local/lib/python3.8/site-packages/airflow/example_dags/tutorial.py
[2023-12-18T14:46:38.636+0000] {logging_mixin.py:154} INFO - [2023-12-18T14:46:38.636+0000] {dag.py:2941} INFO - Sync 1 DAGs
[2023-12-18T14:46:38.652+0000] {logging_mixin.py:154} INFO - [2023-12-18T14:46:38.651+0000] {dag.py:3722} INFO - Setting next_dagrun for tutorial to 2023-12-17T14:46:38.651730+00:00, run_after=2023-12-18T14:46:38.651730+00:00
[2023-12-18T14:46:38.667+0000] {processor.py:179} INFO - Processing /home/airflow/.local/lib/python3.8/site-packages/airflow/example_dags/tutorial.py took 0.057 seconds
[2023-12-18T14:47:09.495+0000] {processor.py:157} INFO - Started process (PID=417) to work on /home/airflow/.local/lib/python3.8/site-packages/airflow/example_dags/tutorial.py
[2023-12-18T14:47:09.496+0000] {processor.py:829} INFO - Processing file /home/airflow/.local/lib/python3.8/site-packages/airflow/example_dags/tutorial.py for tasks to queue
[2023-12-18T14:47:09.498+0000] {logging_mixin.py:154} INFO - [2023-12-18T14:47:09.498+0000] {dagbag.py:536} INFO - Filling up the DagBag from /home/airflow/.local/lib/python3.8/site-packages/airflow/example_dags/tutorial.py
[2023-12-18T14:47:09.502+0000] {processor.py:839} INFO - DAG(s) dict_keys(['tutorial']) retrieved from /home/airflow/.local/lib/python3.8/site-packages/airflow/example_dags/tutorial.py
[2023-12-18T14:47:09.516+0000] {logging_mixin.py:154} INFO - [2023-12-18T14:47:09.516+0000] {dag.py:2941} INFO - Sync 1 DAGs
[2023-12-18T14:47:09.541+0000] {logging_mixin.py:154} INFO - [2023-12-18T14:47:09.540+0000] {dag.py:3722} INFO - Setting next_dagrun for tutorial to 2023-12-17T14:47:09.540737+00:00, run_after=2023-12-18T14:47:09.540737+00:00
[2023-12-18T14:47:09.556+0000] {processor.py:179} INFO - Processing /home/airflow/.local/lib/python3.8/site-packages/airflow/example_dags/tutorial.py took 0.064 seconds
[2023-12-18T14:47:39.606+0000] {processor.py:157} INFO - Started process (PID=486) to work on /home/airflow/.local/lib/python3.8/site-packages/airflow/example_dags/tutorial.py
[2023-12-18T14:47:39.607+0000] {processor.py:829} INFO - Processing file /home/airflow/.local/lib/python3.8/site-packages/airflow/example_dags/tutorial.py for tasks to queue
[2023-12-18T14:47:39.608+0000] {logging_mixin.py:154} INFO - [2023-12-18T14:47:39.608+0000] {dagbag.py:536} INFO - Filling up the DagBag from /home/airflow/.local/lib/python3.8/site-packages/airflow/example_dags/tutorial.py
[2023-12-18T14:47:39.611+0000] {processor.py:839} INFO - DAG(s) dict_keys(['tutorial']) retrieved from /home/airflow/.local/lib/python3.8/site-packages/airflow/example_dags/tutorial.py
[2023-12-18T14:47:39.623+0000] {logging_mixin.py:154} INFO - [2023-12-18T14:47:39.622+0000] {dag.py:2941} INFO - Sync 1 DAGs
[2023-12-18T14:47:39.636+0000] {logging_mixin.py:154} INFO - [2023-12-18T14:47:39.635+0000] {dag.py:3722} INFO - Setting next_dagrun for tutorial to 2023-12-17T14:47:39.635768+00:00, run_after=2023-12-18T14:47:39.635768+00:00
[2023-12-18T14:47:39.646+0000] {processor.py:179} INFO - Processing /home/airflow/.local/lib/python3.8/site-packages/airflow/example_dags/tutorial.py took 0.041 seconds
[2023-12-18T14:48:09.871+0000] {processor.py:157} INFO - Started process (PID=556) to work on /home/airflow/.local/lib/python3.8/site-packages/airflow/example_dags/tutorial.py
[2023-12-18T14:48:09.871+0000] {processor.py:829} INFO - Processing file /home/airflow/.local/lib/python3.8/site-packages/airflow/example_dags/tutorial.py for tasks to queue
[2023-12-18T14:48:09.873+0000] {logging_mixin.py:154} INFO - [2023-12-18T14:48:09.873+0000] {dagbag.py:536} INFO - Filling up the DagBag from /home/airflow/.local/lib/python3.8/site-packages/airflow/example_dags/tutorial.py
[2023-12-18T14:48:09.876+0000] {processor.py:839} INFO - DAG(s) dict_keys(['tutorial']) retrieved from /home/airflow/.local/lib/python3.8/site-packages/airflow/example_dags/tutorial.py
[2023-12-18T14:48:09.889+0000] {logging_mixin.py:154} INFO - [2023-12-18T14:48:09.889+0000] {dag.py:2941} INFO - Sync 1 DAGs
[2023-12-18T14:48:09.903+0000] {logging_mixin.py:154} INFO - [2023-12-18T14:48:09.903+0000] {dag.py:3722} INFO - Setting next_dagrun for tutorial to 2023-12-17T14:48:09.903455+00:00, run_after=2023-12-18T14:48:09.903455+00:00
[2023-12-18T14:48:09.914+0000] {processor.py:179} INFO - Processing /home/airflow/.local/lib/python3.8/site-packages/airflow/example_dags/tutorial.py took 0.045 seconds
[2023-12-18T14:48:40.837+0000] {processor.py:157} INFO - Started process (PID=626) to work on /home/airflow/.local/lib/python3.8/site-packages/airflow/example_dags/tutorial.py
[2023-12-18T14:48:40.838+0000] {processor.py:829} INFO - Processing file /home/airflow/.local/lib/python3.8/site-packages/airflow/example_dags/tutorial.py for tasks to queue
[2023-12-18T14:48:40.840+0000] {logging_mixin.py:154} INFO - [2023-12-18T14:48:40.840+0000] {dagbag.py:536} INFO - Filling up the DagBag from /home/airflow/.local/lib/python3.8/site-packages/airflow/example_dags/tutorial.py
[2023-12-18T14:48:40.844+0000] {processor.py:839} INFO - DAG(s) dict_keys(['tutorial']) retrieved from /home/airflow/.local/lib/python3.8/site-packages/airflow/example_dags/tutorial.py
[2023-12-18T14:48:40.857+0000] {logging_mixin.py:154} INFO - [2023-12-18T14:48:40.857+0000] {dag.py:2941} INFO - Sync 1 DAGs
[2023-12-18T14:48:40.888+0000] {logging_mixin.py:154} INFO - [2023-12-18T14:48:40.888+0000] {dag.py:3722} INFO - Setting next_dagrun for tutorial to 2023-12-17T14:48:40.887950+00:00, run_after=2023-12-18T14:48:40.887950+00:00
[2023-12-18T14:48:40.899+0000] {processor.py:179} INFO - Processing /home/airflow/.local/lib/python3.8/site-packages/airflow/example_dags/tutorial.py took 0.064 seconds
[2023-12-18T14:52:09.030+0000] {processor.py:157} INFO - Started process (PID=73) to work on /home/airflow/.local/lib/python3.8/site-packages/airflow/example_dags/tutorial.py
[2023-12-18T14:52:09.033+0000] {processor.py:829} INFO - Processing file /home/airflow/.local/lib/python3.8/site-packages/airflow/example_dags/tutorial.py for tasks to queue
[2023-12-18T14:52:09.036+0000] {logging_mixin.py:154} INFO - [2023-12-18T14:52:09.036+0000] {dagbag.py:536} INFO - Filling up the DagBag from /home/airflow/.local/lib/python3.8/site-packages/airflow/example_dags/tutorial.py
[2023-12-18T14:52:09.045+0000] {processor.py:839} INFO - DAG(s) dict_keys(['tutorial']) retrieved from /home/airflow/.local/lib/python3.8/site-packages/airflow/example_dags/tutorial.py
[2023-12-18T14:52:09.065+0000] {logging_mixin.py:154} INFO - [2023-12-18T14:52:09.065+0000] {dag.py:2941} INFO - Sync 1 DAGs
[2023-12-18T14:52:09.096+0000] {logging_mixin.py:154} INFO - [2023-12-18T14:52:09.096+0000] {dag.py:3722} INFO - Setting next_dagrun for tutorial to 2023-12-17T14:52:09.095852+00:00, run_after=2023-12-18T14:52:09.095852+00:00
[2023-12-18T14:52:09.130+0000] {processor.py:179} INFO - Processing /home/airflow/.local/lib/python3.8/site-packages/airflow/example_dags/tutorial.py took 0.103 seconds
[2023-12-18T14:52:39.738+0000] {processor.py:157} INFO - Started process (PID=142) to work on /home/airflow/.local/lib/python3.8/site-packages/airflow/example_dags/tutorial.py
[2023-12-18T14:52:39.738+0000] {processor.py:829} INFO - Processing file /home/airflow/.local/lib/python3.8/site-packages/airflow/example_dags/tutorial.py for tasks to queue
[2023-12-18T14:52:39.740+0000] {logging_mixin.py:154} INFO - [2023-12-18T14:52:39.740+0000] {dagbag.py:536} INFO - Filling up the DagBag from /home/airflow/.local/lib/python3.8/site-packages/airflow/example_dags/tutorial.py
[2023-12-18T14:52:39.743+0000] {processor.py:839} INFO - DAG(s) dict_keys(['tutorial']) retrieved from /home/airflow/.local/lib/python3.8/site-packages/airflow/example_dags/tutorial.py
[2023-12-18T14:52:39.758+0000] {logging_mixin.py:154} INFO - [2023-12-18T14:52:39.758+0000] {dag.py:2941} INFO - Sync 1 DAGs
[2023-12-18T14:52:39.796+0000] {logging_mixin.py:154} INFO - [2023-12-18T14:52:39.796+0000] {dag.py:3722} INFO - Setting next_dagrun for tutorial to 2023-12-17T14:52:39.795853+00:00, run_after=2023-12-18T14:52:39.795853+00:00
[2023-12-18T14:52:39.813+0000] {processor.py:179} INFO - Processing /home/airflow/.local/lib/python3.8/site-packages/airflow/example_dags/tutorial.py took 0.077 seconds
[2023-12-18T14:53:10.031+0000] {processor.py:157} INFO - Started process (PID=212) to work on /home/airflow/.local/lib/python3.8/site-packages/airflow/example_dags/tutorial.py
[2023-12-18T14:53:10.032+0000] {processor.py:829} INFO - Processing file /home/airflow/.local/lib/python3.8/site-packages/airflow/example_dags/tutorial.py for tasks to queue
[2023-12-18T14:53:10.033+0000] {logging_mixin.py:154} INFO - [2023-12-18T14:53:10.033+0000] {dagbag.py:536} INFO - Filling up the DagBag from /home/airflow/.local/lib/python3.8/site-packages/airflow/example_dags/tutorial.py
[2023-12-18T14:53:10.036+0000] {processor.py:839} INFO - DAG(s) dict_keys(['tutorial']) retrieved from /home/airflow/.local/lib/python3.8/site-packages/airflow/example_dags/tutorial.py
[2023-12-18T14:53:10.050+0000] {logging_mixin.py:154} INFO - [2023-12-18T14:53:10.050+0000] {dag.py:2941} INFO - Sync 1 DAGs
[2023-12-18T14:53:10.067+0000] {logging_mixin.py:154} INFO - [2023-12-18T14:53:10.067+0000] {dag.py:3722} INFO - Setting next_dagrun for tutorial to 2023-12-17T14:53:10.067079+00:00, run_after=2023-12-18T14:53:10.067079+00:00
[2023-12-18T14:53:10.080+0000] {processor.py:179} INFO - Processing /home/airflow/.local/lib/python3.8/site-packages/airflow/example_dags/tutorial.py took 0.051 seconds
[2023-12-18T14:53:40.793+0000] {processor.py:157} INFO - Started process (PID=281) to work on /home/airflow/.local/lib/python3.8/site-packages/airflow/example_dags/tutorial.py
[2023-12-18T14:53:40.794+0000] {processor.py:829} INFO - Processing file /home/airflow/.local/lib/python3.8/site-packages/airflow/example_dags/tutorial.py for tasks to queue
[2023-12-18T14:53:40.795+0000] {logging_mixin.py:154} INFO - [2023-12-18T14:53:40.795+0000] {dagbag.py:536} INFO - Filling up the DagBag from /home/airflow/.local/lib/python3.8/site-packages/airflow/example_dags/tutorial.py
[2023-12-18T14:53:40.798+0000] {processor.py:839} INFO - DAG(s) dict_keys(['tutorial']) retrieved from /home/airflow/.local/lib/python3.8/site-packages/airflow/example_dags/tutorial.py
[2023-12-18T14:53:40.811+0000] {logging_mixin.py:154} INFO - [2023-12-18T14:53:40.811+0000] {dag.py:2941} INFO - Sync 1 DAGs
[2023-12-18T14:53:40.824+0000] {logging_mixin.py:154} INFO - [2023-12-18T14:53:40.824+0000] {dag.py:3722} INFO - Setting next_dagrun for tutorial to 2023-12-17T14:53:40.824621+00:00, run_after=2023-12-18T14:53:40.824621+00:00
[2023-12-18T14:53:40.835+0000] {processor.py:179} INFO - Processing /home/airflow/.local/lib/python3.8/site-packages/airflow/example_dags/tutorial.py took 0.044 seconds
