[2023-12-18T14:25:42.474+0000] {processor.py:157} INFO - Started process (PID=91) to work on /home/airflow/.local/lib/python3.8/site-packages/airflow/example_dags/tutorial_dag.py
[2023-12-18T14:25:42.475+0000] {processor.py:829} INFO - Processing file /home/airflow/.local/lib/python3.8/site-packages/airflow/example_dags/tutorial_dag.py for tasks to queue
[2023-12-18T14:25:42.478+0000] {logging_mixin.py:154} INFO - [2023-12-18T14:25:42.477+0000] {dagbag.py:536} INFO - Filling up the DagBag from /home/airflow/.local/lib/python3.8/site-packages/airflow/example_dags/tutorial_dag.py
[2023-12-18T14:25:42.483+0000] {processor.py:839} INFO - DAG(s) dict_keys(['tutorial_dag']) retrieved from /home/airflow/.local/lib/python3.8/site-packages/airflow/example_dags/tutorial_dag.py
[2023-12-18T14:25:42.497+0000] {logging_mixin.py:154} INFO - [2023-12-18T14:25:42.497+0000] {dag.py:2941} INFO - Sync 1 DAGs
[2023-12-18T14:25:42.517+0000] {logging_mixin.py:154} INFO - [2023-12-18T14:25:42.516+0000] {dag.py:3722} INFO - Setting next_dagrun for tutorial_dag to None, run_after=None
[2023-12-18T14:25:42.559+0000] {processor.py:179} INFO - Processing /home/airflow/.local/lib/python3.8/site-packages/airflow/example_dags/tutorial_dag.py took 0.087 seconds
[2023-12-18T14:26:13.525+0000] {processor.py:157} INFO - Started process (PID=161) to work on /home/airflow/.local/lib/python3.8/site-packages/airflow/example_dags/tutorial_dag.py
[2023-12-18T14:26:13.526+0000] {processor.py:829} INFO - Processing file /home/airflow/.local/lib/python3.8/site-packages/airflow/example_dags/tutorial_dag.py for tasks to queue
[2023-12-18T14:26:13.527+0000] {logging_mixin.py:154} INFO - [2023-12-18T14:26:13.527+0000] {dagbag.py:536} INFO - Filling up the DagBag from /home/airflow/.local/lib/python3.8/site-packages/airflow/example_dags/tutorial_dag.py
[2023-12-18T14:26:13.531+0000] {processor.py:839} INFO - DAG(s) dict_keys(['tutorial_dag']) retrieved from /home/airflow/.local/lib/python3.8/site-packages/airflow/example_dags/tutorial_dag.py
[2023-12-18T14:26:13.547+0000] {logging_mixin.py:154} INFO - [2023-12-18T14:26:13.547+0000] {dag.py:2941} INFO - Sync 1 DAGs
[2023-12-18T14:26:13.561+0000] {logging_mixin.py:154} INFO - [2023-12-18T14:26:13.561+0000] {dag.py:3722} INFO - Setting next_dagrun for tutorial_dag to None, run_after=None
[2023-12-18T14:26:13.594+0000] {processor.py:179} INFO - Processing /home/airflow/.local/lib/python3.8/site-packages/airflow/example_dags/tutorial_dag.py took 0.071 seconds
[2023-12-18T14:26:44.480+0000] {processor.py:157} INFO - Started process (PID=231) to work on /home/airflow/.local/lib/python3.8/site-packages/airflow/example_dags/tutorial_dag.py
[2023-12-18T14:26:44.481+0000] {processor.py:829} INFO - Processing file /home/airflow/.local/lib/python3.8/site-packages/airflow/example_dags/tutorial_dag.py for tasks to queue
[2023-12-18T14:26:44.482+0000] {logging_mixin.py:154} INFO - [2023-12-18T14:26:44.482+0000] {dagbag.py:536} INFO - Filling up the DagBag from /home/airflow/.local/lib/python3.8/site-packages/airflow/example_dags/tutorial_dag.py
[2023-12-18T14:26:44.485+0000] {processor.py:839} INFO - DAG(s) dict_keys(['tutorial_dag']) retrieved from /home/airflow/.local/lib/python3.8/site-packages/airflow/example_dags/tutorial_dag.py
[2023-12-18T14:26:44.498+0000] {logging_mixin.py:154} INFO - [2023-12-18T14:26:44.498+0000] {dag.py:2941} INFO - Sync 1 DAGs
[2023-12-18T14:26:44.506+0000] {logging_mixin.py:154} INFO - [2023-12-18T14:26:44.506+0000] {dag.py:3722} INFO - Setting next_dagrun for tutorial_dag to None, run_after=None
[2023-12-18T14:26:44.517+0000] {processor.py:179} INFO - Processing /home/airflow/.local/lib/python3.8/site-packages/airflow/example_dags/tutorial_dag.py took 0.039 seconds
[2023-12-18T14:27:15.260+0000] {processor.py:157} INFO - Started process (PID=300) to work on /home/airflow/.local/lib/python3.8/site-packages/airflow/example_dags/tutorial_dag.py
[2023-12-18T14:27:15.261+0000] {processor.py:829} INFO - Processing file /home/airflow/.local/lib/python3.8/site-packages/airflow/example_dags/tutorial_dag.py for tasks to queue
[2023-12-18T14:27:15.262+0000] {logging_mixin.py:154} INFO - [2023-12-18T14:27:15.262+0000] {dagbag.py:536} INFO - Filling up the DagBag from /home/airflow/.local/lib/python3.8/site-packages/airflow/example_dags/tutorial_dag.py
[2023-12-18T14:27:15.266+0000] {processor.py:839} INFO - DAG(s) dict_keys(['tutorial_dag']) retrieved from /home/airflow/.local/lib/python3.8/site-packages/airflow/example_dags/tutorial_dag.py
[2023-12-18T14:27:15.293+0000] {logging_mixin.py:154} INFO - [2023-12-18T14:27:15.293+0000] {dag.py:2941} INFO - Sync 1 DAGs
[2023-12-18T14:27:15.302+0000] {logging_mixin.py:154} INFO - [2023-12-18T14:27:15.302+0000] {dag.py:3722} INFO - Setting next_dagrun for tutorial_dag to None, run_after=None
[2023-12-18T14:27:15.313+0000] {processor.py:179} INFO - Processing /home/airflow/.local/lib/python3.8/site-packages/airflow/example_dags/tutorial_dag.py took 0.056 seconds
[2023-12-18T14:27:46.299+0000] {processor.py:157} INFO - Started process (PID=368) to work on /home/airflow/.local/lib/python3.8/site-packages/airflow/example_dags/tutorial_dag.py
[2023-12-18T14:27:46.300+0000] {processor.py:829} INFO - Processing file /home/airflow/.local/lib/python3.8/site-packages/airflow/example_dags/tutorial_dag.py for tasks to queue
[2023-12-18T14:27:46.301+0000] {logging_mixin.py:154} INFO - [2023-12-18T14:27:46.301+0000] {dagbag.py:536} INFO - Filling up the DagBag from /home/airflow/.local/lib/python3.8/site-packages/airflow/example_dags/tutorial_dag.py
[2023-12-18T14:27:46.304+0000] {processor.py:839} INFO - DAG(s) dict_keys(['tutorial_dag']) retrieved from /home/airflow/.local/lib/python3.8/site-packages/airflow/example_dags/tutorial_dag.py
[2023-12-18T14:27:46.319+0000] {logging_mixin.py:154} INFO - [2023-12-18T14:27:46.319+0000] {dag.py:2941} INFO - Sync 1 DAGs
[2023-12-18T14:27:46.330+0000] {logging_mixin.py:154} INFO - [2023-12-18T14:27:46.330+0000] {dag.py:3722} INFO - Setting next_dagrun for tutorial_dag to None, run_after=None
[2023-12-18T14:27:46.345+0000] {processor.py:179} INFO - Processing /home/airflow/.local/lib/python3.8/site-packages/airflow/example_dags/tutorial_dag.py took 0.049 seconds
[2023-12-18T14:28:17.283+0000] {processor.py:157} INFO - Started process (PID=437) to work on /home/airflow/.local/lib/python3.8/site-packages/airflow/example_dags/tutorial_dag.py
[2023-12-18T14:28:17.284+0000] {processor.py:829} INFO - Processing file /home/airflow/.local/lib/python3.8/site-packages/airflow/example_dags/tutorial_dag.py for tasks to queue
[2023-12-18T14:28:17.285+0000] {logging_mixin.py:154} INFO - [2023-12-18T14:28:17.285+0000] {dagbag.py:536} INFO - Filling up the DagBag from /home/airflow/.local/lib/python3.8/site-packages/airflow/example_dags/tutorial_dag.py
[2023-12-18T14:28:17.288+0000] {processor.py:839} INFO - DAG(s) dict_keys(['tutorial_dag']) retrieved from /home/airflow/.local/lib/python3.8/site-packages/airflow/example_dags/tutorial_dag.py
[2023-12-18T14:28:17.301+0000] {logging_mixin.py:154} INFO - [2023-12-18T14:28:17.301+0000] {dag.py:2941} INFO - Sync 1 DAGs
[2023-12-18T14:28:17.308+0000] {logging_mixin.py:154} INFO - [2023-12-18T14:28:17.308+0000] {dag.py:3722} INFO - Setting next_dagrun for tutorial_dag to None, run_after=None
[2023-12-18T14:28:17.318+0000] {processor.py:179} INFO - Processing /home/airflow/.local/lib/python3.8/site-packages/airflow/example_dags/tutorial_dag.py took 0.037 seconds
[2023-12-18T14:28:48.191+0000] {processor.py:157} INFO - Started process (PID=506) to work on /home/airflow/.local/lib/python3.8/site-packages/airflow/example_dags/tutorial_dag.py
[2023-12-18T14:28:48.191+0000] {processor.py:829} INFO - Processing file /home/airflow/.local/lib/python3.8/site-packages/airflow/example_dags/tutorial_dag.py for tasks to queue
[2023-12-18T14:28:48.192+0000] {logging_mixin.py:154} INFO - [2023-12-18T14:28:48.192+0000] {dagbag.py:536} INFO - Filling up the DagBag from /home/airflow/.local/lib/python3.8/site-packages/airflow/example_dags/tutorial_dag.py
[2023-12-18T14:28:48.195+0000] {processor.py:839} INFO - DAG(s) dict_keys(['tutorial_dag']) retrieved from /home/airflow/.local/lib/python3.8/site-packages/airflow/example_dags/tutorial_dag.py
[2023-12-18T14:28:48.207+0000] {logging_mixin.py:154} INFO - [2023-12-18T14:28:48.207+0000] {dag.py:2941} INFO - Sync 1 DAGs
[2023-12-18T14:28:48.214+0000] {logging_mixin.py:154} INFO - [2023-12-18T14:28:48.214+0000] {dag.py:3722} INFO - Setting next_dagrun for tutorial_dag to None, run_after=None
[2023-12-18T14:28:48.225+0000] {processor.py:179} INFO - Processing /home/airflow/.local/lib/python3.8/site-packages/airflow/example_dags/tutorial_dag.py took 0.037 seconds
[2023-12-18T14:29:19.175+0000] {processor.py:157} INFO - Started process (PID=575) to work on /home/airflow/.local/lib/python3.8/site-packages/airflow/example_dags/tutorial_dag.py
[2023-12-18T14:29:19.176+0000] {processor.py:829} INFO - Processing file /home/airflow/.local/lib/python3.8/site-packages/airflow/example_dags/tutorial_dag.py for tasks to queue
[2023-12-18T14:29:19.177+0000] {logging_mixin.py:154} INFO - [2023-12-18T14:29:19.177+0000] {dagbag.py:536} INFO - Filling up the DagBag from /home/airflow/.local/lib/python3.8/site-packages/airflow/example_dags/tutorial_dag.py
[2023-12-18T14:29:19.180+0000] {processor.py:839} INFO - DAG(s) dict_keys(['tutorial_dag']) retrieved from /home/airflow/.local/lib/python3.8/site-packages/airflow/example_dags/tutorial_dag.py
[2023-12-18T14:29:19.193+0000] {logging_mixin.py:154} INFO - [2023-12-18T14:29:19.193+0000] {dag.py:2941} INFO - Sync 1 DAGs
[2023-12-18T14:29:19.201+0000] {logging_mixin.py:154} INFO - [2023-12-18T14:29:19.201+0000] {dag.py:3722} INFO - Setting next_dagrun for tutorial_dag to None, run_after=None
[2023-12-18T14:29:19.211+0000] {processor.py:179} INFO - Processing /home/airflow/.local/lib/python3.8/site-packages/airflow/example_dags/tutorial_dag.py took 0.038 seconds
[2023-12-18T14:29:49.292+0000] {processor.py:157} INFO - Started process (PID=645) to work on /home/airflow/.local/lib/python3.8/site-packages/airflow/example_dags/tutorial_dag.py
[2023-12-18T14:29:49.293+0000] {processor.py:829} INFO - Processing file /home/airflow/.local/lib/python3.8/site-packages/airflow/example_dags/tutorial_dag.py for tasks to queue
[2023-12-18T14:29:49.295+0000] {logging_mixin.py:154} INFO - [2023-12-18T14:29:49.295+0000] {dagbag.py:536} INFO - Filling up the DagBag from /home/airflow/.local/lib/python3.8/site-packages/airflow/example_dags/tutorial_dag.py
[2023-12-18T14:29:49.299+0000] {processor.py:839} INFO - DAG(s) dict_keys(['tutorial_dag']) retrieved from /home/airflow/.local/lib/python3.8/site-packages/airflow/example_dags/tutorial_dag.py
[2023-12-18T14:29:49.317+0000] {logging_mixin.py:154} INFO - [2023-12-18T14:29:49.317+0000] {dag.py:2941} INFO - Sync 1 DAGs
[2023-12-18T14:29:49.330+0000] {logging_mixin.py:154} INFO - [2023-12-18T14:29:49.330+0000] {dag.py:3722} INFO - Setting next_dagrun for tutorial_dag to None, run_after=None
[2023-12-18T14:29:49.346+0000] {processor.py:179} INFO - Processing /home/airflow/.local/lib/python3.8/site-packages/airflow/example_dags/tutorial_dag.py took 0.055 seconds
[2023-12-18T14:30:19.431+0000] {processor.py:157} INFO - Started process (PID=715) to work on /home/airflow/.local/lib/python3.8/site-packages/airflow/example_dags/tutorial_dag.py
[2023-12-18T14:30:19.432+0000] {processor.py:829} INFO - Processing file /home/airflow/.local/lib/python3.8/site-packages/airflow/example_dags/tutorial_dag.py for tasks to queue
[2023-12-18T14:30:19.433+0000] {logging_mixin.py:154} INFO - [2023-12-18T14:30:19.433+0000] {dagbag.py:536} INFO - Filling up the DagBag from /home/airflow/.local/lib/python3.8/site-packages/airflow/example_dags/tutorial_dag.py
[2023-12-18T14:30:19.436+0000] {processor.py:839} INFO - DAG(s) dict_keys(['tutorial_dag']) retrieved from /home/airflow/.local/lib/python3.8/site-packages/airflow/example_dags/tutorial_dag.py
[2023-12-18T14:30:19.447+0000] {logging_mixin.py:154} INFO - [2023-12-18T14:30:19.447+0000] {dag.py:2941} INFO - Sync 1 DAGs
[2023-12-18T14:30:19.454+0000] {logging_mixin.py:154} INFO - [2023-12-18T14:30:19.453+0000] {dag.py:3722} INFO - Setting next_dagrun for tutorial_dag to None, run_after=None
[2023-12-18T14:30:19.463+0000] {processor.py:179} INFO - Processing /home/airflow/.local/lib/python3.8/site-packages/airflow/example_dags/tutorial_dag.py took 0.034 seconds
[2023-12-18T14:30:49.548+0000] {processor.py:157} INFO - Started process (PID=784) to work on /home/airflow/.local/lib/python3.8/site-packages/airflow/example_dags/tutorial_dag.py
[2023-12-18T14:30:49.548+0000] {processor.py:829} INFO - Processing file /home/airflow/.local/lib/python3.8/site-packages/airflow/example_dags/tutorial_dag.py for tasks to queue
[2023-12-18T14:30:49.549+0000] {logging_mixin.py:154} INFO - [2023-12-18T14:30:49.549+0000] {dagbag.py:536} INFO - Filling up the DagBag from /home/airflow/.local/lib/python3.8/site-packages/airflow/example_dags/tutorial_dag.py
[2023-12-18T14:30:49.552+0000] {processor.py:839} INFO - DAG(s) dict_keys(['tutorial_dag']) retrieved from /home/airflow/.local/lib/python3.8/site-packages/airflow/example_dags/tutorial_dag.py
[2023-12-18T14:30:49.563+0000] {logging_mixin.py:154} INFO - [2023-12-18T14:30:49.563+0000] {dag.py:2941} INFO - Sync 1 DAGs
[2023-12-18T14:30:49.570+0000] {logging_mixin.py:154} INFO - [2023-12-18T14:30:49.570+0000] {dag.py:3722} INFO - Setting next_dagrun for tutorial_dag to None, run_after=None
[2023-12-18T14:30:49.580+0000] {processor.py:179} INFO - Processing /home/airflow/.local/lib/python3.8/site-packages/airflow/example_dags/tutorial_dag.py took 0.034 seconds
[2023-12-18T14:31:20.603+0000] {processor.py:157} INFO - Started process (PID=853) to work on /home/airflow/.local/lib/python3.8/site-packages/airflow/example_dags/tutorial_dag.py
[2023-12-18T14:31:20.603+0000] {processor.py:829} INFO - Processing file /home/airflow/.local/lib/python3.8/site-packages/airflow/example_dags/tutorial_dag.py for tasks to queue
[2023-12-18T14:31:20.604+0000] {logging_mixin.py:154} INFO - [2023-12-18T14:31:20.604+0000] {dagbag.py:536} INFO - Filling up the DagBag from /home/airflow/.local/lib/python3.8/site-packages/airflow/example_dags/tutorial_dag.py
[2023-12-18T14:31:20.607+0000] {processor.py:839} INFO - DAG(s) dict_keys(['tutorial_dag']) retrieved from /home/airflow/.local/lib/python3.8/site-packages/airflow/example_dags/tutorial_dag.py
[2023-12-18T14:31:20.619+0000] {logging_mixin.py:154} INFO - [2023-12-18T14:31:20.619+0000] {dag.py:2941} INFO - Sync 1 DAGs
[2023-12-18T14:31:20.626+0000] {logging_mixin.py:154} INFO - [2023-12-18T14:31:20.626+0000] {dag.py:3722} INFO - Setting next_dagrun for tutorial_dag to None, run_after=None
[2023-12-18T14:31:20.636+0000] {processor.py:179} INFO - Processing /home/airflow/.local/lib/python3.8/site-packages/airflow/example_dags/tutorial_dag.py took 0.036 seconds
[2023-12-18T14:31:51.510+0000] {processor.py:157} INFO - Started process (PID=922) to work on /home/airflow/.local/lib/python3.8/site-packages/airflow/example_dags/tutorial_dag.py
[2023-12-18T14:31:51.511+0000] {processor.py:829} INFO - Processing file /home/airflow/.local/lib/python3.8/site-packages/airflow/example_dags/tutorial_dag.py for tasks to queue
[2023-12-18T14:31:51.512+0000] {logging_mixin.py:154} INFO - [2023-12-18T14:31:51.512+0000] {dagbag.py:536} INFO - Filling up the DagBag from /home/airflow/.local/lib/python3.8/site-packages/airflow/example_dags/tutorial_dag.py
[2023-12-18T14:31:51.515+0000] {processor.py:839} INFO - DAG(s) dict_keys(['tutorial_dag']) retrieved from /home/airflow/.local/lib/python3.8/site-packages/airflow/example_dags/tutorial_dag.py
[2023-12-18T14:31:51.528+0000] {logging_mixin.py:154} INFO - [2023-12-18T14:31:51.528+0000] {dag.py:2941} INFO - Sync 1 DAGs
[2023-12-18T14:31:51.536+0000] {logging_mixin.py:154} INFO - [2023-12-18T14:31:51.535+0000] {dag.py:3722} INFO - Setting next_dagrun for tutorial_dag to None, run_after=None
[2023-12-18T14:31:51.546+0000] {processor.py:179} INFO - Processing /home/airflow/.local/lib/python3.8/site-packages/airflow/example_dags/tutorial_dag.py took 0.038 seconds
[2023-12-18T14:32:21.710+0000] {processor.py:157} INFO - Started process (PID=990) to work on /home/airflow/.local/lib/python3.8/site-packages/airflow/example_dags/tutorial_dag.py
[2023-12-18T14:32:21.711+0000] {processor.py:829} INFO - Processing file /home/airflow/.local/lib/python3.8/site-packages/airflow/example_dags/tutorial_dag.py for tasks to queue
[2023-12-18T14:32:21.712+0000] {logging_mixin.py:154} INFO - [2023-12-18T14:32:21.712+0000] {dagbag.py:536} INFO - Filling up the DagBag from /home/airflow/.local/lib/python3.8/site-packages/airflow/example_dags/tutorial_dag.py
[2023-12-18T14:32:21.715+0000] {processor.py:839} INFO - DAG(s) dict_keys(['tutorial_dag']) retrieved from /home/airflow/.local/lib/python3.8/site-packages/airflow/example_dags/tutorial_dag.py
[2023-12-18T14:32:21.728+0000] {logging_mixin.py:154} INFO - [2023-12-18T14:32:21.728+0000] {dag.py:2941} INFO - Sync 1 DAGs
[2023-12-18T14:32:21.735+0000] {logging_mixin.py:154} INFO - [2023-12-18T14:32:21.735+0000] {dag.py:3722} INFO - Setting next_dagrun for tutorial_dag to None, run_after=None
[2023-12-18T14:32:21.746+0000] {processor.py:179} INFO - Processing /home/airflow/.local/lib/python3.8/site-packages/airflow/example_dags/tutorial_dag.py took 0.038 seconds
[2023-12-18T14:32:52.435+0000] {processor.py:157} INFO - Started process (PID=1058) to work on /home/airflow/.local/lib/python3.8/site-packages/airflow/example_dags/tutorial_dag.py
[2023-12-18T14:32:52.435+0000] {processor.py:829} INFO - Processing file /home/airflow/.local/lib/python3.8/site-packages/airflow/example_dags/tutorial_dag.py for tasks to queue
[2023-12-18T14:32:52.436+0000] {logging_mixin.py:154} INFO - [2023-12-18T14:32:52.436+0000] {dagbag.py:536} INFO - Filling up the DagBag from /home/airflow/.local/lib/python3.8/site-packages/airflow/example_dags/tutorial_dag.py
[2023-12-18T14:32:52.439+0000] {processor.py:839} INFO - DAG(s) dict_keys(['tutorial_dag']) retrieved from /home/airflow/.local/lib/python3.8/site-packages/airflow/example_dags/tutorial_dag.py
[2023-12-18T14:32:52.452+0000] {logging_mixin.py:154} INFO - [2023-12-18T14:32:52.451+0000] {dag.py:2941} INFO - Sync 1 DAGs
[2023-12-18T14:32:52.460+0000] {logging_mixin.py:154} INFO - [2023-12-18T14:32:52.459+0000] {dag.py:3722} INFO - Setting next_dagrun for tutorial_dag to None, run_after=None
[2023-12-18T14:32:52.488+0000] {processor.py:179} INFO - Processing /home/airflow/.local/lib/python3.8/site-packages/airflow/example_dags/tutorial_dag.py took 0.055 seconds
[2023-12-18T14:33:23.191+0000] {processor.py:157} INFO - Started process (PID=1127) to work on /home/airflow/.local/lib/python3.8/site-packages/airflow/example_dags/tutorial_dag.py
[2023-12-18T14:33:23.191+0000] {processor.py:829} INFO - Processing file /home/airflow/.local/lib/python3.8/site-packages/airflow/example_dags/tutorial_dag.py for tasks to queue
[2023-12-18T14:33:23.193+0000] {logging_mixin.py:154} INFO - [2023-12-18T14:33:23.192+0000] {dagbag.py:536} INFO - Filling up the DagBag from /home/airflow/.local/lib/python3.8/site-packages/airflow/example_dags/tutorial_dag.py
[2023-12-18T14:33:23.196+0000] {processor.py:839} INFO - DAG(s) dict_keys(['tutorial_dag']) retrieved from /home/airflow/.local/lib/python3.8/site-packages/airflow/example_dags/tutorial_dag.py
[2023-12-18T14:33:23.208+0000] {logging_mixin.py:154} INFO - [2023-12-18T14:33:23.208+0000] {dag.py:2941} INFO - Sync 1 DAGs
[2023-12-18T14:33:23.216+0000] {logging_mixin.py:154} INFO - [2023-12-18T14:33:23.215+0000] {dag.py:3722} INFO - Setting next_dagrun for tutorial_dag to None, run_after=None
[2023-12-18T14:33:23.227+0000] {processor.py:179} INFO - Processing /home/airflow/.local/lib/python3.8/site-packages/airflow/example_dags/tutorial_dag.py took 0.037 seconds
[2023-12-18T14:33:54.040+0000] {processor.py:157} INFO - Started process (PID=1196) to work on /home/airflow/.local/lib/python3.8/site-packages/airflow/example_dags/tutorial_dag.py
[2023-12-18T14:33:54.041+0000] {processor.py:829} INFO - Processing file /home/airflow/.local/lib/python3.8/site-packages/airflow/example_dags/tutorial_dag.py for tasks to queue
[2023-12-18T14:33:54.042+0000] {logging_mixin.py:154} INFO - [2023-12-18T14:33:54.042+0000] {dagbag.py:536} INFO - Filling up the DagBag from /home/airflow/.local/lib/python3.8/site-packages/airflow/example_dags/tutorial_dag.py
[2023-12-18T14:33:54.046+0000] {processor.py:839} INFO - DAG(s) dict_keys(['tutorial_dag']) retrieved from /home/airflow/.local/lib/python3.8/site-packages/airflow/example_dags/tutorial_dag.py
[2023-12-18T14:33:54.057+0000] {logging_mixin.py:154} INFO - [2023-12-18T14:33:54.057+0000] {dag.py:2941} INFO - Sync 1 DAGs
[2023-12-18T14:33:54.082+0000] {logging_mixin.py:154} INFO - [2023-12-18T14:33:54.082+0000] {dag.py:3722} INFO - Setting next_dagrun for tutorial_dag to None, run_after=None
[2023-12-18T14:33:54.093+0000] {processor.py:179} INFO - Processing /home/airflow/.local/lib/python3.8/site-packages/airflow/example_dags/tutorial_dag.py took 0.054 seconds
[2023-12-18T14:34:24.231+0000] {processor.py:157} INFO - Started process (PID=1265) to work on /home/airflow/.local/lib/python3.8/site-packages/airflow/example_dags/tutorial_dag.py
[2023-12-18T14:34:24.232+0000] {processor.py:829} INFO - Processing file /home/airflow/.local/lib/python3.8/site-packages/airflow/example_dags/tutorial_dag.py for tasks to queue
[2023-12-18T14:34:24.233+0000] {logging_mixin.py:154} INFO - [2023-12-18T14:34:24.233+0000] {dagbag.py:536} INFO - Filling up the DagBag from /home/airflow/.local/lib/python3.8/site-packages/airflow/example_dags/tutorial_dag.py
[2023-12-18T14:34:24.236+0000] {processor.py:839} INFO - DAG(s) dict_keys(['tutorial_dag']) retrieved from /home/airflow/.local/lib/python3.8/site-packages/airflow/example_dags/tutorial_dag.py
[2023-12-18T14:34:24.248+0000] {logging_mixin.py:154} INFO - [2023-12-18T14:34:24.248+0000] {dag.py:2941} INFO - Sync 1 DAGs
[2023-12-18T14:34:24.256+0000] {logging_mixin.py:154} INFO - [2023-12-18T14:34:24.256+0000] {dag.py:3722} INFO - Setting next_dagrun for tutorial_dag to None, run_after=None
[2023-12-18T14:34:24.288+0000] {processor.py:179} INFO - Processing /home/airflow/.local/lib/python3.8/site-packages/airflow/example_dags/tutorial_dag.py took 0.059 seconds
[2023-12-18T14:34:54.345+0000] {processor.py:157} INFO - Started process (PID=1335) to work on /home/airflow/.local/lib/python3.8/site-packages/airflow/example_dags/tutorial_dag.py
[2023-12-18T14:34:54.345+0000] {processor.py:829} INFO - Processing file /home/airflow/.local/lib/python3.8/site-packages/airflow/example_dags/tutorial_dag.py for tasks to queue
[2023-12-18T14:34:54.347+0000] {logging_mixin.py:154} INFO - [2023-12-18T14:34:54.346+0000] {dagbag.py:536} INFO - Filling up the DagBag from /home/airflow/.local/lib/python3.8/site-packages/airflow/example_dags/tutorial_dag.py
[2023-12-18T14:34:54.350+0000] {processor.py:839} INFO - DAG(s) dict_keys(['tutorial_dag']) retrieved from /home/airflow/.local/lib/python3.8/site-packages/airflow/example_dags/tutorial_dag.py
[2023-12-18T14:34:54.362+0000] {logging_mixin.py:154} INFO - [2023-12-18T14:34:54.361+0000] {dag.py:2941} INFO - Sync 1 DAGs
[2023-12-18T14:34:54.383+0000] {logging_mixin.py:154} INFO - [2023-12-18T14:34:54.383+0000] {dag.py:3722} INFO - Setting next_dagrun for tutorial_dag to None, run_after=None
[2023-12-18T14:34:54.397+0000] {processor.py:179} INFO - Processing /home/airflow/.local/lib/python3.8/site-packages/airflow/example_dags/tutorial_dag.py took 0.054 seconds
[2023-12-18T14:35:24.430+0000] {processor.py:157} INFO - Started process (PID=1404) to work on /home/airflow/.local/lib/python3.8/site-packages/airflow/example_dags/tutorial_dag.py
[2023-12-18T14:35:24.431+0000] {processor.py:829} INFO - Processing file /home/airflow/.local/lib/python3.8/site-packages/airflow/example_dags/tutorial_dag.py for tasks to queue
[2023-12-18T14:35:24.432+0000] {logging_mixin.py:154} INFO - [2023-12-18T14:35:24.432+0000] {dagbag.py:536} INFO - Filling up the DagBag from /home/airflow/.local/lib/python3.8/site-packages/airflow/example_dags/tutorial_dag.py
[2023-12-18T14:35:24.435+0000] {processor.py:839} INFO - DAG(s) dict_keys(['tutorial_dag']) retrieved from /home/airflow/.local/lib/python3.8/site-packages/airflow/example_dags/tutorial_dag.py
[2023-12-18T14:35:24.446+0000] {logging_mixin.py:154} INFO - [2023-12-18T14:35:24.446+0000] {dag.py:2941} INFO - Sync 1 DAGs
[2023-12-18T14:35:24.453+0000] {logging_mixin.py:154} INFO - [2023-12-18T14:35:24.453+0000] {dag.py:3722} INFO - Setting next_dagrun for tutorial_dag to None, run_after=None
[2023-12-18T14:35:24.485+0000] {processor.py:179} INFO - Processing /home/airflow/.local/lib/python3.8/site-packages/airflow/example_dags/tutorial_dag.py took 0.056 seconds
[2023-12-18T14:35:54.524+0000] {processor.py:157} INFO - Started process (PID=1471) to work on /home/airflow/.local/lib/python3.8/site-packages/airflow/example_dags/tutorial_dag.py
[2023-12-18T14:35:54.525+0000] {processor.py:829} INFO - Processing file /home/airflow/.local/lib/python3.8/site-packages/airflow/example_dags/tutorial_dag.py for tasks to queue
[2023-12-18T14:35:54.526+0000] {logging_mixin.py:154} INFO - [2023-12-18T14:35:54.526+0000] {dagbag.py:536} INFO - Filling up the DagBag from /home/airflow/.local/lib/python3.8/site-packages/airflow/example_dags/tutorial_dag.py
[2023-12-18T14:35:54.529+0000] {processor.py:839} INFO - DAG(s) dict_keys(['tutorial_dag']) retrieved from /home/airflow/.local/lib/python3.8/site-packages/airflow/example_dags/tutorial_dag.py
[2023-12-18T14:35:54.542+0000] {logging_mixin.py:154} INFO - [2023-12-18T14:35:54.542+0000] {dag.py:2941} INFO - Sync 1 DAGs
[2023-12-18T14:35:54.550+0000] {logging_mixin.py:154} INFO - [2023-12-18T14:35:54.550+0000] {dag.py:3722} INFO - Setting next_dagrun for tutorial_dag to None, run_after=None
[2023-12-18T14:35:54.560+0000] {processor.py:179} INFO - Processing /home/airflow/.local/lib/python3.8/site-packages/airflow/example_dags/tutorial_dag.py took 0.038 seconds
[2023-12-18T14:36:24.647+0000] {processor.py:157} INFO - Started process (PID=1541) to work on /home/airflow/.local/lib/python3.8/site-packages/airflow/example_dags/tutorial_dag.py
[2023-12-18T14:36:24.648+0000] {processor.py:829} INFO - Processing file /home/airflow/.local/lib/python3.8/site-packages/airflow/example_dags/tutorial_dag.py for tasks to queue
[2023-12-18T14:36:24.649+0000] {logging_mixin.py:154} INFO - [2023-12-18T14:36:24.649+0000] {dagbag.py:536} INFO - Filling up the DagBag from /home/airflow/.local/lib/python3.8/site-packages/airflow/example_dags/tutorial_dag.py
[2023-12-18T14:36:24.652+0000] {processor.py:839} INFO - DAG(s) dict_keys(['tutorial_dag']) retrieved from /home/airflow/.local/lib/python3.8/site-packages/airflow/example_dags/tutorial_dag.py
[2023-12-18T14:36:24.665+0000] {logging_mixin.py:154} INFO - [2023-12-18T14:36:24.664+0000] {dag.py:2941} INFO - Sync 1 DAGs
[2023-12-18T14:36:24.673+0000] {logging_mixin.py:154} INFO - [2023-12-18T14:36:24.672+0000] {dag.py:3722} INFO - Setting next_dagrun for tutorial_dag to None, run_after=None
[2023-12-18T14:36:24.682+0000] {processor.py:179} INFO - Processing /home/airflow/.local/lib/python3.8/site-packages/airflow/example_dags/tutorial_dag.py took 0.037 seconds
[2023-12-18T14:36:54.820+0000] {processor.py:157} INFO - Started process (PID=1609) to work on /home/airflow/.local/lib/python3.8/site-packages/airflow/example_dags/tutorial_dag.py
[2023-12-18T14:36:54.821+0000] {processor.py:829} INFO - Processing file /home/airflow/.local/lib/python3.8/site-packages/airflow/example_dags/tutorial_dag.py for tasks to queue
[2023-12-18T14:36:54.822+0000] {logging_mixin.py:154} INFO - [2023-12-18T14:36:54.822+0000] {dagbag.py:536} INFO - Filling up the DagBag from /home/airflow/.local/lib/python3.8/site-packages/airflow/example_dags/tutorial_dag.py
[2023-12-18T14:36:54.825+0000] {processor.py:839} INFO - DAG(s) dict_keys(['tutorial_dag']) retrieved from /home/airflow/.local/lib/python3.8/site-packages/airflow/example_dags/tutorial_dag.py
[2023-12-18T14:36:54.836+0000] {logging_mixin.py:154} INFO - [2023-12-18T14:36:54.836+0000] {dag.py:2941} INFO - Sync 1 DAGs
[2023-12-18T14:36:54.843+0000] {logging_mixin.py:154} INFO - [2023-12-18T14:36:54.843+0000] {dag.py:3722} INFO - Setting next_dagrun for tutorial_dag to None, run_after=None
[2023-12-18T14:36:54.853+0000] {processor.py:179} INFO - Processing /home/airflow/.local/lib/python3.8/site-packages/airflow/example_dags/tutorial_dag.py took 0.034 seconds
[2023-12-18T14:37:25.765+0000] {processor.py:157} INFO - Started process (PID=1678) to work on /home/airflow/.local/lib/python3.8/site-packages/airflow/example_dags/tutorial_dag.py
[2023-12-18T14:37:25.765+0000] {processor.py:829} INFO - Processing file /home/airflow/.local/lib/python3.8/site-packages/airflow/example_dags/tutorial_dag.py for tasks to queue
[2023-12-18T14:37:25.766+0000] {logging_mixin.py:154} INFO - [2023-12-18T14:37:25.766+0000] {dagbag.py:536} INFO - Filling up the DagBag from /home/airflow/.local/lib/python3.8/site-packages/airflow/example_dags/tutorial_dag.py
[2023-12-18T14:37:25.769+0000] {processor.py:839} INFO - DAG(s) dict_keys(['tutorial_dag']) retrieved from /home/airflow/.local/lib/python3.8/site-packages/airflow/example_dags/tutorial_dag.py
[2023-12-18T14:37:25.781+0000] {logging_mixin.py:154} INFO - [2023-12-18T14:37:25.780+0000] {dag.py:2941} INFO - Sync 1 DAGs
[2023-12-18T14:37:25.788+0000] {logging_mixin.py:154} INFO - [2023-12-18T14:37:25.788+0000] {dag.py:3722} INFO - Setting next_dagrun for tutorial_dag to None, run_after=None
[2023-12-18T14:37:25.797+0000] {processor.py:179} INFO - Processing /home/airflow/.local/lib/python3.8/site-packages/airflow/example_dags/tutorial_dag.py took 0.034 seconds
[2023-12-18T14:37:56.530+0000] {processor.py:157} INFO - Started process (PID=1747) to work on /home/airflow/.local/lib/python3.8/site-packages/airflow/example_dags/tutorial_dag.py
[2023-12-18T14:37:56.531+0000] {processor.py:829} INFO - Processing file /home/airflow/.local/lib/python3.8/site-packages/airflow/example_dags/tutorial_dag.py for tasks to queue
[2023-12-18T14:37:56.532+0000] {logging_mixin.py:154} INFO - [2023-12-18T14:37:56.531+0000] {dagbag.py:536} INFO - Filling up the DagBag from /home/airflow/.local/lib/python3.8/site-packages/airflow/example_dags/tutorial_dag.py
[2023-12-18T14:37:56.534+0000] {processor.py:839} INFO - DAG(s) dict_keys(['tutorial_dag']) retrieved from /home/airflow/.local/lib/python3.8/site-packages/airflow/example_dags/tutorial_dag.py
[2023-12-18T14:37:56.545+0000] {logging_mixin.py:154} INFO - [2023-12-18T14:37:56.545+0000] {dag.py:2941} INFO - Sync 1 DAGs
[2023-12-18T14:37:56.553+0000] {logging_mixin.py:154} INFO - [2023-12-18T14:37:56.552+0000] {dag.py:3722} INFO - Setting next_dagrun for tutorial_dag to None, run_after=None
[2023-12-18T14:37:56.562+0000] {processor.py:179} INFO - Processing /home/airflow/.local/lib/python3.8/site-packages/airflow/example_dags/tutorial_dag.py took 0.033 seconds
[2023-12-18T14:38:27.235+0000] {processor.py:157} INFO - Started process (PID=1816) to work on /home/airflow/.local/lib/python3.8/site-packages/airflow/example_dags/tutorial_dag.py
[2023-12-18T14:38:27.236+0000] {processor.py:829} INFO - Processing file /home/airflow/.local/lib/python3.8/site-packages/airflow/example_dags/tutorial_dag.py for tasks to queue
[2023-12-18T14:38:27.237+0000] {logging_mixin.py:154} INFO - [2023-12-18T14:38:27.237+0000] {dagbag.py:536} INFO - Filling up the DagBag from /home/airflow/.local/lib/python3.8/site-packages/airflow/example_dags/tutorial_dag.py
[2023-12-18T14:38:27.240+0000] {processor.py:839} INFO - DAG(s) dict_keys(['tutorial_dag']) retrieved from /home/airflow/.local/lib/python3.8/site-packages/airflow/example_dags/tutorial_dag.py
[2023-12-18T14:38:27.253+0000] {logging_mixin.py:154} INFO - [2023-12-18T14:38:27.253+0000] {dag.py:2941} INFO - Sync 1 DAGs
[2023-12-18T14:38:27.261+0000] {logging_mixin.py:154} INFO - [2023-12-18T14:38:27.261+0000] {dag.py:3722} INFO - Setting next_dagrun for tutorial_dag to None, run_after=None
[2023-12-18T14:38:27.290+0000] {processor.py:179} INFO - Processing /home/airflow/.local/lib/python3.8/site-packages/airflow/example_dags/tutorial_dag.py took 0.057 seconds
[2023-12-18T14:38:58.151+0000] {processor.py:157} INFO - Started process (PID=1885) to work on /home/airflow/.local/lib/python3.8/site-packages/airflow/example_dags/tutorial_dag.py
[2023-12-18T14:38:58.152+0000] {processor.py:829} INFO - Processing file /home/airflow/.local/lib/python3.8/site-packages/airflow/example_dags/tutorial_dag.py for tasks to queue
[2023-12-18T14:38:58.154+0000] {logging_mixin.py:154} INFO - [2023-12-18T14:38:58.153+0000] {dagbag.py:536} INFO - Filling up the DagBag from /home/airflow/.local/lib/python3.8/site-packages/airflow/example_dags/tutorial_dag.py
[2023-12-18T14:38:58.160+0000] {processor.py:839} INFO - DAG(s) dict_keys(['tutorial_dag']) retrieved from /home/airflow/.local/lib/python3.8/site-packages/airflow/example_dags/tutorial_dag.py
[2023-12-18T14:38:58.178+0000] {logging_mixin.py:154} INFO - [2023-12-18T14:38:58.178+0000] {dag.py:2941} INFO - Sync 1 DAGs
[2023-12-18T14:38:58.189+0000] {logging_mixin.py:154} INFO - [2023-12-18T14:38:58.189+0000] {dag.py:3722} INFO - Setting next_dagrun for tutorial_dag to None, run_after=None
[2023-12-18T14:38:58.212+0000] {processor.py:179} INFO - Processing /home/airflow/.local/lib/python3.8/site-packages/airflow/example_dags/tutorial_dag.py took 0.063 seconds
[2023-12-18T14:39:56.958+0000] {processor.py:157} INFO - Started process (PID=85) to work on /home/airflow/.local/lib/python3.8/site-packages/airflow/example_dags/tutorial_dag.py
[2023-12-18T14:39:56.959+0000] {processor.py:829} INFO - Processing file /home/airflow/.local/lib/python3.8/site-packages/airflow/example_dags/tutorial_dag.py for tasks to queue
[2023-12-18T14:39:56.960+0000] {logging_mixin.py:154} INFO - [2023-12-18T14:39:56.960+0000] {dagbag.py:536} INFO - Filling up the DagBag from /home/airflow/.local/lib/python3.8/site-packages/airflow/example_dags/tutorial_dag.py
[2023-12-18T14:39:56.964+0000] {processor.py:839} INFO - DAG(s) dict_keys(['tutorial_dag']) retrieved from /home/airflow/.local/lib/python3.8/site-packages/airflow/example_dags/tutorial_dag.py
[2023-12-18T14:39:57.006+0000] {logging_mixin.py:154} INFO - [2023-12-18T14:39:57.006+0000] {dag.py:2941} INFO - Sync 1 DAGs
[2023-12-18T14:39:57.032+0000] {logging_mixin.py:154} INFO - [2023-12-18T14:39:57.031+0000] {dag.py:3722} INFO - Setting next_dagrun for tutorial_dag to None, run_after=None
[2023-12-18T14:39:57.100+0000] {processor.py:179} INFO - Processing /home/airflow/.local/lib/python3.8/site-packages/airflow/example_dags/tutorial_dag.py took 0.145 seconds
[2023-12-18T14:40:27.549+0000] {processor.py:157} INFO - Started process (PID=154) to work on /home/airflow/.local/lib/python3.8/site-packages/airflow/example_dags/tutorial_dag.py
[2023-12-18T14:40:27.550+0000] {processor.py:829} INFO - Processing file /home/airflow/.local/lib/python3.8/site-packages/airflow/example_dags/tutorial_dag.py for tasks to queue
[2023-12-18T14:40:27.552+0000] {logging_mixin.py:154} INFO - [2023-12-18T14:40:27.552+0000] {dagbag.py:536} INFO - Filling up the DagBag from /home/airflow/.local/lib/python3.8/site-packages/airflow/example_dags/tutorial_dag.py
[2023-12-18T14:40:27.557+0000] {processor.py:839} INFO - DAG(s) dict_keys(['tutorial_dag']) retrieved from /home/airflow/.local/lib/python3.8/site-packages/airflow/example_dags/tutorial_dag.py
[2023-12-18T14:40:27.589+0000] {logging_mixin.py:154} INFO - [2023-12-18T14:40:27.588+0000] {dag.py:2941} INFO - Sync 1 DAGs
[2023-12-18T14:40:27.602+0000] {logging_mixin.py:154} INFO - [2023-12-18T14:40:27.602+0000] {dag.py:3722} INFO - Setting next_dagrun for tutorial_dag to None, run_after=None
[2023-12-18T14:40:27.623+0000] {processor.py:179} INFO - Processing /home/airflow/.local/lib/python3.8/site-packages/airflow/example_dags/tutorial_dag.py took 0.077 seconds
[2023-12-18T14:40:58.439+0000] {processor.py:157} INFO - Started process (PID=223) to work on /home/airflow/.local/lib/python3.8/site-packages/airflow/example_dags/tutorial_dag.py
[2023-12-18T14:40:58.439+0000] {processor.py:829} INFO - Processing file /home/airflow/.local/lib/python3.8/site-packages/airflow/example_dags/tutorial_dag.py for tasks to queue
[2023-12-18T14:40:58.441+0000] {logging_mixin.py:154} INFO - [2023-12-18T14:40:58.440+0000] {dagbag.py:536} INFO - Filling up the DagBag from /home/airflow/.local/lib/python3.8/site-packages/airflow/example_dags/tutorial_dag.py
[2023-12-18T14:40:58.443+0000] {processor.py:839} INFO - DAG(s) dict_keys(['tutorial_dag']) retrieved from /home/airflow/.local/lib/python3.8/site-packages/airflow/example_dags/tutorial_dag.py
[2023-12-18T14:40:58.455+0000] {logging_mixin.py:154} INFO - [2023-12-18T14:40:58.455+0000] {dag.py:2941} INFO - Sync 1 DAGs
[2023-12-18T14:40:58.463+0000] {logging_mixin.py:154} INFO - [2023-12-18T14:40:58.463+0000] {dag.py:3722} INFO - Setting next_dagrun for tutorial_dag to None, run_after=None
[2023-12-18T14:40:58.493+0000] {processor.py:179} INFO - Processing /home/airflow/.local/lib/python3.8/site-packages/airflow/example_dags/tutorial_dag.py took 0.056 seconds
[2023-12-18T14:41:29.245+0000] {processor.py:157} INFO - Started process (PID=292) to work on /home/airflow/.local/lib/python3.8/site-packages/airflow/example_dags/tutorial_dag.py
[2023-12-18T14:41:29.246+0000] {processor.py:829} INFO - Processing file /home/airflow/.local/lib/python3.8/site-packages/airflow/example_dags/tutorial_dag.py for tasks to queue
[2023-12-18T14:41:29.247+0000] {logging_mixin.py:154} INFO - [2023-12-18T14:41:29.247+0000] {dagbag.py:536} INFO - Filling up the DagBag from /home/airflow/.local/lib/python3.8/site-packages/airflow/example_dags/tutorial_dag.py
[2023-12-18T14:41:29.250+0000] {processor.py:839} INFO - DAG(s) dict_keys(['tutorial_dag']) retrieved from /home/airflow/.local/lib/python3.8/site-packages/airflow/example_dags/tutorial_dag.py
[2023-12-18T14:41:29.262+0000] {logging_mixin.py:154} INFO - [2023-12-18T14:41:29.262+0000] {dag.py:2941} INFO - Sync 1 DAGs
[2023-12-18T14:41:29.283+0000] {logging_mixin.py:154} INFO - [2023-12-18T14:41:29.282+0000] {dag.py:3722} INFO - Setting next_dagrun for tutorial_dag to None, run_after=None
[2023-12-18T14:41:29.295+0000] {processor.py:179} INFO - Processing /home/airflow/.local/lib/python3.8/site-packages/airflow/example_dags/tutorial_dag.py took 0.051 seconds
[2023-12-18T14:41:59.990+0000] {processor.py:157} INFO - Started process (PID=362) to work on /home/airflow/.local/lib/python3.8/site-packages/airflow/example_dags/tutorial_dag.py
[2023-12-18T14:41:59.990+0000] {processor.py:829} INFO - Processing file /home/airflow/.local/lib/python3.8/site-packages/airflow/example_dags/tutorial_dag.py for tasks to queue
[2023-12-18T14:41:59.992+0000] {logging_mixin.py:154} INFO - [2023-12-18T14:41:59.991+0000] {dagbag.py:536} INFO - Filling up the DagBag from /home/airflow/.local/lib/python3.8/site-packages/airflow/example_dags/tutorial_dag.py
[2023-12-18T14:41:59.995+0000] {processor.py:839} INFO - DAG(s) dict_keys(['tutorial_dag']) retrieved from /home/airflow/.local/lib/python3.8/site-packages/airflow/example_dags/tutorial_dag.py
[2023-12-18T14:42:00.008+0000] {logging_mixin.py:154} INFO - [2023-12-18T14:42:00.008+0000] {dag.py:2941} INFO - Sync 1 DAGs
[2023-12-18T14:42:00.016+0000] {logging_mixin.py:154} INFO - [2023-12-18T14:42:00.016+0000] {dag.py:3722} INFO - Setting next_dagrun for tutorial_dag to None, run_after=None
[2023-12-18T14:42:00.031+0000] {processor.py:179} INFO - Processing /home/airflow/.local/lib/python3.8/site-packages/airflow/example_dags/tutorial_dag.py took 0.043 seconds
[2023-12-18T14:42:30.238+0000] {processor.py:157} INFO - Started process (PID=431) to work on /home/airflow/.local/lib/python3.8/site-packages/airflow/example_dags/tutorial_dag.py
[2023-12-18T14:42:30.238+0000] {processor.py:829} INFO - Processing file /home/airflow/.local/lib/python3.8/site-packages/airflow/example_dags/tutorial_dag.py for tasks to queue
[2023-12-18T14:42:30.239+0000] {logging_mixin.py:154} INFO - [2023-12-18T14:42:30.239+0000] {dagbag.py:536} INFO - Filling up the DagBag from /home/airflow/.local/lib/python3.8/site-packages/airflow/example_dags/tutorial_dag.py
[2023-12-18T14:42:30.242+0000] {processor.py:839} INFO - DAG(s) dict_keys(['tutorial_dag']) retrieved from /home/airflow/.local/lib/python3.8/site-packages/airflow/example_dags/tutorial_dag.py
[2023-12-18T14:42:30.256+0000] {logging_mixin.py:154} INFO - [2023-12-18T14:42:30.256+0000] {dag.py:2941} INFO - Sync 1 DAGs
[2023-12-18T14:42:30.264+0000] {logging_mixin.py:154} INFO - [2023-12-18T14:42:30.264+0000] {dag.py:3722} INFO - Setting next_dagrun for tutorial_dag to None, run_after=None
[2023-12-18T14:42:30.275+0000] {processor.py:179} INFO - Processing /home/airflow/.local/lib/python3.8/site-packages/airflow/example_dags/tutorial_dag.py took 0.039 seconds
[2023-12-18T14:43:01.215+0000] {processor.py:157} INFO - Started process (PID=500) to work on /home/airflow/.local/lib/python3.8/site-packages/airflow/example_dags/tutorial_dag.py
[2023-12-18T14:43:01.216+0000] {processor.py:829} INFO - Processing file /home/airflow/.local/lib/python3.8/site-packages/airflow/example_dags/tutorial_dag.py for tasks to queue
[2023-12-18T14:43:01.217+0000] {logging_mixin.py:154} INFO - [2023-12-18T14:43:01.217+0000] {dagbag.py:536} INFO - Filling up the DagBag from /home/airflow/.local/lib/python3.8/site-packages/airflow/example_dags/tutorial_dag.py
[2023-12-18T14:43:01.220+0000] {processor.py:839} INFO - DAG(s) dict_keys(['tutorial_dag']) retrieved from /home/airflow/.local/lib/python3.8/site-packages/airflow/example_dags/tutorial_dag.py
[2023-12-18T14:43:01.232+0000] {logging_mixin.py:154} INFO - [2023-12-18T14:43:01.232+0000] {dag.py:2941} INFO - Sync 1 DAGs
[2023-12-18T14:43:01.240+0000] {logging_mixin.py:154} INFO - [2023-12-18T14:43:01.240+0000] {dag.py:3722} INFO - Setting next_dagrun for tutorial_dag to None, run_after=None
[2023-12-18T14:43:01.252+0000] {processor.py:179} INFO - Processing /home/airflow/.local/lib/python3.8/site-packages/airflow/example_dags/tutorial_dag.py took 0.039 seconds
[2023-12-18T14:44:37.534+0000] {processor.py:157} INFO - Started process (PID=83) to work on /home/airflow/.local/lib/python3.8/site-packages/airflow/example_dags/tutorial_dag.py
[2023-12-18T14:44:37.538+0000] {processor.py:829} INFO - Processing file /home/airflow/.local/lib/python3.8/site-packages/airflow/example_dags/tutorial_dag.py for tasks to queue
[2023-12-18T14:44:37.540+0000] {logging_mixin.py:154} INFO - [2023-12-18T14:44:37.540+0000] {dagbag.py:536} INFO - Filling up the DagBag from /home/airflow/.local/lib/python3.8/site-packages/airflow/example_dags/tutorial_dag.py
[2023-12-18T14:44:37.545+0000] {processor.py:839} INFO - DAG(s) dict_keys(['tutorial_dag']) retrieved from /home/airflow/.local/lib/python3.8/site-packages/airflow/example_dags/tutorial_dag.py
[2023-12-18T14:44:37.576+0000] {logging_mixin.py:154} INFO - [2023-12-18T14:44:37.576+0000] {dag.py:2941} INFO - Sync 1 DAGs
[2023-12-18T14:44:37.606+0000] {logging_mixin.py:154} INFO - [2023-12-18T14:44:37.605+0000] {dag.py:3722} INFO - Setting next_dagrun for tutorial_dag to None, run_after=None
[2023-12-18T14:44:37.687+0000] {processor.py:179} INFO - Processing /home/airflow/.local/lib/python3.8/site-packages/airflow/example_dags/tutorial_dag.py took 0.156 seconds
[2023-12-18T14:45:08.155+0000] {processor.py:157} INFO - Started process (PID=152) to work on /home/airflow/.local/lib/python3.8/site-packages/airflow/example_dags/tutorial_dag.py
[2023-12-18T14:45:08.155+0000] {processor.py:829} INFO - Processing file /home/airflow/.local/lib/python3.8/site-packages/airflow/example_dags/tutorial_dag.py for tasks to queue
[2023-12-18T14:45:08.157+0000] {logging_mixin.py:154} INFO - [2023-12-18T14:45:08.156+0000] {dagbag.py:536} INFO - Filling up the DagBag from /home/airflow/.local/lib/python3.8/site-packages/airflow/example_dags/tutorial_dag.py
[2023-12-18T14:45:08.160+0000] {processor.py:839} INFO - DAG(s) dict_keys(['tutorial_dag']) retrieved from /home/airflow/.local/lib/python3.8/site-packages/airflow/example_dags/tutorial_dag.py
[2023-12-18T14:45:08.197+0000] {logging_mixin.py:154} INFO - [2023-12-18T14:45:08.197+0000] {dag.py:2941} INFO - Sync 1 DAGs
[2023-12-18T14:45:08.209+0000] {logging_mixin.py:154} INFO - [2023-12-18T14:45:08.209+0000] {dag.py:3722} INFO - Setting next_dagrun for tutorial_dag to None, run_after=None
[2023-12-18T14:45:08.223+0000] {processor.py:179} INFO - Processing /home/airflow/.local/lib/python3.8/site-packages/airflow/example_dags/tutorial_dag.py took 0.070 seconds
[2023-12-18T14:45:38.321+0000] {processor.py:157} INFO - Started process (PID=221) to work on /home/airflow/.local/lib/python3.8/site-packages/airflow/example_dags/tutorial_dag.py
[2023-12-18T14:45:38.322+0000] {processor.py:829} INFO - Processing file /home/airflow/.local/lib/python3.8/site-packages/airflow/example_dags/tutorial_dag.py for tasks to queue
[2023-12-18T14:45:38.323+0000] {logging_mixin.py:154} INFO - [2023-12-18T14:45:38.323+0000] {dagbag.py:536} INFO - Filling up the DagBag from /home/airflow/.local/lib/python3.8/site-packages/airflow/example_dags/tutorial_dag.py
[2023-12-18T14:45:38.327+0000] {processor.py:839} INFO - DAG(s) dict_keys(['tutorial_dag']) retrieved from /home/airflow/.local/lib/python3.8/site-packages/airflow/example_dags/tutorial_dag.py
[2023-12-18T14:45:38.340+0000] {logging_mixin.py:154} INFO - [2023-12-18T14:45:38.340+0000] {dag.py:2941} INFO - Sync 1 DAGs
[2023-12-18T14:45:38.347+0000] {logging_mixin.py:154} INFO - [2023-12-18T14:45:38.347+0000] {dag.py:3722} INFO - Setting next_dagrun for tutorial_dag to None, run_after=None
[2023-12-18T14:45:38.358+0000] {processor.py:179} INFO - Processing /home/airflow/.local/lib/python3.8/site-packages/airflow/example_dags/tutorial_dag.py took 0.040 seconds
[2023-12-18T14:46:09.241+0000] {processor.py:157} INFO - Started process (PID=290) to work on /home/airflow/.local/lib/python3.8/site-packages/airflow/example_dags/tutorial_dag.py
[2023-12-18T14:46:09.241+0000] {processor.py:829} INFO - Processing file /home/airflow/.local/lib/python3.8/site-packages/airflow/example_dags/tutorial_dag.py for tasks to queue
[2023-12-18T14:46:09.242+0000] {logging_mixin.py:154} INFO - [2023-12-18T14:46:09.242+0000] {dagbag.py:536} INFO - Filling up the DagBag from /home/airflow/.local/lib/python3.8/site-packages/airflow/example_dags/tutorial_dag.py
[2023-12-18T14:46:09.245+0000] {processor.py:839} INFO - DAG(s) dict_keys(['tutorial_dag']) retrieved from /home/airflow/.local/lib/python3.8/site-packages/airflow/example_dags/tutorial_dag.py
[2023-12-18T14:46:09.258+0000] {logging_mixin.py:154} INFO - [2023-12-18T14:46:09.258+0000] {dag.py:2941} INFO - Sync 1 DAGs
[2023-12-18T14:46:09.266+0000] {logging_mixin.py:154} INFO - [2023-12-18T14:46:09.266+0000] {dag.py:3722} INFO - Setting next_dagrun for tutorial_dag to None, run_after=None
[2023-12-18T14:46:09.291+0000] {processor.py:179} INFO - Processing /home/airflow/.local/lib/python3.8/site-packages/airflow/example_dags/tutorial_dag.py took 0.053 seconds
[2023-12-18T14:46:40.014+0000] {processor.py:157} INFO - Started process (PID=359) to work on /home/airflow/.local/lib/python3.8/site-packages/airflow/example_dags/tutorial_dag.py
[2023-12-18T14:46:40.015+0000] {processor.py:829} INFO - Processing file /home/airflow/.local/lib/python3.8/site-packages/airflow/example_dags/tutorial_dag.py for tasks to queue
[2023-12-18T14:46:40.016+0000] {logging_mixin.py:154} INFO - [2023-12-18T14:46:40.015+0000] {dagbag.py:536} INFO - Filling up the DagBag from /home/airflow/.local/lib/python3.8/site-packages/airflow/example_dags/tutorial_dag.py
[2023-12-18T14:46:40.019+0000] {processor.py:839} INFO - DAG(s) dict_keys(['tutorial_dag']) retrieved from /home/airflow/.local/lib/python3.8/site-packages/airflow/example_dags/tutorial_dag.py
[2023-12-18T14:46:40.031+0000] {logging_mixin.py:154} INFO - [2023-12-18T14:46:40.031+0000] {dag.py:2941} INFO - Sync 1 DAGs
[2023-12-18T14:46:40.038+0000] {logging_mixin.py:154} INFO - [2023-12-18T14:46:40.038+0000] {dag.py:3722} INFO - Setting next_dagrun for tutorial_dag to None, run_after=None
[2023-12-18T14:46:40.050+0000] {processor.py:179} INFO - Processing /home/airflow/.local/lib/python3.8/site-packages/airflow/example_dags/tutorial_dag.py took 0.037 seconds
[2023-12-18T14:47:10.994+0000] {processor.py:157} INFO - Started process (PID=428) to work on /home/airflow/.local/lib/python3.8/site-packages/airflow/example_dags/tutorial_dag.py
[2023-12-18T14:47:10.995+0000] {processor.py:829} INFO - Processing file /home/airflow/.local/lib/python3.8/site-packages/airflow/example_dags/tutorial_dag.py for tasks to queue
[2023-12-18T14:47:10.996+0000] {logging_mixin.py:154} INFO - [2023-12-18T14:47:10.996+0000] {dagbag.py:536} INFO - Filling up the DagBag from /home/airflow/.local/lib/python3.8/site-packages/airflow/example_dags/tutorial_dag.py
[2023-12-18T14:47:10.999+0000] {processor.py:839} INFO - DAG(s) dict_keys(['tutorial_dag']) retrieved from /home/airflow/.local/lib/python3.8/site-packages/airflow/example_dags/tutorial_dag.py
[2023-12-18T14:47:11.011+0000] {logging_mixin.py:154} INFO - [2023-12-18T14:47:11.011+0000] {dag.py:2941} INFO - Sync 1 DAGs
[2023-12-18T14:47:11.018+0000] {logging_mixin.py:154} INFO - [2023-12-18T14:47:11.018+0000] {dag.py:3722} INFO - Setting next_dagrun for tutorial_dag to None, run_after=None
[2023-12-18T14:47:11.028+0000] {processor.py:179} INFO - Processing /home/airflow/.local/lib/python3.8/site-packages/airflow/example_dags/tutorial_dag.py took 0.036 seconds
[2023-12-18T14:47:41.205+0000] {processor.py:157} INFO - Started process (PID=497) to work on /home/airflow/.local/lib/python3.8/site-packages/airflow/example_dags/tutorial_dag.py
[2023-12-18T14:47:41.205+0000] {processor.py:829} INFO - Processing file /home/airflow/.local/lib/python3.8/site-packages/airflow/example_dags/tutorial_dag.py for tasks to queue
[2023-12-18T14:47:41.206+0000] {logging_mixin.py:154} INFO - [2023-12-18T14:47:41.206+0000] {dagbag.py:536} INFO - Filling up the DagBag from /home/airflow/.local/lib/python3.8/site-packages/airflow/example_dags/tutorial_dag.py
[2023-12-18T14:47:41.209+0000] {processor.py:839} INFO - DAG(s) dict_keys(['tutorial_dag']) retrieved from /home/airflow/.local/lib/python3.8/site-packages/airflow/example_dags/tutorial_dag.py
[2023-12-18T14:47:41.220+0000] {logging_mixin.py:154} INFO - [2023-12-18T14:47:41.220+0000] {dag.py:2941} INFO - Sync 1 DAGs
[2023-12-18T14:47:41.228+0000] {logging_mixin.py:154} INFO - [2023-12-18T14:47:41.227+0000] {dag.py:3722} INFO - Setting next_dagrun for tutorial_dag to None, run_after=None
[2023-12-18T14:47:41.238+0000] {processor.py:179} INFO - Processing /home/airflow/.local/lib/python3.8/site-packages/airflow/example_dags/tutorial_dag.py took 0.035 seconds
[2023-12-18T14:48:11.407+0000] {processor.py:157} INFO - Started process (PID=567) to work on /home/airflow/.local/lib/python3.8/site-packages/airflow/example_dags/tutorial_dag.py
[2023-12-18T14:48:11.407+0000] {processor.py:829} INFO - Processing file /home/airflow/.local/lib/python3.8/site-packages/airflow/example_dags/tutorial_dag.py for tasks to queue
[2023-12-18T14:48:11.409+0000] {logging_mixin.py:154} INFO - [2023-12-18T14:48:11.409+0000] {dagbag.py:536} INFO - Filling up the DagBag from /home/airflow/.local/lib/python3.8/site-packages/airflow/example_dags/tutorial_dag.py
[2023-12-18T14:48:11.412+0000] {processor.py:839} INFO - DAG(s) dict_keys(['tutorial_dag']) retrieved from /home/airflow/.local/lib/python3.8/site-packages/airflow/example_dags/tutorial_dag.py
[2023-12-18T14:48:11.424+0000] {logging_mixin.py:154} INFO - [2023-12-18T14:48:11.424+0000] {dag.py:2941} INFO - Sync 1 DAGs
[2023-12-18T14:48:11.432+0000] {logging_mixin.py:154} INFO - [2023-12-18T14:48:11.432+0000] {dag.py:3722} INFO - Setting next_dagrun for tutorial_dag to None, run_after=None
[2023-12-18T14:48:11.444+0000] {processor.py:179} INFO - Processing /home/airflow/.local/lib/python3.8/site-packages/airflow/example_dags/tutorial_dag.py took 0.039 seconds
[2023-12-18T14:48:42.344+0000] {processor.py:157} INFO - Started process (PID=637) to work on /home/airflow/.local/lib/python3.8/site-packages/airflow/example_dags/tutorial_dag.py
[2023-12-18T14:48:42.344+0000] {processor.py:829} INFO - Processing file /home/airflow/.local/lib/python3.8/site-packages/airflow/example_dags/tutorial_dag.py for tasks to queue
[2023-12-18T14:48:42.346+0000] {logging_mixin.py:154} INFO - [2023-12-18T14:48:42.346+0000] {dagbag.py:536} INFO - Filling up the DagBag from /home/airflow/.local/lib/python3.8/site-packages/airflow/example_dags/tutorial_dag.py
[2023-12-18T14:48:42.351+0000] {processor.py:839} INFO - DAG(s) dict_keys(['tutorial_dag']) retrieved from /home/airflow/.local/lib/python3.8/site-packages/airflow/example_dags/tutorial_dag.py
[2023-12-18T14:48:42.387+0000] {logging_mixin.py:154} INFO - [2023-12-18T14:48:42.387+0000] {dag.py:2941} INFO - Sync 1 DAGs
[2023-12-18T14:48:42.395+0000] {logging_mixin.py:154} INFO - [2023-12-18T14:48:42.395+0000] {dag.py:3722} INFO - Setting next_dagrun for tutorial_dag to None, run_after=None
[2023-12-18T14:48:42.405+0000] {processor.py:179} INFO - Processing /home/airflow/.local/lib/python3.8/site-packages/airflow/example_dags/tutorial_dag.py took 0.064 seconds
[2023-12-18T14:52:09.845+0000] {processor.py:157} INFO - Started process (PID=84) to work on /home/airflow/.local/lib/python3.8/site-packages/airflow/example_dags/tutorial_dag.py
[2023-12-18T14:52:09.845+0000] {processor.py:829} INFO - Processing file /home/airflow/.local/lib/python3.8/site-packages/airflow/example_dags/tutorial_dag.py for tasks to queue
[2023-12-18T14:52:09.847+0000] {logging_mixin.py:154} INFO - [2023-12-18T14:52:09.846+0000] {dagbag.py:536} INFO - Filling up the DagBag from /home/airflow/.local/lib/python3.8/site-packages/airflow/example_dags/tutorial_dag.py
[2023-12-18T14:52:09.850+0000] {processor.py:839} INFO - DAG(s) dict_keys(['tutorial_dag']) retrieved from /home/airflow/.local/lib/python3.8/site-packages/airflow/example_dags/tutorial_dag.py
[2023-12-18T14:52:09.859+0000] {logging_mixin.py:154} INFO - [2023-12-18T14:52:09.859+0000] {dag.py:2941} INFO - Sync 1 DAGs
[2023-12-18T14:52:09.872+0000] {logging_mixin.py:154} INFO - [2023-12-18T14:52:09.871+0000] {dag.py:3722} INFO - Setting next_dagrun for tutorial_dag to None, run_after=None
[2023-12-18T14:52:09.909+0000] {processor.py:179} INFO - Processing /home/airflow/.local/lib/python3.8/site-packages/airflow/example_dags/tutorial_dag.py took 0.068 seconds
[2023-12-18T14:52:40.559+0000] {processor.py:157} INFO - Started process (PID=153) to work on /home/airflow/.local/lib/python3.8/site-packages/airflow/example_dags/tutorial_dag.py
[2023-12-18T14:52:40.560+0000] {processor.py:829} INFO - Processing file /home/airflow/.local/lib/python3.8/site-packages/airflow/example_dags/tutorial_dag.py for tasks to queue
[2023-12-18T14:52:40.561+0000] {logging_mixin.py:154} INFO - [2023-12-18T14:52:40.561+0000] {dagbag.py:536} INFO - Filling up the DagBag from /home/airflow/.local/lib/python3.8/site-packages/airflow/example_dags/tutorial_dag.py
[2023-12-18T14:52:40.564+0000] {processor.py:839} INFO - DAG(s) dict_keys(['tutorial_dag']) retrieved from /home/airflow/.local/lib/python3.8/site-packages/airflow/example_dags/tutorial_dag.py
[2023-12-18T14:52:40.579+0000] {logging_mixin.py:154} INFO - [2023-12-18T14:52:40.579+0000] {dag.py:2941} INFO - Sync 1 DAGs
[2023-12-18T14:52:40.588+0000] {logging_mixin.py:154} INFO - [2023-12-18T14:52:40.588+0000] {dag.py:3722} INFO - Setting next_dagrun for tutorial_dag to None, run_after=None
[2023-12-18T14:52:40.603+0000] {processor.py:179} INFO - Processing /home/airflow/.local/lib/python3.8/site-packages/airflow/example_dags/tutorial_dag.py took 0.046 seconds
[2023-12-18T14:53:11.482+0000] {processor.py:157} INFO - Started process (PID=223) to work on /home/airflow/.local/lib/python3.8/site-packages/airflow/example_dags/tutorial_dag.py
[2023-12-18T14:53:11.483+0000] {processor.py:829} INFO - Processing file /home/airflow/.local/lib/python3.8/site-packages/airflow/example_dags/tutorial_dag.py for tasks to queue
[2023-12-18T14:53:11.484+0000] {logging_mixin.py:154} INFO - [2023-12-18T14:53:11.484+0000] {dagbag.py:536} INFO - Filling up the DagBag from /home/airflow/.local/lib/python3.8/site-packages/airflow/example_dags/tutorial_dag.py
[2023-12-18T14:53:11.487+0000] {processor.py:839} INFO - DAG(s) dict_keys(['tutorial_dag']) retrieved from /home/airflow/.local/lib/python3.8/site-packages/airflow/example_dags/tutorial_dag.py
[2023-12-18T14:53:11.500+0000] {logging_mixin.py:154} INFO - [2023-12-18T14:53:11.500+0000] {dag.py:2941} INFO - Sync 1 DAGs
[2023-12-18T14:53:11.507+0000] {logging_mixin.py:154} INFO - [2023-12-18T14:53:11.507+0000] {dag.py:3722} INFO - Setting next_dagrun for tutorial_dag to None, run_after=None
[2023-12-18T14:53:11.518+0000] {processor.py:179} INFO - Processing /home/airflow/.local/lib/python3.8/site-packages/airflow/example_dags/tutorial_dag.py took 0.038 seconds
[2023-12-18T14:53:42.238+0000] {processor.py:157} INFO - Started process (PID=292) to work on /home/airflow/.local/lib/python3.8/site-packages/airflow/example_dags/tutorial_dag.py
[2023-12-18T14:53:42.239+0000] {processor.py:829} INFO - Processing file /home/airflow/.local/lib/python3.8/site-packages/airflow/example_dags/tutorial_dag.py for tasks to queue
[2023-12-18T14:53:42.240+0000] {logging_mixin.py:154} INFO - [2023-12-18T14:53:42.240+0000] {dagbag.py:536} INFO - Filling up the DagBag from /home/airflow/.local/lib/python3.8/site-packages/airflow/example_dags/tutorial_dag.py
[2023-12-18T14:53:42.243+0000] {processor.py:839} INFO - DAG(s) dict_keys(['tutorial_dag']) retrieved from /home/airflow/.local/lib/python3.8/site-packages/airflow/example_dags/tutorial_dag.py
[2023-12-18T14:53:42.256+0000] {logging_mixin.py:154} INFO - [2023-12-18T14:53:42.256+0000] {dag.py:2941} INFO - Sync 1 DAGs
[2023-12-18T14:53:42.290+0000] {logging_mixin.py:154} INFO - [2023-12-18T14:53:42.290+0000] {dag.py:3722} INFO - Setting next_dagrun for tutorial_dag to None, run_after=None
[2023-12-18T14:53:42.306+0000] {processor.py:179} INFO - Processing /home/airflow/.local/lib/python3.8/site-packages/airflow/example_dags/tutorial_dag.py took 0.070 seconds
