[2021-06-30 14:01:07,060] {taskinstance.py:876} INFO - Dependencies all met for <TaskInstance: example_bash_operator.runme_2 2021-06-30T14:00:44.014126+00:00 [queued]>
[2021-06-30 14:01:07,095] {taskinstance.py:876} INFO - Dependencies all met for <TaskInstance: example_bash_operator.runme_2 2021-06-30T14:00:44.014126+00:00 [queued]>
[2021-06-30 14:01:07,095] {taskinstance.py:1067} INFO - 
--------------------------------------------------------------------------------
[2021-06-30 14:01:07,095] {taskinstance.py:1068} INFO - Starting attempt 1 of 1
[2021-06-30 14:01:07,098] {taskinstance.py:1069} INFO - 
--------------------------------------------------------------------------------
[2021-06-30 14:01:07,143] {taskinstance.py:1087} INFO - Executing <Task(BashOperator): runme_2> on 2021-06-30T14:00:44.014126+00:00
[2021-06-30 14:01:07,152] {standard_task_runner.py:52} INFO - Started process 1352 to run task
[2021-06-30 14:01:07,157] {standard_task_runner.py:76} INFO - Running: ['***', 'tasks', 'run', 'example_bash_operator', 'runme_2', '2021-06-30T14:00:44.014126+00:00', '--job-id', '6', '--pool', 'default_pool', '--raw', '--subdir', '/home/***/.local/lib/python3.6/site-packages/***/example_dags/example_bash_operator.py', '--cfg-path', '/tmp/tmpp50mu44r', '--error-file', '/tmp/tmpoe0zse1u']
[2021-06-30 14:01:07,158] {standard_task_runner.py:77} INFO - Job 6: Subtask runme_2
[2021-06-30 14:01:07,296] {logging_mixin.py:104} INFO - Running <TaskInstance: example_bash_operator.runme_2 2021-06-30T14:00:44.014126+00:00 [running]> on host fe3a94e29d4f
[2021-06-30 14:01:07,590] {taskinstance.py:1282} INFO - Exporting the following env vars:
AIRFLOW_CTX_DAG_OWNER=***
AIRFLOW_CTX_DAG_ID=example_bash_operator
AIRFLOW_CTX_TASK_ID=runme_2
AIRFLOW_CTX_EXECUTION_DATE=2021-06-30T14:00:44.014126+00:00
AIRFLOW_CTX_DAG_RUN_ID=manual__2021-06-30T14:00:44.014126+00:00
[2021-06-30 14:01:07,591] {subprocess.py:52} INFO - Tmp dir root location: 
 /tmp
[2021-06-30 14:01:07,594] {subprocess.py:63} INFO - Running command: ['bash', '-c', 'echo "example_bash_operator__runme_2__20210630" && sleep 1']
[2021-06-30 14:01:07,609] {subprocess.py:75} INFO - Output:
[2021-06-30 14:01:07,612] {subprocess.py:79} INFO - example_bash_operator__runme_2__20210630
[2021-06-30 14:01:08,615] {subprocess.py:83} INFO - Command exited with return code 0
[2021-06-30 14:01:08,661] {taskinstance.py:1191} INFO - Marking task as SUCCESS. dag_id=example_bash_operator, task_id=runme_2, execution_date=20210630T140044, start_date=20210630T140107, end_date=20210630T140108
[2021-06-30 14:01:08,715] {taskinstance.py:1245} INFO - 1 downstream tasks scheduled from follow-on schedule check
[2021-06-30 14:01:08,746] {local_task_job.py:151} INFO - Task exited with return code 0
