[2021-06-30 14:01:07,008] {taskinstance.py:876} INFO - Dependencies all met for <TaskInstance: example_bash_operator.also_run_this 2021-06-30T14:00:44.014126+00:00 [queued]>
[2021-06-30 14:01:07,049] {taskinstance.py:876} INFO - Dependencies all met for <TaskInstance: example_bash_operator.also_run_this 2021-06-30T14:00:44.014126+00:00 [queued]>
[2021-06-30 14:01:07,049] {taskinstance.py:1067} INFO - 
--------------------------------------------------------------------------------
[2021-06-30 14:01:07,049] {taskinstance.py:1068} INFO - Starting attempt 1 of 1
[2021-06-30 14:01:07,053] {taskinstance.py:1069} INFO - 
--------------------------------------------------------------------------------
[2021-06-30 14:01:07,087] {taskinstance.py:1087} INFO - Executing <Task(BashOperator): also_run_this> on 2021-06-30T14:00:44.014126+00:00
[2021-06-30 14:01:07,103] {standard_task_runner.py:52} INFO - Started process 1348 to run task
[2021-06-30 14:01:07,123] {standard_task_runner.py:76} INFO - Running: ['***', 'tasks', 'run', 'example_bash_operator', 'also_run_this', '2021-06-30T14:00:44.014126+00:00', '--job-id', '3', '--pool', 'default_pool', '--raw', '--subdir', '/home/***/.local/lib/python3.6/site-packages/***/example_dags/example_bash_operator.py', '--cfg-path', '/tmp/tmp7e21_jc2', '--error-file', '/tmp/tmpzrp1dqum']
[2021-06-30 14:01:07,124] {standard_task_runner.py:77} INFO - Job 3: Subtask also_run_this
[2021-06-30 14:01:07,243] {logging_mixin.py:104} INFO - Running <TaskInstance: example_bash_operator.also_run_this 2021-06-30T14:00:44.014126+00:00 [running]> on host fe3a94e29d4f
[2021-06-30 14:01:07,433] {taskinstance.py:1282} INFO - Exporting the following env vars:
AIRFLOW_CTX_DAG_OWNER=***
AIRFLOW_CTX_DAG_ID=example_bash_operator
AIRFLOW_CTX_TASK_ID=also_run_this
AIRFLOW_CTX_EXECUTION_DATE=2021-06-30T14:00:44.014126+00:00
AIRFLOW_CTX_DAG_RUN_ID=manual__2021-06-30T14:00:44.014126+00:00
[2021-06-30 14:01:07,435] {subprocess.py:52} INFO - Tmp dir root location: 
 /tmp
[2021-06-30 14:01:07,438] {subprocess.py:63} INFO - Running command: ['bash', '-c', 'echo "run_id=manual__2021-06-30T14:00:44.014126+00:00 | dag_run=<DagRun example_bash_operator @ 2021-06-30 14:00:44.014126+00:00: manual__2021-06-30T14:00:44.014126+00:00, externally triggered: True>"']
[2021-06-30 14:01:07,476] {subprocess.py:75} INFO - Output:
[2021-06-30 14:01:07,481] {subprocess.py:79} INFO - run_id=manual__2021-06-30T14:00:44.014126+00:00 | dag_run=<DagRun example_bash_operator @ 2021-06-30 14:00:44.014126+00:00: manual__2021-06-30T14:00:44.014126+00:00, externally triggered: True>
[2021-06-30 14:01:07,482] {subprocess.py:83} INFO - Command exited with return code 0
[2021-06-30 14:01:07,551] {taskinstance.py:1191} INFO - Marking task as SUCCESS. dag_id=example_bash_operator, task_id=also_run_this, execution_date=20210630T140044, start_date=20210630T140107, end_date=20210630T140107
[2021-06-30 14:01:07,623] {taskinstance.py:1245} INFO - 0 downstream tasks scheduled from follow-on schedule check
[2021-06-30 14:01:07,672] {local_task_job.py:151} INFO - Task exited with return code 0
