[2021-06-30 14:01:08,253] {taskinstance.py:876} INFO - Dependencies all met for <TaskInstance: example_bash_operator.this_will_skip 2021-06-29T00:00:00+00:00 [queued]>
[2021-06-30 14:01:08,272] {taskinstance.py:876} INFO - Dependencies all met for <TaskInstance: example_bash_operator.this_will_skip 2021-06-29T00:00:00+00:00 [queued]>
[2021-06-30 14:01:08,273] {taskinstance.py:1067} INFO - 
--------------------------------------------------------------------------------
[2021-06-30 14:01:08,273] {taskinstance.py:1068} INFO - Starting attempt 1 of 1
[2021-06-30 14:01:08,277] {taskinstance.py:1069} INFO - 
--------------------------------------------------------------------------------
[2021-06-30 14:01:08,295] {taskinstance.py:1087} INFO - Executing <Task(BashOperator): this_will_skip> on 2021-06-29T00:00:00+00:00
[2021-06-30 14:01:08,305] {standard_task_runner.py:52} INFO - Started process 1377 to run task
[2021-06-30 14:01:08,310] {standard_task_runner.py:76} INFO - Running: ['***', 'tasks', 'run', 'example_bash_operator', 'this_will_skip', '2021-06-29T00:00:00+00:00', '--job-id', '15', '--pool', 'default_pool', '--raw', '--subdir', '/home/***/.local/lib/python3.6/site-packages/***/example_dags/example_bash_operator.py', '--cfg-path', '/tmp/tmpd059fpjc', '--error-file', '/tmp/tmphl84xror']
[2021-06-30 14:01:08,311] {standard_task_runner.py:77} INFO - Job 15: Subtask this_will_skip
[2021-06-30 14:01:08,392] {logging_mixin.py:104} INFO - Running <TaskInstance: example_bash_operator.this_will_skip 2021-06-29T00:00:00+00:00 [running]> on host fe3a94e29d4f
[2021-06-30 14:01:08,493] {taskinstance.py:1282} INFO - Exporting the following env vars:
AIRFLOW_CTX_DAG_OWNER=***
AIRFLOW_CTX_DAG_ID=example_bash_operator
AIRFLOW_CTX_TASK_ID=this_will_skip
AIRFLOW_CTX_EXECUTION_DATE=2021-06-29T00:00:00+00:00
AIRFLOW_CTX_DAG_RUN_ID=scheduled__2021-06-29T00:00:00+00:00
[2021-06-30 14:01:08,497] {subprocess.py:52} INFO - Tmp dir root location: 
 /tmp
[2021-06-30 14:01:08,499] {subprocess.py:63} INFO - Running command: ['bash', '-c', 'echo "hello world"; exit 99;']
[2021-06-30 14:01:08,516] {subprocess.py:75} INFO - Output:
[2021-06-30 14:01:08,518] {subprocess.py:79} INFO - hello world
[2021-06-30 14:01:08,518] {subprocess.py:83} INFO - Command exited with return code 99
[2021-06-30 14:01:08,519] {taskinstance.py:1147} INFO - Bash command returned exit code 99. Skipping.
[2021-06-30 14:01:08,538] {taskinstance.py:1157} INFO - Marking task as SKIPPED. dag_id=example_bash_operator, task_id=this_will_skip, execution_date=20210629T000000, start_date=20210630T140108, end_date=
[2021-06-30 14:01:08,539] {taskinstance.py:1191} INFO - Marking task as SUCCESS. dag_id=example_bash_operator, task_id=this_will_skip, execution_date=20210629T000000, start_date=20210630T140108, end_date=20210630T140108
[2021-06-30 14:01:08,585] {taskinstance.py:1245} INFO - 0 downstream tasks scheduled from follow-on schedule check
[2021-06-30 14:01:08,613] {local_task_job.py:151} INFO - Task exited with return code 0
