[2021-06-30 14:01:08,199] {taskinstance.py:876} INFO - Dependencies all met for <TaskInstance: example_bash_operator.runme_0 2021-06-29T00:00:00+00:00 [queued]>
[2021-06-30 14:01:08,222] {taskinstance.py:876} INFO - Dependencies all met for <TaskInstance: example_bash_operator.runme_0 2021-06-29T00:00:00+00:00 [queued]>
[2021-06-30 14:01:08,222] {taskinstance.py:1067} INFO - 
--------------------------------------------------------------------------------
[2021-06-30 14:01:08,222] {taskinstance.py:1068} INFO - Starting attempt 1 of 1
[2021-06-30 14:01:08,234] {taskinstance.py:1069} INFO - 
--------------------------------------------------------------------------------
[2021-06-30 14:01:08,256] {taskinstance.py:1087} INFO - Executing <Task(BashOperator): runme_0> on 2021-06-29T00:00:00+00:00
[2021-06-30 14:01:08,267] {standard_task_runner.py:52} INFO - Started process 1376 to run task
[2021-06-30 14:01:08,273] {standard_task_runner.py:76} INFO - Running: ['***', 'tasks', 'run', 'example_bash_operator', 'runme_0', '2021-06-29T00:00:00+00:00', '--job-id', '13', '--pool', 'default_pool', '--raw', '--subdir', '/home/***/.local/lib/python3.6/site-packages/***/example_dags/example_bash_operator.py', '--cfg-path', '/tmp/tmpy3x727ne', '--error-file', '/tmp/tmpfcif0a0j']
[2021-06-30 14:01:08,274] {standard_task_runner.py:77} INFO - Job 13: Subtask runme_0
[2021-06-30 14:01:08,341] {logging_mixin.py:104} INFO - Running <TaskInstance: example_bash_operator.runme_0 2021-06-29T00:00:00+00:00 [running]> on host fe3a94e29d4f
[2021-06-30 14:01:08,435] {taskinstance.py:1282} INFO - Exporting the following env vars:
AIRFLOW_CTX_DAG_OWNER=***
AIRFLOW_CTX_DAG_ID=example_bash_operator
AIRFLOW_CTX_TASK_ID=runme_0
AIRFLOW_CTX_EXECUTION_DATE=2021-06-29T00:00:00+00:00
AIRFLOW_CTX_DAG_RUN_ID=scheduled__2021-06-29T00:00:00+00:00
[2021-06-30 14:01:08,437] {subprocess.py:52} INFO - Tmp dir root location: 
 /tmp
[2021-06-30 14:01:08,437] {subprocess.py:63} INFO - Running command: ['bash', '-c', 'echo "example_bash_operator__runme_0__20210629" && sleep 1']
[2021-06-30 14:01:08,457] {subprocess.py:75} INFO - Output:
[2021-06-30 14:01:08,459] {subprocess.py:79} INFO - example_bash_operator__runme_0__20210629
[2021-06-30 14:01:09,461] {subprocess.py:83} INFO - Command exited with return code 0
[2021-06-30 14:01:09,499] {taskinstance.py:1191} INFO - Marking task as SUCCESS. dag_id=example_bash_operator, task_id=runme_0, execution_date=20210629T000000, start_date=20210630T140108, end_date=20210630T140109
[2021-06-30 14:01:09,544] {taskinstance.py:1245} INFO - 0 downstream tasks scheduled from follow-on schedule check
[2021-06-30 14:01:09,570] {local_task_job.py:151} INFO - Task exited with return code 0
